12
21
1
1
1
1
1
1
1
1
1
1
1
1
4 0 7 (-4097.000000 4096.000000 31.000000) (-4097.000000 4097.000000 31.000000) (4096.000000 4097.000000 31.000000) (4096.000000 4096.000000 31.000000) 
4 0 6 (4096.000000 4097.000000 31.000000) (4097.000000 4097.000000 31.000000) (4097.000000 4096.000000 31.000000) (4096.000000 4096.000000 31.000000) 
4 0 2 (4096.000000 4096.000000 4096.000000) (4096.000000 4096.000000 4097.000000) (-4096.000000 4096.000000 4097.000000) (-4096.000000 4096.000000 4096.000000) 
4 0 4 (-4097.000000 4096.000000 31.000000) (-4096.000000 4096.000000 31.000000) (-4096.000000 4096.000000 4097.000000) (-4097.000000 4096.000000 4097.000000) 
4 0 1 (4096.000000 4096.000000 31.000000) (4097.000000 4096.000000 31.000000) (4097.000000 4096.000000 4097.000000) (4096.000000 4096.000000 4097.000000) 
4 1 6 (4096.000000 4096.000000 31.000000) (4097.000000 4096.000000 31.000000) (4097.000000 -4096.000000 31.000000) (4096.000000 -4096.000000 31.000000) 
4 1 5 (4096.000000 -4096.000000 31.000000) (4097.000000 -4096.000000 31.000000) (4097.000000 -4096.000000 4097.000000) (4096.000000 -4096.000000 4097.000000) 
4 1 2 (4096.000000 -4096.000000 4096.000000) (4096.000000 -4096.000000 4097.000000) (4096.000000 4096.000000 4097.000000) (4096.000000 4096.000000 4096.000000) 
4 2 5 (4096.000000 -4096.000000 4096.000000) (4096.000000 -4096.000000 4097.000000) (-4096.000000 -4096.000000 4097.000000) (-4096.000000 -4096.000000 4096.000000) 
4 2 4 (-4096.000000 4096.000000 4097.000000) (-4096.000000 4096.000000 4096.000000) (-4096.000000 -4096.000000 4096.000000) (-4096.000000 -4096.000000 4097.000000) 
4 4 9 (-4097.000000 -4096.000000 31.000000) (-4097.000000 4096.000000 31.000000) (-4096.000000 4096.000000 31.000000) (-4096.000000 -4096.000000 31.000000) 
4 4 5 (-4097.000000 -4096.000000 4097.000000) (-4097.000000 -4096.000000 31.000000) (-4096.000000 -4096.000000 31.000000) (-4096.000000 -4096.000000 4097.000000) 
4 5 11 (-4097.000000 -4097.000000 31.000000) (-4097.000000 -4096.000000 31.000000) (4097.000000 -4096.000000 31.000000) (4097.000000 -4097.000000 31.000000) 
4 6 11 (4096.000000 -4096.000000 -4096.000000) (4097.000000 -4096.000000 -4096.000000) (4097.000000 -4096.000000 31.000000) (4096.000000 -4096.000000 31.000000) 
4 6 7 (4096.000000 4097.000000 31.000000) (4096.000000 4097.000000 -4096.000000) (4096.000000 4096.000000 -4096.000000) (4096.000000 4096.000000 31.000000) 
4 6 10 (4096.000000 4097.000000 -4096.000000) (4097.000000 4097.000000 -4096.000000) (4097.000000 -4096.000000 -4096.000000) (4096.000000 -4096.000000 -4096.000000) 
4 7 9 (-4097.000000 4096.000000 -4096.000000) (-4096.000000 4096.000000 -4096.000000) (-4096.000000 4096.000000 31.000000) (-4097.000000 4096.000000 31.000000) 
4 7 10 (-4097.000000 4096.000000 -4096.000000) (-4097.000000 4097.000000 -4096.000000) (4096.000000 4097.000000 -4096.000000) (4096.000000 4096.000000 -4096.000000) 
4 9 11 (-4097.000000 -4096.000000 31.000000) (-4097.000000 -4096.000000 -4096.000000) (-4096.000000 -4096.000000 -4096.000000) (-4096.000000 -4096.000000 31.000000) 
4 9 10 (-4097.000000 -4096.000000 -4096.000000) (-4097.000000 4096.000000 -4096.000000) (-4096.000000 4096.000000 -4096.000000) (-4096.000000 -4096.000000 -4096.000000) 
4 10 11 (-4097.000000 -4096.000000 -4096.000000) (-4097.000000 -4096.000000 -4097.000000) (4097.000000 -4096.000000 -4097.000000) (4097.000000 -4096.000000 -4096.000000) 
