L 01/04/2025 - 23:14:24: Log file started (file "logs/L0104002.log") (game "valve") (version "48/1.1.2.2/Stdio/3897")
L 01/04/2025 - 23:14:24: Loading map "d1_trainstation_02"
L 01/04/2025 - 23:14:24: Server cvar "mp_soundvariety" = "0"
L 01/04/2025 - 23:14:24: Server cvar "mp_soundvariety" = "1"
L 01/04/2025 - 23:14:24: [META] (debug:3) user message registered again: name=VoiceMask, msgid=64
L 01/04/2025 - 23:14:24: [META] (debug:3) user message registered again: name=ReqState, msgid=65
L 01/04/2025 - 23:14:24: [META] ERROR: Couldn't find game entity 'env_model' in game DLL 'valve': /home/glitch/.steam/debian-installation/steamapps/common/hlds/valve/dlls/server.so: undefined symbol: env_model
L 01/04/2025 - 23:14:24: [META] ERROR: Couldn't find game entity 'motion_manager' in game DLL 'valve': /home/glitch/.steam/debian-installation/steamapps/common/hlds/valve/dlls/server.so: undefined symbol: motion_manager
L 01/04/2025 - 23:14:24: [META] (debug:3) Calling amxmodx_mm_i386.so:ServerActivate()
L 01/04/2025 - 23:14:24: [META] (debug:3) Calling engine_amxx_i386.so:ServerActivate()
L 01/04/2025 - 23:14:24: [META] (debug:3) Calling fakemeta_amxx_i386.so:ServerActivate()
L 01/04/2025 - 23:14:24: [META] (debug:3) Calling server.so:ServerActivate()
L 01/04/2025 - 23:14:24: Server cvar "mp_nextmap" = "d1_town_01"
L 01/04/2025 - 23:14:24: [META] (debug:3) Calling amxmodx_mm_i386.so:ServerActivate_Post()
L 01/04/2025 - 23:14:24: Enemy stats: 0k health, 0 npcs
L 01/04/2025 - 23:14:24: Started map "d1_trainstation_02" (CRC "652026196")
L 01/04/2025 - 23:14:27: \bot3\BOT\ connected from address 127.0.0.1
L 01/04/2025 - 23:14:27: \bot3\BOT\ entered the game as ld_gordon(187,217)
L 01/04/2025 - 23:14:27: \bot2\BOT\ connected from address 127.0.0.1
L 01/04/2025 - 23:14:27: \bot2\BOT\ entered the game as ld_gordon(8,224)
L 01/04/2025 - 23:14:28: \bot1\BOT\ connected from address 127.0.0.1
L 01/04/2025 - 23:14:28: \bot1\BOT\ entered the game as ld_gordon(224,194)
L 01/04/2025 - 23:14:30: [META] (debug:3) Calling engine_amxx_i386.so:ClientConnect()
L 01/04/2025 - 23:14:30: [META] (debug:3) Calling fun_amxx_i386.so:ClientConnect()
L 01/04/2025 - 23:14:30: [META] (debug:3) Calling server.so:ClientConnect()
L 01/04/2025 - 23:14:30: \koolaid\STEAM_0:1:541489370\ connected from address 97.115.239.149:46601
L 01/04/2025 - 23:14:30: [META] (debug:3) Calling amxmodx_mm_i386.so:ClientConnect_Post()
L 01/04/2025 - 23:14:31: "koolaid<4><STEAM_0:1:541489370><>" STEAM USERID validated
L 01/04/2025 - 23:14:33: Dropped koolaid from server
L 01/04/2025 - 23:14:33: Reason:  Client sent 'drop'
L 01/04/2025 - 23:14:35: [META] (debug:3) Calling engine_amxx_i386.so:ClientConnect()
L 01/04/2025 - 23:14:35: [META] (debug:3) Calling fun_amxx_i386.so:ClientConnect()
L 01/04/2025 - 23:14:35: [META] (debug:3) Calling server.so:ClientConnect()
L 01/04/2025 - 23:14:35: \koolaid\STEAM_0:1:541489370\ connected from address 97.115.239.149:46601
L 01/04/2025 - 23:14:35: [META] (debug:3) Calling amxmodx_mm_i386.so:ClientConnect_Post()
L 01/04/2025 - 23:14:35: "koolaid<5><STEAM_0:1:541489370><>" STEAM USERID validated
L 01/04/2025 - 23:14:38: [META] (debug:3) Calling server.so:ClientPutInServer()
L 01/04/2025 - 23:14:38: [META] (debug:3) Calling engine:QueryClientCvarValue2()
L 01/04/2025 - 23:14:38: [META] (debug:3) Calling amxmodx_mm_i386.so:ClientPutInServer_Post()
L 01/04/2025 - 23:14:38: \koolaid\STEAM_0:1:541489370\ entered the game as recon(125,250)
L 01/04/2025 - 23:14:38: [META] (debug:3) Calling amxmodx_mm_i386.so:CvarValue2()
L 01/04/2025 - 23:14:38: [META] (debug:3) Calling server.so:CvarValue2()
L 01/04/2025 - 23:14:38: [META] (debug:3) Calling engine:QueryClientCvarValue2()
L 01/04/2025 - 23:14:39: [META] (debug:3) Calling amxmodx_mm_i386.so:CvarValue2()
L 01/04/2025 - 23:14:39: [META] (debug:3) Calling server.so:CvarValue2()
L 01/04/2025 - 23:14:39: [META] (debug:3) Calling engine:QueryClientCvarValue2()
L 01/04/2025 - 23:14:39: [META] (debug:3) Calling amxmodx_mm_i386.so:CvarValue2()
L 01/04/2025 - 23:14:39: [META] (debug:3) Calling server.so:CvarValue2()
L 01/04/2025 - 23:14:39: [META] (debug:3) Calling engine:QueryClientCvarValue2()
L 01/04/2025 - 23:14:39: [META] (debug:3) Calling amxmodx_mm_i386.so:CvarValue2()
L 01/04/2025 - 23:14:39: [META] (debug:3) Calling server.so:CvarValue2()
L 01/04/2025 - 23:14:39: \koolaid\STEAM_0:1:541489370\ Client version: Half-Life (OpenGL)
L 01/04/2025 - 23:14:58: [META] (debug:3) Calling engine_amxx_i386.so:ClientConnect()
L 01/04/2025 - 23:14:58: [META] (debug:3) Calling fun_amxx_i386.so:ClientConnect()
L 01/04/2025 - 23:14:58: [META] (debug:3) Calling server.so:ClientConnect()
L 01/04/2025 - 23:14:58: \glitch31415\STEAM_0:0:743386914\ connected from address 127.0.0.1:27005
L 01/04/2025 - 23:14:58: [META] (debug:3) Calling amxmodx_mm_i386.so:ClientConnect_Post()
L 01/04/2025 - 23:14:58: "glitch31415<6><STEAM_0:0:743386914><>" STEAM USERID validated
L 01/04/2025 - 23:14:59: Dropped glitch31415 from server
L 01/04/2025 - 23:14:59: Reason:  Client sent 'drop'
L 01/04/2025 - 23:15:00: [META] (debug:3) Calling engine_amxx_i386.so:ClientConnect()
L 01/04/2025 - 23:15:00: [META] (debug:3) Calling fun_amxx_i386.so:ClientConnect()
L 01/04/2025 - 23:15:00: [META] (debug:3) Calling server.so:ClientConnect()
L 01/04/2025 - 23:15:00: \glitch31415\STEAM_0:0:743386914\ connected from address 127.0.0.1:27005
L 01/04/2025 - 23:15:00: [META] (debug:3) Calling amxmodx_mm_i386.so:ClientConnect_Post()
L 01/04/2025 - 23:15:00: "glitch31415<7><STEAM_0:0:743386914><>" STEAM USERID validated
L 01/04/2025 - 23:15:02: [META] (debug:3) Calling server.so:ClientPutInServer()
L 01/04/2025 - 23:15:02: [META] (debug:3) Calling engine:QueryClientCvarValue2()
L 01/04/2025 - 23:15:02: [META] (debug:3) Calling amxmodx_mm_i386.so:ClientPutInServer_Post()
L 01/04/2025 - 23:15:02: \glitch31415\STEAM_0:0:743386914\ entered the game as wireframe(76,76)
L 01/04/2025 - 23:15:02: [META] (debug:3) Calling amxmodx_mm_i386.so:CvarValue2()
L 01/04/2025 - 23:15:02: [META] (debug:3) Calling server.so:CvarValue2()
L 01/04/2025 - 23:15:02: [META] (debug:3) Calling engine:QueryClientCvarValue2()
L 01/04/2025 - 23:15:03: [META] (debug:3) Calling amxmodx_mm_i386.so:CvarValue2()
L 01/04/2025 - 23:15:03: [META] (debug:3) Calling server.so:CvarValue2()
L 01/04/2025 - 23:15:03: [META] (debug:3) Calling engine:QueryClientCvarValue2()
L 01/04/2025 - 23:15:03: [META] (debug:3) Calling amxmodx_mm_i386.so:CvarValue2()
L 01/04/2025 - 23:15:03: [META] (debug:3) Calling server.so:CvarValue2()
L 01/04/2025 - 23:15:03: [META] (debug:3) Calling engine:QueryClientCvarValue2()
L 01/04/2025 - 23:15:03: [META] (debug:3) Calling amxmodx_mm_i386.so:CvarValue2()
L 01/04/2025 - 23:15:03: [META] (debug:3) Calling server.so:CvarValue2()
L 01/04/2025 - 23:15:03: \glitch31415\STEAM_0:0:743386914\ Client version: Adrenaline Gamer (OpenGL)
L 01/04/2025 - 23:15:06: \glitch31415\STEAM_0:0:743386914\ killed by \koolaid\STEAM_0:1:541489370\ with "gluon gun"
L 01/04/2025 - 23:15:06: \koolaid\STEAM_0:1:541489370\ committed suicide with "gluon gun"
L 01/04/2025 - 23:15:10: \koolaid\STEAM_0:1:541489370\ killed by \glitch31415\STEAM_0:0:743386914\ with "shotgun"
L 01/04/2025 - 23:15:29: \koolaid\STEAM_0:1:541489370\ committed suicide with "grenade"
L 01/04/2025 - 23:15:29: \glitch31415\STEAM_0:0:743386914\ killed by \koolaid\STEAM_0:1:541489370\ with "grenade"
L 01/04/2025 - 23:15:29: \koolaid\STEAM_0:1:541489370\ killed "Scientist" with "grenade"
L 01/04/2025 - 23:15:29: \koolaid\STEAM_0:1:541489370\ killed "Scientist" with "grenade"
L 01/04/2025 - 23:15:29: \koolaid\STEAM_0:1:541489370\ killed "Scientist" with "grenade"
L 01/04/2025 - 23:15:35: \koolaid\STEAM_0:1:541489370\ committed suicide with "grenade"
L 01/04/2025 - 23:15:35: \glitch31415\STEAM_0:0:743386914\ killed by \koolaid\STEAM_0:1:541489370\ with "grenade"
L 01/04/2025 - 23:15:40: \koolaid\STEAM_0:1:541489370\ killed by \glitch31415\STEAM_0:0:743386914\ with "9mmAR"
L 01/04/2025 - 23:16:00: \koolaid\STEAM_0:1:541489370\ killed by \glitch31415\STEAM_0:0:743386914\ with "9mmAR"
L 01/04/2025 - 23:16:13: \glitch31415\STEAM_0:0:743386914\ say "medkit is third item in first slot btw"
L 01/04/2025 - 23:16:20: \glitch31415\STEAM_0:0:743386914\ killed by \koolaid\STEAM_0:1:541489370\ with "357"
L 01/04/2025 - 23:16:31: \koolaid\STEAM_0:1:541489370\ say "where"
L 01/04/2025 - 23:16:39: \glitch31415\STEAM_0:0:743386914\ killed "Scientist" with "shotgun"
L 01/04/2025 - 23:16:39: \koolaid\STEAM_0:1:541489370\ say "o"
L 01/04/2025 - 23:16:45: \koolaid\STEAM_0:1:541489370\ killed by \glitch31415\STEAM_0:0:743386914\ with "shotgun"
L 01/04/2025 - 23:16:56: \glitch31415\STEAM_0:0:743386914\ killed "Scientist" with "shotgun"
L 01/04/2025 - 23:17:03: \koolaid\STEAM_0:1:541489370\ say "get some autohop script on here"
L 01/04/2025 - 23:17:13: \glitch31415\STEAM_0:0:743386914\ say "it's on my client lol"
L 01/04/2025 - 23:17:23: \koolaid\STEAM_0:1:541489370\ say_team "gimme"
L 01/04/2025 - 23:17:23: \glitch31415\STEAM_0:0:743386914\ say "default niggers can suck it"
L 01/04/2025 - 23:17:27: \glitch31415\STEAM_0:0:743386914\ say "alr"
L 01/04/2025 - 23:17:39: Rcon: "rcon 1608141599 "5pgW37D7ad" changelevel lambda_bunker_extended" from "127.0.0.1:27005"
L 01/04/2025 - 23:17:39: [META] (debug:3) Calling amxmodx_mm_i386.so:ClientDisconnect()
L 01/04/2025 - 23:17:39: [META] (debug:3) Calling engine_amxx_i386.so:ClientDisconnect()
L 01/04/2025 - 23:17:39: [META] (debug:3) Calling server.so:ClientDisconnect()
L 01/04/2025 - 23:17:39: \bot3\BOT\ disconnected
L 01/04/2025 - 23:17:39: Dropped bot3 from server
L 01/04/2025 - 23:17:39: Reason:  Dropping fakeclient on level change
L 01/04/2025 - 23:17:39: [META] (debug:3) Calling amxmodx_mm_i386.so:ClientDisconnect()
L 01/04/2025 - 23:17:39: [META] (debug:3) Calling engine_amxx_i386.so:ClientDisconnect()
L 01/04/2025 - 23:17:39: [META] (debug:3) Calling server.so:ClientDisconnect()
L 01/04/2025 - 23:17:39: \bot2\BOT\ disconnected
L 01/04/2025 - 23:17:39: Dropped bot2 from server
L 01/04/2025 - 23:17:39: Reason:  Dropping fakeclient on level change
L 01/04/2025 - 23:17:39: [META] (debug:3) Calling amxmodx_mm_i386.so:ClientDisconnect()
L 01/04/2025 - 23:17:39: [META] (debug:3) Calling engine_amxx_i386.so:ClientDisconnect()
L 01/04/2025 - 23:17:39: [META] (debug:3) Calling server.so:ClientDisconnect()
L 01/04/2025 - 23:17:39: \bot1\BOT\ disconnected
L 01/04/2025 - 23:17:39: Dropped bot1 from server
L 01/04/2025 - 23:17:39: Reason:  Dropping fakeclient on level change
L 01/04/2025 - 23:17:39: [META] (debug:3) Calling amxmodx_mm_i386.so:ServerDeactivate()
L 01/04/2025 - 23:17:39: [META] (debug:3) Calling engine_amxx_i386.so:ServerDeactivate()
L 01/04/2025 - 23:17:39: [META] (debug:3) Calling server.so:ServerDeactivate()
L 01/04/2025 - 23:17:39: \koolaid\STEAM_0:1:541489370\ -13 points, 7 deaths
L 01/04/2025 - 23:17:39: \glitch31415\STEAM_0:0:743386914\ 31 points, 4 deaths
L 01/04/2025 - 23:17:39: [META] (debug:3) Calling amxmodx_mm_i386.so:ServerDeactivate_Post()
L 01/04/2025 - 23:17:39: [META] (debug:3) Calling fakemeta_amxx_i386.so:ServerDeactivate_Post()
L 01/04/2025 - 23:17:39: [META] ini: Begin re-reading plugins list: /home/glitch/.steam/debian-installation/steamapps/common/hlds/valve/addons/metamod/plugins.ini
L 01/04/2025 - 23:17:39: [META] ini: Read plugin config for: AMX Mod X
L 01/04/2025 - 23:17:39: [META] ini: Finished reading plugins list: /home/glitch/.steam/debian-installation/steamapps/common/hlds/valve/addons/metamod/plugins.ini; Found 1 plugins
L 01/04/2025 - 23:17:39: [META] dll: Updating plugins...
L 01/04/2025 - 23:17:39: [META] (debug:1) Keeping plugin 'AMX Mod X'
L 01/04/2025 - 23:17:39: [META] dll: Finished updating 5 plugins; kept 1, loaded 0, unloaded 0, reloaded 0, delayed 0
L 01/04/2025 - 23:17:39: [META] (debug:3) Calling amxmodx_mm_i386.so:ClientDisconnect()
L 01/04/2025 - 23:17:39: [META] (debug:3) Calling engine_amxx_i386.so:ClientDisconnect()
L 01/04/2025 - 23:17:39: [META] (debug:3) Calling server.so:ClientDisconnect()
L 01/04/2025 - 23:17:39: \koolaid\STEAM_0:1:541489370\ disconnected
L 01/04/2025 - 23:17:39: [META] (debug:3) Calling amxmodx_mm_i386.so:ClientDisconnect()
L 01/04/2025 - 23:17:39: [META] (debug:3) Calling engine_amxx_i386.so:ClientDisconnect()
L 01/04/2025 - 23:17:39: [META] (debug:3) Calling server.so:ClientDisconnect()
L 01/04/2025 - 23:17:39: \glitch31415\STEAM_0:0:743386914\ disconnected with 31 points
L 01/04/2025 - 23:17:39: Log file closed

-------------------------------------------------------------------------------

