L 01/08/2025 - 09:49:04: Log file started (file "logs/L0108000.log") (game "valve") (version "48/1.1.2.2/Stdio/3897")
L 01/08/2025 - 09:49:04: Loading map "d1_trainstation_02"
L 01/08/2025 - 09:49:04: Server cvar "mp_soundvariety" = "0"
L 01/08/2025 - 09:49:04: Server cvar "mp_soundvariety" = "1"
L 01/08/2025 - 09:49:04: [META] (debug:3) user message registered again: name=VoiceMask, msgid=64
L 01/08/2025 - 09:49:04: [META] (debug:3) user message registered again: name=ReqState, msgid=65
L 01/08/2025 - 09:49:04: [META] ERROR: Couldn't find game entity 'env_model' in game DLL 'valve': /home/glitch/.steam/debian-installation/steamapps/common/hlds/valve/dlls/server.so: undefined symbol: env_model
L 01/08/2025 - 09:49:04: [META] ERROR: Couldn't find game entity 'motion_manager' in game DLL 'valve': /home/glitch/.steam/debian-installation/steamapps/common/hlds/valve/dlls/server.so: undefined symbol: motion_manager
L 01/08/2025 - 09:49:04: [META] (debug:3) Calling amxmodx_mm_i386.so:ServerActivate()
L 01/08/2025 - 09:49:04: [META] (debug:3) Calling engine_amxx_i386.so:ServerActivate()
L 01/08/2025 - 09:49:04: [META] (debug:3) Calling fakemeta_amxx_i386.so:ServerActivate()
L 01/08/2025 - 09:49:04: [META] (debug:3) Calling server.so:ServerActivate()
L 01/08/2025 - 09:49:04: Server cvar "mp_nextmap" = "d1_town_01"
L 01/08/2025 - 09:49:04: [META] (debug:3) Calling amxmodx_mm_i386.so:ServerActivate_Post()
L 01/08/2025 - 09:49:04: Server cvar "amx_nextmap" = "d1_town_01"
L 01/08/2025 - 09:49:04: Enemy stats: 0k health, 0 npcs
L 01/08/2025 - 09:49:05: Started map "d1_trainstation_02" (CRC "652026196")
L 01/08/2025 - 09:49:05: [META] (debug:3) Calling engine_amxx_i386.so:ClientConnect()
L 01/08/2025 - 09:49:05: [META] (debug:3) Calling fun_amxx_i386.so:ClientConnect()
L 01/08/2025 - 09:49:05: [META] (debug:3) Calling server.so:ClientConnect()
L 01/08/2025 - 09:49:05: \glitch31415\STEAM_0:1:541489370\ connected from address 149.22.88.74:27005
L 01/08/2025 - 09:49:05: [META] (debug:3) Calling amxmodx_mm_i386.so:ClientConnect_Post()
L 01/08/2025 - 09:49:08: \bot2\BOT\ connected from address 127.0.0.1
L 01/08/2025 - 09:49:08: \bot2\BOT\ entered the game as ld_gordon(172,144)
L 01/08/2025 - 09:49:08: \bot3\BOT\ connected from address 127.0.0.1
L 01/08/2025 - 09:49:08: \bot3\BOT\ entered the game as ld_gordon(82,230)
L 01/08/2025 - 09:49:08: \bot1\BOT\ connected from address 127.0.0.1
L 01/08/2025 - 09:49:08: \bot1\BOT\ entered the game as ld_gordon(179,144)
L 01/08/2025 - 09:49:08: Dropped glitch31415 from server
L 01/08/2025 - 09:49:08: Reason:  Client sent 'drop'
L 01/08/2025 - 09:49:22: [META] (debug:3) Calling engine_amxx_i386.so:ClientConnect()
L 01/08/2025 - 09:49:22: [META] (debug:3) Calling fun_amxx_i386.so:ClientConnect()
L 01/08/2025 - 09:49:22: [META] (debug:3) Calling server.so:ClientConnect()
L 01/08/2025 - 09:49:22: \glitch31415\STEAM_0:1:541489370\ connected from address 149.22.88.74:27005
L 01/08/2025 - 09:49:22: [META] (debug:3) Calling amxmodx_mm_i386.so:ClientConnect_Post()
L 01/08/2025 - 09:49:22: "glitch31415<41><STEAM_0:1:541489370><>" STEAM USERID validated
L 01/08/2025 - 09:49:25: [META] (debug:3) Calling server.so:ClientPutInServer()
L 01/08/2025 - 09:49:25: [META] (debug:3) Calling engine:QueryClientCvarValue2()
L 01/08/2025 - 09:49:25: [META] (debug:3) Calling amxmodx_mm_i386.so:ClientPutInServer_Post()
L 01/08/2025 - 09:49:25: \glitch31415\STEAM_0:1:541489370\ entered the game as scientist(76,76)
L 01/08/2025 - 09:49:25: [META] (debug:3) Calling amxmodx_mm_i386.so:CvarValue2()
L 01/08/2025 - 09:49:25: [META] (debug:3) Calling server.so:CvarValue2()
L 01/08/2025 - 09:49:25: [META] (debug:3) Calling engine:QueryClientCvarValue2()
L 01/08/2025 - 09:49:26: [META] (debug:3) Calling amxmodx_mm_i386.so:CvarValue2()
L 01/08/2025 - 09:49:26: [META] (debug:3) Calling server.so:CvarValue2()
L 01/08/2025 - 09:49:26: [META] (debug:3) Calling engine:QueryClientCvarValue2()
L 01/08/2025 - 09:49:26: [META] (debug:3) Calling amxmodx_mm_i386.so:CvarValue2()
L 01/08/2025 - 09:49:26: [META] (debug:3) Calling server.so:CvarValue2()
