L 01/03/2025 - 01:38:53: Log file started (file "logs/L0103000.log") (game "valve") (version "48/1.1.2.2/Stdio/3897")
L 01/03/2025 - 01:38:53: Loading map "d1_trainstation_02"
L 01/03/2025 - 01:38:53: Server cvar "mp_soundvariety" = "0"
L 01/03/2025 - 01:38:54: Server cvar "mp_soundvariety" = "1"
L 01/03/2025 - 01:38:54: [META] (debug:3) user message registered again: name=VoiceMask, msgid=64
L 01/03/2025 - 01:38:54: [META] (debug:3) user message registered again: name=ReqState, msgid=65
L 01/03/2025 - 01:38:54: [META] (debug:3) Calling amxmodx_mm_i386.so:ServerActivate()
L 01/03/2025 - 01:38:54: [META] (debug:3) Calling engine_amxx_i386.so:ServerActivate()
L 01/03/2025 - 01:38:54: [META] (debug:3) Calling fakemeta_amxx_i386.so:ServerActivate()
L 01/03/2025 - 01:38:54: [META] (debug:3) Calling server.so:ServerActivate()
L 01/03/2025 - 01:38:54: [META] (debug:3) Calling amxmodx_mm_i386.so:ServerActivate_Post()
L 01/03/2025 - 01:38:54: Enemy stats: 0k health, 0 npcs
L 01/03/2025 - 01:38:54: Started map "d1_trainstation_02" (CRC "652026196")
L 01/03/2025 - 01:38:54: [META] (debug:3) Calling engine_amxx_i386.so:ClientConnect()
L 01/03/2025 - 01:38:54: [META] (debug:3) Calling fun_amxx_i386.so:ClientConnect()
L 01/03/2025 - 01:38:54: [META] (debug:3) Calling server.so:ClientConnect()
L 01/03/2025 - 01:38:54: \glitch31415\STEAM_0:0:743386914\ connected from address 127.0.0.1:27005
L 01/03/2025 - 01:38:54: [META] (debug:3) Calling amxmodx_mm_i386.so:ClientConnect_Post()
L 01/03/2025 - 01:38:55: Dropped glitch31415 from server
L 01/03/2025 - 01:38:55: Reason:  Client sent 'drop'
L 01/03/2025 - 01:38:56: [META] (debug:3) Calling engine_amxx_i386.so:ClientConnect()
L 01/03/2025 - 01:38:56: [META] (debug:3) Calling fun_amxx_i386.so:ClientConnect()
L 01/03/2025 - 01:38:56: [META] (debug:3) Calling server.so:ClientConnect()
L 01/03/2025 - 01:38:56: \glitch31415\STEAM_0:0:743386914\ connected from address 127.0.0.1:27005
L 01/03/2025 - 01:38:56: [META] (debug:3) Calling amxmodx_mm_i386.so:ClientConnect_Post()
L 01/03/2025 - 01:38:56: "glitch31415<16><STEAM_0:0:743386914><>" STEAM USERID validated
L 01/03/2025 - 01:38:57: \bot1\BOT\ connected from address 127.0.0.1
L 01/03/2025 - 01:38:57: \bot1\BOT\ entered the game as ld_gordon(47,141)
L 01/03/2025 - 01:38:57: \bot3\BOT\ connected from address 127.0.0.1
L 01/03/2025 - 01:38:57: \bot3\BOT\ entered the game as ld_gordon(223,248)
L 01/03/2025 - 01:38:57: \bot2\BOT\ connected from address 127.0.0.1
L 01/03/2025 - 01:38:57: \bot2\BOT\ entered the game as ld_gordon(206,229)
L 01/03/2025 - 01:38:57: [META] (debug:3) Calling server.so:ClientPutInServer()
L 01/03/2025 - 01:38:57: [META] (debug:3) Calling engine:QueryClientCvarValue2()
L 01/03/2025 - 01:38:57: [META] (debug:3) Calling amxmodx_mm_i386.so:ClientPutInServer_Post()
L 01/03/2025 - 01:38:57: \glitch31415\STEAM_0:0:743386914\ entered the game as wireframe(76,76)
L 01/03/2025 - 01:38:57: [META] (debug:3) Calling amxmodx_mm_i386.so:CvarValue2()
L 01/03/2025 - 01:38:57: [META] (debug:3) Calling server.so:CvarValue2()
L 01/03/2025 - 01:38:57: [META] (debug:3) Calling engine:QueryClientCvarValue2()
L 01/03/2025 - 01:38:58: [META] (debug:3) Calling amxmodx_mm_i386.so:CvarValue2()
L 01/03/2025 - 01:38:58: [META] (debug:3) Calling server.so:CvarValue2()
L 01/03/2025 - 01:38:58: [META] (debug:3) Calling engine:QueryClientCvarValue2()
L 01/03/2025 - 01:38:58: [META] (debug:3) Calling amxmodx_mm_i386.so:CvarValue2()
L 01/03/2025 - 01:38:58: [META] (debug:3) Calling server.so:CvarValue2()
L 01/03/2025 - 01:38:58: [META] (debug:3) Calling engine:QueryClientCvarValue2()
L 01/03/2025 - 01:38:58: [META] (debug:3) Calling amxmodx_mm_i386.so:CvarValue2()
L 01/03/2025 - 01:38:58: [META] (debug:3) Calling server.so:CvarValue2()
L 01/03/2025 - 01:38:58: \glitch31415\STEAM_0:0:743386914\ Client version: Adrenaline Gamer (OpenGL)
L 01/03/2025 - 01:39:04: \glitch31415\STEAM_0:0:743386914\ killed "Scientist" with "9mmAR"
L 01/03/2025 - 01:39:05: \glitch31415\STEAM_0:0:743386914\ killed "Scientist" with "9mmAR"
L 01/03/2025 - 01:39:05: \glitch31415\STEAM_0:0:743386914\ killed "Scientist" with "9mmAR"
L 01/03/2025 - 01:39:12: \glitch31415\STEAM_0:0:743386914\ killed "Scientist" with "9mmAR"
L 01/03/2025 - 01:39:14: \glitch31415\STEAM_0:0:743386914\ killed "Scientist" with "9mmAR"
L 01/03/2025 - 01:39:27: Rcon: "rcon 308525930 "5pgW37D7ad" restart" from "127.0.0.1:27005"
L 01/03/2025 - 01:39:27: [META] (debug:3) Calling amxmodx_mm_i386.so:ClientDisconnect()
L 01/03/2025 - 01:39:27: [META] (debug:3) Calling engine_amxx_i386.so:ClientDisconnect()
L 01/03/2025 - 01:39:27: [META] (debug:3) Calling server.so:ClientDisconnect()
L 01/03/2025 - 01:39:27: \bot1\BOT\ disconnected
L 01/03/2025 - 01:39:27: Dropped bot1 from server
L 01/03/2025 - 01:39:27: Reason:  Dropping fakeclient on level change
L 01/03/2025 - 01:39:27: [META] (debug:3) Calling amxmodx_mm_i386.so:ClientDisconnect()
L 01/03/2025 - 01:39:27: [META] (debug:3) Calling engine_amxx_i386.so:ClientDisconnect()
L 01/03/2025 - 01:39:27: [META] (debug:3) Calling server.so:ClientDisconnect()
L 01/03/2025 - 01:39:27: \bot3\BOT\ disconnected
L 01/03/2025 - 01:39:27: Dropped bot3 from server
L 01/03/2025 - 01:39:27: Reason:  Dropping fakeclient on level change
L 01/03/2025 - 01:39:27: [META] (debug:3) Calling amxmodx_mm_i386.so:ClientDisconnect()
L 01/03/2025 - 01:39:27: [META] (debug:3) Calling engine_amxx_i386.so:ClientDisconnect()
L 01/03/2025 - 01:39:27: [META] (debug:3) Calling server.so:ClientDisconnect()
L 01/03/2025 - 01:39:27: \bot2\BOT\ disconnected
L 01/03/2025 - 01:39:27: Dropped bot2 from server
L 01/03/2025 - 01:39:27: Reason:  Dropping fakeclient on level change
L 01/03/2025 - 01:39:27: [META] (debug:3) Calling amxmodx_mm_i386.so:ServerDeactivate()
L 01/03/2025 - 01:39:27: [META] (debug:3) Calling engine_amxx_i386.so:ServerDeactivate()
L 01/03/2025 - 01:39:27: [META] (debug:3) Calling server.so:ServerDeactivate()
L 01/03/2025 - 01:39:27: \glitch31415\STEAM_0:0:743386914\ 24 points, 0 deaths
L 01/03/2025 - 01:39:27: [META] (debug:3) Calling amxmodx_mm_i386.so:ServerDeactivate_Post()
L 01/03/2025 - 01:39:27: [META] (debug:3) Calling fakemeta_amxx_i386.so:ServerDeactivate_Post()
L 01/03/2025 - 01:39:27: [META] ini: Begin re-reading plugins list: /home/glitch/.steam/debian-installation/steamapps/common/hlds/valve/addons/metamod/plugins.ini
L 01/03/2025 - 01:39:27: [META] ini: Read plugin config for: AMX Mod X
L 01/03/2025 - 01:39:27: [META] ini: Finished reading plugins list: /home/glitch/.steam/debian-installation/steamapps/common/hlds/valve/addons/metamod/plugins.ini; Found 1 plugins
L 01/03/2025 - 01:39:27: [META] dll: Updating plugins...
L 01/03/2025 - 01:39:27: [META] (debug:1) Keeping plugin 'AMX Mod X'
L 01/03/2025 - 01:39:27: [META] dll: Finished updating 5 plugins; kept 1, loaded 0, unloaded 0, reloaded 0, delayed 0
L 01/03/2025 - 01:39:27: [META] (debug:3) Calling amxmodx_mm_i386.so:ClientDisconnect()
L 01/03/2025 - 01:39:27: [META] (debug:3) Calling engine_amxx_i386.so:ClientDisconnect()
L 01/03/2025 - 01:39:27: [META] (debug:3) Calling server.so:ClientDisconnect()
L 01/03/2025 - 01:39:27: \glitch31415\STEAM_0:0:743386914\ disconnected with 24 points
L 01/03/2025 - 01:39:27: Log file closed

-------------------------------------------------------------------------------

