L 01/04/2025 - 23:31:17: Log file started (file "logs/L0104004.log") (game "valve") (version "48/1.1.2.2/Stdio/3897")
L 01/04/2025 - 23:31:17: Loading map "lambda_bunker_extended"
L 01/04/2025 - 23:31:17: Server cvar "mp_soundvariety" = "0"
L 01/04/2025 - 23:31:17: Server cvar "mp_soundvariety" = "1"
L 01/04/2025 - 23:31:17: [META] (debug:3) user message registered again: name=VoiceMask, msgid=64
L 01/04/2025 - 23:31:17: [META] (debug:3) user message registered again: name=ReqState, msgid=65
L 01/04/2025 - 23:31:17: [META] (debug:3) Calling amxmodx_mm_i386.so:ServerActivate()
L 01/04/2025 - 23:31:17: [META] (debug:3) Calling engine_amxx_i386.so:ServerActivate()
L 01/04/2025 - 23:31:17: [META] (debug:3) Calling fakemeta_amxx_i386.so:ServerActivate()
L 01/04/2025 - 23:31:17: [META] (debug:3) Calling server.so:ServerActivate()
L 01/04/2025 - 23:31:17: [META] (debug:3) Calling amxmodx_mm_i386.so:ServerActivate_Post()
L 01/04/2025 - 23:31:17: Enemy stats: 0k health, 0 npcs
L 01/04/2025 - 23:31:18: Started map "lambda_bunker_extended" (CRC "-1186846110")
L 01/04/2025 - 23:31:18: [META] (debug:3) Calling engine_amxx_i386.so:ClientConnect()
L 01/04/2025 - 23:31:18: [META] (debug:3) Calling fun_amxx_i386.so:ClientConnect()
L 01/04/2025 - 23:31:18: [META] (debug:3) Calling server.so:ClientConnect()
L 01/04/2025 - 23:31:18: \glitch31415\STEAM_0:0:743386914\ connected from address 127.0.0.1:27005
L 01/04/2025 - 23:31:18: [META] (debug:3) Calling amxmodx_mm_i386.so:ClientConnect_Post()
L 01/04/2025 - 23:31:18: Dropped glitch31415 from server
L 01/04/2025 - 23:31:18: Reason:  Client sent 'drop'
L 01/04/2025 - 23:31:21: \bot3\BOT\ connected from address 127.0.0.1
L 01/04/2025 - 23:31:21: \bot3\BOT\ entered the game as ld_gordon(86,86)
L 01/04/2025 - 23:31:21: \bot1\BOT\ connected from address 127.0.0.1
L 01/04/2025 - 23:31:21: \bot1\BOT\ entered the game as ld_gordon(172,109)
L 01/04/2025 - 23:31:21: \bot2\BOT\ connected from address 127.0.0.1
L 01/04/2025 - 23:31:21: \bot2\BOT\ entered the game as ld_gordon(127,230)
L 01/05/2025 - 00:45:02: [META] (debug:3) Calling engine_amxx_i386.so:ClientConnect()
L 01/05/2025 - 00:45:02: [META] (debug:3) Calling fun_amxx_i386.so:ClientConnect()
L 01/05/2025 - 00:45:02: [META] (debug:3) Calling server.so:ClientConnect()
L 01/05/2025 - 00:45:02: \Player\STEAM_0:1:523127561\ connected from address 104.48.177.169:27005
L 01/05/2025 - 00:45:02: [META] (debug:3) Calling amxmodx_mm_i386.so:ClientConnect_Post()
L 01/05/2025 - 00:45:02: "Player<24><STEAM_0:1:523127561><>" STEAM USERID validated
L 01/05/2025 - 00:45:04: Dropped Player from server
L 01/05/2025 - 00:45:04: Reason:  Client sent 'drop'
L 01/05/2025 - 00:45:25: "Player<25><STEAM_0:1:523127561><>" STEAM USERID validated
L 01/05/2025 - 00:45:25: [META] (debug:3) Calling engine_amxx_i386.so:ClientConnect()
L 01/05/2025 - 00:45:25: [META] (debug:3) Calling fun_amxx_i386.so:ClientConnect()
L 01/05/2025 - 00:45:25: [META] (debug:3) Calling server.so:ClientConnect()
L 01/05/2025 - 00:45:25: \Player\STEAM_0:1:523127561\ connected from address 104.48.177.169:27005
L 01/05/2025 - 00:45:25: [META] (debug:3) Calling amxmodx_mm_i386.so:ClientConnect_Post()
L 01/05/2025 - 00:45:42: Dropped Player from server
L 01/05/2025 - 00:45:42: Reason:  Client sent 'drop'
L 01/05/2025 - 00:45:56: [META] (debug:3) Calling engine_amxx_i386.so:ClientConnect()
L 01/05/2025 - 00:45:56: [META] (debug:3) Calling fun_amxx_i386.so:ClientConnect()
L 01/05/2025 - 00:45:56: [META] (debug:3) Calling server.so:ClientConnect()
L 01/05/2025 - 00:45:56: \Player\STEAM_0:1:523127561\ connected from address 104.48.177.169:27005
L 01/05/2025 - 00:45:56: [META] (debug:3) Calling amxmodx_mm_i386.so:ClientConnect_Post()
L 01/05/2025 - 00:45:56: "Player<26><STEAM_0:1:523127561><>" STEAM USERID validated
L 01/05/2025 - 00:46:02: Dropped Player from server
L 01/05/2025 - 00:46:02: Reason:  Client sent 'drop'
L 01/05/2025 - 01:55:14: "Febrary<27><STEAM_0:1:525411938><>" STEAM USERID validated
L 01/05/2025 - 01:55:14: [META] (debug:3) Calling engine_amxx_i386.so:ClientConnect()
L 01/05/2025 - 01:55:14: [META] (debug:3) Calling fun_amxx_i386.so:ClientConnect()
L 01/05/2025 - 01:55:14: [META] (debug:3) Calling server.so:ClientConnect()
L 01/05/2025 - 01:55:14: \Febrary\STEAM_0:1:525411938\ connected from address 200.215.229.213:27005
L 01/05/2025 - 01:55:14: [META] (debug:3) Calling amxmodx_mm_i386.so:ClientConnect_Post()
L 01/05/2025 - 01:55:20: Dropped Febrary from server
L 01/05/2025 - 01:55:20: Reason:  Client sent 'drop'
L 01/05/2025 - 01:55:57: "Febrary<28><STEAM_0:1:525411938><>" STEAM USERID validated
L 01/05/2025 - 01:55:57: [META] (debug:3) Calling engine_amxx_i386.so:ClientConnect()
L 01/05/2025 - 01:55:57: [META] (debug:3) Calling fun_amxx_i386.so:ClientConnect()
L 01/05/2025 - 01:55:57: [META] (debug:3) Calling server.so:ClientConnect()
L 01/05/2025 - 01:55:57: \Febrary\STEAM_0:1:525411938\ connected from address 200.215.229.213:27005
L 01/05/2025 - 01:55:57: [META] (debug:3) Calling amxmodx_mm_i386.so:ClientConnect_Post()
L 01/05/2025 - 01:56:09: Dropped Febrary from server
L 01/05/2025 - 01:56:09: Reason:  Client sent 'drop'
L 01/05/2025 - 02:00:07: "HLDM.org N286<29><STEAM_0:0:15832208><>" STEAM USERID validated
L 01/05/2025 - 02:00:07: [META] (debug:3) Calling engine_amxx_i386.so:ClientConnect()
L 01/05/2025 - 02:00:07: [META] (debug:3) Calling fun_amxx_i386.so:ClientConnect()
L 01/05/2025 - 02:00:07: [META] (debug:3) Calling server.so:ClientConnect()
L 01/05/2025 - 02:00:07: \HLDM.org N286\STEAM_0:0:15832208\ connected from address 89.157.254.220:27005
L 01/05/2025 - 02:00:07: [META] (debug:3) Calling amxmodx_mm_i386.so:ClientConnect_Post()
L 01/05/2025 - 02:00:12: Dropped HLDM.org N286 from server
L 01/05/2025 - 02:00:12: Reason:  Client sent 'drop'
L 01/05/2025 - 02:00:13: "HLDM.org N286<30><STEAM_0:0:15832208><>" STEAM USERID validated
L 01/05/2025 - 02:00:13: [META] (debug:3) Calling engine_amxx_i386.so:ClientConnect()
L 01/05/2025 - 02:00:13: [META] (debug:3) Calling fun_amxx_i386.so:ClientConnect()
L 01/05/2025 - 02:00:13: [META] (debug:3) Calling server.so:ClientConnect()
L 01/05/2025 - 02:00:13: \HLDM.org N286\STEAM_0:0:15832208\ connected from address 89.157.254.220:27005
L 01/05/2025 - 02:00:13: [META] (debug:3) Calling amxmodx_mm_i386.so:ClientConnect_Post()
L 01/05/2025 - 02:00:18: [META] (debug:3) Calling server.so:ClientPutInServer()
L 01/05/2025 - 02:00:18: [META] (debug:3) Calling engine:QueryClientCvarValue2()
L 01/05/2025 - 02:00:18: [META] (debug:3) Calling amxmodx_mm_i386.so:ClientPutInServer_Post()
L 01/05/2025 - 02:00:18: \HLDM.org N286\STEAM_0:0:15832208\ entered the game as zombie(0,0)
L 01/05/2025 - 02:00:19: [META] (debug:3) Calling amxmodx_mm_i386.so:CvarValue2()
L 01/05/2025 - 02:00:19: [META] (debug:3) Calling server.so:CvarValue2()
L 01/05/2025 - 02:00:19: [META] (debug:3) Calling engine:QueryClientCvarValue2()
L 01/05/2025 - 02:00:21: [META] (debug:3) Calling amxmodx_mm_i386.so:CvarValue2()
L 01/05/2025 - 02:00:21: [META] (debug:3) Calling server.so:CvarValue2()
L 01/05/2025 - 02:00:21: [META] (debug:3) Calling engine:QueryClientCvarValue2()
L 01/05/2025 - 02:00:21: [META] (debug:3) Calling amxmodx_mm_i386.so:CvarValue2()
L 01/05/2025 - 02:00:21: [META] (debug:3) Calling server.so:CvarValue2()
L 01/05/2025 - 02:00:21: [META] (debug:3) Calling engine:QueryClientCvarValue2()
L 01/05/2025 - 02:00:21: [META] (debug:3) Calling amxmodx_mm_i386.so:CvarValue2()
L 01/05/2025 - 02:00:21: [META] (debug:3) Calling server.so:CvarValue2()
L 01/05/2025 - 02:00:21: \HLDM.org N286\STEAM_0:0:15832208\ Client version: Half-Life (OpenGL)
L 01/05/2025 - 02:00:55: [META] (debug:3) Calling amxmodx_mm_i386.so:ClientDisconnect()
L 01/05/2025 - 02:00:55: [META] (debug:3) Calling engine_amxx_i386.so:ClientDisconnect()
L 01/05/2025 - 02:00:55: [META] (debug:3) Calling server.so:ClientDisconnect()
L 01/05/2025 - 02:00:55: \HLDM.org N286\STEAM_0:0:15832208\ disconnected
L 01/05/2025 - 02:00:55: Dropped HLDM.org N286 from server
L 01/05/2025 - 02:00:55: Reason:  Client sent 'drop'
L 01/05/2025 - 10:04:11: [META] (debug:3) Calling engine_amxx_i386.so:ClientConnect()
L 01/05/2025 - 10:04:11: [META] (debug:3) Calling fun_amxx_i386.so:ClientConnect()
L 01/05/2025 - 10:04:11: [META] (debug:3) Calling server.so:ClientConnect()
L 01/05/2025 - 10:04:11: \glitch31415\STEAM_0:1:541489370\ connected from address 97.115.239.149:27005
L 01/05/2025 - 10:04:11: [META] (debug:3) Calling amxmodx_mm_i386.so:ClientConnect_Post()
L 01/05/2025 - 10:04:12: "glitch31415<31><STEAM_0:1:541489370><>" STEAM USERID validated
L 01/05/2025 - 10:04:15: Dropped glitch31415 from server
L 01/05/2025 - 10:04:15: Reason:  Client sent 'drop'
L 01/05/2025 - 10:04:17: [META] (debug:3) Calling engine_amxx_i386.so:ClientConnect()
L 01/05/2025 - 10:04:17: [META] (debug:3) Calling fun_amxx_i386.so:ClientConnect()
L 01/05/2025 - 10:04:17: [META] (debug:3) Calling server.so:ClientConnect()
L 01/05/2025 - 10:04:17: \glitch31415\STEAM_0:1:541489370\ connected from address 97.115.239.149:27005
L 01/05/2025 - 10:04:17: [META] (debug:3) Calling amxmodx_mm_i386.so:ClientConnect_Post()
L 01/05/2025 - 10:04:17: "glitch31415<32><STEAM_0:1:541489370><>" STEAM USERID validated
L 01/05/2025 - 10:04:22: [META] (debug:3) Calling server.so:ClientPutInServer()
L 01/05/2025 - 10:04:22: [META] (debug:3) Calling engine:QueryClientCvarValue2()
L 01/05/2025 - 10:04:22: [META] (debug:3) Calling amxmodx_mm_i386.so:ClientPutInServer_Post()
L 01/05/2025 - 10:04:22: \glitch31415\STEAM_0:1:541489370\ entered the game as scientist(76,76)
L 01/05/2025 - 10:04:22: [META] (debug:3) Calling amxmodx_mm_i386.so:CvarValue2()
L 01/05/2025 - 10:04:22: [META] (debug:3) Calling server.so:CvarValue2()
L 01/05/2025 - 10:04:22: [META] (debug:3) Calling engine:QueryClientCvarValue2()
L 01/05/2025 - 10:04:23: [META] (debug:3) Calling amxmodx_mm_i386.so:CvarValue2()
L 01/05/2025 - 10:04:23: [META] (debug:3) Calling server.so:CvarValue2()
L 01/05/2025 - 10:04:23: [META] (debug:3) Calling engine:QueryClientCvarValue2()
L 01/05/2025 - 10:04:23: [META] (debug:3) Calling amxmodx_mm_i386.so:CvarValue2()
L 01/05/2025 - 10:04:23: [META] (debug:3) Calling server.so:CvarValue2()
L 01/05/2025 - 10:04:23: [META] (debug:3) Calling engine:QueryClientCvarValue2()
L 01/05/2025 - 10:04:23: [META] (debug:3) Calling amxmodx_mm_i386.so:CvarValue2()
L 01/05/2025 - 10:04:23: [META] (debug:3) Calling server.so:CvarValue2()
L 01/05/2025 - 10:04:23: \glitch31415\STEAM_0:1:541489370\ Client version: Half-Life (OpenGL)
L 01/05/2025 - 10:10:58: [META] (debug:3) Calling amxmodx_mm_i386.so:ClientDisconnect()
L 01/05/2025 - 10:10:58: [META] (debug:3) Calling engine_amxx_i386.so:ClientDisconnect()
L 01/05/2025 - 10:10:58: [META] (debug:3) Calling server.so:ClientDisconnect()
L 01/05/2025 - 10:10:58: \glitch31415\STEAM_0:1:541489370\ disconnected
L 01/05/2025 - 10:10:58: Dropped glitch31415 from server
L 01/05/2025 - 10:10:58: Reason:  Client sent 'drop'
L 01/05/2025 - 10:19:36: [META] (debug:3) Calling engine_amxx_i386.so:ClientConnect()
L 01/05/2025 - 10:19:36: [META] (debug:3) Calling fun_amxx_i386.so:ClientConnect()
L 01/05/2025 - 10:19:36: [META] (debug:3) Calling server.so:ClientConnect()
L 01/05/2025 - 10:19:36: \glitch31415\STEAM_0:1:541489370\ connected from address 97.115.239.149:27005
L 01/05/2025 - 10:19:36: [META] (debug:3) Calling amxmodx_mm_i386.so:ClientConnect_Post()
L 01/05/2025 - 10:19:36: "glitch31415<33><STEAM_0:1:541489370><>" STEAM USERID validated
L 01/05/2025 - 10:19:37: Dropped glitch31415 from server
L 01/05/2025 - 10:19:37: Reason:  Client sent 'drop'
L 01/05/2025 - 10:20:47: [META] (debug:3) Calling engine_amxx_i386.so:ClientConnect()
L 01/05/2025 - 10:20:47: [META] (debug:3) Calling fun_amxx_i386.so:ClientConnect()
L 01/05/2025 - 10:20:47: [META] (debug:3) Calling server.so:ClientConnect()
L 01/05/2025 - 10:20:47: \glitch31415\STEAM_0:0:743386914\ connected from address 127.0.0.1:27005
L 01/05/2025 - 10:20:47: [META] (debug:3) Calling amxmodx_mm_i386.so:ClientConnect_Post()
L 01/05/2025 - 10:20:47: "glitch31415<34><STEAM_0:0:743386914><>" STEAM USERID validated
L 01/05/2025 - 10:20:48: Dropped glitch31415 from server
L 01/05/2025 - 10:20:48: Reason:  Client sent 'drop'
L 01/05/2025 - 10:20:49: [META] (debug:3) Calling engine_amxx_i386.so:ClientConnect()
L 01/05/2025 - 10:20:49: [META] (debug:3) Calling fun_amxx_i386.so:ClientConnect()
L 01/05/2025 - 10:20:49: [META] (debug:3) Calling server.so:ClientConnect()
L 01/05/2025 - 10:20:49: \glitch31415\STEAM_0:0:743386914\ connected from address 127.0.0.1:27005
L 01/05/2025 - 10:20:49: [META] (debug:3) Calling amxmodx_mm_i386.so:ClientConnect_Post()
L 01/05/2025 - 10:20:49: "glitch31415<35><STEAM_0:0:743386914><>" STEAM USERID validated
L 01/05/2025 - 10:20:51: [META] (debug:3) Calling server.so:ClientPutInServer()
L 01/05/2025 - 10:20:51: [META] (debug:3) Calling engine:QueryClientCvarValue2()
L 01/05/2025 - 10:20:51: [META] (debug:3) Calling amxmodx_mm_i386.so:ClientPutInServer_Post()
L 01/05/2025 - 10:20:51: \glitch31415\STEAM_0:0:743386914\ entered the game as wireframe(76,76)
L 01/05/2025 - 10:20:52: [META] (debug:3) Calling amxmodx_mm_i386.so:CvarValue2()
L 01/05/2025 - 10:20:52: [META] (debug:3) Calling server.so:CvarValue2()
L 01/05/2025 - 10:20:52: [META] (debug:3) Calling engine:QueryClientCvarValue2()
L 01/05/2025 - 10:20:52: [META] (debug:3) Calling amxmodx_mm_i386.so:CvarValue2()
L 01/05/2025 - 10:20:52: [META] (debug:3) Calling server.so:CvarValue2()
L 01/05/2025 - 10:20:52: [META] (debug:3) Calling engine:QueryClientCvarValue2()
L 01/05/2025 - 10:20:52: [META] (debug:3) Calling amxmodx_mm_i386.so:CvarValue2()
L 01/05/2025 - 10:20:52: [META] (debug:3) Calling server.so:CvarValue2()
L 01/05/2025 - 10:20:52: [META] (debug:3) Calling engine:QueryClientCvarValue2()
L 01/05/2025 - 10:20:52: [META] (debug:3) Calling amxmodx_mm_i386.so:CvarValue2()
L 01/05/2025 - 10:20:52: [META] (debug:3) Calling server.so:CvarValue2()
L 01/05/2025 - 10:20:52: \glitch31415\STEAM_0:0:743386914\ Client version: Adrenaline Gamer (OpenGL)
L 01/05/2025 - 10:21:10: [META] (debug:3) Calling engine_amxx_i386.so:ClientConnect()
L 01/05/2025 - 10:21:10: [META] (debug:3) Calling fun_amxx_i386.so:ClientConnect()
L 01/05/2025 - 10:21:10: [META] (debug:3) Calling server.so:ClientConnect()
L 01/05/2025 - 10:21:10: \koolaid\STEAM_0:1:541489370\ connected from address 97.115.239.149:27005
L 01/05/2025 - 10:21:10: [META] (debug:3) Calling amxmodx_mm_i386.so:ClientConnect_Post()
L 01/05/2025 - 10:21:10: "koolaid<36><STEAM_0:1:541489370><>" STEAM USERID validated
L 01/05/2025 - 10:21:13: Dropped koolaid from server
L 01/05/2025 - 10:21:13: Reason:  Client sent 'drop'
L 01/05/2025 - 10:21:15: [META] (debug:3) Calling engine_amxx_i386.so:ClientConnect()
L 01/05/2025 - 10:21:15: [META] (debug:3) Calling fun_amxx_i386.so:ClientConnect()
L 01/05/2025 - 10:21:15: [META] (debug:3) Calling server.so:ClientConnect()
L 01/05/2025 - 10:21:15: \koolaid\STEAM_0:1:541489370\ connected from address 97.115.239.149:27005
L 01/05/2025 - 10:21:15: [META] (debug:3) Calling amxmodx_mm_i386.so:ClientConnect_Post()
L 01/05/2025 - 10:21:15: "koolaid<37><STEAM_0:1:541489370><>" STEAM USERID validated
L 01/05/2025 - 10:21:19: [META] (debug:3) Calling server.so:ClientPutInServer()
L 01/05/2025 - 10:21:19: [META] (debug:3) Calling engine:QueryClientCvarValue2()
L 01/05/2025 - 10:21:19: [META] (debug:3) Calling amxmodx_mm_i386.so:ClientPutInServer_Post()
L 01/05/2025 - 10:21:20: \koolaid\STEAM_0:1:541489370\ entered the game as ugg_goose(76,76)
L 01/05/2025 - 10:21:20: [META] (debug:3) Calling amxmodx_mm_i386.so:CvarValue2()
L 01/05/2025 - 10:21:20: [META] (debug:3) Calling server.so:CvarValue2()
L 01/05/2025 - 10:21:20: [META] (debug:3) Calling engine:QueryClientCvarValue2()
L 01/05/2025 - 10:21:20: [META] (debug:3) Calling amxmodx_mm_i386.so:CvarValue2()
L 01/05/2025 - 10:21:20: [META] (debug:3) Calling server.so:CvarValue2()
L 01/05/2025 - 10:21:20: [META] (debug:3) Calling engine:QueryClientCvarValue2()
L 01/05/2025 - 10:21:21: [META] (debug:3) Calling amxmodx_mm_i386.so:CvarValue2()
L 01/05/2025 - 10:21:21: [META] (debug:3) Calling server.so:CvarValue2()
L 01/05/2025 - 10:21:21: [META] (debug:3) Calling engine:QueryClientCvarValue2()
L 01/05/2025 - 10:21:21: [META] (debug:3) Calling amxmodx_mm_i386.so:CvarValue2()
L 01/05/2025 - 10:21:21: [META] (debug:3) Calling server.so:CvarValue2()
L 01/05/2025 - 10:21:21: \koolaid\STEAM_0:1:541489370\ Client version: Adrenaline Gamer (OpenGL)
L 01/05/2025 - 10:21:43: \koolaid\STEAM_0:1:541489370\ killed by \glitch31415\STEAM_0:0:743386914\ with "9mmAR"
L 01/05/2025 - 10:21:50: \glitch31415\STEAM_0:0:743386914\ killed by \koolaid\STEAM_0:1:541489370\ with "9mmAR"
L 01/05/2025 - 10:22:00: \glitch31415\STEAM_0:0:743386914\ killed by \koolaid\STEAM_0:1:541489370\ with "9mmAR"
L 01/05/2025 - 10:22:14: \glitch31415\STEAM_0:0:743386914\ say "do hud_strafeguide"
L 01/05/2025 - 10:22:19: \koolaid\STEAM_0:1:541489370\ killed by \glitch31415\STEAM_0:0:743386914\ with "shotgun"
L 01/05/2025 - 10:22:32: \glitch31415\STEAM_0:0:743386914\ say "and hud_speedometer"
L 01/05/2025 - 10:22:51: \koolaid\STEAM_0:1:541489370\ say "imma restart hl"
L 01/05/2025 - 10:22:52: \koolaid\STEAM_0:1:541489370\ killed "Human Grunt" with "tau_cannon"
L 01/05/2025 - 10:22:52: \koolaid\STEAM_0:1:541489370\ killed "Human Grunt" with "tau_cannon"
L 01/05/2025 - 10:22:53: \koolaid\STEAM_0:1:541489370\ killed "Grunt" with "tau_cannon"
L 01/05/2025 - 10:22:53: \koolaid\STEAM_0:1:541489370\ killed "Grunt" with "tau_cannon"
L 01/05/2025 - 10:22:55: \glitch31415\STEAM_0:0:743386914\ say "alr"
L 01/05/2025 - 10:22:58: [META] (debug:3) Calling amxmodx_mm_i386.so:ClientDisconnect()
L 01/05/2025 - 10:22:58: [META] (debug:3) Calling engine_amxx_i386.so:ClientDisconnect()
L 01/05/2025 - 10:22:58: [META] (debug:3) Calling server.so:ClientDisconnect()
L 01/05/2025 - 10:22:58: \koolaid\STEAM_0:1:541489370\ disconnected with 3 points
L 01/05/2025 - 10:22:58: Dropped koolaid from server
L 01/05/2025 - 10:22:58: Reason:  Client sent 'drop'
L 01/05/2025 - 10:23:50: [META] (debug:3) Calling engine_amxx_i386.so:ClientConnect()
L 01/05/2025 - 10:23:50: [META] (debug:3) Calling fun_amxx_i386.so:ClientConnect()
L 01/05/2025 - 10:23:50: [META] (debug:3) Calling server.so:ClientConnect()
L 01/05/2025 - 10:23:50: \koolaid\STEAM_0:1:541489370\ connected from address 97.115.239.149:27005
L 01/05/2025 - 10:23:50: [META] (debug:3) Calling amxmodx_mm_i386.so:ClientConnect_Post()
L 01/05/2025 - 10:23:50: "koolaid<38><STEAM_0:1:541489370><>" STEAM USERID validated
L 01/05/2025 - 10:23:53: Dropped koolaid from server
L 01/05/2025 - 10:23:53: Reason:  Client sent 'drop'
L 01/05/2025 - 10:23:53: [META] (debug:3) Calling engine_amxx_i386.so:ClientConnect()
L 01/05/2025 - 10:23:53: [META] (debug:3) Calling fun_amxx_i386.so:ClientConnect()
L 01/05/2025 - 10:23:53: [META] (debug:3) Calling server.so:ClientConnect()
L 01/05/2025 - 10:23:53: \koolaid\STEAM_0:1:541489370\ connected from address 97.115.239.149:27005
L 01/05/2025 - 10:23:53: [META] (debug:3) Calling amxmodx_mm_i386.so:ClientConnect_Post()
L 01/05/2025 - 10:23:53: "koolaid<39><STEAM_0:1:541489370><>" STEAM USERID validated
L 01/05/2025 - 10:23:58: [META] (debug:3) Calling server.so:ClientPutInServer()
L 01/05/2025 - 10:23:58: [META] (debug:3) Calling engine:QueryClientCvarValue2()
L 01/05/2025 - 10:23:58: [META] (debug:3) Calling amxmodx_mm_i386.so:ClientPutInServer_Post()
L 01/05/2025 - 10:23:58: \koolaid\STEAM_0:1:541489370\ entered the game as ugg_goose(76,76)
L 01/05/2025 - 10:23:58: [META] (debug:3) Calling amxmodx_mm_i386.so:CvarValue2()
L 01/05/2025 - 10:23:58: [META] (debug:3) Calling server.so:CvarValue2()
L 01/05/2025 - 10:23:58: [META] (debug:3) Calling engine:QueryClientCvarValue2()
L 01/05/2025 - 10:23:59: [META] (debug:3) Calling amxmodx_mm_i386.so:CvarValue2()
L 01/05/2025 - 10:23:59: [META] (debug:3) Calling server.so:CvarValue2()
L 01/05/2025 - 10:23:59: [META] (debug:3) Calling engine:QueryClientCvarValue2()
L 01/05/2025 - 10:23:59: [META] (debug:3) Calling amxmodx_mm_i386.so:CvarValue2()
L 01/05/2025 - 10:23:59: [META] (debug:3) Calling server.so:CvarValue2()
L 01/05/2025 - 10:23:59: [META] (debug:3) Calling engine:QueryClientCvarValue2()
L 01/05/2025 - 10:23:59: [META] (debug:3) Calling amxmodx_mm_i386.so:CvarValue2()
L 01/05/2025 - 10:23:59: [META] (debug:3) Calling server.so:CvarValue2()
L 01/05/2025 - 10:23:59: \koolaid\STEAM_0:1:541489370\ Client version: Adrenaline Gamer (OpenGL)
L 01/05/2025 - 10:24:11: \koolaid\STEAM_0:1:541489370\ killed by \glitch31415\STEAM_0:0:743386914\ with "shotgun"
L 01/05/2025 - 10:24:45: \glitch31415\STEAM_0:0:743386914\ killed by \koolaid\STEAM_0:1:541489370\ with "9mmAR"
L 01/05/2025 - 10:24:49: \glitch31415\STEAM_0:0:743386914\ say "no fair, u have ducc hitbox"
L 01/05/2025 - 10:24:51: \koolaid\STEAM_0:1:541489370\ killed by "Explosion"
L 01/05/2025 - 10:25:34: \koolaid\STEAM_0:1:541489370\ killed by "worldspawn"
L 01/05/2025 - 10:25:55: \koolaid\STEAM_0:1:541489370\ killed by \glitch31415\STEAM_0:0:743386914\ with "357"
L 01/05/2025 - 10:26:03: \glitch31415\STEAM_0:0:743386914\ say "why is the revovler actually useless lol"
L 01/05/2025 - 10:26:15: \koolaid\STEAM_0:1:541489370\ say "it used to be so good i thing"
L 01/05/2025 - 10:26:18: \koolaid\STEAM_0:1:541489370\ say "i think"
L 01/05/2025 - 10:26:34: \glitch31415\STEAM_0:0:743386914\ say "yeah the shotgun and mp5 just outclass it now"
L 01/05/2025 - 10:26:39: \glitch31415\STEAM_0:0:743386914\ say "i made stuff more realistic"
L 01/05/2025 - 10:26:54: \koolaid\STEAM_0:1:541489370\ killed by \glitch31415\STEAM_0:0:743386914\ with "357"
L 01/05/2025 - 10:27:33: \koolaid\STEAM_0:1:541489370\ killed by \glitch31415\STEAM_0:0:743386914\ with "9mmAR"
L 01/05/2025 - 10:27:38: \koolaid\STEAM_0:1:541489370\ killed by \glitch31415\STEAM_0:0:743386914\ with "9mmAR"
L 01/05/2025 - 10:27:57: \koolaid\STEAM_0:1:541489370\ killed by \glitch31415\STEAM_0:0:743386914\ with "shotgun"
L 01/05/2025 - 10:28:07: \koolaid\STEAM_0:1:541489370\ say "how do i right click shotgun"
L 01/05/2025 - 10:28:11: \glitch31415\STEAM_0:0:743386914\ say "forward mouse button"
L 01/05/2025 - 10:28:33: \glitch31415\STEAM_0:0:743386914\ say "you can set it to something else if you want"
L 01/05/2025 - 10:29:02: \koolaid\STEAM_0:1:541489370\ killed by \glitch31415\STEAM_0:0:743386914\ with "shotgun"
L 01/05/2025 - 10:29:19: \koolaid\STEAM_0:1:541489370\ committed suicide with "grenade"
L 01/05/2025 - 10:29:19: \glitch31415\STEAM_0:0:743386914\ killed by \koolaid\STEAM_0:1:541489370\ with "grenade"
L 01/05/2025 - 10:29:45: \koolaid\STEAM_0:1:541489370\ killed by \glitch31415\STEAM_0:0:743386914\ with "shotgun"
L 01/05/2025 - 10:29:53: \glitch31415\STEAM_0:0:743386914\ say "you don't even need to double click lol"
L 01/05/2025 - 10:29:56: \glitch31415\STEAM_0:0:743386914\ say "unless your aim sucks"
L 01/05/2025 - 10:30:07: \koolaid\STEAM_0:1:541489370\ say "my aim do be suckin rn"
L 01/05/2025 - 10:30:07: \glitch31415\STEAM_0:0:743386914\ say "but even then it only goes from 2 degrees to 3 degrees"
L 01/05/2025 - 10:30:18: \koolaid\STEAM_0:1:541489370\ committed suicide with "grenade"
L 01/05/2025 - 10:30:18: \glitch31415\STEAM_0:0:743386914\ killed by \koolaid\STEAM_0:1:541489370\ with "grenade"
L 01/05/2025 - 10:30:53: \glitch31415\STEAM_0:0:743386914\ killed by \koolaid\STEAM_0:1:541489370\ with "grenade"
L 01/05/2025 - 10:31:06: \koolaid\STEAM_0:1:541489370\ say "!rtv"
L 01/05/2025 - 10:31:15: \glitch31415\STEAM_0:0:743386914\ say "no exclamation point"
L 01/05/2025 - 10:31:19: \koolaid\STEAM_0:1:541489370\ say "rtv"
L 01/05/2025 - 10:31:21: \glitch31415\STEAM_0:0:743386914\ committed suicide with "grenade"
L 01/05/2025 - 10:31:41: \koolaid\STEAM_0:1:541489370\ say "is that ravenholm"
L 01/05/2025 - 10:31:44: \glitch31415\STEAM_0:0:743386914\ say "ye"
L 01/05/2025 - 10:31:47: \koolaid\STEAM_0:1:541489370\ say "aight"
L 01/05/2025 - 10:31:54: Server cvar "amx_nextmap" = "d1_town_01"
L 01/05/2025 - 10:31:59: [META] (debug:3) Calling amxmodx_mm_i386.so:ClientDisconnect()
L 01/05/2025 - 10:31:59: [META] (debug:3) Calling engine_amxx_i386.so:ClientDisconnect()
L 01/05/2025 - 10:31:59: [META] (debug:3) Calling server.so:ClientDisconnect()
L 01/05/2025 - 10:31:59: \bot3\BOT\ disconnected
L 01/05/2025 - 10:31:59: Dropped bot3 from server
L 01/05/2025 - 10:31:59: Reason:  Dropping fakeclient on level change
L 01/05/2025 - 10:31:59: [META] (debug:3) Calling amxmodx_mm_i386.so:ClientDisconnect()
L 01/05/2025 - 10:31:59: [META] (debug:3) Calling engine_amxx_i386.so:ClientDisconnect()
L 01/05/2025 - 10:31:59: [META] (debug:3) Calling server.so:ClientDisconnect()
L 01/05/2025 - 10:31:59: \bot1\BOT\ disconnected
L 01/05/2025 - 10:31:59: Dropped bot1 from server
L 01/05/2025 - 10:31:59: Reason:  Dropping fakeclient on level change
L 01/05/2025 - 10:31:59: [META] (debug:3) Calling amxmodx_mm_i386.so:ClientDisconnect()
L 01/05/2025 - 10:31:59: [META] (debug:3) Calling engine_amxx_i386.so:ClientDisconnect()
L 01/05/2025 - 10:31:59: [META] (debug:3) Calling server.so:ClientDisconnect()
L 01/05/2025 - 10:31:59: \bot2\BOT\ disconnected
L 01/05/2025 - 10:31:59: Dropped bot2 from server
L 01/05/2025 - 10:31:59: Reason:  Dropping fakeclient on level change
L 01/05/2025 - 10:31:59: [META] (debug:3) Calling amxmodx_mm_i386.so:ServerDeactivate()
L 01/05/2025 - 10:31:59: [META] (debug:3) Calling engine_amxx_i386.so:ServerDeactivate()
L 01/05/2025 - 10:31:59: [META] (debug:3) Calling server.so:ServerDeactivate()
L 01/05/2025 - 10:31:59: \koolaid\STEAM_0:1:541489370\ -53 points, 14 deaths
L 01/05/2025 - 10:31:59: \glitch31415\STEAM_0:0:743386914\ 35 points, 7 deaths
L 01/05/2025 - 10:31:59: [META] (debug:3) Calling amxmodx_mm_i386.so:ServerDeactivate_Post()
L 01/05/2025 - 10:31:59: [META] (debug:3) Calling fakemeta_amxx_i386.so:ServerDeactivate_Post()
L 01/05/2025 - 10:31:59: [META] ini: Begin re-reading plugins list: /home/glitch/.steam/debian-installation/steamapps/common/hlds/valve/addons/metamod/plugins.ini
L 01/05/2025 - 10:31:59: [META] ini: Read plugin config for: AMX Mod X
L 01/05/2025 - 10:31:59: [META] ini: Finished reading plugins list: /home/glitch/.steam/debian-installation/steamapps/common/hlds/valve/addons/metamod/plugins.ini; Found 1 plugins
L 01/05/2025 - 10:31:59: [META] dll: Updating plugins...
L 01/05/2025 - 10:31:59: [META] (debug:1) Keeping plugin 'AMX Mod X'
L 01/05/2025 - 10:31:59: [META] dll: Finished updating 5 plugins; kept 1, loaded 0, unloaded 0, reloaded 0, delayed 0
L 01/05/2025 - 10:31:59: [META] (debug:3) Calling amxmodx_mm_i386.so:ClientDisconnect()
L 01/05/2025 - 10:31:59: [META] (debug:3) Calling engine_amxx_i386.so:ClientDisconnect()
L 01/05/2025 - 10:31:59: [META] (debug:3) Calling server.so:ClientDisconnect()
L 01/05/2025 - 10:31:59: \koolaid\STEAM_0:1:541489370\ disconnected
L 01/05/2025 - 10:31:59: [META] (debug:3) Calling amxmodx_mm_i386.so:ClientDisconnect()
L 01/05/2025 - 10:31:59: [META] (debug:3) Calling engine_amxx_i386.so:ClientDisconnect()
L 01/05/2025 - 10:31:59: [META] (debug:3) Calling server.so:ClientDisconnect()
L 01/05/2025 - 10:31:59: \glitch31415\STEAM_0:0:743386914\ disconnected with 35 points
L 01/05/2025 - 10:31:59: Log file closed

-------------------------------------------------------------------------------

