L 01/04/2025 - 23:17:39: Log file started (file "logs/L0104003.log") (game "valve") (version "48/1.1.2.2/Stdio/3897")
L 01/04/2025 - 23:17:39: Loading map "lambda_bunker_extended"
L 01/04/2025 - 23:17:39: Server cvar "mp_soundvariety" = "0"
L 01/04/2025 - 23:17:39: Server cvar "mp_soundvariety" = "1"
L 01/04/2025 - 23:17:39: [META] (debug:3) user message registered again: name=VoiceMask, msgid=64
L 01/04/2025 - 23:17:39: [META] (debug:3) user message registered again: name=ReqState, msgid=65
L 01/04/2025 - 23:17:39: [META] ERROR: Couldn't find game entity 'info_intermission' in game DLL 'valve': /home/glitch/.steam/debian-installation/steamapps/common/hlds/valve/dlls/server.so: undefined symbol: info_intermission
L 01/04/2025 - 23:17:39: [META] (debug:3) Calling amxmodx_mm_i386.so:ServerActivate()
L 01/04/2025 - 23:17:39: [META] (debug:3) Calling engine_amxx_i386.so:ServerActivate()
L 01/04/2025 - 23:17:39: [META] (debug:3) Calling fakemeta_amxx_i386.so:ServerActivate()
L 01/04/2025 - 23:17:39: [META] (debug:3) Calling server.so:ServerActivate()
L 01/04/2025 - 23:17:39: Server cvar "mp_nextmap" = "coolrig"
L 01/04/2025 - 23:17:39: [META] (debug:3) Calling amxmodx_mm_i386.so:ServerActivate_Post()
L 01/04/2025 - 23:17:39: Server cvar "amx_nextmap" = "e1m1"
L 01/04/2025 - 23:17:39: Enemy stats: 0k health, 0 npcs
L 01/04/2025 - 23:17:40: Started map "lambda_bunker_extended" (CRC "-1186846110")
L 01/04/2025 - 23:17:40: [META] (debug:3) Calling engine_amxx_i386.so:ClientConnect()
L 01/04/2025 - 23:17:40: [META] (debug:3) Calling fun_amxx_i386.so:ClientConnect()
L 01/04/2025 - 23:17:40: [META] (debug:3) Calling server.so:ClientConnect()
L 01/04/2025 - 23:17:40: \glitch31415\STEAM_0:0:743386914\ connected from address 127.0.0.1:27005
L 01/04/2025 - 23:17:40: [META] (debug:3) Calling amxmodx_mm_i386.so:ClientConnect_Post()
L 01/04/2025 - 23:17:40: [META] (debug:3) Calling engine_amxx_i386.so:ClientConnect()
L 01/04/2025 - 23:17:40: [META] (debug:3) Calling fun_amxx_i386.so:ClientConnect()
L 01/04/2025 - 23:17:40: [META] (debug:3) Calling server.so:ClientConnect()
L 01/04/2025 - 23:17:40: \koolaid\STEAM_0:1:541489370\ connected from address 97.115.239.149:46601
L 01/04/2025 - 23:17:40: [META] (debug:3) Calling amxmodx_mm_i386.so:ClientConnect_Post()
L 01/04/2025 - 23:17:41: Dropped glitch31415 from server
L 01/04/2025 - 23:17:41: Reason:  Client sent 'drop'
L 01/04/2025 - 23:17:42: Dropped koolaid from server
L 01/04/2025 - 23:17:42: Reason:  Client sent 'drop'
L 01/04/2025 - 23:17:42: [META] (debug:3) Calling engine_amxx_i386.so:ClientConnect()
L 01/04/2025 - 23:17:42: [META] (debug:3) Calling fun_amxx_i386.so:ClientConnect()
L 01/04/2025 - 23:17:42: [META] (debug:3) Calling server.so:ClientConnect()
L 01/04/2025 - 23:17:42: \glitch31415\STEAM_0:0:743386914\ connected from address 127.0.0.1:27005
L 01/04/2025 - 23:17:42: [META] (debug:3) Calling amxmodx_mm_i386.so:ClientConnect_Post()
L 01/04/2025 - 23:17:43: \bot3\BOT\ connected from address 127.0.0.1
L 01/04/2025 - 23:17:43: \bot3\BOT\ entered the game as ld_gordon(152,244)
L 01/04/2025 - 23:17:43: "glitch31415<8><STEAM_0:0:743386914><>" STEAM USERID validated
L 01/04/2025 - 23:17:43: \bot2\BOT\ connected from address 127.0.0.1
L 01/04/2025 - 23:17:43: \bot2\BOT\ entered the game as ld_gordon(57,140)
L 01/04/2025 - 23:17:43: \bot1\BOT\ connected from address 127.0.0.1
L 01/04/2025 - 23:17:43: \bot1\BOT\ entered the game as ld_gordon(66,47)
L 01/04/2025 - 23:17:44: [META] (debug:3) Calling server.so:ClientPutInServer()
L 01/04/2025 - 23:17:44: [META] (debug:3) Calling engine:QueryClientCvarValue2()
L 01/04/2025 - 23:17:44: [META] (debug:3) Calling amxmodx_mm_i386.so:ClientPutInServer_Post()
L 01/04/2025 - 23:17:44: \glitch31415\STEAM_0:0:743386914\ entered the game as wireframe(76,76)
L 01/04/2025 - 23:17:44: [META] (debug:3) Calling amxmodx_mm_i386.so:CvarValue2()
L 01/04/2025 - 23:17:44: [META] (debug:3) Calling server.so:CvarValue2()
L 01/04/2025 - 23:17:44: [META] (debug:3) Calling engine:QueryClientCvarValue2()
L 01/04/2025 - 23:17:45: [META] (debug:3) Calling amxmodx_mm_i386.so:CvarValue2()
L 01/04/2025 - 23:17:45: [META] (debug:3) Calling server.so:CvarValue2()
L 01/04/2025 - 23:17:45: [META] (debug:3) Calling engine:QueryClientCvarValue2()
L 01/04/2025 - 23:17:45: [META] (debug:3) Calling amxmodx_mm_i386.so:CvarValue2()
L 01/04/2025 - 23:17:45: [META] (debug:3) Calling server.so:CvarValue2()
L 01/04/2025 - 23:17:45: [META] (debug:3) Calling engine:QueryClientCvarValue2()
L 01/04/2025 - 23:17:45: [META] (debug:3) Calling engine_amxx_i386.so:ClientConnect()
L 01/04/2025 - 23:17:45: [META] (debug:3) Calling fun_amxx_i386.so:ClientConnect()
L 01/04/2025 - 23:17:45: [META] (debug:3) Calling server.so:ClientConnect()
L 01/04/2025 - 23:17:45: \koolaid\STEAM_0:1:541489370\ connected from address 97.115.239.149:46601
L 01/04/2025 - 23:17:45: [META] (debug:3) Calling amxmodx_mm_i386.so:ClientConnect_Post()
L 01/04/2025 - 23:17:45: [META] (debug:3) Calling amxmodx_mm_i386.so:CvarValue2()
L 01/04/2025 - 23:17:45: [META] (debug:3) Calling server.so:CvarValue2()
L 01/04/2025 - 23:17:45: \glitch31415\STEAM_0:0:743386914\ Client version: Adrenaline Gamer (OpenGL)
L 01/04/2025 - 23:17:45: "koolaid<12><STEAM_0:1:541489370><>" STEAM USERID validated
L 01/04/2025 - 23:19:32: Dropped koolaid from server
L 01/04/2025 - 23:19:32: Reason:  Client sent 'drop'
L 01/04/2025 - 23:20:14: [META] (debug:3) Calling engine_amxx_i386.so:ClientConnect()
L 01/04/2025 - 23:20:14: [META] (debug:3) Calling fun_amxx_i386.so:ClientConnect()
L 01/04/2025 - 23:20:14: [META] (debug:3) Calling server.so:ClientConnect()
L 01/04/2025 - 23:20:14: \koolaid\STEAM_0:1:541489370\ connected from address 97.115.239.149:46601
L 01/04/2025 - 23:20:14: [META] (debug:3) Calling amxmodx_mm_i386.so:ClientConnect_Post()
L 01/04/2025 - 23:20:14: "koolaid<13><STEAM_0:1:541489370><>" STEAM USERID validated
L 01/04/2025 - 23:21:38: Dropped koolaid from server
L 01/04/2025 - 23:21:38: Reason:  Client sent 'drop'
L 01/04/2025 - 23:23:00: [META] (debug:3) Calling engine_amxx_i386.so:ClientConnect()
L 01/04/2025 - 23:23:00: [META] (debug:3) Calling fun_amxx_i386.so:ClientConnect()
L 01/04/2025 - 23:23:00: [META] (debug:3) Calling server.so:ClientConnect()
L 01/04/2025 - 23:23:00: \koolaid\STEAM_0:1:541489370\ connected from address 97.115.239.149:60825
L 01/04/2025 - 23:23:00: [META] (debug:3) Calling amxmodx_mm_i386.so:ClientConnect_Post()
L 01/04/2025 - 23:23:00: "koolaid<14><STEAM_0:1:541489370><>" STEAM USERID validated
L 01/04/2025 - 23:23:03: Dropped koolaid from server
L 01/04/2025 - 23:23:03: Reason:  Client sent 'drop'
L 01/04/2025 - 23:23:03: [META] (debug:3) Calling engine_amxx_i386.so:ClientConnect()
L 01/04/2025 - 23:23:03: [META] (debug:3) Calling fun_amxx_i386.so:ClientConnect()
L 01/04/2025 - 23:23:03: [META] (debug:3) Calling server.so:ClientConnect()
L 01/04/2025 - 23:23:03: \koolaid\STEAM_0:1:541489370\ connected from address 97.115.239.149:60825
L 01/04/2025 - 23:23:03: [META] (debug:3) Calling amxmodx_mm_i386.so:ClientConnect_Post()
L 01/04/2025 - 23:23:03: "koolaid<15><STEAM_0:1:541489370><>" STEAM USERID validated
L 01/04/2025 - 23:23:18: Dropped koolaid from server
L 01/04/2025 - 23:23:18: Reason:  Client sent 'drop'
L 01/04/2025 - 23:24:32: [META] (debug:3) Calling engine_amxx_i386.so:ClientConnect()
L 01/04/2025 - 23:24:32: [META] (debug:3) Calling fun_amxx_i386.so:ClientConnect()
L 01/04/2025 - 23:24:32: [META] (debug:3) Calling server.so:ClientConnect()
L 01/04/2025 - 23:24:32: \koolaid\STEAM_0:1:541489370\ connected from address 97.115.239.149:32806
L 01/04/2025 - 23:24:32: [META] (debug:3) Calling amxmodx_mm_i386.so:ClientConnect_Post()
L 01/04/2025 - 23:24:33: "koolaid<16><STEAM_0:1:541489370><>" STEAM USERID validated
L 01/04/2025 - 23:24:35: Dropped koolaid from server
L 01/04/2025 - 23:24:35: Reason:  Client sent 'drop'
L 01/04/2025 - 23:24:35: [META] (debug:3) Calling engine_amxx_i386.so:ClientConnect()
L 01/04/2025 - 23:24:35: [META] (debug:3) Calling fun_amxx_i386.so:ClientConnect()
L 01/04/2025 - 23:24:35: [META] (debug:3) Calling server.so:ClientConnect()
L 01/04/2025 - 23:24:35: \koolaid\STEAM_0:1:541489370\ connected from address 97.115.239.149:32806
L 01/04/2025 - 23:24:35: [META] (debug:3) Calling amxmodx_mm_i386.so:ClientConnect_Post()
L 01/04/2025 - 23:24:36: "koolaid<17><STEAM_0:1:541489370><>" STEAM USERID validated
L 01/04/2025 - 23:24:57: Dropped koolaid from server
L 01/04/2025 - 23:24:57: Reason:  Client sent 'drop'
L 01/04/2025 - 23:25:49: [META] (debug:3) Calling engine_amxx_i386.so:ClientConnect()
L 01/04/2025 - 23:25:49: [META] (debug:3) Calling fun_amxx_i386.so:ClientConnect()
L 01/04/2025 - 23:25:49: [META] (debug:3) Calling server.so:ClientConnect()
L 01/04/2025 - 23:25:49: \koolaid\STEAM_0:1:541489370\ connected from address 97.115.239.149:47642
L 01/04/2025 - 23:25:49: [META] (debug:3) Calling amxmodx_mm_i386.so:ClientConnect_Post()
L 01/04/2025 - 23:25:49: "koolaid<18><STEAM_0:1:541489370><>" STEAM USERID validated
L 01/04/2025 - 23:25:52: Dropped koolaid from server
L 01/04/2025 - 23:25:52: Reason:  Client sent 'drop'
L 01/04/2025 - 23:25:52: [META] (debug:3) Calling engine_amxx_i386.so:ClientConnect()
L 01/04/2025 - 23:25:52: [META] (debug:3) Calling fun_amxx_i386.so:ClientConnect()
L 01/04/2025 - 23:25:52: [META] (debug:3) Calling server.so:ClientConnect()
L 01/04/2025 - 23:25:52: \koolaid\STEAM_0:1:541489370\ connected from address 97.115.239.149:47642
L 01/04/2025 - 23:25:52: [META] (debug:3) Calling amxmodx_mm_i386.so:ClientConnect_Post()
L 01/04/2025 - 23:25:52: "koolaid<19><STEAM_0:1:541489370><>" STEAM USERID validated
L 01/04/2025 - 23:27:10: Dropped koolaid from server
L 01/04/2025 - 23:27:10: Reason:  Client sent 'drop'
L 01/04/2025 - 23:27:12: [META] (debug:3) Calling engine_amxx_i386.so:ClientConnect()
L 01/04/2025 - 23:27:12: [META] (debug:3) Calling fun_amxx_i386.so:ClientConnect()
L 01/04/2025 - 23:27:12: [META] (debug:3) Calling server.so:ClientConnect()
L 01/04/2025 - 23:27:12: \koolaid\STEAM_0:1:541489370\ connected from address 97.115.239.149:47642
L 01/04/2025 - 23:27:12: [META] (debug:3) Calling amxmodx_mm_i386.so:ClientConnect_Post()
L 01/04/2025 - 23:27:12: "koolaid<20><STEAM_0:1:541489370><>" STEAM USERID validated
L 01/04/2025 - 23:27:15: [META] (debug:3) Calling server.so:ClientPutInServer()
L 01/04/2025 - 23:27:15: [META] (debug:3) Calling engine:QueryClientCvarValue2()
L 01/04/2025 - 23:27:15: [META] (debug:3) Calling amxmodx_mm_i386.so:ClientPutInServer_Post()
L 01/04/2025 - 23:27:15: \koolaid\STEAM_0:1:541489370\ entered the game as recon(125,250)
L 01/04/2025 - 23:27:15: [META] (debug:3) Calling amxmodx_mm_i386.so:CvarValue2()
L 01/04/2025 - 23:27:15: [META] (debug:3) Calling server.so:CvarValue2()
L 01/04/2025 - 23:27:15: [META] (debug:3) Calling engine:QueryClientCvarValue2()
L 01/04/2025 - 23:27:16: [META] (debug:3) Calling amxmodx_mm_i386.so:CvarValue2()
L 01/04/2025 - 23:27:16: [META] (debug:3) Calling server.so:CvarValue2()
L 01/04/2025 - 23:27:16: [META] (debug:3) Calling engine:QueryClientCvarValue2()
L 01/04/2025 - 23:27:16: [META] (debug:3) Calling amxmodx_mm_i386.so:CvarValue2()
L 01/04/2025 - 23:27:16: [META] (debug:3) Calling server.so:CvarValue2()
L 01/04/2025 - 23:27:16: [META] (debug:3) Calling engine:QueryClientCvarValue2()
L 01/04/2025 - 23:27:16: [META] (debug:3) Calling amxmodx_mm_i386.so:CvarValue2()
L 01/04/2025 - 23:27:16: [META] (debug:3) Calling server.so:CvarValue2()
L 01/04/2025 - 23:27:16: \koolaid\STEAM_0:1:541489370\ Client version: Half-Life (OpenGL)
L 01/04/2025 - 23:27:26: [META] (debug:3) Calling amxmodx_mm_i386.so:ClientDisconnect()
L 01/04/2025 - 23:27:26: [META] (debug:3) Calling engine_amxx_i386.so:ClientDisconnect()
L 01/04/2025 - 23:27:26: [META] (debug:3) Calling server.so:ClientDisconnect()
L 01/04/2025 - 23:27:26: \koolaid\STEAM_0:1:541489370\ disconnected
L 01/04/2025 - 23:27:26: Dropped koolaid from server
L 01/04/2025 - 23:27:26: Reason:  Banned for move commands flooding (Avg)
L 01/04/2025 - 23:31:17: Rcon: "rcon 1608141599 "5pgW37D7ad" restart" from "127.0.0.1:27005"
L 01/04/2025 - 23:31:17: [META] (debug:3) Calling amxmodx_mm_i386.so:ClientDisconnect()
L 01/04/2025 - 23:31:17: [META] (debug:3) Calling engine_amxx_i386.so:ClientDisconnect()
L 01/04/2025 - 23:31:17: [META] (debug:3) Calling server.so:ClientDisconnect()
L 01/04/2025 - 23:31:17: \bot3\BOT\ disconnected
L 01/04/2025 - 23:31:17: Dropped bot3 from server
L 01/04/2025 - 23:31:17: Reason:  Dropping fakeclient on level change
L 01/04/2025 - 23:31:17: [META] (debug:3) Calling amxmodx_mm_i386.so:ClientDisconnect()
L 01/04/2025 - 23:31:17: [META] (debug:3) Calling engine_amxx_i386.so:ClientDisconnect()
L 01/04/2025 - 23:31:17: [META] (debug:3) Calling server.so:ClientDisconnect()
L 01/04/2025 - 23:31:17: \bot2\BOT\ disconnected
L 01/04/2025 - 23:31:17: Dropped bot2 from server
L 01/04/2025 - 23:31:17: Reason:  Dropping fakeclient on level change
L 01/04/2025 - 23:31:17: [META] (debug:3) Calling amxmodx_mm_i386.so:ClientDisconnect()
L 01/04/2025 - 23:31:17: [META] (debug:3) Calling engine_amxx_i386.so:ClientDisconnect()
L 01/04/2025 - 23:31:17: [META] (debug:3) Calling server.so:ClientDisconnect()
L 01/04/2025 - 23:31:17: \bot1\BOT\ disconnected
L 01/04/2025 - 23:31:17: Dropped bot1 from server
L 01/04/2025 - 23:31:17: Reason:  Dropping fakeclient on level change
L 01/04/2025 - 23:31:17: [META] (debug:3) Calling amxmodx_mm_i386.so:ServerDeactivate()
L 01/04/2025 - 23:31:17: [META] (debug:3) Calling engine_amxx_i386.so:ServerDeactivate()
L 01/04/2025 - 23:31:17: [META] (debug:3) Calling server.so:ServerDeactivate()
L 01/04/2025 - 23:31:17: \glitch31415\STEAM_0:0:743386914\ 0 points, 0 deaths
L 01/04/2025 - 23:31:17: [META] (debug:3) Calling amxmodx_mm_i386.so:ServerDeactivate_Post()
L 01/04/2025 - 23:31:17: [META] (debug:3) Calling fakemeta_amxx_i386.so:ServerDeactivate_Post()
L 01/04/2025 - 23:31:17: [META] ini: Begin re-reading plugins list: /home/glitch/.steam/debian-installation/steamapps/common/hlds/valve/addons/metamod/plugins.ini
L 01/04/2025 - 23:31:17: [META] ini: Read plugin config for: AMX Mod X
L 01/04/2025 - 23:31:17: [META] ini: Finished reading plugins list: /home/glitch/.steam/debian-installation/steamapps/common/hlds/valve/addons/metamod/plugins.ini; Found 1 plugins
L 01/04/2025 - 23:31:17: [META] dll: Updating plugins...
L 01/04/2025 - 23:31:17: [META] (debug:1) Keeping plugin 'AMX Mod X'
L 01/04/2025 - 23:31:17: [META] dll: Finished updating 5 plugins; kept 1, loaded 0, unloaded 0, reloaded 0, delayed 0
L 01/04/2025 - 23:31:17: [META] (debug:3) Calling amxmodx_mm_i386.so:ClientDisconnect()
L 01/04/2025 - 23:31:17: [META] (debug:3) Calling engine_amxx_i386.so:ClientDisconnect()
L 01/04/2025 - 23:31:17: [META] (debug:3) Calling server.so:ClientDisconnect()
L 01/04/2025 - 23:31:17: \glitch31415\STEAM_0:0:743386914\ disconnected
L 01/04/2025 - 23:31:17: Log file closed

-------------------------------------------------------------------------------

