L 01/05/2025 - 23:06:04: Log file started (file "logs/L0105008.log") (game "valve") (version "48/1.1.2.2/Stdio/3897")
L 01/05/2025 - 23:06:04: Loading map "sc_test"
L 01/05/2025 - 23:06:05: Server cvar "mp_soundvariety" = "0"
L 01/05/2025 - 23:06:05: Server cvar "mp_soundvariety" = "1"
L 01/05/2025 - 23:06:05: [META] (debug:3) user message registered again: name=VoiceMask, msgid=64
L 01/05/2025 - 23:06:05: [META] (debug:3) user message registered again: name=ReqState, msgid=65
L 01/05/2025 - 23:06:05: [META] ERROR: Couldn't find game entity 'info_texlights' in game DLL 'valve': /home/glitch/.steam/debian-installation/steamapps/common/hlds/valve/dlls/server.so: undefined symbol: info_texlights
L 01/05/2025 - 23:06:05: [META] (debug:3) Calling amxmodx_mm_i386.so:ServerActivate()
L 01/05/2025 - 23:06:05: [META] (debug:3) Calling engine_amxx_i386.so:ServerActivate()
L 01/05/2025 - 23:06:05: [META] (debug:3) Calling fakemeta_amxx_i386.so:ServerActivate()
L 01/05/2025 - 23:06:05: [META] (debug:3) Calling server.so:ServerActivate()
L 01/05/2025 - 23:06:05: Server cvar "mp_nextmap" = "crossfireXL"
L 01/05/2025 - 23:06:05: [META] (debug:3) Calling amxmodx_mm_i386.so:ServerActivate_Post()
L 01/05/2025 - 23:06:05: Enemy stats: 2k health, 12+ npcs
L 01/05/2025 - 23:06:05: Started map "sc_test" (CRC "1581495514")
L 01/05/2025 - 23:06:08: \bot3\BOT\ connected from address 127.0.0.1
L 01/05/2025 - 23:06:08: \bot3\BOT\ entered the game as ld_gordon(217,66)
L 01/05/2025 - 23:06:08: \bot2\BOT\ connected from address 127.0.0.1
L 01/05/2025 - 23:06:08: \bot2\BOT\ entered the game as ld_gordon(158,31)
L 01/05/2025 - 23:06:08: \bot1\BOT\ connected from address 127.0.0.1
L 01/05/2025 - 23:06:08: \bot1\BOT\ entered the game as ld_gordon(14,242)
L 01/05/2025 - 23:42:57: [META] (debug:3) Calling engine_amxx_i386.so:ClientConnect()
L 01/05/2025 - 23:42:57: [META] (debug:3) Calling fun_amxx_i386.so:ClientConnect()
L 01/05/2025 - 23:42:57: [META] (debug:3) Calling server.so:ClientConnect()
L 01/05/2025 - 23:42:57: \Kelleigh^215\STEAM_0:1:753356392\ connected from address 69.131.107.37:27005
L 01/05/2025 - 23:42:57: [META] (debug:3) Calling amxmodx_mm_i386.so:ClientConnect_Post()
L 01/05/2025 - 23:42:58: "Kelleigh^215<4><STEAM_0:1:753356392><>" STEAM USERID validated
L 01/05/2025 - 23:43:00: Dropped Kelleigh^215 from server
L 01/05/2025 - 23:43:00: Reason:  Client sent 'drop'
L 01/05/2025 - 23:43:11: [META] (debug:3) Calling engine_amxx_i386.so:ClientConnect()
L 01/05/2025 - 23:43:11: [META] (debug:3) Calling fun_amxx_i386.so:ClientConnect()
L 01/05/2025 - 23:43:11: [META] (debug:3) Calling server.so:ClientConnect()
L 01/05/2025 - 23:43:11: \Kelleigh^215\STEAM_0:1:753356392\ connected from address 69.131.107.37:27005
L 01/05/2025 - 23:43:11: [META] (debug:3) Calling amxmodx_mm_i386.so:ClientConnect_Post()
L 01/05/2025 - 23:43:11: "Kelleigh^215<5><STEAM_0:1:753356392><>" STEAM USERID validated
L 01/05/2025 - 23:43:16: [META] (debug:3) Calling server.so:ClientPutInServer()
L 01/05/2025 - 23:43:16: [META] (debug:3) Calling engine:QueryClientCvarValue2()
L 01/05/2025 - 23:43:16: [META] (debug:3) Calling amxmodx_mm_i386.so:ClientPutInServer_Post()
L 01/05/2025 - 23:43:16: \Kelleigh^215\STEAM_0:1:753356392\ entered the game as skeleton(8,11)
L 01/05/2025 - 23:43:16: [META] (debug:3) Calling amxmodx_mm_i386.so:CvarValue2()
L 01/05/2025 - 23:43:16: [META] (debug:3) Calling server.so:CvarValue2()
L 01/05/2025 - 23:43:16: [META] (debug:3) Calling engine:QueryClientCvarValue2()
L 01/05/2025 - 23:43:17: [META] (debug:3) Calling amxmodx_mm_i386.so:CvarValue2()
L 01/05/2025 - 23:43:17: [META] (debug:3) Calling server.so:CvarValue2()
L 01/05/2025 - 23:43:17: [META] (debug:3) Calling engine:QueryClientCvarValue2()
L 01/05/2025 - 23:43:17: [META] (debug:3) Calling amxmodx_mm_i386.so:CvarValue2()
L 01/05/2025 - 23:43:17: [META] (debug:3) Calling server.so:CvarValue2()
L 01/05/2025 - 23:43:17: [META] (debug:3) Calling engine:QueryClientCvarValue2()
L 01/05/2025 - 23:43:17: [META] (debug:3) Calling amxmodx_mm_i386.so:CvarValue2()
L 01/05/2025 - 23:43:17: [META] (debug:3) Calling server.so:CvarValue2()
L 01/05/2025 - 23:43:17: \Kelleigh^215\STEAM_0:1:753356392\ Client version: Half-Life (OpenGL)
L 01/05/2025 - 23:43:50: \Kelleigh^215\STEAM_0:1:753356392\ killed by "Human Grunt"
L 01/05/2025 - 23:43:55: \Kelleigh^215\STEAM_0:1:753356392\ killed by "Human Grunt"
L 01/05/2025 - 23:44:01: \Kelleigh^215\STEAM_0:1:753356392\ killed by "Human Grunt"
L 01/05/2025 - 23:44:05: \Kelleigh^215\STEAM_0:1:753356392\ killed by "Human Grunt"
L 01/05/2025 - 23:44:06: \Kelleigh^215\STEAM_0:1:753356392\ killed by "Human Grunt"
L 01/05/2025 - 23:44:09: \Kelleigh^215\STEAM_0:1:753356392\ killed "Human Grunt" with "gluon gun"
L 01/05/2025 - 23:44:13: \Kelleigh^215\STEAM_0:1:753356392\ killed "Human Grunt" with "gluon gun"
L 01/05/2025 - 23:44:14: \Kelleigh^215\STEAM_0:1:753356392\ committed suicide with "gluon gun"
L 01/05/2025 - 23:45:11: \Kelleigh^215\STEAM_0:1:753356392\ killed "Human Grunt" with "9mmAR"
L 01/05/2025 - 23:45:12: \Kelleigh^215\STEAM_0:1:753356392\ killed "Human Grunt" with "9mmAR"
L 01/05/2025 - 23:45:27: \Kelleigh^215\STEAM_0:1:753356392\ killed "Ichthyosaur" with "9mmAR"
L 01/05/2025 - 23:45:28: \Kelleigh^215\STEAM_0:1:753356392\ killed "Ichthyosaur" with "9mmAR"
L 01/05/2025 - 23:46:44: \Kelleigh^215\STEAM_0:1:753356392\ committed suicide with "gluon gun"
L 01/05/2025 - 23:47:08: \Kelleigh^215\STEAM_0:1:753356392\ committed suicide with "rpg_rocket"
L 01/05/2025 - 23:47:08: \Kelleigh^215\STEAM_0:1:753356392\ killed "Osprey" with "rpg_rocket"
L 01/05/2025 - 23:48:52: \Kelleigh^215\STEAM_0:1:753356392\ committed suicide with "grenade"
L 01/05/2025 - 23:48:56: \Kelleigh^215\STEAM_0:1:753356392\ committed suicide with "gluon gun"
L 01/05/2025 - 23:48:59: \Kelleigh^215\STEAM_0:1:753356392\ committed suicide with "gluon gun"
L 01/05/2025 - 23:49:03: \Kelleigh^215\STEAM_0:1:753356392\ committed suicide with "gluon gun"
L 01/05/2025 - 23:49:13: \Kelleigh^215\STEAM_0:1:753356392\ committed suicide with "gluon gun"
L 01/05/2025 - 23:49:22: \Kelleigh^215\STEAM_0:1:753356392\ committed suicide with "gluon gun"
L 01/05/2025 - 23:49:27: \Kelleigh^215\STEAM_0:1:753356392\ committed suicide with "gluon gun"
L 01/05/2025 - 23:49:31: \Kelleigh^215\STEAM_0:1:753356392\ committed suicide with "gluon gun"
L 01/05/2025 - 23:49:35: \Kelleigh^215\STEAM_0:1:753356392\ committed suicide with "gluon gun"
L 01/05/2025 - 23:49:41: \Kelleigh^215\STEAM_0:1:753356392\ committed suicide with "gluon gun"
L 01/05/2025 - 23:49:46: \Kelleigh^215\STEAM_0:1:753356392\ committed suicide with "gluon gun"
L 01/05/2025 - 23:49:53: \Kelleigh^215\STEAM_0:1:753356392\ committed suicide with "gluon gun"
L 01/05/2025 - 23:49:59: \Kelleigh^215\STEAM_0:1:753356392\ committed suicide with "gluon gun"
L 01/05/2025 - 23:50:05: \Kelleigh^215\STEAM_0:1:753356392\ committed suicide with "gluon gun"
L 01/05/2025 - 23:50:34: \Kelleigh^215\STEAM_0:1:753356392\ committed suicide with "tripmine"
L 01/05/2025 - 23:50:46: \Kelleigh^215\STEAM_0:1:753356392\ committed suicide with "gluon gun"
L 01/05/2025 - 23:50:59: \Kelleigh^215\STEAM_0:1:753356392\ committed suicide with "rpg_rocket"
L 01/05/2025 - 23:51:06: \Kelleigh^215\STEAM_0:1:753356392\ committed suicide with "rpg_rocket"
L 01/05/2025 - 23:51:21: \Kelleigh^215\STEAM_0:1:753356392\ killed "Osprey" with "rpg_rocket"
L 01/05/2025 - 23:51:35: \Kelleigh^215\STEAM_0:1:753356392\ committed suicide with "gluon gun"
L 01/05/2025 - 23:51:40: \Kelleigh^215\STEAM_0:1:753356392\ committed suicide with "gluon gun"
L 01/05/2025 - 23:52:01: \Kelleigh^215\STEAM_0:1:753356392\ committed suicide with "gluon gun"
L 01/05/2025 - 23:52:17: \Kelleigh^215\STEAM_0:1:753356392\ committed suicide with "gluon gun"
L 01/05/2025 - 23:52:22: \Kelleigh^215\STEAM_0:1:753356392\ committed suicide with "gluon gun"
L 01/05/2025 - 23:52:25: \Kelleigh^215\STEAM_0:1:753356392\ committed suicide with "gluon gun"
L 01/05/2025 - 23:52:28: \Kelleigh^215\STEAM_0:1:753356392\ committed suicide with "gluon gun"
L 01/05/2025 - 23:52:33: \Kelleigh^215\STEAM_0:1:753356392\ committed suicide with "gluon gun"
L 01/05/2025 - 23:52:38: \Kelleig