L 01/22/2025 - 00:07:42: Log file started (file "logs/L0122002.log") (game "valve") (version "48/1.1.2.2/Stdio/3897")
L 01/22/2025 - 00:07:42: Loading map "d1_trainstation_02"
L 01/22/2025 - 00:07:42: Server cvar "mp_soundvariety" = "0"
L 01/22/2025 - 00:07:42: Server cvar "mp_soundvariety" = "1"
L 01/22/2025 - 00:07:42: [META] (debug:3) user message registered again: name=VoiceMask, msgid=64
L 01/22/2025 - 00:07:42: [META] (debug:3) user message registered again: name=ReqState, msgid=65
L 01/22/2025 - 00:07:42: [META] ERROR: Couldn't find game entity 'env_model' in game DLL 'valve': /home/glitch/.steam/debian-installation/steamapps/common/hlds/valve/dlls/server.so: undefined symbol: env_model
L 01/22/2025 - 00:07:42: [META] ERROR: Couldn't find game entity 'motion_manager' in game DLL 'valve': /home/glitch/.steam/debian-installation/steamapps/common/hlds/valve/dlls/server.so: undefined symbol: motion_manager
L 01/22/2025 - 00:07:42: [META] (debug:3) Calling amxmodx_mm_i386.so:ServerActivate()
L 01/22/2025 - 00:07:42: [META] (debug:3) Calling engine_amxx_i386.so:ServerActivate()
L 01/22/2025 - 00:07:42: [META] (debug:3) Calling fakemeta_amxx_i386.so:ServerActivate()
L 01/22/2025 - 00:07:42: [META] (debug:3) Calling server.so:ServerActivate()
L 01/22/2025 - 00:07:42: Server cvar "mp_nextmap" = "d1_town_01"
L 01/22/2025 - 00:07:42: [META] (debug:3) Calling amxmodx_mm_i386.so:ServerActivate_Post()
L 01/22/2025 - 00:07:42: Enemy stats: 0k health, 0 npcs
L 01/22/2025 - 00:07:43: Started map "d1_trainstation_02" (CRC "652026196")
L 01/22/2025 - 00:07:46: \bot1\BOT\ connected from address 127.0.0.1
L 01/22/2025 - 00:07:46: \bot1\BOT\ entered the game as ld_gordon(70,27)
L 01/22/2025 - 00:07:46: \bot2\BOT\ connected from address 127.0.0.1
L 01/22/2025 - 00:07:46: \bot2\BOT\ entered the game as ld_gordon(149,191)
L 01/22/2025 - 00:07:46: \bot3\BOT\ connected from address 127.0.0.1
L 01/22/2025 - 00:07:46: \bot3\BOT\ entered the game as ld_gordon(51,249)
L 01/22/2025 - 09:56:25: "[KeyTurkK]KralGeldiBurada<4><STEAM_0:1:920213943><>" STEAM USERID validated
L 01/22/2025 - 09:56:25: [META] (debug:3) Calling engine_amxx_i386.so:ClientConnect()
L 01/22/2025 - 09:56:25: [META] (debug:3) Calling fun_amxx_i386.so:ClientConnect()
L 01/22/2025 - 09:56:25: [META] (debug:3) Calling server.so:ClientConnect()
L 01/22/2025 - 09:56:25: \[KeyTurkK]KralGeldiBurada\STEAM_0:1:920213943\ connected from address 78.173.66.196:2637
L 01/22/2025 - 09:56:25: [META] (debug:3) Calling amxmodx_mm_i386.so:ClientConnect_Post()
L 01/22/2025 - 09:56:30: Dropped [KeyTurkK]KralGeldiBurada from server
L 01/22/2025 - 09:56:30: Reason:  Client sent 'drop'
L 01/22/2025 - 09:56:53: [META] (debug:3) Calling engine_amxx_i386.so:ClientConnect()
L 01/22/2025 - 09:56:53: [META] (debug:3) Calling fun_amxx_i386.so:ClientConnect()
L 01/22/2025 - 09:56:53: [META] (debug:3) Calling server.so:ClientConnect()
L 01/22/2025 - 09:56:53: \[KeyTurkK]KralGeldiBurada\STEAM_0:1:920213943\ connected from address 78.173.66.196:2637
L 01/22/2025 - 09:56:53: [META] (debug:3) Calling amxmodx_mm_i386.so:ClientConnect_Post()
L 01/22/2025 - 09:56:53: "[KeyTurkK]KralGeldiBurada<5><STEAM_0:1:920213943><>" STEAM USERID validated
L 01/22/2025 - 09:56:58: [META] (debug:3) Calling server.so:ClientPutInServer()
L 01/22/2025 - 09:56:58: [META] (debug:3) Calling engine:QueryClientCvarValue2()
L 01/22/2025 - 09:56:58: [META] (debug:3) Calling amxmodx_mm_i386.so:ClientPutInServer_Post()
L 01/22/2025 - 09:56:58: \[KeyTurkK]KralGeldiBurada\STEAM_0:1:920213943\ entered the game as red(30,6)
L 01/22/2025 - 09:56:58: [META] (debug:3) Calling amxmodx_mm_i386.so:CvarValue2()
L 01/22/2025 - 09:56:58: [META] (debug:3) Calling server.so:CvarValue2()
L 01/22/2025 - 09:56:58: [META] (debug:3) Calling engine:QueryClientCvarValue2()
L 01/22/2025 - 09:57:00: [META] (debug:3) Calling amxmodx_mm_i386.so:CvarValue2()
L 01/22/2025 - 09:57:00: [META] (debug:3) Calling server.so:CvarValue2()
L 01/22/2025 - 09:57:00: [META] (debug:3) Calling engine:QueryClientCvarValue2()
L 01/22/2025 - 09:57:01: [META] (debug:3) Calling amxmodx_mm_i386.so:CvarValue2()
L 01/22/2025 - 09:57:01: [META] (debug:3) Calling server.so:CvarValue2()
L 01/22/2025 - 09:57:01: [META] (debug:3) Calling engine:QueryClientCvarValue2()
L 01/22/2025 - 09:57:01: [META] (debug:3) Calling amxmodx_mm_i386.so:CvarValue2()
L 01/22/2025 - 09:57:01: [META] (debug:3) Calling server.so:CvarValue2()
L 01/22/2025 - 09:57:01: \[KeyTurkK]KralGeldiBurada\STEAM_0:1:920213943\ Client version: Half-Life (OpenGL)
L 01/22/2025 - 09:57:14: \[KeyTurkK]KralGeldiBurada\STEAM_0:1:920213943\ killed "Scientist" with "gluon gun"
L 01/22/2025 - 09:57:14: \[KeyTurkK]KralGeldiBurada\STEAM_0:1:920213943\ killed "Scientist" with "gluon gun"
L 01/22/2025 - 09:57:16: \[KeyTurkK]KralGeldiBurada\STEAM_0:1:920213943\ killed "Scientist" with "gluon gun"
L 01/22/2025 - 09:57:41: \[KeyTurkK]KralGeldiBurada\STEAM_0:1:920213943\ committed suicide with "gluon gun"
L 01/22/2025 - 09:58:46: \[KeyTurkK]KralGeldiBurada\STEAM_0:1:920213943\ killed "Scientist" with "gluon gun"
L 01/22/2025 - 09:58:49: \[KeyTurkK]KralGeldiBurada\STEAM_0:1:920213943\ committed suicide with "gluon gun"
L 01/22/2025 - 09:59:35: \[KeyTurkK]KralGeldiBurada\STEAM_0:1:920213943\ killed by "worldspawn"
L 01/22/2025 - 10:00:20: \[KeyTurkK]KralGeldiBurada\STEAM_0:1:920213943\ killed by "worldspawn"
L 01/22/2025 - 10:01:30: \[KeyTurkK]KralGeldiBurada\STEAM_0:1:920213943\ killed by "worldspawn"
L 01/22/2025 - 10:01:45: [META] (debug:3) Calling amxmodx_mm_i386.so:ClientDisconnect()
L 01/22/2025 - 10:01:45: [META] (debug:3) Calling engine_amxx_i386.so:ClientDisconnect()
L 01/22/2025 - 10:01:45: [META] (debug:3) Calling server.so:ClientDisconnect()
L 01/22/2025 - 10:01:45: \[KeyTurkK]KralGeldiBurada\STEAM_0:1:920213943\ disconnected
L 01/22/2025 - 10:01:45: Dropped [KeyTurkK]KralGeldiBurada from server
L 01/22/2025 - 10:01:45: Reason:  Client sent 'drop'
L 01/22/2025 - 16:33:59: "[MD] Artur<6><STEAM_0:1:643895888><>" STEAM USERID validated
L 01/22/2025 - 16:33:59: [META] (debug:3) Calling engine_amxx_i386.so:ClientConnect()
L 01/22/2025 - 16:33:59: [META] (debug:3) Calling fun_amxx_i386.so:ClientConnect()
L 01/22/2025 - 16:33:59: [META] (debug:3) Calling server.so:ClientConnect()
L 01/22/2025 - 16:33:59: \[MD] Artur\STEAM_0:1:643895888\ connected from address 37.186.111.77:27005
L 01/22/2025 - 16:33:59: [META] (debug:3) Calling amxmodx_mm_i386.so:ClientConnect_Post()
L 01/22/2025 - 16:34:04: Dropped [MD] Artur from server
L 01/22/2025 - 16:34:04: Reason:  Client sent 'drop'
L 01/22/2025 - 16:34:34: [META] (debug:3) Calling engine_amxx_i386.so:ClientConnect()
L 01/22/2025 - 16:34:34: [META] (debug:3) Calling fun_amxx_i386.so:ClientConnect()
L 01/22/2025 - 16:34:34: [META] (debug:3) Calling server.so:ClientConnect()
L 01/22/2025 - 16:34:34: \[MD] Artur\STEAM_0:1:643895888\ connected from address 37.186.111.77:27005
L 01/22/2025 - 16:34:34: [META] (debug:3) Calling amxmodx_mm_i386.so:ClientConnect_Post()
L 01/22/2025 - 16:34:34: "[MD] Artur<7><STEAM_0:1:643895888><>" STEAM USERID validated
L 01/22/2025 - 16:34:41: [META] (debug:3) Calling server.so:ClientPutInServer()
L 01/22/2025 - 16:34:41: [META] (debug:3) Calling engine:QueryClientCvarValue2()
L 01/22/2025 - 16:34:41: [META] (debug:3) Calling amxmodx_mm_i386.so:ClientPutInServer_Post()
L 01/22/2025 - 16:34:41: \[MD] Artur\STEAM_0:1:643895888\ entered the game as gordon(30,6)
L 01/22/2025 - 16:34:41: [META] (debug:3) Calling amxmodx_mm_i386.so:CvarValue2()
L 01/22/2025 - 16:34:41: [META] (debug:3) Calling server.so:CvarValue2()
L 01/22/2025 - 16:34:41: [META] (debug:3) Calling engine:QueryClientCvarValue2()
L 01/22/2025 - 16:34:43: [META] (debug:3) Calling amxmodx_mm_i386.so:CvarValue2()
L 01/22/2025 - 16:34:43: [META] (debug:3) Calling server.so:CvarValue2()
L 01/22/2025 - 16:34:43: [META] (debug:3) Calling engine:QueryClientCvarValue2()
L 01/22/2025 - 16:34:43: [META] (debug:3) Calling amxmodx_mm_i386.so:CvarValue2()
L 01/22/2025 - 16:34:43: [META] (debug:3) Calling server.so:CvarValue2()
L 01/22/2025 - 16:34:43: [META] (debug:3) Calling engine:QueryClientCvarValue2()
L 01/22/2025 - 16:34:44: [META] (debug:3) Calling amxmodx_mm_i386.so:CvarValue2()
L 01/22/2025 - 16:34:44: [META] (debug:3) Calling server.so:CvarValue2()
L 01/22/2025 - 16:34:44: \[MD] Artur\STEAM_0:1:643895888\ Client version: Half-Life (OpenGL)
L 01/22/2025 - 16:35:01: \[MD] Artur\STEAM_0:1:643895888\ say "rtv"
L 01/22/2025 - 16:35:17: \[MD] Artur\STEAM_0:1:643895888\ committed suicide with "rpg_rocket"
L 01/22/2025 - 16:35:27: \[MD] Artur\STEAM_0:1:643895888\ say "timeleft"
L 01/22/2025 - 16:35:33: \[MD] Artur\STEAM_0:1:643895888\ say "rtv"
L 01/22/2025 - 16:35:37: Server cvar "amx_nextmap" = "stalkyard"
L 01/22/2025 - 16:35:41: [META] (debug:3) Calling amxmodx_mm_i386.so:ClientDisconnect()
L 01/22/2025 - 16:35:41: [META] (debug:3) Calling engine_amxx_i386.so:ClientDisconnect()
L 01/22/2025 - 16:35:41: [META] (debug:3) Calling server.so:ClientDisconnect()
L 01/22/2025 - 16:35:41: \bot1\BOT\ disconnected
L 01/22/2025 - 16:35:41: Dropped bot1 from server
L 01/22/2025 - 16:35:41: Reason:  Dropping fakeclient on level change
L 01/22/2025 - 16:35:41: [META] (debug:3) Calling amxmodx_mm_i386.so:ClientDisconnect()
L 01/22/2025 - 16:35:41: [META] (debug:3) Calling engine_amxx_i386.so:ClientDisconnect()
L 01/22/2025 - 16:35:41: [META] (debug:3) Calling server.so:ClientDisconnect()
L 01/22/2025 - 16:35:41: \bot2\BOT\ disconnected
L 01/22/2025 - 16:35:41: Dropped bot2 from server
L 01/22/2025 - 16:35:41: Reason:  Dropping fakeclient on level change
L 01/22/2025 - 16:35:41: [META] (debug:3) Calling amxmodx_mm_i386.so:ClientDisconnect()
L 01/22/2025 - 16:35:41: [META] (debug:3) Calling engine_amxx_i386.so:ClientDisconnect()
L 01/22/2025 - 16:35:41: [META] (debug:3) Calling server.so:ClientDisconnect()
L 01/22/2025 - 16:35:41: \bot3\BOT\ disconnected
L 01/22/2025 - 16:35:41: Dropped bot3 from server
L 01/22/2025 - 16:35:41: Reason:  Dropping fakeclient on level change
L 01/22/2025 - 16:35:41: [META] (debug:3) Calling amxmodx_mm_i386.so:ServerDeactivate()
L 01/22/2025 - 16:35:41: [META] (debug:3) Calling engine_amxx_i386.so:ServerDeactivate()
L 01/22/2025 - 16:35:41: [META] (debug:3) Calling server.so:ServerDeactivate()
L 01/22/2025 - 16:35:41: \[MD] Artur\STEAM_0:1:643895888\ -6 points, 1 deaths
L 01/22/2025 - 16:35:41: [META] (debug:3) Calling amxmodx_mm_i386.so:ServerDeactivate_Post()
L 01/22/2025 - 16:35:41: [META] (debug:3) Calling fakemeta_amxx_i386.so:ServerDeactivate_Post()
L 01/22/2025 - 16:35:41: [META] ini: Begin re-reading plugins list: /home/glitch/.steam/debian-installation/steamapps/common/hlds/valve/addons/metamod/plugins.ini
L 01/22/2025 - 16:35:41: [META] ini: Read plugin config for: AMX Mod X
L 01/22/2025 - 16:35:41: [META] ini: Finished reading plugins list: /home/glitch/.steam/debian-installation/steamapps/common/hlds/valve/addons/metamod/plugins.ini; Found 1 plugins
L 01/22/2025 - 16:35:41: [META] dll: Updating plugins...
L 01/22/2025 - 16:35:41: [META] (debug:1) Keeping plugin 'AMX Mod X'
L 01/22/2025 - 16:35:41: [META] dll: Finished updating 5 plugins; kept 1, loaded 0, unloaded 0, reloaded 0, delayed 0
L 01/22/2025 - 16:35:41: [META] (debug:3) Calling amxmodx_mm_i386.so:ClientDisconnect()
L 01/22/2025 - 16:35:41: [META] (debug:3) Calling engine_amxx_i386.so:ClientDisconnect()
L 01/22/2025 - 16:35:41: [META] (debug:3) Calling server.so:ClientDisconnect()
L 01/22/2025 - 16:35:41: \[MD] Artur\STEAM_0:1:643895888\ disconnected
L 01/22/2025 - 16:35:41: Log file closed

-------------------------------------------------------------------------------

