L 01/30/2025 - 20:35:34: Log file started (file "logs/L0130011.log") (game "valve") (version "48/1.1.2.2/Stdio/3897")
L 01/30/2025 - 20:35:34: Loading map "d1_trainstation_02"
L 01/30/2025 - 20:35:34: Server cvar "mp_soundvariety" = "0"
L 01/30/2025 - 20:35:34: Server cvar "mp_soundvariety" = "1"
L 01/30/2025 - 20:35:34: [META] (debug:3) user message registered again: name=VoiceMask, msgid=64
L 01/30/2025 - 20:35:34: [META] (debug:3) user message registered again: name=ReqState, msgid=65
L 01/30/2025 - 20:35:34: [META] ERROR: Couldn't find game entity 'env_model' in game DLL 'valve': /home/glitch/.steam/debian-installation/steamapps/common/hlds/valve/dlls/server.so: undefined symbol: env_model
L 01/30/2025 - 20:35:34: [META] ERROR: Couldn't find game entity 'motion_manager' in game DLL 'valve': /home/glitch/.steam/debian-installation/steamapps/common/hlds/valve/dlls/server.so: undefined symbol: motion_manager
L 01/30/2025 - 20:35:34: [META] (debug:3) Calling amxmodx_mm_i386.so:ServerActivate()
L 01/30/2025 - 20:35:34: [META] (debug:3) Calling engine_amxx_i386.so:ServerActivate()
L 01/30/2025 - 20:35:34: [META] (debug:3) Calling fakemeta_amxx_i386.so:ServerActivate()
L 01/30/2025 - 20:35:34: [META] (debug:3) Calling server.so:ServerActivate()
L 01/30/2025 - 20:35:34: Server cvar "mp_nextmap" = "d1_town_01"
L 01/30/2025 - 20:35:34: [META] (debug:3) Calling amxmodx_mm_i386.so:ServerActivate_Post()
L 01/30/2025 - 20:35:34: Enemy stats: 0k health, 0 npcs
L 01/30/2025 - 20:35:34: Started map "d1_trainstation_02" (CRC "652026196")
L 01/30/2025 - 22:01:39: [META] (debug:3) Calling engine_amxx_i386.so:ClientConnect()
L 01/30/2025 - 22:01:39: [META] (debug:3) Calling fun_amxx_i386.so:ClientConnect()
L 01/30/2025 - 22:01:39: [META] (debug:3) Calling server.so:ClientConnect()
L 01/30/2025 - 22:01:39: \glitch31415\STEAM_0:0:743386914\ connected from address 127.0.0.1:27005
L 01/30/2025 - 22:01:39: [META] (debug:3) Calling amxmodx_mm_i386.so:ClientConnect_Post()
L 01/30/2025 - 22:01:39: "glitch31415<1><STEAM_0:0:743386914><>" STEAM USERID validated
L 01/30/2025 - 22:01:40: [META] (debug:3) Calling server.so:ClientPutInServer()
L 01/30/2025 - 22:01:40: [META] (debug:3) Calling engine:QueryClientCvarValue2()
L 01/30/2025 - 22:01:40: [META] (debug:3) Calling amxmodx_mm_i386.so:ClientPutInServer_Post()
L 01/30/2025 - 22:01:40: \glitch31415\STEAM_0:0:743386914\ entered the game as wireframe(76,76)
L 01/30/2025 - 22:01:40: [META] (debug:3) Calling amxmodx_mm_i386.so:CvarValue2()
L 01/30/2025 - 22:01:40: [META] (debug:3) Calling server.so:CvarValue2()
L 01/30/2025 - 22:01:40: [META] (debug:3) Calling engine:QueryClientCvarValue2()
L 01/30/2025 - 22:01:40: [META] (debug:3) Calling amxmodx_mm_i386.so:CvarValue2()
L 01/30/2025 - 22:01:40: [META] (debug:3) Calling server.so:CvarValue2()
L 01/30/2025 - 22:01:40: [META] (debug:3) Calling engine:QueryClientCvarValue2()
L 01/30/2025 - 22:01:40: [META] (debug:3) Calling amxmodx_mm_i386.so:CvarValue2()
L 01/30/2025 - 22:01:40: [META] (debug:3) Calling server.so:CvarValue2()
L 01/30/2025 - 22:01:40: [META] (debug:3) Calling engine:QueryClientCvarValue2()
L 01/30/2025 - 22:01:40: [META] (debug:3) Calling amxmodx_mm_i386.so:CvarValue2()
L 01/30/2025 - 22:01:40: [META] (debug:3) Calling server.so:CvarValue2()
L 01/30/2025 - 22:01:40: \glitch31415\STEAM_0:0:743386914\ Client version: Adrenaline Gamer (OpenGL)
L 01/30/2025 - 22:02:00: \glitch31415\STEAM_0:0:743386914\ killed "Scientist" with "9mmAR"
L 01/30/2025 - 22:02:02: \glitch31415\STEAM_0:0:743386914\ killed "Scientist" with "9mmAR"
L 01/30/2025 - 22:02:03: \glitch31415\STEAM_0:0:743386914\ killed "Scientist" with "9mmAR"
L 01/30/2025 - 22:02:13: \glitch31415\STEAM_0:0:743386914\ killed "Scientist" with "9mmAR"
L 01/30/2025 - 22:02:24: \glitch31415\STEAM_0:0:743386914\ killed "Scientist" with "9mmAR"
L 01/30/2025 - 22:02:35: [META] (debug:3) Calling amxmodx_mm_i386.so:ClientDisconnect()
L 01/30/2025 - 22:02:35: [META] (debug:3) Calling engine_amxx_i386.so:ClientDisconnect()
L 01/30/2025 - 22:02:35: [META] (debug:3) Calling server.so:ClientDisconnect()