L 01/30/2025 - 16:59:41: Log file started (file "logs/L0130008.log") (game "valve") (version "48/1.1.2.2/Stdio/3897")
L 01/30/2025 - 16:59:41: Loading map "d1_trainstation_02"
L 01/30/2025 - 16:59:41: Server cvar "mp_soundvariety" = "0"
L 01/30/2025 - 16:59:41: Server cvar "mp_soundvariety" = "1"
L 01/30/2025 - 16:59:41: [META] (debug:3) user message registered again: name=VoiceMask, msgid=64
L 01/30/2025 - 16:59:41: [META] (debug:3) user message registered again: name=ReqState, msgid=65
L 01/30/2025 - 16:59:41: [META] ERROR: Couldn't find game entity 'env_model' in game DLL 'valve': /home/glitch/.steam/debian-installation/steamapps/common/hlds/valve/dlls/server.so: undefined symbol: env_model
L 01/30/2025 - 16:59:41: [META] ERROR: Couldn't find game entity 'motion_manager' in game DLL 'valve': /home/glitch/.steam/debian-installation/steamapps/common/hlds/valve/dlls/server.so: undefined symbol: motion_manager
L 01/30/2025 - 16:59:41: [META] (debug:3) Calling amxmodx_mm_i386.so:ServerActivate()
L 01/30/2025 - 16:59:41: [META] (debug:3) Calling engine_amxx_i386.so:ServerActivate()
L 01/30/2025 - 16:59:41: [META] (debug:3) Calling fakemeta_amxx_i386.so:ServerActivate()
L 01/30/2025 - 16:59:41: [META] (debug:3) Calling server.so:ServerActivate()
L 01/30/2025 - 16:59:41: Server cvar "mp_nextmap" = "d1_town_01"
L 01/30/2025 - 16:59:41: [META] (debug:3) Calling amxmodx_mm_i386.so:ServerActivate_Post()
L 01/30/2025 - 16:59:41: Server cvar "amx_nextmap" = "d1_town_01"
L 01/30/2025 - 16:59:42: Enemy stats: 0k health, 0 npcs
L 01/30/2025 - 16:59:42: Started map "d1_trainstation_02" (CRC "652026196")
L 01/30/2025 - 16:59:45: \bot2\BOT\ connected from address 127.0.0.1
L 01/30/2025 - 16:59:45: \bot2\BOT\ entered the game as ld_gordon(96,80)
L 01/30/2025 - 16:59:45: \bot3\BOT\ connected from address 127.0.0.1
L 01/30/2025 - 16:59:45: \bot3\BOT\ entered the game as ld_gordon(245,89)
L 01/30/2025 - 16:59:45: \bot1\BOT\ connected from address 127.0.0.1
L 01/30/2025 - 16:59:45: \bot1\BOT\ entered the game as ld_gordon(90,225)
L 01/30/2025 - 17:00:07: [META] (debug:3) Calling engine_amxx_i386.so:ClientConnect()
L 01/30/2025 - 17:00:07: [META] (debug:3) Calling fun_amxx_i386.so:ClientConnect()
L 01/30/2025 - 17:00:07: [META] (debug:3) Calling server.so:ClientConnect()
L 01/30/2025 - 17:00:07: \glitch31415\STEAM_0:0:743386914\ connected from address 127.0.0.1:27005
L 01/30/2025 - 17:00:07: [META] (debug:3) Calling amxmodx_mm_i386.so:ClientConnect_Post()
L 01/30/2025 - 17:00:07: "glitch31415<4><STEAM_0:0:743386914><>" STEAM USERID validated
L 01/30/2025 - 17:00:09: Dropped glitch31415 from server
L 01/30/2025 - 17:00:09: Reason:  Client sent 'drop'
L 01/30/2025 - 17:00:09: [META] (debug:3) Calling engine_amxx_i386.so:ClientConnect()
L 01/30/2025 - 17:00:09: [META] (debug:3) Calling fun_amxx_i386.so:ClientConnect()
L 01/30/2025 - 17:00:09: [META] (debug:3) Calling server.so:ClientConnect()
L 01/30/2025 - 17:00:09: \glitch31415\STEAM_0:0:743386914\ connected from address 127.0.0.1:27005
L 01/30/2025 - 17:00:09: [META] (debug:3) Calling amxmodx_mm_i386.so:ClientConnect_Post()
L 01/30/2025 - 17:00:09: "glitch31415<5><STEAM_0:0:743386914><>" STEAM USERID validated
L 01/30/2025 - 17:00:11: [META] (debug:3) Calling server.so:ClientPutInServer()
L 01/30/2025 - 17:00:11: [META] (debug:3) Calling engine:QueryClientCvarValue2()
L 01/30/2025 - 17:00:11: [META] (debug:3) Calling amxmodx_mm_i386.so:ClientPutInServer_Post()
L 01/30/2025 - 17:00:12: \glitch31415\STEAM_0:0:743386914\ entered the game as wireframe(76,76)
L 01/30/2025 - 17:00:12: [META] (debug:3) Calling amxmodx_mm_i386.so:CvarValue2()
L 01/30/2025 - 17:00:12: [META] (debug:3) Calling server.so:CvarValue2()
L 01/30/2025 - 17:00:12: [META] (debug:3) Calling engine:QueryClientCvarValue2()
L 01/30/2025 - 17:00:12: [META] (debug:3) Calling amxmodx_mm_i386.so:CvarValue2()
L 01/30/2025 - 17:00:12: [META] (debug:3) Calling server.so:CvarValue2()
L 01/30/2025 - 17:00:12: [META] (debug:3) Calling engine:QueryClientCvarValue2()
L 01/30/2025 - 17:00:12: [META] (debug:3) Calling amxmodx_mm_i386.so:CvarValu