L 02/06/2025 - 19:12:35: Log file started (file "logs/L0206000.log") (game "valve") (version "48/1.1.2.2/Stdio/3897")
L 02/06/2025 - 19:12:35: Loading map "d1_town_01"
L 02/06/2025 - 19:12:35: Server cvar "mp_soundvariety" = "0"
L 02/06/2025 - 19:12:35: Server cvar "mp_soundvariety" = "1"
L 02/06/2025 - 19:12:35: [META] (debug:3) user message registered again: name=VoiceMask, msgid=64
L 02/06/2025 - 19:12:35: [META] (debug:3) user message registered again: name=ReqState, msgid=65
L 02/06/2025 - 19:12:35: [META] ERROR: Couldn't find game entity 'info_texlights' in game DLL 'valve': /home/glitch/.steam/debian-installation/steamapps/common/hlds/valve/dlls/server.so: undefined symbol: info_texlights
L 02/06/2025 - 19:12:35: [META] (debug:3) Calling amxmodx_mm_i386.so:ServerActivate()
L 02/06/2025 - 19:12:35: [META] (debug:3) Calling engine_amxx_i386.so:ServerActivate()
L 02/06/2025 - 19:12:35: [META] (debug:3) Calling fakemeta_amxx_i386.so:ServerActivate()
L 02/06/2025 - 19:12:35: [META] (debug:3) Calling server.so:ServerActivate()
L 02/06/2025 - 19:12:35: Server cvar "mp_nextmap" = "e1m1"
L 02/06/2025 - 19:12:35: [META] (debug:3) Calling amxmodx_mm_i386.so:ServerActivate_Post()
L 02/06/2025 - 19:12:35: Server cvar "amx_nextmap" = "e1m1"
L 02/06/2025 - 19:12:36: Enemy stats: 34k health, 116 npcs
L 02/06/2025 - 19:12:36: Started map "d1_town_01" (CRC "-1532292870")
L 02/06/2025 - 19:12:36: [META] (debug:3) Calling engine_amxx_i386.so:ClientConnect()
L 02/06/2025 - 19:12:36: [META] (debug:3) Calling fun_amxx_i386.so:ClientConnect()
L 02/06/2025 - 19:12:36: [META] (debug:3) Calling server.so:ClientConnect()
L 02/06/2025 - 19:12:36: \glitch31415\STEAM_0:0:743386914\ connected from address 127.0.0.1:27005
L 02/06/2025 - 19:12:36: [META] (debug:3) Calling amxmodx_mm_i386.so:ClientConnect_Post()
L 02/06/2025 - 19:12:36: [META] (debug:3) Calling engine_amxx_i386.so:ClientConnect()
L 02/06/2025 - 19:12:36: [META] (debug:3) Calling fun_amxx_i386.so:ClientConnect()
L 02/06/2025 - 19:12:36: [META] (debug:3) Calling server.so:ClientConnect()
L 02/06/2025 - 19:12:36: \bob\STEAM_0:1:922325410\ connected from address 35.146.204.103:22312
L 02/06/2025 - 19:12:36: [META] (debug:3) Calling amxmodx_mm_i386.so:ClientConnect_Post()
L 02/06/2025 - 19:12:37: Dropped glitch31415 from server
L 02/06/2025 - 19:12:37: Reason:  Client sent 'drop'
L 02/06/2025 - 19:12:38: [META] (debug:3) Calling engine_amxx_i386.so:ClientConnect()
L 02/06/2025 - 19:12:38: [META] (debug:3) Calling fun_amxx_i386.so:ClientConnect()
L 02/06/2025 - 19:12:38: [META] (debug:3) Calling server.so:ClientConnect()
L 02/06/2025 - 19:12:38: \glitch31415\STEAM_0:0:743386914\ connected from address 127.0.0.1:27005
L 02/06/2025 - 19:12:38: [META] (debug:3) Calling amxmodx_mm_i386.so:ClientConnect_Post()
L 02/06/2025 - 19:12:38: "glitch31415<25><STEAM_0:0:743386914><>" STEAM USERID validated
L 02/06/2025 - 19:12:38: Dropped bob from server
L 02/06/2025 - 19:12:38: Reason:  Client sent 'drop'
L 02/06/2025 - 19:12:39: \bot2\BOT\ connected from address 127.0.0.1
L 02/06/2025 - 19:12:39: \bot2\BOT\ entered the game as ld_gordon(184,85)
L 02/06/2025 - 19:12:39: \bot1\BOT\ connected from address 127.0.0.1
L 02/06/2025 - 19:12:39: \bot1\BOT\ entered the game as ld_gordon(148,236)
L 02/06/2025 - 19:12:39: \bot3\BOT\ connected from address 127.0.0.1
L 02/06/2025 - 19:12:39: \bot3\BOT\ entered the game as ld_gordon(143,161)
L 02/06/2025 - 19:12:39: [META] (debug:3) Calling server.so:ClientPutInServer()
L 02/06/2025 - 19:12:39: [META] (debug:3) Calling engine:QueryClientCvarValue2()
L 02/06/2025 - 19:12:39: [META] (debug:3) Calling amxmodx_mm_i386.so:ClientPutInServer_Post()
L 02/06/2025 - 19:12:39: \glitch31415\STEAM_0:0:743386914\ entered the game as wireframe(76,76)
L 02/06/2025 - 19:12:39: [META] (debug:3) Calling amxmodx_mm_i386.so:CvarValue2()
L 02/06/2025 - 19:12:39: [META] (debug:3) Calling server.so:CvarValue2()
L 02/06/2025 - 19:12:39: [META] (debug:3) Calling engine:QueryClientCvarValue2()
L 02/06/2025 - 19:12:40: [META] (debug:3) Calling amxmodx_mm_i386.so:CvarValue2()
L 02/06/2025 - 19:12:40: [META] (debug:3) Calling server.so:CvarValue2()
L 02/06/2025 - 19:12:40: [META] (debug:3) Calling engine:QueryClientCvarValue2()
L 02/06/2025 - 19:12:40: [META] (debug:3) Calling amxmodx_mm_i386.so:CvarValue2()
L 02/06/2025 - 19:12:40: [META] (debug:3) Calling server.so:CvarValue2()
L 02/06/2025 - 19:12:40: [META] (debug:3) Calling engine:QueryClientCvarValue2()
L 02/06/2025 - 19:12:40: [META] (debug:3) Calling amxmodx_mm_i386.so:CvarValue2()
L 02/06/2025 - 19:12:40: [META] (debug:3) Calling server.so:CvarValue2()
L 02/06/2025 - 19:12:40: \glitch31415\STEAM_0:0:743386914\ Client version: Adrenaline Gamer (OpenGL)
L 02/06/2025 - 19:12:43: [META] (debug:3) Calling engine_amxx_i386.so:ClientConnect()
L 02/06/2025 - 19:12:43: [META] (debug:3) Calling fun_amxx_i386.so:ClientConnect()
L 02/06/2025 - 19:12:43: [META] (debug:3) Calling server.so:ClientConnect()
L 02/06/2025 - 19:12:43: \bob\STEAM_0:1:922325410\ connected from address 35.146.204.103:22312
L 02/06/2025 - 19:12:43: [META] (debug:3) Calling amxmodx_mm_i386.so:ClientConnect_Post()
L 02/06/2025 - 19:12:43: "bob<29><STEAM_0:1:922325410><>" STEAM USERID validated
L 02/06/2025 - 19:12:46: [META] (debug:3) Calling server.so:ClientPutInServer()
L 02/06/2025 - 19:12:46: [META] (debug:3) Calling engine:QueryClientCvarValue2()
L 02/06/2025 - 19:12:46: [META] (debug:3) Calling amxmodx_mm_i386.so:ClientPutInServer_Post()
L 02/06/2025 - 19:12:46: \bob\STEAM_0:1:922325410\ entered the game as gordon(30,6)
L 02/06/2025 - 19:12:46: [META] (debug:3) Calling amxmodx_mm_i386.so:CvarValue2()
L 02/06/2025 - 19:12:46: [META] (debug:3) Calling server.so:CvarValue2()
L 02/06/2025 - 19:12:46: [META] (debug:3) Calling engine:QueryClientCvarValue2()
L 02/06/2025 - 19:12:48: [META] (debug:3) Calling amxmodx_mm_i386.so:CvarValue2()
L 02/06/2025 - 19:12:48: [META] (debug:3) Calling server.so:CvarValue2()
L 02/06/2025 - 19:12:48: [META] (debug:3) Calling engine:QueryClientCvarValue2()
L 02/06/2025 - 19:12:48: [META] (debug:3) Calling amxmodx_mm_i386.so:CvarValue2()
L 02/06/2025 - 19:12:48: [META] (debug:3) Calling server.so:CvarValue2()
L 02/06/2025 - 19:12:48: [META] (debug:3) Calling engine:QueryClientCvarValue2()
L 02/06/2025 - 19:12:48: [META] (debug:3) Calling amxmodx_mm_i386.so:CvarValue2()
L 02/06/2025 - 19:12:48: [META] (debug:3) Calling server.so:CvarValue2()
L 02/06/2025 - 19:12:48: \bob\STEAM_0:1:922325410\ Client version: Half-Life (OpenGL)
L 02/06/2025 - 19:13:15: \bob\STEAM_0:1:922325410\ killed "Zombie" with "gluon gun"
L 02/06/2025 - 19:14:09: \glitch31415\STEAM_0:0:743386914\ killed by "Zombie"
L 02/06/2025 - 19:15:16: \bob\STEAM_0:1:922325410\ killed "Headcrab" with "gluon gun"
L 02/06/2025 - 19:15:16: \bob\STEAM_0:1:922325410\ killed "Zombie" with "gluon gun"
L 02/06/2025 - 19:15:16: \bob\STEAM_0:1:922325410\ killed "Zombie" with "gluon gun"
L 02/06/2025 - 19:15:29: \bob\STEAM_0:1:922325410\ killed "Zombie" with "gluon gun"
L 02/06/2025 - 19:15:30: \bob\STEAM_0:1:922325410\ killed "Zombie" with "gluon gun"
L 02/06/2025 - 19:15:30: \bob\STEAM_0:1:922325410\ killed "Zombie" with "gluon gun"
L 02/06/2025 - 19:15:31: \bob\STEAM_0:1:922325410\ killed "Zombie" with "gluon gun"
L 02/06/2025 - 19:15:31: \bob\STEAM_0:1:922325410\ killed "Zombie" with "gluon gun"
L 02/06/2025 - 19:15:56: [META] (debug:3) Calling amxmodx_mm_i386.so:ClientDisconnect()
L 02/06/2025 - 19:15:56: [META] (debug:3) Calling engine_amxx_i386.so:ClientDisconnect()
L 02/06/2025 - 19:15:56: [META] (debug:3) Calling server.so:ClientDisconnect()
L 02/06/2025 - 19:15:56: \bob\STEAM_0:1:922325410\ disconnected with 23 points
L 02/06/2025 - 19:15:56: Dropped bob from server
L 02/06/2025 - 19:15:56: Reason:  Client sent 'drop'
L 02/06/2025 - 19:27:05: \glitch31415\STEAM_0:0:743386914\ say "`"
L 02/06/2025 - 19:27:14: Rcon: "rcon 550648456 "5pgW37D7ad" changelevel d1_trainstation_02" from "127.0.0.1:27005"
L 02/06/2025 - 19:27:14: [META] (debug:3) Calling amxmodx_mm_i386.so:ClientDisconnect()
L 02/06/2025 - 19:27:14: [META] (debug:3) Calling engine_amxx_i386.so:ClientDisconnect()
L 02/06/2025 - 19:27:14: [META] (debug:3) Calling server.so:ClientDisconnect()
L 02/06/2025 - 19:27:14: \bot2\BOT\ disconnected
L 02/06/2025 - 19:27:14: Dropped bot2 from server
L 02/06/2025 - 19:27:14: Reason:  Dropping fakeclient on level change
L 02/06/2025 - 19:27:14: [META] (debug:3) Calling amxmodx_mm_i386.so:ClientDisconnect()
L 02/06/2025 - 19:27:14: [META] (debug:3) Calling engine_amxx_i386.so:ClientDisconnect()
L 02/06/2025 - 19:27:14: [META] (debug:3) Calling server.so:ClientDisconnect()
L 02/06/2025 - 19:27:14: \bot1\BOT\ disconnected
L 02/06/2025 - 19:27:14: Dropped bot1 from server
L 02/06/2025 - 19:27:14: Reason:  Dropping fakeclient on level change
L 02/06/2025 - 19:27:14: [META] (debug:3) Calling amxmodx_mm_i386.so:ClientDisconnect()
L 02/06/2025 - 19:27:14: [META] (debug:3) Calling engine_amxx_i386.so:ClientDisconnect()
L 02/06/2025 - 19:27:14: [META] (debug:3) Calling server.so:ClientDisconnect()
L 02/06/2025 - 19:27:14: \bot3\BOT\ disconnected
L 02/06/2025 - 19:27:14: Dropped bot3 from server
L 02/06/2025 - 19:27:14: Reason:  Dropping fakeclient on level change
L 02/06/2025 - 19:27:14: [META] (debug:3) Calling amxmodx_mm_i386.so:ServerDeactivate()
L 02/06/2025 - 19:27:14: [META] (debug:3) Calling engine_amxx_i386.so:ServerDeactivate()
L 02/06/2025 - 19:27:14: [META] (debug:3) Calling server.so:ServerDeactivate()
L 02/06/2025 - 19:27:14: \glitch31415\STEAM_0:0:743386914\ -1 points, 1 deaths
L 02/06/2025 - 19:27:14: [META] (debug:3) Calling amxmodx_mm_i386.so:ServerDeactivate_Post()
L 02/06/2025 - 19:27:14: [META] (debug:3) Calling fakemeta_amxx_i386.so:ServerDeactivate_Post()
L 02/06/2025 - 19:27:14: [META] ini: Begin re-reading plugins list: /home/glitch/.steam/debian-installation/steamapps/common/hlds/valve/addons/metamod/plugins.ini
L 02/06/2025 - 19:27:14: [META] ini: Read plugin config for: AMX Mod X
L 02/06/2025 - 19:27:14: [META] ini: Finished reading plugins list: /home/glitch/.steam/debian-installation/steamapps/common/hlds/valve/addons/metamod/plugins.ini; Found 1 plugins
L 02/06/2025 - 19:27:14: [META] dll: Updating plugins...
L 02/06/2025 - 19:27:14: [META] (debug:1) Keeping plugin 'AMX Mod X'
L 02/06/2025 - 19:27:14: [META] dll: Finished updating 5 plugins; kept 1, loaded 0, unloaded 0, reloaded 0, delayed 0
L 02/06/2025 - 19:27:14: [META] (debug:3) Calling amxmodx_mm_i386.so:ClientDisconnect()
L 02/06/2025 - 19:27:14: [META] (debug:3) Calling engine_amxx_i386.so:ClientDisconnect()
L 02/06/2025 - 19:27:14: [META] (debug:3) Calling server.so:ClientDisconnect()
L 02/06/2025 - 19:27:14: \glitch31415\STEAM_0:0:743386914\ disconnected
L 02/06/2025 - 19:27:14: Log file closed

-------------------------------------------------------------------------------

