L 02/01/2025 - 20:05:22: Log file started (file "logs/L0201009.log") (game "valve") (version "48/1.1.2.2/Stdio/3897")
L 02/01/2025 - 20:05:22: Loading map "d1_trainstation_02"
L 02/01/2025 - 20:05:22: Server cvar "mp_soundvariety" = "0"
L 02/01/2025 - 20:05:22: Server cvar "mp_soundvariety" = "1"
L 02/01/2025 - 20:05:22: [META] (debug:3) user message registered again: name=VoiceMask, msgid=64
L 02/01/2025 - 20:05:22: [META] (debug:3) user message registered again: name=ReqState, msgid=65
L 02/01/2025 - 20:05:22: [META] ERROR: Couldn't find game entity 'env_model' in game DLL 'valve': /home/glitch/.steam/debian-installation/steamapps/common/hlds/valve/dlls/server.so: undefined symbol: env_model
L 02/01/2025 - 20:05:22: [META] ERROR: Couldn't find game entity 'motion_manager' in game DLL 'valve': /home/glitch/.steam/debian-installation/steamapps/common/hlds/valve/dlls/server.so: undefined symbol: motion_manager
L 02/01/2025 - 20:05:22: [META] (debug:3) Calling amxmodx_mm_i386.so:ServerActivate()
L 02/01/2025 - 20:05:22: [META] (debug:3) Calling engine_amxx_i386.so:ServerActivate()
L 02/01/2025 - 20:05:22: [META] (debug:3) Calling fakemeta_amxx_i386.so:ServerActivate()
L 02/01/2025 - 20:05:22: [META] (debug:3) Calling server.so:ServerActivate()
L 02/01/2025 - 20:05:23: Server cvar "mp_nextmap" = "d1_town_01"
L 02/01/2025 - 20:05:23: [META] (debug:3) Calling amxmodx_mm_i386.so:ServerActivate_Post()
L 02/01/2025 - 20:05:23: Enemy stats: 0k health, 0 npcs
L 02/01/2025 - 20:05:23: Started map "d1_trainstation_02" (CRC "652026196")
L 02/01/2025 - 20:05:26: \bot1\BOT\ connected from address 127.0.0.1
L 02/01/2025 - 20:05:26: \bot1\BOT\ entered the game as ld_gordon(30,236)
L 02/01/2025 - 20:05:26: \bot3\BOT\ connected from address 127.0.0.1
L 02/01/2025 - 20:05:26: \bot3\BOT\ entered the game as ld_gordon(147,61)
L 02/01/2025 - 20:05:26: \bot2\BOT\ connected from address 127.0.0.1
L 02/01/2025 - 20:05:26: \bot2\BOT\ entered the game as ld_gordon(180,249)
L 02/02/2025 - 17:21:32: [META] (debug:3) Calling engine_amxx_i386.so:ClientConnect()
L 02/02/2025 - 17:21:32: [META] (debug:3) Calling fun_amxx_i386.so:ClientConnect()
L 02/02/2025 - 17:21:32: [META] (debug:3) Calling server.so:ClientConnect()
L 02/02/2025 - 17:21:32: \adiguzelharun049\STEAM_0:1:930941521\ connected from address 130.250.240.123:27005
L 02/02/2025 - 17:21:32: [META] (debug:3) Calling amxmodx_mm_i386.so:ClientConnect_Post()
L 02/02/2025 - 17:21:32: "adiguzelharun049<4><STEAM_0:1:930941521><>" STEAM USERID validated
L 02/02/2025 - 17:21:34: Dropped adiguzelharun049 from server
L 02/02/2025 - 17:21:34: Reason:  Client sent 'drop'
L 02/03/2025 - 02:32:18: "Hl.LaLeagane.Ro<5><STEAM_0:0:15832208><>" STEAM USERID validated
L 02/03/2025 - 02:32:18: [META] (debug:3) Calling engine_amxx_i386.so:ClientConnect()
L 02/03/2025 - 02:32:18: [META] (debug:3) Calling fun_amxx_i386.so:ClientConnect()
L 02/03/2025 - 02:32:18: [META] (debug:3) Calling server.so:ClientConnect()
L 02/03/2025 - 02:32:18: \Hl.LaLeagane.Ro\STEAM_0:0:15832208\ connected from address 89.157.254.220:27005
L 02/03/2025 - 02:32:18: [META] (debug:3) Calling amxmodx_mm_i386.so:ClientConnect_Post()
L 02/03/2025 - 02:32:22: Dropped Hl.LaLeagane.Ro from server
L 02/03/2025 - 02:32:22: Reason:  Client sent 'drop'
L 02/03/2025 - 02:32:23: "Hl.LaLeagane.Ro<6><STEAM_0:0:15832208><>" STEAM USERID validated
L 02/03/2025 - 02:32:23: [META] (debug:3) Calling engine_amxx_i386.so:ClientConnect()
L 02/03/2025 - 02:32:23: [META] (debug:3) Calling fun_amxx_i386.so:ClientConnect()
L 02/03/2025 - 02:32:23: [META] (debug:3) Calling server.so:ClientConnect()
L 02/03/2025 - 02:32:23: \Hl.LaLeagane.Ro\STEAM_0:0:15832208\ connected from address 89.157.254.220:27005
L 02/03/2025 - 02:32:23: [META] (debug:3) Calling amxmodx_mm_i386.so:ClientConnect_Post()
L 02/03/2025 - 02:32:28: [META] (debug:3) Calling server.so:ClientPutInServer()
L 02/03/2025 - 02:32:28: [META] (debug:3) Calling engine:QueryClientCvarValue2()
L 02/03/2025 - 02:32:28: [META] (debug:3) Calling amxmodx_mm_i386.so:ClientPutInServer_Post()
L 02/03/2025 - 02:32:28: \Hl.LaLeagane.Ro\STEAM_0:0:15832208\ entered the game as zombie(0,0)
L 02/03/2025 - 02:32:28: [META] (debug:3) Calling amxmodx_mm_i386.so:CvarValue2()
L 02/03/2025 - 02:32:28: [META] (debug:3) Calling server.so:CvarValue2()
L 02/03/2025 - 02:32:28: [META] (debug:3) Calling engine:QueryClientCvarValue2()
L 02/03/2025 - 02:32:30: [META] (debug:3) Calling amxmodx_mm_i386.so:CvarValue2()
L 02/03/2025 - 02:32:30: [META] (debug:3) Calling server.so:CvarValue2()
L 02/03/2025 - 02:32:30: [META] (debug:3) Calling engine:QueryClientCvarValue2()
L 02/03/2025 - 02:32:30: [META] (debug:3) Calling amxmodx_mm_i386.so:CvarValue2()
L 02/03/2025 - 02:32:30: [META] (debug:3) Calling server.so:CvarValue2()
L 02/03/2025 - 02:32:30: [META] (debug:3) Calling engine:QueryClientCvarValue2()
L 02/03/2025 - 02:32:30: [META] (debug:3) Calling amxmodx_mm_i386.so:CvarValue2()
L 02/03/2025 - 02:32:30: [META] (debug:3) Calling server.so:CvarValue2()
L 02/03/2025 - 02:32:30: \Hl.LaLeagane.Ro\STEAM_0:0:15832208\ Client version: Half-Life (OpenGL)
L 02/03/2025 - 02:37:18: [META] (debug:3) Calling amxmodx_mm_i386.so:ClientDisconnect()
L 02/03/2025 - 02:37:18: [META] (debug:3) Calling engine_amxx_i386.so:ClientDisconnect()
L 02/03/2025 - 02:37:18: [META] (debug:3) Calling server.so:ClientDisconnect()
L 02/03/2025 - 02:37:18: \Hl.LaLeagane.Ro\STEAM_0:0:15832208\ disconnected
L 02/03/2025 - 02:37:18: Dropped Hl.LaLeagane.Ro from server
L 02/03/2025 - 02:37:18: Reason:  Client sent 'drop'
L 02/03/2025 - 14:59:37: "jaqd2798<7><STEAM_0:1:505212006><>" STEAM USERID validated
L 02/03/2025 - 14:59:37: [META] (debug:3) Calling engine_amxx_i386.so:ClientConnect()
L 02/03/2025 - 14:59:37: [META] (debug:3) Calling fun_amxx_i386.so:ClientConnect()
L 02/03/2025 - 14:59:37: [META] (debug:3) Calling server.so:ClientConnect()
L 02/03/2025 - 14:59:37: \jaqd2798\STEAM_0:1:505212006\ connected from address 38.25.30.82:29828
L 02/03/2025 - 14:59:37: [META] (debug:3) Calling amxmodx_mm_i386.so:ClientConnect_Post()
L 02/03/2025 - 14:59:41: Dropped jaqd2798 from server
L 02/03/2025 - 14:59:41: Reason:  Client sent 'drop'
L 02/03/2025 - 14:59:57: [META] (debug:3) Calling engine_amxx_i386.so:ClientConnect()
L 02/03/2025 - 14:59:57: [META] (debug:3) Calling fun_amxx_i386.so:ClientConnect()
L 02/03/2025 - 14:59:57: [META] (debug:3) Calling server.so:ClientConnect()
L 02/03/2025 - 14:59:57: \jaqd2798\STEAM_0:1:505212006\ connected from address 38.25.30.82:29828
L 02/03/2025 - 14:59:57: [META] (debug:3) Calling amxmodx_mm_i386.so:ClientConnect_Post()
L 02/03/2025 - 14:59:57: "jaqd2798<8><STEAM_0:1:505212006><>" STEAM USERID validated
L 02/03/2025 - 15:00:02: [META] (debug:3) Calling server.so:ClientPutInServer()
L 02/03/2025 - 15:00:02: [META] (debug:3) Calling engine:QueryClientCvarValue2()
L 02/03/2025 - 15:00:02: [META] (debug:3) Calling amxmodx_mm_i386.so:ClientPutInServer_Post()
L 02/03/2025 - 15:00:02: \jaqd2798\STEAM_0:1:505212006\ entered the game as zombie_fast(155,144)
L 02/03/2025 - 15:00:02: [META] (debug:3) Calling amxmodx_mm_i386.so:CvarValue2()
L 02/03/2025 - 15:00:02: [META] (debug:3) Calling server.so:CvarValue2()
L 02/03/2025 - 15:00:02: [META] (debug:3) Calling engine:QueryClientCvarValue2()
L 02/03/2025 - 15:00:04: [META] (debug:3) Calling amxmodx_mm_i386.so:CvarValue2()
L 02/03/2025 - 15:00:04: [META] (debug:3) Calling server.so:CvarValue2()
L 02/03/2025 - 15:00:04: [META] (debug:3) Calling engine:QueryClientCvarValue2()
L 02/03/2025 - 15:00:04: [META] (debug:3) Calling amxmodx_mm_i386.so:CvarValue2()
L 02/03/2025 - 15:00:04: [META] (debug:3) Calling server.so:CvarValue2()
L 02/03/2025 - 15:00:04: [META] (debug:3) Calling engine:QueryClientCvarValue2()
L 02/03/2025 - 15:00:04: [META] (debug:3) Calling amxmodx_mm_i386.so:CvarValue2()
L 02/03/2025 - 15:00:04: [META] (debug:3) Calling server.so:CvarValue2()
L 02/03/2025 - 15:00:04: \jaqd2798\STEAM_0:1:505212006\ Client version: Half-Life (OpenGL)
L 02/03/2025 - 15:00:22: \jaqd2798\STEAM_0:1:505212006\ killed "Scientist" with "gluon gun"
L 02/03/2025 - 15:00:31: \jaqd2798\STEAM_0:1:505212006\ killed "Scientist" with "gluon gun"
L 02/03/2025 - 15:00:32: [META] (debug:3) Calling engine_amxx_i386.so:ClientConnect()
L 02/03/2025 - 15:00:32: [META] (debug:3) Calling fun_amxx_i386.so:ClientConnect()
L 02/03/2025 - 15:00:32: [META] (debug:3) Calling server.so:ClientConnect()
L 02/03/2025 - 15:00:32: \Testicles\STEAM_0:0:18581128\ connected from address 71.208.247.133:27005
L 02/03/2025 - 15:00:32: [META] (debug:3) Calling amxmodx_mm_i386.so:ClientConnect_Post()
L 02/03/2025 - 15:00:32: "Testicles<9><STEAM_0:0:18581128><>" STEAM USERID validated
L 02/03/2025 - 15:00:32: \jaqd2798\STEAM_0:1:505212006\ killed "Scientist" with "gluon gun"
L 02/03/2025 - 15:00:35: Dropped Testicles from server
L 02/03/2025 - 15:00:35: Reason:  Client sent 'drop'
L 02/03/2025 - 15:00:54: [META] (debug:3) Calling engine_amxx_i386.so:ClientConnect()
L 02/03/2025 - 15:00:54: [META] (debug:3) Calling fun_amxx_i386.so:ClientConnect()
L 02/03/2025 - 15:00:54: [META] (debug:3) Calling server.so:ClientConnect()
L 02/03/2025 - 15:00:54: \Testicles\STEAM_0:0:18581128\ connected from address 71.208.247.133:27005
L 02/03/2025 - 15:00:54: [META] (debug:3) Calling amxmodx_mm_i386.so:ClientConnect_Post()
L 02/03/2025 - 15:00:54: "Testicles<10><STEAM_0:0:18581128><>" STEAM USERID validated
L 02/03/2025 - 15:00:59: [META] (debug:3) Calling server.so:ClientPutInServer()
L 02/03/2025 - 15:00:59: [META] (debug:3) Calling engine:QueryClientCvarValue2()
L 02/03/2025 - 15:00:59: [META] (debug:3) Calling amxmodx_mm_i386.so:ClientPutInServer_Post()
L 02/03/2025 - 15:00:59: \Testicles\STEAM_0:0:18581128\ entered the game as worm(0,0)
L 02/03/2025 - 15:00:59: [META] (debug:3) Calling amxmodx_mm_i386.so:CvarValue2()
L 02/03/2025 - 15:00:59: [META] (debug:3) Calling server.so:CvarValue2()
L 02/03/2025 - 15:00:59: [META] (debug:3) Calling engine:QueryClientCvarValue2()
L 02/03/2025 - 15:01:00: [META] (debug:3) Calling amxmodx_mm_i386.so:CvarValue2()
L 02/03/2025 - 15:01:00: [META] (debug:3) Calling server.so:CvarValue2()
L 02/03/2025 - 15:01:00: [META] (debug:3) Calling engine:QueryClientCvarValue2()
L 02/03/2025 - 15:01:00: [META] (debug:3) Calling amxmodx_mm_i386.so:CvarValue2()
L 02/03/2025 - 15:01:00: [META] (debug:3) Calling server.so:CvarValue2()
L 02/03/2025 - 15:01:00: [META] (debug:3) Calling engine:QueryClientCvarValue2()
L 02/03/2025 - 15:01:00: [META] (debug:3) Calling amxmodx_mm_i386.so:CvarValue2()
L 02/03/2025 - 15:01:00: [META] (debug:3) Calling server.so:CvarValue2()
L 02/03/2025 - 15:01:00: \Testicles\STEAM_0:0:18581128\ Client version: Half-Life (OpenGL)
L 02/03/2025 - 15:01:03: \jaqd2798\STEAM_0:1:505212006\ killed "Scientist" with "gluon gun"
L 02/03/2025 - 15:01:17: \Testicles\STEAM_0:0:18581128\ committed suicide with "gluon gun"
L 02/03/2025 - 15:01:26: \jaqd2798\STEAM_0:1:505212006\ killed by "worldspawn"
L 02/03/2025 - 15:01:28: \Testicles\STEAM_0:0:18581128\ committed suicide with "grenade"
L 02/03/2025 - 15:01:33: \jaqd2798\STEAM_0:1:505212006\ killed by \Testicles\STEAM_0:0:18581128\ with "gluon gun"
L 02/03/2025 - 15:01:33: \Testicles\STEAM_0:0:18581128\ committed suicide with "gluon gun"
L 02/03/2025 - 15:01:39: \Testicles\STEAM_0:0:18581128\ killed by \jaqd2798\STEAM_0:1:505212006\ with "gluon gun"
L 02/03/2025 - 15:01:42: \Testicles\STEAM_0:0:18581128\ killed by \jaqd2798\STEAM_0:1:505212006\ with "gluon gun"
L 02/03/2025 - 15:01:45: \jaqd2798\STEAM_0:1:505212006\ killed by \Testicles\STEAM_0:0:18581128\ with "gluon gun"
L 02/03/2025 - 15:01:47: \jaqd2798\STEAM_0:1:505212006\ killed by \Testicles\STEAM_0:0:18581128\ with "gluon gun"
L 02/03/2025 - 15:01:49: \jaqd2798\STEAM_0:1:505212006\ killed by \Testicles\STEAM_0:0:18581128\ with "gluon gun"
L 02/03/2025 - 15:01:49: \Testicles\STEAM_0:0:18581128\ committed suicide with "gluon gun"
L 02/03/2025 - 15:01:52: \Testicles\STEAM_0:0:18581128\ committed suicide with "gluon gun"
L 02/03/2025 - 15:01:54: \jaqd2798\STEAM_0:1:505212006\ killed by \Testicles\STEAM_0:0:18581128\ with "9mmhandgun"
L 02/03/2025 - 15:01:56: \jaqd2798\STEAM_0:1:505212006\ killed by \Testicles\STEAM_0:0:18581128\ with "grenade"
L 02/03/2025 - 15:01:56: \Testicles\STEAM_0:0:18581128\ committed suicide with "grenade"
L 02/03/2025 - 15:01:59: \Testicles\STEAM_0:0:18581128\ killed by \jaqd2798\STEAM_0:1:505212006\ with "gluon gun"
L 02/03/2025 - 15:02:02: \jaqd2798\STEAM_0:1:505212006\ killed by \Testicles\STEAM_0:0:18581128\ with "gluon gun"
L 02/03/2025 - 15:02:03: \Testicles\STEAM_0:0:18581128\ killed by \jaqd2798\STEAM_0:1:505212006\ with "gluon gun"
L 02/03/2025 - 15:02:08: \jaqd2798\STEAM_0:1:505212006\ committed suicide with "gluon gun"
L 02/03/2025 - 15:02:09: \jaqd2798\STEAM_0:1:505212006\ killed by \Testicles\STEAM_0:0:18581128\ with "9mmAR"
L 02/03/2025 - 15:02:12: \jaqd2798\STEAM_0:1:505212006\ killed by \Testicles\STEAM_0:0:18581128\ with "9mmAR"
L 02/03/2025 - 15:02:13: \jaqd2798\STEAM_0:1:505212006\ killed by \Testicles\STEAM_0:0:18581128\ with "9mmAR"
L 02/03/2025 - 15:02:15: \jaqd2798\STEAM_0:1:505212006\ killed by \Testicles\STEAM_0:0:18581128\ with "9mmAR"
L 02/03/2025 - 15:02:17: \jaqd2798\STEAM_0:1:505212006\ killed by \Testicles\STEAM_0:0:18581128\ with "9mmAR"
L 02/03/2025 - 15:02:19: \jaqd2798\STEAM_0:1:505212006\ killed by \Testicles\STEAM_0:0:18581128\ with "9mmAR"
L 02/03/2025 - 15:02:23: \jaqd2798\STEAM_0:1:505212006\ killed by \Testicles\STEAM_0:0:18581128\ with "9mmAR"
L 02/03/2025 - 15:02:25: \jaqd2798\STEAM_0:1:505212006\ killed by \Testicles\STEAM_0:0:18581128\ with "9mmAR"
L 02/03/2025 - 15:02:26: \jaqd2798\STEAM_0:1:505212006\ killed by \Testicles\STEAM_0:0:18581128\ with "grenade"
L 02/03/2025 - 15:02:26: \Testicles\STEAM_0:0:18581128\ committed suicide with "grenade"
L 02/03/2025 - 15:02:30: \Testicles\STEAM_0:0:18581128\ killed by \jaqd2798\STEAM_0:1:505212006\ with "gluon gun"
L 02/03/2025 - 15:02:32: \jaqd2798\STEAM_0:1:505212006\ killed by \Testicles\STEAM_0:0:18581128\ with "9mmAR"
L 02/03/2025 - 15:02:33: \jaqd2798\STEAM_0:1:505212006\ killed by \Testicles\STEAM_0:0:18581128\ with "9mmAR"
L 02/03/2025 - 15:02:35: \jaqd2798\STEAM_0:1:505212006\ killed by \Testicles\STEAM_0:0:18581128\ with "9mmAR"
L 02/03/2025 - 15:02:37: \jaqd2798\STEAM_0:1:505212006\ killed by \Testicles\STEAM_0:0:18581128\ with "9mmAR"
L 02/03/2025 - 15:02:38: \jaqd2798\STEAM_0:1:505212006\ killed by \Testicles\STEAM_0:0:18581128\ with "9mmAR"
L 02/03/2025 - 15:02:44: \jaqd2798\STEAM_0:1:505212006\ killed by \Testicles\STEAM_0:0:18581128\ with "9mmAR"
L 02/03/2025 - 15:02:52: \jaqd2798\STEAM_0:1:505212006\ killed by \Testicles\STEAM_0:0:18581128\ with "9mmAR"
L 02/03/2025 - 15:02:58: \jaqd2798\STEAM_0:1:505212006\ killed by \Testicles\STEAM_0:0:18581128\ with "9mmAR"
L 02/03/2025 - 15:03:01: \jaqd2798\STEAM_0:1:505212006\ killed by \Testicles\STEAM_0:0:18581128\ with "9mmAR"
L 02/03/2025 - 15:03:03: \jaqd2798\STEAM_0:1:505212006\ killed by \Testicles\STEAM_0:0:18581128\ with "9mmAR"
L 02/03/2025 - 15:03:09: \jaqd2798\STEAM_0:1:505212006\ killed by \Testicles\STEAM_0:0:18581128\ with "9mmAR"
L 02/03/2025 - 15:03:13: \jaqd2798\STEAM_0:1:505212006\ killed by \Testicles\STEAM_0:0:18581128\ with "9mmAR"
L 02/03/2025 - 15:03:16: \jaqd2798\STEAM_0:1:505212006\ killed by \Testicles\STEAM_0:0:18581128\ with "9mmAR"
L 02/03/2025 - 15:03:17: \jaqd2798\STEAM_0:1:505212006\ killed by \Testicles\STEAM_0:0:18581128\ with "9mmAR"
L 02/03/2025 - 15:03:19: \jaqd2798\STEAM_0:1:505212006\ killed by \Testicles\STEAM_0:0:18581128\ with "9mmAR"
L 02/03/2025 - 15:03:20: \jaqd2798\STEAM_0:1:505212006\ killed by \Testicles\STEAM_0:0:18581128\ with "9mmAR"
L 02/03/2025 - 15:03:22: \jaqd2798\STEAM_0:1:505212006\ killed by \Testicles\STEAM_0:0:18581128\ with "9mmAR"
L 02/03/2025 - 15:03:25: \jaqd2798\STEAM_0:1:505212006\ killed by \Testicles\STEAM_0:0:18581128\ with "9mmAR"
L 02/03/2025 - 15:03:30: \jaqd2798\STEAM_0:1:505212006\ say "ya?"
L 02/03/2025 - 15:03:31: \jaqd2798\STEAM_0:1:505212006\ killed by \Testicles\STEAM_0:0:18581128\ with "9mmAR"
L 02/03/2025 - 15:03:33: \jaqd2798\STEAM_0:1:505212006\ killed by \Testicles\STEAM_0:0:18581128\ with "9mmAR"
L 02/03/2025 - 15:03:35: \jaqd2798\STEAM_0:1:505212006\ killed by \Testicles\STEAM_0:0:18581128\ with "9mmAR"
L 02/03/2025 - 15:03:37: \jaqd2798\STEAM_0:1:505212006\ killed by \Testicles\STEAM_0:0:18581128\ with "9mmAR"
L 02/03/2025 - 15:03:39: \jaqd2798\STEAM_0:1:505212006\ killed by \Testicles\STEAM_0:0:18581128\ with "9mmAR"
L 02/03/2025 - 15:03:41: \jaqd2798\STEAM_0:1:505212006\ killed by \Testicles\STEAM_0:0:18581128\ with "9mmAR"
L 02/03/2025 - 15:03:42: \jaqd2798\STEAM_0:1:505212006\ killed by \Testicles\STEAM_0:0:18581128\ with "9mmAR"
L 02/03/2025 - 15:03:43: \jaqd2798\STEAM_0:1:505212006\ killed by \Testicles\STEAM_0:0:18581128\ with "9mmAR"
L 02/03/2025 - 15:03:45: \jaqd2798\STEAM_0:1:505212006\ killed by \Testicles\STEAM_0:0:18581128\ with "9mmAR"
L 02/03/2025 - 15:03:47: \jaqd2798\STEAM_0:1:505212006\ killed by \Testicles\STEAM_0:0:18581128\ with "9mmAR"
L 02/03/2025 - 15:03:53: \jaqd2798\STEAM_0:1:505212006\ killed by \Testicles\STEAM_0:0:18581128\ with "9mmAR"
L 02/03/2025 - 15:04:01: \jaqd2798\STEAM_0:1:505212006\ killed by \Testicles\STEAM_0:0:18581128\ with "9mmAR"
L 02/03/2025 - 15:04:07: \jaqd2798\STEAM_0:1:505212006\ killed by \Testicles\STEAM_0:0:18581128\ with "9mmAR"
L 02/03/2025 - 15:04:15: \jaqd2798\STEAM_0:1:505212006\ killed by \Testicles\STEAM_0:0:18581128\ with "crowbar"
L 02/03/2025 - 15:04:19: \jaqd2798\STEAM_0:1:505212006\ killed by \Testicles\STEAM_0:0:18581128\ with "crowbar"
L 02/03/2025 - 15:04:22: \Testicles\STEAM_0:0:18581128\ killed by \jaqd2798\STEAM_0:1:505212006\ with "gluon gun"
L 02/03/2025 - 15:04:25: \Testicles\STEAM_0:0:18581128\ committed suicide with "grenade"
L 02/03/2025 - 15:04:26: \jaqd2798\STEAM_0:1:505212006\ committed suicide with "gluon gun"
L 02/03/2025 - 15:04:27: \Testicles\STEAM_0:0:18581128\ committed suicide with "grenade"
L 02/03/2025 - 15:04:30: \Testicles\STEAM_0:0:18581128\ killed by \jaqd2798\STEAM_0:1:505212006\ with "gluon gun"
L 02/03/2025 - 15:04:30: \jaqd2798\STEAM_0:1:505212006\ killed by \Testicles\STEAM_0:0:18581128\ with "grenade"
L 02/03/2025 - 15:04:32: \jaqd2798\STEAM_0:1:505212006\ killed by \Testicles\STEAM_0:0:18581128\ with "gluon gun"
L 02/03/2025 - 15:04:34: \Testicles\STEAM_0:0:18581128\ committed suicide with "grenade"
L 02/03/2025 - 15:04:36: \jaqd2798\STEAM_0:1:505212006\ killed by \Testicles\STEAM_0:0:18581128\ with "9mmAR"
L 02/03/2025 - 15:04:39: \jaqd2798\STEAM_0:1:505212006\ killed by \Testicles\STEAM_0:0:18581128\ with "9mmAR"
L 02/03/2025 - 15:04:40: \jaqd2798\STEAM_0:1:505212006\ killed by \Testicles\STEAM_0:0:18581128\ with "9mmAR"
L 02/03/2025 - 15:04:42: \Testicles\STEAM_0:0:18581128\ killed by \jaqd2798\STEAM_0:1:505212006\ with "gluon gun"
L 02/03/2025 - 15:04:44: \jaqd2798\STEAM_0:1:505212006\ killed by \Testicles\STEAM_0:0:18581128\ with "9mmAR"
L 02/03/2025 - 15:04:45: \jaqd2798\STEAM_0:1:505212006\ killed by \Testicles\STEAM_0:0:18581128\ with "9mmAR"
L 02/03/2025 - 15:04:48: \jaqd2798\STEAM_0:1:505212006\ killed by \Testicles\STEAM_0:0:18581128\ with "9mmAR"
L 02/03/2025 - 15:04:49: \jaqd2798\STEAM_0:1:505212006\ killed by \Testicles\STEAM_0:0:18581128\ with "9mmAR"
L 02/03/2025 - 15:04:50: \jaqd2798\STEAM_0:1:505212006\ killed by \Testicles\STEAM_0:0:18581128\ with "9mmAR"
L 02/03/2025 - 15:04:52: \jaqd2798\STEAM_0:1:505212006\ killed by \Testicles\STEAM_0:0:18581128\ with "9mmAR"
L 02/03/2025 - 15:04:54: \jaqd2798\STEAM_0:1:505212006\ killed by \Testicles\STEAM_0:0:18581128\ with "9mmAR"
L 02/03/2025 - 15:04:58: [META] (debug:3) Calling amxmodx_mm_i386.so:ClientDisconnect()
L 02/03/2025 - 15:04:58: [META] (debug:3) Calling engine_amxx_i386.so:ClientDisconnect()
L 02/03/2025 - 15:04:58: [META] (debug:3) Calling server.so:ClientDisconnect()
L 02/03/2025 - 15:04:58: \jaqd2798\STEAM_0:1:505212006\ disconnected
L 02/03/2025 - 15:04:58: Dropped jaqd2798 from server
L 02/03/2025 - 15:04:58: Reason:  Client sent 'drop'
L 02/03/2025 - 15:05:25: \Testicles\STEAM_0:0:18581128\ killed "Scientist" with "9mmAR"
L 02/03/2025 - 15:06:03: \Testicles\STEAM_0:0:18581128\ committed suicide with "gluon gun"
L 02/03/2025 - 15:06:23: [META] (debug:3) Calling amxmodx_mm_i386.so:ClientDisconnect()
L 02/03/2025 - 15:06:23: [META] (debug:3) Calling engine_amxx_i386.so:ClientDisconnect()
L 02/03/2025 - 15:06:23: [META] (debug:3) Calling server.so:ClientDisconnect()
L 02/03/2025 - 15:06:23: \Testicles\STEAM_0:0:18581128\ disconnected with 167 points
L 02/03/2025 - 15:06:23: Dropped Testicles from server
L 02/03/2025 - 15:06:23: Reason:  Client sent 'drop'
L 02/03/2025 - 17:49:20: [META] (debug:3) Calling engine_amxx_i386.so:ClientConnect()
L 02/03/2025 - 17:49:20: [META] (debug:3) Calling fun_amxx_i386.so:ClientConnect()
L 02/03/2025 - 17:49:20: [META] (debug:3) Calling server.so:ClientConnect()
L 02/03/2025 - 17:49:20: \adiguzelharun049\STEAM_0:1:930941521\ connected from address 130.250.240.123:27005
L 02/03/2025 - 17:49:20: [META] (debug:3) Calling amxmodx_mm_i386.so:ClientConnect_Post()
L 02/03/2025 - 17:49:20: "adiguzelharun049<11><STEAM_0:1:930941521><>" STEAM USERID validated
L 02/03/2025 - 17:49:22: Dropped adiguzelharun049 from server
L 02/03/2025 - 17:49:22: Reason:  Client sent 'drop'
L 02/04/2025 - 00:25:30: [META] (debug:3) Calling engine_amxx_i386.so:ClientConnect()
L 02/04/2025 - 00:25:30: [META] (debug:3) Calling fun_amxx_i386.so:ClientConnect()
L 02/04/2025 - 00:25:30: [META] (debug:3) Calling server.so:ClientConnect()
L 02/04/2025 - 00:25:30: \glitch31415\STEAM_0:0:743386914\ connected from address 127.0.0.1:27005
L 02/04/2025 - 00:25:30: [META] (debug:3) Calling amxmodx_mm_i386.so:ClientConnect_Post()
L 02/04/2025 - 00:25:30: "glitch31415<12><STEAM_0:0:743386914><>" STEAM USERID validated
L 02/04/2025 - 00:25:31: Dropped glitch31415 from server
L 02/04/2025 - 00:25:31: Reason:  Client sent 'drop'
L 02/04/2025 - 00:25:32: [META] (debug:3) Calling engine_amxx_i386.so:ClientConnect()
L 02/04/2025 - 00:25:32: [META] (debug:3) Calling fun_amxx_i386.so:ClientConnect()
L 02/04/2025 - 00:25:32: [META] (debug:3) Calling server.so:ClientConnect()
L 02/04/2025 - 00:25:32: \glitch31415\STEAM_0:0:743386914\ connected from address 127.0.0.1:27005
L 02/04/2025 - 00:25:32: [META] (debug:3) Calling amxmodx_mm_i386.so:ClientConnect_Post()
L 02/04/2025 - 00:25:32: "glitch31415<13><STEAM_0:0:743386914><>" STEAM USERID validated
L 02/04/2025 - 00:25:34: [META] (debug:3) Calling server.so:ClientPutInServer()
L 02/04/2025 - 00:25:34: [META] (debug:3) Calling engine:QueryClientCvarValue2()
L 02/04/2025 - 00:25:34: [META] (debug:3) Calling amxmodx_mm_i386.so:ClientPutInServer_Post()
L 02/04/2025 - 00:25:34: \glitch31415\STEAM_0:0:743386914\ entered the game as wireframe(76,76)
L 02/04/2025 - 00:25:34: [META] (debug:3) Calling amxmodx_mm_i386.so:CvarValue2()
L 02/04/2025 - 00:25:34: [META] (debug:3) Calling server.so:CvarValue2()
L 02/04/2025 - 00:25:34: [META] (debug:3) Calling engine:QueryClientCvarValue2()
L 02/04/2025 - 00:25:34: [META] (debug:3) Calling amxmodx_mm_i386.so:CvarValue2()
L 02/04/2025 - 00:25:34: [META] (debug:3) Calling server.so:CvarValue2()
L 02/04/2025 - 00:25:34: [META] (debug:3) Calling engine:QueryClientCvarValue2()
L 02/04/2025 - 00:25:34: [META] (debug:3) Calling amxmodx_mm_i386.so:CvarValue2()
L 02/04/2025 - 00:25:34: [META] (debug:3) Calling server.so:CvarValue2()
L 02/04/2025 - 00:25:34: [META] (debug:3) Calling engine:QueryClientCvarValue2()
L 02/04/2025 - 00:25:34: [META] (debug:3) Calling amxmodx_mm_i386.so:CvarValue2()
L 02/04/2025 - 00:25:34: [META] (debug:3) Calling server.so:CvarValue2()
L 02/04/2025 - 00:25:34: \glitch31415\STEAM_0:0:743386914\ Client version: Adrenaline Gamer (OpenGL)
L 02/04/2025 - 00:26:10: \glitch31415\STEAM_0:0:743386914\ killed "Scientist" with "shotgun"
L 02/04/2025 - 00:26:11: \glitch31415\STEAM_0:0:743386914\ killed "Scientist" with "9mmAR"
L 02/04/2025 - 00:26:23: Rcon: "rcon 550648456 "5pgW37D7ad" restart" from "127.0.0.1:27005"
L 02/04/2025 - 00:26:23: [META] (debug:3) Calling amxmodx_mm_i386.so:ClientDisconnect()
L 02/04/2025 - 00:26:23: [META] (debug:3) Calling engine_amxx_i386.so:ClientDisconnect()
L 02/04/2025 - 00:26:23: [META] (debug:3) Calling server.so:ClientDisconnect()
L 02/04/2025 - 00:26:23: \bot1\BOT\ disconnected
L 02/04/2025 - 00:26:23: Dropped bot1 from server
L 02/04/2025 - 00:26:23: Reason:  Dropping fakeclient on level change
L 02/04/2025 - 00:26:23: [META] (debug:3) Calling amxmodx_mm_i386.so:ClientDisconnect()
L 02/04/2025 - 00:26:23: [META] (debug:3) Calling engine_amxx_i386.so:ClientDisconnect()
L 02/04/2025 - 00:26:23: [META] (debug:3) Calling server.so:ClientDisconnect()
L 02/04/2025 - 00:26:23: \bot3\BOT\ disconnected
L 02/04/2025 - 00:26:23: Dropped bot3 from server
L 02/04/2025 - 00:26:23: Reason:  Dropping fakeclient on level change
L 02/04/2025 - 00:26:23: [META] (debug:3) Calling amxmodx_mm_i386.so:ClientDisconnect()
L 02/04/2025 - 00:26:23: [META] (debug:3) Calling engine_amxx_i386.so:ClientDisconnect()
L 02/04/2025 - 00:26:23: [META] (debug:3) Calling server.so:ClientDisconnect()
L 02/04/2025 - 00:26:23: \bot2\BOT\ disconnected
L 02/04/2025 - 00:26:23: Dropped bot2 from server
L 02/04/2025 - 00:26:23: Reason:  Dropping fakeclient on level change
L 02/04/2025 - 00:26:23: [META] (debug:3) Calling amxmodx_mm_i386.so:ServerDeactivate()
L 02/04/2025 - 00:26:23: [META] (debug:3) Calling engine_amxx_i386.so:ServerDeactivate()
L 02/04/2025 - 00:26:23: [META] (debug:3) Calling server.so:ServerDeactivate()
L 02/04/2025 - 00:26:23: \glitch31415\STEAM_0:0:743386914\ 14 points, 0 deaths
L 02/04/2025 - 00:26:23: [META] (debug:3) Calling amxmodx_mm_i386.so:ServerDeactivate_Post()
L 02/04/2025 - 00:26:23: [META] (debug:3) Calling fakemeta_amxx_i386.so:ServerDeactivate_Post()
L 02/04/2025 - 00:26:23: [META] ini: Begin re-reading plugins list: /home/glitch/.steam/debian-installation/steamapps/common/hlds/valve/addons/metamod/plugins.ini
L 02/04/2025 - 00:26:23: [META] ini: Read plugin config for: AMX Mod X
L 02/04/2025 - 00:26:23: [META] ini: Finished reading plugins list: /home/glitch/.steam/debian-installation/steamapps/common/hlds/valve/addons/metamod/plugins.ini; Found 1 plugins
L 02/04/2025 - 00:26:23: [META] dll: Updating plugins...
L 02/04/2025 - 00:26:23: [META] (debug:1) Keeping plugin 'AMX Mod X'
L 02/04/2025 - 00:26:23: [META] dll: Finished updating 5 plugins; kept 1, loaded 0, unloaded 0, reloaded 0, delayed 0
L 02/04/2025 - 00:26:23: [META] (debug:3) Calling amxmodx_mm_i386.so:ClientDisconnect()
L 02/04/2025 - 00:26:23: [META] (debug:3) Calling engine_amxx_i386.so:ClientDisconnect()
L 02/04/2025 - 00:26:23: [META] (debug:3) Calling server.so:ClientDisconnect()
L 02/04/2025 - 00:26:23: \glitch31415\STEAM_0:0:743386914\ disconnected with 14 points
L 02/04/2025 - 00:26:23: Log file closed

-------------------------------------------------------------------------------

