L 02/01/2025 - 17:55:15: Log file started (file "logs/L0201003.log") (game "valve") (version "48/1.1.2.2/Stdio/3897")
L 02/01/2025 - 17:55:15: Loading map "d1_trainstation_02"
L 02/01/2025 - 17:55:15: Server cvar "mp_soundvariety" = "0"
L 02/01/2025 - 17:55:15: Server cvar "mp_soundvariety" = "1"
L 02/01/2025 - 17:55:15: [META] (debug:3) user message registered again: name=VoiceMask, msgid=64
L 02/01/2025 - 17:55:15: [META] (debug:3) user message registered again: name=ReqState, msgid=65
L 02/01/2025 - 17:55:15: [META] ERROR: Couldn't find game entity 'env_model' in game DLL 'valve': /home/glitch/.steam/debian-installation/steamapps/common/hlds/valve/dlls/server.so: undefined symbol: env_model
L 02/01/2025 - 17:55:15: [META] ERROR: Couldn't find game entity 'motion_manager' in game DLL 'valve': /home/glitch/.steam/debian-installation/steamapps/common/hlds/valve/dlls/server.so: undefined symbol: motion_manager
L 02/01/2025 - 17:55:15: [META] (debug:3) Calling amxmodx_mm_i386.so:ServerActivate()
L 02/01/2025 - 17:55:15: [META] (debug:3) Calling engine_amxx_i386.so:ServerActivate()
L 02/01/2025 - 17:55:15: [META] (debug:3) Calling fakemeta_amxx_i386.so:ServerActivate()
L 02/01/2025 - 17:55:15: [META] (debug:3) Calling server.so:ServerActivate()
L 02/01/2025 - 17:55:16: Server cvar "mp_nextmap" = "d1_town_01"
L 02/01/2025 - 17:55:16: [META] (debug:3) Calling amxmodx_mm_i386.so:ServerActivate_Post()
L 02/01/2025 - 17:55:16: Server cvar "amx_nextmap" = "d1_town_01"
L 02/01/2025 - 17:55:16: Enemy stats: 0k health, 0 npcs
L 02/01/2025 - 17:55:16: Started map "d1_trainstation_02" (CRC "652026196")
L 02/01/2025 - 17:55:16: [META] (debug:3) Calling engine_amxx_i386.so:ClientConnect()
L 02/01/2025 - 17:55:16: [META] (debug:3) Calling fun_amxx_i386.so:ClientConnect()
L 02/01/2025 - 17:55:16: [META] (debug:3) Calling server.so:ClientConnect()
L 02/01/2025 - 17:55:16: \glitch31415\STEAM_0:0:743386914\ connected from address 127.0.0.1:27005
L 02/01/2025 - 17:55:16: [META] (debug:3) Calling amxmodx_mm_i386.so:ClientConnect_Post()
L 02/01/2025 - 17:55:17: Dropped glitch31415 from server
L 02/01/2025 - 17:55:17: Reason:  Client sent 'drop'
L 02/01/2025 - 17:55:18: [META] (debug:3) Calling engine_amxx_i386.so:ClientConnect()
L 02/01/2025 - 17:55:18: [META] (debug:3) Calling fun_amxx_i386.so:ClientConnect()
L 02/01/2025 - 17:55:18: [META] (debug:3) Calling server.so:ClientConnect()
L 02/01/2025 - 17:55:18: \glitch31415\STEAM_0:0:743386914\ connected from address 127.0.0.1:27005
L 02/01/2025 - 17:55:18: [META] (debug:3) Calling amxmodx_mm_i386.so:ClientConnect_Post()
L 02/01/2025 - 17:55:18: "glitch31415<2><STEAM_0:0:743386914><>" STEAM USERID validated
L 02/01/2025 - 17:55:20: [META] (debug:3) Calling server.so:ClientPutInServer()
L 02/01/2025 - 17:55:20: [META] (debug:3) Calling engine:QueryClientCvarValue2()
L 02/01/2025 - 17:55:20: [META] (debug:3) Calling amxmodx_mm_i386.so:ClientPutInServer_Post()
L 02/01/2025 - 17:55:20: \glitch31415\STEAM_0:0:743386914\ entered the game as wireframe(76,76)
L 02/01/2025 - 17:55:20: [META] (debug:3) Calling amxmodx_mm_i386.so:CvarValue2()
L 02/01/2025 - 17:55:20: [META] (debug:3) Calling server.so:CvarValue2()
L 02/01/2025 - 17:55:20: [META] (debug:3) Calling engine:QueryClientCvarValue2()
L 02/01/2025 - 17:55:21: [META] (debug:3) Calling amxmodx_mm_i386.so:CvarValue2()
L 02/01/2025 - 17:55:21: [META] (debug:3) Calling server.so:CvarValue2()
L 02/01/2025 - 17:55:21: [META] (debug:3) Calling engine:QueryClientCvarValue2()
L 02/01/2025 - 17:55:21: [META] (debug:3) Calling amxmodx_mm_i386.so:CvarValue2()
L 02/01/2025 - 17:55:21: [META] (debug:3) Calling server.so:CvarValue2()
L 02/01/2025 - 17:55:21: [META] (debug:3) Calling engine:QueryClientCvarValue2()
L 02/01/2025 - 17:55:21: [META] (debug:3) Calling amxmodx_mm_i386.so:CvarValue2()
L 02/01/2025 - 17:55:21: [META] (debug:3) Calling server.so:CvarValue2()
L 02/01/2025 - 17:55:21: \glitch31415\STEAM_0:0:743386914\ Client version: Adrenaline Gamer (OpenGL)
L 02/01/2025 - 17:55:30: \glitch31415\STEAM_0:0:743386914\ killed "Scientist" with "9mmAR"
L 02/01/20