L 02/04/2025 - 00:26:23: Log file started (file "logs/L0204000.log") (game "valve") (version "48/1.1.2.2/Stdio/3897")
L 02/04/2025 - 00:26:23: Loading map "d1_trainstation_02"
L 02/04/2025 - 00:26:23: Server cvar "mp_soundvariety" = "0"
L 02/04/2025 - 00:26:23: Server cvar "mp_soundvariety" = "1"
L 02/04/2025 - 00:26:23: [META] (debug:3) user message registered again: name=VoiceMask, msgid=64
L 02/04/2025 - 00:26:23: [META] (debug:3) user message registered again: name=ReqState, msgid=65
L 02/04/2025 - 00:26:23: [META] (debug:3) Calling amxmodx_mm_i386.so:ServerActivate()
L 02/04/2025 - 00:26:23: [META] (debug:3) Calling engine_amxx_i386.so:ServerActivate()
L 02/04/2025 - 00:26:23: [META] (debug:3) Calling fakemeta_amxx_i386.so:ServerActivate()
L 02/04/2025 - 00:26:23: [META] (debug:3) Calling server.so:ServerActivate()
L 02/04/2025 - 00:26:23: [META] (debug:3) Calling amxmodx_mm_i386.so:ServerActivate_Post()
L 02/04/2025 - 00:26:23: Enemy stats: 0k health, 0 npcs
L 02/04/2025 - 00:26:24: Started map "d1_trainstation_02" (CRC "652026196")
L 02/04/2025 - 00:26:24: [META] (debug:3) Calling engine_amxx_i386.so:ClientConnect()
L 02/04/2025 - 00:26:24: [META] (debug:3) Calling fun_amxx_i386.so:ClientConnect()
L 02/04/2025 - 00:26:24: [META] (debug:3) Calling server.so:ClientConnect()
L 02/04/2025 - 00:26:24: \glitch31415\STEAM_0:0:743386914\ connected from address 127.0.0.1:27005
L 02/04/2025 - 00:26:24: [META] (debug:3) Calling amxmodx_mm_i386.so:ClientConnect_Post()
L 02/04/2025 - 00:26:24: Dropped glitch31415 from server
L 02/04/2025 - 00:26:24: Reason:  Client sent 'drop'
L 02/04/2025 - 00:26:27: \bot2\BOT\ connected from address 127.0.0.1
L 02/04/2025 - 00:26:27: \bot2\BOT\ entered the game as ld_gordon(226,82)
L 02/04/2025 - 00:26:27: \bot3\BOT\ connected from address 127.0.0.1
L 02/04/2025 - 00:26:27: \bot3\BOT\ entered the game as ld_gordon(71,156)
L 02/04/2025 - 00:26:27: \bot1\BOT\ connected from address 127.0.0.1
L 02/04/2025 - 00:26:27: \bot1\BOT\ entered the game as ld_gordon(244,197)
L 02/04/2025 - 05:54:34: "letov<17><STEAM_0:1:777440492><>" STEAM USERID validated
L 02/04/2025 - 05:54:34: [META] (debug:3) Calling engine_amxx_i386.so:ClientConnect()
L 02/04/2025 - 05:54:34: [META] (debug:3) Calling fun_amxx_i386.so:ClientConnect()
L 02/04/2025 - 05:54:34: [META] (debug:3) Calling server.so:ClientConnect()
L 02/04/2025 - 05:54:34: \letov\STEAM_0:1:777440492\ connected from address 46.158.180.174:27005
L 02/04/2025 - 05:54:34: [META] (debug:3) Calling amxmodx_mm_i386.so:ClientConnect_Post()
L 02/04/2025 - 05:54:39: Dropped letov from server
L 02/04/2025 - 05:54:39: Reason:  Client sent 'drop'
L 02/04/2025 - 05:55:29: "letov<18><STEAM_0:1:777440492><>" STEAM USERID validated
L 02/04/2025 - 05:55:29: [META] (debug:3) Calling engine_amxx_i386.so:ClientConnect()
L 02/04/2025 - 05:55:29: [META] (debug:3) Calling fun_amxx_i386.so:ClientConnect()
L 02/04/2025 - 05:55:29: [META] (debug:3) Calling server.so:ClientConnect()
L 02/04/2025 - 05:55:29: \letov\STEAM_0:1:777440492\ connected from address 46.158.180.174:27005
L 02/04/2025 - 05:55:29: [META] (debug:3) Calling amxmodx_mm_i386.so:ClientConnect_Post()
L 02/04/2025 - 05:55:36: [META] (debug:3) Calling server.so:ClientPutInServer()
L 02/04/2025 - 05:55:36: [META] (debug:3) Calling engine:QueryClientCvarValue2()
L 02/04/2025 - 05:55:36: [META] (debug:3) Calling amxmodx_mm_i386.so:ClientPutInServer_Post()
L 02/04/2025 - 05:55:36: \letov\STEAM_0:1:777440492\ entered the game as helmet(30,6)
L 02/04/2025 - 05:55:36: [META] (debug:3) Calling amxmodx_mm_i386.so:CvarValue2()
L 02/04/2025 - 05:55:36: [META] (debug:3) Calling server.so:CvarValue2()
L 02/04/2025 - 05:55:36: [META] (debug:3) Calling engine:QueryClientCvarValue2()
L 02/04/2025 - 05:55:38: [META] (debug:3) Calling amxmodx_mm_i386.so:CvarValue2()
L 02/04/2025 - 05:55:38: [META] (debug:3) Calling server.so:CvarValue2()
L 02/04/2025 - 05:55:38: [META] (debug:3) Calling engine:QueryClientCvarValue2()
L 02/04/2025 - 05:55:38: [META] (debug:3) Calling amxmodx_mm_i386.so:CvarValue2()
L 02/04/2025 - 05:55:38: [META] (debug:3) Calling server.so:CvarValue2()
L 02/04/2025 - 05:55:38: [META] (debug:3) Calling engine:QueryClientCvarValue2()
L 02/04/2025 - 05:55:39: [META] (debug:3) Calling amxmodx_mm_i386.so:CvarValue2()
L 02/04/2025 - 05:55:39: [META] (debug:3) Calling server.so:CvarValue2()
L 02/04/2025 - 05:55:39: \letov\STEAM_0:1:777440492\ Client version: Half-Life (OpenGL)
L 02/04/2025 - 05:56:20: \letov\STEAM_0:1:777440492\ committed suicide with "gluon gun"
L 02/04/2025 - 05:56:37: \letov\STEAM_0:1:777440492\ killed "Scientist" with "9mmhandgun"
L 02/04/2025 - 05:56:40: \letov\STEAM_0:1:777440492\ killed "Scientist" with "shotgun"
L 02/04/2025 - 05:56:41: \letov\STEAM_0:1:777440492\ killed "Scientist" with "shotgun"
L 02/04/2025 - 05:57:26: \letov\STEAM_0:1:777440492\ killed by "worldspawn"
L 02/04/2025 - 05:57:32: [META] (debug:3) Calling amxmodx_mm_i386.so:ClientDisconnect()
L 02/04/2025 - 05:57:32: [META] (debug:3) Calling engine_amxx_i386.so:ClientDisconnect()
L 02/04/2025 - 05:57:32: [META] (debug:3) Calling server.so:ClientDisconnect()
L 02/04/2025 - 05:57:32: \letov\STEAM_0:1:777440492\ disconnected with 28 points
L 02/04/2025 - 05:57:32: Dropped letov from server
L 02/04/2025 - 05:57:32: Reason:  Client sent 'drop'
L 02/04/2025 - 14:37:58: [META] (debug:3) Calling engine_amxx_i386.so:ClientConnect()
L 02/04/2025 - 14:37:58: [META] (debug:3) Calling fun_amxx_i386.so:ClientConnect()
L 02/04/2025 - 14:37:58: [META] (debug:3) Calling server.so:ClientConnect()
L 02/04/2025 - 14:37:58: \Gaeljuegatito\STEAM_0:0:706053904\ connected from address 187.190.29.102:27005
L 02/04/2025 - 14:37:58: [META] (debug:3) Calling amxmodx_mm_i386.so:ClientConnect_Post()
L 02/04/2025 - 14:37:59: "Gaeljuegatito<19><STEAM_0:0:706053904><>" STEAM USERID validated
L 02/04/2025 - 14:38:03: Dropped Gaeljuegatito from server
L 02/04/2025 - 14:38:03: Reason:  Client sent 'drop'
L 02/04/2025 - 14:38:29: [META] (debug:3) Calling engine_amxx_i386.so:ClientConnect()
L 02/04/2025 - 14:38:29: [META] (debug:3) Calling fun_amxx_i386.so:ClientConnect()
L 02/04/2025 - 14:38:29: [META] (debug:3) Calling server.so:ClientConnect()
L 02/04/2025 - 14:38:29: \Gaeljuegatito\STEAM_0:0:706053904\ connected from address 187.190.29.102:27005
L 02/04/2025 - 14:38:29: [META] (debug:3) Calling amxmodx_mm_i386.so:ClientConnect_Post()
L 02/04/2025 - 14:38:29: "Gaeljuegatito<20><STEAM_0:0:706053904><>" STEAM USERID validated
L 02/04/2025 - 14:38:48: [META] (debug:3) Calling server.so:ClientPutInServer()
L 02/04/2025 - 14:38:48: [META] (debug:3) Calling engine:QueryClientCvarValue2()
L 02/04/2025 - 14:38:48: [META] (debug:3) Calling amxmodx_mm_i386.so:ClientPutInServer_Post()
L 02/04/2025 - 14:38:48: \Gaeljuegatito\STEAM_0:0:706053904\ entered the game as helmet(27,19)
L 02/04/2025 - 14:38:48: [META] (debug:3) Calling amxmodx_mm_i386.so:CvarValue2()
L 02/04/2025 - 14:38:48: [META] (debug:3) Calling server.so:CvarValue2()
L 02/04/2025 - 14:38:48: [META] (debug:3) Calling engine:QueryClientCvarValue2()
L 02/04/2025 - 14:38:49: [META] (debug:3) Calling amxmodx_mm_i386.so:CvarValue2()
L 02/04/2025 - 14:38:49: [META] (debug:3) Calling server.so:CvarValue2()
L 02/04/2025 - 14:38:49: [META] (debug:3) Calling engine:QueryClientCvarValue2()
L 02/04/2025 - 14:38:49: [META] (debug:3) Calling amxmodx_mm_i386.so:CvarValue2()
L 02/04/2025 - 14:38:49: [META] (debug:3) Calling server.so:CvarValue2()
L 02/04/2025 - 14:38:49: [META] (debug:3) Calling engine:QueryClientCvarValue2()
L 02/04/2025 - 14:38:49: [META] (debug:3) Calling amxmodx_mm_i386.so:CvarValue2()
L 02/04/2025 - 14:38:49: [META] (debug:3) Calling server.so:CvarValue2()
L 02/04/2025 - 14:38:49: \Gaeljuegatito\STEAM_0:0:706053904\ Client version: Adrenaline Gamer (steam_legacy) (OpenGL)
L 02/04/2025 - 14:44:13: [META] (debug:3) Calling amxmodx_mm_i386.so:ClientDisconnect()
L 02/04/2025 - 14:44:13: [META] (debug:3) Calling engine_amxx_i386.so:ClientDisconnect()
L 02/04/2025 - 14:44:13: [META] (debug:3) Calling server.so:ClientDisconnect()
L 02/04/2025 - 14:44:13: \Gaeljuegatito\STEAM_0:0:706053904\ disconnected
L 02/04/2025 - 14:44:13: Dropped Gaeljuegatito from server
L 02/04/2025 - 14:44:13: Reason:  Client sent 'drop'
L 02/06/2025 - 19:02:33: [META] (debug:3) Calling engine_amxx_i386.so:ClientConnect()
L 02/06/2025 - 19:02:33: [META] (debug:3) Calling fun_amxx_i386.so:ClientConnect()
L 02/06/2025 - 19:02:33: [META] (debug:3) Calling server.so:ClientConnect()
L 02/06/2025 - 19:02:33: \bob\STEAM_0:1:922325410\ connected from address 35.146.204.103:22312
L 02/06/2025 - 19:02:33: [META] (debug:3) Calling amxmodx_mm_i386.so:ClientConnect_Post()
L 02/06/2025 - 19:02:33: "bob<21><STEAM_0:1:922325410><>" STEAM USERID validated
L 02/06/2025 - 19:02:35: Dropped bob from server
L 02/06/2025 - 19:02:35: Reason:  Client sent 'drop'
L 02/06/2025 - 19:03:08: [META] (debug:3) Calling engine_amxx_i386.so:ClientConnect()
L 02/06/2025 - 19:03:08: [META] (debug:3) Calling fun_amxx_i386.so:ClientConnect()
L 02/06/2025 - 19:03:08: [META] (debug:3) Calling server.so:ClientConnect()
L 02/06/2025 - 19:03:08: \bob\STEAM_0:1:922325410\ connected from address 35.146.204.103:22312
L 02/06/2025 - 19:03:08: [META] (debug:3) Calling amxmodx_mm_i386.so:ClientConnect_Post()
L 02/06/2025 - 19:03:08: "bob<22><STEAM_0:1:922325410><>" STEAM USERID validated
L 02/06/2025 - 19:03:14: [META] (debug:3) Calling server.so:ClientPutInServer()
L 02/06/2025 - 19:03:14: [META] (debug:3) Calling engine:QueryClientCvarValue2()
L 02/06/2025 - 19:03:14: [META] (debug:3) Calling amxmodx_mm_i386.so:ClientPutInServer_Post()
L 02/06/2025 - 19:03:14: \bob\STEAM_0:1:922325410\ entered the game as gordon(30,6)
L 02/06/2025 - 19:03:14: [META] (debug:3) Calling amxmodx_mm_i386.so:CvarValue2()
L 02/06/2025 - 19:03:14: [META] (debug:3) Calling server.so:CvarValue2()
L 02/06/2025 - 19:03:14: [META] (debug:3) Calling engine:QueryClientCvarValue2()
L 02/06/2025 - 19:03:15: [META] (debug:3) Calling amxmodx_mm_i386.so:CvarValue2()
L 02/06/2025 - 19:03:15: [META] (debug:3) Calling server.so:CvarValue2()
L 02/06/2025 - 19:03:15: [META] (debug:3) Calling engine:QueryClientCvarValue2()
L 02/06/2025 - 19:03:15: [META] (debug:3) Calling amxmodx_mm_i386.so:CvarValue2()
L 02/06/2025 - 19:03:15: [META] (debug:3) Calling server.so:CvarValue2()
L 02/06/2025 - 19:03:15: [META] (debug:3) Calling engine:QueryClientCvarValue2()
L 02/06/2025 - 19:03:15: [META] (debug:3) Calling amxmodx_mm_i386.so:CvarValue2()
L 02/06/2025 - 19:03:15: [META] (debug:3) Calling server.so:CvarValue2()
L 02/06/2025 - 19:03:15: \bob\STEAM_0:1:922325410\ Client version: Half-Life (OpenGL)
L 02/06/2025 - 19:04:49: [META] (debug:3) Calling engine_amxx_i386.so:ClientConnect()
L 02/06/2025 - 19:04:49: [META] (debug:3) Calling fun_amxx_i386.so:ClientConnect()
L 02/06/2025 - 19:04:49: [META] (debug:3) Calling server.so:ClientConnect()
L 02/06/2025 - 19:04:49: \glitch31415\STEAM_0:0:743386914\ connected from address 127.0.0.1:27005
L 02/06/2025 - 19:04:49: [META] (debug:3) Calling amxmodx_mm_i386.so:ClientConnect_Post()
L 02/06/2025 - 19:04:49: "glitch31415<23><STEAM_0:0:743386914><>" STEAM USERID validated
L 02/06/2025 - 19:04:50: Dropped glitch31415 from server
L 02/06/2025 - 19:04:50: Reason:  Client sent 'drop'
L 02/06/2025 - 19:04:50: [META] (debug:3) Calling engine_amxx_i386.so:ClientConnect()
L 02/06/2025 - 19:04:50: [META] (debug:3) Calling fun_amxx_i386.so:ClientConnect()
L 02/06/2025 - 19:04:50: [META] (debug:3) Calling server.so:ClientConnect()
L 02/06/2025 - 19:04:50: \glitch31415\STEAM_0:0:743386914\ connected from address 127.0.0.1:27005
L 02/06/2025 - 19:04:50: [META] (debug:3) Calling amxmodx_mm_i386.so:ClientConnect_Post()
L 02/06/2025 - 19:04:51: "glitch31415<24><STEAM_0:0:743386914><>" STEAM USERID validated
L 02/06/2025 - 19:04:53: [META] (debug:3) Calling server.so:ClientPutInServer()
L 02/06/2025 - 19:04:53: [META] (debug:3) Calling engine:QueryClientCvarValue2()
L 02/06/2025 - 19:04:53: [META] (debug:3) Calling amxmodx_mm_i386.so:ClientPutInServer_Post()
L 02/06/2025 - 19:04:53: \glitch31415\STEAM_0:0:743386914\ entered the game as wireframe(76,76)
L 02/06/2025 - 19:04:53: [META] (debug:3) Calling amxmodx_mm_i386.so:CvarValue2()
L 02/06/2025 - 19:04:53: [META] (debug:3) Calling server.so:CvarValue2()
L 02/06/2025 - 19:04:53: [META] (debug:3) Calling engine:QueryClientCvarValue2()
L 02/06/2025 - 19:04:53: [META] (debug:3) Calling amxmodx_mm_i386.so:CvarValue2()
L 02/06/2025 - 19:04:53: [META] (debug:3) Calling server.so:CvarValue2()
L 02/06/2025 - 19:04:53: [META] (debug:3) Calling engine:QueryClientCvarValue2()
L 02/06/2025 - 19:04:53: [META] (debug:3) Calling amxmodx_mm_i386.so:CvarValue2()
L 02/06/2025 - 19:04:53: [META] (debug:3) Calling server.so:CvarValue2()
L 02/06/2025 - 19:04:53: [META] (debug:3) Calling engine:QueryClientCvarValue2()
L 02/06/2025 - 19:04:53: [META] (debug:3) Calling amxmodx_mm_i386.so:CvarValue2()
L 02/06/2025 - 19:04:53: [META] (debug:3) Calling server.so:CvarValue2()
L 02/06/2025 - 19:04:53: \glitch31415\STEAM_0:0:743386914\ Client version: Adrenaline Gamer (OpenGL)
L 02/06/2025 - 19:05:40: \glitch31415\STEAM_0:0:743386914\ killed by \bob\STEAM_0:1:922325410\ with "rpg_rocket"
L 02/06/2025 - 19:06:02: \glitch31415\STEAM_0:0:743386914\ killed by \bob\STEAM_0:1:922325410\ with "gluon gun"
L 02/06/2025 - 19:07:17: \glitch31415\STEAM_0:0:743386914\ say "real"
L 02/06/2025 - 19:07:23: \glitch31415\STEAM_0:0:743386914\ committed suicide with "grenade"
L 02/06/2025 - 19:07:23: \glitch31415\STEAM_0:0:743386914\ killed "Scientist" with "grenade"
L 02/06/2025 - 19:08:45: \glitch31415\STEAM_0:0:743386914\ killed "Scientist" with "shotgun"
L 02/06/2025 - 19:09:37: \bob\STEAM_0:1:922325410\ killed "Human Grunt" with "gluon gun"
L 02/06/2025 - 19:09:39: \bob\STEAM_0:1:922325410\ killed "Human Grunt" with "gluon gun"
L 02/06/2025 - 19:09:40: \bob\STEAM_0:1:922325410\ killed "Human Grunt" with "gluon gun"
L 02/06/2025 - 19:09:46: \bob\STEAM_0:1:922325410\ killed "Human Grunt" with "gluon gun"
L 02/06/2025 - 19:09:48: \glitch31415\STEAM_0:0:743386914\ killed "Human Grunt" with "rpg_rocket"
L 02/06/2025 - 19:11:18: \glitch31415\STEAM_0:0:743386914\ killed "Human Grunt" with "9mmAR"
L 02/06/2025 - 19:11:18: \glitch31415\STEAM_0:0:743386914\ killed "Human Grunt" with "9mmAR"
L 02/06/2025 - 19:11:27: \bob\STEAM_0:1:922325410\ killed "Human Grunt" with "rpg_rocket"
L 02/06/2025 - 19:11:27: \bob\STEAM_0:1:922325410\ killed "Human Grunt" with "rpg_rocket"
L 02/06/2025 - 19:11:27: \bob\STEAM_0:1:922325410\ killed "Human Grunt" with "rpg_rocket"
L 02/06/2025 - 19:11:27: \bob\STEAM_0:1:922325410\ killed "Human Grunt" with "rpg_rocket"
L 02/06/2025 - 19:11:27: \bob\STEAM_0:1:922325410\ killed "Human Grunt" with "rpg_rocket"
L 02/06/2025 - 19:11:27: \bob\STEAM_0:1:922325410\ killed "Human Grunt" with "rpg_rocket"
L 02/06/2025 - 19:11:30: \bob\STEAM_0:1:922325410\ killed "Human Grunt" with "rpg_rocket"
L 02/06/2025 - 19:11:30: \bob\STEAM_0:1:922325410\ killed "Human Grunt" with "rpg_rocket"
L 02/06/2025 - 19:11:30: \bob\STEAM_0:1:922325410\ killed "Human Grunt" with "rpg_rocket"
L 02/06/2025 - 19:11:30: \bob\STEAM_0:1:922325410\ killed "Human Grunt" with "rpg_rocket"
L 02/06/2025 - 19:11:37: \bob\STEAM_0:1:922325410\ killed "Human Grunt" with "rpg_rocket"
L 02/06/2025 - 19:11:55: \glitch31415\STEAM_0:0:743386914\ say "rtv"
L 02/06/2025 - 19:12:35: [META] (debug:3) Calling amxmodx_mm_i386.so:ClientDisconnect()
L 02/06/2025 - 19:12:35: [META] (debug:3) Calling engine_amxx_i386.so:ClientDisconnect()
L 02/06/2025 - 19:12:35: [META] (debug:3) Calling server.so:ClientDisconnect()
L 02/06/2025 - 19:12:35: \bot2\BOT\ disconnected
L 02/06/2025 - 19:12:35: Dropped bot2 from server
L 02/06/2025 - 19:12:35: Reason:  Dropping fakeclient on level change
L 02/06/2025 - 19:12:35: [META] (debug:3) Calling amxmodx_mm_i386.so:ClientDisconnect()
L 02/06/2025 - 19:12:35: [META] (debug:3) Calling engine_amxx_i386.so:ClientDisconnect()
L 02/06/2025 - 19:12:35: [META] (debug:3) Calling server.so:ClientDisconnect()
L 02/06/2025 - 19:12:35: \bot3\BOT\ disconnected
L 02/06/2025 - 19:12:35: Dropped bot3 from server
L 02/06/2025 - 19:12:35: Reason:  Dropping fakeclient on level change
L 02/06/2025 - 19:12:35: [META] (debug:3) Calling amxmodx_mm_i386.so:ClientDisconnect()
L 02/06/2025 - 19:12:35: [META] (debug:3) Calling engine_amxx_i386.so:ClientDisconnect()
L 02/06/2025 - 19:12:35: [META] (debug:3) Calling server.so:ClientDisconnect()
L 02/06/2025 - 19:12:35: \bot1\BOT\ disconnected
L 02/06/2025 - 19:12:35: Dropped bot1 from server
L 02/06/2025 - 19:12:35: Reason:  Dropping fakeclient on level change
L 02/06/2025 - 19:12:35: [META] (debug:3) Calling amxmodx_mm_i386.so:ServerDeactivate()
L 02/06/2025 - 19:12:35: [META] (debug:3) Calling engine_amxx_i386.so:ServerDeactivate()
L 02/06/2025 - 19:12:35: [META] (debug:3) Calling server.so:ServerDeactivate()
L 02/06/2025 - 19:12:35: \bob\STEAM_0:1:922325410\ 246 points, 0 deaths
L 02/06/2025 - 19:12:35: \glitch31415\STEAM_0:0:743386914\ 13 points, 3 deaths
L 02/06/2025 - 19:12:35: [META] (debug:3) Calling amxmodx_mm_i386.so:ServerDeactivate_Post()
L 02/06/2025 - 19:12:35: [META] (debug:3) Calling fakemeta_amxx_i386.so:ServerDeactivate_Post()
L 02/06/2025 - 19:12:35: [META] ini: Begin re-reading plugins list: /home/glitch/.steam/debian-installation/steamapps/common/hlds/valve/addons/metamod/plugins.ini
L 02/06/2025 - 19:12:35: [META] ini: Read plugin config for: AMX Mod X
L 02/06/2025 - 19:12:35: [META] ini: Finished reading plugins list: /home/glitch/.steam/debian-installation/steamapps/common/hlds/valve/addons/metamod/plugins.ini; Found 1 plugins
L 02/06/2025 - 19:12:35: [META] dll: Updating plugins...
L 02/06/2025 - 19:12:35: [META] (debug:1) Keeping plugin 'AMX Mod X'
L 02/06/2025 - 19:12:35: [META] dll: Finished updating 5 plugins; kept 1, loaded 0, unloaded 0, reloaded 0, delayed 0
L 02/06/2025 - 19:12:35: [META] (debug:3) Calling amxmodx_mm_i386.so:ClientDisconnect()
L 02/06/2025 - 19:12:35: [META] (debug:3) Calling engine_amxx_i386.so:ClientDisconnect()
L 02/06/2025 - 19:12:35: [META] (debug:3) Calling server.so:ClientDisconnect()
L 02/06/2025 - 19:12:35: \bob\STEAM_0:1:922325410\ disconnected with 246 points
L 02/06/2025 - 19:12:35: [META] (debug:3) Calling amxmodx_mm_i386.so:ClientDisconnect()
L 02/06/2025 - 19:12:35: [META] (debug:3) Calling engine_amxx_i386.so:ClientDisconnect()
L 02/06/2025 - 19:12:35: [META] (debug:3) Calling server.so:ClientDisconnect()
L 02/06/2025 - 19:12:35: \glitch31415\STEAM_0:0:743386914\ disconnected with 13 points
L 02/06/2025 - 19:12:35: Log file closed

-------------------------------------------------------------------------------

