L 02/06/2025 - 19:27:14: Log file started (file "logs/L0206001.log") (game "valve") (version "48/1.1.2.2/Stdio/3897")
L 02/06/2025 - 19:27:14: Loading map "d1_trainstation_02"
L 02/06/2025 - 19:27:14: Server cvar "mp_soundvariety" = "0"
L 02/06/2025 - 19:27:14: Server cvar "mp_soundvariety" = "1"
L 02/06/2025 - 19:27:14: [META] (debug:3) user message registered again: name=VoiceMask, msgid=64
L 02/06/2025 - 19:27:14: [META] (debug:3) user message registered again: name=ReqState, msgid=65
L 02/06/2025 - 19:27:14: [META] (debug:3) Calling amxmodx_mm_i386.so:ServerActivate()
L 02/06/2025 - 19:27:14: [META] (debug:3) Calling engine_amxx_i386.so:ServerActivate()
L 02/06/2025 - 19:27:14: [META] (debug:3) Calling fakemeta_amxx_i386.so:ServerActivate()
L 02/06/2025 - 19:27:14: [META] (debug:3) Calling server.so:ServerActivate()
L 02/06/2025 - 19:27:14: Server cvar "mp_nextmap" = "d1_town_01"
L 02/06/2025 - 19:27:14: [META] (debug:3) Calling amxmodx_mm_i386.so:ServerActivate_Post()
L 02/06/2025 - 19:27:14: Server cvar "amx_nextmap" = "sandbox"
L 02/06/2025 - 19:27:14: Enemy stats: 0k health, 0 npcs
L 02/06/2025 - 19:27:14: Started map "d1_trainstation_02" (CRC "652026196")
L 02/06/2025 - 19:27:14: [META] (debug:3) Calling engine_amxx_i386.so:ClientConnect()
L 02/06/2025 - 19:27:14: [META] (debug:3) Calling fun_amxx_i386.so:ClientConnect()
L 02/06/2025 - 19:27:14: [META] (debug:3) Calling server.so:ClientConnect()
L 02/06/2025 - 19:27:14: \glitch31415\STEAM_0:0:743386914\ connected from address 127.0.0.1:27005
L 02/06/2025 - 19:27:14: [META] (debug:3) Calling amxmodx_mm_i386.so:ClientConnect_Post()
L 02/06/2025 - 19:27:15: Dropped glitch31415 from server
L 02/06/2025 - 19:27:15: Reason:  Client sent 'drop'
L 02/06/2025 - 19:27:17: \bot2\BOT\ connected from address 127.0.0.1
L 02/06/2025 - 19:27:17: \bot2\BOT\ entered the game as ld_gordon(229,219)
L 02/06/2025 - 19:27:17: \bot3\BOT\ connected from address 127.0.0.1
L 02/06/2025 - 19:27:17: \bot3\BOT\ entered the game as ld_gordon(250,169)
L 02/06/2025 - 19:27:17: \bot1\BOT\ connected from address 127.0.0.1
L 02/06/2025 - 19:27:17: \bot1\BOT\ entered the game as ld_gordon(82,99)
L 02/06/2025 - 23:29:15: [META] (debug:3) Calling engine_amxx_i386.so:ClientConnect()
L 02/06/2025 - 23:29:15: [META] (debug:3) Calling fun_amxx_i386.so:ClientConnect()
L 02/06/2025 - 23:29:15: [META] (debug:3) Calling server.so:ClientConnect()
L 02/06/2025 - 23:29:15: \bolinhodoespaco\STEAM_0:0:606260820\ connected from address 191.243.73.16:27005
L 02/06/2025 - 23:29:15: [META] (debug:3) Calling amxmodx_mm_i386.so:ClientConnect_Post()
L 02/06/2025 - 23:29:15: "bolinhodoespaco<33><STEAM_0:0:606260820><>" STEAM USERID validated
L 02/06/2025 - 23:29:21: Dropped bolinhodoespaco from server
L 02/06/2025 - 23:29:21: Reason:  Client sent 'drop'
L 02/06/2025 - 23:30:21: "bolinhodoespaco<34><STEAM_0:0:606260820><>" STEAM USERID validated
L 02/06/2025 - 23:30:21: [META] (debug:3) Calling engine_amxx_i386.so:ClientConnect()
L 02/06/2025 - 23:30:21: [META] (debug:3) Calling fun_amxx_i386.so:ClientConnect()
L 02/06/2025 - 23:30:21: [META] (debug:3) Calling server.so:ClientConnect()
L 02/06/2025 - 23:30:21: \bolinhodoespaco\STEAM_0:0:606260820\ connected from address 191.243.73.16:27005
L 02/06/2025 - 23:30:21: [META] (debug:3) Calling amxmodx_mm_i386.so:ClientConnect_Post()
L 02/06/2025 - 23:30:30: [META] (debug:3) Calling server.so:ClientPutInServer()
L 02/06/2025 - 23:30:30: [META] (debug:3) Calling engine:QueryClientCvarValue2()
L 02/06/2025 - 23:30:30: [META] (debug:3) Calling amxmodx_mm_i386.so:ClientPutInServer_Post()
L 02/06/2025 - 23:30:30: \bolinhodoespaco\STEAM_0:0:606260820\ entered the game as skeleton(129,135)
L 02/06/2025 - 23:30:30: [META] (debug:3) Calling amxmodx_mm_i386.so:CvarValue2()
L 02/06/2025 - 23:30:30: [META] (debug:3) Calling server.so:CvarValue2()
L 02/06/2025 - 23:30:30: [META] (debug:3) Calling engine:QueryClientCvarValue2()
L 02/06/2025 - 23:30:32: [META] (debug:3) Calling amxmodx_mm_i386.so:CvarValue2()
L 02/06/2025 - 23:30:32: [META] (debug:3) Calling server.so:CvarValue2()
L 02/06/2025 - 23:30:32: [META] (debug:3) Calling engine:QueryClientCvarValue2()
L 02/06/2025 - 23:30:32: [META] (debug:3) Calling amxmodx_mm_i386.so:CvarValue2()
L 02/06/2025 - 23:30:32: [META] (debug:3) Calling server.so:CvarValue2()
L 02/06/2025 - 23:30:32: [META] (debug:3) Calling engine:QueryClientCvarValue2()
L 02/06/2025 - 23:30:33: [META] (debug:3) Calling amxmodx_mm_i386.so:CvarValue2()
L 02/06/2025 - 23:30:33: [META] (debug:3) Calling server.so:CvarValue2()
L 02/06/2025 - 23:30:33: \bolinhodoespaco\STEAM_0:0:606260820\ Client version: Half-Life (OpenGL)
L 02/06/2025 - 23:31:49: \bolinhodoespaco\STEAM_0:0:606260820\ killed "Scientist" with "grenade"
L 02/06/2025 - 23:31:49: \bolinhodoespaco\STEAM_0:0:606260820\ killed "Scientist" with "grenade"
L 02/06/2025 - 23:32:03: \bolinhodoespaco\STEAM_0:0:606260820\ killed "Scientist" with "grenade"
L 02/06/2025 - 23:33:31: \bolinhodoespaco\STEAM_0:0:606260820\ killed "Human Grunt" with "crossbow"
L 02/06/2025 - 23:34:30: \bolinhodoespaco\STEAM_0:0:606260820\ killed "Human Grunt" with "crowbar"
L 02/06/2025 - 23:35:32: [META] (debug:3) Calling amxmodx_mm_i386.so:ClientDisconnect()
L 02/06/2025 - 23:35:32: [META] (debug:3) Calling engine_amxx_i386.so:ClientDisconnect()
L 02/06/2025 - 23:35:32: [META] (debug:3) Calling server.so:ClientDisconnect()
L 02/06/2025 - 23:35:32: \bolinhodoespaco\STEAM_0:0:606260820\ disconnected with 20 points
L 02/06/2025 - 23:35:32: Dropped bolinhodoespaco from server
L 02/06/2025 - 23:35:32: Reason:  Client sent 'drop'
L 02/07/2025 - 01:24:44: "Hl.LaLeagane.Ro<35><STEAM_0:1:173677065><>" STEAM USERID validated
L 02/07/2025 - 01:24:44: [META] (debug:3) Calling engine_amxx_i386.so:ClientConnect()
L 02/07/2025 - 01:24:44: [META] (debug:3) Calling fun_amxx_i386.so:ClientConnect()
L 02/07/2025 - 01:24:44: [META] (debug:3) Calling server.so:ClientConnect()
L 02/07/2025 - 01:24:44: \Hl.LaLeagane.Ro\STEAM_0:1:173677065\ connected from address 194.242.100.92:20865
L 02/07/2025 - 01:24:44: [META] (debug:3) Calling amxmodx_mm_i386.so:ClientConnect_Post()
L 02/07/2025 - 01:24:48: Dropped Hl.LaLeagane.Ro from server
L 02/07/2025 - 01:24:48: Reason:  Client sent 'drop'
L 02/07/2025 - 01:24:53: [META] (debug:3) Calling engine_amxx_i386.so:ClientConnect()
L 02/07/2025 - 01:24:53: [META] (debug:3) Calling fun_amxx_i386.so:ClientConnect()
L 02/07/2025 - 01:24:53: [META] (debug:3) Calling server.so:ClientConnect()
L 02/07/2025 - 01:24:53: \Hl.LaLeagane.Ro\STEAM_0:1:173677065\ connected from address 194.242.100.92:20865
L 02/07/2025 - 01:24:53: [META] (debug:3) Calling amxmodx_mm_i386.so:ClientConnect_Post()
L 02/07/2025 - 01:24:53: "Hl.LaLeagane.Ro<36><STEAM_0:1:173677065><>" STEAM USERID validated
L 02/07/2025 - 01:25:00: [META] (debug:3) Calling server.so:ClientPutInServer()
L 02/07/2025 - 01:25:00: [META] (debug:3) Calling engine:QueryClientCvarValue2()
L 02/07/2025 - 01:25:00: [META] (debug:3) Calling amxmodx_mm_i386.so:ClientPutInServer_Post()
L 02/07/2025 - 01:25:01: \Hl.LaLeagane.Ro\STEAM_0:1:173677065\ entered the game as gordon(30,6)
L 02/07/2025 - 01:25:01: [META] (debug:3) Calling amxmodx_mm_i386.so:CvarValue2()
L 02/07/2025 - 01:25:01: [META] (debug:3) Calling server.so:CvarValue2()
L 02/07/2025 - 01:25:01: [META] (debug:3) Calling engine:QueryClientCvarValue2()
L 02/07/2025 - 01:25:03: [META] (debug:3) Calling amxmodx_mm_i386.so:CvarValue2()
L 02/07/2025 - 01:25:03: [META] (debug:3) Calling server.so:CvarValue2()
L 02/07/2025 - 01:25:03: [META] (debug:3) Calling engine:QueryClientCvarValue2()
L 02/07/2025 - 01:25:03: [META] (debug:3) Calling amxmodx_mm_i386.so:CvarValue2()
L 02/07/2025 - 01:25:03: [META] (debug:3) Calling server.so:CvarValue2()
L 02/07/2025 - 01:25:03: [META] (debug:3) Calling engine:QueryClientCvarValue2()
L 02/07/2025 - 01:25:04: [META] (debug:3) Calling amxmodx_mm_i386.so:CvarValue2()
L 02/07/2025 - 01:25:04: [META] (debug:3) Calling server.so:CvarValue2()
L 02/07/2025 - 01:25:04: \Hl.LaLeagane.Ro\STEAM_0:1:173677065\ Client version: Half-Life (OpenGL)
L 02/07/2025 - 01:27:32: [META] (debug:3) Calling amxmodx_mm_i386.so:ClientDisconnect()
L 02/07/2025 - 01:27:32: [META] (debug:3) Calling engine_amxx_i386.so:ClientDisconnect()
L 02/07/2025 - 01:27:32: [META] (debug:3) Calling server.so:ClientDisconnect()
L 02/07/2025 - 01:27:32: \Hl.LaLeagane.Ro\STEAM_0:1:173677065\ disconnected
L 02/07/2025 - 01:27:32: Dropped Hl.LaLeagane.Ro from server
L 02/07/2025 - 01:27:32: Reason:  Client sent 'drop'
L 02/07/2025 - 05:56:43: [META] (debug:3) Calling engine_amxx_i386.so:ClientConnect()
L 02/07/2025 - 05:56:43: [META] (debug:3) Calling fun_amxx_i386.so:ClientConnect()
L 02/07/2025 - 05:56:43: [META] (debug:3) Calling server.so:ClientConnect()
L 02/07/2025 - 05:56:43: \Hl.LaLeagane.Ro\STEAM_0:0:15832208\ connected from address 89.157.254.220:27005
L 02/07/2025 - 05:56:43: [META] (debug:3) Calling amxmodx_mm_i386.so:ClientConnect_Post()
L 02/07/2025 - 05:56:43: "Hl.LaLeagane.Ro<37><STEAM_0:0:15832208><>" STEAM USERID validated
L 02/07/2025 - 05:56:48: Dropped Hl.LaLeagane.Ro from server
L 02/07/2025 - 05:56:48: Reason:  Client sent 'drop'
L 02/07/2025 - 05:56:48: "Hl.LaLeagane.Ro<38><STEAM_0:0:15832208><>" STEAM USERID validated
L 02/07/2025 - 05:56:48: [META] (debug:3) Calling engine_amxx_i386.so:ClientConnect()
L 02/07/2025 - 05:56:48: [META] (debug:3) Calling fun_amxx_i386.so:ClientConnect()
L 02/07/2025 - 05:56:48: [META] (debug:3) Calling server.so:ClientConnect()
L 02/07/2025 - 05:56:48: \Hl.LaLeagane.Ro\STEAM_0:0:15832208\ connected from address 89.157.254.220:27005
L 02/07/2025 - 05:56:48: [META] (debug:3) Calling amxmodx_mm_i386.so:ClientConnect_Post()
L 02/07/2025 - 05:56:54: [META] (debug:3) Calling server.so:ClientPutInServer()
L 02/07/2025 - 05:56:54: [META] (debug:3) Calling engine:QueryClientCvarValue2()
L 02/07/2025 - 05:56:54: [META] (debug:3) Calling amxmodx_mm_i386.so:ClientPutInServer_Post()
L 02/07/2025 - 05:56:54: \Hl.LaLeagane.Ro\STEAM_0:0:15832208\ entered the game as zombie(0,0)
L 02/07/2025 - 05:56:54: [META] (debug:3) Calling amxmodx_mm_i386.so:CvarValue2()
L 02/07/2025 - 05:56:54: [META] (debug:3) Calling server.so:CvarValue2()
L 02/07/2025 - 05:56:54: [META] (debug:3) Calling engine:QueryClientCvarValue2()
L 02/07/2025 - 05:56:56: [META] (debug:3) Calling amxmodx_mm_i386.so:CvarValue2()
L 02/07/2025 - 05:56:56: [META] (debug:3) Calling server.so:CvarValue2()
L 02/07/2025 - 05:56:56: [META] (debug:3) Calling engine:QueryClientCvarValue2()
L 02/07/2025 - 05:56:56: [META] (debug:3) Calling amxmodx_mm_i386.so:CvarValue2()
L 02/07/2025 - 05:56:56: [META] (debug:3) Calling server.so:CvarValue2()
L 02/07/2025 - 05:56:56: [META] (debug:3) Calling engine:QueryClientCvarValue2()
L 02/07/2025 - 05:56:56: [META] (debug:3) Calling amxmodx_mm_i386.so:CvarValue2()
L 02/07/2025 - 05:56:56: [META] (debug:3) Calling server.so:CvarValue2()
L 02/07/2025 - 05:56:56: \Hl.LaLeagane.Ro\STEAM_0:0:15832208\ Client version: Half-Life (OpenGL)
L 02/07/2025 - 05:57:11: [META] (debug:3) Calling amxmodx_mm_i386.so:ClientDisconnect()
L 02/07/2025 - 05:57:11: [META] (debug:3) Calling engine_amxx_i386.so:ClientDisconnect()
L 02/07/2025 - 05:57:11: [META] (debug:3) Calling server.so:ClientDisconnect()
L 02/07/2025 - 05:57:11: \Hl.LaLeagane.Ro\STEAM_0:0:15832208\ disconnected
L 02/07/2025 - 05:57:11: Dropped Hl.LaLeagane.Ro from server
L 02/07/2025 - 05:57:11: Reason:  Client sent 'drop'
L 02/08/2025 - 02:50:41: "Maraqui<39><STEAM_0:1:622387984><>" STEAM USERID validated
L 02/08/2025 - 02:50:42: [META] (debug:3) Calling engine_amxx_i386.so:ClientConnect()
L 02/08/2025 - 02:50:42: [META] (debug:3) Calling fun_amxx_i386.so:ClientConnect()
L 02/08/2025 - 02:50:42: [META] (debug:3) Calling server.so:ClientConnect()
L 02/08/2025 - 02:50:42: \Maraqui\STEAM_0:1:622387984\ connected from address 93.38.26.47:19372
L 02/08/2025 - 02:50:42: [META] (debug:3) Calling amxmodx_mm_i386.so:ClientConnect_Post()
L 02/08/2025 - 02:50:46: Dropped Maraqui from server
L 02/08/2025 - 02:50:46: Reason:  Client sent 'drop'
L 02/08/2025 - 02:51:18: "Maraqui<40><STEAM_0:1:622387984><>" STEAM USERID validated
L 02/08/2025 - 02:51:18: [META] (debug:3) Calling engine_amxx_i386.so:ClientConnect()
L 02/08/2025 