L 02/12/2025 - 00:09:51: Log file started (file "logs/L0212002.log") (game "valve") (version "48/1.1.2.2/Stdio/3897")
L 02/12/2025 - 00:09:51: Loading map "d1_trainstation_02"
L 02/12/2025 - 00:09:51: Server cvar "mp_soundvariety" = "0"
L 02/12/2025 - 00:09:51: Server cvar "mp_soundvariety" = "1"
L 02/12/2025 - 00:09:51: [META] (debug:3) user message registered again: name=VoiceMask, msgid=64
L 02/12/2025 - 00:09:51: [META] (debug:3) user message registered again: name=ReqState, msgid=65
L 02/12/2025 - 00:09:51: [META] ERROR: Couldn't find game entity 'env_model' in game DLL 'valve': /home/glitch/.steam/debian-installation/steamapps/common/hlds/valve/dlls/server.so: undefined symbol: env_model
L 02/12/2025 - 00:09:51: [META] ERROR: Couldn't find game entity 'motion_manager' in game DLL 'valve': /home/glitch/.steam/debian-installation/steamapps/common/hlds/valve/dlls/server.so: undefined symbol: motion_manager
L 02/12/2025 - 00:09:51: [META] (debug:3) Calling amxmodx_mm_i386.so:ServerActivate()
L 02/12/2025 - 00:09:51: [META] (debug:3) Calling engine_amxx_i386.so:ServerActivate()
L 02/12/2025 - 00:09:51: [META] (debug:3) Calling fakemeta_amxx_i386.so:ServerActivate()
L 02/12/2025 - 00:09:51: [META] (debug:3) Calling server.so:ServerActivate()
L 02/12/2025 - 00:09:51: Server cvar "mp_nextmap" = "d1_town_01"
L 02/12/2025 - 00:09:51: [META] (debug:3) Calling amxmodx_mm_i386.so:ServerActivate_Post()
L 02/12/2025 - 00:09:51: Enemy stats: 0k health, 0 npcs
L 02/12/2025 - 00:09:51: Started map "d1_trainstation_02" (CRC "652026196")
L 02/12/2025 - 00:09:54: \bot3\BOT\ connected from address 127.0.0.1
L 02/12/2025 - 00:09:54: \bot3\BOT\ entered the game as ld_gordon(60,56)
L 02/12/2025 - 00:09:54: \bot1\BOT\ connected from address 127.0.0.1
L 02/12/2025 - 00:09:54: \bot1\BOT\ entered the game as ld_gordon(243,169)
L 02/12/2025 - 00:09:54: \bot2\BOT\ connected from address 127.0.0.1
L 02/12/2025 - 00:09:54: \bot2\BOT\ entered the game as ld_gordon(4,13)
L 02/12/2025 - 10:57:56: "letov<4><STEAM_0:1:777440492><>" STEAM USERID validated
L 02/12/2025 - 10:57:56: [META] (debug:3) Calling engine_amxx_i386.so:ClientConnect()
L 02/12/2025 - 10:57:56: [META] (debug:3) Calling fun_amxx_i386.so:ClientConnect()
L 02/12/2025 - 10:57:56: [META] (debug:3) Calling server.so:ClientConnect()
L 02/12/2025 - 10:57:56: \letov\STEAM_0:1:777440492\ connected from address 46.158.24.210:27005
L 02/12/2025 - 10:57:56: [META] (debug:3) Calling amxmodx_mm_i386.so:ClientConnect_Post()
L 02/12/2025 - 10:58:01: Dropped letov from server
L 02/12/2025 - 10:58:01: Reason:  Client sent 'drop'
L 02/12/2025 - 10:58:06: "letov<5><STEAM_0:1:777440492><>" STEAM USERID validated
L 02/12/2025 - 10:58:06: [META] (debug:3) Calling engine_amxx_i386.so:ClientConnect()
L 02/12/2025 - 10:58:06: [META] (debug:3) Calling fun_amxx_i386.so:ClientConnect()
L 02/12/2025 - 10:58:06: [META] (debug:3) Calling server.so:ClientConnect()
L 02/12/2025 - 10:58:06: \letov\STEAM_0:1:777440492\ connected from address 46.158.24.210:27005
L 02/12/2025 - 10:58:06: [META] (debug:3) Calling amxmodx_mm_i386.so:ClientConnect_Post()
L 02/12/2025 - 10:58:13: [META] (debug:3) Calling server.so:ClientPutInServer()
L 02/12/2025 - 10:58:13: [META] (debug:3) Calling engine:QueryClientCvarValue2()
L 02/12/2025 - 10:58:13: [META] (debug:3) Calling amxmodx_mm_i386.so:ClientPutInServer_Post()
L 02/12/2025 - 10:58:13: \letov\STEAM_0:1:777440492\ entered the game as helmet(30,6)
L 02/12/2025 - 10:58:13: [META] (debug:3) Calling amxmodx_mm_i386.so:CvarValue2()
L 02/12/2025 - 10:58:13: [META] (debug:3) Calling server.so:CvarValue2()
L 02/12/2025 - 10:58:13: [META] (debug:3) Calling engine:QueryClientCvarValue2()
L 02/12/2025 - 10:58:15: [META] (debug:3) Calling amxmodx_mm_i386.so:CvarValue2()
L 02/12/2025 - 10:58:15: [META] (debug:3) Calling server.so:CvarValue2()
L 02/12/2025 - 10:58:15: [META] (debug:3) Calling engine:QueryClientCvarValue2()
L 02/12/2025 - 10:58:15: [META] (debug:3) Calling amxmodx_mm_i386.so:CvarValue2()
L 02/12/2025 - 10:58:15: [META] (debug:3) Calling server.so:CvarValue2()
L 02/12/2025 - 10:58:15: [META] (debug:3) Calling engine:QueryClientCvarValue2()
L 02/12/2025 - 10:58:16: [META] (debug:3) Calling amxmodx_mm_i386.so:CvarValue2()
L 02/12/2025 - 10:58:16: [META] (debug:3) Calling server.so:CvarValue2()
L 02/12/2025 - 10:58:16: \letov\STEAM_0:1:777440492\ Client version: Half-Life (OpenGL)
L 02/12/2025 - 10:58:22: \letov\STEAM_0:1:777440492\ killed "Scientist" with "gluon gun"
L 02/12/2025 - 10:58:23: \letov\STEAM_0:1:777440492\ killed "Scientist" with "gluon gun"
L 02/12/2025 - 10:58:23: \letov\STEAM_0:1:777440492\ killed "Scientist" with "gluon gun"
L 02/12/2025 - 10:59:09: \letov\STEAM_0:1:777440492\ killed by "worldspawn"
L 02/12/2025 - 10:59:35: \letov\STEAM_0:1:777440492\ killed by "worldspawn"
L 02/12/2025 - 10:59:46: [META] (debug:3) Calling amxmodx_mm_i386.so:ClientDisconnect()
L 02/12/2025 - 10:59:46: [META] (debug:3) Calling engine_amxx_i386.so:ClientDisconnect()
L 02/12/2025 - 10:59:46: [META] (debug:3) Calling server.so:ClientDisconnect()
L 02/12/2025 - 10:59:46: \letov\STEAM_0:1:777440492\ disconnected
L 02/12/2025 - 10:59:46: Dropped letov from server
L 02/12/2025 - 10:59:46: Reason:  Client sent 'drop'
L 02/12/2025 - 11:00:30: "letov<6><STEAM_0:1:777440492><>" STEAM USERID validated
L 02/12/2025 - 11:00:30: [META] (debug:3) Calling engine_amxx_i386.so:ClientConnect()
L 02/12/2025 - 11:00:30: [META] (debug:3) Calling fun_amxx_i386.so:ClientConnect()
L 02/12/2025 - 11:00:30: [META] (debug:3) Calling server.so:ClientConnect()
L 02/12/2025 - 11:00:30: \letov\STEAM_0:1:777440492\ connected from address 46.158.24.210:27005
L 02/12/2025 - 11:00:30: [META] (debug:3) Calling amxmodx_mm_i386.so:ClientConnect_Post()
L 02/12/2025 - 11:00:35: Dropped letov from server
L 02/12/2025 - 11:00:35: Reason:  Client sent 'drop'
L 02/12/2025 - 11:00:36: "letov<7><STEAM_0:1:777440492><>" STEAM USERID validated
L 02/12/2025 - 11:00:36: [META] (debug:3) Calling engine_amxx_i386.so:ClientConnect()
L 02/12/2025 - 11:00:36: [META] (debug:3) Calling fun_amxx_i386.so:ClientConnect()
L 02/12/2025 - 11:00:36: [META] (debug:3) Calling server.so:ClientConnect()
L 02/12/2025 - 11:00:36: \letov\STEAM_0:1:777440492\ connected from address 46.158.24.210:27005
L 02/12/2025 - 11:00:36: [META] (debug:3) Calling amxmodx_mm_i386.so:ClientConnect_Post()
L 02/12/2025 - 11:00:41: [META] (debug:3) Calling server.so:ClientPutInServer()
L 02/12/2025 - 11:00:41: [META] (debug:3) Calling engine:QueryClientCvarValue2()
L 02/12/2025 - 11:00:41: [META] (debug:3) Calling amxmodx_mm_i386.so:ClientPutInServer_Post()
L 02/12/2025 - 11:00:41: \letov\STEAM_0:1:777440492\ entered the game as helmet(30,6)
L 02/12/2025 - 11:00:42: [META] (debug:3) Calling amxmodx_mm_i386.so:CvarValue2()
L 02/12/2025 - 11:00:42: [META] (debug:3) Calling server.so:CvarValue2()
L 02/12/2025 - 11:00:42: [META] (debug:3) Calling engine:QueryClientCvarValue2()
L 02/12/2025 - 11:00:44: [META] (debug:3) Calling amxmodx_mm_i386.so:CvarValue2()
L 02/12/2025 - 11:00:44: [META] (debug:3) Calling server.so:CvarValue2()
L 02/12/2025 - 11:00:44: [META] (debug:3) Calling engine:QueryClientCvarValue2()
L 02/12/2025 - 11:00:44: [META] (debug:3) Calling amxmodx_mm_i386.so:CvarValue2()
L 02/12/2025 - 11:00:44: [META] (debug:3) Calling server.so:CvarValue2()
L 02/12/2025 - 11:00:44: [META] (debug:3) Calling engine:QueryClientCvarValue2()
L 02/12/2025 - 11:00:44: [META] (debug:3) Calling amxmodx_mm_i386.so:CvarValue2()
L 02/12/2025 - 11:00:44: [META] (debug:3) Calling server.so:CvarValue2()
L 02/12/2025 - 11:00:44: \letov\STEAM_0:1:777440492\ Client version: Half-Life (OpenGL)
L 02/12/2025 - 11:00:52: [META] (debug:3) Calling amxmodx_mm_i386.so:ClientDisconnect()
L 02/12/2025 - 11:00:52: [META] (debug:3) Calling engine_amxx_i386.so:ClientDisconnect()
L 02/12/2025 - 11:00:52: [META] (debug:3) Calling server.so:ClientDisconnect()
L 02/12/2025 - 11:00:52: \letov\STEAM_0:1:777440492\ disconnected
L 02/12/2025 - 11:00:52: Dropped letov from server
L 02/12/2025 - 11:00:52: Reason:  Client sent 'drop'
L 02/12/2025 - 11:14:08: "Pro.KURILL[^MOZGI^]<8><STEAM_0:0:143001773><>" STEAM USERID validated
L 02/12/2025 - 11:14:08: [META] (debug:3) Calling engine_amxx_i386.so:ClientConnect()
L 02/12/2025 - 11:14:08: [META] (debug:3) Calling fun_amxx_i386.so:ClientConnect()
L 02/12/2025 - 11:14:08: [META] (debug:3) Calling server.so:ClientConnect()
L 02/12/2025 - 11:14:08: \Pro.KURILL[^MOZGI^]\STEAM_0:0:143001773\ connected from address 136.169.39.212:27005
L 02/12/2025 - 11:14:08: [META] (debug:3) Calling amxmodx_mm_i386.so:ClientConnect_Post()
L 02/12/2025 - 11:14:15: Dropped Pro.KURILL[^MOZGI^] from server
L 02/12/2025 - 11:14:15: Reason:  Client sent 'drop'
L 02/13/2025 - 06:34:32: "HLDM.org N5644<9><STEAM_0:0:15832208><>" STEAM USERID validated
L 02/13/2025 - 06:34:32: [META] (debug:3) Calling engine_amxx_i386.so:ClientConnect()
L 02/13/2025 - 06:34:32: [META] (debug:3) Calling fun_amxx_i386.so:ClientConnect()
L 02/13/2025 - 06:34:32: [META] (debug:3) Calling server.so:ClientConnect()
L 02/13/2025 - 06:34:32: \HLDM.org N5644\STEAM_0:0:15832208\ connected from address 89.157.254.220:27005
L 02/13/2025 - 06:34:32: [META] (debug:3) Calling amxmodx_mm_i386.so:ClientConnect_Post()
L 02/13/2025 - 06:34:36: Dropped HLDM.org N5644 from server
L 02/13/2025 - 06:34:36: Reason:  Client sent 'drop'
L 02/13/2025 - 06:34:37: [META] (debug:3) Calling engine_amxx_i386.so:ClientConnect()
L 02/13/2025 - 06:34:37: [META] (debug:3) Calling fun_amxx_i386.so:ClientConnect()
L 02/13/2025 - 06:34:37: [META] (debug:3) Calling server.so:ClientConnect()
L 02/13/2025 - 06:34:37: \HLDM.org N5644\STEAM_0:0:15832208\ connected from address 89.157.254.220:27005
L 02/13/2025 - 06:34:37: [META] (debug:3) Calling amxmodx_mm_i386.so:ClientConnect_Post()
L 02/13/2025 - 06:34:37: "HLDM.org N5644<10><STEAM_0:0:15832208><>" STEAM USERID validated
L 02/13/2025 - 06:34:42: [META] (debug:3) Calling server.so:ClientPutInServer()
L 02/13/2025 - 06:34:42: [META] (debug:3) Calling engine:QueryClientCvarValue2()
L 02/13/2025 - 06:34:42: [META] (debug:3) Calling amxmodx_mm_i386.so:ClientPutInServer_Post()
L 02/13/2025 - 06:34:42: \HLDM.org N5644\STEAM_0:0:15832208\ entered the game as zombie(0,0)
L 02/13/2025 - 06:34:43: [META] (debug:3) Calling amxmodx_mm_i386.so:CvarValue2()
L 02/13/2025 - 06:34:43: [META] (debug:3) Calling server.so:CvarValue2()
L 02/13/2025 - 06:34:43: [META] (debug:3) Calling engine:QueryClientCvarValue2()
L 02/13/2025 - 06:34:44: [META] (debug:3) Calling amxmodx_mm_i386.so:CvarValue2()
L 02/13/2025 - 06:34:44: [META] (debug:3) Calling server.so:CvarValue2()
L 02/13/2025 - 06:34:44: [META] (debug:3) Calling engine:QueryClientCvarValue2()
L 02/13/2025 - 06:34:44: [META] (debug:3) Calling amxmodx_mm_i386.so:CvarValue2()
L 02/13/2025 - 06:34:44: [META] (debug:3) Calling server.so:CvarValue2()
L 02/13/2025 - 06:34:44: [META] (debug:3) Calling engine:QueryClientCvarValue2()
L 02/13/2025 - 06:34:45: [META] (debug:3) Calling amxmodx_mm_i386.so:CvarValue2()
L 02/13/2025 - 06:34:45: [META] (debug:3) Calling server.so:CvarValue2()
L 02/13/2025 - 06:34:45: \HLDM.org N5644\STEAM_0:0:15832208\ Client version: Half-Life (OpenGL)
L 02/13/2025 - 06:34:49: \HLDM.org N5644\STEAM_0:0:15832208\ committed suicide with "gluon gun"
L 02/13/2025 - 06:35:01: [META] (debug:3) Calling amxmodx_mm_i386.so:ClientDisconnect()
L 02/13/2025 - 06:35:01: [META] (debug:3) Calling engine_amxx_i386.so:ClientDisconnect()
L 02/13/2025 - 06:35:01: [META] (debug:3) Calling server.so:ClientDisconnect()
L 02/13/2025 - 06:35:01: \HLDM.org N5644\STEAM_0:0:15832208\ disconnected
L 02/13/2025 - 06:35:01: Dropped HLDM.org N5644 from server
L 02/13/2025 - 06:35:01: Reason:  Client sent 'drop'
L 02/13/2025 - 09:59:53: "YADENL<11><STEAM_0:0:734226733><>" STEAM USERID validated
L 02/13/2025 - 09:59:53: [META] (debug:3) Calling engine_amxx_i386.so:ClientConnect()
L 02/13/2025 - 09:59:53: [META] (debug:3) Calling fun_amxx_i386.so:ClientConnect()
L 02/13/2025 - 09:59:53: [META] (debug:3) Calling server.so:ClientConnect()
L 02/13/2025 - 09:59:53: \YADENL\STEAM_0:0:734226733\ connected from address 201.218.159.214:27005
L 02/13/2025 - 09:59:53: [META] (debug:3) Calling amxmodx_mm_i386.so:ClientConnect_Post()
L 02/13/2025 - 09:59:57: Dropped YADENL from server
L 02/13/2025 - 09:59:57: Reason:  Client sent 'drop'
L 02/13/2025 - 23:57:55: [META] (debug:3) Calling engine_amxx_i386.so:ClientConnect()
L 02/13/2025 - 23:57:55: [META] (debug:3) Calling fun_amxx_i386.so:ClientConnect()
L 02/13/2025 - 23:57:55: [META] (debug:3) Calling server.so:ClientConnect()
L 02/13/2025 - 23:57:55: \glitch31415\STEAM_0:0:743386914\ connected from address 127.0.0.1:27005
L 02/13/2025 - 23:57:55: [META] (debug:3) Calling amxmodx_mm_i386.so:ClientConnect_Post()
L 02/13/2025 - 23:57:55: "glitch31415<12><STEAM_0:0:743386914><>" STEAM USERID validated
L 02/13/2025 - 23:57:56: Dropped glitch31415 from server
L 02/13/2025 - 23:57:56: Reason:  Client sent 'drop'
L 02/13/2025 - 23:57:56: [META] (debug:3) Calling engine_amxx_i386.so:ClientConnect()
L 02/13/2025 - 23:57:56: [META] (debug:3) Calling fun_amxx_i386.so:ClientConnect()
L 02/13/2025 - 23:57:56: [META] (debug:3) Calling server.so:ClientConnect()
L 02/13/2025 - 23:57:56: \glitch31415\STEAM_0:0:743386914\ connected from address 127.0.0.1:27005
L 02/13/2025 - 23:57:56: [META] (debug:3) Calling amxmodx_mm_i386.so:ClientConnect_Post()
L 02/13/2025 - 23:57:57: "glitch31415<13><STEAM_0:0:743386914><>" STEAM USERID validated
L 02/13/2025 - 23:57:59: [META] (debug:3) Calling server.so:ClientPutInServer()
L 02/13/2025 - 23:57:59: [META] (debug:3) Calling engine:QueryClientCvarValue2()
L 02/13/2025 - 23:57:59: [META] (debug:3) Calling amxmodx_mm_i386.so:ClientPutInServer_Post()
L 02/13/2025 - 23:57:59: \glitch31415\STEAM_0:0:743386914\ entered the game as wireframe(76,76)
L 02/13/2025 - 23:57:59: [META] (debug:3) Calling amxmodx_mm_i386.so:CvarValue2()
L 02/13/2025 - 23:57:59: [META] (debug:3) Calling server.so:CvarValue2()
L 02/13/2025 - 23:57:59: [META] (debug:3) Calling engine:QueryClientCvarValue2()
L 02/13/2025 - 23:57:59: [META] (debug:3) Calling amxmodx_mm_i386.so:CvarValue2()
L 02/13/2025 - 23:57:59: [META] (debug:3) Calling server.so:CvarValue2()
L 02/13/2025 - 23:57:59: [META] (debug:3) Calling engine:QueryClientCvarValue2()
L 02/13/2025 - 23:57:59: [META] (debug:3) Calling amxmodx_mm_i386.so:CvarValue2()
L 02/13/2025 - 23:57:59: [META] (debug:3) Calling server.so:CvarValue2()
L 02/13/2025 - 23:57:59: [META] (debug:3) Calling engine:QueryClientCvarValue2()
L 02/13/2025 - 23:57:59: [META] (debug:3) Calling amxmodx_mm_i386.so:CvarValue2()
L 02/13/2025 - 23:57:59: [META] (debug:3) Calling server.so:CvarValue2()
L 02/13/2025 - 23:57:59: \glitch31415\STEAM_0:0:743386914\ Client version: Adrenaline Gamer (OpenGL)
L 02/13/2025 - 23:58:11: Rcon: "rcon 1534964563 "5pgW37D7ad" changelevel base_attack1" from "127.0.0.1:27005"
L 02/13/2025 - 23:58:13: [META] (debug:3) Calling amxmodx_mm_i386.so:ClientDisconnect()
L 02/13/2025 - 23:58:13: [META] (debug:3) Calling engine_amxx_i386.so:ClientDisconnect()
L 02/13/2025 - 23:58:13: [META] (debug:3) Calling server.so:ClientDisconnect()
L 02/13/2025 - 23:58:13: \glitch31415\STEAM_0:0:743386914\ disconnected
L 02/13/2025 - 23:58:13: Dropped glitch31415 from server
L 02/13/2025 - 23:58:13: Reason:  Client sent 'drop'
L 02/14/2025 - 13:44:02: [META] (debug:3) Calling engine_amxx_i386.so:ClientConnect()
L 02/14/2025 - 13:44:02: [META] (debug:3) Calling fun_amxx_i386.so:ClientConnect()
L 02/14/2025 - 13:44:02: [META] (debug:3) Calling server.so:ClientConnect()
L 02/14/2025 - 13:44:02: \glitch31415\STEAM_0:0:743386914\ connected from address 127.0.0.1:27005
L 02/14/2025 - 13:44:02: [META] (debug:3) Calling amxmodx_mm_i386.so:ClientConnect_Post()
L 02/14/2025 - 13:44:02: "glitch31415<14><STEAM_0:0:743386914><>" STEAM USERID validated
L 02/14/2025 - 13:44:03: Dropped glitch31415 from server
L 02/14/2025 - 13:44:03: Reason:  Client sent 'drop'
L 02/14/2025 - 13:44:04: [META] (debug:3) Calling engine_amxx_i386.so:ClientConnect()
L 02/14/2025 - 13:44:04: [META] (debug:3) Calling fun_amxx_i386.so:ClientConnect()
L 02/14/2025 - 13:44:04: [META] (debug:3) Calling server.so:ClientConnect()
L 02/14/2025 - 13:44:04: \glitch31415\STEAM_0:0:743386914\ connected from address 127.0.0.1:27005
L 02/14/2025 - 13:44:04: [META] (debug:3) Calling amxmodx_mm_i386.so:ClientConnect_Post()
L 02/14/2025 - 13:44:04: "glitch31415<15><STEAM_0:0:743386914><>" STEAM USERID validated
L 02/14/2025 - 13:44:06: [META] (debug:3) Calling server.so:ClientPutInServer()
L 02/14/2025 - 13:44:06: [META] (debug:3) Calling engine:QueryClientCvarValue2()
L 02/14/2025 - 13:44:06: [META] (debug:3) Calling amxmodx_mm_i386.so:ClientPutInServer_Post()
L 02/14/2025 - 13:44:06: \glitch31415\STEAM_0:0:743386914\ entered the game as wireframe(76,76)
L 02/14/2025 - 13:44:06: [META] (debug:3) Calling amxmodx_mm_i386.so:CvarValue2()
L 02/14/2025 - 13:44:06: [META] (debug:3) Calling server.so:CvarValue2()
L 02/14/2025 - 13:44:06: [META] (debug:3) Calling engine:QueryClientCvarValue2()
L 02/14/2025 - 13:44:06: [META] (debug:3) Calling amxmodx_mm_i386.so:CvarValue2()
L 02/14/2025 - 13:44:06: [META] (debug:3) Calling server.so:CvarValue2()
L 02/14/2025 - 13:44:06: [META] (debug:3) Calling engine:QueryClientCvarValue2()
L 02/14/2025 - 13:44:06: [META] (debug:3) Calling amxmodx_mm_i386.so:CvarValue2()
L 02/14/2025 - 13:44:06: [META] (debug:3) Calling server.so:CvarValue2()
L 02/14/2025 - 13:44:06: [META] (debug:3) Calling engine:QueryClientCvarValue2()
L 02/14/2025 - 13:44:06: [META] (debug:3) Calling amxmodx_mm_i386.so:CvarValue2()
L 02/14/2025 - 13:44:06: [META] (debug:3) Calling server.so:CvarValue2()
L 02/14/2025 - 13:44:06: \glitch31415\STEAM_0:0:743386914\ Client version: Adrenaline Gamer (OpenGL)
L 02/14/2025 - 13:44:17: Rcon: "rcon 1534964563 "5pgW37D7ad" r_shadows" from "127.0.0.1:27005"
L 02/14/2025 - 13:44:33: \glitch31415\STEAM_0:0:743386914\ killed "Human Grunt" with "9mmhandgun"
L 02/14/2025 - 13:46:30: [META] (debug:3) Calling amxmodx_mm_i386.so:ClientDisconnect()
L 02/14/2025 - 13:46:30: [META] (debug:3) Calling engine_amxx_i386.so:ClientDisconnect()
L 02/14/2025 - 13:46:30: [META] (debug:3) Calling server.so:ClientDisconnect()
L 02/14/2025 - 13:46:30: \glitch31415\STEAM_0:0:743386914\ disconnected with 3 points
L 02/14/2025 - 13:46:30: Dropped glitch31415 from server
L 02/14/2025 - 13:46:30: Reason:  Client sent 'drop'
L 02/15/2025 - 01:04:38: [META] (debug:3) Calling engine_amxx_i386.so:ClientConnect()
L 02/15/2025 - 01:04:38: [META] (debug:3) Calling fun_amxx_i386.so:ClientConnect()
L 02/15/2025 - 01:04:38: [META] (debug:3) Calling server.so:ClientConnect()
L 02/15/2025 - 01:04:38: \User\STEAM_0:0:36356740\ connected from address 114.27.144.210:27005
L 02/15/2025 - 01:04:38: [META] (debug:3) Calling amxmodx_mm_i386.so:ClientConnect_Post()
L 02/15/2025 - 01:04:38: "User<16><STEAM_0:0:36356740><>" STEAM USERID validated
L 02/15/2025 - 01:04:44: Dropped User from server
L 02/15/2025 - 01:04:44: Reason:  Client sent 'drop'
L 02/15/2025 - 01:05:43: [META] (debug:3) Calling engine_amxx_i386.so:ClientConnect()
L 02/15/2025 - 01:05:43: [META] (debug:3) Calling fun_amxx_i386.so:ClientConnect()
L 02/15/2025 - 01:05:43: [META] (debug:3) Calling server.so:ClientConnect()
L 02/15/2025 - 01:05:43: \User\STEAM_0:0:36356740\ connected from address 114.27.144.210:27005
L 02/15/2025 - 01:05:43: [META] (debug:3) Calling amxmodx_mm_i386.so:ClientConnect_Post()
L 02/15/2025 - 01:05:43: "User<17><STEAM_0:0:36356740><>" STEAM USERID validated
L 02/15/2025 - 01:05:51: [META] (debug:3) Calling server.so:ClientPutInServer()
L 02/15/2025 - 01:05:51: [META] (debug:3) Calling engine:QueryClientCvarValue2()
L 02/15/2025 - 01:05:52: [META] (debug:3) Calling amxmodx_mm_i386.so:ClientPutInServer_Post()
L 02/15/2025 - 01:05:52: \User\STEAM_0:0:36356740\ entered the game as (0,0)
L 02/15/2025 - 01:05:52: [META] (debug:3) Calling amxmodx_mm_i386.so:CvarValue2()
L 02/15/2025 - 01:05:52: [META] (debug:3) Calling server.so:CvarValue2()
L 02/15/2025 - 01:05:52: [META] (debug:3) Calling engine:QueryClientCvarValue2()
L 02/15/2025 - 01:05:54: [META] (debug:3) Calling amxmodx_mm_i386.so:CvarValue2()
L 02/15/2025 - 01:05:54: [META] (debug:3) Calling server.so:CvarValue2()
L 02/15/2025 - 01:05:54: [META] (debug:3) Calling engine:QueryClientCvarValue2()
L 02/15/2025 - 01:05:55: [META] (debug:3) Calling amxmodx_mm_i386.so:CvarValue2()
L 02/15/2025 - 01:05:55: [META] (debug:3) Calling server.so:CvarValue2()
L 02/15/2025 - 01:05:55: [META] (debug:3) Calling engine:QueryClientCvarValue2()
L 02/15/2025 - 01:05:55: [META] (debug:3) Calling amxmodx_mm_i386.so:CvarValue2()
L 02/15/2025 - 01:05:55: [META] (debug:3) Calling server.so:CvarValue2()
L 02/15/2025 - 01:05:55: \User\STEAM_0:0:36356740\ Client version: Half-Life (OpenGL)
L 02/15/2025 - 01:07:00: \User\STEAM_0:0:36356740\ committed suicide with "grenade"
L 02/15/2025 - 01:07:32: \User\STEAM_0:0:36356740\ killed by "worldspawn"
L 02/15/2025 - 01:08:00: \User\STEAM_0:0:36356740\ killed "Scientist" with "crowbar"
L 02/15/2025 - 01:08:13: \User\STEAM_0:0:36356740\ killed "Scientist" with "crowbar"
L 02/15/2025 - 01:08:32: \User\STEAM_0:0:36356740\ killed "Scientist" with "crowbar"
L 02/15/2025 - 01:08:34: \User\STEAM_0:0:36356740\ killed "Scientist" with "crowbar"
L 02/15/2025 - 01:09:12: [META] (debug:3) Calling amxmodx_mm_i386.so:ClientDisconnect()
L 02/15/2025 - 01:09:12: [META] (debug:3) Calling engine_amxx_i386.so:ClientDisconnect()
L 02/15/2025 - 01:09:12: [META] (debug:3) Calling server.so:ClientDisconnect()
L 02/15/2025 - 01:09:12: \User\STEAM_0:0:36356740\ disconnected with 2 points
L 02/15/2025 - 01:09:12: Dropped User from server
L 02/15/2025 - 01:09:12: Reason:  Client sent 'drop'
L 02/15/2025 - 02:00:50: "Cuzsie<18><STEAM_0:1:667266987><>" STEAM USERID validated
L 02/15/2025 - 02:00:50: [META] (debug:3) Calling engine_amxx_i386.so:ClientConnect()
L 02/15/2025 - 02:00:50: [META] (debug:3) Calling fun_amxx_i386.so:ClientConnect()
L 02/15/2025 - 02:00:50: [META] (debug:3) Calling server.so:ClientConnect()
L 02/15/2025 - 02:00:50: \Cuzsie\STEAM_0:1:667266987\ connected from address 195.82.167.6:27005
L 02/15/2025 - 02:00:50: [META] (debug:3) Calling amxmodx_mm_i386.so:ClientConnect_Post()
L 02/15/2025 - 02:00:54: Dropped Cuzsie from server
L 02/15/2025 - 02:00:54: Reason:  Client sent 'drop'
L 02/15/2025 - 07:27:51: "HLDM.org N5644<19><STEAM_0:0:15832208><>" STEAM USERID validated
L 02/15/2025 - 07:27:51: [META] (debug:3) Calling engine_amxx_i386.so:ClientConnect()
L 02/15/2025 - 07:27:51: [META] (debug:3) Calling fun_amxx_i386.so:ClientConnect()
L 02/15/2025 - 07:27:51: [META] (debug:3) Calling server.so:ClientConnect()
L 02/15/2025 - 07:27:51: \HLDM.org N5644\STEAM_0:0:15832208\ connected from address 89.157.254.220:27005
L 02/15/2025 - 07:27:51: [META] (debug:3) Calling amxmodx_mm_i386.so:ClientConnect_Post()
L 02/15/2025 - 07:27:56: Dropped HLDM.org N5644 from server
L 02/15/2025 - 07:27:56: Reason:  Client sent 'drop'
L 02/15/2025 - 07:27:56: [META] (debug:3) Calling engine_amxx_i386.so:ClientConnect()
L 02/15/2025 - 07:27:56: [META] (debug:3) Calling fun_amxx_i386.so:ClientConnect()
L 02/15/2025 - 07:27:56: [META] (debug:3) Calling server.so:ClientConnect()
L 02/15/2025 - 07:27:56: \HLDM.org N5644\STEAM_0:0:15832208\ connected from address 89.157.254.220:27005
L 02/15/2025 - 07:27:56: [META] (debug:3) Calling amxmodx_mm_i386.so:ClientConnect_Post()
L 02/15/2025 - 07:27:56: "HLDM.org N5644<20><STEAM_0:0:15832208><>" STEAM USERID validated
L 02/15/2025 - 07:28:02: [META] (debug:3) Calling server.so:ClientPutInServer()
L 02/15/2025 - 07:28:02: [META] (debug:3) Calling engine:QueryClientCvarValue2()
L 02/15/2025 - 07:28:02: [META] (debug:3) Calling amxmodx_mm_i386.so:ClientPutInServer_Post()
L 02/15/2025 - 07:28:02: \HLDM.org N5644\STEAM_0:0:15832208\ entered the game as zombie(0,0)
L 02/15/2025 - 07:28:02: [META] (debug:3) Calling amxmodx_mm_i386.so:CvarValue2()
L 02/15/2025 - 07:28:02: [META] (debug:3) Calling server.so:CvarValue2()
L 02/15/2025 - 07:28:02: [META] (debug:3) Calling engine:QueryClientCvarValue2()
L 02/15/2025 - 07:28:04: [META] (debug:3) Calling amxmodx_mm_i386.so:CvarValue2()
L 02/15/2025 - 07:28:04: [META] (debug:3) Calling server.so:CvarValue2()
L 02/15/2025 - 07:28:04: [META] (debug:3) Calling engine:QueryClientCvarValue2()
L 02/15/2025 - 07:28:04: [META] (debug:3) Calling amxmodx_mm_i386.so:CvarValue2()
L 02/15/2025