L 02/10/2025 - 14:14:32: Log file started (file "logs/L0210027.log") (game "valve") (version "48/1.1.2.2/Stdio/3897")
L 02/10/2025 - 14:14:32: Loading map "sc_test"
L 02/10/2025 - 14:14:32: Server cvar "mp_soundvariety" = "0"
L 02/10/2025 - 14:14:32: Server cvar "mp_soundvariety" = "1"
L 02/10/2025 - 14:14:32: [META] (debug:3) user message registered again: name=VoiceMask, msgid=64
L 02/10/2025 - 14:14:32: [META] (debug:3) user message registered again: name=ReqState, msgid=65
L 02/10/2025 - 14:14:32: [META] ERROR: Couldn't find game entity 'info_texlights' in game DLL 'valve': /home/glitch/.steam/debian-installation/steamapps/common/hlds/valve/dlls/server.so: undefined symbol: info_texlights
L 02/10/2025 - 14:14:32: [META] (debug:3) Calling amxmodx_mm_i386.so:ServerActivate()
L 02/10/2025 - 14:14:32: [META] (debug:3) Calling engine_amxx_i386.so:ServerActivate()
L 02/10/2025 - 14:14:32: [META] (debug:3) Calling fakemeta_amxx_i386.so:ServerActivate()
L 02/10/2025 - 14:14:32: [META] (debug:3) Calling server.so:ServerActivate()
L 02/10/2025 - 14:14:32: Server cvar "mp_nextmap" = "crossfireXL"
L 02/10/2025 - 14:14:32: [META] (debug:3) Calling amxmodx_mm_i386.so:ServerActivate_Post()
L 02/10/2025 - 14:14:32: Enemy stats: 2k health, 12+ npcs
L 02/10/2025 - 14:14:33: Started map "sc_test" (CRC "1581495514")
L 02/10/2025 - 14:14:33: [META] (debug:3) Calling engine_amxx_i386.so:ClientConnect()
L 02/10/2025 - 14:14:33: [META] (debug:3) Calling fun_amxx_i386.so:ClientConnect()
L 02/10/2025 - 14:14:33: [META] (debug:3) Calling server.so:ClientConnect()
L 02/10/2025 - 14:14:33: \glitch31415\STEAM_0:0:743386914\ connected from address 127.0.0.1:27005
L 02/10/2025 - 14:14:33: [META] (debug:3) Calling amxmodx_mm_i386.so:ClientConnect_Post()
L 02/10/2025 - 14:14:34: Dropped glitch31415 from server
L 02/10/2025 - 14:14:34: Reason:  Client sent 'drop'
L 02/10/2025 - 14:14:34: [META] (debug:3) Calling engine_amxx_i386.so:ClientConnect()
L 02/10/2025 - 14:14:34: [META] (debug:3) Calling fun_amxx_i386.so:ClientConnect()
L 02/10/2025 - 14:14:34: [META] (debug:3) Calling server.so:ClientConnect()
L 02/10/2025 - 14:14:34: \glitch31415\STEAM_0:0:743386914\ connected from address 127.0.0.1:27005
L 02/10/2025 - 14:14:34: [META] (debug:3) Calling amxmodx_mm_i386.so:ClientConnect_Post()
L 02/10/2025 - 14:14:35: "glitch31415<2><STEAM_0:0:743386914><>" STEAM USERID validated
L 02/10/2025 - 14:14:36: \bot1\BOT\ connected from address 127.0.0.1
L 02/10/2025 - 14:14:36: \bot1\BOT\ entered the game as ld_gordon(27,18)
L 02/10/2025 - 14:14:36: \bot2\BOT\ connected from address 127.0.0.1
L 02/10/2025 - 14:14:36: \bot2\BOT\ entered the game as ld_gordon(79,174)
L 02/10/2025 - 14:14:36: \bot3\BOT\ connected from address 127.0.0.1
L 02/10/2025 - 14:14:36: \bot3\BOT\ entered the game as ld_gordon(149,138)
L 02/10/2025 - 14:14:36: [META] (debug:3) Calling server.so:ClientPutInServer()
L 02/10/2025 - 14:14:36: [META] (debug:3) Calling engine:QueryClientCvarValue2()
L 02/10/2025 - 14:14:36: [META] (debug:3) Calling amxmodx_mm_i386.so:ClientPutInServer_Post()
L 02/10/2025 - 14:14:36: \glitch31415\STEAM_0:0:743386914\ entered the game as wireframe(76,76)
L 02/10/2025 - 14:14:36: [META] (debug:3) Calling amxmodx_mm_i386.so:CvarValue2()
L 02/10/2025 - 14:14:36: [META] (debug:3) Calling server.so:CvarValue2()
L 02/10/2025 - 14:14:36: [META] (debug:3) Calling engine:QueryClientCvarValue2()
L 02/10/2025 - 14:14:37: [META] (debug:3) Calling amxmodx_mm_i386.so:CvarValue2()
L 02/10/2025 - 14:14:37: [META] (debug:3) Calling server.so:CvarValue2()
L 02/10/2025 - 14:14:37: [META] (debug:3) Calling engine:QueryClientCvarValue2()
L 02/10/2025 - 14:14:37: [META] (debug:3) Calling amxmodx_mm_i386.so:CvarValue2()
L 02/10/2025 - 14:14:37: [META] (debug:3) Calling server.so:CvarValue2()
L 02/10/2025 - 14:14:37: [META] (debug:3) Calling engine:QueryClientCvarValue2()
L 02/10/2025 - 14:14:37: [META] (debug:3) Calling amxmodx_mm_i386.so:CvarValue2()
L 02/10/2025 - 14:14:37: [META] (debug:3) Calling server.so:CvarValue2()
L 02/10/2025 - 14:14:37: \glitch31415\STEAM_0:0:743386914\ Client version: Adrenaline Gamer (OpenGL)
L 02/10/2025 - 14:14:41: \glitch31415\STEAM_0:0:743386914\ killed "Grunt" with "9mmAR"
L 02/10/2025 - 14:14:47: \glitch31415\STEAM_0:0:743386914\ killed "Human Grunt" with "grenade"
L 02/10/2025 - 14:14:47: \glitch31415\STEAM_0:0:743386914\ killed "Human Grunt" with "grenade"
L 02/10/2025 - 14:14:47: \glitch31415\STEAM_0:0:743386914\ killed "Human Grunt" with "grenade"
L 02/10/2025 - 14:14:47: \glitch31415\STEAM_0:0:743386914\ killed "Human Grunt" with "grenade"
L 02/10/2025 - 14:15:00: \glitch31415\STEAM_0:0:743386914\ killed "Ichthyosaur" with "357"
L 02/10/2025 - 14:15:04: \glitch31415\STEAM_0:0:743386914\ killed "Ichthyosaur" with "9mmAR"
L 02/10/2025 - 14:15:20: Rcon: "rcon 690324498 "5pgW37D7ad" changelevel d1_trainstation_02" from "127.0.0.1:27005"
L 02/10/2025 - 14:15:20: [META] (debug:3) Calling amxmodx_mm_i386.so:ClientDisconnect()
L 02/10/2025 - 14:15:20: [META] (debug:3) Calling engine_amxx_i386.so:ClientDisconnect()
L 02/10/2025 - 14:15:20: [META] (debug:3) Calling server.so:ClientDisconnect()
L 02/10/2025 - 14:15:20: \bot1\BOT\ disconnected
L 02/10/2025 - 14:15:20: Dropped bot1 from server
L 02/10/2025 - 14:15:20: Reason:  Dropping fakeclient on level change
L 02/10/2025 - 14:15:20: [META] (debug:3) Calling amxmodx_mm_i386.so:ClientDisconnect()
L 02/10/2025 - 14:15:20: [META] (debug:3) Calling engine_amxx_i386.so:ClientDisconnect()
L 02/10/2025 - 14:15:20: [META] (debug:3) Calling server.so:ClientDisconnect()
L 02/10/2025 - 14:15:20: \bot2\BOT\ disconnected
L 02/10/2025 - 14:15:20: Dropped bot2 from server
L 02/10/2025 - 14:15:20: Reason:  Dropping fakeclient on level change
L 02/10/2025 - 14:15:20: [META] (debug:3) Calling amxmodx_mm_i386.so:ClientDisconnect()
L 02/10/2025 - 14:15:20: [META] (debug:3) Calling engine_amxx_i386.so:ClientDisconnect()
L 02/10/2025 - 14:15:20: [META] (debug:3) Calling server.so:ClientDisconnect()
L 02/10/2025 - 14:15:20: \bot3\BOT\ disconnected
L 02/10/2025 - 14:15:20: Dropped bot3 from server
L 02/10/2025 - 14:15:20: Reason:  Dropping fakeclient on level change
L 02/10/2025 - 14:15:20: [META] (debug:3) Calling amxmodx_mm_i386.so:ServerDeactivate()
L 02/10/2025 - 14:15:20: [META] (debug:3) Calling engine_amxx_i386.so:ServerDeactivate()
L 02/10/2025 - 14:15:20: [META] (debug:3) Calling server.so:ServerDeactivate()
L 02/10/2025 - 14:15:20: \glitch31415\STEAM_0:0:743386914\ 42 points, 0 deaths
L 02/10/2025 - 14:15:20: [META] (debug:3) Calling amxmodx_mm_i386.so:ServerDeactivate_Post()
L 02/10/2025 - 14:15:20: [META] (debug:3) Calling fakemeta_amxx_i386.so:ServerDeactivate_Post()
L 02/10/2025 - 14:15:20: [META] ini: Begin re-reading plugins list: /home/glitch/.steam/debian-installation/steamapps/common/hlds/valve/addons/metamod/plugins.ini
L 02/10/2025 - 14:15:20: [META] ini: Read plugin config for: AMX Mod X
L 02/10/2025 - 14:15:20: [META] ini: Finished reading plugins list: /home/glitch/.steam/debian-installation/steamapps/common/hlds/valve/addons/metamod/plugins.ini; Found 1 plugins
L 02/10/2025 - 14:15:20: [META] dll: Updating plugins...
L 02/10/2025 - 14:15:20: [META] (debug:1) Keeping plugin 'AMX Mod X'
L 02/10/2025 - 14:15:20: [META] dll: Finished updating 5 plugins; kept 1, loaded 0, unloaded 0, reloaded 0, delayed 0
L 02/10/2025 - 14:15:20: [META] (debug:3) Calling amxmodx_mm_i386.so:ClientDisconnect()
L 02/10/2025 - 14:15:20: [META] (debug:3) Calling engine_amxx_i386.so:ClientDisconnect()
L 02/10/2025 - 14:15:20: [META] (debug:3) Calling server.so:ClientDisconnect()
L 02/10/2025 - 14:15:20: \glitch31415\STEAM_0:0:743386914\ disconnected with 42 points
L 02/10/2025 - 14:15:20: Log file closed

-------------------------------------------------------------------------------

