L 02/10/2025 - 14:06:33: Log file started (file "logs/L0210018.log") (game "valve") (version "48/1.1.2.2/Stdio/3897")
L 02/10/2025 - 14:06:33: Loading map "d1_trainstation_02"
L 02/10/2025 - 14:06:33: Server cvar "mp_soundvariety" = "0"
L 02/10/2025 - 14:06:33: Server cvar "mp_soundvariety" = "1"
L 02/10/2025 - 14:06:33: [META] (debug:3) user message registered again: name=VoiceMask, msgid=64
L 02/10/2025 - 14:06:33: [META] (debug:3) user message registered again: name=ReqState, msgid=65
L 02/10/2025 - 14:06:33: [META] ERROR: Couldn't find game entity 'env_model' in game DLL 'valve': /home/glitch/.steam/debian-installation/steamapps/common/hlds/valve/dlls/server.so: undefined symbol: env_model
L 02/10/2025 - 14:06:33: [META] ERROR: Couldn't find game entity 'motion_manager' in game DLL 'valve': /home/glitch/.steam/debian-installation/steamapps/common/hlds/valve/dlls/server.so: undefined symbol: motion_manager
L 02/10/2025 - 14:06:33: [META] (debug:3) Calling amxmodx_mm_i386.so:ServerActivate()
L 02/10/2025 - 14:06:33: [META] (debug:3) Calling engine_amxx_i386.so:ServerActivate()
L 02/10/2025 - 14:06:33: [META] (debug:3) Calling fakemeta_amxx_i386.so:ServerActivate()
L 02/10/2025 - 14:06:33: [META] (debug:3) Calling server.so:ServerActivate()
L 02/10/2025 - 14:06:33: Server cvar "mp_nextmap" = "d1_town_01"
L 02/10/2025 - 14:06:33: [META] (debug:3) Calling amxmodx_mm_i386.so:ServerActivate_Post()
L 02/10/2025 - 14:06:33: Enemy stats: 0k health, 0 npcs
L 02/10/2025 - 14:06:34: Started map "d1_trainstation_02" (CRC "652026196")
L 02/10/2025 - 14:06:36: \bot2\BOT\ connected from address 127.0.0.1
L 02/10/2025 - 14:06:36: \bot2\BOT\ entered the game as ld_gordon(14,21)
L 02/10/2025 - 14:06:37: \bot3\BOT\ connected from address 127.0.0.1
L 02/10/2025 - 14:06:37: \bot3\BOT\ entered the game as ld_gordon(221,106)
L 02/10/2025 - 14:06:37: \bot1\BOT\ connected from address 127.0.0.1
L 02/10/2025 - 14:06:37: \bot1\BOT\ entered the game as ld_gordon(20,93)
L 02/10/2025 - 14:06:55: [META] (debug:3) Calling engine_amxx_i386.so:ClientConnect()
L 02/10/2025 - 14:06:55: [META] (debug:3) Calling fun_amxx_i386.so:ClientConnect()
L 02/10/2025 - 14:06:55: [META] (debug:3) Calling server.so:ClientConnect()
L 02/10/2025 - 14:06:55: \glitch31415\STEAM_0:0:743386914\ connected from address 127.0.0.1:27005
L 02/10/2025 - 14:06:55: [META] (debug:3) Calling amxmodx_mm_i386.so:ClientConnect_Post()
L 02/10/2025 - 14:06:55: "glitch31415<4><STEAM_0:0:743386914><>" STEAM USERID validated
L 02/10/2025 - 14:06:56: Dropped glitch31415 from server
L 02/10/2025 - 14:06:56: Reason:  Client sent 'drop'
L 02/10/2025 - 14:06:56: [META] (debug:3) Calling engine_amxx_i386.so:ClientConnect()
L 02/10/2025 - 14:06:56: [META] (debug:3) Calling fun_amxx_i386.so:ClientConnect()
L 02/10/2025 - 14:06:56: [META] (debug:3) Calling server.so:ClientConnect()
L 02/10/2025 - 14:06:56: \glitch31415\STEAM_0:0:743386914\ connected from address 127.0.0.1:27005
L 02/10/2025 - 14:06:56: [META] (debug:3) Calling amxmodx_mm_i386.so:ClientConnect_Post()
L 02/10/2025 - 14:06:57: "glitch31415<5><STEAM_0:0:743386914><>" STEAM USERID validated
L 02/10/2025 - 14:06:59: [META] (debug:3) Calling server.so:ClientPutInServer()
L 02/10/2025 - 14:06:59: [META] (debug:3) Calling engine:QueryClientCvarValue2()
L 02/10/2025 - 14:06:59: [META] (debug:3) Calling amxmodx_mm_i386.so:ClientPutInServer_Post()
L 02/10/2025 - 14:06:59: \glitch31415\STEAM_0:0:743386914\ entered the game as wireframe(76,76)
L 02/10/2025 - 14:06:59: [META] (debug:3) Calling amxmodx_mm_i386.so:CvarValue2()
L 02/10/2025 - 14:06:59: [META] (debug:3) Calling server.so:CvarValue2()
L 02/10/2025 - 14:06:59: [META] (debug:3) Calling engine:QueryClientCvarValue2()
L 02/10/2025 - 14:06:59: [META] (debug:3) Calling amxmodx_mm_i386.so:CvarValue2()
L 02/10/2025 - 14:06:59: [META] (debug:3) Calling server.so:CvarValue2()
L 02/10/2025 - 14:06:59: [META] (debug:3) Calling engine:QueryClientCvarValue2()
L 02/10/2025 - 14:06:59: [META] (debug:3) Calling amxmodx_mm_i386.so:CvarValue2()
L 02/10/2025 - 14:06:59: [META] (debug:3) Calling server.so:CvarValue2()
L 02/10/2025 - 14:06:59: [META] (debug:3) Calling engine:QueryClientCvarValue2()
L 02/10/2025 - 14:06:59: [META] (debug:3) Calling amxmodx_mm_i386.so:CvarValue2()
L 02/10/2025 - 14:06:59: [META] (debug:3) Calling server.so:CvarValue2()
L 02/10/2025 - 14:06:59: \glitch31415\STEAM_0:0:743386914\ Client version: Adrenaline Gamer (OpenGL)
L 02/10/2025 - 14:07:12: Rcon: "rcon 285928477 "5pgW37D7ad" changelevel hl_c01_a1" from "127.0.0.1:27005"
L 02/10/2025 - 14:07:12: [META] (debug:3) Calling amxmodx_mm_i386.so:ClientDisconnect()
L 02/10/2025 - 14:07:12: [META] (debug:3) Calling engine_amxx_i386.so:ClientDisconnect()
L 02/10/2025 - 14:07:12: [META] (debug:3) Calling server.so:ClientDisconnect()
L 02/10/2025 - 14:07:12: \bot2\BOT\ disconnected
L 02/10/2025 - 14:07:12: Dropped bot2 from server
L 02/10/2025 - 14:07:12: Reason:  Dropping fakeclient on level change
L 02/10/2025 - 14:07:12: [META] (debug:3) Calling amxmodx_mm_i386.so:ClientDisconnect()
L 02/10/2025 - 14:07:12: [META] (debug:3) Calling engine_amxx_i386.so:ClientDisconnect()
L 02/10/2025 - 14:07:12: [META] (debug:3) Calling server.so:ClientDisconnect()
L 02/10/2025 - 14:07:12: \bot3\BOT\ disconnected
L 02/10/2025 - 14:07:12: Dropped bot3 from server
L 02/10/2025 - 14:07:12: Reason:  Dropping fakeclient on level change
L 02/10/2025 - 14:07:12: [META] (debug:3) Calling amxmodx_mm_i386.so:ClientDisconnect()
L 02/10/2025 - 14:07:12: [META] (debug:3) Calling engine_amxx_i386.so:ClientDisconnect()
L 02/10/2025 - 14:07:12: [META] (debug:3) Calling server.so:ClientDisconnect()
L 02/10/2025 - 14:07:12: \bot1\BOT\ disconnected
L 02/10/2025 - 14:07:12: Dropped bot1 from server
L 02/10/2025 - 14:07:12: Reason:  Dropping fakeclient on level change
L 02/10/2025 - 14:07:12: [META] (debug:3) Calling amxmodx_mm_i386.so:ServerDeactivate()
L 02/10/2025 - 14:07:12: [META] (debug:3) Calling engine_amxx_i386.so:ServerDeactivate()
L 02/10/2025 - 14:07:12: [META] (debug:3) Calling server.so:ServerDeactivate()
L 02/10/2025 - 14:07:12: \glitch31415\STEAM_0:0:743386914\ 0 points, 0 deaths
L 02/10/2025 - 14:07:12: [META] (debug:3) Calling amxmodx_mm_i386.so:ServerDeactivate_Post()
L 02/10/2025 - 14:07:12: [META] (debug:3) Calling fakemeta_amxx_i386.so:ServerDeactivate_Post()
L 02/10/2025 - 14:07:12: [META] ini: Begin re-reading plugins list: /home/glitch/.steam/debian-installation/steamapps/common/hlds/valve/addons/metamod/plugins.ini
L 02/10/2025 - 14:07:12: [META] ini: Read plugin config for: AMX Mod X
L 02/10/2025 - 14:07:12: [META] ini: Finished reading plugins list: /home/glitch/.steam/debian-installation/steamapps/common/hlds/valve/addons/metamod/plugins.ini; Found 1 plugins
L 02/10/2025 - 14:07:12: [META] dll: Updating plugins...
L 02/10/2025 - 14:07:12: [META] (debug:1) Keeping plugin 'AMX Mod X'
L 02/10/2025 - 14:07:12: [META] dll: Finished updating 5 plugins; kept 1, loaded 0, unloaded 0, reloaded 0, delayed 0
L 02/10/2025 - 14:07:12: [META] (debug:3) Calling amxmodx_mm_i386.so:ClientDisconnect()
L 02/10/2025 - 14:07:12: [META] (debug:3) Calling engine_amxx_i386.so:ClientDisconnect()
L 02/10/2025 - 14:07:12: [META] (debug:3) Calling server.so:ClientDisconnect()
L 02/10/2025 - 14:07:12: \glitch31415\STEAM_0:0:743386914\ disconnected
L 02/10/2025 - 14:07:12: Log file closed

-------------------------------------------------------------------------------

