L 02/10/2025 - 14:02:50: Log file started (file "logs/L0210014.log") (game "valve") (version "48/1.1.2.2/Stdio/3897")
L 02/10/2025 - 14:02:50: Loading map "hl_c01_a1"
L 02/10/2025 - 14:02:50: Server cvar "mp_soundvariety" = "0"
L 02/10/2025 - 14:02:50: Server cvar "mp_soundvariety" = "1"
L 02/10/2025 - 14:02:50: [META] (debug:3) user message registered again: name=VoiceMask, msgid=64
L 02/10/2025 - 14:02:50: [META] (debug:3) user message registered again: name=ReqState, msgid=65
L 02/10/2025 - 14:02:50: [META] (debug:3) Calling amxmodx_mm_i386.so:ServerActivate()
L 02/10/2025 - 14:02:50: [META] (debug:3) Calling engine_amxx_i386.so:ServerActivate()
L 02/10/2025 - 14:02:50: [META] (debug:3) Calling fakemeta_amxx_i386.so:ServerActivate()
L 02/10/2025 - 14:02:50: [META] (debug:3) Calling server.so:ServerActivate()
L 02/10/2025 - 14:02:50: Server cvar "mp_nextmap" = "d1_trainstation_02"
L 02/10/2025 - 14:02:50: [META] (debug:3) Calling amxmodx_mm_i386.so:ServerActivate_Post()
L 02/10/2025 - 14:02:50: Enemy stats: 0k health, 0 npcs
L 02/10/2025 - 14:02:51: Started map "hl_c01_a1" (CRC "-2111489946")
L 02/10/2025 - 14:02:51: "glitch31415<2><STEAM_0:0:743386914><>" STEAM USERID validated
L 02/10/2025 - 14:02:51: [META] (debug:3) Calling engine_amxx_i386.so:ClientConnect()
L 02/10/2025 - 14:02:51: [META] (debug:3) Calling fun_amxx_i386.so:ClientConnect()
L 02/10/2025 - 14:02:51: [META] (debug:3) Calling server.so:ClientConnect()
L 02/10/2025 - 14:02:51: \glitch31415\STEAM_0:0:743386914\ connected from address 127.0.0.1:27005
L 02/10/2025 - 14:02:51: [META] (debug:3) Calling amxmodx_mm_i386.so:ClientConnect_Post()
L 02/10/2025 - 14:02:52: Dropped glitch31415 from server
L 02/10/2025 - 14:02:52: Reason:  Client sent 'drop'
L 02/10/2025 - 14:02:52: [META] (debug:3) Calling engine_amxx_i386.so:ClientConnect()
L 02/10/2025 - 14:02:52: [META] (debug:3) Calling fun_amxx_i386.so:ClientConnect()
L 02/10/2025 - 14:02:52: [META] (debug:3) Calling server.so:ClientConnect()
L 02/10/2025 - 14:02:52: \glitch31415\STEAM_0:0:743386914\ connected from address 127.0.0.1:27005
L 02/10/2025 - 14:02:52: [META] (debug:3) Calling amxmodx_mm_i386.so:ClientConnect_Post()
L 02/10/2025 - 14:02:52: "glitch31415<3><STEAM_0:0:743386914><>" STEAM USERID validated
L 02/10/2025 - 14:02:53: [META] (debug:3) Calling server.so:ClientPutInServer()
L 02/10/2025 - 14:02:53: [META] (debug:3) Calling engine:QueryClientCvarValue2()
L 02/10/2025 - 14:02:53: [META] (debug:3) Calling amxmodx_mm_i386.so:ClientPutInServer_Post()
L 02/10/2025 - 14:02:53: \glitch31415\STEAM_0:0:743386914\ entered the game as wireframe(76,76)
L 02/10/2025 - 14:02:53: [META] (debug:3) Calling amxmodx_mm_i386.so:CvarValue2()
L 02/10/2025 - 14:02:53: [META] (debug:3) Calling server.so:CvarValue2()
L 02/10/2025 - 14:02:53: [META] (debug:3) Calling engine:QueryClientCvarValue2()
L 02/10/2025 - 14:02:53: \bot1\BOT\ connected from address 127.0.0.1
L 02/10/2025 - 14:02:53: \bot1\BOT\ entered the game as ld_gordon(174,231)
L 02/10/2025 - 14:02:54: \bot3\BOT\ connected from address 127.0.0.1
L 02/10/2025 - 14:02:54: \bot3\BOT\ entered the game as ld_gordon(60,3)
L 02/10/2025 - 14:02:54: \bot2\BOT\ connected from address 127.0.0.1
L 02/10/2025 - 14:02:54: \bot2\BOT\ entered the game as ld_gordon(35,36)
L 02/10/2025 - 14:02:54: \bot3\BOT\ killed by \bot1\BOT\ with "gluon gun"
L 02/10/2025 - 14:02:54: \bot2\BOT\ killed by \bot1\BOT\ with "gluon gun"
L 02/10/2025 - 14:02:54: [META] (debug:3) Calling amxmodx_mm_i386.so:CvarValue2()
L 02/10/2025 - 14:02:54: [META] (debug:3) Calling server.so:CvarValue2()
L 02/10/2025 - 14:02:54: [META] (debug:3) Calling engine:QueryClientCvarValue2()
L 02/10/2025 - 14:02:54: [META] (debug:3) Calling amxmodx_mm_i386.so:CvarValue2()
L 02/10/2025 - 14:02:54: [META] (debug:3) Calling server.so:CvarValue2()
L 02/10/2025 - 14:02:54: [META] (debug:3) Calling engine:QueryClientCvarValue2()
L 02/10/2025 - 14:02:54: [META] (debug:3) Calling amxmodx_mm_i386.so:CvarValue2()
L 02/10/2025 - 14:02:54: [META] (debug:3) Calling server.so:CvarValue2()
L 02/10/2025 - 14:02:54: \glitch31415\STEAM_0:0:743386914\ Client version: Adrenaline Gamer (OpenGL)
L 02/10/2025 - 14:02:55: \bot1\BOT\ committed suicide with "gluon gun"
L 02/10/2025 - 14:03:21: Rcon: "rcon 1125009760 "5pgW37D7ad" changelevel d1_trainstation_02" from "127.0.0.1:27005"
L 02/10/2025 - 14:03:21: [META] (debug:3) Calling amxmodx_mm_i386.so:ClientDisconnect()
L 02/10/2025 - 14:03:21: [META] (debug:3) Calling engine_amxx_i386.so:ClientDisconnect()
L 02/10/2025 - 14:03:21: [META] (debug:3) Calling server.so:ClientDisconnect()
L 02/10/2025 - 14:03:21: \bot1\BOT\ disconnected with 5 points
L 02/10/2025 - 14:03:21: Dropped bot1 from server
L 02/10/2025 - 14:03:21: Reason:  Dropping fakeclient on level change
L 02/10/2025 - 14:03:21: [META] (debug:3) Calling amxmodx_mm_i386.so:ClientDisconnect()
L 02/10/2025 - 14:03:21: [META] (debug:3) Calling engine_amxx_i386.so:ClientDisconnect()
L 02/10/2025 - 14:03:21: [META] (debug:3) Calling server.so:ClientDisconnect()
L 02/10/2025 - 14:03:21: \bot3\BOT\ disconnected
L 02/10/2025 - 14:03:21: Dropped bot3 from server
L 02/10/2025 - 14:03:21: Reason:  Dropping fakeclient on level change
L 02/10/2025 - 14:03:21: [META] (debug:3) Calling amxmodx_mm_i386.so:ClientDisconnect()
L 02/10/2025 - 14:03:21: [META] (debug:3) Calling engine_amxx_i386.so:ClientDisconnect()
L 02/10/2025 - 14:03:21: [META] (debug:3) Calling server.so:ClientDisconnect()
L 02/10/2025 - 14:03:21: \bot2\BOT\ disconnected
L 02/10/2025 - 14:03:21: Dropped bot2 from server
L 02/10/2025 - 14:03:21: Reason:  Dropping fakeclient on level change
L 02/10/2025 - 14:03:21: [META] (debug:3) Calling amxmodx_mm_i386.so:ServerDeactivate()
L 02/10/2025 - 14:03:21: [META] (debug:3) Calling engine_amxx_i386.so:ServerDeactivate()
L 02/10/2025 - 14:03:21: [META] (debug:3) Calling server.so:ServerDeactivate()
L 02/10/2025 - 14:03:21: \glitch31415\STEAM_0:0:743386914\ -1 points, 0 deaths
L 02/10/2025 - 14:03:21: [META] (debug:3) Calling amxmodx_mm_i386.so:ServerDeactivate_Post()
L 02/10/2025 - 14:03:21: [META] (debug:3) Calling fakemeta_amxx_i386.so:ServerDeactivate_Post()
L 02/10/2025 - 14:03:21: [META] ini: Begin re-reading plugins list: /home/glitch/.steam/debian-installation/steamapps/common/hlds/valve/addons/metamod/plugins.ini
L 02/10/2025 - 14:03:21: [META] ini: Read plugin config for: AMX Mod X
L 02/10/2025 - 14:03:21: [META] ini: Finished reading plugins list: /home/glitch/.steam/debian-installation/steamapps/common/hlds/valve/addons/metamod/plugins.ini; Found 1 plugins
L 02/10/2025 - 14:03:21: [META] dll: Updating plugins...
L 02/10/2025 - 14:03:21: [META] (debug:1) Keeping plugin 'AMX Mod X'
L 02/10/2025 - 14:03:21: [META] dll: Finished updating 5 plugins; kept 1, loaded 0, unloaded 0, reloaded 0, delayed 0
L 02/10/2025 - 14:03:21: [META] (debug:3) Calling amxmodx_mm_i386.so:ClientDisconnect()
L 02/10/2025 - 14:03:21: [META] (debug:3) Calling engine_amxx_i386.so:ClientDisconnect()
L 02/10/2025 - 14:03:21: [META] (debug:3) Calling server.so:ClientDisconnect()
L 02/10/2025 - 14:03:21: \glitch31415\STEAM_0:0:743386914\ disconnected
L 02/10/2025 - 14:03:21: Log file closed

-------------------------------------------------------------------------------

