L 02/10/2025 - 12:48:13: Log file started (file "logs/L0210000.log") (game "valve") (version "48/1.1.2.2/Stdio/3897")
L 02/10/2025 - 12:48:13: Loading map "hl_c00"
L 02/10/2025 - 12:48:14: Server cvar "mp_soundvariety" = "0"
L 02/10/2025 - 12:48:14: Server cvar "mp_soundvariety" = "1"
L 02/10/2025 - 12:48:14: Server cvar "mp_npckill" = "0"
L 02/10/2025 - 12:48:14: Server cvar "mp_timelimit" = "30"
L 02/10/2025 - 12:48:14: Server cvar "mp_forcerespawn" = "0"
L 02/10/2025 - 12:48:14: Server cvar "mp_weaponstay" = "0"
L 02/10/2025 - 12:48:14: [META] (debug:3) user message registered again: name=VoiceMask, msgid=64
L 02/10/2025 - 12:48:14: [META] (debug:3) user message registered again: name=ReqState, msgid=65
L 02/10/2025 - 12:48:14: [META] ERROR: Couldn't find game entity 'func_trackautochange' in game DLL 'valve': /home/glitch/.steam/debian-installation/steamapps/common/hlds/valve/dlls/server.so: undefined symbol: func_trackautochange
L 02/10/2025 - 12:48:14: [META] ERROR: Couldn't find game entity 'trigger_script' in game DLL 'valve': /home/glitch/.steam/debian-installation/steamapps/common/hlds/valve/dlls/server.so: undefined symbol: trigger_script
L 02/10/2025 - 12:48:14: [META] (debug:3) Calling amxmodx_mm_i386.so:ServerActivate()
L 02/10/2025 - 12:48:14: [META] (debug:3) Calling engine_amxx_i386.so:ServerActivate()
L 02/10/2025 - 12:48:14: [META] (debug:3) Calling fakemeta_amxx_i386.so:ServerActivate()
L 02/10/2025 - 12:48:14: [META] (debug:3) Calling server.so:ServerActivate()
L 02/10/2025 - 12:48:14: Server cvar "mp_nextmap" = "c1a0"
L 02/10/2025 - 12:48:14: [META] (debug:3) Calling amxmodx_mm_i386.so:ServerActivate_Post()
L 02/10/2025 - 12:48:14: Server cvar "amx_nextmap" = "e1m1"
L 02/10/2025 - 12:48:14: Enemy stats: 0k health, 0 npcs
L 02/10/2025 - 12:48:14: Started map "hl_c00" (CRC "-549465392")
L 02/10/2025 - 12:48:14: [META] (debug:3) Calling engine_amxx_i386.so:ClientConnect()
L 02/10/2025 - 12:48:14: [META] (debug:3) Calling fun_amxx_i386.so:ClientConnect()
L 02/10/2025 - 12:48:14: [META] (debug:3) Calling server.so:ClientConnect()
L 02/10/2025 - 12:48:14: \glitch31415\STEAM_0:0:743386914\ connected from address 127.0.0.1:27005
L 02/10/2025 - 12:48:14: [META] (debug:3) Calling amxmodx_mm_i386.so:ClientConnect_Post()
L 02/10/2025 - 12:48:16: Dropped glitch31415 from server
L 02/10/2025 - 12:48:16: Reason:  Client sent 'drop'
L 02/10/2025 - 12:48:16: [META] (debug:3) Calling engine_amxx_i386.so:ClientConnect()
L 02/10/2025 - 12:48:16: [META] (debug:3) Calling fun_amxx_i386.so:ClientConnect()
L 02/10/2025 - 12:48:16: [META] (debug:3) Calling server.so:ClientConnect()
L 02/10/2025 - 12:48:16: \glitch31415\STEAM_0:0:743386914\ connected from address 127.0.0.1:27005
L 02/10/2025 - 12:48:16: [META] (debug:3) Calling amxmodx_mm_i386.so:ClientConnect_Post()
L 02/10/2025 - 12:48:16: "glitch31415<62><STEAM_0:0:743386914><>" STEAM USERID validated
L 02/10/2025 - 12:48:17: \bot3\BOT\ connected from address 127.0.0.1
L 02/10/2025 - 12:48:17: \bot3\BOT\ entered the game as ld_gordon(129,59)
L 02/10/2025 - 12:48:17: \bot1\BOT\ connected from address 127.0.0.1
L 02/10/2025 - 12:48:17: \bot1\BOT\ entered the game as ld_gordon(136,47)
L 02/10/2025 - 12:48:17: \bot2\BOT\ connected from address 127.0.0.1
L 02/10/2025 - 12:48:17: \bot2\BOT\ entered the game as ld_gordon(105,225)
L 02/10/2025 - 12:48:18: [META] (debug:3) Calling server.so:ClientPutInServer()
L 02/10/2025 - 12:48:18: [META] (debug:3) Calling engine:QueryClientCvarValue2()
L 02/10/2025 - 12:48:18: [META] (debug:3) Calling amxmodx_mm_i386.so:ClientPutInServer_Post()
L 02/10/2025 - 12:48:18: \glitch31415\STEAM_0:0:743386914\ entered the game as wireframe(76,76)
L 02/10/2025 - 12:48:18: [META] (debug:3) Calling amxmodx_mm_i386.so:CvarValue2()
L 02/10/2025 - 12:48:18: [META] (debug:3) Calling server.so:CvarValue2()
L 02/10/2025 - 12:48:18: [META] (debug:3) Calling engine:QueryClientCvarValue2()
L 02/10/2025 - 12:48:19: [META] (debug:3) Calling amxmodx_mm_i386.so:CvarValue2()
L 02/10/2025 - 12:48:19: [META] (debug:3) Calling server.so:CvarValue2()
L 02/10/2025 - 12:48:19: [META] (debug:3) Calling engine:QueryClientCvarValue2()
L 02/10/2025 - 12:48:19: [META] (debug:3) Calling amxmodx_mm_i386.so:CvarValue2()
L 02/10/2025 - 12:48:19: [META] (debug:3) Calling server.so:CvarValue2()
L 02/10/2025 - 12:48:19: [META] (debug:3) Calling engine:QueryClientCvarValue2()
L 02/10/2025 - 12:48:19: [META] (debug:3) Calling amxmodx_mm_i386.so:CvarValue2()
L 02/10/2025 - 12:48:19: [META] (debug:3) Calling server.so:CvarValue2()
L 02/10/2025 - 12:48:19: \glitch31415\STEAM_0:0:743386914\ Client version: Adrenaline Gamer (OpenGL)
L 02/10/2025 - 12:49:53: Rcon: "rcon 2057996500 "5pgW37D7ad" changelevel hl_c01_a1" from "127.0.0.1:27005"
L 02/10/2025 - 12:49:53: [META] (debug:3) Calling amxmodx_mm_i386.so:ClientDisconnect()
L 02/10/2025 - 12:49:53: [META] (debug:3) Calling engine_amxx_i386.so:ClientDisconnect()
L 02/10/2025 - 12:49:53: [META] (debug:3) Calling server.so:ClientDisconnect()
L 02/10/2025 - 12:49:53: \bot3\BOT\ disconnected
L 02/10/2025 - 12:49:53: Dropped bot3 from server
L 02/10/2025 - 12:49:53: Reason:  Dropping fakeclient on level change
L 02/10/2025 - 12:49:53: [META] (debug:3) Calling amxmodx_mm_i386.so:ClientDisconnect()
L 02/10/2025 - 12:49:53: [META] (debug:3) Calling engine_amxx_i386.so:ClientDisconnect()
L 02/10/2025 - 12:49:53: [META] (debug:3) Calling server.so:ClientDisconnect()
L 02/10/2025 - 12:49:53: \bot1\BOT\ disconnected
L 02/10/2025 - 12:49:53: Dropped bot1 from server
L 02/10/2025 - 12:49:53: Reason:  Dropping fakeclient on level change
L 02/10/2025 - 12:49:53: [META] (debug:3) Calling amxmodx_mm_i386.so:ClientDisconnect()
L 02/10/2025 - 12:49:53: [META] (debug:3) Calling engine_amxx_i386.so:ClientDisconnect()
L 02/10/2025 - 12:49:53: [META] (debug:3) Calling server.so:ClientDisconnect()
L 02/10/2025 - 12:49:53: \bot2\BOT\ disconnected
L 02/10/2025 - 12:49:53: Dropped bot2 from server
L 02/10/2025 - 12:49:53: Reason:  Dropping fakeclient on level change
L 02/10/2025 - 12:49:53: [META] (debug:3) Calling amxmodx_mm_i386.so:ServerDeactivate()
L 02/10/2025 - 12:49:53: [META] (debug:3) Calling engine_amxx_i386.so:ServerDeactivate()
L 02/10/2025 - 12:49:53: [META] (debug:3) Calling server.so:ServerDeactivate()
L 02/10/2025 - 12:49:53: \glitch31415\STEAM_0:0:743386914\ 0 points, 0 deaths
L 02/10/2025 - 12:49:53: [META] (debug:3) Calling amxmodx_mm_i386.so:ServerDeactivate_Post()
L 02/10/2025 - 12:49:53: [META] (debug:3) Calling fakemeta_amxx_i386.so:ServerDeactivate_Post()
L 02/10/2025 - 12:49:53: [META] ini: Begin re-reading plugins list: /home/glitch/.steam/debian-installation/steamapps/common/hlds/valve/addons/metamod/plugins.ini
L 02/10/2025 - 12:49:53: [META] ini: Read plugin config for: AMX Mod X
L 02/10/2025 - 12:49:53: [META] ini: Finished reading plugins list: /home/glitch/.steam/debian-installation/steamapps/common/hlds/valve/addons/metamod/plugins.ini; Found 1 plugins
L 02/10/2025 - 12:49:53: [META] dll: Updating plugins...
L 02/10/2025 - 12:49:53: [META] (debug:1) Keeping plugin 'AMX Mod X'
L 02/10/2025 - 12:49:53: [META] dll: Finished updating 5 plugins; kept 1, loaded 0, unloaded 0, reloaded 0, delayed 0
L 02/10/2025 - 12:49:53: [META] (debug:3) Calling amxmodx_mm_i386.so:ClientDisconnect()
L 02/10/2025 - 12:49:53: [META] (debug:3) Calling engine_amxx_i386.so:ClientDisconnect()
L 02/10/2025 - 12:49:53: [META] (debug:3) Calling server.so:ClientDisconnect()
L 02/10/2025 - 12:49:53: \glitch31415\STEAM_0:0:743386914\ disconnected
L 02/10/2025 - 12:49:53: Log file closed

-------------------------------------------------------------------------------

