L 02/10/2025 - 17:17:18: Log file started (file "logs/L0210034.log") (game "valve") (version "48/1.1.2.2/Stdio/3897")
L 02/10/2025 - 17:17:18: Loading map "d1_trainstation_02"
L 02/10/2025 - 17:17:18: Server cvar "mp_soundvariety" = "0"
L 02/10/2025 - 17:17:18: Server cvar "mp_soundvariety" = "1"
L 02/10/2025 - 17:17:18: [META] (debug:3) user message registered again: name=VoiceMask, msgid=64
L 02/10/2025 - 17:17:18: [META] (debug:3) user message registered again: name=ReqState, msgid=65
L 02/10/2025 - 17:17:18: [META] ERROR: Couldn't find game entity 'env_model' in game DLL 'valve': /home/glitch/.steam/debian-installation/steamapps/common/hlds/valve/dlls/server.so: undefined symbol: env_model
L 02/10/2025 - 17:17:18: [META] ERROR: Couldn't find game entity 'motion_manager' in game DLL 'valve': /home/glitch/.steam/debian-installation/steamapps/common/hlds/valve/dlls/server.so: undefined symbol: motion_manager
L 02/10/2025 - 17:17:18: [META] (debug:3) Calling amxmodx_mm_i386.so:ServerActivate()
L 02/10/2025 - 17:17:18: [META] (debug:3) Calling engine_amxx_i386.so:ServerActivate()
L 02/10/2025 - 17:17:18: [META] (debug:3) Calling fakemeta_amxx_i386.so:ServerActivate()
L 02/10/2025 - 17:17:18: [META] (debug:3) Calling server.so:ServerActivate()
L 02/10/2025 - 17:17:18: Server cvar "mp_nextmap" = "d1_town_01"
L 02/10/2025 - 17:17:18: [META] (debug:3) Calling amxmodx_mm_i386.so:ServerActivate_Post()
L 02/10/2025 - 17:17:18: Enemy stats: 0k health, 0 npcs
L 02/10/2025 - 17:17:19: Started map "d1_trainstation_02" (CRC "652026196")
L 02/10/2025 - 17:17:21: [META] (debug:3) Calling engine_amxx_i386.so:ClientConnect()
L 02/10/2025 - 17:17:21: [META] (debug:3) Calling fun_amxx_i386.so:ClientConnect()
L 02/10/2025 - 17:17:21: [META] (debug:3) Calling server.so:ClientConnect()
L 02/10/2025 - 17:17:21: \glitch31415\STEAM_0:0:743386914\ connected from address 127.0.0.1:27005
L 02/10/2025 - 17:17:21: [META] (debug:3) Calling amxmodx_mm_i386.so:ClientConnect_Post()
L 02/10/2025 - 17:17:22: \bot1\BOT\ connected from address 127.0.0.1
L 02/10/2025 - 17:17:22: \bot1\BOT\ entered the game as ld_gordon(74,228)
L 02/10/2025 - 17:17:22: "glitch31415<1><STEAM_0:0:743386914><>" STEAM USERID validated
L 02/10/2025 - 17:17:22: \bot2\BOT\ connected from address 127.0.0.1
L 02/10/2025 - 17:17:22: \bot2\BOT\ entered the game as ld_gordon(114,221)
L 02/10/2025 - 17:17:22: \bot3\BOT\ connected from address 127.0.0.1
L 02/10/2025 - 17:17:22: \bot3\BOT\ entered the game as ld_gordon(227,118)
L 02/10/2025 - 17:17:23: Dropped glitch31415 from server
L 02/10/2025 - 17:17:23: Reason:  Client sent 'drop'
L 02/10/2025 - 17:17:23: [META] (debug:3) Calling engine_amxx_i386.so:ClientConnect()
L 02/10/2025 - 17:17:23: [META] (debug:3) Calling fun_amxx_i386.so:ClientConnect()
L 02/10/2025 - 17:17:23: [META] (debug:3) Calling server.so:ClientConnect()
L 02/10/2025 - 17:17:23: \glitch31415\STEAM_0:0:743386914\ connected from address 127.0.0.1:27005
L 02/10/2025 - 17:17:23: [META] (debug:3) Calling amxmodx_mm_i386.so:ClientConnect_Post()
L 02/10/2025 - 17:17:23: "glitch31415<5><STEAM_0:0:743386914><>" STEAM USERID validated
L 02/10/2025 - 17:17:25: [META] (debug:3) Calling server.so:ClientPutInServer()
L 02/10/2025 - 17:17:25: [META] (debug:3) Calling engine:QueryClientCvarValue2()
L 02/10/2025 - 17:17:25: [META] (debug:3) Calling amxmodx_mm_i386.so:ClientPutInServer_Post()
L 02/10/2025 - 17:17:25: \glitch31415\STEAM_0:0:743386914\ entered the game as wireframe(76,76)
L 02/10/2025 - 17:17:25: [META] (debug:3) Calling amxmodx_mm_i386.so:CvarValue2()
L 02/10/2025 - 17:17:25: [META] (debug:3) Calling server.so:CvarValue2()
L 02/10/2025 - 17:17:25: [META] (debug:3) Calling engine:QueryClientCvarValue2()
L 02/10/2025 - 17:17:26: [META] (debug:3) Calling amxmodx_mm_i386.so:CvarValue2()
L 02/10/2025 - 17:17:26: [META] (debug:3) Calling server.so:CvarValue2()
L 02/10/2025 - 17:17:26: [META] (debug:3) Calling engine:QueryClientCvarValue2()
L 02/10/2025 - 17:17:26: [META] (debug:3) Calling amxmodx_mm_i386.so:CvarValue2()
L 02/10/2025 - 17:17:26: [META] (debug:3) Calling server.so:CvarValue2()
L 02/10/2025 - 17:17:26: [META] (debug:3) Calling engine:QueryClientCvarValue2()
L 02/10/2025 - 17:17:26: [META] (debug:3) Calling amxmodx_mm_i386.so:CvarValue2()
L 02/10/2025 - 17:17:26: [META] (debug:3) Calling server.so:CvarValue2()
L 02/10/2025 - 17:17:26: \glitch31415\STEAM_0:0:743386914\ Client version: Adrenaline Gamer (OpenGL)
L 02/10/2025 - 17:18:28: \glitch31415\STEAM_0:0:743386914\ killed "Scientist" with "9mmhandgun"
L 02/10/2025 - 17:18:28: \glitch31415\STEAM_0:0:743386914\ killed "Scientist" with "9mmhandgun"
L 02/10/2025 - 17:18:30: \glitch31415\STEAM_0:0:743386914\ killed "Scientist" with "9mmhandgun"
L 02/10/2025 - 17:18:42: \glitch31415\STEAM_0:0:743386914\ killed "Scientist" with "9mmhandgun"
L 02/10/2025 - 17:18:54: Rcon: "rcon 545430764 "5pgW37D7ad" changelevel hl_c01_a1" from "127.0.0.1:27005"
L 02/10/2025 - 17:18:54: [META] (debug:3) Calling amxmodx_mm_i386.so:ClientDisconnect()
L 02/10/2025 - 17:18:54: [META] (debug:3) Calling engine_amxx_i386.so:ClientDisconnect()
L 02/10/2025 - 17:18:54: [META] (debug:3) Calling server.so:ClientDisconnect()
L 02/10/2025 - 17:18:54: \bot1\BOT\ disconnected
L 02/10/2025 - 17:18:54: Dropped bot1 from server
L 02/10/2025 - 17:18:54: Reason:  Dropping fakeclient on level change
L 02/10/2025 - 17:18:54: [META] (debug:3) Calling amxmodx_mm_i386.so:ClientDisconnect()
L 02/10/2025 - 17:18:54: [META] (debug:3) Calling engine_amxx_i386.so:ClientDisconnect()
L 02/10/2025 - 17:18:54: [META] (debug:3) Calling server.so:ClientDisconnect()
L 02/10/2025 - 17:18:54: \bot2\BOT\ disconnected
L 02/10/2025 - 17:18:54: Dropped bot2 from server
L 02/10/2025 - 17:18:54: Reason:  Dropping fakeclient on level change
L 02/10/2025 - 17:18:54: [META] (debug:3) Calling amxmodx_mm_i386.so:ClientDisconnect()
L 02/10/2025 - 17:18:54: [META] (debug:3) Calling engine_amxx_i386.so:ClientDisconnect()
L 02/10/2025 - 17:18:54: [META] (debug:3) Calling server.so:ClientDisconnect()
L 02/10/2025 - 17:18:54: \bot3\BOT\ disconnected
L 02/10/2025 - 17:18:54: Dropped bot3 from server
L 02/10/2025 - 17:18:54: Reason:  Dropping fakeclient on level change
L 02/10/2025 - 17:18:54: [META] (debug:3) Calling amxmodx_mm_i386.so:ServerDeactivate()
L 02/10/2025 - 17:18:54: [META] (debug:3) Calling engine_amxx_i386.so:ServerDeactivate()
L 02/10/2025 - 17:18:54: [META] (debug:3) Calling server.so:ServerDeactivate()
L 02/10/2025 - 17:18:54: \glitch31415\STEAM_0:0:743386914\ 17 points, 0 deaths
L 02/10/2025 - 17:18:54: [META] (debug:3) Calling amxmodx_mm_i386.so:ServerDeactivate_Post()
L 02/10/2025 - 17:18:54: [META] (debug:3) Calling fakemeta_amxx_i386.so:ServerDeactivate_Post()
L 02/10/2025 - 17:18:54: [META] ini: Begin re-reading plugins list: /home/glitch/.steam/debian-installation/steamapps/common/hlds/valve/addons/metamod/plugins.ini
L 02/10/2025 - 17:18:54: [META] ini: Read plugin config for: AMX Mod X
L 02/10/2025 - 17:18:54: [META] ini: Finished reading plugins list: /home/glitch/.steam/debian-installation/steamapps/common/hlds/valve/addons/metamod/plugins.ini; Found 1 plugins
L 02/10/2025 - 17:18:54: [META] dll: Updating plugins...
L 02/10/2025 - 17:18:54: [META] (debug:1) Keeping plugin 'AMX Mod X'
L 02/10/2025 - 17:18:54: [META] dll: Finished updating 5 plugins; kept 1, loaded 0, unloaded 0, reloaded 0, delayed 0
L 02/10/2025 - 17:18:54: [META] (debug:3) Calling amxmodx_mm_i386.so:ClientDisconnect()
L 02/10/2025 - 17:18:54: [META] (debug:3) Calling engine_amxx_i386.so:ClientDisconnect()
L 02/10/2025 - 17:18:54: [META] (debug:3) Calling server.so:ClientDisconnect()
L 02/10/2025 - 17:18:54: \glitch31415\STEAM_0:0:743386914\ disconnected with 17 points
L 02/10/2025 - 17:18:54: Log file closed

-------------------------------------------------------------------------------

