L 02/16/2025 - 00:14:30: Log file started (file "logs/L0216002.log") (game "valve") (version "48/1.1.2.2/Stdio/3897")
L 02/16/2025 - 00:14:30: Loading map "d1_trainstation_02"
L 02/16/2025 - 00:14:30: Server cvar "mp_soundvariety" = "0"
L 02/16/2025 - 00:14:30: Server cvar "mp_soundvariety" = "1"
L 02/16/2025 - 00:14:30: [META] (debug:3) user message registered again: name=VoiceMask, msgid=64
L 02/16/2025 - 00:14:30: [META] (debug:3) user message registered again: name=ReqState, msgid=65
L 02/16/2025 - 00:14:30: [META] ERROR: Couldn't find game entity 'env_model' in game DLL 'valve': /home/glitch/.steam/debian-installation/steamapps/common/hlds/valve/dlls/server.so: undefined symbol: env_model
L 02/16/2025 - 00:14:30: [META] ERROR: Couldn't find game entity 'motion_manager' in game DLL 'valve': /home/glitch/.steam/debian-installation/steamapps/common/hlds/valve/dlls/server.so: undefined symbol: motion_manager
L 02/16/2025 - 00:14:30: [META] (debug:3) Calling amxmodx_mm_i386.so:ServerActivate()
L 02/16/2025 - 00:14:30: [META] (debug:3) Calling engine_amxx_i386.so:ServerActivate()
L 02/16/2025 - 00:14:30: [META] (debug:3) Calling fakemeta_amxx_i386.so:ServerActivate()
L 02/16/2025 - 00:14:30: [META] (debug:3) Calling server.so:ServerActivate()
L 02/16/2025 - 00:14:30: Server cvar "mp_nextmap" = "d1_town_01"
L 02/16/2025 - 00:14:30: [META] (debug:3) Calling amxmodx_mm_i386.so:ServerActivate_Post()
L 02/16/2025 - 00:14:30: Enemy stats: 0k health, 0 npcs
L 02/16/2025 - 00:14:30: Started map "d1_trainstation_02" (CRC "652026196")
L 02/16/2025 - 00:14:33: \bot2\BOT\ connected from address 127.0.0.1
L 02/16/2025 - 00:14:33: \bot2\BOT\ entered the game as ld_gordon(154,232)
L 02/16/2025 - 00:14:33: \bot1\BOT\ connected from address 127.0.0.1
L 02/16/2025 - 00:14:33: \bot1\BOT\ entered the game as ld_gordon(57,92)
L 02/16/2025 - 00:14:33: \bot3\BOT\ connected from address 127.0.0.1
L 02/16/2025 - 00:14:33: \bot3\BOT\ entered the game as ld_gordon(84,204)
L 02/16/2025 - 14:06:21: [META] (debug:3) Calling engine_amxx_i386.so:ClientConnect()
L 02/16/2025 - 14:06:21: [META] (debug:3) Calling fun_amxx_i386.so:ClientConnect()
L 02/16/2025 - 14:06:21: [META] (debug:3) Calling server.so:ClientConnect()
L 02/16/2025 - 14:06:21: \EL JOSESITOOOOOOOOOOOOOOOOOOOOO\STEAM_0:1:847340855\ connected from address 179.6.28.223:20388
L 02/16/2025 - 14:06:21: [META] (debug:3) Calling amxmodx_mm_i386.so:ClientConnect_Post()
L 02/16/2025 - 14:06:21: "EL JOSESITOOOOOOOOOOOOOOOOOOOOO<4><STEAM_0:1:847340855><>" STEAM USERID validated
L 02/16/2025 - 14:06:25: Dropped EL JOSESITOOOOOOOOOOOOOOOOOOOOO from server
L 02/16/2025 - 14:06:25: Reason:  Client sent 'drop'
L 02/16/2025 - 14:28:10: [META] (debug:3) Calling engine_amxx_i386.so:ClientConnect()
L 02/16/2025 - 14:28:10: [META] (debug:3) Calling fun_amxx_i386.so:ClientConnect()
L 02/16/2025 - 14:28:10: [META] (debug:3) Calling server.so:ClientConnect()
L 02/16/2025 - 14:28:10: \ARAUJO\STEAM_0:1:652185084\ connected from address 38.253.158.97:21676
L 02/16/2025 - 14:28:10: [META] (debug:3) Calling amxmodx_mm_i386.so:ClientConnect_Post()
L 02/16/2025 - 14:28:10: "ARAUJO<5><STEAM_0:1:652185084><>" STEAM USERID validated
L 02/16/2025 - 14:28:14: Dropped ARAUJO from server
L 02/16/2025 - 14:28:14: Reason:  Client sent 'drop'
L 02/17/2025 - 02:13:24: [META] (debug:3) Calling engine_amxx_i386.so:ClientConnect()
L 02/17/2025 - 02:13:24: [META] (debug:3) Calling fun_amxx_i386.so:ClientConnect()
L 02/17/2025 - 02:13:24: [META] (debug:3) Calling server.so:ClientConnect()
L 02/17/2025 - 02:13:24: \HLDM.org N5644\STEAM_0:0:15832208\ connected from address 89.157.254.220:27005
L 02/17/2025 - 02:13:24: [META] (debug:3) Calling amxmodx_mm_i386.so:ClientConnect_Post()
L 02/17/2025 - 02:13:24: "HLDM.org N5644<6><STEAM_0:0:15832208><>" STEAM USERID validated
L 02/17/2025 - 02:13:28: Dropped HLDM.org N5644 from server
L 02/17/2025 - 02:13:28: Reason:  Client sent 'drop'
L 02/17/2025 - 02:13:30: "HLDM.org N5644<7><STEAM_0:0:15832208><>" STEAM USERID validated
L 02/17/2025 - 02:13:30: [META] (debug:3) Calling engine_amxx_i386.so:ClientConnect()
L 02/17/2025 - 02:13:30: [META] (debug:3) Calling fun_amxx_i386.so:ClientConnect()
L 02/17/2025 - 02:13:30: [META] (debug:3) Calling server.so:ClientConnect()
L 02/17/2025 - 02:13:30: \HLDM.org N5644\STEAM_0:0:15832208\ connected from address 89.157.254.220:27005
L 02/17/2025 - 02:13:30: [META] (debug:3) Calling amxmodx_mm_i386.so:ClientConnect_Post()
L 02/17/2025 - 02:13:35: [META] (debug:3) Calling server.so:ClientPutInServer()
L 02/17/2025 - 02:13:35: [META] (debug:3) Calling engine:QueryClientCvarValue2()
L 02/17/2025 - 02:13:35: [META] (debug:3) Calling amxmodx_mm_i386.so:ClientPutInServer_Post()
L 02/17/2025 - 02:13:35: \HLDM.org N5644\STEAM_0:0:15832208\ entered the game as zombie(0,0)
L 02/17/2025 - 02:13:35: [META] (debug:3) Calling amxmodx_mm_i386.so:CvarValue2()
L 02/17/2025 - 02:13:35: [META] (debug:3) Calling server.so:CvarValue2()
L 02/17/2025 - 02:13:35: [META] (debug:3) Calling engine:QueryClientCvarValue2()
L 02/17/2025 - 02:13:37: [META] (debug:3) Calling amxmodx_mm_i386.so:CvarValue2()
L 02/17/2025 - 02:13:37: [META] (debug:3) Calling server.so:CvarValue2()
L 02/17/2025 - 02:13:37: [META] (debug:3) Calling engine:QueryClientCvarValue2()
L 02/17/2025 - 02:13:37: [META] (debug:3) Calling amxmodx_mm_i386.so:CvarValue2()
L 02/17/2025 - 02:13:37: [META] (debug:3) Calling server.so:CvarValue2()
L 02/17/2025 - 02:13:37: [META] (debug:3) Calling engine:QueryClientCvarValue2()
L 02/17/2025 - 02:13:37: [META] (debug:3) Calling amxmodx_mm_i386.so:CvarValue2()
L 02/17/2025 - 02:13:37: [META] (debug:3) Calling server.so:CvarValue2()
L 02/17/2025 - 02:13:37: \HLDM.org N5644\STEAM_0:0:15832208\ Client version: Half-Life (OpenGL)
L 02/17/2025 - 02:13:50: [META] (debug:3) Calling amxmodx_mm_i386.so:ClientDisconnect()
L 02/17/2025 - 02:13:50: [META] (debug:3) Calling engine_amxx_i386.so:ClientDisconnect()
L 02/17/2025 - 02:13:50: [META] (debug:3) Calling server.so:ClientDisconnect()
L 02/17/2025 - 02:13:50: \HLDM.org N5644\STEAM_0:0:15832208\ disconnected
L 02/17/2025 - 02:13:50: Dropped HLDM.org N5644 from server
L 02/17/2025 - 02:13:50: Reason:  Client sent 'drop'
L 02/17/2025 - 03:03:49: "zhangzilingboy<8><STEAM_0:1:55904891><>" STEAM USERID validated
L 02/17/2025 - 03:03:49: [META] (debug:3) Calling engine_amxx_i386.so:ClientConnect()
L 02/17/2025 - 03:03:49: [META] (debug:3) Calling fun_amxx_i386.so:ClientConnect()
L 02/17/2025 - 03:03:49: [META] (debug:3) Calling server.so:ClientConnect()
L 02/17/2025 - 03:03:49: \zhangzilingboy\STEAM_0:1:55904891\ connected from address 113.245.211.188:27005
L 02/17/2025 - 03:03:49: [META] (debug:3) Calling amxmodx_mm_i386.so:ClientConnect_Post()
L 02/17/2025 - 03:04:49: Dropped zhangzilingboy from server
L 02/17/2025 - 03:04:49: Reason:  Timed out
L 02/17/2025 - 17:40:37: [META] (debug:3) Calling engine_amxx_i386.so:ClientConnect()
L 02/17/2025 - 17:40:37: [META] (debug:3) Calling fun_amxx_i386.so:ClientConnect()
L 02/17/2025 - 17:40:37: [META] (debug:3) Calling server.so:ClientConnect()
L 02/17/2025 - 17:40:37: \glitch31415\STEAM_0:0:743386914\ connected from address 127.0.0.1:27005
L 02/17/2025 - 17:40:37: [META] (debug:3) Calling amxmodx_mm_i386.so:ClientConnect_Post()
L 02/17/2025 - 17:40:37: "glitch31415<9><STEAM_0:0:743386914><>" STEAM USERID validated
L 02/17/2025 - 17:40:38: Dropped glitch31415 from server
L 02/17/2025 - 17:40:38: Reason:  Client sent 'drop'
L 02/17/2025 - 17:40:38: [META] (debug:3) Calling engine_amxx_i386.so:ClientConnect()
L 02/17/2025 - 17:40:38: [META] (debug:3) Calling fun_amxx_i386.so:ClientConnect()
L 02/17/2025 - 17:40:38: [META] (debug:3) Calling server.so:ClientConnect()
L 02/17/2025 - 17:40:38: \glitch31415\STEAM_0:0:743386914\ connected from address 127.0.0.1:27005
L 02/17/2025 - 17:40:38: [META] (debug:3) Calling amxmodx_mm_i386.so:ClientConnect_Post()
L 02/17/2025 - 17:40:39: "glitch31415<10><STEAM_0:0:743386914><>" STEAM USERID validated
L 02/17/2025 - 17:40:40: [META] (debug:3) Calling server.so:ClientPutInServer()
L 02/17/2025 - 17:40:40: [META] (debug:3) Calling engine:QueryClientCvarValue2()
L 02/17/2025 - 17:40:40: [M