L 02/10/2025 - 17:24:05: Log file started (file "logs/L0210039.log") (game "valve") (version "48/1.1.2.2/Stdio/3897")
L 02/10/2025 - 17:24:05: Loading map "hl_c01_a2"
L 02/10/2025 - 17:24:05: Server cvar "mp_chattime" = "3"
L 02/10/2025 - 17:24:05: Server cvar "mp_soundvariety" = "0"
L 02/10/2025 - 17:24:05: Server cvar "mp_soundvariety" = "1"
L 02/10/2025 - 17:24:05: [META] (debug:3) user message registered again: name=VoiceMask, msgid=64
L 02/10/2025 - 17:24:05: [META] (debug:3) user message registered again: name=ReqState, msgid=65
L 02/10/2025 - 17:24:05: [META] (debug:3) Calling amxmodx_mm_i386.so:ServerActivate()
L 02/10/2025 - 17:24:05: [META] (debug:3) Calling engine_amxx_i386.so:ServerActivate()
L 02/10/2025 - 17:24:05: [META] (debug:3) Calling fakemeta_amxx_i386.so:ServerActivate()
L 02/10/2025 - 17:24:05: [META] (debug:3) Calling server.so:ServerActivate()
L 02/10/2025 - 17:24:05: Server cvar "mp_nextmap" = "hl_c01_a1"
L 02/10/2025 - 17:24:05: [META] (debug:3) Calling amxmodx_mm_i386.so:ServerActivate_Post()
L 02/10/2025 - 17:24:05: Server cvar "amx_nextmap" = "d1_town_03"
L 02/10/2025 - 17:24:05: Enemy stats: 0k health, 14 npcs
L 02/10/2025 - 17:24:06: Started map "hl_c01_a2" (CRC "1581270535")
L 02/10/2025 - 17:24:06: [META] (debug:3) Calling engine_amxx_i386.so:ClientConnect()
L 02/10/2025 - 17:24:06: [META] (debug:3) Calling fun_amxx_i386.so:ClientConnect()
L 02/10/2025 - 17:24:06: [META] (debug:3) Calling server.so:ClientConnect()
L 02/10/2025 - 17:24:06: \glitch31415\STEAM_0:0:743386914\ connected from address 127.0.0.1:27005
L 02/10/2025 - 17:24:06: [META] (debug:3) Calling amxmodx_mm_i386.so:ClientConnect_Post()
L 02/10/2025 - 17:24:07: Dropped glitch31415 from server
L 02/10/2025 - 17:24:07: Reason:  Client sent 'drop'
L 02/10/2025 - 17:24:07: [META] (debug:3) Calling engine_amxx_i386.so:ClientConnect()
L 02/10/2025 - 17:24:07: [META] (debug:3) Calling fun_amxx_i386.so:ClientConnect()
L 02/10/2025 - 17:24:07: [META] (debug:3) Calling server.so:ClientConnect()
L 02/10/2025 - 17:24:07: \glitch31415\STEAM_0:0:743386914\ connected from address 127.0.0.1:27005
L 02/10/2025 - 17:24:07: [META] (debug:3) Calling amxmodx_mm_i386.so:ClientConnect_Post()
L 02/10/2025 - 17:24:07: "glitch31415<19><STEAM_0:0:743386914><>" STEAM USERID validated
L 02/10/2025 - 17:24:08: [META] (debug:3) Calling server.so:ClientPutInServer()
L 02/10/2025 - 17:24:08: [META] (debug:3) Calling engine:QueryClientCvarValue2()
L 02/10/2025 - 17:24:08: [META] (debug:3) Calling amxmodx_mm_i386.so:ClientPutInServer_Post()
L 02/10/2025 - 17:24:08: \glitch31415\STEAM_0:0:743386914\ entered the game as wireframe(76,76)
L 02/10/2025 - 17:24:08: [META] (debug:3) Calling amxmodx_mm_i386.so:CvarValue2()
L 02/10/2025 - 17:24:08: [META] (debug:3) Calling server.so:CvarValue2()
L 02/10/2025 - 17:24:08: [META] (debug:3) Calling engine:QueryClientCvarValue2()
L 02/10/2025 - 17:24:08: \bot2\BOT\ connected from address 127.0.0.1
L 02/10/2025 - 17:24:08: \bot2\BOT\ entered the game as ld_gordon(153,64)
L 02/10/2025 - 17:24:09: \bot3\BOT\ connected from address 127.0.0.1
L 02/10/2025 - 17:24:09: \bot3\BOT\ entered the game as ld_gordon(134,201)
L 02/10/2025 - 17:24:09: \bot1\BOT\ connected from address 127.0.0.1
L 02/10/2025 - 17:24:09: \bot1\BOT\ entered the game as ld_gordon(216,74)
L 02/10/2025 - 17:24:09: [META] (debug:3) Calling amxmodx_mm_i386.so:CvarValue2()
L 02/10/2025 - 17:24:09: [META] (debug:3) Calling server.so:CvarValue2()
L 02/10/2025 - 17:24:09: [META] (debug:3) Calling engine:QueryClientCvarValue2()
L 02/10/2025 - 17:24:09: [META] (debug:3) Calling amxmodx_mm_i386.so:CvarValue2()
L 02/10/2025 - 17:24:09: [META] (debug:3) Calling server.so:CvarValue2()
L 02/10/2025 - 17:24:09: [META] (debug:3) Calling engine:QueryClientCvarValue2()
L 02/10/2025 - 17:24:09: [META] (debug:3) Calling amxmodx_mm_i386.so:CvarValue2()
L 02/10/2025 - 17:24:09: [META] (debug:3) Calling server.so:CvarValue2()
L 02/10/2025 - 17:24:09: \glitch31415\STEAM_0:0:743386914\ Client version: Adrenaline Gamer (OpenGL)
L 02/10/2025 - 17:26:02: \glitch31415\STEAM_0:0:743386914\ committed suicide with "grenade"
L 02/10/2025 - 17:27:47: Rcon: "rcon 545430764 "5pgW37D7ad" restart" from "127.0.0.1:27005"
L 02/10/2025 - 17:27:47: [META] (debug:3) Calling amxmodx_mm_i386.so:ClientDisconnect()
L 02/10/2025 - 17:27:47: [META] (debug:3) Calling engine_amxx_i386.so:ClientDisconnect()
L 02/10/2025 - 17:27:47: [META] (debug:3) Calling server.so:ClientDisconnect()
L 02/10/2025 - 17:27:47: \bot2\BOT\ disconnected
L 02/10/2025 - 17:27:47: Dropped bot2 from server
L 02/10/2025 - 17:27:47: Reason:  Dropping fakeclient on level change
L 02/10/2025 - 17:27:47: [META] (debug:3) Calling amxmodx_mm_i386.so:ClientDisconnect()
L 02/10/2025 - 17:27:47: [META] (debug:3) Calling engine_amxx_i386.so:ClientDisconnect()
L 02/10/2025 - 17:27:47: [META] (debug:3) Calling server.so:ClientDisconnect()
L 02/10/2025 - 17:27:47: \bot3\BOT\ disconnected
L 02/10/2025 - 17:27:47: Dropped bot3 from server
L 02/10/2025 - 17:27:47: Reason:  Dropping fakeclient on level change
L 02/10/2025 - 17:27:47: [META] (debug:3) Calling amxmodx_mm_i386.so:ClientDisconnect()
L 02/10/2025 - 17:27:47: [META] (debug:3) Calling engine_amxx_i386.so:ClientDisconnect()
L 02/10/2025 - 17:27:47: [META] (debug:3) Calling server.so:ClientDisconnect()
L 02/10/2025 - 17:27:47: \bot1\BOT\ disconnected
L 02/10/2025 - 17:27:47: Dropped bot1 from server
L 02/10/2025 - 17:27:47: Reason:  Dropping fakeclient on level change
L 02/10/2025 - 17:27:47: [META] (debug:3) Calling amxmodx_mm_i386.so:ServerDeactivate()
L 02/10/2025 - 17:27:47: [META] (debug:3) Calling engine_amxx_i386.so:ServerDeactivate()
L 02/10/2025 - 17:27:47: [META] (debug:3) Calling server.so:ServerDeactivate()
L 02/10/2025 - 17:27:47: \glitch31415\STEAM_0:0:743386914\ -3 points, 1 deaths
L 02/10/2025 - 17:27:47: [META] (debug:3) Calling amxmodx_mm_i386.so:ServerDeactivate_Post()
L 02/10/2025 - 17:27:47: [META] (debug:3) Calling fakemeta_amxx_i386.so:ServerDeactivate_Post()
L 02/10/2025 - 17:27:47: [META] ini: Begin re-reading plugins list: /home/glitch/.steam/debian-installation/steamapps/common/hlds/valve/addons/metamod/plugins.ini
L 02/10/2025 - 17:27:47: [META] ini: Read plugin config for: AMX Mod X
L 02/10/2025 - 17:27:47: [META] ini: Finished reading plugins list: /home/glitch/.steam/debian-installation/steamapps/common/hlds/valve/addons/metamod/plugins.ini; Found 1 plugins
L 02/10/2025 - 17:27:47: [META] dll: Updating plugins...
L 02/10/2025 - 17:27:47: [META] (debug:1) Keeping plugin 'AMX Mod X'
L 02/10/2025 - 17:27:47: [META] dll: Finished updating 5 plugins; kept 1, loaded 0, unloaded 0, reloaded 0, delayed 0
L 02/10/2025 - 17:27:47: [META] (debug:3) Calling amxmodx_mm_i386.so:ClientDisconnect()
L 02/10/2025 - 17:27:47: [META] (debug:3) Calling engine_amxx_i386.so:ClientDisconnect()
L 02/10/2025 - 17:27:47: [META] (debug:3) Calling server.so:ClientDisconnect()
L 02/10/2025 - 17:27:47: \glitch31415\STEAM_0:0:743386914\ disconnected
L 02/10/2025 - 17:27:47: Log file closed

-------------------------------------------------------------------------------

