L 02/10/2025 - 17:18:54: Log file started (file "logs/L0210035.log") (game "valve") (version "48/1.1.2.2/Stdio/3897")
L 02/10/2025 - 17:18:54: Loading map "hl_c01_a1"
L 02/10/2025 - 17:18:54: Server cvar "mp_soundvariety" = "0"
L 02/10/2025 - 17:18:54: Server cvar "mp_soundvariety" = "1"
L 02/10/2025 - 17:18:54: [META] (debug:3) user message registered again: name=VoiceMask, msgid=64
L 02/10/2025 - 17:18:54: [META] (debug:3) user message registered again: name=ReqState, msgid=65
L 02/10/2025 - 17:18:54: [META] (debug:3) Calling amxmodx_mm_i386.so:ServerActivate()
L 02/10/2025 - 17:18:54: [META] (debug:3) Calling engine_amxx_i386.so:ServerActivate()
L 02/10/2025 - 17:18:54: [META] (debug:3) Calling fakemeta_amxx_i386.so:ServerActivate()
L 02/10/2025 - 17:18:54: [META] (debug:3) Calling server.so:ServerActivate()
L 02/10/2025 - 17:18:54: Server cvar "mp_nextmap" = "d1_trainstation_02"
L 02/10/2025 - 17:18:54: [META] (debug:3) Calling amxmodx_mm_i386.so:ServerActivate_Post()
L 02/10/2025 - 17:18:54: Server cvar "amx_nextmap" = "hl_c01_a2"
L 02/10/2025 - 17:18:54: Enemy stats: 0k health, 0 npcs
L 02/10/2025 - 17:18:54: Started map "hl_c01_a1" (CRC "-2111489946")
L 02/10/2025 - 17:18:54: [META] (debug:3) Calling engine_amxx_i386.so:ClientConnect()
L 02/10/2025 - 17:18:54: [META] (debug:3) Calling fun_amxx_i386.so:ClientConnect()
L 02/10/2025 - 17:18:54: [META] (debug:3) Calling server.so:ClientConnect()
L 02/10/2025 - 17:18:54: \glitch31415\STEAM_0:0:743386914\ connected from address 127.0.0.1:27005
L 02/10/2025 - 17:18:54: [META] (debug:3) Calling amxmodx_mm_i386.so:ClientConnect_Post()
L 02/10/2025 - 17:18:55: [META] (debug:3) Calling server.so:ClientPutInServer()
L 02/10/2025 - 17:18:55: [META] (debug:3) Calling engine:QueryClientCvarValue2()
L 02/10/2025 - 17:18:55: [META] (debug:3) Calling amxmodx_mm_i386.so:ClientPutInServer_Post()
L 02/10/2025 - 17:18:55: \glitch31415\STEAM_0:0:743386914\ entered the game as wireframe(76,76)
L 02/10/2025 - 17:18:56: [META] (debug:3) Calling amxmodx_mm_i386.so:CvarValue2()
L 02/10/2025 - 17:18:56: [META] (debug:3) Calling server.so:CvarValue2()
L 02/10/2025 - 17:18:56: [META] (debug:3) Calling engine:QueryClientCvarValue2()
L 02/10/2025 - 17:18:56: [META] (debug:3) Calling amxmodx_mm_i386.so:CvarValue2()
L 02/10/2025 - 17:18:56: [META] (debug:3) Calling server.so:CvarValue2()
L 02/10/2025 - 17:18:56: [META] (debug:3) Calling engine:QueryClientCvarValue2()
L 02/10/2025 - 17:18:56: [META] (debug:3) Calling amxmodx_mm_i386.so:CvarValue2()
L 02/10/2025 - 17:18:56: [META] (debug:3) Calling server.so:CvarValue2()
L 02/10/2025 - 17:18:56: [META] (debug:3) Calling engine:QueryClientCvarValue2()
L 02/10/2025 - 17:18:56: [META] (debug:3) Calling amxmodx_mm_i386.so:CvarValue2()
L 02/10/2025 - 17:18:56: [META] (debug:3) Calling server.so:CvarValue2()
L 02/10/2025 - 17:18:56: \glitch31415\STEAM_0:0:743386914\ Client version: Adrenaline Gamer (OpenGL)
L 02/10/2025 - 17:18:57: \bot3\BOT\ connected from address 127.0.0.1
L 02/10/2025 - 17:18:57: \bot3\BOT\ entered the game as ld_gordon(232,25)
L 02/10/2025 - 17:18:58: \bot1\BOT\ connected from address 127.0.0.1
L 02/10/2025 - 17:18:58: \bot1\BOT\ entered the game as ld_gordon(108,42)
L 02/10/2025 - 17:18:58: \bot2\BOT\ connected from address 127.0.0.1
L 02/10/2025 - 17:18:58: \bot2\BOT\ entered the game as ld_gordon(3,156)
L 02/10/2025 - 17:19:22: Rcon: "rcon 545430764 "5pgW37D7ad" changelevel d1_trainstation_01" from "127.0.0.1:27005"
L 02/10/2025 - 17:19:22: [META] (debug:3) Calling amxmodx_mm_i386.so:ClientDisconnect()
L 02/10/2025 - 17:19:22: [META] (debug:3) Calling engine_amxx_i386.so:ClientDisconnect()
L 02/10/2025 - 17:19:22: [META] (debug:3) Calling server.so:ClientDisconnect()
L 02/10/2025 - 17:19:22: \bot3\BOT\ disconnected
L 02/10/2025 - 17:19:22: Dropped bot3 from server
L 02/10/2025 - 17:19:22: Reason:  Dropping fakeclient on level change
L 02/10/2025 - 17:19:22: [META] (debug:3) Calling amxmodx_mm_i386.so:ClientDisconnect()
L 02/10/2025 - 17:19:22: [META] (debug:3) Calling engine_amxx_i386.so:ClientDisconnect()
L 02/10/2025 - 17:19:22: [META] (debug:3) Calling server.so:ClientDisconnect()
L 02/10/2025 - 17:19:22: \bot1\BOT\ disconnected
L 02/10/2025 - 17:19:22: Dropped bot1 from server
L 02/10/2025 - 17:19:22: Reason:  Dropping fakeclient on level change
L 02/10/2025 - 17:19:22: [META] (debug:3) Calling amxmodx_mm_i386.so:ClientDisconnect()
L 02/10/2025 - 17:19:22: [META] (debug:3) Calling engine_amxx_i386.so:ClientDisconnect()
L 02/10/2025 - 17:19:22: [META] (debug:3) Calling server.so:ClientDisconnect()
L 02/10/2025 - 17:19:22: \bot2\BOT\ disconnected
L 02/10/2025 - 17:19:22: Dropped bot2 from server
L 02/10/2025 - 17:19:22: Reason:  Dropping fakeclient on level change
L 02/10/2025 - 17:19:22: [META] (debug:3) Calling amxmodx_mm_i386.so:ServerDeactivate()
L 02/10/2025 - 17:19:22: [META] (debug:3) Calling engine_amxx_i386.so:ServerDeactivate()
L 02/10/2025 - 17:19:22: [META] (debug:3) Calling server.so:ServerDeactivate()
L 02/10/2025 - 17:19:22: \glitch31415\STEAM_0:0:743386914\ 0 points, 0 deaths
L 02/10/2025 - 17:19:22: [META] (debug:3) Calling amxmodx_mm_i386.so:ServerDeactivate_Post()
L 02/10/2025 - 17:19:22: [META] (debug:3) Calling fakemeta_amxx_i386.so:ServerDeactivate_Post()
L 02/10/2025 - 17:19:22: [META] ini: Begin re-reading plugins list: /home/glitch/.steam/debian-installation/steamapps/common/hlds/valve/addons/metamod/plugins.ini
L 02/10/2025 - 17:19:22: [META] ini: Read plugin config for: AMX Mod X
L 02/10/2025 - 17:19:22: [META] ini: Finished reading plugins list: /home/glitch/.steam/debian-installation/steamapps/common/hlds/valve/addons/metamod/plugins.ini; Found 1 plugins
L 02/10/2025 - 17:19:22: [META] dll: Updating plugins...
L 02/10/2025 - 17:19:22: [META] (debug:1) Keeping plugin 'AMX Mod X'
L 02/10/2025 - 17:19:22: [META] dll: Finished updating 5 plugins; kept 1, loaded 0, unloaded 0, reloaded 0, delayed 0
L 02/10/2025 - 17:19:22: [META] (debug:3) Calling amxmodx_mm_i386.so:ClientDisconnect()
L 02/10/2025 - 17:19:22: [META] (debug:3) Calling engine_amxx_i386.so:ClientDisconnect()
L 02/10/2025 - 17:19:22: [META] (debug:3) Calling server.so:ClientDisconnect()
L 02/10/2025 - 17:19:22: \glitch31415\STEAM_0:0:743386914\ disconnected
L 02/10/2025 - 17:19:22: Log file closed

-------------------------------------------------------------------------------

