L 02/10/2025 - 14:15:20: Log file started (file "logs/L0210028.log") (game "valve") (version "48/1.1.2.2/Stdio/3897")
L 02/10/2025 - 14:15:20: Loading map "d1_trainstation_02"
L 02/10/2025 - 14:15:20: Server cvar "mp_soundvariety" = "0"
L 02/10/2025 - 14:15:20: Server cvar "mp_soundvariety" = "1"
L 02/10/2025 - 14:15:20: [META] (debug:3) user message registered again: name=VoiceMask, msgid=64
L 02/10/2025 - 14:15:20: [META] (debug:3) user message registered again: name=ReqState, msgid=65
L 02/10/2025 - 14:15:20: [META] ERROR: Couldn't find game entity 'env_model' in game DLL 'valve': /home/glitch/.steam/debian-installation/steamapps/common/hlds/valve/dlls/server.so: undefined symbol: env_model
L 02/10/2025 - 14:15:20: [META] ERROR: Couldn't find game entity 'motion_manager' in game DLL 'valve': /home/glitch/.steam/debian-installation/steamapps/common/hlds/valve/dlls/server.so: undefined symbol: motion_manager
L 02/10/2025 - 14:15:20: [META] (debug:3) Calling amxmodx_mm_i386.so:ServerActivate()
L 02/10/2025 - 14:15:20: [META] (debug:3) Calling engine_amxx_i386.so:ServerActivate()
L 02/10/2025 - 14:15:20: [META] (debug:3) Calling fakemeta_amxx_i386.so:ServerActivate()
L 02/10/2025 - 14:15:20: [META] (debug:3) Calling server.so:ServerActivate()
L 02/10/2025 - 14:15:20: Server cvar "mp_nextmap" = "d1_town_01"
L 02/10/2025 - 14:15:20: [META] (debug:3) Calling amxmodx_mm_i386.so:ServerActivate_Post()
L 02/10/2025 - 14:15:21: Server cvar "amx_nextmap" = "boot_camp"
L 02/10/2025 - 14:15:21: Enemy stats: 0k health, 0 npcs
L 02/10/2025 - 14:15:21: Started map "d1_trainstation_02" (CRC "652026196")
L 02/10/2025 - 14:15:21: [META] (debug:3) Calling engine_amxx_i386.so:ClientConnect()
L 02/10/2025 - 14:15:21: [META] (debug:3) Calling fun_amxx_i386.so:ClientConnect()
L 02/10/2025 - 14:15:21: [META] (debug:3) Calling server.so:ClientConnect()
L 02/10/2025 - 14:15:21: \glitch31415\STEAM_0:0:743386914\ connected from address 127.0.0.1:27005
L 02/10/2025 - 14:15:21: [META] (debug:3) Calling amxmodx_mm_i386.so:ClientConnect_Post()
L 02/10/2025 - 14:15:21: Dropped glitch31415 from server
L 02/10/2025 - 14:15:21: Reason:  Client sent 'drop'
L 02/10/2025 - 14:15:24: \bot3\BOT\ connected from address 127.0.0.1
L 02/10/2025 - 14:15:24: \bot3\BOT\ entered the game as ld_gordon(168,167)
L 02/10/2025 - 14:15:24: \bot1\BOT\ connected from address 127.0.0.1
L 02/10/2025 - 14:15:24: \bot1\BOT\ entered the game as ld_gordon(220,220)
L 02/10/2025 - 14:15:24: \bot2\BOT\ connected from address 127.0.0.1
L 02/10/2025 - 14:15:24: \bot2\BOT\ entered the game as ld_gordon(197,92)
L 02/10/2025 - 15:46:47: "yo tu cachero<9><STEAM_0:1:798341651><>" STEAM USERID validated
L 02/10/2025 - 15:46:47: [META] (debug:3) Calling engine_amxx_i386.so:ClientConnect()
L 02/10/2025 - 15:46:47: [META] (debug:3) Calling fun_amxx_i386.so:ClientConnect()
L 02/10/2025 - 15:46:47: [META] (debug:3) Calling server.so:ClientConnect()
L 02/10/2025 - 15:46:47: \yo tu cachero\STEAM_0:1:798341651\ connected from address 201.230.8.20:27005
L 02/10/2025 - 15:46:47: [META] (debug:3) Calling amxmodx_mm_i386.so:ClientConnect_Post()
L 02/10/2025 - 15:46:50: Dropped yo tu cachero from server
L 02/10/2025 - 15:46:50: Reason:  Client sent 'drop'
L 02/10/2025 - 15:47:20: "yo tu cachero<10><STEAM_0:1:798341651><>" STEAM USERID validated
L 02/10/2025 - 15:47:20: [META] (debug:3) Calling engine_amxx_i386.so:ClientConnect()
L 02/10/2025 - 15:47:20: [META] (debug:3) Calling fun_amxx_i386.so:ClientConnect()
L 02/10/2025 - 15:47:20: [META] (debug:3) Calling server.so:ClientConnect()
L 02/10/2025 - 15:47:20: \yo tu cachero\STEAM_0:1:798341651\ connected from address 201.230.8.20:27005
L 02/10/2025 - 15:47:20: [META] (debug:3) Calling amxmodx_mm_i386.so:ClientConnect_Post()
L 02/10/2025 - 15:47:26: [META] (debug:3) Calling server.so:ClientPutInServer()
L 02/10/2025 - 15:47:26: [META] (debug:3) Calling engine:QueryClientCvarValue2()
L 02/10/2025 - 15:47:26: [META] (debug:3) Calling amxmodx_mm_i386.so:ClientPutInServer_Post()
L 02/10/2025 - 15:47:26: \yo tu cachero\STEAM_0:1:798341651\ entered the game as (0,0)
L 02/10/2025 - 15:47:26: [META] (debug:3) Calling amxmodx_mm_i386.so:CvarValue2()
L 02/10/2025 - 15:47:26: [META] (debug:3) Calling server.so:CvarValue2()
L 02/10/2025 - 15:47:26: [META] (debug:3) Calling engine:QueryClientCvarValue2()
L 02/10/2025 - 15:47:27: [META] (debug:3) Calling amxmodx_mm_i386.so:CvarValue2()
L 02/10/2025 - 15:47:27: [META] (debug:3) Calling server.so:CvarValue2()
L 02/10/2025 - 15:47:27: [META] (debug:3) Calling engine:QueryClientCvarValue2()
L 02/10/2025 - 15:47:27: [META] (debug:3) Calling amxmodx_mm_i386.so:CvarValue2()
L 02/10/2025 - 15:47:27: [META] (debug:3) Calling server.so:CvarValue2()
L 02/10/2025 - 15:47:27: [META] (debug:3) Calling engine:QueryClientCvarValue2()
L 02/10/2025 - 15:47:28: [META] (debug:3) Calling amxmodx_mm_i386.so:CvarValue2()
L 02/10/2025 - 15:47:28: [META] (debug:3) Calling server.so:CvarValue2()
L 02/10/2025 - 15:47:28: \yo tu cachero\STEAM_0:1:798341651\ Client version: Half-Life (OpenGL)
L 02/10/2025 - 15:48:02: [META] (debug:3) Calling amxmodx_mm_i386.so:ClientDisconnect()
L 02/10/2025 - 15:48:02: [META] (debug:3) Calling engine_amxx_i386.so:ClientDisconnect()
L 02/10/2025 - 15:48:02: [META] (debug:3) Calling server.so:ClientDisconnect()
L 02/10/2025 - 15:48:02: \yo tu cachero\STEAM_0:1:798341651\ disconnected
L 02/10/2025 - 15:48:02: Dropped yo tu cachero from server
L 02/10/2025 - 15:48:02: Reason:  Client sent 'drop'
L 02/10/2025 - 15:48:25: "yo tu cachero<11><STEAM_0:1:798341651><>" STEAM USERID validated
L 02/10/2025 - 15:48:25: [META] (debug:3) Calling engine_amxx_i386.so:ClientConnect()
L 02/10/2025 - 15:48:25: [META] (debug:3) Calling fun_amxx_i386.so:ClientConnect()
L 02/10/2025 - 15:48:25: [META] (debug:3) Calling server.so:ClientConnect()
L 02/10/2025 - 15:48:25: \yo tu cachero\STEAM_0:1:798341651\ connected from address 201.230.8.20:27005
L 02/10/2025 - 15:48:25: [META] (debug:3) Calling amxmodx_mm_i386.so:ClientConnect_Post()
L 02/10/2025 - 15:48:29: Dropped yo tu cachero from server
L 02/10/2025 - 15:48:29: Reason:  Client sent 'drop'
L 02/10/2025 - 15:48:29: [META] (debug:3) Calling engine_amxx_i386.so:ClientConnect()
L 02/10/2025 - 15:48:29: [META] (debug:3) Calling fun_amxx_i386.so:ClientConnect()
L 02/10/2025 - 15:48:29: [META] (debug:3) Calling server.so:ClientConnect()
L 02/10/2025 - 15:48:29: \yo tu cachero\STEAM_0:1:798341651\ connected from address 201.230.8.20:27005
L 02/10/2025 - 15:48:29: [META] (debug:3) Calling amxmodx_mm_i386.so:ClientConnect_Post()
L 02/10/2025 - 15:48:29: "yo tu cachero<12><STEAM_0:1:798341651><>" STEAM USERID validated
L 02/10/2025 - 15:48:33: [META] (debug:3) Calling server.so:ClientPutInServer()
L 02/10/2025 - 15:48:33: [META] (debug:3) Calling engine:QueryClientCvarValue2()
L 02/10/2025 - 15:48:33: [META] (debug:3) Calling amxmodx_mm_i386.so:ClientPutInServer_Post()
L 02/10/2025 - 15:48:33: \yo tu cachero\STEAM_0:1:798341651\ entered the game as (0,0)
L 02/10/2025 - 15:48:33: [META] (debug:3) Calling amxmodx_mm_i386.so:CvarValue2()
L 02/10/2025 - 15:48:33: [META] (debug:3) Calling server.so:CvarValue2()
L 02/10/2025 - 15:48:33: [META] (debug:3) Calling engine:QueryClientCvarValue2()
L 02/10/2025 - 15:48:35: [META] (debug:3) Calling amxmodx_mm_i386.so:CvarValue2()
L 02/10/2025 - 15:48:35: [META] (debug:3) Calling server.so:CvarValue2()
L 02/10/2025 - 15:48:35: [META] (debug:3) Calling engine:QueryClientCvarValue2()
L 02/10/2025 - 15:48:35: [META] (debug:3) Calling amxmodx_mm_i386.so:CvarValue2()
L 02/10/2025 - 15:48:35: [META] (debug:3) Calling server.so:CvarValue2()
L 02/10/2025 - 15:48:35: [META] (debug:3) Calling engine:QueryClientCvarValue2()
L 02/10/2025 - 15:48:35: [META] (debug:3) Calling amxmodx_mm_i386.so:CvarValue2()
L 02/10/2025 - 15:48:35: [META] (debug:3) Calling server.so:CvarValue2()
L 02/10/2025 - 15:48:35: \yo tu cachero\STEAM_0:1:798341651\ Client version: Half-Life (OpenGL)
L 02/10/2025 - 15:48:46: [META] (debug:3) Calling amxmodx_mm_i386.so:ClientDisconnect()
L 02/10/2025 - 15:48:46: [META] (debug:3) Calling engine_amxx_i386.so:ClientDisconnect()
L 02/10/2025 - 15:48:46: [META] (debug:3) C