L 02/27/2025 - 22:30:20: Log file started (file "logs/L0227058.log") (game "valve") (version "48/1.1.2.2/Stdio/3897")
L 02/27/2025 - 22:30:20: Loading map "infested"
L 02/27/2025 - 22:30:20: Server cvar "mp_soundvariety" = "0"
L 02/27/2025 - 22:30:20: Server cvar "mp_soundvariety" = "1"
L 02/27/2025 - 22:30:20: [META] (debug:3) user message registered again: name=VoiceMask, msgid=64
L 02/27/2025 - 22:30:20: [META] (debug:3) user message registered again: name=ReqState, msgid=65
L 02/27/2025 - 22:30:20: [META] (debug:3) Calling amxmodx_mm_i386.so:ServerActivate()
L 02/27/2025 - 22:30:20: [META] (debug:3) Calling engine_amxx_i386.so:ServerActivate()
L 02/27/2025 - 22:30:20: [META] (debug:3) Calling fakemeta_amxx_i386.so:ServerActivate()
L 02/27/2025 - 22:30:20: [META] (debug:3) Calling server.so:ServerActivate()
L 02/27/2025 - 22:30:20: [META] (debug:3) Calling amxmodx_mm_i386.so:ServerActivate_Post()
L 02/27/2025 - 22:30:20: Enemy stats: 40k health, 178+ npcs
L 02/27/2025 - 22:30:20: Started map "infested" (CRC "1856797836")
L 02/27/2025 - 22:30:20: [META] (debug:3) Calling engine_amxx_i386.so:ClientConnect()
L 02/27/2025 - 22:30:20: [META] (debug:3) Calling fun_amxx_i386.so:ClientConnect()
L 02/27/2025 - 22:30:20: [META] (debug:3) Calling server.so:ClientConnect()
L 02/27/2025 - 22:30:20: \glitch31415\STEAM_0:0:743386914\ connected from address 127.0.0.1:27005
L 02/27/2025 - 22:30:20: [META] (debug:3) Calling amxmodx_mm_i386.so:ClientConnect_Post()
L 02/27/2025 - 22:30:22: Dropped glitch31415 from server
L 02/27/2025 - 22:30:22: Reason:  Client sent 'drop'
L 02/27/2025 - 22:30:22: [META] (debug:3) Calling engine_amxx_i386.so:ClientConnect()
L 02/27/2025 - 22:30:22: [META] (debug:3) Calling fun_amxx_i386.so:ClientConnect()
L 02/27/2025 - 22:30:22: [META] (debug:3) Calling server.so:ClientConnect()
L 02/27/2025 - 22:30:22: \glitch31415\STEAM_0:0:743386914\ connected from address 127.0.0.1:27005
L 02/27/2025 - 22:30:22: [META] (debug:3) Calling amxmodx_mm_i386.so:ClientConnect_Post()
L 02/27/2025 - 22:30:22: "glitch31415<24><STEAM_0:0:743386914><>" STEAM USERID validated
L 02/27/2025 - 22:30:23: [META] (debug:3) Calling server.so:ClientPutInServer()
L 02/27/2025 - 22:30:23: [META] (debug:3) Calling engine:QueryClientCvarValue2()
L 02/27/2025 - 22:30:23: [META] (debug:3) Calling amxmodx_mm_i386.so:ClientPutInServer_Post()
L 02/27/2025 - 22:30:23: \glitch31415\STEAM_0:0:743386914\ entered the game as wireframe(76,76)
L 02/27/2025 - 22:30:23: \bot2\BOT\ connected from address 127.0.0.1
L 02/27/2025 - 22:30:23: \bot2\BOT\ entered the game as ld_gordon(195,19)
L 02/27/2025 - 22:30:23: [META] (debug:3) Calling amxmodx_mm_i386.so:CvarValue2()
L 02/27/2025 - 22:30:23: [META] (debug:3) Calling server.so:CvarValue2()
L 02/27/2025 - 22:30:23: [META] (debug:3) Calling engine:QueryClientCvarValue2()
L 02/27/2025 - 22:30:23: \bot3\BOT\ connected from address 127.0.0.1
L 02/27/2025 - 22:30:23: \bot3\BOT\ entered the game as ld_gordon(134,58)
L 02/27/2025 - 22:30:24: \bot1\BOT\ connected from address 127.0.0.1
L 02/27/2025 - 22:30:24: \bot1\BOT\ entered the game as ld_gordon(62,46)
L 02/27/2025 - 22:30:24: [META] (debug:3) Calling amxmodx_mm_i386.so:CvarValue2()
L 02/27/2025 - 22:30:24: [META] (debug:3) Calling server.so:CvarValue2()
L 02/27/2025 - 22:30:24: [META] (debug:3) Calling engine:QueryClientCvarValue2()
L 02/27/2025 - 22:30:24: [META] (debug:3) Calling amxmodx_mm_i386.so:CvarValue2()
L 02/27/2025 - 22:30:24: [META] (debug:3) Calling server.so:CvarValue2()
L 02/27/2025 - 22:30:24: [META] (debug:3) Calling engine:QueryClientCvarValue2()
L 02/27/2025 - 22:30:24: [META] (debug:3) Calling amxmodx_mm_i386.so:CvarValue2()
L 02/27/2025 - 22:30:24: [META] (debug:3) Calling server.so:CvarValue2()
L 02/27/2025 - 22:30:24: \glitch31415\STEAM_0:0:743386914\ Client version: Adrenaline Gamer (OpenGL)
L 02/27/2025 - 22:32:32: Rcon: "rcon 302500760 "5pgW37D7ad" stats" from "127.0.0.1:27005"
L 02/27/2025 - 22:32:34: Rcon: "rcon 302500760 "5pgW37D7ad" stats" from "127.0.0.1:27005"
L 02/27/2025 - 22:32:34: Rcon: "rcon 302500760 "5pgW37D7ad" stats" from "127.0.0.1:27005"
L 02/27/2025 - 22:32:34: Rcon: "rcon 302500760 "5pgW37D7ad" stats" from "127.0.0.1:27005"
L 02/27/2025 - 22:32:35: Rcon: "rcon 302500760 "5pgW37D7ad" stats" from "127.0.0.1:27005"
L 02/27/2025 - 22:32:35: Rcon: "rcon 302500760 "5pgW37D7ad" stats" from "127.0.0.1:27005"
L 02/27/2025 - 22:32:35: Rcon: "rcon 302500760 "5pgW37D7ad" stats" from "127.0.0.1:27005"
L 02/27/2025 - 22:32:36: Rcon: "rcon 302500760 "5pgW37D7ad" stats" from "127.0.0.1:27005"
L 02/27/2025 - 22:32:36: Rcon: "rcon 302500760 "5pgW37D7ad" stats" from "127.0.0.1:27005"
L 02/27/2025 - 22:32:36: Rcon: "rcon 302500760 "5pgW37D7ad" stats" from "127.0.0.1:27005"
L 02/27/2025 - 22:32:57: \glitch31415\STEAM_0:0:743386914\ killed "Security Guard #2" with "9mmAR"
L 02/27/2025 - 22:33:03: \glitch31415\STEAM_0:0:743386914\ killed "Sentry Gun" with "9mmhandgun"
L 02/27/2025 - 22:33:11: \glitch31415\STEAM_0:0:743386914\ killed "Security Guard #1" with "rpg_rocket"
L 02/27/2025 - 22:33:18: \glitch31415\STEAM_0:0:743386914\ killed "Sentry Turret" with "shotgun"
L 02/27/2025 - 22:33:32: \glitch31415\STEAM_0:0:743386914\ killed "Human Grunt" with "shotgun"
L 02/27/2025 - 22:33:52: \glitch31415\STEAM_0:0:743386914\ killed "Human Grunt" with "shotgun"
L 02/27/2025 - 22:34:26: \glitch31415\STEAM_0:0:743386914\ killed "Enemy Medic" with "shotgun"
L 02/27/2025 - 22:34:59: \glitch31415\STEAM_0:0:743386914\ killed "Human Grunt" with "shotgun"
L 02/27/2025 - 22:35:01: \glitch31415\STEAM_0:0:743386914\ killed "Human Grunt" with "shotgun"
L 02/27/2025 - 22:35:03: \glitch31415\STEAM_0:0:743386914\ killed "Human Grunt" with "shotgun"
L 02/27/2025 - 22:35:10: \glitch31415\STEAM_0:0:743386914\ killed "Sentry Turret" with "shotgun"
L 02/27/2025 - 22:35:17: \glitch31415\STEAM_0:0:743386914\ killed "Heavy Weapons Grunt" with "shotgun"
L 02/27/2025 - 22:35:18: \glitch31415\STEAM_0:0:743386914\ killed "Heavy Weapons Grunt" with "shotgun"
L 02/27/2025 - 22:36:21: \glitch31415\STEAM_0:0:743386914\ killed by "RPG Grunt"
L 02/27/2025 - 22:36:29: \glitch31415\STEAM_0:0:743386914\ killed by "RPG Grunt"
L 02/27/2025 - 22:36:35: \glitch31415\STEAM_0:0:743386914\ killed by "RPG Grunt"
L 02/27/2025 - 22:36:37: \glitch31415\STEAM_0:0:743386914\ killed by "RPG Grunt"
L 02/27/2025 - 22:36:39: \glitch31415\STEAM_0:0:743386914\ killed by "RPG Grunt"
L 02/27/2025 - 22:36:56: \glitch31415\STEAM_0:0:743386914\ killed by "RPG Grunt"
L 02/27/2025 - 22:37:01: \glitch31415\STEAM_0:0:743386914\ killed by "RPG Grunt"
L 02/27/2025 - 22:37:07: \glitch31415\STEAM_0:0:743386914\ killed "RPG Grunt" with "357"
L 02/27/2025 - 22:37:20: \glitch31415\STEAM_0:0:743386914\ killed "Sentry Turret" with "grenade"
L 02/27/2025 - 22:37:20: \glitch31415\STEAM_0:0:743386914\ killed "Sentry Turret" with "grenade"
L 02/27/2025 - 22:37:29: \glitch31415\STEAM_0:0:743386914\ killed "Sentry Turret" with "grenade"
L 02/27/2025 - 22:37:29: \glitch31415\STEAM_0:0:743386914\ killed "Human Grunt" with "grenade"
L 02/27/2025 - 22:37:29: \glitch31415\STEAM_0:0:743386914\ killed "Human Grunt" with "grenade"
L 02/27/2025 - 22:37:35: \glitch31415\STEAM_0:0:743386914\ killed "Human Grunt" with "shotgun"
L 02/27/2025 - 22:37:37: \glitch31415\STEAM_0:0:743386914\ killed "Human Grunt" with "shotgun"
L 02/27/2025 - 22:37:57: \glitch31415\STEAM_0:0:743386914\ killed "Voltigore" with "9mmhandgun"
L 02/27/2025 - 22:38:12: \glitch31415\STEAM_0:0:743386914\ killed "Human Grunt" with "shotgun"
L 02/27/2025 - 22:38:14: \glitch31415\STEAM_0:0:743386914\ killed "Human Grunt" with "shotgun"
L 02/27/2025 - 22:38:16: \glitch31415\STEAM_0:0:743386914\ killed "Human Grunt" with "shotgun"
L 02/27/2025 - 22:39:09: \glitch31415\STEAM_0:0:743386914\ killed "Security Turret" with "shotgun"
L 02/27/2025 - 22:39:17: \glitch31415\STEAM_0:0:743386914\ killed "Human Grunt" with "shotgun"
L 02/27/2025 - 22:39:51: \glitch31415\STEAM_0:0:743386914\ killed "Human Grunt" with "shotgun"
L 02/27/2025 - 22:39:57: \glitch31415\STEAM_0:0:743386914\ killed "Human Grunt" with "shotgun"
L 02/27/2025 - 22:40:00: \glitch31415\STEAM_0:0:743386914\ killed "Human Grunt" with "shotgun"
L 02/27/2025 - 22:40:03: \glitch31415\STEAM_0:0:743386914\ killed "Human Grunt" with "shotgun"
L 02/27/2025 - 22:40:05: \glitch31415\STEAM_0:0:743386914\ killed "Heavy Weapons Grunt" with "shotgun"
L 02/27/2025 - 22:40:13: \glitch31415\STEAM_0:0:743386914\ killed "Human Grunt" with "shotgun"
L 02/27/2025 - 22:40:22: \glitch31415\STEAM_0:0:743386914\ killed "Security Guard" with "shotgun"
L 02/27/2025 - 22:40:29: \glitch31415\STEAM_0:0:743386914\ killed "Sentry Turret" with "shotgun"
L 02/27/2025 - 22:40:35: \glitch31415\STEAM_0:0:743386914\ killed "Human Grunt" with "shotgun"
L 02/27/2025 - 22:40:53: \glitch31415\STEAM_0:0:743386914\ killed "Human Grunt" with "9mmAR"
L 02/27/2025 - 22:40:57: \glitch31415\STEAM_0:0:743386914\ killed "Sentry Turret" with "9mmAR"
L 02/27/2025 - 22:41:12: \glitch31415\STEAM_0:0:743386914\ killed "Human Grunt" with "grenade"
L 02/27/2025 - 22:41:12: \glitch31415\STEAM_0:0:743386914\ killed "Human Grunt" with "grenade"
L 02/27/2025 - 22:41:13: \glitch31415\STEAM_0:0:743386914\ killed "Human Grunt" with "9mmAR"
L 02/27/2025 - 22:41:16: \glitch31415\STEAM_0:0:743386914\ killed "Human Grunt" with "9mmAR"
L 02/27/2025 - 22:41:16: \glitch31415\STEAM_0:0:743386914\ killed "Human Grunt" with "9mmAR"
L 02/27/2025 - 22:41:31: \glitch31415\STEAM_0:0:743386914\ killed "Heavy Weapons Grunt" with "9mmAR"
L 02/27/2025 - 22:41:31: \glitch31415\STEAM_0:0:743386914\ killed "Heavy Weapons Grunt" with "9mmAR"
L 02/27/2025 - 22:41:34: \glitch31415\STEAM_0:0:743386914\ killed "Heavy Weapons Grunt" with "9mmAR"
L 02/27/2025 - 22:41:42: \glitch31415\STEAM_0:0:743386914\ killed "Human Grunt" with "9mmAR"
L 02/27/2025 - 22:41:58: \glitch31415\STEAM_0:0:743386914\ killed "Gonome" with "shotgun"
L 02/27/2025 - 22:42:01: \glitch31415\STEAM_0:0:743386914\ killed "Gonome" with "shotgun"
L 02/27/2025 - 22:42:07: \glitch31415\STEAM_0:0:743386914\ killed "Gonome" with "shotgun"
L 02/27/2025 - 22:42:09: \glitch31415\STEAM_0:0:743386914\ killed "Alien Slave" with "shotgun"
L 02/27/2025 - 22:42:13: \glitch31415\STEAM_0:0:743386914\ killed "Alien Slave" with "shotgun"
L 02/27/2025 - 22:42:18: \glitch31415\STEAM_0:0:743386914\ killed "Zombie" with "shotgun"
L 02/27/2025 - 22:42:20: \glitch31415\STEAM_0:0:743386914\ killed "Gonome" with "shotgun"
L 02/27/2025 - 22:42:24: \glitch31415\STEAM_0:0:743386914\ killed "Gonome" with "9mmAR"
L 02/27/2025 - 22:42:25: \glitch31415\STEAM_0:0:743386914\ killed "Alien Slave" with "9mmAR"
L 02/27/2025 - 22:42:27: \glitch31415\STEAM_0:0:743386914\ killed "Voltigore" with "9mmAR"
L 02/27/2025 - 22:42:30: \glitch31415\STEAM_0:0:743386914\ killed "Alien Slave" with "9mmAR"
L 02/27/2025 - 22:43:32: Rcon: "rcon 302500760 "5pgW37D7ad" changelevel d1_trainstation_02_sandbox" from "127.0.0.1:27005"
L 02/27/2025 - 22:43:32: [META] (debug:3) Calling amxmodx_mm_i386.so:ClientDisconnect()
L 02/27/2025 - 22:43:32: [META] (debug:3) Calling engine_amxx_i386.so:ClientDisconnect()
L 02/27/2025 - 22:43:32: [META] (debug:3) Calling server.so:ClientDisconnect()
L 02/27/2025 - 22:43:32: \bot2\BOT\ disconnected
L 02/27/2025 - 22:43:32: Dropped bot2 from server
L 02/27/2025 - 22:43:32: Reason:  Dropping fakeclient on level change
L 02/27/2025 - 22:43:32: [META] (debug:3) Calling amxmodx_mm_i386.so:ClientDisconnect()
L 02/27/2025 - 22:43:32: [META] (debug:3) Calling engine_amxx_i386.so:ClientDisconnect()
L 02/27/2025 - 22:43:32: [META] (debug:3) Calling server.so:ClientDisconnect()
L 02/27/2025 - 22:43:32: \bot3\BOT\ disconnected
L 02/27/2025 - 22:43:32: Dropped bot3 from server
L 02/27/2025 - 22:43:32: Reason:  Dropping fakeclient on level change
L 02/27/2025 - 22:43:32: [META] (debug:3) Calling amxmodx_mm_i386.so:ClientDisconnect()
L 02/27/2025 - 22:43:32: [META] (debug:3) Calling engine_amxx_i386.so:ClientDisconnect()
L 02/27/2025 - 22:43:32: [META] (debug:3) Calling server.so:ClientDisconnect()
L 02/27/2025 - 22:43:32: \bot1\BOT\ disconnected
L 02/27/2025 - 22:43:32: Dropped bot1 from server
L 02/27/2025 - 22:43:32: Reason:  Dropping fakeclient on level change
L 02/27/2025 - 22:43:32: [META] (debug:3) Calling amxmodx_mm_i386.so:ServerDeactivate()
L 02/27/2025 - 22:43:32: [META] (debug:3) Calling engine_amxx_i386.so:ServerDeactivate()
L 02/27/2025 - 22:43:32: [META] (debug:3) Calling server.so:ServerDeactivate()
L 02/27/2025 - 22:43:32: \glitch31415\STEAM_0:0:743386914\ 352 points, 7 deaths
L 02/27/2025 - 22:43:32: [META] (debug:3) Calling amxmodx_mm_i386.so:ServerDeactivate_Post()
L 02/27/2025 - 22:43:32: [META] (debug:3) Calling fakemeta_amxx_i386.so:ServerDeactivate_Post()
L 02/27/2025 - 22:43:32: [META] ini: Begin re-reading plugins list: /home/glitch/.steam/debian-installation/steamapps/common/hlds/valve/addons/metamod/plugins.ini
L 02/27/2025 - 22:43:32: [META] ini: Read plugin config for: AMX Mod X
L 02/27/2025 - 22:43:32: [META] ini: Finished reading plugins list: /home/glitch/.steam/debian-installation/steamapps/common/hlds/valve/addons/metamod/plugins.ini; Found 1 plugins
L 02/27/2025 - 22:43:32: [META] dll: Updating plugins...
L 02/27/2025 - 22:43:32: [META] (debug:1) Keeping plugin 'AMX Mod X'
L 02/27/2025 - 22:43:32: [META] dll: Finished updating 5 plugins; kept 1, loaded 0, unloaded 0, reloaded 0, delayed 0
L 02/27/2025 - 22:43:32: [META] (debug:3) Calling amxmodx_mm_i386.so:ClientDisconnect()
L 02/27/2025 - 22:43:32: [META] (debug:3) Calling engine_amxx_i386.so:ClientDisconnect()
L 02/27/2025 - 22:43:32: [META] (debug:3) Calling server.so:ClientDisconnect()
L 02/27/2025 - 22:43:32: \glitch31415\STEAM_0:0:743386914\ disconnected with 352 points
L 02/27/2025 - 22:43:32: Log file closed

-------------------------------------------------------------------------------

