L 02/28/2025 - 12:59:01: Log file started (file "logs/L0228007.log") (game "valve") (version "48/1.1.2.2/Stdio/3897")
L 02/28/2025 - 12:59:01: Loading map "d1_trainstation_02_sandbox"
L 02/28/2025 - 12:59:01: Server cvar "mp_soundvariety" = "0"
L 02/28/2025 - 12:59:01: Server cvar "mp_soundvariety" = "1"
L 02/28/2025 - 12:59:01: [META] (debug:3) user message registered again: name=VoiceMask, msgid=64
L 02/28/2025 - 12:59:01: [META] (debug:3) user message registered again: name=ReqState, msgid=65
L 02/28/2025 - 12:59:01: [META] (debug:3) Calling amxmodx_mm_i386.so:ServerActivate()
L 02/28/2025 - 12:59:01: [META] (debug:3) Calling engine_amxx_i386.so:ServerActivate()
L 02/28/2025 - 12:59:01: [META] (debug:3) Calling fakemeta_amxx_i386.so:ServerActivate()
L 02/28/2025 - 12:59:01: [META] (debug:3) Calling server.so:ServerActivate()
L 02/28/2025 - 12:59:01: Server cvar "mp_nextmap" = "d1_town_01_sandbox"
L 02/28/2025 - 12:59:01: [META] (debug:3) Calling amxmodx_mm_i386.so:ServerActivate_Post()
L 02/28/2025 - 12:59:01: Server cvar "amx_nextmap" = "boot_camp_sandbox"
L 02/28/2025 - 12:59:01: Enemy stats: 0k health, 0 npcs
L 02/28/2025 - 12:59:01: Started map "d1_trainstation_02_sandbox" (CRC "652026196")
L 02/28/2025 - 12:59:01: [META] (debug:3) Calling engine_amxx_i386.so:ClientConnect()
L 02/28/2025 - 12:59:01: [META] (debug:3) Calling fun_amxx_i386.so:ClientConnect()
L 02/28/2025 - 12:59:01: [META] (debug:3) Calling server.so:ClientConnect()
L 02/28/2025 - 12:59:01: \glitch31415\STEAM_0:0:743386914\ connected from address 127.0.0.1:27005
L 02/28/2025 - 12:59:01: [META] (debug:3) Calling amxmodx_mm_i386.so:ClientConnect_Post()
L 02/28/2025 - 12:59:02: Dropped glitch31415 from server
L 02/28/2025 - 12:59:02: Reason:  Client sent 'drop'
L 02/28/2025 - 12:59:03: [META] (debug:3) Calling engine_amxx_i386.so:ClientConnect()
L 02/28/2025 - 12:59:03: [META] (debug:3) Calling fun_amxx_i386.so:ClientConnect()
L 02/28/2025 - 12:59:03: [META] (debug:3) Calling server.so:ClientConnect()
L 02/28/2025 - 12:59:03: \glitch31415\STEAM_0:0:743386914\ connected from address 127.0.0.1:27005
L 02/28/2025 - 12:59:03: [META] (debug:3) Calling amxmodx_mm_i386.so:ClientConnect_Post()
L 02/28/2025 - 12:59:03: "glitch31415<6><STEAM_0:0:743386914><>" STEAM USERID validated
L 02/28/2025 - 12:59:04: \bot1\BOT\ connected from address 127.0.0.1
L 02/28/2025 - 12:59:04: \bot1\BOT\ entered the game as ld_gordon(10,169)
L 02/28/2025 - 12:59:04: \bot2\BOT\ connected from address 127.0.0.1
L 02/28/2025 - 12:59:04: \bot2\BOT\ entered the game as ld_gordon(125,237)
L 02/28/2025 - 12:59:04: \bot3\BOT\ connected from address 127.0.0.1
L 02/28/2025 - 12:59:04: \bot3\BOT\ entered the game as ld_gordon(239,76)
L 02/28/2025 - 12:59:04: [META] (debug:3) Calling server.so:ClientPutInServer()
L 02/28/2025 - 12:59:04: [META] (debug:3) Calling engine:QueryClientCvarValue2()
L 02/28/2025 - 12:59:04: [META] (debug:3) Calling amxmodx_mm_i386.so:ClientPutInServer_Post()
L 02/28/2025 - 12:59:04: \glitch31415\STEAM_0:0:743386914\ entered the game as wireframe(76,76)
L 02/28/2025 - 12:59:04: [META] (debug:3) Calling amxmodx_mm_i386.so:CvarValue2()
L 02/28/2025 - 12:59:04: [META] (debug:3) Calling server.so:CvarValue2()
L 02/28/2025 - 12:59:04: [META] (debug:3) Calling engine:QueryClientCvarValue2()
L 02/28/2025 - 12:59:05: [META] (debug:3) Calling amxmodx_mm_i386.so:CvarValue2()
L 02/28/2025 - 12:59:05: [META] (debug:3) Calling server.so:CvarValue2()
L 02/28/2025 - 12:59:05: [META] (debug:3) Calling engine:QueryClientCvarValue2()
L 02/28/2025 - 12:59:05: [META] (debug:3) Calling amxmodx_mm_i386.so:CvarValue2()
L 02/28/2025 - 12:59:05: [META] (debug:3) Calling server.so:CvarValue2()
L 02/28/2025 - 12:59:05: [META] (debug:3) Calling engine:QueryClientCvarValue2()
L 02/28/2025 - 12:59:05: [META] (debug:3) Calling amxmodx_mm_i386.so:CvarValue2()
L 02/28/2025 - 12:59:05: [META] (debug:3) Calling server.so:CvarValue2()
L 02/28/2025 - 12:59:05: \glitch31415\STEAM_0:0:743386914\ Client version: Adrenaline Gamer (OpenGL)
L 02/28/2025 - 12:59:12: \glitch31415\STEAM_0:0:743386914\ killed "Scientist" with "9mmAR"
L 02/28/2025 - 12:59:13: \glitch31415\STEAM_0:0:743386914\ killed "Scientist" with "9mmAR"
L 02/28/2025 - 12:59:20: \glitch31415\STEAM_0:0:743386914\ killed "Scientist" with "9mmAR"
L 02/28/2025 - 12:59:59: \glitch31415\STEAM_0:0:743386914\ killed "Scientist" with "shotgun"
L 02/28/2025 - 13:00:07: \glitch31415\STEAM_0:0:743386914\ killed "Scientist" with "shotgun"
L 02/28/2025 - 13:00:34: \glitch31415\STEAM_0:0:743386914\ killed "Human Grunt" with "9mmhandgun"
L 02/28/2025 - 13:04:26: \glitch31415\STEAM_0:0:743386914\ killed "Scientist" with "grenade"
L 02/28/2025 - 13:04:26: \glitch31415\STEAM_0:0:743386914\ killed "Zombie" with "grenade"
L 02/28/2025 - 13:05:06: [META] (debug:3) Calling amxmodx_mm_i386.so:ClientDisconnect()
L 02/28/2025 - 13:05:06: [META] (debug:3) Calling engine_amxx_i386.so:ClientDisconnect()
L 02/28/2025 - 13:05:06: [META] (debug:3) Calling server.so:ClientDisconnect()
L 02/28/2025 - 13:05:06: \glitch31415\STEAM_0:0:743386914\ disconnected with 18 points
L 02/28/2025 - 13:05:06: Dropped glitch31415 from server
L 02/28/2025 - 13:05:06: Reason:  Client sent 'drop'
L 02/28/2025 - 13:14:20: [META] (debug:3) Calling engine_amxx_i386.so:ClientConnect()
L 02/28/2025 - 13:14:20: [META] (debug:3) Calling fun_amxx_i386.so:ClientConnect()
L 02/28/2025 - 13:14:20: [META] (debug:3) Calling server.so:ClientConnect()
L 02/28/2025 - 13:14:20: \glitch31415\STEAM_0:0:743386914\ connected from address 127.0.0.1:27005
L 02/28/2025 - 13:14:20: [META] (debug:3) Calling amxmodx_mm_i386.so:ClientConnect_Post()
L 02/28/2025 - 13:14:20: "glitch31415<10><STEAM_0:0:743386914><>" STEAM USERID validated
L 02/28/2025 - 13:14:22: Dropped glitch31415 from server
L 02/28/2025 - 13:14:22: Reason:  Client sent 'drop'
L 02/28/2025 - 13:14:22: [META] (debug:3) Calling engine_amxx_i386.so:ClientConnect()
L 02/28/2025 - 13:14:22: [META] (debug:3) Calling fun_amxx_i386.so:ClientConnect()
L 02/28/2025 - 13:14:22: [META] (debug:3) Calling server.so:ClientConnect()
L 02/28/2025 - 13:14:22: \glitch31415\STEAM_0:0:743386914\ connected from address 127.0.0.1:27005
L 02/28/2025 - 13:14:22: [META] (debug:3) Calling amxmodx_mm_i386.so:ClientConnect_Post()
L 02/28/2025 - 13:14:22: "glitch31415<11><STEAM_0:0:743386914><>" STEAM USERID validated
L 02/28/2025 - 13:14:25: [META] (debug:3) Calling server.so:ClientPutInServer()
L 02/28/2025 - 13:14:25: [META] (debug:3) Calling engine:QueryClientCvarValue2()
L 02/28/2025 - 13:14:25: [META] (debug:3) Calling amxmodx_mm_i386.so:ClientPutInServer_Post()
L 02/28/2025 - 13:14:25: \glitch31415\STEAM_0:0:743386914\ entered the game as wireframe(76,76)
L 02/28/2025 - 13:14:25: [META] (debug:3) Calling amxmodx_mm_i386.so:CvarValue2()
L 02/28/2025 - 13:14:25: [META] (debug:3) Calling server.so:CvarValue2()
L 02/28/2025 - 13:14:25: [META] (debug:3) Calling engine:QueryClientCvarValue2()
L 02/28/2025 - 13:14:25: [META] (debug:3) Calling amxmodx_mm_i386.so:CvarValue2()
L 02/28/2025 - 13:14:25: [META] (debug:3) Calling server.so:CvarValue2()
L 02/28/2025 - 13:14:25: [META] (debug:3) Calling engine:QueryClientCvarValue2()
L 02/28/2025 - 13:14:25: [META] (debug:3) Calling amxmodx_mm_i386.so:CvarValue2()
L 02/28/2025 - 13:14:25: [META] (debug:3) Calling server.so:CvarValue2()
L 02/28/2025 - 13:14:25: [META] (debug:3) Calling engine:QueryClientCvarValue2()
L 02/28/2025 - 13:14:25: [META] (debug:3) Calling amxmodx_mm_i386.so:CvarValue2()
L 02/28/2025 - 13:14:25: [META] (debug:3) Calling server.so:CvarValue2()
L 02/28/2025 - 13:14:25: \glitch31415\STEAM_0:0:743386914\ Client version: Adrenaline Gamer (OpenGL)
L 02/28/2025 - 13:14:41: \glitch31415\STEAM_0:0:743386914\ killed "Scientist" with "9mmAR"
L 02/28/2025 - 13:14:41: \glitch31415\STEAM_0:0:743386914\ killed "Scientist" with "9mmAR"
L 02/28/2025 - 13:14:42: \glitch31415\STEAM_0:0:743386914\ killed "Scientist" with "9mmAR"
L 02/28/2025 - 13:15:26: \glitch31415\STEAM_0:0:743386914\ killed "Scientist" with "grenade"
L 02/28/2025 - 13:15:26: \glitch31415\STEAM_0:0:743386914\ killed "Scientist" with "grenade"
L 02/28/2025 - 13:23:51: \glitch31415\STEAM_0:0:743386914\ killed "Human Grunt" with "357"
L 02/28/2025 - 13:29:26: \glitch31415\STEAM_0:0:743386914\ killed by "Vehicle"
L 02/28/2025 - 13:32:12: [META] (debug:3) Calling amxmodx_mm_i386.so:ClientDisconnect()
L 02/28/2025 - 13:32:12: [META] (debug:3) Calling engine_amxx_i386.so:ClientDisconnect()
L 02/28/2025 - 13:32:12: [META] (debug:3) Calling server.so:ClientDisconnect()
L 02/28/2025 - 13:32:12: \glitch31415\STEAM_0:0:743386914\ disconnected with 24 points
L 02/28/2025 - 13:32:12: Dropped glitch31415 from server
L 02/28/2025 - 13:32:12: Reason:  Client sent 'drop'
L 02/28/2025 - 15:53:56: [META] (debug:3) Calling engine_amxx_i386.so:ClientConnect()
L 02/28/2025 - 15:53:56: [META] (debug:3) Calling fun_amxx_i386.so:ClientConnect()
L 02/28/2025 - 15:53:56: [META] (debug:3) Calling server.so:ClientConnect()
L 02/28/2025 - 15:53:56: \glitch31415\STEAM_0:0:743386914\ connected from address 127.0.0.1:27005
L 02/28/2025 - 15:53:56: [META] (debug:3) Calling amxmodx_mm_i386.so:ClientConnect_Post()
L 02/28/2025 - 15:53:56: "glitch31415<12><STEAM_0:0:743386914><>" STEAM USERID validated
L 02/28/2025 - 15:53:57: Dropped glitch31415 from server
L 02/28/2025 - 15:53:57: Reason:  Client sent 'drop'
L 02/28/2025 - 15:53:58: [META] (debug:3) Calling engine_amxx_i386.so:ClientConnect()
L 02/28/2025 - 15:53:58: [META] (debug:3) Calling fun_amxx_i386.so:ClientConnect()
L 02/28/2025 - 15:53:58: [META] (debug:3) Calling server.so:ClientConnect()
L 02/28/2025 - 15:53:58: \glitch31415\STEAM_0:0:743386914\ connected from address 127.0.0.1:27005
L 02/28/2025 - 15:53:58: [META] (debug:3) Calling amxmodx_mm_i386.so:ClientConnect_Post()
L 02/28/2025 - 15:53:58: "glitch31415<13><STEAM_0:0:743386914><>" STEAM USERID validated
L 02/28/2025 - 15:54:00: [META] (debug:3) Calling server.so:ClientPutInServer()
L 02/28/2025 - 15:54:00: [META] (debug:3) Calling engine:QueryClientCvarValue2()
L 02/28/2025 - 15:54:00: [META] (debug:3) Calling amxmodx_mm_i386.so:ClientPutInServer_Post()
L 02/28/2025 - 15:54:00: \glitch31415\STEAM_0:0:743386914\ entered the game as wireframe(76,76)
L 02/28/2025 - 15:54:00: [META] (debug:3) Calling amxmodx_mm_i386.so:CvarValue2()
L 02/28/2025 - 15:54:00: [META] (debug:3) Calling server.so:CvarValue2()
L 02/28/2025 - 15:54:00: [META] (debug:3) Calling engine:QueryClientCvarValue2()
L 02/28/2025 - 15:54:00: [META] (debug:3) Calling amxmodx_mm_i386.so:CvarValue2()
L 02/28/2025 - 15:54:00: [META] (debug:3) Calling server.so:CvarValue2()
L 02/28/2025 - 15:54:00: [META] (debug:3) Calling engine:QueryClientCvarValue2()
L 02/28/2025 - 15:54:00: [META] (debug:3) Calling amxmodx_mm_i386.so:CvarValue2()
L 02/28/2025 - 15:54:00: [META] (debug:3) Calling server.so:CvarValue2()
L 02/28/2025 - 15:54:00: [META] (debug:3) Calling engine:QueryClientCvarValue2()
L 02/28/2025 - 15:54:00: [META] (debug:3) Calling amxmodx_mm_i386.so:CvarValue2()
L 02/28/2025 - 15:54:00: [META] (debug:3) Calling server.so:CvarValue2()
L 02/28/2025 - 15:54:00: \glitch31415\STEAM_0:0:743386914\ Client version: Adrenaline Gamer (OpenGL)
L 02/28/2025 - 15:55:09: \glitch31415\STEAM_0:0:743386914\ killed "Human Grunt" with "skull"
L 02/28/2025 - 15:56:18: \glitch31415\STEAM_0:0:743386914\ killed "Scientist" with "grenade"
L 02/28/2025 - 15:56:18: \glitch31415\STEAM_0:0:743386914\ killed "Human Grunt" with "grenade"
L 02/28/2025 - 15:56:18: \glitch31415\STEAM_0:0:743386914\ killed "Human Grunt" with "grenade"
L 02/28/2025 - 15:56:18: \glitch31415\STEAM_0:0:743386914\ killed "Human Grunt" with "grenade"
L 02/28/2025 - 15:56:18: \glitch31415\STEAM_0:0:743386914\ killed "Human Grunt" with "grenade"
L 02/28/2025 - 15:58:22: \glitch31415\STEAM_0:0:743386914\ killed "Scientist" with "crowbar"
L 02/28/2025 - 15:58:25: \glitch31415\STEAM_0:0:743386914\ killed "Scientist" with "crowbar"
L 02/28/2025 - 15:58:38: \glitch31415\STEAM_0:0:743386914\ killed "Scientist" with "crowbar"
L 02/28/2025 - 15:58:45: \glitch31415\STEAM_0:0:743386914\ killed by "Vehicle"
L 02/28/2025 - 15:59:00: \glitch31415\STEAM_0:0:743386914\ killed "Human Grunt" with "shotgun"
L 02/28/2025 - 15:59:02: \glit