L 02/27/2025 - 19:31:40: Log file started (file "logs/L0227037.log") (game "valve") (version "48/1.1.2.2/Stdio/3897")
L 02/27/2025 - 19:31:40: Loading map "d1_trainstation_02_sandbox"
L 02/27/2025 - 19:31:40: Server cvar "mp_soundvariety" = "0"
L 02/27/2025 - 19:31:40: Server cvar "mp_soundvariety" = "1"
L 02/27/2025 - 19:31:40: [META] (debug:3) user message registered again: name=VoiceMask, msgid=64
L 02/27/2025 - 19:31:40: [META] (debug:3) user message registered again: name=ReqState, msgid=65
L 02/27/2025 - 19:31:40: [META] (debug:3) Calling amxmodx_mm_i386.so:ServerActivate()
L 02/27/2025 - 19:31:40: [META] (debug:3) Calling engine_amxx_i386.so:ServerActivate()
L 02/27/2025 - 19:31:40: [META] (debug:3) Calling fakemeta_amxx_i386.so:ServerActivate()
L 02/27/2025 - 19:31:40: [META] (debug:3) Calling server.so:ServerActivate()
L 02/27/2025 - 19:31:40: Server cvar "mp_nextmap" = "d1_town_01_sandbox"
L 02/27/2025 - 19:31:40: [META] (debug:3) Calling amxmodx_mm_i386.so:ServerActivate_Post()
L 02/27/2025 - 19:31:40: Server cvar "amx_nextmap" = "chaos_sandbox"
L 02/27/2025 - 19:31:40: Enemy stats: 0k health, 0 npcs
L 02/27/2025 - 19:31:40: Started map "d1_trainstation_02_sandbox" (CRC "652026196")
L 02/27/2025 - 19:31:40: [META] (debug:3) Calling engine_amxx_i386.so:ClientConnect()
L 02/27/2025 - 19:31:40: [META] (debug:3) Calling fun_amxx_i386.so:ClientConnect()
L 02/27/2025 - 19:31:40: [META] (debug:3) Calling server.so:ClientConnect()
L 02/27/2025 - 19:31:40: \glitch31415\STEAM_0:0:743386914\ connected from address 127.0.0.1:27005
L 02/27/2025 - 19:31:40: [META] (debug:3) Calling amxmodx_mm_i386.so:ClientConnect_Post()
L 02/27/2025 - 19:31:42: Dropped glitch31415 from server
L 02/27/2025 - 19:31:42: Reason:  Client sent 'drop'
L 02/27/2025 - 19:31:42: [META] (debug:3) Calling engine_amxx_i386.so:ClientConnect()
L 02/27/2025 - 19:31:42: [META] (debug:3) Calling fun_amxx_i386.so:ClientConnect()
L 02/27/2025 - 19:31:42: [META] (debug:3) Calling server.so:ClientConnect()
L 02/27/2025 - 19:31:42: \glitch31415\STEAM_0:0:743386914\ connected from address 127.0.0.1:27005
L 02/27/2025 - 19:31:42: [META] (debug:3) Calling amxmodx_mm_i386.so:ClientConnect_Post()
L 02/27/2025 - 19:31:42: "glitch31415<6><STEAM_0:0:743386914><>" STEAM USERID validated
L 02/27/2025 - 19:31:43: \bot3\BOT\ connected from address 127.0.0.1
L 02/27/2025 - 19:31:43: \bot3\BOT\ entered the game as ld_gordon(11,248)
L 02/27/2025 - 19:31:44: \bot1\BOT\ connected from address 127.0.0.1
L 02/27/2025 - 19:31:44: \bot1\BOT\ entered the game as ld_gordon(128,44)
L 02/27/2025 - 19:31:44: \bot2\BOT\ connected from address 127.0.0.1
L 02/27/2025 - 19:31:44: \bot2\BOT\ entered the game as ld_gordon(215,52)
L 02/27/2025 - 19:31:44: [META] (debug:3) Calling server.so:ClientPutInServer()
L 02/27/2025 - 19:31:44: [META] (debug:3) Calling engine:QueryClientCvarValue2()
L 02/27/2025 - 19:31:44: [META] (debug:3) Calling amxmodx_mm_i386.so:ClientPutInServer_Post()
L 02/27/2025 - 19:31:44: \glitch31415\STEAM_0:0:743386914\ entered the game as wireframe(76,76)
L 02/27/2025 - 19:31:44: [META] (debug:3) Calling amxmodx_mm_i386.so:CvarValue2()
L 02/27/2025 - 19:31:44: [META] (debug:3) Calling server.so:CvarValue2()
L 02/27/2025 - 19:31:44: [META] (debug:3) Calling engine:QueryClientCvarValue2()
L 02/27/2025 - 19:31:44: [META] (debug:3) Calling amxmodx_mm_i386.so:CvarValue2()
L 02/27/2025 - 19:31:44: [META] (debug:3) Calling server.so:CvarValue2()
L 02/27/2025 - 19:31:44: [META] (debug:3) Calling engine:QueryClientCvarValue2()
L 02/27/2025 - 19:31:44: [META] (debug:3) Calling amxmodx_mm_i386.so:CvarValue2()
L 02/27/2025 - 19:31:44: [META] (debug:3) Calling server.so:CvarValue2()
L 02/27/2025 - 19:31:44: [META] (debug:3) Calling engine:QueryClientCvarValue2()
L 02/27/2025 - 19:31:44: [META] (debug:3) Calling amxmodx_mm_i386.so:CvarValue2()
L 02/27/2025 - 19:31:44: [META] (debug:3) Calling server.so:CvarValue2()
L 02/27/2025 - 19:31:44: \glitch31415\STEAM_0:0:743386914\ Client version: Adrenaline Gamer (OpenGL)
L 02/27/2025 - 19:31:55: \glitch31415\STEAM_0:0:743386914\ killed "Human Grunt" with "9mmhandgun"
L 02/27/2025 - 19:34:43: \glitch31415\STEAM_0:0:743386914\ killed by "Vehicle"
L 02/27/2025 - 19:34:54: \glitch31415\STEAM_0:0:743386914\ killed "Human Grunt" with "9mmhandgun"
L 02/27/2025 - 19:35:00: \glitch31415\STEAM_0:0:743386914\ killed "Human Grunt" with "9mmhandgun"
L 02/27/2025 - 19:40:27: \glitch31415\STEAM_0:0:743386914\ killed "Scientist" with "9mmhandgun"
L 02/27/2025 - 19:41:03: \glitch31415\STEAM_0:0:743386914\ killed "Barney" with "9mmhandgun"
L 02/27/2025 - 19:49:42: Rcon: "rcon 1826472857 "5pgW37D7ad" restart" from "127.0.0.1:27005"
L 02/27/2025 - 19:49:42: [META] (debug:3) Calling amxmodx_mm_i386.so:ClientDisconnect()
L 02/27/2025 - 19:49:42: [META] (debug:3) Calling engine_amxx_i386.so:ClientDisconnect()
L 02/27/2025 - 19:49:42: [META] (debug:3) Calling server.so:ClientDisconnect()
L 02/27/2025 - 19:49:42: \bot3\BOT\ disconnected
L 02/27/2025 - 19:49:42: Dropped bot3 from server
L 02/27/2025 - 19:49:42: Reason:  Dropping fakeclient on level change
L 02/27/2025 - 19:49:42: [META] (debug:3) Calling amxmodx_mm_i386.so:ClientDisconnect()
L 02/27/2025 - 19:49:42: [META] (debug:3) Calling engine_amxx_i386.so:ClientDisconnect()
L 02/27/2025 - 19:49:42: [META] (debug:3) Calling server.so:ClientDisconnect()
L 02/27/2025 - 19:49:42: \bot1\BOT\ disconnected
L 02/27/2025 - 19:49:42: Dropped bot1 from server
L 02/27/2025 - 19:49:42: Reason:  Dropping fakeclient on level change
L 02/27/2025 - 19:49:42: [META] (debug:3) Calling amxmodx_mm_i386.so:ClientDisconnect()
L 02/27/2025 - 19:49:42: [META] (debug:3) Calling engine_amxx_i386.so:ClientDisconnect()
L 02/27/2025 - 19:49:42: [META] (debug:3) Calling server.so:ClientDisconnect()
L 02/27/2025 - 19:49:42: \bot2\BOT\ disconnected
L 02/27/2025 - 19:49:42: Dropped bot2 from server
L 02/27/2025 - 19:49:42: Reason:  Dropping fakeclient on level change
L 02/27/2025 - 19:49:42: [META] (debug:3) Calling amxmodx_mm_i386.so:ServerDeactivate()
L 02/27/2025 - 19:49:42: [META] (debug:3) Calling engine_amxx_i386.so:ServerDeactivate()
L 02/27/2025 - 19:49:42: [META] (debug:3) Calling server.so:ServerDeactivate()
L 02/27/2025 - 19:49:42: \glitch31415\STEAM_0:0:743386914\ 16 points, 1 deaths
L 02/27/2025 - 19:49:42: [META] (debug:3) Calling amxmodx_mm_i386.so:ServerDeactivate_Post()
L 02/27/2025 - 19:49:42: [META] (debug:3) Calling fakemeta_amxx_i386.so:ServerDeactivate_Post()
L 02/27/2025 - 19:49:42: [META] ini: Begin re-reading plugins list: /home/glitch/.steam/debian-installation/steamapps/common/hlds/valve/addons/metamod/plugins.ini
L 02/27/2025 - 19:49:42: [META] ini: Read plugin config for: AMX Mod X
L 02/27/2025 - 19:49:42: [META] ini: Finished reading plugins list: /home/glitch/.steam/debian-installation/steamapps/common/hlds/valve/addons/metamod/plugins.ini; Found 1 plugins
L 02/27/2025 - 19:49:42: [META] dll: Updating plugins...
L 02/27/2025 - 19:49:42: [META] (debug:1) Keeping plugin 'AMX Mod X'
L 02/27/2025 - 19:49:42: [META] dll: Finished updating 5 plugins; kept 1, loaded 0, unloaded 0, reloaded 0, delayed 0
L 02/27/2025 - 19:49:42: [META] (debug:3) Calling amxmodx_mm_i386.so:ClientDisconnect()
L 02/27/2025 - 19:49:42: [META] (debug:3) Calling engine_amxx_i386.so:ClientDisconnect()
L 02/27/2025 - 19:49:42: [META] (debug:3) Calling server.so:ClientDisconnect()
L 02/27/2025 - 19:49:42: \glitch31415\STEAM_0:0:743386914\ disconnected with 16 points
L 02/27/2025 - 19:49:42: Log file closed

-------------------------------------------------------------------------------

