L 02/27/2025 - 17:39:08: Log file started (file "logs/L0227011.log") (game "valve") (version "48/1.1.2.2/Stdio/3897")
L 02/27/2025 - 17:39:08: Loading map "d1_trainstation_02"
L 02/27/2025 - 17:39:08: Server cvar "mp_soundvariety" = "0"
L 02/27/2025 - 17:39:08: Server cvar "mp_soundvariety" = "1"
L 02/27/2025 - 17:39:08: [META] (debug:3) user message registered again: name=VoiceMask, msgid=64
L 02/27/2025 - 17:39:08: [META] (debug:3) user message registered again: name=ReqState, msgid=65
L 02/27/2025 - 17:39:08: [META] ERROR: Couldn't find game entity 'env_model' in game DLL 'valve': /home/glitch/.steam/debian-installation/steamapps/common/hlds/valve/dlls/server.so: undefined symbol: env_model
L 02/27/2025 - 17:39:08: [META] ERROR: Couldn't find game entity 'motion_manager' in game DLL 'valve': /home/glitch/.steam/debian-installation/steamapps/common/hlds/valve/dlls/server.so: undefined symbol: motion_manager
L 02/27/2025 - 17:39:08: [META] (debug:3) Calling amxmodx_mm_i386.so:ServerActivate()
L 02/27/2025 - 17:39:08: [META] (debug:3) Calling engine_amxx_i386.so:ServerActivate()
L 02/27/2025 - 17:39:08: [META] (debug:3) Calling fakemeta_amxx_i386.so:ServerActivate()
L 02/27/2025 - 17:39:08: [META] (debug:3) Calling server.so:ServerActivate()
L 02/27/2025 - 17:39:08: Server cvar "mp_nextmap" = "d1_town_01"
L 02/27/2025 - 17:39:08: [META] (debug:3) Calling amxmodx_mm_i386.so:ServerActivate_Post()
L 02/27/2025 - 17:39:08: Server cvar "amx_nextmap" = "e1m1"
L 02/27/2025 - 17:39:09: Enemy stats: 0k health, 0 npcs
L 02/27/2025 - 17:39:09: Started map "d1_trainstation_02" (CRC "652026196")
L 02/27/2025 - 17:39:09: [META] (debug:3) Calling engine_amxx_i386.so:ClientConnect()
L 02/27/2025 - 17:39:09: [META] (debug:3) Calling fun_amxx_i386.so:ClientConnect()
L 02/27/2025 - 17:39:09: [META] (debug:3) Calling server.so:ClientConnect()
L 02/27/2025 - 17:39:09: \glitch31415\STEAM_0:0:743386914\ connected from address 127.0.0.1:27005
L 02/27/2025 - 17:39:09: [META] (debug:3) Calling amxmodx_mm_i386.so:ClientConnect_Post()
L 02/27/2025 - 17:39:10: Dropped glitch31415 from server
L 02/27/2025 - 17:39:10: Reason:  Client sent 'drop'
L 02/27/2025 - 17:39:11: [META] (debug:3) Calling engine_amxx_i386.so:ClientConnect()
L 02/27/2025 - 17:39:11: [META] (debug:3) Calling fun_amxx_i386.so:ClientConnect()
L 02/27/2025 - 17:39:11: [META] (debug:3) Calling server.so:ClientConnect()
L 02/27/2025 - 17:39:11: \glitch31415\STEAM_0:0:743386914\ connected from address 127.0.0.1:27005
L 02/27/2025 - 17:39:11: [META] (debug:3) Calling amxmodx_mm_i386.so:ClientConnect_Post()
L 02/27/2025 - 17:39:11: "glitch31415<6><STEAM_0:0:743386914><>" STEAM USERID validated
L 02/27/2025 - 17:39:12: \bot2\BOT\ connected from address 127.0.0.1
L 02/27/2025 - 17:39:12: \bot2\BOT\ entered the game as ld_gordon(8,253)
L 02/27/2025 - 17:39:12: \bot3\BOT\ connected from address 127.0.0.1
L 02/27/2025 - 17:39:12: \bot3\BOT\ entered the game as ld_gordon(148,183)
L 02/27/2025 - 17:39:12: \bot1\BOT\ connected from address 127.0.0.1
L 02/27/2025 - 17:39:12: \bot1\BOT\ entered the game as ld_gordon(214,161)
L 02/27/2025 - 17:39:12: [META] (debug:3) Calling server.so:ClientPutInServer()
L 02/27/2025 - 17:39:12: [META] (debug:3) Calling engine:QueryClientCvarValue2()
L 02/27/2025 - 17:39:12: [META] (debug:3) Calling amxmodx_mm_i386.so:ClientPutInServer_Post()
L 02/27/2025 - 17:39:12: \glitch31415\STEAM_0:0:743386914\ entered the game as wireframe(76,76)
L 02/27/2025 - 17:39:12: [META] (debug:3) Calling amxmodx_mm_i386.so:CvarValue2()
L 02/27/2025 - 17:39:12: [META] (debug:3) Calling server.so:CvarValue2()
L 02/27/2025 - 17:39:12: [META] (debug:3) Calling engine:QueryClientCvarValue2()
L 02/27/2025 - 17:39:13: [META] (debug:3) Calling amxmodx_mm_i386.so:CvarValue2()
L 02/27/2025 - 17:39:13: [META] (debug:3) Calling server.so:CvarValue2()
L 02/27/2025 - 17:39:13: [META] (debug:3) Calling engine:QueryClientCvarValue2()
L 02/27/2025 - 17:39:13: [META] (debug:3) Calling amxmodx_mm_i386.so:CvarValue2()
L 02/27/2025 - 17:39:13: [META] (debug:3) Calling server.so:CvarValue2()
L 02/27/2025 - 17:39:13: [META] (debug:3) Calling engine:QueryClientCvarValue2()
L 02/27/2025 - 17:39:13: [META] (debug:3) Calling amxmodx_mm_i386.so:CvarValue2()
L 02/27/2025 - 17:39:13: [META] (debug:3) Calling server.so:CvarValue2()
L 02/27/2025 - 17:39:13: \glitch31415\STEAM_0:0:743386914\ Client version: Adrenaline Gamer (OpenGL)
L 02/27/2025 - 17:39:26: \glitch31415\STEAM_0:0:743386914\ killed "Human Grunt" with "9mmhandgun"
L 02/27/2025 - 17:39:37: \glitch31415\STEAM_0:0:743386914\ killed "Scientist" with "9mmhandgun"
L 02/27/2025 - 17:39:52: \glitch31415\STEAM_0:0:743386914\ killed "Scientist" with "9mmAR"
L 02/27/2025 - 17:39:52: \glitch31415\STEAM_0:0:743386914\ killed "Scientist" with "9mmAR"
L 02/27/2025 - 17:39:59: Server cvar "mp_nextmap" = "d1_trainstation_03"
L 02/27/2025 - 17:39:59: Server cvar "mp_chattime" = "5.000000"
L 02/27/2025 - 17:40:01: [META] (debug:3) Calling amxmodx_mm_i386.so:ClientDisconnect()
L 02/27/2025 - 17:40:01: [META] (debug:3) Calling engine_amxx_i386.so:ClientDisconnect()
L 02/27/2025 - 17:40:01: [META] (debug:3) Calling server.so:ClientDisconnect()
L 02/27/2025 - 17:40:01: Dropped glitch31415 from server
L 02/27/2025 - 17:40:01: Reason:  Client sent 'drop'
L 02/27/2025 - 17:40:02: Kick: "bot2<7><STEAM_0:1:1><>" was kicked by "Console"
L 02/27/2025 - 17:40:02: [META] (debug:3) Calling amxmodx_mm_i386.so:ClientDisconnect()
L 02/27/2025 - 17:40:02: [META] (debug:3) Calling engine_amxx_i386.so:ClientDisconnect()
L 02/27/2025 - 17:40:02: [META] (debug:3) Calling server.so:ClientDisconnect()
L 02/27/2025 - 17:40:02: Dropped bot2 from server
L 02/27/2025 - 17:40:02: Reason:  Kicked
L 02/27/2025 - 17:40:02: Kick: "bot3<8><STEAM_0:0:2><>" was kicked by "Console"
L 02/27/2025 - 17:40:02: [META] (debug:3) Calling amxmodx_mm_i386.so:ClientDisconnect()
L 02/27/2025 - 17:40:02: [META] (debug:3) Calling engine_amxx_i386.so:ClientDisconnect()
L 02/27/2025 - 17:40:02: [META] (debug:3) Calling server.so:ClientDisconnect()
L 02/27/2025 - 17:40:02: Dropped bot3 from server
L 02/27/2025 - 17:40:02: Reason:  Kicked
L 02/27/2025 - 17:40:02: Kick: "bot1<9><STEAM_0:1:2><>" was kicked by "Console"
L 02/27/2025 - 17:40:02: [META] (debug:3) Calling amxmodx_mm_i386.so:ClientDisconnect()
L 02/27/2025 - 17:40:02: [META] (debug:3) Calling engine_amxx_i386.so:ClientDisconnect()
L 02/27/2025 - 17:40:02: [META] (debug:3) Calling server.so:ClientDisconnect()
L 02/27/2025 - 17:40:02: Dropped bot1 from server
L 02/27/2025 - 17:40:02: Reason:  Kicked
L 02/27/2025 - 17:40:02: [META] (debug:3) Calling amxmodx_mm_i386.so:ServerDeactivate()
L 02/27/2025 - 17:40:02: Server cvar "mp_chattime" = "3.000000"
L 02/27/2025 - 17:40:02: [META] (debug:3) Calling engine_amxx_i386.so:ServerDeactivate()
L 02/27/2025 - 17:40:02: [META] (debug:3) Calling server.so:ServerDeactivate()
L 02/27/2025 - 17:40:02: [META] (debug:3) Calling amxmodx_mm_i386.so:ServerDeactivate_Post()
L 02/27/2025 - 17:40:02: [META] (debug:3) Calling fakemeta_amxx_i386.so:ServerDeactivate_Post()
L 02/27/2025 - 17:40:02: [META] ini: Begin re-reading plugins list: /home/glitch/.steam/debian-installation/steamapps/common/hlds/valve/addons/metamod/plugins.ini
L 02/27/2025 - 17:40:02: [META] ini: Read plugin config for: AMX Mod X
L 02/27/2025 - 17:40:02: [META] ini: Finished reading plugins list: /home/glitch/.steam/debian-installation/steamapps/common/hlds/valve/addons/metamod/plugins.ini; Found 1 plugins
L 02/27/2025 - 17:40:02: [META] dll: Updating plugins...
L 02/27/2025 - 17:40:02: [META] (debug:1) Keeping plugin 'AMX Mod X'
L 02/27/2025 - 17:40:02: [META] dll: Finished updating 5 plugins; kept 1, loaded 0, unloaded 0, reloaded 0, delayed 0
L 02/27/2025 - 17:40:02: Log file closed

-------------------------------------------------------------------------------

