L 02/27/2025 - 20:34:40: Log file started (file "logs/L0227042.log") (game "valve") (version "48/1.1.2.2/Stdio/3897")
L 02/27/2025 - 20:34:40: Loading map "d1_trainstation_02_sandbox"
L 02/27/2025 - 20:34:41: Server cvar "mp_soundvariety" = "0"
L 02/27/2025 - 20:34:41: Server cvar "mp_soundvariety" = "1"
L 02/27/2025 - 20:34:41: [META] (debug:3) user message registered again: name=VoiceMask, msgid=64
L 02/27/2025 - 20:34:41: [META] (debug:3) user message registered again: name=ReqState, msgid=65
L 02/27/2025 - 20:34:41: [META] (debug:3) Calling amxmodx_mm_i386.so:ServerActivate()
L 02/27/2025 - 20:34:41: [META] (debug:3) Calling engine_amxx_i386.so:ServerActivate()
L 02/27/2025 - 20:34:41: [META] (debug:3) Calling fakemeta_amxx_i386.so:ServerActivate()
L 02/27/2025 - 20:34:41: [META] (debug:3) Calling server.so:ServerActivate()
L 02/27/2025 - 20:34:41: [META] (debug:3) Calling amxmodx_mm_i386.so:ServerActivate_Post()
L 02/27/2025 - 20:34:41: Enemy stats: 0k health, 0 npcs
L 02/27/2025 - 20:34:41: Started map "d1_trainstation_02_sandbox" (CRC "652026196")
L 02/27/2025 - 20:34:41: [META] (debug:3) Calling engine_amxx_i386.so:ClientConnect()
L 02/27/2025 - 20:34:41: [META] (debug:3) Calling fun_amxx_i386.so:ClientConnect()
L 02/27/2025 - 20:34:41: [META] (debug:3) Calling server.so:ClientConnect()
L 02/27/2025 - 20:34:41: \glitch31415\STEAM_0:0:743386914\ connected from address 127.0.0.1:27005
L 02/27/2025 - 20:34:41: [META] (debug:3) Calling amxmodx_mm_i386.so:ClientConnect_Post()
L 02/27/2025 - 20:34:42: Dropped glitch31415 from server
L 02/27/2025 - 20:34:42: Reason:  Client sent 'drop'
L 02/27/2025 - 20:34:43: [META] (debug:3) Calling engine_amxx_i386.so:ClientConnect()
L 02/27/2025 - 20:34:43: [META] (debug:3) Calling fun_amxx_i386.so:ClientConnect()
L 02/27/2025 - 20:34:43: [META] (debug:3) Calling server.so:ClientConnect()
L 02/27/2025 - 20:34:43: \glitch31415\STEAM_0:0:743386914\ connected from address 127.0.0.1:27005
L 02/27/2025 - 20:34:43: [META] (debug:3) Calling amxmodx_mm_i386.so:ClientConnect_Post()
L 02/27/2025 - 20:34:43: "glitch31415<28><STEAM_0:0:743386914><>" STEAM USERID validated
L 02/27/2025 - 20:34:44: \bot3\BOT\ connected from address 127.0.0.1
L 02/27/2025 - 20:34:44: \bot3\BOT\ entered the game as ld_gordon(134,186)
L 02/27/2025 - 20:34:44: \bot2\BOT\ connected from address 127.0.0.1
L 02/27/2025 - 20:34:44: \bot2\BOT\ entered the game as ld_gordon(0,186)
L 02/27/2025 - 20:34:44: \bot1\BOT\ connected from address 127.0.0.1
L 02/27/2025 - 20:34:44: \bot1\BOT\ entered the game as ld_gordon(176,44)
L 02/27/2025 - 20:34:44: [META] (debug:3) Calling server.so:ClientPutInServer()
L 02/27/2025 - 20:34:44: [META] (debug:3) Calling engine:QueryClientCvarValue2()
L 02/27/2025 - 20:34:44: [META] (debug:3) Calling amxmodx_mm_i386.so:ClientPutInServer_Post()
L 02/27/2025 - 20:34:44: \glitch31415\STEAM_0:0:743386914\ entered the game as wireframe(76,76)
L 02/27/2025 - 20:34:44: [META] (debug:3) Calling amxmodx_mm_i386.so:CvarValue2()
L 02/27/2025 - 20:34:44: [META] (debug:3) Calling server.so:CvarValue2()
L 02/27/2025 - 20:34:44: [META] (debug:3) Calling engine:QueryClientCvarValue2()
L 02/27/2025 - 20:34:45: [META] (debug:3) Calling amxmodx_mm_i386.so:CvarValue2()
L 02/27/2025 - 20:34:45: [META] (debug:3) Calling server.so:CvarValue2()
L 02/27/2025 - 20:34:45: [META] (debug:3) Calling engine:QueryClientCvarValue2()
L 02/27/2025 - 20:34:45: [META] (debug:3) Calling amxmodx_mm_i386.so:CvarValue2()
L 02/27/2025 - 20:34:45: [META] (debug:3) Calling server.so:CvarValue2()
L 02/27/2025 - 20:34:45: [META] (debug:3) Calling engine:QueryClientCvarValue2()
L 02/27/2025 - 20:34:45: [META] (debug:3) Calling amxmodx_mm_i386.so:CvarValue2()
L 02/27/2025 - 20:34:45: [META] (debug:3) Calling server.so:CvarValue2()
L 02/27/2025 - 20:34:45: \glitch31415\STEAM_0:0:743386914\ Client version: Adrenaline Gamer (OpenGL)
L 02/27/2025 - 20:35:20: \glitch31415\STEAM_0:0:743386914\ killed by "Human Grunt"
L 02/27/2025 - 20:35:28: \glitch31415\STEAM_0:0:743386914\ killed "Human Grunt" with "9mmhandgun"
L 02/27/2025 - 20:43:57: [META] (de