L 02/27/2025 - 18:24:03: Log file started (file "logs/L0227024.log") (game "valve") (version "48/1.1.2.2/Stdio/3897")
L 02/27/2025 - 18:24:03: Loading map "d1_trainstation_02_sandbox"
L 02/27/2025 - 18:24:03: Server cvar "mp_soundvariety" = "0"
L 02/27/2025 - 18:24:03: Server cvar "mp_soundvariety" = "1"
L 02/27/2025 - 18:24:03: [META] (debug:3) user message registered again: name=VoiceMask, msgid=64
L 02/27/2025 - 18:24:03: [META] (debug:3) user message registered again: name=ReqState, msgid=65
L 02/27/2025 - 18:24:03: [META] (debug:3) Calling amxmodx_mm_i386.so:ServerActivate()
L 02/27/2025 - 18:24:03: [META] (debug:3) Calling engine_amxx_i386.so:ServerActivate()
L 02/27/2025 - 18:24:03: [META] (debug:3) Calling fakemeta_amxx_i386.so:ServerActivate()
L 02/27/2025 - 18:24:03: [META] (debug:3) Calling server.so:ServerActivate()
L 02/27/2025 - 18:24:04: [META] (debug:3) Calling amxmodx_mm_i386.so:ServerActivate_Post()
L 02/27/2025 - 18:24:04: Enemy stats: 0k health, 0 npcs
L 02/27/2025 - 18:24:04: Started map "d1_trainstation_02_sandbox" (CRC "652026196")
L 02/27/2025 - 18:24:04: [META] (debug:3) Calling engine_amxx_i386.so:ClientConnect()
L 02/27/2025 - 18:24:04: [META] (debug:3) Calling fun_amxx_i386.so:ClientConnect()
L 02/27/2025 - 18:24:04: [META] (debug:3) Calling server.so:ClientConnect()
L 02/27/2025 - 18:24:04: \glitch31415\STEAM_0:0:743386914\ connected from address 127.0.0.1:27005
L 02/27/2025 - 18:24:04: [META] (debug:3) Calling amxmodx_mm_i386.so:ClientConnect_Post()
L 02/27/2025 - 18:24:05: Dropped glitch31415 from server
L 02/27/2025 - 18:24:05: Reason:  Client sent 'drop'
L 02/27/2025 - 18:24:05: [META] (debug:3) Calling engine_amxx_i386.so:ClientConnect()
L 02/27/2025 - 18:24:05: [META] (debug:3) Calling fun_amxx_i386.so:ClientConnect()
L 02/27/2025 - 18:24:05: [META] (debug:3) Calling server.so:ClientConnect()
L 02/27/2025 - 18:24:05: \glitch31415\STEAM_0:0:743386914\ connected from address 127.0.0.1:27005
L 02/27/2025 - 18:24:05: [META] (debug:3) Calling amxmodx_mm_i386.so:ClientConnect_Post()
L 02/27/2025 - 18:24:06: "glitch31415<31><STEAM_0:0:743386914><>" STEAM USERID validated
L 02/27/2025 - 18:24:07: \bot2\BOT\ connected from address 127.0.0.1
L 02/27/2025 - 18:24:07: \bot2\BOT\ entered the game as ld_gordon(111,119)
L 02/27/2025 - 18:24:07: \bot3\BOT\ connected from address 127.0.0.1
L 02/27/2025 - 18:24:07: \bot3\BOT\ entered the game as ld_gordon(194,56)
L 02/27/2025 - 18:24:07: \bot1\BOT\ connected from address 127.0.0.1
L 02/27/2025 - 18:24:07: \bot1\BOT\ entered the game as ld_gordon(106,47)
L 02/27/2025 - 18:24:07: [META] (debug:3) Calling server.so:ClientPutInServer()
L 02/27/2025 - 18:24:07: [META] (debug:3) Calling engine:QueryClientCvarValue2()
L 02/27/2025 - 18:24:07: [META] (debug:3) Calling amxmodx_mm_i386.so:ClientPutInServer_Post()
L 02/27/2025 - 18:24:07: \glitch31415\STEAM_0:0:743386914\ entered the game as wireframe(76,76)
L 02/27/2025 - 18:24:07: [META] (debug:3) Calling amxmodx_mm_i386.so:CvarValue2()
L 02/27/2025 - 18:24:07: [META] (debug:3) Calling server.so:CvarValue2()
L 02/27/2025 - 18:24:07: [META] (debug:3) Calling engine:QueryClientCvarValue2()
L 02/27/2025 - 18:24:08: [META] (debug:3) Calling amxmodx_mm_i386.so:CvarValue2()
L 02/27/2025 - 18:24:08: [META] (debug:3) Calling server.so:CvarValue2()
L 02/27/2025 - 18:24:08: [META] (debug:3) Calling engine:QueryClientCvarValue2()
L 02/27/2025 - 18:24:08: [META] (debug:3) Calling amxmodx_mm_i386.so:CvarValue2()
L 02/27/2025 - 18:24:08: [META] (debug:3) Calling server.so:CvarValue2()
L 02/27/2025 - 18:24:08: [META] (debug:3) Calling engine:QueryClientCvarValue2()
L 02/27/2025 - 18:24:08: [META] (debug:3) Calling amxmodx_mm_i386.so:CvarValue2()
L 02/27/2025 - 18:24:08: [META] (debug:3) Calling server.so:CvarValue2()
L 02/27/2025 - 18:24:08: \glitch31415\STEAM_0:0:743386914\ Client version: Adrenaline Gamer (OpenGL)
L 02/27/2025 - 18:26:01: \glitch31415\STEAM_0:0:743386914\ killed "Scientist" with "gluon gun"
L 02/27/2025 - 18:26:01: \glitch31415\STEAM_0:0:743386914\ killed "Scientist" with "gluon gun"
L 02/27/2025 - 18:26:01: 