L 02/27/2025 - 18:43:12: Log file started (file "logs/L0227027.log") (game "valve") (version "48/1.1.2.2/Stdio/3897")
L 02/27/2025 - 18:43:12: Loading map "chaos_sandbox"
L 02/27/2025 - 18:43:12: Server cvar "mp_soundvariety" = "0"
L 02/27/2025 - 18:43:12: Server cvar "mp_soundvariety" = "1"
L 02/27/2025 - 18:43:12: [META] (debug:3) user message registered again: name=VoiceMask, msgid=64
L 02/27/2025 - 18:43:12: [META] (debug:3) user message registered again: name=ReqState, msgid=65
L 02/27/2025 - 18:43:12: [META] (debug:3) Calling amxmodx_mm_i386.so:ServerActivate()
L 02/27/2025 - 18:43:12: [META] (debug:3) Calling engine_amxx_i386.so:ServerActivate()
L 02/27/2025 - 18:43:12: [META] (debug:3) Calling fakemeta_amxx_i386.so:ServerActivate()
L 02/27/2025 - 18:43:12: [META] (debug:3) Calling server.so:ServerActivate()
L 02/27/2025 - 18:43:12: Server cvar "mp_nextmap" = "sc_test_sandbox"
L 02/27/2025 - 18:43:12: [META] (debug:3) Calling amxmodx_mm_i386.so:ServerActivate_Post()
L 02/27/2025 - 18:43:12: Server cvar "amx_nextmap" = "sc_test_sandbox"
L 02/27/2025 - 18:43:12: Enemy stats: 33k health, 46+ npcs
L 02/27/2025 - 18:43:12: Started map "chaos_sandbox" (CRC "1323732680")
L 02/27/2025 - 18:43:12: [META] (debug:3) Calling engine_amxx_i386.so:ClientConnect()
L 02/27/2025 - 18:43:12: [META] (debug:3) Calling fun_amxx_i386.so:ClientConnect()
L 02/27/2025 - 18:43:12: [META] (debug:3) Calling server.so:ClientConnect()
L 02/27/2025 - 18:43:12: \glitch31415\STEAM_0:0:743386914\ connected from address 127.0.0.1:27005
L 02/27/2025 - 18:43:12: [META] (debug:3) Calling amxmodx_mm_i386.so:ClientConnect_Post()
L 02/27/2025 - 18:43:13: Dropped glitch31415 from server
L 02/27/2025 - 18:43:13: Reason:  Client sent 'drop'
L 02/27/2025 - 18:43:14: [META] (debug:3) Calling engine_amxx_i386.so:ClientConnect()
L 02/27/2025 - 18:43:14: [META] (debug:3) Calling fun_amxx_i386.so:ClientConnect()
L 02/27/2025 - 18:43:14: [META] (debug:3) Calling server.so:ClientConnect()
L 02/27/2025 - 18:43:14: \glitch31415\STEAM_0:0:743386914\ connected from address 127.0.0.1:27005
L 02/27/2025 - 18:43:14: [META] (debug:3) Calling amxmodx_mm_i386.so:ClientConnect_Post()
L 02/27/2025 - 18:43:14: "glitch31415<6><STEAM_0:0:743386914><>" STEAM USERID validated
L 02/27/2025 - 18:43:15: \bot1\BOT\ connected from address 127.0.0.1
L 02/27/2025 - 18:43:15: \bot1\BOT\ entered the game as ld_gordon(123,27)
L 02/27/2025 - 18:43:15: \bot3\BOT\ connected from address 127.0.0.1
L 02/27/2025 - 18:43:15: \bot3\BOT\ entered the game as ld_gordon(128,176)
L 02/27/2025 - 18:43:15: \bot2\BOT\ connected from address 127.0.0.1
L 02/27/2025 - 18:43:15: \bot2\BOT\ entered the game as ld_gordon(58,84)
L 02/27/2025 - 18:43:16: [META] (debug:3) Calling server.so:ClientPutInServer()
L 02/27/2025 - 18:43:16: [META] (debug:3) Calling engine:QueryClientCvarValue2()
L 02/27/2025 - 18:43:16: [META] (debug:3) Calling amxmodx_mm_i386.so:ClientPutInServer_Post()
L 02/27/2025 - 18:43:16: \glitch31415\STEAM_0:0:743386914\ entered the game as wireframe(76,76)
L 02/27/2025 - 18:43:16: [META] (debug:3) Calling amxmodx_mm_i386.so:CvarValue2()
L 02/27/2025 - 18:43:16: [META] (debug:3) Calling server.so:CvarValue2()
L 02/27/2025 - 18:43:16: [META] (debug:3) Calling engine:QueryClientCvarValue2()
L 02/27/2025 - 18:43:16: [META] (debug:3) Calling amxmodx_mm_i386.so:CvarValue2()
L 02/27/2025 - 18:43:16: [META] (debug:3) Calling server.so:CvarValue2()
L 02/27/2025 - 18:43:16: [META] (debug:3) Calling engine:QueryClientCvarValue2()
L 02/27/2025 - 18:43:16: [META] (debug:3) Calling amxmodx_mm_i386.so:CvarValue2()
L 02/27/2025 - 18:43:16: [META] (debug:3) Calling server.so:CvarValue2()
L 02/27/2025 - 18:43:16: [META] (debug:3) Calling engine:QueryClientCvarValue2()
L 02/27/2025 - 18:43:16: [META] (debug:3) Calling amxmodx_mm_i386.so:CvarValue2()
L 02/27/2025 - 18:43:16: [META] (debug:3) Calling server.so:CvarValue2()
L 02/27/2025 - 18:43:16: \glitch31415\STEAM_0:0:743386914\ Client version: Adrenaline Gamer (OpenGL)
L 02/27/2025 - 18:43:23: \glitch31415\STEAM_0:0:743386914\ killed "Baby Headcrab" with "gluon gun"
L 02/27/2025 - 18:43:23: \glitch31415\STEAM_0:0:743386914\ killed "Baby Headcrab" with "gluon gun"
L 02/27/2025 - 18:43:23: \glitch31415\STEAM_0:0:743386914\ killed "Barney" with "gluon gun"
L 02/27/2025 - 18:43:24: \glitch31415\STEAM_0:0:743386914\ killed "Barney" with "gluon gun"
L 02/27/2025 - 18:43:24: \glitch31415\STEAM_0:0:743386914\ killed "Barney" with "gluon gun"
L 02/27/2025 - 18:43:25: \glitch31415\STEAM_0:0:743386914\ killed "Barney" with "gluon gun"
L 02/27/2025 - 18:43:25: \glitch31415\STEAM_0:0:743386914\ killed "Scientist" with "gluon gun"
L 02/27/2025 - 18:43:25: \glitch31415\STEAM_0:0:743386914\ killed "Scientist" with "gluon gun"
L 02/27/2025 - 18:43:25: \glitch31415\STEAM_0:0:743386914\ killed "Baby Headcrab" with "gluon gun"
L 02/27/2025 - 18:43:26: \glitch31415\STEAM_0:0:743386914\ killed "Scientist" with "gluon gun"
L 02/27/2025 - 18:43:26: \glitch31415\STEAM_0:0:743386914\ killed "Scientist" with "gluon gun"
L 02/27/2025 - 18:43:26: \glitch31415\STEAM_0:0:743386914\ killed "Barney" with "gluon gun"
L 02/27/2025 - 18:43:27: \glitch31415\STEAM_0:0:743386914\ killed "Scientist" with "gluon gun"
L 02/27/2025 - 18:43:28: \glitch31415\STEAM_0:0:743386914\ killed "Baby Headcrab" with "gluon gun"
L 02/27/2025 - 18:43:29: \glitch31415\STEAM_0:0:743386914\ killed "Barney" with "gluon gun"
L 02/27/2025 - 18:43:29: \glitch31415\STEAM_0:0:743386914\ killed "Scientist" with "gluon gun"
L 02/27/2025 - 18:43:29: \glitch31415\STEAM_0:0:743386914\ killed "Scientist" with "gluon gun"
L 02/27/2025 - 18:43:29: \glitch31415\STEAM_0:0:743386914\ killed "Scientist" with "gluon gun"
L 02/27/2025 - 18:43:30: \glitch31415\STEAM_0:0:743386914\ killed "Headcrab" with "gluon gun"
L 02/27/2025 - 18:43:30: \glitch31415\STEAM_0:0:743386914\ killed "Headcrab" with "gluon gun"
L 02/27/2025 - 18:43:30: \glitch31415\STEAM_0:0:743386914\ killed "Scientist" with "gluon gun"
L 02/27/2025 - 18:43:30: \glitch31415\STEAM_0:0:743386914\ killed "Scientist" with "gluon gun"
L 02/27/2025 - 18:43:31: \glitch31415\STEAM_0:0:743386914\ killed "Scientist" with "gluon gun"
L 02/27/2025 - 18:43:32: \glitch31415\STEAM_0:0:743386914\ killed "Scientist" with "gluon gun"
L 02/27/2025 - 18:43:33: \glitch31415\STEAM_0:0:743386914\ killed "Scientist" with "gluon gun"
L 02/27/2025 - 18:43:33: \glitch31415\STEAM_0:0:743386914\ killed "Scientist" with "gluon gun"
L 02/27/2025 - 18:43:33: \glitch31415\STEAM_0:0:743386914\ killed "Scientist" with "gluon gun"
L 02/27/2025 - 18:43:34: \glitch31415\STEAM_0:0:743386914\ killed "Scientist" with "gluon gun"
L 02/27/2025 - 18:43:34: \glitch31415\STEAM_0:0:743386914\ killed "Scientist" with "gluon gun"
L 02/27/2025 - 18:43:34: \glitch31415\STEAM_0:0:743386914\ killed "Headcrab" with "gluon gun"
L 02/27/2025 - 18:43:35: \glitch31415\STEAM_0:0:743386914\ killed "Scientist" with "gluon gun"
L 02/27/2025 - 18:43:35: \glitch31415\STEAM_0:0:743386914\ killed "Barney" with "gluon gun"
L 02/27/2025 - 18:43:36: \glitch31415\STEAM_0:0:743386914\ killed "Scientist" with "gluon gun"
L 02/27/2025 - 18:43:36: \glitch31415\STEAM_0:0:743386914\ killed "Barney" with "gluon gun"
L 02/27/2025 - 18:43:37: \glitch31415\STEAM_0:0:743386914\ killed "Baby Headcrab" with "gluon gun"
L 02/27/2025 - 18:43:37: \glitch31415\STEAM_0:0:743386914\ killed "Scientist" with "gluon gun"
L 02/27/2025 - 18:43:38: \glitch31415\STEAM_0:0:743386914\ killed "Scientist" with "gluon gun"
L 02/27/2025 - 18:43:38: \glitch31415\STEAM_0:0:743386914\ killed "Barney" with "gluon gun"
L 02/27/2025 - 18:43:39: \glitch31415\STEAM_0:0:743386914\ killed "Barney" with "gluon gun"
L 02/27/2025 - 18:43:40: \glitch31415\STEAM_0:0:743386914\ killed "Baby Headcrab" with "gluon gun"
L 02/27/2025 - 18:43:44: \glitch31415\STEAM_0:0:743386914\ killed "Scientist" with "gluon gun"
L 02/27/2025 - 18:43:44: \glitch31415\STEAM_0:0:743386914\ killed "Scientist" with "gluon gun"
L 02/27/2025 - 18:43:44: \glitch31415\STEAM_0:0:743386914\ killed "Barney" with "gluon gun"
L 02/27/2025 - 18:43:44: \glitch31415\STEAM_0:0:743386914\ killed "Barney" with "gluon gun"
L 02/27/2025 - 18:43:44: \glitch31415\STEAM_0:0:743386914\ killed "Barney" with "gluon gun"
L 02/27/2025 - 18:43:44: \glitch31415\STEAM_0:0:743386914\ killed "Scientist" with "gluon gun"
L 02/27/2025 - 18:43:44: \glitch31415\STEAM_0:0:743386914\ killed "Barney" with "gluon gun"
L 02/27/2025 - 18:43:44: \glitch31415\STEAM_0:0:743386914\ killed "Barney" with "gluon gun"
L 02/27/2025 - 18:43:59: Rcon: "rcon 1286791319 "5pgW37D7ad" changelevel d1_trainstation_02_sandbox" from "127.0.0.1:27005"
L 02/27/2025 - 18:43:59: [META] (debug:3) Calling amxmodx_mm_i386.so:ClientDisconnect()
L 02/27/2025 - 18:43:59: [META] (debug:3) Calling engine_amxx_i386.so:ClientDisconnect()
L 02/27/2025 - 18:43:59: [META] (debug:3) Calling server.so:ClientDisconnect()
L 02/27/2025 - 18:43:59: \bot1\BOT\ disconnected
L 02/27/2025 - 18:43:59: Dropped bot1 from server
L 02/27/2025 - 18:43:59: Reason:  Dropping fakeclient on level change
L 02/27/2025 - 18:43:59: [META] (debug:3) Calling amxmodx_mm_i386.so:ClientDisconnect()
L 02/27/2025 - 18:43:59: [META] (debug:3) Calling engine_amxx_i386.so:ClientDisconnect()
L 02/27/2025 - 18:43:59: [META] (debug:3) Calling server.so:ClientDisconnect()
L 02/27/2025 - 18:43:59: \bot3\BOT\ disconnected
L 02/27/2025 - 18:43:59: Dropped bot3 from server
L 02/27/2025 - 18:43:59: Reason:  Dropping fakeclient on level change
L 02/27/2025 - 18:43:59: [META] (debug:3) Calling amxmodx_mm_i386.so:ClientDisconnect()
L 02/27/2025 - 18:43:59: [META] (debug:3) Calling engine_amxx_i386.so:ClientDisconnect()
L 02/27/2025 - 18:43:59: [META] (debug:3) Calling server.so:ClientDisconnect()
L 02/27/2025 - 18:43:59: \bot2\BOT\ disconnected
L 02/27/2025 - 18:43:59: Dropped bot2 from server
L 02/27/2025 - 18:43:59: Reason:  Dropping fakeclient on level change
L 02/27/2025 - 18:43:59: [META] (debug:3) Calling amxmodx_mm_i386.so:ServerDeactivate()
L 02/27/2025 - 18:43:59: [META] (debug:3) Calling engine_amxx_i386.so:ServerDeactivate()
L 02/27/2025 - 18:43:59: [META] (debug:3) Calling server.so:ServerDeactivate()
L 02/27/2025 - 18:43:59: \glitch31415\STEAM_0:0:743386914\ 105 points, 0 deaths
L 02/27/2025 - 18:43:59: [META] (debug:3) Calling amxmodx_mm_i386.so:ServerDeactivate_Post()
L 02/27/2025 - 18:43:59: [META] (debug:3) Calling fakemeta_amxx_i386.so:ServerDeactivate_Post()
L 02/27/2025 - 18:43:59: [META] ini: Begin re-reading plugins list: /home/glitch/.steam/debian-installation/steamapps/common/hlds/valve/addons/metamod/plugins.ini
L 02/27/2025 - 18:43:59: [META] ini: Read plugin config for: AMX Mod X
L 02/27/2025 - 18:43:59: [META] ini: Finished reading plugins list: /home/glitch/.steam/debian-installation/steamapps/common/hlds/valve/addons/metamod/plugins.ini; Found 1 plugins
L 02/27/2025 - 18:43:59: [META] dll: Updating plugins...
L 02/27/2025 - 18:43:59: [META] (debug:1) Keeping plugin 'AMX Mod X'
L 02/27/2025 - 18:43:59: [META] dll: Finished updating 5 plugins; kept 1, loaded 0, unloaded 0, reloaded 0, delayed 0
L 02/27/2025 - 18:43:59: [META] (debug:3) Calling amxmodx_mm_i386.so:ClientDisconnect()
L 02/27/2025 - 18:43:59: [META] (debug:3) Calling engine_amxx_i386.so:ClientDisconnect()
L 02/27/2025 - 18:43:59: [META] (debug:3) Calling server.so:ClientDisconnect()
L 02/27/2025 - 18:43:59: \glitch31415\STEAM_0:0:743386914\ disconnected with 105 points
L 02/27/2025 - 18:43:59: Log file closed

-------------------------------------------------------------------------------

