L 02/27/2025 - 20:50:00: Log file started (file "logs/L0227047.log") (game "valve") (version "48/1.1.2.2/Stdio/3897")
L 02/27/2025 - 20:50:00: Loading map "d1_trainstation_02_sandbox"
L 02/27/2025 - 20:50:00: [META] (debug:2) Resolved 'addons/amxmodx/modules/engine_amxx_i386.so' to file '/home/glitch/.steam/debian-installation/steamapps/common/hlds/valve/addons/amxmodx/modules/engine_amxx_i386.so'
L 02/27/2025 - 20:50:00: [ENGINE] dev: called: Meta_Query; version=5:13, ours=5:13
L 02/27/2025 - 20:50:00: [ENGINE] dev: called: GetNewDLLFunctions; version=1
L 02/27/2025 - 20:50:00: [META] (debug:3) dll: Plugin 'Engine': Found GetNewDLLFunctions
L 02/27/2025 - 20:50:00: [ENGINE] dev: called: GetNewDLLFunctions_Post; version=1
L 02/27/2025 - 20:50:00: [META] (debug:3) dll: Plugin 'Engine': Found GetNewDLLFunctions_Post
L 02/27/2025 - 20:50:00: [ENGINE] dev: called: GetEntityAPI2; version=140
L 02/27/2025 - 20:50:00: [META] (debug:3) dll: Plugin 'Engine': Found GetEntityAPI2
L 02/27/2025 - 20:50:00: [ENGINE] dev: called: GetEntityAPI2_Post; version=140
L 02/27/2025 - 20:50:00: [META] (debug:3) dll: Plugin 'Engine': Found GetEntityAPI2_Post
L 02/27/2025 - 20:50:00: [ENGINE] dev: called: GetEngineFunctions; version=138
L 02/27/2025 - 20:50:00: [META] (debug:3) dll: Plugin 'Engine': Found GetEngineFunctions
L 02/27/2025 - 20:50:00: [ENGINE] dev: called: GetEngineFunctions_Post; version=138
L 02/27/2025 - 20:50:00: [META] (debug:3) dll: Plugin 'Engine': Found GetEngineFunctions_Post
L 02/27/2025 - 20:50:00: [META] dll: Loaded plugin 'Engine': Engine v1.8.2 Feb 14 2013, AMX Mod X Dev Team
L 02/27/2025 - 20:50:00: [META] (debug:1) Loaded plugin 'Engine' successfully
L 02/27/2025 - 20:50:00: [META] (debug:2) Resolved 'addons/amxmodx/modules/fun_amxx_i386.so' to file '/home/glitch/.steam/debian-installation/steamapps/common/hlds/valve/addons/amxmodx/modules/fun_amxx_i386.so'
L 02/27/2025 - 20:50:00: [FUN] dev: called: Meta_Query; version=5:13, ours=5:13
L 02/27/2025 - 20:50:00: [FUN] dev: called: GetNewDLLFunctions; version=1
L 02/27/2025 - 20:50:00: [META] (debug:3) dll: Plugin 'Fun': Found GetNewDLLFunctions
L 02/27/2025 - 20:50:00: [FUN] dev: called: GetNewDLLFunctions_Post; version=1
L 02/27/2025 - 20:50:00: [META] (debug:3) dll: Plugin 'Fun': Found GetNewDLLFunctions_Post
L 02/27/2025 - 20:50:00: [FUN] dev: called: GetEntityAPI2; version=140
L 02/27/2025 - 20:50:00: [META] (debug:3) dll: Plugin 'Fun': Found GetEntityAPI2
L 02/27/2025 - 20:50:00: [FUN] dev: called: GetEntityAPI2_Post; version=140
L 02/27/2025 - 20:50:00: [META] (debug:3) dll: Plugin 'Fun': Found GetEntityAPI2_Post
L 02/27/2025 - 20:50:00: [FUN] dev: called: GetEngineFunctions; version=138
L 02/27/2025 - 20:50:00: [META] (debug:3) dll: Plugin 'Fun': Found GetEngineFunctions
L 02/27/2025 - 20:50:00: [FUN] dev: called: GetEngineFunctions_Post; version=138
L 02/27/2025 - 20:50:00: [META] (debug:3) dll: Plugin 'Fun': Found GetEngineFunctions_Post
L 02/27/2025 - 20:50:00: [META] dll: Loaded plugin 'Fun': Fun v1.8.2 Feb 14 2013, AMX Mod X Dev Team
L 02/27/2025 - 20:50:00: [META] (debug:1) Loaded plugin 'Fun' successfully
L 02/27/2025 - 20:50:00: [META] (debug:2) Resolved 'addons/amxmodx/modules/fakemeta_amxx_i386.so' to file '/home/glitch/.steam/debian-installation/steamapps/common/hlds/valve/addons/amxmodx/modules/fakemeta_amxx_i386.so'
L 02/27/2025 - 20:50:00: [FAKEMETA] dev: called: Meta_Query; version=5:13, ours=5:13
L 02/27/2025 - 20:50:00: [FAKEMETA] dev: called: GetNewDLLFunctions; version=1
L 02/27/2025 - 20:50:00: [META] (debug:3) dll: Plugin 'FakeMeta': Found GetNewDLLFunctions
L 02/27/2025 - 20:50:00: [FAKEMETA] dev: called: GetNewDLLFunctions_Post; version=1
L 02/27/2025 - 20:50:00: [META] (debug:3) dll: Plugin 'FakeMeta': Found GetNewDLLFunctions_Post
L 02/27/2025 - 20:50:00: [FAKEMETA] dev: called: GetEntityAPI2; version=140
L 02/27/2025 - 20:50:00: [META] (debug:3) dll: Plugin 'FakeMeta': Found GetEntityAPI2
L 02/27/2025 - 20:50:00: [FAKEMETA] dev: called: GetEntityAPI2_Post; version=140
L 02/27/2025 - 20:50:00: [META] (debug:3) dll: Plugin 'FakeMeta': Found GetEntityAPI2_Post
L 02/27/2025 - 20:50:00: [FAKEMETA] dev: called: GetEngineFunctions; version=138
L 02/27/2025 - 20:50:00: [META] (debug:3) dll: Plugin 'FakeMeta': Found GetEngineFunctions
L 02/27/2025 - 20:50:00: [FAKEMETA] dev: called: GetEngineFunctions_Post; version=138
L 02/27/2025 - 20:50:00: [META] (debug:3) dll: Plugin 'FakeMeta': Found GetEngineFunctions_Post
L 02/27/2025 - 20:50:00: [META] dll: Loaded plugin 'FakeMeta': FakeMeta v1.8.2 Feb 14 2013, AMX Mod X Dev Team
L 02/27/2025 - 20:50:00: [META] (debug:1) Loaded plugin 'FakeMeta' successfully
L 02/27/2025 - 20:50:00: Server cvar "amxmodx_version" = "1.8.2"
L 02/27/2025 - 20:50:00: Server cvar "mp_mergemodels" = "1"
L 02/27/2025 - 20:50:00: Server cvar "sv_aim" = "0"
L 02/27/2025 - 20:50:00: Server cvar "sv_clienttrace" = "3.5"
L 02/27/2025 - 20:50:00: Server cvar "sv_ledgesize" = "64"
L 02/27/2025 - 20:50:00: Server cvar "mp_chattime" = "3"
L 02/27/2025 - 20:50:00: Server cvar "mp_friendlyfire" = "1"
L 02/27/2025 - 20:50:00: Server cvar "mp_weaponstay" = "1"
L 02/27/2025 - 20:50:00: Server cvar "pausable" = "0"
L 02/27/2025 - 20:50:00: Server cvar "starthealth" = "100"
L 02/27/2025 - 20:50:00: Server cvar "sv_allow_autoaim" = "0"
L 02/27/2025 - 20:50:00: Server cvar "sv_maxrate" = "60000000"
L 02/27/2025 - 20:50:00: Server cvar "sv_minrate" = "59999999"
L 02/27/2025 - 20:50:00: Server cvar "mp_soundvariety" = "1"
L 02/27/2025 - 20:50:00: Server cvar "mp_teamlist" = ""
L 02/27/2025 - 20:50:00: Server cvar "mp_killfeed" = "3"
L 02/27/2025 - 20:50:00: Server cvar "mp_respawndelay" = "0"
L 02/27/2025 - 20:50:00: [META] (debug:3) Calling engine:AddServerCommand()
L 02/27/2025 - 20:50:00: [META] ERROR: Couldn't find game entity 'env_model' in game DLL 'valve': /home/glitch/.steam/debian-installation/steamapps/common/hlds/valve/dlls/server.so: undefined symbol: env_model
L 02/27/2025 - 20:50:00: [META] ERROR: Couldn't find game entity 'motion_manager' in game DLL 'valve': /home/glitch/.steam/debian-installation/steamapps/common/hlds/valve/dlls/server.so: undefined symbol: motion_manager
L 02/27/2025 - 20:50:00: [META] (debug:3) Calling amxmodx_mm_i386.so:ServerActivate()
L 02/27/2025 - 20:50:00: [META] (debug:3) Calling engine_amxx_i386.so:ServerActivate()
L 02/27/2025 - 20:50:00: [META] (debug:3) Calling fakemeta_amxx_i386.so:ServerActivate()
L 02/27/2025 - 20:50:00: [META] (debug:3) Calling server.so:ServerActivate()
L 02/27/2025 - 20:50:00: [META] ERROR: Couldn't find game entity 'monster_penguin' in game DLL 'valve': /home/glitch/.steam/debian-installation/steamapps/common/hlds/valve/dlls/server.so: undefined symbol: monster_penguin
L 02/27/2025 - 20:50:00: [META] ERROR: Couldn't find game entity 'monster_geneworm' in game DLL 'valve': /home/glitch/.steam/debian-installation/steamapps/common/hlds/valve/dlls/server.so: undefined symbol: monster_geneworm
L 02/27/2025 - 20:50:00: [META] ERROR: Couldn't find game entity 'monster_pitworm' in game DLL 'valve': /home/glitch/.steam/debian-installation/steamapps/common/hlds/valve/dlls/server.so: undefined symbol: monster_pitworm
L 02/27/2025 - 20:50:00: [META] ERROR: Couldn't find game entity 'monster_pitworm_up' in game DLL 'valve': /home/glitch/.steam/debian-installation/steamapps/common/hlds/valve/dlls/server.so: undefined symbol: monster_pitworm_up
L 02/27/2025 - 20:50:00: Server cvar "mp_nextmap" = "d1_town_01_sandbox"
L 02/27/2025 - 20:50:00: [META] (debug:3) Calling amxmodx_mm_i386.so:ServerActivate_Post()
L 02/27/2025 - 20:50:00: Server cvar "amx_language" = "en"
L 02/27/2025 - 20:50:00: Server cvar "amx_client_languages" = "1"
L 02/27/2025 - 20:50:00: Server cvar "gal_version" = "v5.9.1-926"
L 02/27/2025 - 20:50:00: Server cvar "Building_Blocks" = "1.4"
L 02/27/2025 - 20:50:00: Server cvar "amx_client_languages" = "0"
L 02/27/2025 - 20:50:00: Server cvar "gal_mapcyclefile" = "mapcycle.txt"
L 02/27/2025 - 20:50:00: Server cvar "amx_nextmap" = "d1_town_01_sandbox"
L 02/27/2025 - 20:50:00: Server cvar "amx_nextmap" = "chaos_sandbox"
L 02/27/2025 - 20:50:00: Enemy stats: 0k health, 0 npcs
L 02/27/2025 - 20:50:00: Started map "d1_trainstation_02_sandbox" (CRC "652026196")
L 02/27/2025 - 20:50:00: Server cvar "mp_soundvariety" = "0"
L 02/27/2025 - 20:50:00: Server cvar "mp_soundvariety" = "1"
L 02/27/2025 - 20:50:03: \bot1\BOT\ connected from address 127.0.0.1
L 02/27/2025 - 20:50:03: \bot1\BOT\ entered the game as ld_gordon(197,48)
L 02/27/2025 - 20:50:03: \bot3\BOT\ connected from address 127.0.0.1
L 02/27/2025 - 20:50:03: \bot3\BOT\ entered the game as ld_gordon(237,164)
L 02/27/2025 - 20:50:03: \bot2\BOT\ connected from address 127.0.0.1
L 02/27/2025 - 20:50:03: \bot2\BOT\ entered the game as ld_gordon(163,89)
L 02/27/2025 - 20:50:12: [META] (debug:3) Calling engine_amxx_i386.so:ClientConnect()
L 02/27/2025 - 20:50:12: [META] (debug:3) Calling fun_amxx_i386.so:ClientConnect()
L 02/27/2025 - 20:50:12: [META] (debug:3) Calling server.so:ClientConnect()
L 02/27/2025 - 20:50:12: \glitch31415\STEAM_0:0:743386914\ connected from address 127.0.0.1:27005
L 02/27/2025 - 20:50:12: [META] (debug:3) Calling amxmodx_mm_i386.so:ClientConnect_Post()
L 02/27/2025 - 20:50:12: "glitch31415<4><STEAM_0:0:743386914><>" STEAM USERID validated
L 02/27/2025 - 20:50:14: Dropped glitch31415 from server
L 02/27/2025 - 20:50:14: Reason:  Client sent 'drop'
L 02/27/2025 - 20:50:14: [META] (debug:3) Calling engine_amxx_i386.so:ClientConnect()
L 02/27/2025 - 20:50:14: [META] (debug:3) Calling fun_amxx_i386.so:ClientConnect()
L 02/27/2025 - 20:50:14: [META] (debug:3) Calling server.so:ClientConnect()
L 02/27/2025 - 20:50:14: \glitch31415\STEAM_0:0:743386914\ connected from address 127.0.0.1:27005
L 02/27/2025 - 20:50:14: [META] (debug:3) Calling amxmodx_mm_i386.so:ClientConnect_Post()
L 02/27/2025 - 20:50:14: "glitch31415<5><STEAM_0:0:743386914><>" STEAM USERID validated
L 02/27/2025 - 20:50:15: [META] (debug:3) Calling server.so:ClientPutInServer()
L 02/27/2025 - 20:50:15: [META] (debug:3) Calling engine:QueryClientCvarValue2()
L 02/27/2025 - 20:50:15: [META] (debug:3) Calling amxmodx_mm_i386.so:ClientPutInServer_Post()
L 02/27/2025 - 20:50:16: \glitch31415\STEAM_0:0:743386914\ entered the game as wireframe(76,76)
L 02/27/2025 - 20:50:16: [META] (debug:3) Calling amxmodx_mm_i386.so:CvarValue2()
L 02/27/2025 - 20:50:16: [META] (debug:3) Calling server.so:CvarValue2()
L 02/27/2025 - 20:50:16: [META] (debug:3) Calling engine:QueryClientCvarValue2()
L 02/27/2025 - 20:50:16: [META] (debug:3) Calling amxmodx_mm_i386.so:CvarValue2()
L 02/27/2025 - 20:50:16: [META] (debug:3) Calling server.so:CvarValue2()
L 02/27/2025 - 20:50:16: [META] (debug:3) Calling engine:QueryClientCvarValue2()
L 02/27/2025 - 20:50:16: [META] (debug:3) Calling amxmodx_mm_i386.so:CvarValue2()
L 02/27/2025 - 20:50:16: [META] (debug:3) Calling server.so:CvarValue2()
L 02/27/2025 - 20:50:16: [META] (debug:3) Calling engine:QueryClientCvarValue2()
L 02/27/2025 - 20:50:16: [META] (debug:3) Calling amxmodx_mm_i386.so:CvarValue2()
L 02/27/2025 - 20:50:16: [META] (debug:3) Calling server.so:CvarValue2()
L 02/27/2025 - 20:50:16: \glitch31415\STEAM_0:0:743386914\ Client version: Adrenaline Gamer (OpenGL)
L 02/27/2025 - 20:50:27: \glitch31415\STEAM_0:0:743386914\ killed "Human Grunt" with "9mmhandgun"
L 02/27/2025 - 20:51:03: \glitch31415\STEAM_0:0:743386914\ killed "Human Grunt" with "shotgun"
L 02/27/2025 - 20:52:36: \glitch31415\STEAM_0:0:743386914\ killed "Alien Slave" with "shotgun"
L 02/27/2025 - 20:53:32: \glitch31415\STEAM_0:0:743386914\ killed "Scientist" with "grenade"
L 02/27/2025 - 20:53:32: \glitch31415\STEAM_0:0:743386914\ killed "Scientist" with "grenade"
L 02/27/2025 - 20:53:32: \glitch31415\STEAM_0:0:743386914\ killed "Scientist" with "grenade"
L 02/27/2025 - 20:53:32: \glitch31415\STEAM_0:0:743386914\ killed "Human Grunt" with "grenade"
L 02/27/2025 - 20:53:32: \glitch31415\STEAM_0:0:743386914\ killed "Alien Slave" with "grenade"
L 02/27/2025 - 20:53:44: [META] (debug:3) Calling amxmodx_mm_i386.so:ClientDisconnect()
L 02/27/2025 - 20:53:44: [META] (debug:3) Calling engine_amxx_i386.so:ClientDisconnect()
L 02/27/2025 - 20:53:44: [META] (debug:3) Calling server.so:ClientDisconnect()
L