L 02/27/2025 - 18:23:17: Log file started (file "logs/L0227023.log") (game "valve") (version "48/1.1.2.2/Stdio/3897")
L 02/27/2025 - 18:23:17: Loading map "d1_trainstation_02_sandbox"
L 02/27/2025 - 18:23:17: Server cvar "mp_soundvariety" = "0"
L 02/27/2025 - 18:23:17: Server cvar "mp_soundvariety" = "1"
L 02/27/2025 - 18:23:17: [META] (debug:3) user message registered again: name=VoiceMask, msgid=64
L 02/27/2025 - 18:23:17: [META] (debug:3) user message registered again: name=ReqState, msgid=65
L 02/27/2025 - 18:23:17: [META] (debug:3) Calling amxmodx_mm_i386.so:ServerActivate()
L 02/27/2025 - 18:23:17: [META] (debug:3) Calling engine_amxx_i386.so:ServerActivate()
L 02/27/2025 - 18:23:17: [META] (debug:3) Calling fakemeta_amxx_i386.so:ServerActivate()
L 02/27/2025 - 18:23:17: [META] (debug:3) Calling server.so:ServerActivate()
L 02/27/2025 - 18:23:17: [META] (debug:3) Calling amxmodx_mm_i386.so:ServerActivate_Post()
L 02/27/2025 - 18:23:17: Enemy stats: 0k health, 0 npcs
L 02/27/2025 - 18:23:17: Started map "d1_trainstation_02_sandbox" (CRC "652026196")
L 02/27/2025 - 18:23:17: [META] (debug:3) Calling engine_amxx_i386.so:ClientConnect()
L 02/27/2025 - 18:23:17: [META] (debug:3) Calling fun_amxx_i386.so:ClientConnect()
L 02/27/2025 - 18:23:17: [META] (debug:3) Calling server.so:ClientConnect()
L 02/27/2025 - 18:23:17: \glitch31415\STEAM_0:0:743386914\ connected from address 127.0.0.1:27005
L 02/27/2025 - 18:23:17: [META] (debug:3) Calling amxmodx_mm_i386.so:ClientConnect_Post()
L 02/27/2025 - 18:23:18: Dropped glitch31415 from server
L 02/27/2025 - 18:23:18: Reason:  Client sent 'drop'
L 02/27/2025 - 18:23:19: [META] (debug:3) Calling engine_amxx_i386.so:ClientConnect()
L 02/27/2025 - 18:23:19: [META] (debug:3) Calling fun_amxx_i386.so:ClientConnect()
L 02/27/2025 - 18:23:19: [META] (debug:3) Calling server.so:ClientConnect()
L 02/27/2025 - 18:23:19: \glitch31415\STEAM_0:0:743386914\ connected from address 127.0.0.1:27005
L 02/27/2025 - 18:23:19: [META] (debug:3) Calling amxmodx_mm_i386.so:ClientConnect_Post()
L 02/27/2025 - 18:23:19: "glitch31415<27><STEAM_0:0:743386914><>" STEAM USERID validated
L 02/27/2025 - 18:23:20: \bot1\BOT\ connected from address 127.0.0.1
L 02/27/2025 - 18:23:20: \bot1\BOT\ entered the game as ld_gordon(115,90)
L 02/27/2025 - 18:23:20: \bot2\BOT\ connected from address 127.0.0.1
L 02/27/2025 - 18:23:20: \bot2\BOT\ entered the game as ld_gordon(27,145)
L 02/27/2025 - 18:23:20: [META] (debug:3) Calling server.so:ClientPutInServer()
L 02/27/2025 - 18:23:20: [META] (debug:3) Calling engine:QueryClientCvarValue2()
L 02/27/2025 - 18:23:20: [META] (debug:3) Calling amxmodx_mm_i386.so:ClientPutInServer_Post()
L 02/27/2025 - 18:23:20: \glitch31415\STEAM_0:0:743386914\ entered the game as wireframe(76,76)
L 02/27/2025 - 18:23:20: \bot3\BOT\ connected from address 127.0.0.1
L 02/27/2025 - 18:23:20: \bot3\BOT\ entered the game as ld_gordon(245,100)
L 02/27/2025 - 18:23:20: [META] (debug:3) Calling amxmodx_mm_i386.so:CvarValue2()
L 02/27/2025 - 18:23:20: [META] (debug:3) Calling server.so:CvarValue2()
L 02/27/2025 - 18:23:20: [META] (debug:3) Calling engine:QueryClientCvarValue2()
L 02/27/2025 - 18:23:21: [META] (debug:3) Calling amxmodx_mm_i386.so:CvarValue2()
L 02/27/2025 - 18:23:21: [META] (debug:3) Calling server.so:CvarValue2()
L 02/27/2025 - 18:23:21: [META] (debug:3) Calling engine:QueryClientCvarValue2()
L 02/27/2025 - 18:23:21: [META] (debug:3) Calling amxmodx_mm_i386.so:CvarValue2()
L 02/27/2025 - 18:23:21: [META] (debug:3) Calling server.so:CvarValue2()
L 02/27/2025 - 18:23:21: [META] (debug:3) Calling engine:QueryClientCvarValue2()
L 02/27/2025 - 18:23:21: [META] (debug:3) Calling amxmodx_mm_i386.so:CvarValue2()
L 02/27/2025 - 18:23:21: [META] (debug:3) Calling server.so:CvarValue2()
L 02/27/2025 - 18:23:21: \glitch31415\STEAM_0:0:743386914\ Client version: Adrenaline Gamer (OpenGL)
L 02/27/2025 - 18:23:38: \glitch31415\STEAM_0:0:743386914\ killed "Scientist" with "bolt"
L 02/27/2025 - 18:23:38: \glitch31415\STEAM_0:0:743386914\ killed "Scientist" with "bolt"
L 02/27/2025 - 18:23:38: \glitch31415\STEAM_0:0:743386914\ killed "Scientist" with "bolt"
L 02/27/2025 - 18:24:03: Rcon: "rcon 1932176356 "5pgW37D7ad" restart" from "127.0.0.1:27005"
L 02/27/2025 - 18:24:03: [META] (debug:3) Calling amxmodx_mm_i386.so:ClientDisconnect()
L 02/27/2025 - 18:24:03: [META] (debug:3) Calling engine_amxx_i386.so:ClientDisconnect()
L 02/27/2025 - 18:24:03: [META] (debug:3) Calling server.so:ClientDisconnect()
L 02/27/2025 - 18:24:03: \bot1\BOT\ disconnected
L 02/27/2025 - 18:24:03: Dropped bot1 from server
L 02/27/2025 - 18:24:03: Reason:  Dropping fakeclient on level change
L 02/27/2025 - 18:24:03: [META] (debug:3) Calling amxmodx_mm_i386.so:ClientDisconnect()
L 02/27/2025 - 18:24:03: [META] (debug:3) Calling engine_amxx_i386.so:ClientDisconnect()
L 02/27/2025 - 18:24:03: [META] (debug:3) Calling server.so:ClientDisconnect()
L 02/27/2025 - 18:24:03: \bot2\BOT\ disconnected
L 02/27/2025 - 18:24:03: Dropped bot2 from server
L 02/27/2025 - 18:24:03: Reason:  Dropping fakeclient on level change
L 02/27/2025 - 18:24:03: [META] (debug:3) Calling amxmodx_mm_i386.so:ClientDisconnect()
L 02/27/2025 - 18:24:03: [META] (debug:3) Calling engine_amxx_i386.so:ClientDisconnect()
L 02/27/2025 - 18:24:03: [META] (debug:3) Calling server.so:ClientDisconnect()
L 02/27/2025 - 18:24:03: \bot3\BOT\ disconnected
L 02/27/2025 - 18:24:03: Dropped bot3 from server
L 02/27/2025 - 18:24:03: Reason:  Dropping fakeclient on level change
L 02/27/2025 - 18:24:03: [META] (debug:3) Calling amxmodx_mm_i386.so:ServerDeactivate()
L 02/27/2025 - 18:24:03: [META] (debug:3) Calling engine_amxx_i386.so:ServerDeactivate()
L 02/27/2025 - 18:24:03: [META] (debug:3) Calling server.so:ServerDeactivate()
L 02/27/2025 - 18:24:03: \glitch31415\STEAM_0:0:743386914\ 6 points, 0 deaths
L 02/27/2025 - 18:24:03: [META] (debug:3) Calling amxmodx_mm_i386.so:ServerDeactivate_Post()
L 02/27/2025 - 18:24:03: [META] (debug:3) Calling fakemeta_amxx_i386.so:ServerDeactivate_Post()
L 02/27/2025 - 18:24:03: [META] ini: Begin re-reading plugins list: /home/glitch/.steam/debian-installation/steamapps/common/hlds/valve/addons/metamod/plugins.ini
L 02/27/2025 - 18:24:03: [META] ini: Read plugin config for: AMX Mod X
L 02/27/2025 - 18:24:03: [META] ini: Finished reading plugins list: /home/glitch/.steam/debian-installation/steamapps/common/hlds/valve/addons/metamod/plugins.ini; Found 1 plugins
L 02/27/2025 - 18:24:03: [META] dll: Updating plugins...
L 02/27/2025 - 18:24:03: [META] (debug:1) Keeping plugin 'AMX Mod X'
L 02/27/2025 - 18:24:03: [META] dll: Finished updating 5 plugins; kept 1, loaded 0, unloaded 0, reloaded 0, delayed 0
L 02/27/2025 - 18:24:03: [META] (debug:3) Calling amxmodx_mm_i386.so:ClientDisconnect()
L 02/27/2025 - 18:24:03: [META] (debug:3) Calling engine_amxx_i386.so:ClientDisconnect()
L 02/27/2025 - 18:24:03: [META] (debug:3) Calling server.so:ClientDisconnect()
L 02/27/2025 - 18:24:03: \glitch31415\STEAM_0:0:743386914\ disconnected with 6 points
L 02/27/2025 - 18:24:03: Log file closed

-------------------------------------------------------------------------------

