L 02/27/2025 - 19:56:42: Log file started (file "logs/L0227039.log") (game "valve") (version "48/1.1.2.2/Stdio/3897")
L 02/27/2025 - 19:56:42: Loading map "d1_trainstation_02_sandbox"
L 02/27/2025 - 19:56:42: Server cvar "mp_soundvariety" = "0"
L 02/27/2025 - 19:56:42: Server cvar "mp_soundvariety" = "1"
L 02/27/2025 - 19:56:42: [META] (debug:3) user message registered again: name=VoiceMask, msgid=64
L 02/27/2025 - 19:56:42: [META] (debug:3) user message registered again: name=ReqState, msgid=65
L 02/27/2025 - 19:56:42: [META] (debug:3) Calling amxmodx_mm_i386.so:ServerActivate()
L 02/27/2025 - 19:56:42: [META] (debug:3) Calling engine_amxx_i386.so:ServerActivate()
L 02/27/2025 - 19:56:42: [META] (debug:3) Calling fakemeta_amxx_i386.so:ServerActivate()
L 02/27/2025 - 19:56:42: [META] (debug:3) Calling server.so:ServerActivate()
L 02/27/2025 - 19:56:42: [META] (debug:3) Calling amxmodx_mm_i386.so:ServerActivate_Post()
L 02/27/2025 - 19:56:42: Enemy stats: 0k health, 0 npcs
L 02/27/2025 - 19:56:42: Started map "d1_trainstation_02_sandbox" (CRC "652026196")
L 02/27/2025 - 19:56:42: [META] (debug:3) Calling engine_amxx_i386.so:ClientConnect()
L 02/27/2025 - 19:56:42: [META] (debug:3) Calling fun_amxx_i386.so:ClientConnect()
L 02/27/2025 - 19:56:42: [META] (debug:3) Calling server.so:ClientConnect()
L 02/27/2025 - 19:56:42: \glitch31415\STEAM_0:0:743386914\ connected from address 127.0.0.1:27005
L 02/27/2025 - 19:56:42: [META] (debug:3) Calling amxmodx_mm_i386.so:ClientConnect_Post()
L 02/27/2025 - 19:56:44: Dropped glitch31415 from server
L 02/27/2025 - 19:56:44: Reason:  Client sent 'drop'
L 02/27/2025 - 19:56:44: [META] (debug:3) Calling engine_amxx_i386.so:ClientConnect()
L 02/27/2025 - 19:56:44: [META] (debug:3) Calling fun_amxx_i386.so:ClientConnect()
L 02/27/2025 - 19:56:44: [META] (debug:3) Calling server.so:ClientConnect()
L 02/27/2025 - 19:56:44: \glitch31415\STEAM_0:0:743386914\ connected from address 127.0.0.1:27005
L 02/27/2025 - 19:56:44: [META] (debug:3) Calling amxmodx_mm_i386.so:ClientConnect_Post()
L 02/27/2025 - 19:56:44: "glitch31415<14><STEAM_0:0:743386914><>" STEAM USERID validated
L 02/27/2025 - 19:56:45: \bot3\BOT\ connected from address 127.0.0.1
L 02/27/2025 - 19:56:45: \bot3\BOT\ entered the game as ld_gordon(124,123)
L 02/27/2025 - 19:56:45: \bot2\BOT\ connected from address 127.0.0.1
L 02/27/2025 - 19:56:45: \bot2\BOT\ entered the game as ld_gordon(215,60)
L 02/27/2025 - 19:56:46: \bot1\BOT\ connected from address 127.0.0.1
L 02/27/2025 - 19:56:46: \bot1\BOT\ entered the game as ld_gordon(39,148)
L 02/27/2025 - 19:56:46: [META] (debug:3) Calling server.so:ClientPutInServer()
L 02/27/2025 - 19:56:46: [META] (debug:3) Calling engine:QueryClientCvarValue2()
L 02/27/2025 - 19:56:46: [META] (debug:3) Calling amxmodx_mm_i386.so:ClientPutInServer_Post()
L 02/27/2025 - 19:56:46: \glitch31415\STEAM_0:0:743386914\ entered the game as wireframe(76,76)
L 02/27/2025 - 19:56:46: [META] (debug:3) Calling amxmodx_mm_i386.so:CvarValue2()
L 02/27/2025 - 19:56:46: [META] (debug:3) Calling server.so:CvarValue2()
L 02/27/2025 - 19:56:46: [META] (debug:3) Calling engine:QueryClientCvarValue2()
L 02/27/2025 - 19:56:46: [META] (debug:3) Calling amxmodx_mm_i386.so:CvarValue2()
L 02/27/2025 - 19:56:46: [META] (debug:3) Calling server.so:CvarValue2()
L 02/27/2025 - 19:56:46: [META] (debug:3) Calling engine:QueryClientCvarValue2()
L 02/27/2025 - 19:56:46: [META] (debug:3) Calling amxmodx_mm_i386.so:CvarValue2()
L 02/27/2025 - 19:56:46: [META] (debug:3) Calling server.so:CvarValue2()
L 02/27/2025 - 19:56:46: [META] (debug:3) Calling engine:QueryClientCvarValue2()
L 02/27/2025 - 19:56:46: [META] (debug:3) Calling amxmodx_mm_i386.so:CvarValue2()
L 02/27/2025 - 19:56:46: [META] (debug:3) Calling server.so:CvarValue2()
L 02/27/2025 - 19:56:46: \glitch31415\STEAM_0:0:743386914\ Client version: Adrenaline Gamer (OpenGL)
L 02/27/2025 - 20:04:53: Rcon: "rcon 1826472857 "5pgW37D7ad" restart" from "127.0.0.1:27005"
L 02/27/2025 - 20:04:53: [META] (debug:3) Calling amxmodx_mm_i386.so:ClientDisconnect()
L 02/27/2025 - 20:04:53: [META] (debug:3) Calling engine_amxx_i386.so:ClientDisconnect()
L 02/27/2025 - 20:04:53: [META] (debug:3) Calling server.so:ClientDisconnect()
L 02/27/2025 - 20:04:53: \bot3\BOT\ disconnected
L 02/27/2025 - 20:04:53: Dropped bot3 from server
L 02/27/2025 - 20:04:53: Reason:  Dropping fakeclient on level change
L 02/27/2025 - 20:04:53: [META] (debug:3) Calling amxmodx_mm_i386.so:ClientDisconnect()
L 02/27/2025 - 20:04:53: [META] (debug:3) Calling engine_amxx_i386.so:ClientDisconnect()
L 02/27/2025 - 20:04:53: [META] (debug:3) Calling server.so:ClientDisconnect()
L 02/27/2025 - 20:04:53: \bot2\BOT\ disconnected
L 02/27/2025 - 20:04:53: Dropped bot2 from server
L 02/27/2025 - 20:04:53: Reason:  Dropping fakeclient on level change
L 02/27/2025 - 20:04:53: [META] (debug:3) Calling amxmodx_mm_i386.so:ClientDisconnect()
L 02/27/2025 - 20:04:53: [META] (debug:3) Calling engine_amxx_i386.so:ClientDisconnect()
L 02/27/2025 - 20:04:53: [META] (debug:3) Calling server.so:ClientDisconnect()
L 02/27/2025 - 20:04:53: \bot1\BOT\ disconnected
L 02/27/2025 - 20:04:53: Dropped bot1 from server
L 02/27/2025 - 20:04:53: Reason:  Dropping fakeclient on level change
L 02/27/2025 - 20:04:53: [META] (debug:3) Calling amxmodx_mm_i386.so:ServerDeactivate()
L 02/27/2025 - 20:04:53: [META] (debug:3) Calling engine_amxx_i386.so:ServerDeactivate()
L 02/27/2025 - 20:04:53: [META] (debug:3) Calling server.so:ServerDeactivate()
L 02/27/2025 - 20:04:53: \glitch31415\STEAM_0:0:743386914\ 0 points, 0 deaths
L 02/27/2025 - 20:04:53: [META] (debug:3) Calling amxmodx_mm_i386.so:ServerDeactivate_Post()
L 02/27/2025 - 20:04:53: [META] (debug:3) Calling fakemeta_amxx_i386.so:ServerDeactivate_Post()
L 02/27/2025 - 20:04:53: [META] ini: Begin re-reading plugins list: /home/glitch/.steam/debian-installation/steamapps/common/hlds/valve/addons/metamod/plugins.ini
L 02/27/2025 - 20:04:53: [META] ini: Read plugin config for: AMX Mod X
L 02/27/2025 - 20:04:53: [META] ini: Finished reading plugins list: /home/glitch/.steam/debian-installation/steamapps/common/hlds/valve/addons/metamod/plugins.ini; Found 1 plugins
L 02/27/2025 - 20:04:53: [META] dll: Updating plugins...
L 02/27/2025 - 20:04:53: [META] (debug:1) Keeping plugin 'AMX Mod X'
L 02/27/2025 - 20:04:53: [META] dll: Finished updating 5 plugins; kept 1, loaded 0, unloaded 0, reloaded 0, delayed 0
L 02/27/2025 - 20:04:53: [META] (debug:3) Calling amxmodx_mm_i386.so:ClientDisconnect()
L 02/27/2025 - 20:04:53: [META] (debug:3) Calling engine_amxx_i386.so:ClientDisconnect()
L 02/27/2025 - 20:04:53: [META] (debug:3) Calling server.so:ClientDisconnect()
L 02/27/2025 - 20:04:53: \glitch31415\STEAM_0:0:743386914\ disconnected
L 02/27/2025 - 20:04:53: Log file closed

-------------------------------------------------------------------------------

