L 02/27/2025 - 18:17:24: Log file started (file "logs/L0227019.log") (game "valve") (version "48/1.1.2.2/Stdio/3897")
L 02/27/2025 - 18:17:24: Loading map "infested"
L 02/27/2025 - 18:17:24: Server cvar "mp_soundvariety" = "0"
L 02/27/2025 - 18:17:24: Server cvar "mp_soundvariety" = "1"
L 02/27/2025 - 18:17:24: [META] (debug:3) user message registered again: name=VoiceMask, msgid=64
L 02/27/2025 - 18:17:24: [META] (debug:3) user message registered again: name=ReqState, msgid=65
L 02/27/2025 - 18:17:24: [META] (debug:3) Calling amxmodx_mm_i386.so:ServerActivate()
L 02/27/2025 - 18:17:24: [META] (debug:3) Calling engine_amxx_i386.so:ServerActivate()
L 02/27/2025 - 18:17:24: [META] (debug:3) Calling fakemeta_amxx_i386.so:ServerActivate()
L 02/27/2025 - 18:17:24: [META] (debug:3) Calling server.so:ServerActivate()
L 02/27/2025 - 18:17:24: Server cvar "mp_nextmap" = "infested2"
L 02/27/2025 - 18:17:24: [META] (debug:3) Calling amxmodx_mm_i386.so:ServerActivate_Post()
L 02/27/2025 - 18:17:24: Server cvar "amx_nextmap" = "infested2"
L 02/27/2025 - 18:17:24: Enemy stats: 40k health, 178+ npcs
L 02/27/2025 - 18:17:24: Started map "infested" (CRC "1856797836")
L 02/27/2025 - 18:17:24: [META] (debug:3) Calling engine_amxx_i386.so:ClientConnect()
L 02/27/2025 - 18:17:24: [META] (debug:3) Calling fun_amxx_i386.so:ClientConnect()
L 02/27/2025 - 18:17:24: [META] (debug:3) Calling server.so:ClientConnect()
L 02/27/2025 - 18:17:24: \glitch31415\STEAM_0:0:743386914\ connected from address 127.0.0.1:27005
L 02/27/2025 - 18:17:24: [META] (debug:3) Calling amxmodx_mm_i386.so:ClientConnect_Post()
L 02/27/2025 - 18:17:26: Dropped glitch31415 from server
L 02/27/2025 - 18:17:26: Reason:  Client sent 'drop'
L 02/27/2025 - 18:17:26: [META] (debug:3) Calling engine_amxx_i386.so:ClientConnect()
L 02/27/2025 - 18:17:26: [META] (debug:3) Calling fun_amxx_i386.so:ClientConnect()
L 02/27/2025 - 18:17:26: [META] (debug:3) Calling server.so:ClientConnect()
L 02/27/2025 - 18:17:26: \glitch31415\STEAM_0:0:743386914\ connected from address 127.0.0.1:27005
L 02/27/2025 - 18:17:26: [META] (debug:3) Calling amxmodx_mm_i386.so:ClientConnect_Post()
L 02/27/2025 - 18:17:27: "glitch31415<11><STEAM_0:0:743386914><>" STEAM USERID validated
L 02/27/2025 - 18:17:28: \bot2\BOT\ connected from address 127.0.0.1
L 02/27/2025 - 18:17:28: \bot2\BOT\ entered the game as ld_gordon(102,155)
L 02/27/2025 - 18:17:28: \bot1\BOT\ connected from address 127.0.0.1
L 02/27/2025 - 18:17:28: \bot1\BOT\ entered the game as ld_gordon(185,212)
L 02/27/2025 - 18:17:28: \bot3\BOT\ connected from address 127.0.0.1
L 02/27/2025 - 18:17:28: \bot3\BOT\ entered the game as ld_gordon(198,59)
L 02/27/2025 - 18:17:28: [META] (debug:3) Calling server.so:ClientPutInServer()
L 02/27/2025 - 18:17:28: [META] (debug:3) Calling engine:QueryClientCvarValue2()
L 02/27/2025 - 18:17:28: [META] (debug:3) Calling amxmodx_mm_i386.so:ClientPutInServer_Post()
L 02/27/2025 - 18:17:28: \glitch31415\STEAM_0:0:743386914\ entered the game as wireframe(76,76)
L 02/27/2025 - 18:17:28: [META] (debug:3) Calling amxmodx_mm_i386.so:CvarValue2()
L 02/27/2025 - 18:17:28: [META] (debug:3) Calling server.so:CvarValue2()
L 02/27/2025 - 18:17:28: [META] (debug:3) Calling engine:QueryClientCvarValue2()
L 02/27/2025 - 18:17:29: [META] (debug:3) Calling amxmodx_mm_i386.so:CvarValue2()
L 02/27/2025 - 18:17:29: [META] (debug:3) Calling server.so:CvarValue2()
L 02/27/2025 - 18:17:29: [META] (debug:3) Calling engine:QueryClientCvarValue2()
L 02/27/2025 - 18:17:29: [META] (debug:3) Calling amxmodx_mm_i386.so:CvarValue2()
L 02/27/2025 - 18:17:29: [META] (debug:3) Calling server.so:CvarValue2()
L 02/27/2025 - 18:17:29: [META] (debug:3) Calling engine:QueryClientCvarValue2()
L 02/27/2025 - 18:17:29: [META] (debug:3) Calling amxmodx_mm_i386.so:CvarValue2()
L 02/27/2025 - 18:17:29: [META] (debug:3) Calling server.so:CvarValue2()
L 02/27/2025 - 18:17:29: \glitch31415\STEAM_0:0:743386914\ Client version: Adrenaline Gamer (OpenGL)
L 02/27/2025 - 18:18:02: \glitch31415\STEAM_0:0:743386914\ killed "Sentry Gun" with "357"
L 02/27/2025 - 18:18:42: \glitch31415\STEAM_0:0:743386914\ killed "Security Guard #2" with "bolt"
L 02/27/2025 - 18:18:48: \glitch31415\STEAM_0:0:743386914\ killed "Security Guard #1" with "bolt"
L 02/27/2025 - 18:19:01: \glitch31415\STEAM_0:0:743386914\ killed "Enemy Medic" with "shotgun"
L 02/27/2025 - 18:19:03: \glitch31415\STEAM_0:0:743386914\ killed "Human Grunt" with "shotgun"
L 02/27/2025 - 18:19:06: \glitch31415\STEAM_0:0:743386914\ killed "Sentry Turret" with "shotgun"
L 02/27/2025 - 18:19:12: \glitch31415\STEAM_0:0:743386914\ killed "Human Grunt" with "9mmAR"
L 02/27/2025 - 18:19:13: \glitch31415\STEAM_0:0:743386914\ killed by "Human Grunt"
L 02/27/2025 - 18:19:17: \glitch31415\STEAM_0:0:743386914\ killed by "Human Grunt"
L 02/27/2025 - 18:19:19: \glitch31415\STEAM_0:0:743386914\ killed by "Human Grunt"
L 02/27/2025 - 18:19:25: \glitch31415\STEAM_0:0:743386914\ killed by "Human Grunt"
L 02/27/2025 - 18:19:27: Rcon: "rcon 1932176356 "5pgW37D7ad" changelevel d1_trainstation_02_sandbox" from "127.0.0.1:27005"
L 02/27/2025 - 18:19:27: [META] (debug:3) Calling amxmodx_mm_i386.so:ClientDisconnect()
L 02/27/2025 - 18:19:27: [META] (debug:3) Calling engine_amxx_i386.so:ClientDisconnect()
L 02/27/2025 - 18:19:27: [META] (debug:3) Calling server.so:ClientDisconnect()
L 02/27/2025 - 18:19:27: \bot2\BOT\ disconnected
L 02/27/2025 - 18:19:27: Dropped bot2 from server
L 02/27/2025 - 18:19:27: Reason:  Dropping fakeclient on level change
L 02/27/2025 - 18:19:27: [META] (debug:3) Calling amxmodx_mm_i386.so:ClientDisconnect()
L 02/27/2025 - 18:19:27: [META] (debug:3) Calling engine_amxx_i386.so:ClientDisconnect()
L 02/27/2025 - 18:19:27: [META] (debug:3) Calling server.so:ClientDisconnect()
L 02/27/2025 - 18:19:27: \bot1\BOT\ disconnected
L 02/27/2025 - 18:19:27: Dropped bot1 from server
L 02/27/2025 - 18:19:27: Reason:  Dropping fakeclient on level change
L 02/27/2025 - 18:19:27: [META] (debug:3) Calling amxmodx_mm_i386.so:ClientDisconnect()
L 02/27/2025 - 18:19:27: [META] (debug:3) Calling engine_amxx_i386.so:ClientDisconnect()
L 02/27/2025 - 18:19:27: [META] (debug:3) Calling server.so:ClientDisconnect()
L 02/27/2025 - 18:19:27: \bot3\BOT\ disconnected
L 02/27/2025 - 18:19:27: Dropped bot3 from server
L 02/27/2025 - 18:19:27: Reason:  Dropping fakeclient on level change
L 02/27/2025 - 18:19:27: [META] (debug:3) Calling amxmodx_mm_i386.so:ServerDeactivate()
L 02/27/2025 - 18:19:27: [META] (debug:3) Calling engine_amxx_i386.so:ServerDeactivate()
L 02/27/2025 - 18:19:27: [META] (debug:3) Calling server.so:ServerDeactivate()
L 02/27/2025 - 18:19:27: \glitch31415\STEAM_0:0:743386914\ 5 points, 4 deaths
L 02/27/2025 - 18:19:27: [META] (debug:3) Calling amxmodx_mm_i386.so:ServerDeactivate_Post()
L 02/27/2025 - 18:19:27: [META] (debug:3) Calling fakemeta_amxx_i386.so:ServerDeactivate_Post()
L 02/27/2025 - 18:19:27: [META] ini: Begin re-reading plugins list: /home/glitch/.steam/debian-installation/steamapps/common/hlds/valve/addons/metamod/plugins.ini
L 02/27/2025 - 18:19:27: [META] ini: Read plugin config for: AMX Mod X
L 02/27/2025 - 18:19:27: [META] ini: Finished reading plugins list: /home/glitch/.steam/debian-installation/steamapps/common/hlds/valve/addons/metamod/plugins.ini; Found 1 plugins
L 02/27/2025 - 18:19:27: [META] dll: Updating plugins...
L 02/27/2025 - 18:19:27: [META] (debug:1) Keeping plugin 'AMX Mod X'
L 02/27/2025 - 18:19:27: [META] dll: Finished updating 5 plugins; kept 1, loaded 0, unloaded 0, reloaded 0, delayed 0
L 02/27/2025 - 18:19:27: [META] (debug:3) Calling amxmodx_mm_i386.so:ClientDisconnect()
L 02/27/2025 - 18:19:27: [META] (debug:3) Calling engine_amxx_i386.so:ClientDisconnect()
L 02/27/2025 - 18:19:27: [META] (debug:3) Calling server.so:ClientDisconnect()
L 02/27/2025 - 18:19:27: \glitch31415\STEAM_0:0:743386914\ disconnected with 5 points
L 02/27/2025 - 18:19:27: Log file closed

-------------------------------------------------------------------------------

