L 02/27/2025 - 19:49:42: Log file started (file "logs/L0227038.log") (game "valve") (version "48/1.1.2.2/Stdio/3897")
L 02/27/2025 - 19:49:42: Loading map "d1_trainstation_02_sandbox"
L 02/27/2025 - 19:49:42: Server cvar "mp_soundvariety" = "0"
L 02/27/2025 - 19:49:42: Server cvar "mp_soundvariety" = "1"
L 02/27/2025 - 19:49:42: [META] (debug:3) user message registered again: name=VoiceMask, msgid=64
L 02/27/2025 - 19:49:42: [META] (debug:3) user message registered again: name=ReqState, msgid=65
L 02/27/2025 - 19:49:42: [META] (debug:3) Calling amxmodx_mm_i386.so:ServerActivate()
L 02/27/2025 - 19:49:42: [META] (debug:3) Calling engine_amxx_i386.so:ServerActivate()
L 02/27/2025 - 19:49:42: [META] (debug:3) Calling fakemeta_amxx_i386.so:ServerActivate()
L 02/27/2025 - 19:49:42: [META] (debug:3) Calling server.so:ServerActivate()
L 02/27/2025 - 19:49:42: [META] (debug:3) Calling amxmodx_mm_i386.so:ServerActivate_Post()
L 02/27/2025 - 19:49:42: Enemy stats: 0k health, 0 npcs
L 02/27/2025 - 19:49:42: Started map "d1_trainstation_02_sandbox" (CRC "652026196")
L 02/27/2025 - 19:49:42: [META] (debug:3) Calling engine_amxx_i386.so:ClientConnect()
L 02/27/2025 - 19:49:42: [META] (debug:3) Calling fun_amxx_i386.so:ClientConnect()
L 02/27/2025 - 19:49:42: [META] (debug:3) Calling server.so:ClientConnect()
L 02/27/2025 - 19:49:42: \glitch31415\STEAM_0:0:743386914\ connected from address 127.0.0.1:27005
L 02/27/2025 - 19:49:42: [META] (debug:3) Calling amxmodx_mm_i386.so:ClientConnect_Post()
L 02/27/2025 - 19:49:43: Dropped glitch31415 from server
L 02/27/2025 - 19:49:43: Reason:  Client sent 'drop'
L 02/27/2025 - 19:49:44: [META] (debug:3) Calling engine_amxx_i386.so:ClientConnect()
L 02/27/2025 - 19:49:44: [META] (debug:3) Calling fun_amxx_i386.so:ClientConnect()
L 02/27/2025 - 19:49:44: [META] (debug:3) Calling server.so:ClientConnect()
L 02/27/2025 - 19:49:44: \glitch31415\STEAM_0:0:743386914\ connected from address 127.0.0.1:27005
L 02/27/2025 - 19:49:44: [META] (debug:3) Calling amxmodx_mm_i386.so:ClientConnect_Post()
L 02/27/2025 - 19:49:44: "glitch31415<10><STEAM_0:0:743386914><>" STEAM USERID validated
L 02/27/2025 - 19:49:45: \bot1\BOT\ connected from address 127.0.0.1
L 02/27/2025 - 19:49:45: \bot1\BOT\ entered the game as ld_gordon(58,28)
L 02/27/2025 - 19:49:45: \bot2\BOT\ connected from address 127.0.0.1
L 02/27/2025 - 19:49:45: \bot2\BOT\ entered the game as ld_gordon(150,158)
L 02/27/2025 - 19:49:45: \bot3\BOT\ connected from address 127.0.0.1
L 02/27/2025 - 19:49:45: \bot3\BOT\ entered the game as ld_gordon(147,120)
L 02/27/2025 - 19:49:46: [META] (debug:3) Calling server.so:ClientPutInServer()
L 02/27/2025 - 19:49:46: [META] (debug:3) Calling engine:QueryClientCvarValue2()
L 02/27/2025 - 19:49:46: [META] (debug:3) Calling amxmodx_mm_i386.so:ClientPutInServer_Post()
L 02/27/2025 - 19:49:46: \glitch31415\STEAM_0:0:743386914\ entered the game as wireframe(76,76)
L 02/27/2025 - 19:49:46: [META] (debug:3) Calling amxmodx_mm_i386.so:CvarValue2()
L 02/27/2025 - 19:49:46: [META] (debug:3) Calling server.so:CvarValue2()
L 02/27/2025 - 19:49:46: [META] (debug:3) Calling engine:QueryClientCvarValue2()
L 02/27/2025 - 19:49:46: [META] (debug:3) Calling amxmodx_mm_i386.so:CvarValue2()
L 02/27/2025 - 19:49:46: [META] (debug:3) Calling server.so:CvarValue2()
L 02/27/2025 - 19:49:46: [META] (debug:3) Calling engine:QueryClientCvarValue2()
L 02/27/2025 - 19:49:46: [META] (debug:3) Calling amxmodx_mm_i386.so:CvarValue2()
L 02/27/2025 - 19:49:46: [META] (debug:3) Calling server.so:CvarValue2()
L 02/27/2025 - 19:49:46: [META] (debug:3) Calling engine:QueryClientCvarValue2()
L 02/27/2025 - 19:49:46: [META] (debug:3) Calling amxmodx_mm_i386.so:CvarValue2()
L 02/27/2025 - 19:49:46: [META] (debug:3) Calling server.so:CvarValue2()
L 02/27/2025 - 19:49:46: \glitch31415\STEAM_0:0:743386914\ Client version: Adrenaline Gamer (OpenGL)
L 02/27/2025 - 19:50:00: \glitch31415\STEAM_0:0:743386914\ killed "Scientist" with "9mmhandgun"
L 02/27/2025 - 19:54:15: \glitch31415\STEAM_0:0:743386914\ killed "Scientist" with "crowbar"
L 02/27/2025 - 19:54:25: \glitch31415\STEAM_0:0:743386914\ killed "Scientist" with "crowbar"
L 02/27/2025 - 19:55:55: \glitch31415\STEAM_0:0:743386914\ killed "Scientist" with "crowbar"
L 02/27/2025 - 19:56:04: \glitch31415\STEAM_0:0:743386914\ killed "Scientist" with "crowbar"
L 02/27/2025 - 19:56:09: \glitch31415\STEAM_0:0:743386914\ killed by "Vehicle"
L 02/27/2025 - 19:56:18: \glitch31415\STEAM_0:0:743386914\ killed "Scientist" with "9mmhandgun"
L 02/27/2025 - 19:56:42: Rcon: "rcon 1826472857 "5pgW37D7ad" restart" from "127.0.0.1:27005"
L 02/27/2025 - 19:56:42: [META] (debug:3) Calling amxmodx_mm_i386.so:ClientDisconnect()
L 02/27/2025 - 19:56:42: [META] (debug:3) Calling engine_amxx_i386.so:ClientDisconnect()
L 02/27/2025 - 19:56:42: [META] (debug:3) Calling server.so:ClientDisconnect()
L 02/27/2025 - 19:56:42: \bot1\BOT\ disconnected
L 02/27/2025 - 19:56:42: Dropped bot1 from server
L 02/27/2025 - 19:56:42: Reason:  Dropping fakeclient on level change
L 02/27/2025 - 19:56:42: [META] (debug:3) Calling amxmodx_mm_i386.so:ClientDisconnect()
L 02/27/2025 - 19:56:42: [META] (debug:3) Calling engine_amxx_i386.so:ClientDisconnect()
L 02/27/2025 - 19:56:42: [META] (debug:3) Calling server.so:ClientDisconnect()
L 02/27/2025 - 19:56:42: \bot2\BOT\ disconnected
L 02/27/2025 - 19:56:42: Dropped bot2 from server
L 02/27/2025 - 19:56:42: Reason:  Dropping fakeclient on level change
L 02/27/2025 - 19:56:42: [META] (debug:3) Calling amxmodx_mm_i386.so:ClientDisconnect()
L 02/27/2025 - 19:56:42: [META] (debug:3) Calling engine_amxx_i386.so:ClientDisconnect()
L 02/27/2025 - 19:56:42: [META] (debug:3) Calling server.so:ClientDisconnect()
L 02/27/2025 - 19:56:42: \bot3\BOT\ disconnected
L 02/27/2025 - 19:56:42: Dropped bot3 from server
L 02/27/2025 - 19:56:42: Reason:  Dropping fakeclient on level change
L 02/27/2025 - 19:56:42: [META] (debug:3) Calling amxmodx_mm_i386.so:ServerDeactivate()
L 02/27/2025 - 19:56:42: [META] (debug:3) Calling engine_amxx_i386.so:ServerDeactivate()
L 02/27/2025 - 19:56:42: [META] (debug:3) Calling server.so:ServerDeactivate()
L 02/27/2025 - 19:56:42: \glitch31415\STEAM_0:0:743386914\ 8 points, 1 deaths
L 02/27/2025 - 19:56:42: [META] (debug:3) Calling amxmodx_mm_i386.so:ServerDeactivate_Post()
L 02/27/2025 - 19:56:42: [META] (debug:3) Calling fakemeta_amxx_i386.so:ServerDeactivate_Post()
L 02/27/2025 - 19:56:42: [META] ini: Begin re-reading plugins list: /home/glitch/.steam/debian-installation/steamapps/common/hlds/valve/addons/metamod/plugins.ini
L 02/27/2025 - 19:56:42: [META] ini: Read plugin config for: AMX Mod X
L 02/27/2025 - 19:56:42: [META] ini: Finished reading plugins list: /home/glitch/.steam/debian-installation/steamapps/common/hlds/valve/addons/metamod/plugins.ini; Found 1 plugins
L 02/27/2025 - 19:56:42: [META] dll: Updating plugins...
L 02/27/2025 - 19:56:42: [META] (debug:1) Keeping plugin 'AMX Mod X'
L 02/27/2025 - 19:56:42: [META] dll: Finished updating 5 plugins; kept 1, loaded 0, unloaded 0, reloaded 0, delayed 0
L 02/27/2025 - 19:56:42: [META] (debug:3) Calling amxmodx_mm_i386.so:ClientDisconnect()
L 02/27/2025 - 19:56:42: [META] (debug:3) Calling engine_amxx_i386.so:ClientDisconnect()
L 02/27/2025 - 19:56:42: [META] (debug:3) Calling server.so:ClientDisconnect()
L 02/27/2025 - 19:56:42: \glitch31415\STEAM_0:0:743386914\ disconnected with 8 points
L 02/27/2025 - 19:56:42: Log file closed

-------------------------------------------------------------------------------

