L 02/28/2025 - 18:21:04: Log file started (file "logs/L0228036.log") (game "valve") (version "48/1.1.2.2/Stdio/3897")
L 02/28/2025 - 18:21:04: Loading map "e1m1_sandbox"
L 02/28/2025 - 18:21:04: Server cvar "mp_soundvariety" = "0"
L 02/28/2025 - 18:21:04: Server cvar "mp_soundvariety" = "1"
L 02/28/2025 - 18:21:04: [META] (debug:3) user message registered again: name=VoiceMask, msgid=64
L 02/28/2025 - 18:21:04: [META] (debug:3) user message registered again: name=ReqState, msgid=65
L 02/28/2025 - 18:21:04: [META] ERROR: Couldn't find game entity 'info_texlights' in game DLL 'valve': /home/glitch/.steam/debian-installation/steamapps/common/hlds/valve/dlls/server.so: undefined symbol: info_texlights
L 02/28/2025 - 18:21:04: [META] ERROR: Couldn't find game entity 'weapon_plasmarifle' in game DLL 'valve': /home/glitch/.steam/debian-installation/steamapps/common/hlds/valve/dlls/server.so: undefined symbol: weapon_plasmarifle
L 02/28/2025 - 18:21:04: [META] (debug:3) Calling amxmodx_mm_i386.so:ServerActivate()
L 02/28/2025 - 18:21:04: [META] (debug:3) Calling engine_amxx_i386.so:ServerActivate()
L 02/28/2025 - 18:21:04: [META] (debug:3) Calling fakemeta_amxx_i386.so:ServerActivate()
L 02/28/2025 - 18:21:04: [META] (debug:3) Calling server.so:ServerActivate()
L 02/28/2025 - 18:21:04: Server cvar "mp_nextmap" = "chaos_sandbox"
L 02/28/2025 - 18:21:04: [META] (debug:3) Calling amxmodx_mm_i386.so:ServerActivate_Post()
L 02/28/2025 - 18:21:04: Enemy stats: 5k health, 32 npcs
L 02/28/2025 - 18:21:04: Started map "e1m1_sandbox" (CRC "-1708525548")
L 02/28/2025 - 18:21:04: [META] (debug:3) Calling engine_amxx_i386.so:ClientConnect()
L 02/28/2025 - 18:21:04: [META] (debug:3) Calling fun_amxx_i386.so:ClientConnect()
L 02/28/2025 - 18:21:04: [META] (debug:3) Calling server.so:ClientConnect()
L 02/28/2025 - 18:21:04: \glitch31415\STEAM_0:0:743386914\ connected from address 127.0.0.1:27005
L 02/28/2025 - 18:21:04: [META] (debug:3) Calling amxmodx_mm_i386.so:ClientConnect_Post()
L 02/28/2025 - 18:21:05: Dropped glitch31415 from server
L 02/28/2025 - 18:21:05: Reason:  Client sent 'drop'
L 02/28/2025 - 18:21:06: [META] (debug:3) Calling engine_amxx_i386.so:ClientConnect()
L 02/28/2025 - 18:21:06: [META] (debug:3) Calling fun_amxx_i386.so:ClientConnect()
L 02/28/2025 - 18:21:06: [META] (debug:3) Calling server.so:ClientConnect()
L 02/28/2025 - 18:21:06: \glitch31415\STEAM_0:0:743386914\ connected from address 127.0.0.1:27005
L 02/28/2025 - 18:21:06: [META] (debug:3) Calling amxmodx_mm_i386.so:ClientConnect_Post()
L 02/28/2025 - 18:21:06: "glitch31415<2><STEAM_0:0:743386914><>" STEAM USERID validated
L 02/28/2025 - 18:21:07: \bot3\BOT\ connected from address 127.0.0.1
L 02/28/2025 - 18:21:07: \bot3\BOT\ entered the game as ld_gordon(201,79)
L 02/28/2025 - 18:21:07: \bot1\BOT\ connected from address 127.0.0.1
L 02/28/2025 - 18:21:07: \bot1\BOT\ entered the game as ld_gordon(40,142)
L 02/28/2025 - 18:21:07: \bot2\BOT\ connected from address 127.0.0.1
L 02/28/2025 - 18:21:07: \bot2\BOT\ entered the game as ld_gordon(51,93)
L 02/28/2025 - 18:21:08: [META] (debug:3) Calling server.so:ClientPutInServer()
L 02/28/2025 - 18:21:08: [META] (debug:3) Calling engine:QueryClientCvarValue2()
L 02/28/2025 - 18:21:08: [META] (debug:3) Calling amxmodx_mm_i386.so:ClientPutInServer_Post()
L 02/28/2025 - 18:21:08: \glitch31415\STEAM_0:0:743386914\ entered the game as wireframe(76,76)
L 02/28/2025 - 18:21:08: [META] (debug:3) Calling amxmodx_mm_i386.so:CvarValue2()
L 02/28/2025 - 18:21:08: [META] (debug:3) Calling server.so:CvarValue2()
L 02/28/2025 - 18:21:08: [META] (debug:3) Calling engine:QueryClientCvarValue2()
L 02/28/2025 - 18:21:08: [META] (debug:3) Calling amxmodx_mm_i386.so:CvarValue2()
L 02/28/2025 - 18:21:08: [META] (debug:3) Calling server.so:CvarValue2()
L 02/28/2025 - 18:21:08: [META] (debug:3) Calling engine:QueryClientCvarValue2()
L 02/28/2025 - 18:21:08: [META] (debug:3) Calling amxmodx_mm_i386.so:CvarValue2()
L 02/28/2025 - 18:21:08: [META] (debug:3) Calling server.so:CvarValue2()
L 02/28/2025 - 18:21:08: [META] (debug:3) Calling engine:QueryClientCvarValue2()
L 02/28/2025 - 18:21:08: [META] (debug:3) Calling amxmodx_mm_i386.so:CvarValue2()
L 02/28/2025 - 18:21:08: [META] (debug:3) Calling server.so:CvarValue2()
L 02/28/2025 - 18:21:08: \glitch31415\STEAM_0:0:743386914\ Client version: Adrenaline Gamer (OpenGL)
L 02/28/2025 - 18:21:19: \glitch31415\STEAM_0:0:743386914\ killed by "Human Grunt"
L 02/28/2025 - 18:21:25: Rcon: "rcon 239360425 "5pgW37D7ad" changelevel d1_trainstation_02_sandbox" from "127.0.0.1:27005"
L 02/28/2025 - 18:21:25: [META] (debug:3) Calling amxmodx_mm_i386.so:ClientDisconnect()
L 02/28/2025 - 18:21:25: [META] (debug:3) Calling engine_amxx_i386.so:ClientDisconnect()
L 02/28/2025 - 18:21:25: [META] (debug:3) Calling server.so:ClientDisconnect()
L 02/28/2025 - 18:21:25: \bot3\BOT\ disconnected
L 02/28/2025 - 18:21:25: Dropped bot3 from server
L 02/28/2025 - 18:21:25: Reason:  Dropping fakeclient on level change
L 02/28/2025 - 18:21:25: [META] (debug:3) Calling amxmodx_mm_i386.so:ClientDisconnect()
L 02/28/2025 - 18:21:25: [META] (debug:3) Calling engine_amxx_i386.so:ClientDisconnect()
L 02/28/2025 - 18:21:25: [META] (debug:3) Calling server.so:ClientDisconnect()
L 02/28/2025 - 18:21:25: \bot1\BOT\ disconnected
L 02/28/2025 - 18:21:25: Dropped bot1 from server
L 02/28/2025 - 18:21:25: Reason:  Dropping fakeclient on level change
L 02/28/2025 - 18:21:25: [META] (debug:3) Calling amxmodx_mm_i386.so:ClientDisconnect()
L 02/28/2025 - 18:21:25: [META] (debug:3) Calling engine_amxx_i386.so:ClientDisconnect()
L 02/28/2025 - 18:21:25: [META] (debug:3) Calling server.so:ClientDisconnect()
L 02/28/2025 - 18:21:25: \bot2\BOT\ disconnected
L 02/28/2025 - 18:21:25: Dropped bot2 from server
L 02/28/2025 - 18:21:25: Reason:  Dropping fakeclient on level change
L 02/28/2025 - 18:21:25: [META] (debug:3) Calling amxmodx_mm_i386.so:ServerDeactivate()
L 02/28/2025 - 18:21:25: [META] (debug:3) Calling engine_amxx_i386.so:ServerDeactivate()
L 02/28/2025 - 18:21:25: [META] (debug:3) Calling server.so:ServerDeactivate()
L 02/28/2025 - 18:21:25: \glitch31415\STEAM_0:0:743386914\ -3 points, 1 deaths
L 02/28/2025 - 18:21:25: [META] (debug:3) Calling amxmodx_mm_i386.so:ServerDeactivate_Post()
L 02/28/2025 - 18:21:25: [META] (debug:3) Calling fakemeta_amxx_i386.so:ServerDeactivate_Post()
L 02/28/2025 - 18:21:25: [META] ini: Begin re-reading plugins list: /home/glitch/.steam/debian-installation/steamapps/common/hlds/valve/addons/metamod/plugins.ini
L 02/28/2025 - 18:21:25: [META] ini: Read plugin config for: AMX Mod X
L 02/28/2025 - 18:21:25: [META] ini: Finished reading plugins list: /home/glitch/.steam/debian-installation/steamapps/common/hlds/valve/addons/metamod/plugins.ini; Found 1 plugins
L 02/28/2025 - 18:21:25: [META] dll: Updating plugins...
L 02/28/2025 - 18:21:25: [META] (debug:1) Keeping plugin 'AMX Mod X'
L 02/28/2025 - 18:21:25: [META] dll: Finished updating 5 plugins; kept 1, loaded 0, unloaded 0, reloaded 0, delayed 0
L 02/28/2025 - 18:21:25: [META] (debug:3) Calling amxmodx_mm_i386.so:ClientDisconnect()
L 02/28/2025 - 18:21:25: [META] (debug:3) Calling engine_amxx_i386.so:ClientDisconnect()
L 02/28/2025 - 18:21:25: [META] (debug:3) Calling server.so:ClientDisconnect()
L 02/28/2025 - 18:21:25: \glitch31415\STEAM_0:0:743386914\ disconnected
L 02/28/2025 - 18:21:25: Log file closed

-------------------------------------------------------------------------------

