L 02/28/2025 - 16:46:20: Log file started (file "logs/L0228026.log") (game "valve") (version "48/1.1.2.2/Stdio/3897")
L 02/28/2025 - 16:46:20: Loading map "boot_camp_sandbox"
L 02/28/2025 - 16:46:20: Server cvar "mp_soundvariety" = "0"
L 02/28/2025 - 16:46:20: Server cvar "mp_soundvariety" = "1"
L 02/28/2025 - 16:46:20: [META] (debug:3) user message registered again: name=VoiceMask, msgid=64
L 02/28/2025 - 16:46:20: [META] (debug:3) user message registered again: name=ReqState, msgid=65
L 02/28/2025 - 16:46:20: [META] ERROR: Couldn't find game entity 'info_intermission' in game DLL 'valve': /home/glitch/.steam/debian-installation/steamapps/common/hlds/valve/dlls/server.so: undefined symbol: info_intermission
L 02/28/2025 - 16:46:20: [META] (debug:3) Calling amxmodx_mm_i386.so:ServerActivate()
L 02/28/2025 - 16:46:20: [META] (debug:3) Calling engine_amxx_i386.so:ServerActivate()
L 02/28/2025 - 16:46:20: [META] (debug:3) Calling fakemeta_amxx_i386.so:ServerActivate()
L 02/28/2025 - 16:46:20: [META] (debug:3) Calling server.so:ServerActivate()
L 02/28/2025 - 16:46:20: Server cvar "mp_nextmap" = "d1_town_03_sandbox"
L 02/28/2025 - 16:46:20: [META] (debug:3) Calling amxmodx_mm_i386.so:ServerActivate_Post()
L 02/28/2025 - 16:46:20: Enemy stats: 0k health, 0 npcs
L 02/28/2025 - 16:46:20: Started map "boot_camp_sandbox" (CRC "-2076798411")
L 02/28/2025 - 16:46:23: \bot2\BOT\ connected from address 127.0.0.1
L 02/28/2025 - 16:46:23: \bot2\BOT\ entered the game as ld_gordon(195,192)
L 02/28/2025 - 16:46:23: \bot1\BOT\ connected from address 127.0.0.1
L 02/28/2025 - 16:46:23: \bot1\BOT\ entered the game as ld_gordon(185,135)
L 02/28/2025 - 16:46:24: \bot3\BOT\ connected from address 127.0.0.1
L 02/28/2025 - 16:46:24: \bot3\BOT\ entered the game as ld_gordon(77,217)
L 02/28/2025 - 17:36:02: [META] (debug:3) Calling engine_amxx_i386.so:ClientConnect()
L 02/28/2025 - 17:36:02: [META] (debug:3) Calling fun_amxx_i386.so:ClientConnect()
L 02/28/2025 - 17:36:02: [META] (debug:3) Calling server.so:ClientConnect()
L 02/28/2025 - 17:36:02: \Maxxgm\STEAM_0:1:569698652\ connected from address 38.41.9.23:27005
L 02/28/2025 - 17:36:02: [META] (debug:3) Calling amxmodx_mm_i386.so:ClientConnect_Post()
L 02/28/2025 - 17:36:02: "Maxxgm<4><STEAM_0:1:569698652><>" STEAM USERID validated
L 02/28/2025 - 17:36:05: Dropped Maxxgm from server
L 02/28/2025 - 17:36:05: Reason:  Client sent 'drop'
L 02/28/2025 - 17:36:47: [META] (debug:3) Calling engine_amxx_i386.so:ClientConnect()
L 02/28/2025 - 17:36:47: [META] (debug:3) Calling fun_amxx_i386.so:ClientConnect()
L 02/28/2025 - 17:36:47: [META] (debug:3) Calling server.so:ClientConnect()
L 02/28/2025 - 17:36:47: \Maxxgm\STEAM_0:1:569698652\ connected from address 38.41.9.23:27005
L 02/28/2025 - 17:36:47: [META] (debug:3) Calling amxmodx_mm_i386.so:ClientConnect_Post()
L 02/28/2025 - 17:36:47: "Maxxgm<5><STEAM_0:1:569698652><>" STEAM USERID validated
L 02/28/2025 - 17:36:52: [META] (debug:3) Calling server.so:ClientPutInServer()
L 02/28/2025 - 17:36:52: [META] (debug:3) Calling engine:QueryClientCvarValue2()
L 02/28/2025 - 17:36:52: [META] (debug:3) Calling amxmodx_mm_i386.so:ClientPutInServer_Post()
L 02/28/2025 - 17:36:52: \Maxxgm\STEAM_0:1:569698652\ entered the game as gordon(30,6)
L 02/28/2025 - 17:36:52: [META] (debug:3) Calling amxmodx_mm_i386.so:CvarValue2()
L 02/28/2025 - 17:36:52: [META] (debug:3) Calling server.so:CvarValue2()
L 02/28/2025 - 17:36:52: [META] (debug:3) Calling engine:QueryClientCvarValue2()
L 02/28/2025 - 17:36:53: [META] (debug:3) Calling amxmodx_mm_i386.so:CvarValue2()
L 02/28/2025 - 17:36:53: [META] (debug:3) Calling server.so:CvarValue2()
L 02/28/2025 - 17:36:53: [META] (debug:3) Calling engine:QueryClientCvarValue2()
L 02/28/2025 - 17:36:53: [META] (debug:3) Calling amxmodx_mm_i386.so:CvarValue2()
L 02/28/2025 - 17:36:53: [META] (debug:3) Calling server.so:CvarValue2()
L 02/28/2025 - 17:36:53: [META] (debug:3) Calling engine:QueryClientCvarValue2()
L 02/28/2025 - 17:36:54: [META] (debug:3) Calling amxmodx_mm_i386.so:CvarValue2()
L 02/28/2025 - 17:36:54: [META] (debug:3) Calling 