L 02/28/2025 - 12:58:01: Log file started (file "logs/L0228006.log") (game "valve") (version "48/1.1.2.2/Stdio/3897")
L 02/28/2025 - 12:58:01: Loading map "chaos_sandbox"
L 02/28/2025 - 12:58:02: Server cvar "mp_soundvariety" = "0"
L 02/28/2025 - 12:58:02: Server cvar "mp_soundvariety" = "1"
L 02/28/2025 - 12:58:02: [META] (debug:3) user message registered again: name=VoiceMask, msgid=64
L 02/28/2025 - 12:58:02: [META] (debug:3) user message registered again: name=ReqState, msgid=65
L 02/28/2025 - 12:58:02: [META] (debug:3) Calling amxmodx_mm_i386.so:ServerActivate()
L 02/28/2025 - 12:58:02: [META] (debug:3) Calling engine_amxx_i386.so:ServerActivate()
L 02/28/2025 - 12:58:02: [META] (debug:3) Calling fakemeta_amxx_i386.so:ServerActivate()
L 02/28/2025 - 12:58:02: [META] (debug:3) Calling server.so:ServerActivate()
L 02/28/2025 - 12:58:02: Server cvar "mp_nextmap" = "sc_test_sandbox"
L 02/28/2025 - 12:58:02: [META] (debug:3) Calling amxmodx_mm_i386.so:ServerActivate_Post()
L 02/28/2025 - 12:58:02: Enemy stats: 33k health, 46+ npcs
L 02/28/2025 - 12:58:02: Started map "chaos_sandbox" (CRC "1323732680")
L 02/28/2025 - 12:58:05: \bot3\BOT\ connected from address 127.0.0.1
L 02/28/2025 - 12:58:05: \bot3\BOT\ entered the game as ld_gordon(122,190)
L 02/28/2025 - 12:58:05: \bot1\BOT\ connected from address 127.0.0.1
L 02/28/2025 - 12:58:05: \bot1\BOT\ entered the game as ld_gordon(64,19)
L 02/28/2025 - 12:58:05: \bot2\BOT\ connected from address 127.0.0.1
L 02/28/2025 - 12:58:05: \bot2\BOT\ entered the game as ld_gordon(148,26)
L 02/28/2025 - 12:58:34: [META] (debug:3) Calling engine_amxx_i386.so:ClientConnect()
L 02/28/2025 - 12:58:34: [META] (debug:3) Calling fun_amxx_i386.so:ClientConnect()
L 02/28/2025 - 12:58:34: [META] (debug:3) Calling server.so:ClientConnect()
L 02/28/2025 - 12:58:34: \glitch31415\STEAM_0:0:743386914\ connected from address 127.0.0.1:27005
L 02/28/2025 - 12:58:34: [META] (debug:3) Calling amxmodx_mm_i386.so:ClientConnect_Post()
L 02/28/2025 - 12:58:34: "glitch31415<4><STEAM_0:0:743386914><>" STEAM USERID validated
L 02/28/2025 - 12:58:36: Dropped glitch31415 from server
L 02/28/2025 - 12:58:36: Reason:  Client sent 'drop'
L 02/28/2025 - 12:58:36: [META] (debug:3) Calling engine_amxx_i386.so:ClientConnect()
L 02/28/2025 - 12:58:36: [META] (debug:3) Calling fun_amxx_i386.so:ClientConnect()
L 02/28/2025 - 12:58:36: [META] (debug:3) Calling server.so:ClientConnect()
L 02/28/2025 - 12:58:36: \glitch31415\STEAM_0:0:743386914\ connected from address 127.0.0.1:27005
L 02/28/2025 - 12:58:36: [META] (debug:3) Calling amxmodx_mm_i386.so:ClientConnect_Post()
L 02/28/2025 - 12:58:36: "glitch31415<5><STEAM_0:0:743386914><>" STEAM USERID validated
L 02/28/2025 - 12:58:37: [META] (debug:3) Calling server.so:ClientPutInServer()
L 02/28/2025 - 12:58:37: [META] (debug:3) Calling engine:QueryClientCvarValue2()
L 02/28/2025 - 12:58:37: [META] (debug:3) Calling amxmodx_mm_i386.so:ClientPutInServer_Post()
L 02/28/2025 - 12:58:37: \glitch31415\STEAM_0:0:743386914\ entered the game as wireframe(76,76)
L 02/28/2025 - 12:58:37: [META] (debug:3) Calling amxmodx_mm_i386.so:CvarValue2()
L 02/28/2025 - 12:58:37: [META] (debug:3) Calling server.so:CvarValue2()
L 02/28/2025 - 12:58:37: [META] (debug:3) Calling engine:QueryClientCvarValue2()
L 02/28/2025 - 12:58:38: [META] (debug:3) Calling amxmodx_mm_i386.so:CvarValue2()
L 02/28/2025 - 12:58:38: [META] (debug:3) Calling server.so:CvarValue2()
L 02/28/2025 - 12:58:38: [META] (debug:3) Calling engine:QueryClientCvarValue2()
L 02/28/2025 - 12:58:38: [META] (debug:3) Calling amxmodx_mm_i386.so:CvarValue2()
L 02/28/2025 - 12:58:38: [META] (debug:3) Calling server.so:CvarValue2()
L 02/28/2025 - 12:58:38: [META] (debug:3) Calling engine:QueryClientCvarValue2()
L 02/28/2025 - 12:58:38: [META] (debug:3) Calling amxmodx_mm_i386.so:CvarValue2()
L 02/28/2025 - 12:58:38: [META] (debug:3) Calling server.so:CvarValue2()
L 02/28/2025 - 12:58:38: \glitch31415\STEAM_0:0:743386914\ Client version: Adrenaline Gamer (OpenGL)
L 02/28/2025 - 12:58:53: \glitch31415\STEAM_0:0:743386914\ killed "Scientist" with "rpg_rocket"
L 02/28/2025 - 12:58:53: \glitch31415\STEAM_0:0:743386914\ killed "Scientist" with "rpg_rocket"
L 02/28/2025 - 12:58:53: \glitch31415\STEAM_0:0:743386914\ killed "Barney" with "rpg_rocket"
L 02/28/2025 - 12:58:53: \glitch31415\STEAM_0:0:743386914\ killed "Barney" with "rpg_rocket"
L 02/28/2025 - 12:58:53: \glitch31415\STEAM_0:0:743386914\ killed "Alien Slave" with "rpg_rocket"
L 02/28/2025 - 12:58:53: \glitch31415\STEAM_0:0:743386914\ killed "Barney" with "rpg_rocket"
L 02/28/2025 - 12:58:53: \glitch31415\STEAM_0:0:743386914\ killed "Headcrab" with "rpg_rocket"
L 02/28/2025 - 12:58:53: \glitch31415\STEAM_0:0:743386914\ killed "Barney" with "rpg_rocket"
L 02/28/2025 - 12:58:53: \glitch31415\STEAM_0:0:743386914\ killed "Barney" with "rpg_rocket"
L 02/28/2025 - 12:58:53: \glitch31415\STEAM_0:0:743386914\ killed "Zombie" with "rpg_rocket"
L 02/28/2025 - 12:58:53: \glitch31415\STEAM_0:0:743386914\ killed "Scientist" with "rpg_rocket"
L 02/28/2025 - 12:58:53: \glitch31415\STEAM_0:0:743386914\ killed "Apache" with "rpg_rocket"
L 02/28/2025 - 12:58:53: \glitch31415\STEAM_0:0:743386914\ killed "Houndeye" with "rpg_rocket"
L 02/28/2025 - 12:58:53: \glitch31415\STEAM_0:0:743386914\ killed "Alien Slave" with "rpg_rocket"
L 02/28/2025 - 12:58:53: \glitch31415\STEAM_0:0:743386914\ killed "Scientist" with "rpg_rocket"
L 02/28/2025 - 12:58:53: \glitch31415\STEAM_0:0:743386914\ killed "Scientist" with "rpg_rocket"
L 02/28/2025 - 12:58:53: \glitch31415\STEAM_0:0:743386914\ killed "Bullsquid" with "rpg_rocket"
L 02/28/2025 - 12:58:53: \glitch31415\STEAM_0:0:743386914\ killed "Alien Slave" with "rpg_rocket"
L 02/28/2025 - 12:58:53: \glitch31415\STEAM_0:0:743386914\ killed "Alien Controller" with "rpg_rocket"
L 02/28/2025 - 12:59:01: Rcon: "rcon 1532525545 "5pgW37D7ad" changelevel d1_trainstation_02_sandbox" from "127.0.0.1:27005"
L 02/28/2025 - 12:59:01: [META] (debug:3) Calling amxmodx_mm_i386.so:ClientDisconnect()
L 02/28/2025 - 12:59:01: [META] (debug:3) Calling engine_amxx_i386.so:ClientDisconnect()
L 02/28/2025 - 12:59:01: [META] (debug:3) Calling server.so:ClientDisconnect()
L 02/28/2025 - 12:59:01: \bot3\BOT\ disconnected
L 02/28/2025 - 12:59:01: Dropped bot3 from server
L 02/28/2025 - 12:59:01: Reason:  Dropping fakeclient on level change
L 02/28/2025 - 12:59:01: [META] (debug:3) Calling amxmodx_mm_i386.so:ClientDisconnect()
L 02/28/2025 - 12:59:01: [META] (debug:3) Calling engine_amxx_i386.so:ClientDisconnect()
L 02/28/2025 - 12:59:01: [META] (debug:3) Calling server.so:ClientDisconnect()
L 02/28/2025 - 12:59:01: \bot1\BOT\ disconnected
L 02/28/2025 - 12:59:01: Dropped bot1 from server
L 02/28/2025 - 12:59:01: Reason:  Dropping fakeclient on level change
L 02/28/2025 - 12:59:01: [META] (debug:3) Calling amxmodx_mm_i386.so:ClientDisconnect()
L 02/28/2025 - 12:59:01: [META] (debug:3) Calling engine_amxx_i386.so:ClientDisconnect()
L 02/28/2025 - 12:59:01: [META] (debug:3) Calling server.so:ClientDisconnect()
L 02/28/2025 - 12:59:01: \bot2\BOT\ disconnected
L 02/28/2025 - 12:59:01: Dropped bot2 from server
L 02/28/2025 - 12:59:01: Reason:  Dropping fakeclient on level change
L 02/28/2025 - 12:59:01: [META] (debug:3) Calling amxmodx_mm_i386.so:ServerDeactivate()
L 02/28/2025 - 12:59:01: [META] (debug:3) Calling engine_amxx_i386.so:ServerDeactivate()
L 02/28/2025 - 12:59:01: [META] (debug:3) Calling server.so:ServerDeactivate()
L 02/28/2025 - 12:59:01: \glitch31415\STEAM_0:0:743386914\ 249 points, 0 deaths
L 02/28/2025 - 12:59:01: [META] (debug:3) Calling amxmodx_mm_i386.so:ServerDeactivate_Post()
L 02/28/2025 - 12:59:01: [META] (debug:3) Calling fakemeta_amxx_i386.so:ServerDeactivate_Post()
L 02/28/2025 - 12:59:01: [META] ini: Begin re-reading plugins list: /home/glitch/.steam/debian-installation/steamapps/common/hlds/valve/addons/metamod/plugins.ini
L 02/28/2025 - 12:59:01: [META] ini: Read plugin config for: AMX Mod X
L 02/28/2025 - 12:59:01: [META] ini: Finished reading plugins list: /home/glitch/.steam/debian-installation/steamapps/common/hlds/valve/addons/metamod/plugins.ini; Found 1 plugins
L 02/28/2025 - 12:59:01: [META] dll: Updating plugins...
L 02/28/2025 - 12:59:01: [META] (debug:1) Keeping plugin 'AMX Mod X'
L 02/28/2025 - 12:59:01: [META] dll: Finished updating 5 plugins; kept 1, loaded 0, unloaded 0, reloaded 0, delayed 0
L 02/28/2025 - 12:59:01: [META] (debug:3) Calling amxmodx_mm_i386.so:ClientDisconnect()
L 02/28/2025 - 12:59:01: [META] (debug:3) Calling engine_amxx_i386.so:ClientDisconnect()
L 02/28/2025 - 12:59:01: [META] (debug:3) Calling server.so:ClientDisconnect()
L 02/28/2025 - 12:59:01: \glitch31415\STEAM_0:0:743386914\ disconnected with 249 points
L 02/28/2025 - 12:59:01: Log file closed

-------------------------------------------------------------------------------

