L 02/27/2025 - 21:26:36: Log file started (file "logs/L0227056.log") (game "valve") (version "48/1.1.2.2/Stdio/3897")
L 02/27/2025 - 21:26:36: Loading map "d1_trainstation_02_sandbox"
L 02/27/2025 - 21:26:36: Server cvar "mp_soundvariety" = "0"
L 02/27/2025 - 21:26:36: Server cvar "mp_soundvariety" = "1"
L 02/27/2025 - 21:26:36: [META] (debug:3) user message registered again: name=VoiceMask, msgid=64
L 02/27/2025 - 21:26:36: [META] (debug:3) user message registered again: name=ReqState, msgid=65
L 02/27/2025 - 21:26:36: [META] (debug:3) Calling amxmodx_mm_i386.so:ServerActivate()
L 02/27/2025 - 21:26:36: [META] (debug:3) Calling engine_amxx_i386.so:ServerActivate()
L 02/27/2025 - 21:26:36: [META] (debug:3) Calling fakemeta_amxx_i386.so:ServerActivate()
L 02/27/2025 - 21:26:36: [META] (debug:3) Calling server.so:ServerActivate()
L 02/27/2025 - 21:26:37: [META] (debug:3) Calling amxmodx_mm_i386.so:ServerActivate_Post()
L 02/27/2025 - 21:26:37: Enemy stats: 0k health, 0 npcs
L 02/27/2025 - 21:26:37: Started map "d1_trainstation_02_sandbox" (CRC "652026196")
L 02/27/2025 - 21:26:37: [META] (debug:3) Calling engine_amxx_i386.so:ClientConnect()
L 02/27/2025 - 21:26:37: [META] (debug:3) Calling fun_amxx_i386.so:ClientConnect()
L 02/27/2025 - 21:26:37: [META] (debug:3) Calling server.so:ClientConnect()
L 02/27/2025 - 21:26:37: \glitch31415\STEAM_0:0:743386914\ connected from address 127.0.0.1:27005
L 02/27/2025 - 21:26:37: [META] (debug:3) Calling amxmodx_mm_i386.so:ClientConnect_Post()
L 02/27/2025 - 21:26:38: Dropped glitch31415 from server
L 02/27/2025 - 21:26:38: Reason:  Client sent 'drop'
L 02/27/2025 - 21:26:38: [META] (debug:3) Calling engine_amxx_i386.so:ClientConnect()
L 02/27/2025 - 21:26:38: [META] (debug:3) Calling fun_amxx_i386.so:ClientConnect()
L 02/27/2025 - 21:26:38: [META] (debug:3) Calling server.so:ClientConnect()
L 02/27/2025 - 21:26:38: \glitch31415\STEAM_0:0:743386914\ connected from address 127.0.0.1:27005
L 02/27/2025 - 21:26:38: [META] (debug:3) Calling amxmodx_mm_i386.so:ClientConnect_Post()
L 02/27/2025 - 21:26:39: "glitch31415<14><STEAM_0:0:743386914><>" STEAM USERID validated
L 02/27/2025 - 21:26:40: \bot2\BOT\ connected from address 127.0.0.1
L 02/27/2025 - 21:26:40: \bot2\BOT\ entered the game as ld_gordon(10,208)
L 02/27/2025 - 21:26:40: \bot3\BOT\ connected from address 127.0.0.1
L 02/27/2025 - 21:26:40: \bot3\BOT\ entered the game as ld_gordon(57,241)
L 02/27/2025 - 21:26:40: \bot1\BOT\ connected from address 127.0.0.1
L 02/27/2025 - 21:26:40: \bot1\BOT\ entered the game as ld_gordon(86,158)
L 02/27/2025 - 21:26:40: [META] (debug:3) Calling server.so:ClientPutInServer()
L 02/27/2025 - 21:26:40: [META] (debug:3) Calling engine:QueryClientCvarValue2()
L 02/27/2025 - 21:26:40: [META] (debug:3) Calling amxmodx_mm_i386.so:ClientPutInServer_Post()
L 02/27/2025 - 21:26:40: \glitch31415\STEAM_0:0:743386914\ entered the game as wireframe(76,76)
L 02/27/2025 - 21:26:40: [META] (debug:3) Calling amxmodx_mm_i386.so:CvarValue2()
L 02/27/2025 - 21:26:40: [META] (debug:3) Calling server.so:CvarValue2()
L 02/27/2025 - 21:26:40: [META] (debug:3) Calling engine:QueryClientCvarValue2()
L 02/27/2025 - 21:26:41: [META] (debug:3) Calling amxmodx_mm_i386.so:CvarValue2()
L 02/27/2025 - 21:26:41: [META] (debug:3) Calling server.so:CvarValue2()
L 02/27/2025 - 21:26:41: [META] (debug:3) Calling engine:QueryClientCvarValue2()
L 02/27/2025 - 21:26:41: [META] (debug:3) Calling amxmodx_mm_i386.so:CvarValue2()
L 02/27/2025 - 21:26:41: [META] (debug:3) Calling server.so:CvarValue2()
L 02/27/2025 - 21:26:41: [META] (debug:3) Calling engine:QueryClientCvarValue2()
L 02/27/2025 - 21:26:41: [META] (debug:3) Calling amxmodx_mm_i386.so:CvarValue2()
L 02/27/2025 - 21:26:41: [META] (debug:3) Calling server.so:CvarValue2()
L 02/27/2025 - 21:26:41: \glitch31415\STEAM_0:0:743386914\ Client version: Adrenaline Gamer (OpenGL)
L 02/27/2025 - 21:26:42: [META] (debug:3) Calling amxmodx_mm_i386.so:ClientDisconnect()
L 02/27/2025 - 21:26:42: [META] (debug:3) Calling engine_amxx_i386.so:ClientDisconnect()
L 02/27/2025 - 21:26:42: [META] (debug:3) Calling server.so:ClientDisconnect()
L 02/27/2025 - 21:26:42: \glitch31415\STEAM_0:0:743386914\ disconnected
L 02/27/2025 - 21:26:42: Dropped glitch31415 from server
L 02/27/2025 - 21:26:42: Reason:  Client sent 'drop'
L 02/27/2025 - 22:23:28: [META] (debug:3) Calling engine_amxx_i386.so:ClientConnect()
L 02/27/2025 - 22:23:28: [META] (debug:3) Calling fun_amxx_i386.so:ClientConnect()
L 02/27/2025 - 22:23:28: [META] (debug:3) Calling server.so:ClientConnect()
L 02/27/2025 - 22:23:28: \glitch31415\STEAM_0:0:743386914\ connected from address 127.0.0.1:27005
L 02/27/2025 - 22:23:28: [META] (debug:3) Calling amxmodx_mm_i386.so:ClientConnect_Post()
L 02/27/2025 - 22:23:29: "glitch31415<18><STEAM_0:0:743386914><>" STEAM USERID validated
L 02/27/2025 - 22:23:30: Dropped glitch31415 from server
L 02/27/2025 - 22:23:30: Reason:  Client sent 'drop'
L 02/27/2025 - 22:23:30: [META] (debug:3) Calling engine_amxx_i386.so:ClientConnect()
L 02/27/2025 - 22:23:30: [META] (debug:3) Calling fun_amxx_i386.so:ClientConnect()
L 02/27/2025 - 22:23:30: [META] (debug:3) Calling server.so:ClientConnect()
L 02/27/2025 - 22:23:30: \glitch31415\STEAM_0:0:743386914\ connected from address 127.0.0.1:27005
L 02/27/2025 - 22:23:30: [META] (debug:3) Calling amxmodx_mm_i386.so:ClientConnect_Post()
L 02/27/2025 - 22:23:31: "glitch31415<19><STEAM_0:0:743386914><>" STEAM USERID validated
L 02/27/2025 - 22:23:33: [META] (debug:3) Calling server.so:ClientPutInServer()
L 02/27/2025 - 22:23:33: [META] (debug:3) Calling engine:QueryClientCvarValue2()
L 02/27/2025 - 22:23:33: [META] (debug:3) Calling amxmodx_mm_i386.so:ClientPutInServer_Post()
L 02/27/2025 - 22:23:33: \glitch31415\STEAM_0:0:743386914\ entered the game as wireframe(76,76)
L 02/27/2025 - 22:23:33: [META] (debug:3) Calling amxmodx_mm_i386.so:CvarValue2()
L 02/27/2025 - 22:23:33: [META] (debug:3) Calling server.so:CvarValue2()
L 02/27/2025 - 22:23:33: [META] (debug:3) Calling engine:QueryClientCvarValue2()
L 02/27/2025 - 22:23:34: [META] (debug:3) Calling amxmodx_mm_i386.so:CvarValue2()
L 02/27/2025 - 22:23:34: [META] (debug:3) Calling server.so:CvarValue2()
L 02/27/2025 - 22:23:34: [META] (debug:3) Calling engine:QueryClientCvarValue2()
L 02/27/2025 - 22:23:34: [META] (debug:3) Calling amxmodx_mm_i386.so:CvarValue2()
L 02/27/2025 - 22:23:34: [META] (debug:3) Calling server.so:CvarValue2()
L 02/27/2025 - 22:23:34: [META] (debug:3) Calling engine:QueryClientCvarValue2()
L 02/27/2025 - 22:23:34: [META] (debug:3) Calling amxmodx_mm_i386.so:CvarValue2()
L 02/27/2025 - 22:23:34: [META] (debug:3) Calling server.so:CvarValue2()
L 02/27/2025 - 22:23:34: \glitch31415\STEAM_0:0:743386914\ Client version: Adrenaline Gamer (OpenGL)
L 02/27/2025 - 22:24:21: \glitch31415\STEAM_0:0:743386914\ killed "Scientist" with "shotgun"
L 02/27/2025 - 22:24:23: \glitch31415\STEAM_0:0:743386914\ killed "Scientist" with "shotgun"
L 02/27/2025 - 22:24:29: \glitch31415\STEAM_0:0:743386914\ killed "Scientist" with "shotgun"
L 02/27/2025 - 22:24:38: \glitch31415\STEAM_0:0:743386914\ killed by "Vehicle"
L 02/27/2025 - 22:26:09: \glitch31415\STEAM_0:0:743386914\ killed "Scientist" with "357"
L 02/27/2025 - 22:26:20: \glitch31415\STEAM_0:0:743386914\ killed "Scientist" with "357"
L 02/27/2025 - 22:26:29: \glitch31415\STEAM_0:0:743386914\ killed "Scientist" with "357"
L 02/27/2025 - 22:27:51: Rcon: "rcon 302500760 "5pgW37D7ad" changelevel infested" from "127.0.0.1:27005"
L 02/27/2025 - 22:27:51: [META] (debug:3) Calling amxmodx_mm_i386.so:ClientDisconnect()
L 02/27/2025 - 22:27:51: [META] (debug:3) Calling engine_amxx_i386.so:ClientDisconnect()
L 02/27/2025 - 22:27:51: [META] (debug:3) Calling server.so:ClientDisconnect()
L 02/27/2025 - 22:27:51: \bot2\BOT\ disconnected
L 02/27/2025 - 22:27:51: Dropped bot2 from server
L 02/27/2025 - 22:27:51: Reason:  Dropping fakeclient on level change
L 02/27/2025 - 22:27:51: [META] (debug:3) Calling amxmodx_mm_i386.so:ClientDisconnect()
L 02/27/2025 - 22:27:51: [META] (debug:3) Calling engine_amxx_i386.so:ClientDisconnect()
L 02/27/2025 - 22:27:51: [META] (debug:3) Calling server.so:ClientDisconnect()
L 02/27/2025 - 22:27:51: \bot3\BOT\ disconnected
L 02/27/2025 - 22:27:51: Dropped bot3 from server
L 02/27/2025 - 22:27:51: Reason:  Dropping fakeclient on level change
L 02/27/2025 - 22:27:51: [META] (debug:3) Calling amxmodx_mm_i386.so:ClientDisconnect()
L 02/27/2025 - 22:27:51: [META] (debug:3) Calling engine_amxx_i386.so:ClientDisconnect()
L 02/27/2025 - 22:27:51: [META] (debug:3) Calling server.so:ClientDisconnect()
L 02/27/2025 - 22:27:51: \bot1\BOT\ disconnected
L 02/27/2025 - 22:27:51: Dropped bot1 from server
L 02/27/2025 - 22:27:51: Reason:  Dropping fakeclient on level change
L 02/27/2025 - 22:27:51: [META] (debug:3) Calling amxmodx_mm_i386.so:ServerDeactivate()
L 02/27/2025 - 22:27:51: [META] (debug:3) Calling engine_amxx_i386.so:ServerDeactivate()
L 02/27/2025 - 22:27:51: [META] (debug:3) Calling server.so:ServerDeactivate()
L 02/27/2025 - 22:27:51: \glitch31415\STEAM_0:0:743386914\ 19 points, 1 deaths
L 02/27/2025 - 22:27:51: [META] (debug:3) Calling amxmodx_mm_i386.so:ServerDeactivate_Post()
L 02/27/2025 - 22:27:51: [META] (debug:3) Calling fakemeta_amxx_i386.so:ServerDeactivate_Post()
L 02/27/2025 - 22:27:51: [META] ini: Begin re-reading plugins list: /home/glitch/.steam/debian-installation/steamapps/common/hlds/valve/addons/metamod/plugins.ini
L 02/27/2025 - 22:27:51: [META] ini: Read plugin config for: AMX Mod X
L 02/27/2025 - 22:27:51: [META] ini: Finished reading plugins list: /home/glitch/.steam/debian-installation/steamapps/common/hlds/valve/addons/metamod/plugins.ini; Found 1 plugins
L 02/27/2025 - 22:27:51: [META] dll: Updating plugins...
L 02/27/2025 - 22:27:51: [META] (debug:1) Keeping plugin 'AMX Mod X'
L 02/27/2025 - 22:27:51: [META] dll: Finished updating 5 plugins; kept 1, loaded 0, unloaded 0, reloaded 0, delayed 0
L 02/27/2025 - 22:27:51: [META] (debug:3) Calling amxmodx_mm_i386.so:ClientDisconnect()
L 02/27/2025 - 22:27:51: [META] (debug:3) Calling engine_amxx_i386.so:ClientDisconnect()
L 02/27/2025 - 22:27:51: [META] (debug:3) Calling server.so:ClientDisconnect()
L 02/27/2025 - 22:27:51: \glitch31415\STEAM_0:0:743386914\ disconnected with 19 points
L 02/27/2025 - 22:27:51: Log file closed

-------------------------------------------------------------------------------

