L 02/27/2025 - 22:27:51: Log file started (file "logs/L0227057.log") (game "valve") (version "48/1.1.2.2/Stdio/3897")
L 02/27/2025 - 22:27:51: Loading map "infested"
L 02/27/2025 - 22:27:51: Server cvar "mp_soundvariety" = "0"
L 02/27/2025 - 22:27:51: Server cvar "mp_soundvariety" = "1"
L 02/27/2025 - 22:27:51: [META] (debug:3) user message registered again: name=VoiceMask, msgid=64
L 02/27/2025 - 22:27:51: [META] (debug:3) user message registered again: name=ReqState, msgid=65
L 02/27/2025 - 22:27:51: [META] (debug:3) Calling amxmodx_mm_i386.so:ServerActivate()
L 02/27/2025 - 22:27:51: [META] (debug:3) Calling engine_amxx_i386.so:ServerActivate()
L 02/27/2025 - 22:27:51: [META] (debug:3) Calling fakemeta_amxx_i386.so:ServerActivate()
L 02/27/2025 - 22:27:51: [META] (debug:3) Calling server.so:ServerActivate()
L 02/27/2025 - 22:27:51: Server cvar "mp_nextmap" = "d1_trainstation_02_sandbox"
L 02/27/2025 - 22:27:51: [META] (debug:3) Calling amxmodx_mm_i386.so:ServerActivate_Post()
L 02/27/2025 - 22:27:51: Server cvar "amx_nextmap" = "infested2"
L 02/27/2025 - 22:27:51: Enemy stats: 40k health, 178+ npcs
L 02/27/2025 - 22:27:51: Started map "infested" (CRC "1856797836")
L 02/27/2025 - 22:27:51: [META] (debug:3) Calling engine_amxx_i386.so:ClientConnect()
L 02/27/2025 - 22:27:51: [META] (debug:3) Calling fun_amxx_i386.so:ClientConnect()
L 02/27/2025 - 22:27:51: [META] (debug:3) Calling server.so:ClientConnect()
L 02/27/2025 - 22:27:51: \glitch31415\STEAM_0:0:743386914\ connected from address 127.0.0.1:27005
L 02/27/2025 - 22:27:51: [META] (debug:3) Calling amxmodx_mm_i386.so:ClientConnect_Post()
L 02/27/2025 - 22:27:52: Dropped glitch31415 from server
L 02/27/2025 - 22:27:52: Reason:  Client sent 'drop'
L 02/27/2025 - 22:27:53: [META] (debug:3) Calling engine_amxx_i386.so:ClientConnect()
L 02/27/2025 - 22:27:53: [META] (debug:3) Calling fun_amxx_i386.so:ClientConnect()
L 02/27/2025 - 22:27:53: [META] (debug:3) Calling server.so:ClientConnect()
L 02/27/2025 - 22:27:53: \glitch31415\STEAM_0:0:743386914\ connected from address 127.0.0.1:27005
L 02/27/2025 - 22:27:53: [META] (debug:3) Calling amxmodx_mm_i386.so:ClientConnect_Post()
L 02/27/2025 - 22:27:53: "glitch31415<20><STEAM_0:0:743386914><>" STEAM USERID validated
L 02/27/2025 - 22:27:54: \bot3\BOT\ connected from address 127.0.0.1
L 02/27/2025 - 22:27:54: \bot3\BOT\ entered the game as ld_gordon(152,171)
L 02/27/2025 - 22:27:54: [META] (debug:3) Calling server.so:ClientPutInServer()
L 02/27/2025 - 22:27:54: [META] (debug:3) Calling engine:QueryClientCvarValue2()
L 02/27/2025 - 22:27:54: [META] (debug:3) Calling amxmodx_mm_i386.so:ClientPutInServer_Post()
L 02/27/2025 - 22:27:54: \bot2\BOT\ connected from address 127.0.0.1
L 02/27/2025 - 22:27:54: \bot2\BOT\ entered the game as ld_gordon(211,120)
L 02/27/2025 - 22:27:54: \glitch31415\STEAM_0:0:743386914\ entered the game as wireframe(76,76)
L 02/27/2025 - 22:27:54: [META] (debug:3) Calling amxmodx_mm_i386.so:CvarValue2()
L 02/27/2025 - 22:27:54: [META] (debug:3) Calling server.so:CvarValue2()
L 02/27/2025 - 22:27:54: [META] (debug:3) Calling engine:QueryClientCvarValue2()
L 02/27/2025 - 22:27:54: \bot1\BOT\ connected from address 127.0.0.1
L 02/27/2025 - 22:27:54: \bot1\BOT\ entered the game as ld_gordon(189,128)
L 02/27/2025 - 22:27:55: [META] (debug:3) Calling amxmodx_mm_i386.so:CvarValue2()
L 02/27/2025 - 22:27:55: [META] (debug:3) Calling server.so:CvarValue2()
L 02/27/2025 - 22:27:55: [META] (debug:3) Calling engine:QueryClientCvarValue2()
L 02/27/2025 - 22:27:55: [META] (debug:3) Calling amxmodx_mm_i386.so:CvarValue2()
L 02/27/2025 - 22:27:55: [META] (debug:3) Calling server.so:CvarValue2()
L 02/27/2025 - 22:27:55: [META] (debug:3) Calling engine:QueryClientCvarValue2()
L 02/27/2025 - 22:27:55: [META] (debug:3) Calling amxmodx_mm_i386.so:CvarValue2()
L 02/27/2025 - 22:27:55: [META] (debug:3) Calling server.so:CvarValue2()
L 02/27/2025 - 22:27:55: \glitch31415\STEAM_0:0:743386914\ Client version: Adrenaline Gamer (OpenGL)
L 02/27/2025 - 22:29:07: \glitch31415\STEAM_0:0:743386914\ killed "Sentry Gun" with "9mmAR"
L 02/27/2025 - 22:29:18: \glitch31415\STEAM_0:0:743386914\ killed "Security Guard #1" with "rpg_rocket"
L 02/27/2025 - 22:29:18: \glitch31415\STEAM_0:0:743386914\ killed "Security Guard #2" with "rpg_rocket"
L 02/27/2025 - 22:29:30: \glitch31415\STEAM_0:0:743386914\ killed "Sentry Turret" with "9mmAR"
L 02/27/2025 - 22:30:13: \glitch31415\STEAM_0:0:743386914\ killed by "Human Grunt"
L 02/27/2025 - 22:30:18: Rcon: "rcon 302500760 "5pgW37D7ad" retry" from "127.0.0.1:27005"
L 02/27/2025 - 22:30:20: \glitch31415\STEAM_0:0:743386914\ killed by "Human Grunt"
L 02/27/2025 - 22:30:20: Rcon: "rcon 302500760 "5pgW37D7ad" restart" from "127.0.0.1:27005"
L 02/27/2025 - 22:30:20: [META] (debug:3) Calling amxmodx_mm_i386.so:ClientDisconnect()
L 02/27/2025 - 22:30:20: [META] (debug:3) Calling engine_amxx_i386.so:ClientDisconnect()
L 02/27/2025 - 22:30:20: [META] (debug:3) Calling server.so:ClientDisconnect()
L 02/27/2025 - 22:30:20: \bot3\BOT\ disconnected
L 02/27/2025 - 22:30:20: Dropped bot3 from server
L 02/27/2025 - 22:30:20: Reason:  Dropping fakeclient on level change
L 02/27/2025 - 22:30:20: [META] (debug:3) Calling amxmodx_mm_i386.so:ClientDisconnect()
L 02/27/2025 - 22:30:20: [META] (debug:3) Calling engine_amxx_i386.so:ClientDisconnect()
L 02/27/2025 - 22:30:20: [META] (debug:3) Calling server.so:ClientDisconnect()
L 02/27/2025 - 22:30:20: \bot2\BOT\ disconnected
L 02/27/2025 - 22:30:20: Dropped bot2 from server
L 02/27/2025 - 22:30:20: Reason:  Dropping fakeclient on level change
L 02/27/2025 - 22:30:20: [META] (debug:3) Calling amxmodx_mm_i386.so:ClientDisconnect()
L 02/27/2025 - 22:30:20: [META] (debug:3) Calling engine_amxx_i386.so:ClientDisconnect()
L 02/27/2025 - 22:30:20: [META] (debug:3) Calling server.so:ClientDisconnect()
L 02/27/2025 - 22:30:20: \bot1\BOT\ disconnected
L 02/27/2025 - 22:30:20: Dropped bot1 from server
L 02/27/2025 - 22:30:20: Reason:  Dropping fakeclient on level change
L 02/27/2025 - 22:30:20: [META] (debug:3) Calling amxmodx_mm_i386.so:ServerDeactivate()
L 02/27/2025 - 22:30:20: [META] (debug:3) Calling engine_amxx_i386.so:ServerDeactivate()
L 02/27/2025 - 22:30:20: [META] (debug:3) Calling server.so:ServerDeactivate()
L 02/27/2025 - 22:30:20: \glitch31415\STEAM_0:0:743386914\ 3 points, 2 deaths
L 02/27/2025 - 22:30:20: [META] (debug:3) Calling amxmodx_mm_i386.so:ServerDeactivate_Post()
L 02/27/2025 - 22:30:20: [META] (debug:3) Calling fakemeta_amxx_i386.so:ServerDeactivate_Post()
L 02/27/2025 - 22:30:20: [META] ini: Begin re-reading plugins list: /home/glitch/.steam/debian-installation/steamapps/common/hlds/valve/addons/metamod/plugins.ini
L 02/27/2025 - 22:30:20: [META] ini: Read plugin config for: AMX Mod X
L 02/27/2025 - 22:30:20: [META] ini: Finished reading plugins list: /home/glitch/.steam/debian-installation/steamapps/common/hlds/valve/addons/metamod/plugins.ini; Found 1 plugins
L 02/27/2025 - 22:30:20: [META] dll: Updating plugins...
L 02/27/2025 - 22:30:20: [META] (debug:1) Keeping plugin 'AMX Mod X'
L 02/27/2025 - 22:30:20: [META] dll: Finished updating 5 plugins; kept 1, loaded 0, unloaded 0, reloaded 0, delayed 0
L 02/27/2025 - 22:30:20: [META] (debug:3) Calling amxmodx_mm_i386.so:ClientDisconnect()
L 02/27/2025 - 22:30:20: [META] (debug:3) Calling engine_amxx_i386.so:ClientDisconnect()
L 02/27/2025 - 22:30:20: [META] (debug:3) Calling server.so:ClientDisconnect()
L 02/27/2025 - 22:30:20: \glitch31415\STEAM_0:0:743386914\ disconnected with 3 points
L 02/27/2025 - 22:30:20: Log file closed

-------------------------------------------------------------------------------

