L 02/27/2025 - 21:17:23: Log file started (file "logs/L0227055.log") (game "valve") (version "48/1.1.2.2/Stdio/3897")
L 02/27/2025 - 21:17:23: Loading map "d1_trainstation_02_sandbox"
L 02/27/2025 - 21:17:23: Server cvar "mp_soundvariety" = "0"
L 02/27/2025 - 21:17:23: Server cvar "mp_soundvariety" = "1"
L 02/27/2025 - 21:17:23: [META] (debug:3) user message registered again: name=VoiceMask, msgid=64
L 02/27/2025 - 21:17:23: [META] (debug:3) user message registered again: name=ReqState, msgid=65
L 02/27/2025 - 21:17:23: [META] (debug:3) Calling amxmodx_mm_i386.so:ServerActivate()
L 02/27/2025 - 21:17:23: [META] (debug:3) Calling engine_amxx_i386.so:ServerActivate()
L 02/27/2025 - 21:17:23: [META] (debug:3) Calling fakemeta_amxx_i386.so:ServerActivate()
L 02/27/2025 - 21:17:23: [META] (debug:3) Calling server.so:ServerActivate()
L 02/27/2025 - 21:17:23: Server cvar "mp_nextmap" = "d1_town_01_sandbox"
L 02/27/2025 - 21:17:23: [META] (debug:3) Calling amxmodx_mm_i386.so:ServerActivate_Post()
L 02/27/2025 - 21:17:23: Server cvar "amx_nextmap" = "chaos_sandbox"
L 02/27/2025 - 21:17:23: Enemy stats: 0k health, 0 npcs
L 02/27/2025 - 21:17:23: Started map "d1_trainstation_02_sandbox" (CRC "652026196")
L 02/27/2025 - 21:17:23: [META] (debug:3) Calling engine_amxx_i386.so:ClientConnect()
L 02/27/2025 - 21:17:23: [META] (debug:3) Calling fun_amxx_i386.so:ClientConnect()
L 02/27/2025 - 21:17:23: [META] (debug:3) Calling server.so:ClientConnect()
L 02/27/2025 - 21:17:23: \glitch31415\STEAM_0:0:743386914\ connected from address 127.0.0.1:27005
L 02/27/2025 - 21:17:23: [META] (debug:3) Calling amxmodx_mm_i386.so:ClientConnect_Post()
L 02/27/2025 - 21:17:25: Dropped glitch31415 from server
L 02/27/2025 - 21:17:25: Reason:  Client sent 'drop'
L 02/27/2025 - 21:17:25: [META] (debug:3) Calling engine_amxx_i386.so:ClientConnect()
L 02/27/2025 - 21:17:25: [META] (debug:3) Calling fun_amxx_i386.so:ClientConnect()
L 02/27/2025 - 21:17:25: [META] (debug:3) Calling server.so:ClientConnect()
L 02/27/2025 - 21:17:25: \glitch31415\STEAM_0:0:743386914\ connected from address 127.0.0.1:27005
L 02/27/2025 - 21:17:25: [META] (debug:3) Calling amxmodx_mm_i386.so:ClientConnect_Post()
L 02/27/2025 - 21:17:26: "glitch31415<10><STEAM_0:0:743386914><>" STEAM USERID validated
L 02/27/2025 - 21:17:26: \bot1\BOT\ connected from address 127.0.0.1
L 02/27/2025 - 21:17:26: \bot1\BOT\ entered the game as ld_gordon(93,9)
L 02/27/2025 - 21:17:26: \bot2\BOT\ connected from address 127.0.0.1
L 02/27/2025 - 21:17:26: \bot2\BOT\ entered the game as ld_gordon(9,64)
L 02/27/2025 - 21:17:26: \bot3\BOT\ connected from address 127.0.0.1
L 02/27/2025 - 21:17:26: \bot3\BOT\ entered the game as ld_gordon(125,225)
L 02/27/2025 - 21:17:27: [META] (debug:3) Calling server.so:ClientPutInServer()
L 02/27/2025 - 21:17:27: [META] (debug:3) Calling engine:QueryClientCvarValue2()
L 02/27/2025 - 21:17:27: [META] (debug:3) Calling amxmodx_mm_i386.so:ClientPutInServer_Post()
L 02/27/2025 - 21:17:27: \glitch31415\STEAM_0:0:743386914\ entered the game as wireframe(76,76)
L 02/27/2025 - 21:17:27: [META] (debug:3) Calling amxmodx_mm_i386.so:CvarValue2()
L 02/27/2025 - 21:17:27: [META] (debug:3) Calling server.so:CvarValue2()
L 02/27/2025 - 21:17:27: [META] (debug:3) Calling engine:QueryClientCvarValue2()
L 02/27/2025 - 21:17:28: [META] (debug:3) Calling amxmodx_mm_i386.so:CvarValue2()
L 02/27/2025 - 21:17:28: [META] (debug:3) Calling server.so:CvarValue2()
L 02/27/2025 - 21:17:28: [META] (debug:3) Calling engine:QueryClientCvarValue2()
L 02/27/2025 - 21:17:28: [META] (debug:3) Calling amxmodx_mm_i386.so:CvarValue2()
L 02/27/2025 - 21:17:28: [META] (debug:3) Calling server.so:CvarValue2()
L 02/27/2025 - 21:17:28: [META] (debug:3) Calling engine:QueryClientCvarValue2()
L 02/27/2025 - 21:17:28: [META] (debug:3) Calling amxmodx_mm_i386.so:CvarValue2()
L 02/27/2025 - 21:17:28: [META] (debug:3) Calling server.so:CvarValue2()
L 02/27/2025 - 21:17:28: \glitch31415\STEAM_0:0:743386914\ Client version: Adrenaline Gamer (OpenGL)
L 02/27/2025 - 21:18:41: \glitch31415\STEAM_0:0:743386914\ killed "Gonome" with "9mmhandgun"
L 02/27/2025 - 21:19:21: \glitch31415\STEAM_0:0:743386914\ killed "Zombie" with "9mmhandgun"
L 02/27/2025 - 21:19:22: \glitch31415\STEAM_0:0:743386914\ killed "Zombie" with "9mmhandgun"
L 02/27/2025 - 21:19:24: \glitch31415\STEAM_0:0:743386914\ killed "Zombie" with "9mmhandgun"
L 02/27/2025 - 21:19:50: \glitch31415\STEAM_0:0:743386914\ killed by "Human Grunt"
L 02/27/2025 - 21:20:04: \glitch31415\STEAM_0:0:743386914\ killed "Human Grunt" with "shotgun"
L 02/27/2025 - 21:23:19: \glitch31415\STEAM_0:0:743386914\ killed "Zombie" with "9mmAR"
L 02/27/2025 - 21:24:41: \glitch31415\STEAM_0:0:743386914\ killed "Zombie" with "9mmAR"
L 02/27/2025 - 21:24:41: \glitch31415\STEAM_0:0:743386914\ killed "Zombie" with "9mmAR"
L 02/27/2025 - 21:24:42: \glitch31415\STEAM_0:0:743386914\ killed "Zombie" with "9mmAR"
L 02/27/2025 - 21:24:42: \glitch31415\STEAM_0:0:743386914\ killed "Zombie" with "9mmAR"
L 02/27/2025 - 21:24:51: \glitch31415\STEAM_0:0:743386914\ killed "Human Grunt" with "9mmAR"
L 02/27/2025 - 21:26:00: \glitch31415\STEAM_0:0:743386914\ killed "Zombie" with "9mmhandgun"
L 02/27/2025 - 21:26:01: \glitch31415\STEAM_0:0:743386914\ killed "Zombie" with "9mmhandgun"
L 02/27/2025 - 21:26:02: \glitch31415\STEAM_0:0:743386914\ killed "Zombie" with "9mmhandgun"
L 02/27/2025 - 21:26:36: Rcon: "rcon 302500760 "5pgW37D7ad" restart" from "127.0.0.1:27005"
L 02/27/2025 - 21:26:36: [META] (debug:3) Calling amxmodx_mm_i386.so:ClientDisconnect()
L 02/27/2025 - 21:26:36: [META] (debug:3) Calling engine_amxx_i386.so:ClientDisconnect()
L 02/27/2025 - 21:26:36: [META] (debug:3) Calling server.so:ClientDisconnect()
L 02/27/2025 - 21:26:36: \bot1\BOT\ disconnected
L 02/27/2025 - 21:26:36: Dropped bot1 from server
L 02/27/2025 - 21:26:36: Reason:  Dropping fakeclient on level change
L 02/27/2025 - 21:26:36: [META] (debug:3) Calling amxmodx_mm_i386.so:ClientDisconnect()
L 02/27/2025 - 21:26:36: [META] (debug:3) Calling engine_amxx_i386.so:ClientDisconnect()
L 02/27/2025 - 21:26:36: [META] (debug:3) Calling server.so:ClientDisconnect()
L 02/27/2025 - 21:26:36: \bot2\BOT\ disconnected
L 02/27/2025 - 21:26:36: Dropped bot2 from server
L 02/27/2025 - 21:26:36: Reason:  Dropping fakeclient on level change
L 02/27/2025 - 21:26:36: [META] (debug:3) Calling amxmodx_mm_i386.so:ClientDisconnect()
L 02/27/2025 - 21:26:36: [META] (debug:3) Calling engine_amxx_i386.so:ClientDisconnect()
L 02/27/2025 - 21:26:36: [META] (debug:3) Calling server.so:ClientDisconnect()
L 02/27/2025 - 21:26:36: \bot3\BOT\ disconnected
L 02/27/2025 - 21:26:36: Dropped bot3 from server
L 02/27/2025 - 21:26:36: Reason:  Dropping fakeclient on level change
L 02/27/2025 - 21:26:36: [META] (debug:3) Calling amxmodx_mm_i386.so:ServerDeactivate()
L 02/27/2025 - 21:26:36: [META] (debug:3) Calling engine_amxx_i386.so:ServerDeactivate()
L 02/27/2025 - 21:26:36: [META] (debug:3) Calling server.so:ServerDeactivate()
L 02/27/2025 - 21:26:36: \glitch31415\STEAM_0:0:743386914\ 48 points, 1 deaths
L 02/27/2025 - 21:26:36: [META] (debug:3) Calling amxmodx_mm_i386.so:ServerDeactivate_Post()
L 02/27/2025 - 21:26:36: [META] (debug:3) Calling fakemeta_amxx_i386.so:ServerDeactivate_Post()
L 02/27/2025 - 21:26:36: [META] ini: Begin re-reading plugins list: /home/glitch/.steam/debian-installation/steamapps/common/hlds/valve/addons/metamod/plugins.ini
L 02/27/2025 - 21:26:36: [META] ini: Read plugin config for: AMX Mod X
L 02/27/2025 - 21:26:36: [META] ini: Finished reading plugins list: /home/glitch/.steam/debian-installation/steamapps/common/hlds/valve/addons/metamod/plugins.ini; Found 1 plugins
L 02/27/2025 - 21:26:36: [META] dll: Updating plugins...
L 02/27/2025 - 21:26:36: [META] (debug:1) Keeping plugin 'AMX Mod X'
L 02/27/2025 - 21:26:36: [META] dll: Finished updating 5 plugins; kept 1, loaded 0, unloaded 0, reloaded 0, delayed 0
L 02/27/2025 - 21:26:36: [META] (debug:3) Calling amxmodx_mm_i386.so:ClientDisconnect()
L 02/27/2025 - 21:26:36: [META] (debug:3) Calling engine_amxx_i386.so:ClientDisconnect()
L 02/27/2025 - 21:26:36: [META] (debug:3) Calling server.so:ClientDisconnect()
L 02/27/2025 - 21:26:36: \glitch31415\STEAM_0:0:743386914\ disconnected with 48 points
L 02/27/2025 - 21:26:36: Log file closed

-------------------------------------------------------------------------------

