L 02/27/2025 - 18:15:14: Log file started (file "logs/L0227018.log") (game "valve") (version "48/1.1.2.2/Stdio/3897")
L 02/27/2025 - 18:15:14: Loading map "d1_trainstation_02_sandbox"
L 02/27/2025 - 18:15:14: Server cvar "mp_soundvariety" = "0"
L 02/27/2025 - 18:15:14: Server cvar "mp_soundvariety" = "1"
L 02/27/2025 - 18:15:14: [META] (debug:3) user message registered again: name=VoiceMask, msgid=64
L 02/27/2025 - 18:15:14: [META] (debug:3) user message registered again: name=ReqState, msgid=65
L 02/27/2025 - 18:15:14: [META] (debug:3) Calling amxmodx_mm_i386.so:ServerActivate()
L 02/27/2025 - 18:15:14: [META] (debug:3) Calling engine_amxx_i386.so:ServerActivate()
L 02/27/2025 - 18:15:14: [META] (debug:3) Calling fakemeta_amxx_i386.so:ServerActivate()
L 02/27/2025 - 18:15:14: [META] (debug:3) Calling server.so:ServerActivate()
L 02/27/2025 - 18:15:14: [META] (debug:3) Calling amxmodx_mm_i386.so:ServerActivate_Post()
L 02/27/2025 - 18:15:14: Enemy stats: 0k health, 0 npcs
L 02/27/2025 - 18:15:14: Started map "d1_trainstation_02_sandbox" (CRC "652026196")
L 02/27/2025 - 18:15:14: [META] (debug:3) Calling engine_amxx_i386.so:ClientConnect()
L 02/27/2025 - 18:15:14: [META] (debug:3) Calling fun_amxx_i386.so:ClientConnect()
L 02/27/2025 - 18:15:14: [META] (debug:3) Calling server.so:ClientConnect()
L 02/27/2025 - 18:15:14: \glitch31415\STEAM_0:0:743386914\ connected from address 127.0.0.1:27005
L 02/27/2025 - 18:15:14: [META] (debug:3) Calling amxmodx_mm_i386.so:ClientConnect_Post()
L 02/27/2025 - 18:15:15: Dropped glitch31415 from server
L 02/27/2025 - 18:15:15: Reason:  Client sent 'drop'
L 02/27/2025 - 18:15:16: [META] (debug:3) Calling engine_amxx_i386.so:ClientConnect()
L 02/27/2025 - 18:15:16: [META] (debug:3) Calling fun_amxx_i386.so:ClientConnect()
L 02/27/2025 - 18:15:16: [META] (debug:3) Calling server.so:ClientConnect()
L 02/27/2025 - 18:15:16: \glitch31415\STEAM_0:0:743386914\ connected from address 127.0.0.1:27005
L 02/27/2025 - 18:15:16: [META] (debug:3) Calling amxmodx_mm_i386.so:ClientConnect_Post()
L 02/27/2025 - 18:15:16: "glitch31415<7><STEAM_0:0:743386914><>" STEAM USERID validated
L 02/27/2025 - 18:15:17: \bot2\BOT\ connected from address 127.0.0.1
L 02/27/2025 - 18:15:17: \bot2\BOT\ entered the game as ld_gordon(160,58)
L 02/27/2025 - 18:15:17: \bot1\BOT\ connected from address 127.0.0.1
L 02/27/2025 - 18:15:17: \bot1\BOT\ entered the game as ld_gordon(129,64)
L 02/27/2025 - 18:15:17: \bot3\BOT\ connected from address 127.0.0.1
L 02/27/2025 - 18:15:17: \bot3\BOT\ entered the game as ld_gordon(247,248)
L 02/27/2025 - 18:15:17: [META] (debug:3) Calling server.so:ClientPutInServer()
L 02/27/2025 - 18:15:17: [META] (debug:3) Calling engine:QueryClientCvarValue2()
L 02/27/2025 - 18:15:17: [META] (debug:3) Calling amxmodx_mm_i386.so:ClientPutInServer_Post()
L 02/27/2025 - 18:15:17: \glitch31415\STEAM_0:0:743386914\ entered the game as wireframe(76,76)
L 02/27/2025 - 18:15:17: [META] (debug:3) Calling amxmodx_mm_i386.so:CvarValue2()
L 02/27/2025 - 18:15:17: [META] (debug:3) Calling server.so:CvarValue2()
L 02/27/2025 - 18:15:17: [META] (debug:3) Calling engine:QueryClientCvarValue2()
L 02/27/2025 - 18:15:18: [META] (debug:3) Calling amxmodx_mm_i386.so:CvarValue2()
L 02/27/2025 - 18:15:18: [META] (debug:3) Calling server.so:CvarValue2()
L 02/27/2025 - 18:15:18: [META] (debug:3) Calling engine:QueryClientCvarValue2()
L 02/27/2025 - 18:15:18: [META] (debug:3) Calling amxmodx_mm_i386.so:CvarValue2()
L 02/27/2025 - 18:15:18: [META] (debug:3) Calling server.so:CvarValue2()
L 02/27/2025 - 18:15:18: [META] (debug:3) Calling engine:QueryClientCvarValue2()
L 02/27/2025 - 18:15:18: [META] (debug:3) Calling amxmodx_mm_i386.so:CvarValue2()
L 02/27/2025 - 18:15:18: [META] (debug:3) Calling server.so:CvarValue2()
L 02/27/2025 - 18:15:18: \glitch31415\STEAM_0:0:743386914\ Client version: Adrenaline Gamer (OpenGL)
L 02/27/2025 - 18:15:23: \glitch31415\STEAM_0:0:743386914\ killed "Scientist" with "grenade"
L 02/27/2025 - 18:15:28: \glitch31415\STEAM_0:0:743386914\ killed "Scientist" with "shotgun"
L 02/27/2025 - 18:15:28: \glitch31415\STEAM_0:0:743386914\ killed "Scientist" with "shotgun"
L 02/27/2025 - 18:15:35: \glitch31415\STEAM_0:0:743386914\ killed "Scientist" with "shotgun"
L 02/27/2025 - 18:15:37: \glitch31415\STEAM_0:0:743386914\ killed "Scientist" with "shotgun"
L 02/27/2025 - 18:15:52: \glitch31415\STEAM_0:0:743386914\ killed "Scientist" with "grenade"
L 02/27/2025 - 18:15:52: \glitch31415\STEAM_0:0:743386914\ killed "Scientist" with "grenade"
L 02/27/2025 - 18:16:17: \glitch31415\STEAM_0:0:743386914\ committed suicide with "grenade"
L 02/27/2025 - 18:16:55: \glitch31415\STEAM_0:0:743386914\ committed suicide with "grenade"
L 02/27/2025 - 18:17:24: Rcon: "rcon 1932176356 "5pgW37D7ad" changelevel infested" from "127.0.0.1:27005"
L 02/27/2025 - 18:17:24: [META] (debug:3) Calling amxmodx_mm_i386.so:ClientDisconnect()
L 02/27/2025 - 18:17:24: [META] (debug:3) Calling engine_amxx_i386.so:ClientDisconnect()
L 02/27/2025 - 18:17:24: [META] (debug:3) Calling server.so:ClientDisconnect()
L 02/27/2025 - 18:17:24: \bot2\BOT\ disconnected
L 02/27/2025 - 18:17:24: Dropped bot2 from server
L 02/27/2025 - 18:17:24: Reason:  Dropping fakeclient on level change
L 02/27/2025 - 18:17:24: [META] (debug:3) Calling amxmodx_mm_i386.so:ClientDisconnect()
L 02/27/2025 - 18:17:24: [META] (debug:3) Calling engine_amxx_i386.so:ClientDisconnect()
L 02/27/2025 - 18:17:24: [META] (debug:3) Calling server.so:ClientDisconnect()
L 02/27/2025 - 18:17:24: \bot1\BOT\ disconnected
L 02/27/2025 - 18:17:24: Dropped bot1 from server
L 02/27/2025 - 18:17:24: Reason:  Dropping fakeclient on level change
L 02/27/2025 - 18:17:24: [META] (debug:3) Calling amxmodx_mm_i386.so:ClientDisconnect()
L 02/27/2025 - 18:17:24: [META] (debug:3) Calling engine_amxx_i386.so:ClientDisconnect()
L 02/27/2025 - 18:17:24: [META] (debug:3) Calling server.so:ClientDisconnect()
L 02/27/2025 - 18:17:24: \bot3\BOT\ disconnected
L 02/27/2025 - 18:17:24: Dropped bot3 from server
L 02/27/2025 - 18:17:24: Reason:  Dropping fakeclient on level change
L 02/27/2025 - 18:17:24: [META] (debug:3) Calling amxmodx_mm_i386.so:ServerDeactivate()
L 02/27/2025 - 18:17:24: [META] (debug:3) Calling engine_amxx_i386.so:ServerDeactivate()
L 02/27/2025 - 18:17:24: [META] (debug:3) Calling server.so:ServerDeactivate()
L 02/27/2025 - 18:17:24: \glitch31415\STEAM_0:0:743386914\ 10 points, 2 deaths
L 02/27/2025 - 18:17:24: [META] (debug:3) Calling amxmodx_mm_i386.so:ServerDeactivate_Post()
L 02/27/2025 - 18:17:24: [META] (debug:3) Calling fakemeta_amxx_i386.so:ServerDeactivate_Post()
L 02/27/2025 - 18:17:24: [META] ini: Begin re-reading plugins list: /home/glitch/.steam/debian-installation/steamapps/common/hlds/valve/addons/metamod/plugins.ini
L 02/27/2025 - 18:17:24: [META] ini: Read plugin config for: AMX Mod X
L 02/27/2025 - 18:17:24: [META] ini: Finished reading plugins list: /home/glitch/.steam/debian-installation/steamapps/common/hlds/valve/addons/metamod/plugins.ini; Found 1 plugins
L 02/27/2025 - 18:17:24: [META] dll: Updating plugins...
L 02/27/2025 - 18:17:24: [META] (debug:1) Keeping plugin 'AMX Mod X'
L 02/27/2025 - 18:17:24: [META] dll: Finished updating 5 plugins; kept 1, loaded 0, unloaded 0, reloaded 0, delayed 0
L 02/27/2025 - 18:17:24: [META] (debug:3) Calling amxmodx_mm_i386.so:ClientDisconnect()
L 02/27/2025 - 18:17:24: [META] (debug:3) Calling engine_amxx_i386.so:ClientDisconnect()
L 02/27/2025 - 18:17:24: [META] (debug:3) Calling server.so:ClientDisconnect()
L 02/27/2025 - 18:17:24: \glitch31415\STEAM_0:0:743386914\ disconnected with 10 points
L 02/27/2025 - 18:17:24: Log file closed

-------------------------------------------------------------------------------

