L 03/27/2025 - 21:16:45: Log file started (file "logs/L0327025.log") (game "valve") (version "48/1.1.2.2/Stdio/3897")
L 03/27/2025 - 21:16:45: Loading map "d1_trainstation_02_sandbox"
L 03/27/2025 - 21:16:45: Server cvar "mp_soundvariety" = "0"
L 03/27/2025 - 21:16:45: Server cvar "mp_soundvariety" = "1"
L 03/27/2025 - 21:16:45: [META] (debug:3) user message registered again: name=VoiceMask, msgid=64
L 03/27/2025 - 21:16:45: [META] (debug:3) user message registered again: name=ReqState, msgid=65
L 03/27/2025 - 21:16:45: [META] (debug:3) Calling amxmodx_mm_i386.so:ServerActivate()
L 03/27/2025 - 21:16:45: [META] (debug:3) Calling engine_amxx_i386.so:ServerActivate()
L 03/27/2025 - 21:16:45: [META] (debug:3) Calling fakemeta_amxx_i386.so:ServerActivate()
L 03/27/2025 - 21:16:45: [META] (debug:3) Calling server.so:ServerActivate()
L 03/27/2025 - 21:16:45: Server cvar "mp_nextmap" = "d1_town_01_sandbox"
L 03/27/2025 - 21:16:45: [META] (debug:3) Calling amxmodx_mm_i386.so:ServerActivate_Post()
L 03/27/2025 - 21:16:45: Server cvar "amx_nextmap" = "sc_test_sandbox"
L 03/27/2025 - 21:16:45: Enemy stats: 0k health, 0 npcs
L 03/27/2025 - 21:16:45: Started map "d1_trainstation_02_sandbox" (CRC "652026196")
L 03/27/2025 - 21:16:45: [META] (debug:3) Calling engine_amxx_i386.so:ClientConnect()
L 03/27/2025 - 21:16:45: [META] (debug:3) Calling fun_amxx_i386.so:ClientConnect()
L 03/27/2025 - 21:16:45: [META] (debug:3) Calling server.so:ClientConnect()
L 03/27/2025 - 21:16:45: \glitch31415\STEAM_0:0:743386914\ connected from address 127.0.0.1:27005
L 03/27/2025 - 21:16:45: [META] (debug:3) Calling amxmodx_mm_i386.so:ClientConnect_Post()
L 03/27/2025 - 21:16:46: Dropped glitch31415 from server
L 03/27/2025 - 21:16:46: Reason:  Client sent 'drop'
L 03/27/2025 - 21:16:46: [META] (debug:3) Calling engine_amxx_i386.so:ClientConnect()
L 03/27/2025 - 21:16:46: [META] (debug:3) Calling fun_amxx_i386.so:ClientConnect()
L 03/27/2025 - 21:16:46: [META] (debug:3) Calling server.so:ClientConnect()
L 03/27/2025 - 21:16:46: \glitch31415\STEAM_0:0:743386914\ connected from address 127.0.0.1:27005
L 03/27/2025 - 21:16:46: [META] (debug:3) Calling amxmodx_mm_i386.so:ClientConnect_Post()
L 03/27/2025 - 21:16:47: "glitch31415<8><STEAM_0:0:743386914><>" STEAM USERID validated
L 03/27/2025 - 21:16:48: [META] (debug:3) Calling server.so:ClientPutInServer()
L 03/27/2025 - 21:16:48: [META] (debug:3) Calling engine:QueryClientCvarValue2()
L 03/27/2025 - 21:16:48: [META] (debug:3) Calling amxmodx_mm_i386.so:ClientPutInServer_Post()
L 03/27/2025 - 21:16:48: \glitch31415\STEAM_0:0:743386914\ entered the game as wireframe(76,76)
L 03/27/2025 - 21:16:48: [META] (debug:3) Calling amxmodx_mm_i386.so:CvarValue2()
L 03/27/2025 - 21:16:48: [META] (debug:3) Calling server.so:CvarValue2()
L 03/27/2025 - 21:16:48: [META] (debug:3) Calling engine:QueryClientCvarValue2()
L 03/27/2025 - 21:16:48: \bot1\BOT\ connected from address 127.0.0.1
L 03/27/2025 - 21:16:48: \bot1\BOT\ entered the game as ld_gordon(252,230)
L 03/27/2025 - 21:16:48: \bot3\BOT\ connected from address 127.0.0.1
L 03/27/2025 - 21:16:48: \bot3\BOT\ entered the game as ld_gordon(95,45)
L 03/27/2025 - 21:16:48: \bot2\BOT\ connected from address 127.0.0.1
L 03/27/2025 - 21:16:48: \bot2\BOT\ entered the game as ld_gordon(183,89)
L 03/27/2025 - 21:16:48: [META] (debug:3) Calling amxmodx_mm_i386.so:CvarValue2()
L 03/27/2025 - 21:16:48: [META] (debug:3) Calling server.so:CvarValue2()
L 03/27/2025 - 21:16:48: [META] (debug:3) Calling engine:QueryClientCvarValue2()
L 03/27/2025 - 21:16:48: [META] (debug:3) Calling amxmodx_mm_i386.so:CvarValue2()
L 03/27/2025 - 21:16:48: [META] (debug:3) Calling server.so:CvarValue2()
L 03/27/2025 - 21:16:48: [META] (debug:3) Calling engine:QueryClientCvarValue2()
L 03/27/2025 - 21:16:48: [META] (debug:3) Calling amxmodx_mm_i386.so:CvarValue2()
L 03/27/2025 - 21:16:48: [META] (debug:3) Calling server.so:CvarValue2()
L 03/27/2025 - 21:16:48: \glitch31415\STEAM_0:0:743386914\ Client version: Adrenaline Gamer (OpenGL)
L 03/27/2025 - 21:17:02: \glitch31415\STEAM_0:0:743386914\ killed "Scientist" with "shotgun"
L 03/27/2025 - 21:17:04: \glitch31415\STEAM_0:0:743386914\ killed "Scientist" with "shotgun"
L 03/27/2025 - 21:17:09: \glitch31415\STEAM_0:0:743386914\ killed "Scientist" with "shotgun"
L 03/27/2025 - 21:18:31: \glitch31415\STEAM_0:0:743386914\ killed "Scientist" with "grenade"
L 03/27/2025 - 21:18:57: \glitch31415\STEAM_0:0:743386914\ killed "Scientist" with "9mmhandgun"
L 03/27/2025 - 21:19:05: \glitch31415\STEAM_0:0:743386914\ killed by "Vehicle"
L 03/27/2025 - 21:19:23: \glitch31415\STEAM_0:0:743386914\ killed "Scientist" with "rpg_rocket"
L 03/27/2025 - 21:19:23: \glitch31415\STEAM_0:0:743386914\ killed "Scientist" with "rpg_rocket"
L 03/27/2025 - 21:19:57: \glitch31415\STEAM_0:0:743386914\ killed "Scientist" with "9mmhandgun"
L 03/27/2025 - 21:20:29: \glitch31415\STEAM_0:0:743386914\ killed "Scientist" with "357"
L 03/27/2025 - 21:20:40: \glitch31415\STEAM_0:0:743386914\ killed "Scientist" with "crowbar"
L 03/27/2025 - 21:22:02: \glitch31415\STEAM_0:0:743386914\ committed suicide with "skull"
L 03/27/2025 - 21:22:30: \glitch31415\STEAM_0:0:743386914\ killed "Human Grunt" with "grenade"
L 03/27/2025 - 21:22:30: \glitch31415\STEAM_0:0:743386914\ killed "Human Grunt" with "grenade"
L 03/27/2025 - 21:22:30: \glitch31415\STEAM_0:0:743386914\ killed "Human Grunt" with "grenade"
L 03/27/2025 - 21:22:30: \glitch31415\STEAM_0:0:743386914\ killed "Human Grunt" with "grenade"
L 03/27/2025 - 21:22:30: \glitch31415\STEAM_0:0:743386914\ killed "Human Grunt" with "grenade"
L 03/27/2025 - 21:22:30: \glitch31415\STEAM_0:0:743386914\ killed "Human Grunt" with "grenade"
L 03/27/2025 - 21:22:30: \glitch31415\STEAM_0:0:743386914\ killed "Human Grunt" with "grenade"
L 03/27/2025 - 21:22:30: \glitch31415\STEAM_0:0:743386914\ killed "Human Grunt" with "grenade"
L 03/27/2025 - 21:22:30: \glitch31415\STEAM_0:0:743386914\ killed "Human Grunt" with "grenade"
L 03/27/2025 - 21:22:30: \glitch31415\STEAM_0:0:743386914\ killed "Human Grunt" with "grenade"
L 03/27/2025 - 21:22:30: \glitch31415\STEAM_0:0:743386914\ killed "Human Grunt" with "grenade"
L 03/27/2025 - 21:22:46: \glitch31415\STEAM_0:0:743386914\ killed by "Human Grunt"
L 03/27/2025 - 21:23:07: \glitch31415\STEAM_0:0:743386914\ killed by "Human Grunt"
L 03/27/2025 - 21:23:34: \glitch31415\STEAM_0:0:743386914\ killed "Human Grunt" with "9mmAR"
L 03/27/2025 - 21:23:41: \glitch31415\STEAM_0:0:743386914\ killed "Human Grunt" with "grenade"
L 03/27/2025 - 21:23:41: \glitch31415\STEAM_0:0:743386914\ killed "Human Grunt" with "grenade"
L 03/27/2025 - 21:23:43: \glitch31415\STEAM_0:0:743386914\ killed "Human Grunt" with "9mmAR"
L 03/27/2025 - 21:24:04: \glitch31415\STEAM_0:0:743386914\ killed by "Human Grunt"
L 03/27/2025 - 21:24:14: \glitch31415\STEAM_0:0:743386914\ killed "Human Grunt" with "9mmAR"
L 03/27/2025 - 21:24:25: \glitch31415\STEAM_0:0:743386914\ killed "Human Grunt" with "9mmAR"
L 03/27/2025 - 21:24:25: \glitch31415\STEAM_0:0:743386914\ killed "Human Grunt" with "9mmAR"
L 03/27/2025 - 21:24:25: \glitch31415\STEAM_0:0:743386914\ killed by "Human Grunt"
L 03/27/2025 - 21:24:39: \glitch31415\STEAM_0:0:743386914\ killed by "Human Grunt"
L 03/27/2025 - 21:24:52: \glitch31415\STEAM_0:0:743386914\ killed "Human Grunt" with "shotgun"
L 03/27/2025 - 21:25:07: \glitch31415\STEAM_0:0:743386914\ committed suicide with "skull"
L 03/27/2025 - 21:25:11: Rcon: "rcon 208315361 "5pgW37D7ad" restart" from "127.0.0.1:27005"
L 03/27/2025 - 21:25:11: [META] (debug:3) Calling amxmodx_mm_i386.so:ClientDisconnect()
L 03/27/2025 - 21:25:11: [META] (debug:3) Calling engine_amxx_i386.so:ClientDisconnect()
L 03/27/2025 - 21:25:11: [META] (debug:3) Calling server.so:ClientDisconnect()
L 03/27/2025 - 21:25:11: \bot1\BOT\ disconnected
L 03/27/2025 - 21:25:11: Dropped bot1 from server
L 03/27/2025 - 21:25:11: Reason:  Dropping fakeclient on level change
L 03/27/2025 - 21:25:11: [META] (debug:3) Calling amxmodx_mm_i386.so:ClientDisconnect()
L 03/27/2025 - 21:25:11: [META] (debug:3) Calling engine_amxx_i386.so:ClientDisconnect()
L 03/27/2025 - 21:25:11: [META] (debug:3) Calling server.so:ClientDisconnect()
L 03/27/2025 - 21:25:11: \bot3\BOT\ disconnected
L 03/27/2025 - 21:25:11: Dropped bot3 from server
L 03/27/2025 - 21:25:11: Reason:  Dropping fakeclient on level change
L 03/27/2025 - 21:25:11: [META] (debug:3) Calling amxmodx_mm_i386.so:ClientDisconnect()
L 03/27/2025 - 21:25:11: [META] (debug:3) Calling engine_amxx_i386.so:ClientDisconnect()
L 03/27/2025 - 21:25:11: [META] (debug:3) Calling server.so:ClientDisconnect()
L 03/27/2025 - 21:25:11: \bot2\BOT\ disconnected
L 03/27/2025 - 21:25:11: Dropped bot2 from server
L 03/27/2025 - 21:25:11: Reason:  Dropping fakeclient on level change
L 03/27/2025 - 21:25:11: [META] (debug:3) Calling amxmodx_mm_i386.so:ServerDeactivate()
L 03/27/2025 - 21:25:11: [META] (debug:3) Calling engine_amxx_i386.so:ServerDeactivate()
L 03/27/2025 - 21:25:11: [META] (debug:3) Calling server.so:ServerDeactivate()
L 03/27/2025 - 21:25:11: \glitch31415\STEAM_0:0:743386914\ 100 points, 8 deaths
L 03/27/2025 - 21:25:11: [META] (debug:3) Calling amxmodx_mm_i386.so:ServerDeactivate_Post()
L 03/27/2025 - 21:25:11: [META] (debug:3) Calling fakemeta_amxx_i386.so:ServerDeactivate_Post()
L 03/27/2025 - 21:25:11: [META] ini: Begin re-reading plugins list: /home/glitch/.steam/debian-installation/steamapps/common/hlds/valve/addons/metamod/plugins.ini
L 03/27/2025 - 21:25:11: [META] ini: Read plugin config for: AMX Mod X
L 03/27/2025 - 21:25:11: [META] ini: Finished reading plugins list: /home/glitch/.steam/debian-installation/steamapps/common/hlds/valve/addons/metamod/plugins.ini; Found 1 plugins
L 03/27/2025 - 21:25:11: [META] dll: Updating plugins...
L 03/27/2025 - 21:25:11: [META] (debug:1) Keeping plugin 'AMX Mod X'
L 03/27/2025 - 21:25:11: [META] dll: Finished updating 5 plugins; kept 1, loaded 0, unloaded 0, reloaded 0, delayed 0
L 03/27/2025 - 21:25:11: [META] (debug:3) Calling amxmodx_mm_i386.so:ClientDisconnect()
L 03/27/2025 - 21:25:11: [META] (debug:3) Calling engine_amxx_i386.so:ClientDisconnect()
L 03/27/2025 - 21:25:11: [META] (debug:3) Calling server.so:ClientDisconnect()
L 03/27/2025 - 21:25:11: \glitch31415\STEAM_0:0:743386914\ disconnected with 100 points
L 03/27/2025 - 21:25:11: Log file closed

-------------------------------------------------------------------------------

