L 03/27/2025 - 21:35:39: Log file started (file "logs/L0327033.log") (game "valve") (version "48/1.1.2.2/Stdio/3897")
L 03/27/2025 - 21:35:39: Loading map "hldm_2fort_sandbox"
L 03/27/2025 - 21:35:39: Server cvar "mp_soundvariety" = "0"
L 03/27/2025 - 21:35:39: Server cvar "mp_soundvariety" = "1"
L 03/27/2025 - 21:35:39: [META] (debug:3) user message registered again: name=VoiceMask, msgid=64
L 03/27/2025 - 21:35:39: [META] (debug:3) user message registered again: name=ReqState, msgid=65
L 03/27/2025 - 21:35:39: [META] (debug:3) Calling amxmodx_mm_i386.so:ServerActivate()
L 03/27/2025 - 21:35:39: [META] (debug:3) Calling engine_amxx_i386.so:ServerActivate()
L 03/27/2025 - 21:35:39: [META] (debug:3) Calling fakemeta_amxx_i386.so:ServerActivate()
L 03/27/2025 - 21:35:39: [META] (debug:3) Calling server.so:ServerActivate()
L 03/27/2025 - 21:35:39: Server cvar "mp_nextmap" = "dead-dust2_sandbox"
L 03/27/2025 - 21:35:39: [META] (debug:3) Calling amxmodx_mm_i386.so:ServerActivate_Post()
L 03/27/2025 - 21:35:40: Server cvar "amx_nextmap" = "crossfireXL_sandbox"
L 03/27/2025 - 21:35:40: Enemy stats: 0k health, 0 npcs
L 03/27/2025 - 21:35:40: Started map "hldm_2fort_sandbox" (CRC "579208788")
L 03/27/2025 - 21:35:40: [META] (debug:3) Calling engine_amxx_i386.so:ClientConnect()
L 03/27/2025 - 21:35:40: [META] (debug:3) Calling fun_amxx_i386.so:ClientConnect()
L 03/27/2025 - 21:35:40: [META] (debug:3) Calling server.so:ClientConnect()
L 03/27/2025 - 21:35:40: \glitch31415\STEAM_0:0:743386914\ connected from address 127.0.0.1:27005
L 03/27/2025 - 21:35:40: [META] (debug:3) Calling amxmodx_mm_i386.so:ClientConnect_Post()
L 03/27/2025 - 21:35:41: Dropped glitch31415 from server
L 03/27/2025 - 21:35:41: Reason:  Client sent 'drop'
L 03/27/2025 - 21:35:41: [META] (debug:3) Calling engine_amxx_i386.so:ClientConnect()
L 03/27/2025 - 21:35:41: [META] (debug:3) Calling fun_amxx_i386.so:ClientConnect()
L 03/27/2025 - 21:35:41: [META] (debug:3) Calling server.so:ClientConnect()
L 03/27/2025 - 21:35:41: \glitch31415\STEAM_0:0:743386914\ connected from address 127.0.0.1:27005
L 03/27/2025 - 21:35:41: [META] (debug:3) Calling amxmodx_mm_i386.so:ClientConnect_Post()
L 03/27/2025 - 21:35:41: "glitch31415<9><STEAM_0:0:743386914><>" STEAM USERID validated
L 03/27/2025 - 21:35:43: [META] (debug:3) Calling server.so:ClientPutInServer()
L 03/27/2025 - 21:35:43: [META] (debug:3) Calling engine:QueryClientCvarValue2()
L 03/27/2025 - 21:35:43: [META] (debug:3) Calling amxmodx_mm_i386.so:ClientPutInServer_Post()
L 03/27/2025 - 21:35:43: \glitch31415\STEAM_0:0:743386914\ entered the game as wireframe(76,76)
L 03/27/2025 - 21:35:43: [META] (debug:3) Calling amxmodx_mm_i386.so:CvarValue2()
L 03/27/2025 - 21:35:43: [META] (debug:3) Calling server.so:CvarValue2()
L 03/27/2025 - 21:35:43: [META] (debug:3) Calling engine:QueryClientCvarValue2()
L 03/27/2025 - 21:35:43: \bot1\BOT\ connected from address 127.0.0.1
L 03/27/2025 - 21:35:43: \bot1\BOT\ entered the game as ld_gordon(65,86)
L 03/27/2025 - 21:35:43: \bot2\BOT\ connected from address 127.0.0.1
L 03/27/2025 - 21:35:43: \bot2\BOT\ entered the game as ld_gordon(40,25)
L 03/27/2025 - 21:35:43: \bot3\BOT\ connected from address 127.0.0.1
L 03/27/2025 - 21:35:43: \bot3\BOT\ entered the game as ld_gordon(241,38)
L 03/27/2025 - 21:35:43: [META] (debug:3) Calling amxmodx_mm_i386.so:CvarValue2()
L 03/27/2025 - 21:35:43: [META] (debug:3) Calling server.so:CvarValue2()
L 03/27/2025 - 21:35:43: [META] (debug:3) Calling engine:QueryClientCvarValue2()
L 03/27/2025 - 21:35:43: [META] (debug:3) Calling amxmodx_mm_i386.so:CvarValue2()
L 03/27/2025 - 21:35:43: [META] (debug:3) Calling server.so:CvarValue2()
L 03/27/2025 - 21:35:43: [META] (debug:3) Calling engine:QueryClientCvarValue2()
L 03/27/2025 - 21:35:43: [META] (debug:3) Calling amxmodx_mm_i386.so:CvarValue2()
L 03/27/2025 - 21:35:43: [META] (debug:3) Calling server.so:CvarValue2()
L 03/27/2025 - 21:35:43: \glitch31415\STEAM_0:0:743386914\ Client version: Adrenaline Gamer (OpenGL)
L 03/27/2025 - 21:38:08: \glitch31415\STEAM_0:0:743386914\ killed "Human Grunt" with "9mmAR"
L 03/27/2025 - 21:38:12: \glitch31415\STEAM_0:0:743386914\ killed "Human Grunt" with "shotgun"
L 03/27/2025 - 21:38:12: \glitch31415\STEAM_0:0:743386914\ killed "Human Grunt" with "shotgun"
L 03/27/2025 - 21:38:17: \glitch31415\STEAM_0:0:743386914\ killed "Human Grunt" with "bolt"
L 03/27/2025 - 21:38:17: \glitch31415\STEAM_0:0:743386914\ killed "Human Grunt" with "bolt"
L 03/27/2025 - 21:38:17: \glitch31415\STEAM_0:0:743386914\ killed "Human Grunt" with "bolt"
L 03/27/2025 - 21:38:25: \glitch31415\STEAM_0:0:743386914\ killed "Human Grunt" with "shotgun"
L 03/27/2025 - 21:38:38: Rcon: "rcon 2093540045 "5pgW37D7ad" restart" from "127.0.0.1:27005"
L 03/27/2025 - 21:38:38: [META] (debug:3) Calling amxmodx_mm_i386.so:ClientDisconnect()
L 03/27/2025 - 21:38:38: [META] (debug:3) Calling engine_amxx_i386.so:ClientDisconnect()
L 03/27/2025 - 21:38:38: [META] (debug:3) Calling server.so:ClientDisconnect()
L 03/27/2025 - 21:38:38: \bot1\BOT\ disconnected
L 03/27/2025 - 21:38:38: Dropped bot1 from server
L 03/27/2025 - 21:38:38: Reason:  Dropping fakeclient on level change
L 03/27/2025 - 21:38:38: [META] (debug:3) Calling amxmodx_mm_i386.so:ClientDisconnect()
L 03/27/2025 - 21:38:38: [META] (debug:3) Calling engine_amxx_i386.so:ClientDisconnect()
L 03/27/2025 - 21:38:38: [META] (debug:3) Calling server.so:ClientDisconnect()
L 03/27/2025 - 21:38:38: \bot2\BOT\ disconnected
L 03/27/2025 - 21:38:38: Dropped bot2 from server
L 03/27/2025 - 21:38:38: Reason:  Dropping fakeclient on level change
L 03/27/2025 - 21:38:38: [META] (debug:3) Calling amxmodx_mm_i386.so:ClientDisconnect()
L 03/27/2025 - 21:38:38: [META] (debug:3) Calling engine_amxx_i386.so:ClientDisconnect()
L 03/27/2025 - 21:38:38: [META] (debug:3) Calling server.so:ClientDisconnect()
L 03/27/2025 - 21:38:38: \bot3\BOT\ disconnected
L 03/27/2025 - 21:38:38: Dropped bot3 from server
L 03/27/2025 - 21:38:38: Reason:  Dropping fakeclient on level change
L 03/27/2025 - 21:38:38: [META] (debug:3) Calling amxmodx_mm_i386.so:ServerDeactivate()
L 03/27/2025 - 21:38:38: [META] (debug:3) Calling engine_amxx_i386.so:ServerDeactivate()
L 03/27/2025 - 21:38:38: [META] (debug:3) Calling server.so:ServerDeactivate()
L 03/27/2025 - 21:38:38: \glitch31415\STEAM_0:0:743386914\ 21 points, 0 deaths
L 03/27/2025 - 21:38:38: [META] (debug:3) Calling amxmodx_mm_i386.so:ServerDeactivate_Post()
L 03/27/2025 - 21:38:38: [META] (debug:3) Calling fakemeta_amxx_i386.so:ServerDeactivate_Post()
L 03/27/2025 - 21:38:38: [META] ini: Begin re-reading plugins list: /home/glitch/.steam/debian-installation/steamapps/common/hlds/valve/addons/metamod/plugins.ini
L 03/27/2025 - 21:38:38: [META] ini: Read plugin config for: AMX Mod X
L 03/27/2025 - 21:38:38: [META] ini: Finished reading plugins list: /home/glitch/.steam/debian-installation/steamapps/common/hlds/valve/addons/metamod/plugins.ini; Found 1 plugins
L 03/27/2025 - 21:38:38: [META] dll: Updating plugins...
L 03/27/2025 - 21:38:38: [META] (debug:1) Keeping plugin 'AMX Mod X'
L 03/27/2025 - 21:38:38: [META] dll: Finished updating 5 plugins; kept 1, loaded 0, unloaded 0, reloaded 0, delayed 0
L 03/27/2025 - 21:38:38: [META] (debug:3) Calling amxmodx_mm_i386.so:ClientDisconnect()
L 03/27/2025 - 21:38:38: [META] (debug:3) Calling engine_amxx_i386.so:ClientDisconnect()
L 03/27/2025 - 21:38:38: [META] (debug:3) Calling server.so:ClientDisconnect()
L 03/27/2025 - 21:38:38: \glitch31415\STEAM_0:0:743386914\ disconnected with 21 points
L 03/27/2025 - 21:38:38: Log file closed

-------------------------------------------------------------------------------

