L 03/27/2025 - 21:32:51: Log file started (file "logs/L0327029.log") (game "valve") (version "48/1.1.2.2/Stdio/3897")
L 03/27/2025 - 21:32:51: Loading map "infested"
L 03/27/2025 - 21:32:51: Server cvar "mp_soundvariety" = "0"
L 03/27/2025 - 21:32:51: Server cvar "mp_soundvariety" = "1"
L 03/27/2025 - 21:32:51: [META] (debug:3) user message registered again: name=VoiceMask, msgid=64
L 03/27/2025 - 21:32:51: [META] (debug:3) user message registered again: name=ReqState, msgid=65
L 03/27/2025 - 21:32:51: [META] (debug:3) Calling amxmodx_mm_i386.so:ServerActivate()
L 03/27/2025 - 21:32:51: [META] (debug:3) Calling engine_amxx_i386.so:ServerActivate()
L 03/27/2025 - 21:32:51: [META] (debug:3) Calling fakemeta_amxx_i386.so:ServerActivate()
L 03/27/2025 - 21:32:51: [META] (debug:3) Calling server.so:ServerActivate()
L 03/27/2025 - 21:32:51: Server cvar "mp_nextmap" = "d1_trainstation_02_sandbox"
L 03/27/2025 - 21:32:51: [META] (debug:3) Calling amxmodx_mm_i386.so:ServerActivate_Post()
L 03/27/2025 - 21:32:51: Server cvar "amx_nextmap" = "infested2"
L 03/27/2025 - 21:32:51: Enemy stats: 40k health, 178+ npcs
L 03/27/2025 - 21:32:51: Started map "infested" (CRC "1856797836")
L 03/27/2025 - 21:32:51: [META] (debug:3) Calling engine_amxx_i386.so:ClientConnect()
L 03/27/2025 - 21:32:51: [META] (debug:3) Calling fun_amxx_i386.so:ClientConnect()
L 03/27/2025 - 21:32:51: [META] (debug:3) Calling server.so:ClientConnect()
L 03/27/2025 - 21:32:51: \glitch31415\STEAM_0:0:743386914\ connected from address 127.0.0.1:27005
L 03/27/2025 - 21:32:51: [META] (debug:3) Calling amxmodx_mm_i386.so:ClientConnect_Post()
L 03/27/2025 - 21:32:52: Dropped glitch31415 from server
L 03/27/2025 - 21:32:52: Reason:  Client sent 'drop'
L 03/27/2025 - 21:32:53: [META] (debug:3) Calling engine_amxx_i386.so:ClientConnect()
L 03/27/2025 - 21:32:53: [META] (debug:3) Calling fun_amxx_i386.so:ClientConnect()
L 03/27/2025 - 21:32:53: [META] (debug:3) Calling server.so:ClientConnect()
L 03/27/2025 - 21:32:53: \glitch31415\STEAM_0:0:743386914\ connected from address 127.0.0.1:27005
L 03/27/2025 - 21:32:53: [META] (debug:3) Calling amxmodx_mm_i386.so:ClientConnect_Post()
L 03/27/2025 - 21:32:53: "glitch31415<6><STEAM_0:0:743386914><>" STEAM USERID validated
L 03/27/2025 - 21:32:54: [META] (debug:3) Calling server.so:ClientPutInServer()
L 03/27/2025 - 21:32:54: [META] (debug:3) Calling engine:QueryClientCvarValue2()
L 03/27/2025 - 21:32:54: [META] (debug:3) Calling amxmodx_mm_i386.so:ClientPutInServer_Post()
L 03/27/2025 - 21:32:54: \glitch31415\STEAM_0:0:743386914\ entered the game as wireframe(76,76)
L 03/27/2025 - 21:32:54: [META] (debug:3) Calling amxmodx_mm_i386.so:CvarValue2()
L 03/27/2025 - 21:32:54: [META] (debug:3) Calling server.so:CvarValue2()
L 03/27/2025 - 21:32:54: [META] (debug:3) Calling engine:QueryClientCvarValue2()
L 03/27/2025 - 21:32:54: \bot2\BOT\ connected from address 127.0.0.1
L 03/27/2025 - 21:32:54: \bot2\BOT\ entered the game as ld_gordon(70,71)
L 03/27/2025 - 21:32:54: \bot1\BOT\ connected from address 127.0.0.1
L 03/27/2025 - 21:32:54: \bot1\BOT\ entered the game as ld_gordon(38,4)
L 03/27/2025 - 21:32:54: \bot3\BOT\ connected from address 127.0.0.1
L 03/27/2025 - 21:32:54: \bot3\BOT\ entered the game as ld_gordon(249,40)
L 03/27/2025 - 21:32:55: [META] (debug:3) Calling amxmodx_mm_i386.so:CvarValue2()
L 03/27/2025 - 21:32:55: [META] (debug:3) Calling server.so:CvarValue2()
L 03/27/2025 - 21:32:55: [META] (debug:3) Calling engine:QueryClientCvarValue2()
L 03/27/2025 - 21:32:55: [META] (debug:3) Calling amxmodx_mm_i386.so:CvarValue2()
L 03/27/2025 - 21:32:55: [META] (debug:3) Calling server.so:CvarValue2()
L 03/27/2025 - 21:32:55: [META] (debug:3) Calling engine:QueryClientCvarValue2()
L 03/27/2025 - 21:32:55: [META] (debug:3) Calling amxmodx_mm_i386.so:CvarValue2()
L 03/27/2025 - 21:32:55: [META] (debug:3) Calling server.so:CvarValue2()
L 03/27/2025 - 21:32:55: \glitch31415\STEAM_0:0:743386914\ Client version: Adrenaline Gamer (OpenGL)
L 03/27/2025 - 21:33:26: \glitch31415\STEAM_0:0:743386914\ killed "Sentry Gun" with "9mmAR"
L 03/27/2025 