L 03/29/2025 - 20:01:48: Log file started (file "logs/L0329008.log") (game "valve") (version "48/1.1.2.2/Stdio/3897")
L 03/29/2025 - 20:01:48: Loading map "d1_town_03_sandbox"
L 03/29/2025 - 20:01:48: Server cvar "mp_soundvariety" = "0"
L 03/29/2025 - 20:01:48: Server cvar "mp_soundvariety" = "1"
L 03/29/2025 - 20:01:48: [META] (debug:3) user message registered again: name=VoiceMask, msgid=64
L 03/29/2025 - 20:01:48: [META] (debug:3) user message registered again: name=ReqState, msgid=65
L 03/29/2025 - 20:01:48: [META] (debug:3) Calling amxmodx_mm_i386.so:ServerActivate()
L 03/29/2025 - 20:01:48: [META] (debug:3) Calling engine_amxx_i386.so:ServerActivate()
L 03/29/2025 - 20:01:48: [META] (debug:3) Calling fakemeta_amxx_i386.so:ServerActivate()
L 03/29/2025 - 20:01:48: [META] (debug:3) Calling server.so:ServerActivate()
L 03/29/2025 - 20:01:48: Server cvar "mp_nextmap" = "d1_town_04_sandbox"
L 03/29/2025 - 20:01:48: [META] (debug:3) Calling amxmodx_mm_i386.so:ServerActivate_Post()
L 03/29/2025 - 20:01:48: Enemy stats: 6k health, 18 npcs
L 03/29/2025 - 20:01:48: Started map "d1_town_03_sandbox" (CRC "-1293458623")
L 03/29/2025 - 20:01:51: \bot1\BOT\ connected from address 127.0.0.1
L 03/29/2025 - 20:01:51: \bot1\BOT\ entered the game as ld_gordon(1,198)
L 03/29/2025 - 20:01:51: \bot3\BOT\ connected from address 127.0.0.1
L 03/29/2025 - 20:01:51: \bot3\BOT\ entered the game as ld_gordon(45,46)
L 03/29/2025 - 20:01:51: \bot2\BOT\ connected from address 127.0.0.1
L 03/29/2025 - 20:01:51: \bot2\BOT\ entered the game as ld_gordon(10,243)
L 03/29/2025 - 20:01:57: [META] (debug:3) Calling engine_amxx_i386.so:ClientConnect()
L 03/29/2025 - 20:01:57: [META] (debug:3) Calling fun_amxx_i386.so:ClientConnect()
L 03/29/2025 - 20:01:57: [META] (debug:3) Calling server.so:ClientConnect()
L 03/29/2025 - 20:01:57: \glitch31415\STEAM_0:0:743386914\ connected from address 127.0.0.1:27005
L 03/29/2025 - 20:01:57: [META] (debug:3) Calling amxmodx_mm_i386.so:ClientConnect_Post()
L 03/29/2025 - 20:01:57: "glitch31415<4><STEAM_0:0:743386914><>" STEAM USERID validated
L 03/29/2025 - 20:01:59: Dropped glitch31415 from server
L 03/29/2025 - 20:01:59: Reason:  Client sent 'drop'
L 03/29/2025 - 20:01:59: [META] (debug:3) Calling engine_amxx_i386.so:ClientConnect()
L 03/29/2025 - 20:01:59: [META] (debug:3) Calling fun_amxx_i386.so:ClientConnect()
L 03/29/2025 - 20:01:59: [META] (debug:3) Calling server.so:ClientConnect()
L 03/29/2025 - 20:01:59: \glitch31415\STEAM_0:0:743386914\ connected from address 127.0.0.1:27005
L 03/29/2025 - 20:01:59: [META] (debug:3) Calling amxmodx_mm_i386.so:ClientConnect_Post()
L 03/29/2025 - 20:01:59: "glitch31415<5><STEAM_0:0:743386914><>" STEAM USERID validated
L 03/29/2025 - 20:02:01: [META] (debug:3) Calling server.so:ClientPutInServer()
L 03/29/2025 - 20:02:01: [META] (debug:3) Calling engine:QueryClientCvarValue2()
L 03/29/2025 - 20:02:01: [META] (debug:3) Calling amxmodx_mm_i386.so:ClientPutInServer_Post()
L 03/29/2025 - 20:02:01: \glitch31415\STEAM_0:0:743386914\ entered the game as wireframe(76,76)
L 03/29/2025 - 20:02:01: [META] (debug:3) Calling amxmodx_mm_i386.so:CvarValue2()
L 03/29/2025 - 20:02:01: [META] (debug:3) Calling server.so:CvarValue2()
L 03/29/2025 - 20:02:01: [META] (debug:3) Calling engine:QueryClientCvarValue2()
L 03/29/2025 - 20:02:02: [META] (debug:3) Calling amxmodx_mm_i386.so:CvarValue2()
L 03/29/2025 - 20:02:02: [META] (debug:3) Calling server.so:CvarValue2()
L 03/29/2025 - 20:02:02: [META] (debug:3) Calling engine:QueryClientCvarValue2()
L 03/29/2025 - 20:02:02: [META] (debug:3) Calling amxmodx_mm_i386.so:CvarValue2()
L 03/29/2025 - 20:02:02: [META] (debug:3) Calling server.so:CvarValue2()
L 03/29/2025 - 20:02:02: [META] (debug:3) Calling engine:QueryClientCvarValue2()
L 03/29/2025 - 20:02:02: [META] (debug:3) Calling amxmodx_mm_i386.so:CvarValue2()
L 03/29/2025 - 20:02:02: [META] (debug:3) Calling server.so:CvarValue2()
L 03/29/2025 - 20:02:02: \glitch31415\STEAM_0:0:743386914\ Client version: Adrenaline Gamer (OpenGL)
L 03/29/2025 - 20:02:13: \glitch31415\STEAM_0:0:743386914\ killed "Zombie" with "9mmAR"
L 03/29/2025 - 20:02:18: \glitch31415\STEAM_0:0:743386914\ killed "Zombie" with "9mmAR"
L 03/29/2025 - 20:02:24: \glitch31415\STEAM_0:0:743386914\ killed "Zombie" with "9mmAR"
L 03/29/2025 - 20:03:34: \glitch31415\STEAM_0:0:743386914\ killed "Human Grunt" with "9mmhandgun"
L 03/29/2025 - 20:08:20: Rcon: "rcon 385027211 "5pgW37D7ad" changelevel d1_trainstation_02_sandbox" from "127.0.0.1:27005"
L 03/29/2025 - 20:08:20: [META] (debug:3) Calling amxmodx_mm_i386.so:ClientDisconnect()
L 03/29/2025 - 20:08:20: [META] (debug:3) Calling engine_amxx_i386.so:ClientDisconnect()
L 03/29/2025 - 20:08:20: [META] (debug:3) Calling server.so:ClientDisconnect()
L 03/29/2025 - 20:08:20: \bot1\BOT\ disconnected
L 03/29/2025 - 20:08:20: Dropped bot1 from server
L 03/29/2025 - 20:08:20: Reason:  Dropping fakeclient on level change
L 03/29/2025 - 20:08:20: [META] (debug:3) Calling amxmodx_mm_i386.so:ClientDisconnect()
L 03/29/2025 - 20:08:20: [META] (debug:3) Calling engine_amxx_i386.so:ClientDisconnect()
L 03/29/2025 - 20:08:20: [META] (debug:3) Calling server.so:ClientDisconnect()
L 03/29/2025 - 20:08:20: \bot3\BOT\ disconnected
L 03/29/2025 - 20:08:20: Dropped bot3 from server
L 03/29/2025 - 20:08:20: Reason:  Dropping fakeclient on level change
L 03/29/2025 - 20:08:20: [META] (debug:3) Calling amxmodx_mm_i386.so:ClientDisconnect()
L 03/29/2025 - 20:08:20: [META] (debug:3) Calling engine_amxx_i386.so:ClientDisconnect()
L 03/29/2025 - 20:08:20: [META] (debug:3) Calling server.so:ClientDisconnect()
L 03/29/2025 - 20:08:20: \bot2\BOT\ disconnected
L 03/29/2025 - 20:08:20: Dropped bot2 from server
L 03/29/2025 - 20:08:20: Reason:  Dropping fakeclient on level change
L 03/29/2025 - 20:08:20: [META] (debug:3) Calling amxmodx_mm_i386.so:ServerDeactivate()
L 03/29/2025 - 20:08:20: [META] (debug:3) Calling engine_amxx_i386.so:ServerDeactivate()
L 03/29/2025 - 20:08:20: [META] (debug:3) Calling server.so:ServerDeactivate()
L 03/29/2025 - 20:08:20: \glitch31415\STEAM_0:0:743386914\ 26 points, 0 deaths
L 03/29/2025 - 20:08:20: [META] (debug:3) Calling amxmodx_mm_i386.so:ServerDeactivate_Post()
L 03/29/2025 - 20:08:20: [META] (debug:3) Calling fakemeta_amxx_i386.so:ServerDeactivate_Post()
L 03/29/2025 - 20:08:20: [META] ini: Begin re-reading plugins list: /home/glitch/.steam/debian-installation/steamapps/common/hlds/valve/addons/metamod/plugins.ini
L 03/29/2025 - 20:08:20: [META] ini: Read plugin config for: AMX Mod X
L 03/29/2025 - 20:08:20: [META] ini: Finished reading plugins list: /home/glitch/.steam/debian-installation/steamapps/common/hlds/valve/addons/metamod/plugins.ini; Found 1 plugins
L 03/29/2025 - 20:08:20: [META] dll: Updating plugins...
L 03/29/2025 - 20:08:20: [META] (debug:1) Keeping plugin 'AMX Mod X'
L 03/29/2025 - 20:08:20: [META] dll: Finished updating 5 plugins; kept 1, loaded 0, unloaded 0, reloaded 0, delayed 0
L 03/29/2025 - 20:08:20: [META] (debug:3) Calling amxmodx_mm_i386.so:ClientDisconnect()
L 03/29/2025 - 20:08:20: [META] (debug:3) Calling engine_amxx_i386.so:ClientDisconnect()
L 03/29/2025 - 20:08:20: [META] (debug:3) Calling server.so:ClientDisconnect()
L 03/29/2025 - 20:08:20: \glitch31415\STEAM_0:0:743386914\ disconnected with 26 points
L 03/29/2025 - 20:08:20: Log file closed

-------------------------------------------------------------------------------

