L 03/27/2025 - 18:34:11: Log file started (file "logs/L0327015.log") (game "valve") (version "48/1.1.2.2/Stdio/3897")
L 03/27/2025 - 18:34:11: Loading map "boot_camp_sandbox"
L 03/27/2025 - 18:34:11: Server cvar "mp_soundvariety" = "0"
L 03/27/2025 - 18:34:11: Server cvar "mp_soundvariety" = "1"
L 03/27/2025 - 18:34:11: [META] (debug:3) user message registered again: name=VoiceMask, msgid=64
L 03/27/2025 - 18:34:11: [META] (debug:3) user message registered again: name=ReqState, msgid=65
L 03/27/2025 - 18:34:11: [META] ERROR: Couldn't find game entity 'info_intermission' in game DLL 'valve': /home/glitch/.steam/debian-installation/steamapps/common/hlds/valve/dlls/server.so: undefined symbol: info_intermission
L 03/27/2025 - 18:34:11: [META] (debug:3) Calling amxmodx_mm_i386.so:ServerActivate()
L 03/27/2025 - 18:34:11: [META] (debug:3) Calling engine_amxx_i386.so:ServerActivate()
L 03/27/2025 - 18:34:11: [META] (debug:3) Calling fakemeta_amxx_i386.so:ServerActivate()
L 03/27/2025 - 18:34:11: [META] (debug:3) Calling server.so:ServerActivate()
L 03/27/2025 - 18:34:11: Server cvar "mp_nextmap" = "d1_town_03_sandbox"
L 03/27/2025 - 18:34:11: [META] (debug:3) Calling amxmodx_mm_i386.so:ServerActivate_Post()
L 03/27/2025 - 18:34:11: Enemy stats: 0k health, 0 npcs
L 03/27/2025 - 18:34:11: Started map "boot_camp_sandbox" (CRC "-2076798411")
L 03/27/2025 - 18:34:12: [META] (debug:3) Calling engine_amxx_i386.so:ClientConnect()
L 03/27/2025 - 18:34:12: [META] (debug:3) Calling fun_amxx_i386.so:ClientConnect()
L 03/27/2025 - 18:34:12: [META] (debug:3) Calling server.so:ClientConnect()
L 03/27/2025 - 18:34:12: \glitch31415\STEAM_0:0:743386914\ connected from address 127.0.0.1:27005
L 03/27/2025 - 18:34:12: [META] (debug:3) Calling amxmodx_mm_i386.so:ClientConnect_Post()
L 03/27/2025 - 18:34:12: "glitch31415<1><STEAM_0:0:743386914><>" STEAM USERID validated
L 03/27/2025 - 18:34:13: Dropped glitch31415 from server
L 03/27/2025 - 18:34:13: Reason:  Client sent 'drop'
L 03/27/2025 - 18:34:13: [META] (debug:3) Calling engine_amxx_i386.so:ClientConnect()
L 03/27/2025 - 18:34:13: [META] (debug:3) Calling fun_amxx_i386.so:ClientConnect()
L 03/27/2025 - 18:34:13: [META] (debug:3) Calling server.so:ClientConnect()
L 03/27/2025 - 18:34:13: \glitch31415\STEAM_0:0:743386914\ connected from address 127.0.0.1:27005
L 03/27/2025 - 18:34:13: [META] (debug:3) Calling amxmodx_mm_i386.so:ClientConnect_Post()
L 03/27/2025 - 18:34:13: "glitch31415<2><STEAM_0:0:743386914><>" STEAM USERID validated
L 03/27/2025 - 18:34:14: \bot2\BOT\ connected from address 127.0.0.1
L 03/27/2025 - 18:34:14: \bot2\BOT\ entered the game as ld_gordon(198,48)
L 03/27/2025 - 18:34:14: \bot3\BOT\ connected from address 127.0.0.1
L 03/27/2025 - 18:34:14: \bot3\BOT\ entered the game as ld_gordon(101,233)
L 03/27/2025 - 18:34:15: \bot1\BOT\ connected from address 127.0.0.1
L 03/27/2025 - 18:34:15: \bot1\BOT\ entered the game as ld_gordon(142,46)
L 03/27/2025 - 18:34:15: [META] (debug:3) Calling server.so:ClientPutInServer()
L 03/27/2025 - 18:34:15: [META] (debug:3) Calling engine:QueryClientCvarValue2()
L 03/27/2025 - 18:34:15: [META] (debug:3) Calling amxmodx_mm_i386.so:ClientPutInServer_Post()
L 03/27/2025 - 18:34:15: \glitch31415\STEAM_0:0:743386914\ entered the game as wireframe(76,76)
L 03/27/2025 - 18:34:15: [META] (debug:3) Calling amxmodx_mm_i386.so:CvarValue2()
L 03/27/2025 - 18:34:15: [META] (debug:3) Calling server.so:CvarValue2()
L 03/27/2025 - 18:34:15: [META] (debug:3) Calling engine:QueryClientCvarValue2()
L 03/27/2025 - 18:34:15: [META] (debug:3) Calling amxmodx_mm_i386.so:CvarValue2()
L 03/27/2025 - 18:34:15: [META] (debug:3) Calling server.so:CvarValue2()
L 03/27/2025 - 18:34:15: [META] (debug:3) Calling engine:QueryClientCvarValue2()
L 03/27/2025 - 18:34:15: [META] (debug:3) Calling amxmodx_mm_i386.so:CvarValue2()
L 03/27/2025 - 18:34:15: [META] (debug:3) Calling server.so:CvarValue2()
L 03/27/2025 - 18:34:15: [META] (debug:3) Calling engine:QueryClientCvarValue2()
L 03/27/2025 - 18:34:15: [META] (debug:3) Calling amxmodx_mm_i386.so:CvarValue2()
L 03/27/2025 - 18:34:15: [META] (debug:3) Calling server.so:CvarValue2()
L 03/27/2025 - 18:34:15: \glitch31415\STEAM_0:0:743386914\ Client version: Adrenaline Gamer (OpenGL)
L 03/27/2025 - 18:37:37: [META] (debug:3) Calling amxmodx_mm_i386.so:ClientDisconnect()
L 03/27/2025 - 18:37:37: [META] (debug:3) Calling engine_amxx_i386.so:ClientDisconnect()
L 03/27/2025 - 18:37:37: [META] (debug:3) Calling server.so:ClientDisconnect()
L 03/27/2025 - 18:37:37: \glitch31415\STEAM_0:0:743386914\ disconnected
L 03/27/2025 - 18:37:37: Dropped glitch31415 from server
L 03/27/2025 - 18:37:37: Reason:  Client sent 'drop'
L 03/27/2025 - 18:37:50: [META] (debug:3) Calling engine_amxx_i386.so:ClientConnect()
L 03/27/2025 - 18:37:50: [META] (debug:3) Calling fun_amxx_i386.so:ClientConnect()
L 03/27/2025 - 18:37:50: [META] (debug:3) Calling server.so:ClientConnect()
L 03/27/2025 - 18:37:50: \glitch31415\STEAM_0:0:743386914\ connected from address 209.172.10.5:27005
L 03/27/2025 - 18:37:50: [META] (debug:3) Calling amxmodx_mm_i386.so:ClientConnect_Post()
L 03/27/2025 - 18:37:50: "glitch31415<6><STEAM_0:0:743386914><>" STEAM USERID validated
L 03/27/2025 - 18:37:51: Dropped glitch31415 from server
L 03/27/2025 - 18:37:51: Reason:  Client sent 'drop'
L 03/27/2025 - 18:37:51: [META] (debug:3) Calling engine_amxx_i386.so:ClientConnect()
L 03/27/2025 - 18:37:51: [META] (debug:3) Calling fun_amxx_i386.so:ClientConnect()
L 03/27/2025 - 18:37:51: [META] (debug:3) Calling server.so:ClientConnect()
L 03/27/2025 - 18:37:51: \glitch31415\STEAM_0:0:743386914\ connected from address 209.172.10.5:27005
L 03/27/2025 - 18:37:51: [META] (debug:3) Calling amxmodx_mm_i386.so:ClientConnect_Post()
L 03/27/2025 - 18:37:52: "glitch31415<7><STEAM_0:0:743386914><>" STEAM USERID validated
L 03/27/2025 - 18:37:53: [META] (debug:3) Calling server.so:ClientPutInServer()
L 03/27/2025 - 18:37:53: [META] (debug:3) Calling engine:QueryClientCvarValue2()
L 03/27/2025 - 18:37:53: [META] (debug:3) Calling amxmodx_mm_i386.so:ClientPutInServer_Post()
L 03/27/2025 - 18:37:53: \glitch31415\STEAM_0:0:743386914\ entered the game as wireframe(76,76)
L 03/27/2025 - 18:37:53: [META] (debug:3) Calling amxmodx_mm_i386.so:CvarValue2()
L 03/27/2025 - 18:37:53: [META] (debug:3) Calling server.so:CvarValue2()
L 03/27/2025 - 18:37:53: [META] (debug:3) Calling engine:QueryClientCvarValue2()
L 03/27/2025 - 18:37:53: [META] (debug:3) Calling amxmodx_mm_i386.so:CvarValue2()
L 03/27/2025 - 18:37:53: [META] (debug:3) Calling server.so:CvarValue2()
L 03/27/2025 - 18:37:53: [META] (debug:3) Calling engine:QueryClientCvarValue2()
L 03/27/2025 - 18:37:53: [META] (debug:3) Calling amxmodx_mm_i386.so:CvarValue2()
L 03/27/2025 - 18:37:53: [META] (debug:3) Calling server.so:CvarValue2()
L 03/27/2025 - 18:37:53: [META] (debug:3) Calling engine:QueryClientCvarValue2()
L 03/27/2025 - 18:37:53: [META] (debug:3) Calling amxmodx_mm_i386.so:CvarValue2()
L 03/27/2025 - 18:37:53: [META] (debug:3) Calling server.so:CvarValue2()
L 03/27/2025 - 18:37:53: \glitch31415\STEAM_0:0:743386914\ Client version: Adrenaline Gamer (OpenGL)
L 03/27/2025 - 18:37:58: Rcon: "rcon 2070416629 "5pgW37D7ad" echo hi" from "209.172.10.5:27005"
L 03/27/2025 - 18:38:02: [META] (debug:3) Calling amxmodx_mm_i386.so:ClientDisconnect()
L 03/27/2025 - 18:38:02: [META] (debug:3) Calling engine_amxx_i386.so:ClientDisconnect()
L 03/27/2025 - 18:38:02: [META] (debug:3) Calling server.so:ClientDisconnect()
L 03/27/2025 - 18:38:02: \glitch31415\STEAM_0:0:743386914\ disconnected
L 03/27/2025 - 18:38:02: Dropped glitch31415 from server
L 03/27/2025 - 18:38:02: Reason:  Client sent 'drop'
L 03/27/2025 - 19:59:03: "143.42.54.115:27012<8><STEAM_0:1:427433233><>" STEAM USERID validated
L 03/27/2025 - 19:59:03: [META] (debug:3) Calling engine_amxx_i386.so:ClientConnect()
L 03/27/2025 - 19:59:03: [META] (debug:3) Calling fun_amxx_i386.so:ClientConnect()
L 03/27/2025 - 19:59:03: [META] (debug:3) Calling server.so:ClientConnect()
L 03/27/2025 - 19:59:03: \143.42.54.115:27012\STEAM_0:1:427433233\ connected from address 31.223.59.135:14700
L 03/27/2025 - 19:59:03: [META] (debug:3) Cal