L 03/30/2025 - 00:25:48: Log file started (file "logs/L0330009.log") (game "valve") (version "48/1.1.2.2/Stdio/3897")
L 03/30/2025 - 00:25:48: Loading map "hldm_2fort_sandbox"
L 03/30/2025 - 00:25:48: Server cvar "mp_soundvariety" = "0"
L 03/30/2025 - 00:25:48: Server cvar "mp_soundvariety" = "1"
L 03/30/2025 - 00:25:48: [META] (debug:3) user message registered again: name=VoiceMask, msgid=64
L 03/30/2025 - 00:25:48: [META] (debug:3) user message registered again: name=ReqState, msgid=65
L 03/30/2025 - 00:25:48: [META] (debug:3) Calling amxmodx_mm_i386.so:ServerActivate()
L 03/30/2025 - 00:25:48: [META] (debug:3) Calling engine_amxx_i386.so:ServerActivate()
L 03/30/2025 - 00:25:48: [META] (debug:3) Calling fakemeta_amxx_i386.so:ServerActivate()
L 03/30/2025 - 00:25:48: [META] (debug:3) Calling server.so:ServerActivate()
L 03/30/2025 - 00:25:48: Server cvar "mp_nextmap" = "dead-dust2_sandbox"
L 03/30/2025 - 00:25:48: [META] (debug:3) Calling amxmodx_mm_i386.so:ServerActivate_Post()
L 03/30/2025 - 00:25:48: Server cvar "amx_nextmap" = "chaos_sandbox"
L 03/30/2025 - 00:25:48: Enemy stats: 0k health, 0 npcs
L 03/30/2025 - 00:25:48: Started map "hldm_2fort_sandbox" (CRC "579208788")
L 03/30/2025 - 00:25:48: [META] (debug:3) Calling engine_amxx_i386.so:ClientConnect()
L 03/30/2025 - 00:25:48: [META] (debug:3) Calling fun_amxx_i386.so:ClientConnect()
L 03/30/2025 - 00:25:48: [META] (debug:3) Calling server.so:ClientConnect()
L 03/30/2025 - 00:25:48: \glitch31415\STEAM_0:0:743386914\ connected from address 127.0.0.1:27005
L 03/30/2025 - 00:25:48: [META] (debug:3) Calling amxmodx_mm_i386.so:ClientConnect_Post()
L 03/30/2025 - 00:25:49: Dropped glitch31415 from server
L 03/30/2025 - 00:25:49: Reason:  Client sent 'drop'
L 03/30/2025 - 00:25:49: [META] (debug:3) Calling engine_amxx_i386.so:ClientConnect()
L 03/30/2025 - 00:25:49: [META] (debug:3) Calling fun_amxx_i386.so:ClientConnect()
L 03/30/2025 - 00:25:49: [META] (debug:3) Calling server.so:ClientConnect()
L 03/30/2025 - 00:25:49: \glitch31415\STEAM_0:0:743386914\ connected from address 127.0.0.1:27005
L 03/30/2025 - 00:25:49: [META] (debug:3) Calling amxmodx_mm_i386.so:ClientConnect_Post()
L 03/30/2025 - 00:25:50: "glitch31415<6><STEAM_0:0:743386914><>" STEAM USERID validated
L 03/30/2025 - 00:25:51: [META] (debug:3) Calling server.so:ClientPutInServer()
L 03/30/2025 - 00:25:51: [META] (debug:3) Calling engine:QueryClientCvarValue2()
L 03/30/2025 - 00:25:51: [META] (debug:3) Calling amxmodx_mm_i386.so:ClientPutInServer_Post()
L 03/30/2025 - 00:25:51: \glitch31415\STEAM_0:0:743386914\ entered the game as wireframe(76,76)
L 03/30/2025 - 00:25:51: [META] (debug:3) Calling amxmodx_mm_i386.so:CvarValue2()
L 03/30/2025 - 00:25:51: [META] (debug:3) Calling server.so:CvarValue2()
L 03/30/2025 - 00:25:51: [META] (debug:3) Calling engine:QueryClientCvarValue2()
L 03/30/2025 - 00:25:51: \bot2\BOT\ connected from address 127.0.0.1
L 03/30/2025 - 00:25:51: \bot2\BOT\ entered the game as ld_gordon(25,51)
L 03/30/2025 - 00:25:51: \bot3\BOT\ connected from address 127.0.0.1
L 03/30/2025 - 00:25:51: \bot3\BOT\ entered the game as ld_gordon(161,52)
L 03/30/2025 - 00:25:51: \bot1\BOT\ connected from address 127.0.0.1
L 03/30/2025 - 00:25:51: \bot1\BOT\ entered the game as ld_gordon(47,142)
L 03/30/2025 - 00:25:51: [META] (debug:3) Calling amxmodx_mm_i386.so:CvarValue2()
L 03/30/2025 - 00:25:51: [META] (debug:3) Calling server.so:CvarValue2()
L 03/30/2025 - 00:25:51: [META] (debug:3) Calling engine:QueryClientCvarValue2()
L 03/30/2025 - 00:25:51: [META] (debug:3) Calling amxmodx_mm_i386.so:CvarValue2()
L 03/30/2025 - 00:25:51: [META] (debug:3) Calling server.so:CvarValue2()
L 03/30/2025 - 00:25:51: [META] (debug:3) Calling engine:QueryClientCvarValue2()
L 03/30/2025 - 00:25:51: [META] (debug:3) Calling amxmodx_mm_i386.so:CvarValue2()
L 03/30/2025 - 00:25:51: [META] (debug:3) Calling server.so:CvarValue2()
L 03/30/2025 - 00:25:51: \glitch31415\STEAM_0:0:743386914\ Client version: Adrenaline Gamer (OpenGL)
L 03/30/2025 - 00:26:37: \glitch31415\STEAM_0:0:743386914\ killed by "Human Grunt"
L 03/30/2025 - 00:34:43: [META] (debug:3) Calling amxmodx_mm_i386.so:ClientDisconnect()
L 03/30/2025 - 00:34:43: [META] (debug:3) Calling engine_amxx_i386.so:ClientDisconnect()
L 03/30/2025 - 00:34:43: [META] (debug:3) Calling server.so:ClientDisconnect()
L 03/30/2025 - 00:34:43: \glitch31415\STEAM_0:0:743386914\ disconnected
L 03/30/2025 - 00:34:43: Dropped glitch31415 from server
L 03/30/2025 - 00:34:43: Reason:  Client sent 'drop'
L 03/30/2025 - 00:34:43: [META] (debug:3) Calling engine_amxx_i386.so:ClientConnect()
L 03/30/2025 - 00:34:43: [META] (debug:3) Calling fun_amxx_i386.so:ClientConnect()
L 03/30/2025 - 00:34:43: [META] (debug:3) Calling server.so:ClientConnect()
L 03/30/2025 - 00:34:43: \glitch31415\STEAM_0:0:743386914\ connected from address 127.0.0.1:27005
L 03/30/2025 - 00:34:43: [META] (debug:3) Calling amxmodx_mm_i386.so:ClientConnect_Post()
L 03/30/2025 - 00:34:43: "glitch31415<10><STEAM_0:0:743386914><>" STEAM USERID validated
L 03/30/2025 - 00:34:44: Dropped glitch31415 from server
L 03/30/2025 - 00:34:44: Reason:  Client sent 'drop'
L 03/30/2025 - 00:34:45: [META] (debug:3) Calling engine_amxx_i386.so:ClientConnect()
L 03/30/2025 - 00:34:45: [META] (debug:3) Calling fun_amxx_i386.so:ClientConnect()
L 03/30/2025 - 00:34:45: [META] (debug:3) Calling server.so:ClientConnect()
L 03/30/2025 - 00:34:45: \glitch31415\STEAM_0:0:743386914\ connected from address 127.0.0.1:27005
L 03/30/2025 - 00:34:45: [META] (debug:3) Calling amxmodx_mm_i386.so:ClientConnect_Post()
L 03/30/2025 - 00:34:45: "glitch31415<11><STEAM_0:0:743386914><>" STEAM USERID validated
L 03/30/2025 - 00:34:46: [META] (debug:3) Calling server.so:ClientPutInServer()
L 03/30/2025 - 00:34:46: [META] (debug:3) Calling engine:QueryClientCvarValue2()
L 03/30/2025 - 00:34:46: [META] (debug:3) Calling amxmodx_mm_i386.so:ClientPutInServer_Post()
L 03/30/2025 - 00:34:46: \glitch31415\STEAM_0:0:743386914\ entered the game as wireframe(76,76)
L 03/30/2025 - 00:34:46: [META] (debug:3) Calling amxmodx_mm_i386.so:CvarValue2()
L 03/30/2025 - 00:34:46: [META] (debug:3) Calling server.so:CvarValue2()
L 03/30/2025 - 00:34:46: [META] (debug:3) Calling engine:QueryClientCvarValue2()
L 03/30/2025 - 00:34:47: [META] (debug:3) Calling amxmodx_mm_i386.so:CvarValue2()
L 03/30/2025 - 00:34:47: [META] (debug:3) Calling server.so:CvarValue2()
L 03/30/2025 - 00:34:47: [META] (debug:3) Calling engine:QueryClientCvarValue2()
L 03/30/2025 - 00:34:47: [META] (debug:3) Calling amxmodx_mm_i386.so:CvarValue2()
L 03/30/2025 - 00:34:47: [META] (debug:3) Calling server.so:CvarValue2()
L 03/30/2025 - 00:34:47: [META] (debug:3) Calling engine:QueryClientCvarValue2()
L 03/30/2025 - 00:34:47: [META] (debug:3) Calling amxmodx_mm_i386.so:CvarValue2()
L 03/30/2025 - 00:34:47: [META] (debug:3) Calling server.so:CvarValue2()
L 03/30/2025 - 00:34:47: \glitch31415\STEAM_0:0:743386914\ Client version: Adrenaline Gamer (OpenGL)
L 03/30/2025 - 00:35:06: \glitch31415\STEAM_0:0:743386914\ killed by "Human Grunt"
L 03/30/2025 - 00:35:17: \glitch31415\STEAM_0:0:743386914\ committed suicide with "gluon gun"
L 03/30/2025 - 00:35:21: \glitch31415\STEAM_0:0:743386914\ killed "Human Grunt" with "gluon gun"
L 03/30/2025 - 00:35:23: \glitch31415\STEAM_0:0:743386914\ killed by "Human Grunt"
L 03/30/2025 - 00:35:32: \glitch31415\STEAM_0:0:743386914\ killed "Human Grunt" with "9mmhandgun"
L 03/30/2025 - 00:37:16: \glitch31415\STEAM_0:0:743386914\ killed "Human Grunt" with "9mmhandgun"
L 03/30/2025 - 00:37:34: [META] (debug:3) Calling amxmodx_mm_i386.so:ClientDisconnect()
L 03/30/2025 - 00:37:34: [META] (debug:3) Calling engine_amxx_i386.so:ClientDisconnect()
L 03/30/2025 - 00:37:34: [META] (debug:3) Calling server.so:ClientDisconnect()
L 03/30/2025 - 00:37:34: \glitch31415\STEAM_0:0:743386914\ disconnected
L 03/30/2025 - 00:37:34: Dropped glitch31415 from server
L 03/30/2025 - 00:37:34: Reason:  Client sent 'drop'
L 03/30/2025 - 02:06:05: "quentine<12><STEAM_0:1:840011522><>" STEAM USERID validated
L 03/30/2025 - 02:06:05: [META] (debug:3) Calling engine_amxx_i386.so:ClientConnect()
L 03/30/2025 - 02:06:05: [META] (de