L 03/30/2025 - 00:25:02: Log file started (file "logs/L0330008.log") (game "valve") (version "48/1.1.2.2/Stdio/3897")
L 03/30/2025 - 00:25:02: Loading map "chaos_sandbox"
L 03/30/2025 - 00:25:02: Server cvar "mp_soundvariety" = "0"
L 03/30/2025 - 00:25:02: Server cvar "mp_soundvariety" = "1"
L 03/30/2025 - 00:25:02: [META] (debug:3) user message registered again: name=VoiceMask, msgid=64
L 03/30/2025 - 00:25:02: [META] (debug:3) user message registered again: name=ReqState, msgid=65
L 03/30/2025 - 00:25:02: [META] (debug:3) Calling amxmodx_mm_i386.so:ServerActivate()
L 03/30/2025 - 00:25:02: [META] (debug:3) Calling engine_amxx_i386.so:ServerActivate()
L 03/30/2025 - 00:25:02: [META] (debug:3) Calling fakemeta_amxx_i386.so:ServerActivate()
L 03/30/2025 - 00:25:02: [META] (debug:3) Calling server.so:ServerActivate()
L 03/30/2025 - 00:25:02: Server cvar "mp_nextmap" = "sc_test_sandbox"
L 03/30/2025 - 00:25:02: [META] (debug:3) Calling amxmodx_mm_i386.so:ServerActivate_Post()
L 03/30/2025 - 00:25:02: Enemy stats: 33k health, 46+ npcs
L 03/30/2025 - 00:25:03: Started map "chaos_sandbox" (CRC "1323732680")
L 03/30/2025 - 00:25:06: \bot3\BOT\ connected from address 127.0.0.1
L 03/30/2025 - 00:25:06: \bot3\BOT\ entered the game as ld_gordon(228,125)
L 03/30/2025 - 00:25:06: \bot1\BOT\ connected from address 127.0.0.1
L 03/30/2025 - 00:25:06: \bot1\BOT\ entered the game as ld_gordon(71,231)
L 03/30/2025 - 00:25:06: \bot2\BOT\ connected from address 127.0.0.1
L 03/30/2025 - 00:25:06: \bot2\BOT\ entered the game as ld_gordon(167,139)
L 03/30/2025 - 00:25:30: [META] (debug:3) Calling engine_amxx_i386.so:ClientConnect()
L 03/30/2025 - 00:25:30: [META] (debug:3) Calling fun_amxx_i386.so:ClientConnect()
L 03/30/2025 - 00:25:30: [META] (debug:3) Calling server.so:ClientConnect()
L 03/30/2025 - 00:25:30: \glitch31415\STEAM_0:0:743386914\ connected from address 127.0.0.1:27005
L 03/30/2025 - 00:25:30: [META] (debug:3) Calling amxmodx_mm_i386.so:ClientConnect_Post()
L 03/30/2025 - 00:25:31: "glitch31415<4><STEAM_0:0:743386914><>" STEAM USERID validated
L 03/30/2025 - 00:25:32: Dropped glitch31415 from server
L 03/30/2025 - 00:25:32: Reason:  Client sent 'drop'
L 03/30/2025 - 00:25:32: [META] (debug:3) Calling engine_amxx_i386.so:ClientConnect()
L 03/30/2025 - 00:25:32: [META] (debug:3) Calling fun_amxx_i386.so:ClientConnect()
L 03/30/2025 - 00:25:32: [META] (debug:3) Calling server.so:ClientConnect()
L 03/30/2025 - 00:25:32: \glitch31415\STEAM_0:0:743386914\ connected from address 127.0.0.1:27005
L 03/30/2025 - 00:25:32: [META] (debug:3) Calling amxmodx_mm_i386.so:ClientConnect_Post()
L 03/30/2025 - 00:25:33: "glitch31415<5><STEAM_0:0:743386914><>" STEAM USERID validated
L 03/30/2025 - 00:25:34: [META] (debug:3) Calling server.so:ClientPutInServer()
L 03/30/2025 - 00:25:34: [META] (debug:3) Calling engine:QueryClientCvarValue2()
L 03/30/2025 - 00:25:34: [META] (debug:3) Calling amxmodx_mm_i386.so:ClientPutInServer_Post()
L 03/30/2025 - 00:25:34: \glitch31415\STEAM_0:0:743386914\ entered the game as wireframe(76,76)
L 03/30/2025 - 00:25:34: [META] (debug:3) Calling amxmodx_mm_i386.so:CvarValue2()
L 03/30/2025 - 00:25:34: [META] (debug:3) Calling server.so:CvarValue2()
L 03/30/2025 - 00:25:34: [META] (debug:3) Calling engine:QueryClientCvarValue2()
L 03/30/2025 - 00:25:37: [META] (debug:3) Calling amxmodx_mm_i386.so:CvarValue2()
L 03/30/2025 - 00:25:37: [META] (debug:3) Calling server.so:CvarValue2()
L 03/30/2025 - 00:25:37: [META] (debug:3) Calling engine:QueryClientCvarValue2()
L 03/30/2025 - 00:25:37: [META] (debug:3) Calling amxmodx_mm_i386.so:CvarValue2()
L 03/30/2025 - 00:25:37: [META] (debug:3) Calling server.so:CvarValue2()
L 03/30/2025 - 00:25:37: [META] (debug:3) Calling engine:QueryClientCvarValue2()
L 03/30/2025 - 00:25:38: [META] (debug:3) Calling amxmodx_mm_i386.so:CvarValue2()
L 03/30/2025 - 00:25:38: [META] (debug:3) Calling server.so:CvarValue2()
L 03/30/2025 - 00:25:38: \glitch31415\STEAM_0:0:743386914\ Client version: Adrenaline Gamer (OpenGL)
L 03/30/2025 - 00:25:48: Rcon: "rcon 1136337119 "5pgW37D7ad" changelevel hldm_2fort_sandbox" from "127.0.0.1:27005"
L 03/30/2025 - 00:25:48: [META] (debug:3) Calling amxmodx_mm_i386.so:ClientDisconnect()
L 03/30/2025 - 00:25:48: [META] (debug:3) Calling engine_amxx_i386.so:ClientDisconnect()
L 03/30/2025 - 00:25:48: [META] (debug:3) Calling server.so:ClientDisconnect()
L 03/30/2025 - 00:25:48: \bot3\BOT\ disconnected
L 03/30/2025 - 00:25:48: Dropped bot3 from server
L 03/30/2025 - 00:25:48: Reason:  Dropping fakeclient on level change
L 03/30/2025 - 00:25:48: [META] (debug:3) Calling amxmodx_mm_i386.so:ClientDisconnect()
L 03/30/2025 - 00:25:48: [META] (debug:3) Calling engine_amxx_i386.so:ClientDisconnect()
L 03/30/2025 - 00:25:48: [META] (debug:3) Calling server.so:ClientDisconnect()
L 03/30/2025 - 00:25:48: \bot1\BOT\ disconnected
L 03/30/2025 - 00:25:48: Dropped bot1 from server
L 03/30/2025 - 00:25:48: Reason:  Dropping fakeclient on level change
L 03/30/2025 - 00:25:48: [META] (debug:3) Calling amxmodx_mm_i386.so:ClientDisconnect()
L 03/30/2025 - 00:25:48: [META] (debug:3) Calling engine_amxx_i386.so:ClientDisconnect()
L 03/30/2025 - 00:25:48: [META] (debug:3) Calling server.so:ClientDisconnect()
L 03/30/2025 - 00:25:48: \bot2\BOT\ disconnected
L 03/30/2025 - 00:25:48: Dropped bot2 from server
L 03/30/2025 - 00:25:48: Reason:  Dropping fakeclient on level change
L 03/30/2025 - 00:25:48: [META] (debug:3) Calling amxmodx_mm_i386.so:ServerDeactivate()
L 03/30/2025 - 00:25:48: [META] (debug:3) Calling engine_amxx_i386.so:ServerDeactivate()
L 03/30/2025 - 00:25:48: [META] (debug:3) Calling server.so:ServerDeactivate()
L 03/30/2025 - 00:25:48: \glitch31415\STEAM_0:0:743386914\ 0 points, 0 deaths
L 03/30/2025 - 00:25:48: [META] (debug:3) Calling amxmodx_mm_i386.so:ServerDeactivate_Post()
L 03/30/2025 - 00:25:48: [META] (debug:3) Calling fakemeta_amxx_i386.so:ServerDeactivate_Post()
L 03/30/2025 - 00:25:48: [META] ini: Begin re-reading plugins list: /home/glitch/.steam/debian-installation/steamapps/common/hlds/valve/addons/metamod/plugins.ini
L 03/30/2025 - 00:25:48: [META] ini: Read plugin config for: AMX Mod X
L 03/30/2025 - 00:25:48: [META] ini: Finished reading plugins list: /home/glitch/.steam/debian-installation/steamapps/common/hlds/valve/addons/metamod/plugins.ini; Found 1 plugins
L 03/30/2025 - 00:25:48: [META] dll: Updating plugins...
L 03/30/2025 - 00:25:48: [META] (debug:1) Keeping plugin 'AMX Mod X'
L 03/30/2025 - 00:25:48: [META] dll: Finished updating 5 plugins; kept 1, loaded 0, unloaded 0, reloaded 0, delayed 0
L 03/30/2025 - 00:25:48: [META] (debug:3) Calling amxmodx_mm_i386.so:ClientDisconnect()
L 03/30/2025 - 00:25:48: [META] (debug:3) Calling engine_amxx_i386.so:ClientDisconnect()
L 03/30/2025 - 00:25:48: [META] (debug:3) Calling server.so:ClientDisconnect()
L 03/30/2025 - 00:25:48: \glitch31415\STEAM_0:0:743386914\ disconnected
L 03/30/2025 - 00:25:48: Log file closed

-------------------------------------------------------------------------------

