L 03/30/2025 - 00:09:38: Log file started (file "logs/L0330002.log") (game "valve") (version "48/1.1.2.2/Stdio/3897")
L 03/30/2025 - 00:09:38: Loading map "hldm_2fort_sandbox"
L 03/30/2025 - 00:09:38: Server cvar "mp_soundvariety" = "0"
L 03/30/2025 - 00:09:38: Server cvar "mp_soundvariety" = "1"
L 03/30/2025 - 00:09:38: [META] (debug:3) user message registered again: name=VoiceMask, msgid=64
L 03/30/2025 - 00:09:38: [META] (debug:3) user message registered again: name=ReqState, msgid=65
L 03/30/2025 - 00:09:38: [META] (debug:3) Calling amxmodx_mm_i386.so:ServerActivate()
L 03/30/2025 - 00:09:38: [META] (debug:3) Calling engine_amxx_i386.so:ServerActivate()
L 03/30/2025 - 00:09:38: [META] (debug:3) Calling fakemeta_amxx_i386.so:ServerActivate()
L 03/30/2025 - 00:09:38: [META] (debug:3) Calling server.so:ServerActivate()
L 03/30/2025 - 00:09:38: Server cvar "mp_nextmap" = "dead-dust2_sandbox"
L 03/30/2025 - 00:09:38: [META] (debug:3) Calling amxmodx_mm_i386.so:ServerActivate_Post()
L 03/30/2025 - 00:09:39: Enemy stats: 0k health, 0 npcs
L 03/30/2025 - 00:09:39: Started map "hldm_2fort_sandbox" (CRC "579208788")
L 03/30/2025 - 00:09:39: [META] (debug:3) Calling engine_amxx_i386.so:ClientConnect()
L 03/30/2025 - 00:09:39: [META] (debug:3) Calling fun_amxx_i386.so:ClientConnect()
L 03/30/2025 - 00:09:39: [META] (debug:3) Calling server.so:ClientConnect()
L 03/30/2025 - 00:09:39: \glitch31415\STEAM_0:0:743386914\ connected from address 127.0.0.1:27005
L 03/30/2025 - 00:09:39: [META] (debug:3) Calling amxmodx_mm_i386.so:ClientConnect_Post()
L 03/30/2025 - 00:09:39: "glitch31415<3><STEAM_0:0:743386914><>" STEAM USERID validated
L 03/30/2025 - 00:09:40: Dropped glitch31415 from server
L 03/30/2025 - 00:09:40: Reason:  Client sent 'drop'
L 03/30/2025 - 00:09:40: [META] (debug:3) Calling engine_amxx_i386.so:ClientConnect()
L 03/30/2025 - 00:09:40: [META] (debug:3) Calling fun_amxx_i386.so:ClientConnect()
L 03/30/2025 - 00:09:40: [META] (debug:3) Calling server.so:ClientConnect()
L 03/30/2025 - 00:09:40: \glitch31415\STEAM_0:0:743386914\ connected from address 127.0.0.1:27005
L 03/30/2025 - 00:09:40: [META] (debug:3) Calling amxmodx_mm_i386.so:ClientConnect_Post()
L 03/30/2025 - 00:09:40: "glitch31415<4><STEAM_0:0:743386914><>" STEAM USERID validated
L 03/30/2025 - 00:09:42: \bot1\BOT\ connected from address 127.0.0.1
L 03/30/2025 - 00:09:42: \bot1\BOT\ entered the game as ld_gordon(63,168)
L 03/30/2025 - 00:09:42: [META] (debug:3) Calling server.so:ClientPutInServer()
L 03/30/2025 - 00:09:42: [META] (debug:3) Calling engine:QueryClientCvarValue2()
L 03/30/2025 - 00:09:42: [META] (debug:3) Calling amxmodx_mm_i386.so:ClientPutInServer_Post()
L 03/30/2025 - 00:09:42: \bot2\BOT\ connected from address 127.0.0.1
L 03/30/2025 - 00:09:42: \bot2\BOT\ entered the game as ld_gordon(152,7)
L 03/30/2025 - 00:09:42: \glitch31415\STEAM_0:0:743386914\ entered the game as wireframe(76,76)
L 03/30/2025 - 00:09:42: [META] (debug:3) Calling amxmodx_mm_i386.so:CvarValue2()
L 03/30/2025 - 00:09:42: [META] (debug:3) Calling server.so:CvarValue2()
L 03/30/2025 - 00:09:42: [META] (debug:3) Calling engine:QueryClientCvarValue2()
L 03/30/2025 - 00:09:42: \bot3\BOT\ connected from address 127.0.0.1
L 03/30/2025 - 00:09:42: \bot3\BOT\ entered the game as ld_gordon(127,234)
L 03/30/2025 - 00:09:42: [META] (debug:3) Calling amxmodx_mm_i386.so:CvarValue2()
L 03/30/2025 - 00:09:42: [META] (debug:3) Calling server.so:CvarValue2()
L 03/30/2025 - 00:09:42: [META] (debug:3) Calling engine:QueryClientCvarValue2()
L 03/30/2025 - 00:09:42: [META] (debug:3) Calling amxmodx_mm_i386.so:CvarValue2()
L 03/30/2025 - 00:09:42: [META] (debug:3) Calling server.so:CvarValue2()
L 03/30/2025 - 00:09:42: [META] (debug:3) Calling engine:QueryClientCvarValue2()
L 03/30/2025 - 00:09:42: [META] (debug:3) Calling amxmodx_mm_i386.so:CvarValue2()
L 03/30/2025 - 00:09:42: [META] (debug:3) Calling server.so:CvarValue2()
L 03/30/2025 - 00:09:42: \glitch31415\STEAM_0:0:743386914\ Client version: Adrenaline Gamer (OpenGL)
L 03/30/2025 - 00:11:18: \glitch31415\STEAM_0:0:743386914\ killed "Human