L 03/30/2025 - 11:37:34: Log file started (file "logs/L0330018.log") (game "valve") (version "48/1.1.2.2/Stdio/3897")
L 03/30/2025 - 11:37:34: Loading map "chaos_sandbox"
L 03/30/2025 - 11:37:35: Server cvar "mp_soundvariety" = "0"
L 03/30/2025 - 11:37:35: Server cvar "mp_soundvariety" = "1"
L 03/30/2025 - 11:37:35: [META] (debug:3) user message registered again: name=VoiceMask, msgid=64
L 03/30/2025 - 11:37:35: [META] (debug:3) user message registered again: name=ReqState, msgid=65
L 03/30/2025 - 11:37:35: [META] (debug:3) Calling amxmodx_mm_i386.so:ServerActivate()
L 03/30/2025 - 11:37:35: [META] (debug:3) Calling engine_amxx_i386.so:ServerActivate()
L 03/30/2025 - 11:37:35: [META] (debug:3) Calling fakemeta_amxx_i386.so:ServerActivate()
L 03/30/2025 - 11:37:35: [META] (debug:3) Calling server.so:ServerActivate()
L 03/30/2025 - 11:37:35: Server cvar "mp_nextmap" = "sc_test_sandbox"
L 03/30/2025 - 11:37:35: [META] (debug:3) Calling amxmodx_mm_i386.so:ServerActivate_Post()
L 03/30/2025 - 11:37:35: Enemy stats: 33k health, 46+ npcs
L 03/30/2025 - 11:37:35: Started map "chaos_sandbox" (CRC "1323732680")
L 03/30/2025 - 11:37:35: "glitch31415<5><STEAM_0:0:743386914><>" STEAM USERID validated
L 03/30/2025 - 11:37:35: [META] (debug:3) Calling engine_amxx_i386.so:ClientConnect()
L 03/30/2025 - 11:37:35: [META] (debug:3) Calling fun_amxx_i386.so:ClientConnect()
L 03/30/2025 - 11:37:35: [META] (debug:3) Calling server.so:ClientConnect()
L 03/30/2025 - 11:37:35: \glitch31415\STEAM_0:0:743386914\ connected from address 127.0.0.1:27005
L 03/30/2025 - 11:37:35: [META] (debug:3) Calling amxmodx_mm_i386.so:ClientConnect_Post()
L 03/30/2025 - 11:37:36: Dropped glitch31415 from server
L 03/30/2025 - 11:37:36: Reason:  Client sent 'drop'
L 03/30/2025 - 11:37:36: [META] (debug:3) Calling engine_amxx_i386.so:ClientConnect()
L 03/30/2025 - 11:37:36: [META] (debug:3) Calling fun_amxx_i386.so:ClientConnect()
L 03/30/2025 - 11:37:36: [META] (debug:3) Calling server.so:ClientConnect()
L 03/30/2025 - 11:37:36: \glitch31415\STEAM_0:0:743386914\ connected from address 127.0.0.1:27005
L 03/30/2025 - 11:37:36: [META] (debug:3) Calling amxmodx_mm_i386.so:ClientConnect_Post()
L 03/30/2025 - 11:37:36: "glitch31415<6><STEAM_0:0:743386914><>" STEAM USERID validated
L 03/30/2025 - 11:37:37: [META] (debug:3) Calling server.so:ClientPutInServer()
L 03/30/2025 - 11:37:37: [META] (debug:3) Calling engine:QueryClientCvarValue2()
L 03/30/2025 - 11:37:37: [META] (debug:3) Calling amxmodx_mm_i386.so:ClientPutInServer_Post()
L 03/30/2025 - 11:37:37: \glitch31415\STEAM_0:0:743386914\ entered the game as wireframe(76,76)
L 03/30/2025 - 11:37:38: [META] (debug:3) Calling amxmodx_mm_i386.so:CvarValue2()
L 03/30/2025 - 11:37:38: [META] (debug:3) Calling server.so:CvarValue2()
L 03/30/2025 - 11:37:38: [META] (debug:3) Calling engine:QueryClientCvarValue2()
L 03/30/2025 - 11:37:38: \bot3\BOT\ connected from address 127.0.0.1
L 03/30/2025 - 11:37:38: \bot3\BOT\ entered the game as ld_gordon(143,30)
L 03/30/2025 - 11:37:38: \bot2\BOT\ connected from address 127.0.0.1
L 03/30/2025 - 11:37:38: \bot2\BOT\ entered the game as ld_gordon(200,40)
L 03/30/2025 - 11:37:38: \bot1\BOT\ connected from address 127.0.0.1
L 03/30/2025 - 11:37:38: \bot1\BOT\ entered the game as ld_gordon(175,80)
L 03/30/2025 - 11:37:38: [META] (debug:3) Calling amxmodx_mm_i386.so:CvarValue2()
L 03/30/2025 - 11:37:38: [META] (debug:3) Calling server.so:CvarValue2()
L 03/30/2025 - 11:37:38: [META] (debug:3) Calling engine:QueryClientCvarValue2()
L 03/30/2025 - 11:37:38: [META] (debug:3) Calling amxmodx_mm_i386.so:CvarValue2()
L 03/30/2025 - 11:37:38: [META] (debug:3) Calling server.so:CvarValue2()
L 03/30/2025 - 11:37:38: [META] (debug:3) Calling engine:QueryClientCvarValue2()
L 03/30/2025 - 11:37:38: [META] (debug:3) Calling amxmodx_mm_i386.so:CvarValue2()
L 03/30/2025 - 11:37:38: [META] (debug:3) Calling server.so:CvarValue2()
L 03/30/2025 - 11:37:38: \glitch31415\STEAM_0:0:743386914\ Client version: Adrenaline Gamer (OpenGL)
L 03/30/2025 - 11:37:49: Rcon: "rcon 486857228 "5pgW37D7ad" changelevel d1_trainstation_02_sandbox" from "127.0.0.1:27005"
L 03/30/2025 - 11:37:49: [META] (debug:3) Calling amxmodx_mm_i386.so:ClientDisconnect()
L 03/30/2025 - 11:37:49: [META] (debug:3) Calling engine_amxx_i386.so:ClientDisconnect()
L 03/30/2025 - 11:37:49: [META] (debug:3) Calling server.so:ClientDisconnect()
L 03/30/2025 - 11:37:49: \bot3\BOT\ disconnected
L 03/30/2025 - 11:37:49: Dropped bot3 from server
L 03/30/2025 - 11:37:49: Reason:  Dropping fakeclient on level change
L 03/30/2025 - 11:37:49: [META] (debug:3) Calling amxmodx_mm_i386.so:ClientDisconnect()
L 03/30/2025 - 11:37:49: [META] (debug:3) Calling engine_amxx_i386.so:ClientDisconnect()
L 03/30/2025 - 11:37:49: [META] (debug:3) Calling server.so:ClientDisconnect()
L 03/30/2025 - 11:37:49: \bot2\BOT\ disconnected
L 03/30/2025 - 11:37:49: Dropped bot2 from server
L 03/30/2025 - 11:37:49: Reason:  Dropping fakeclient on level change
L 03/30/2025 - 11:37:49: [META] (debug:3) Calling amxmodx_mm_i386.so:ClientDisconnect()
L 03/30/2025 - 11:37:49: [META] (debug:3) Calling engine_amxx_i386.so:ClientDisconnect()
L 03/30/2025 - 11:37:49: [META] (debug:3) Calling server.so:ClientDisconnect()
L 03/30/2025 - 11:37:49: \bot1\BOT\ disconnected
L 03/30/2025 - 11:37:49: Dropped bot1 from server
L 03/30/2025 - 11:37:49: Reason:  Dropping fakeclient on level change
L 03/30/2025 - 11:37:49: [META] (debug:3) Calling amxmodx_mm_i386.so:ServerDeactivate()
L 03/30/2025 - 11:37:49: [META] (debug:3) Calling engine_amxx_i386.so:ServerDeactivate()
L 03/30/2025 - 11:37:49: [META] (debug:3) Calling server.so:ServerDeactivate()
L 03/30/2025 - 11:37:49: \glitch31415\STEAM_0:0:743386914\ 0 points, 0 deaths
L 03/30/2025 - 11:37:49: [META] (debug:3) Calling amxmodx_mm_i386.so:ServerDeactivate_Post()
L 03/30/2025 - 11:37:49: [META] (debug:3) Calling fakemeta_amxx_i386.so:ServerDeactivate_Post()
L 03/30/2025 - 11:37:49: [META] ini: Begin re-reading plugins list: /home/glitch/.steam/debian-installation/steamapps/common/hlds/valve/addons/metamod/plugins.ini
L 03/30/2025 - 11:37:49: [META] ini: Read plugin config for: AMX Mod X
L 03/30/2025 - 11:37:49: [META] ini: Finished reading plugins list: /home/glitch/.steam/debian-installation/steamapps/common/hlds/valve/addons/metamod/plugins.ini; Found 1 plugins
L 03/30/2025 - 11:37:49: [META] dll: Updating plugins...
L 03/30/2025 - 11:37:49: [META] (debug:1) Keeping plugin 'AMX Mod X'
L 03/30/2025 - 11:37:49: [META] dll: Finished updating 5 plugins; kept 1, loaded 0, unloaded 0, reloaded 0, delayed 0
L 03/30/2025 - 11:37:49: [META] (debug:3) Calling amxmodx_mm_i386.so:ClientDisconnect()
L 03/30/2025 - 11:37:49: [META] (debug:3) Calling engine_amxx_i386.so:ClientDisconnect()
L 03/30/2025 - 11:37:49: [META] (debug:3) Calling server.so:ClientDisconnect()
L 03/30/2025 - 11:37:49: \glitch31415\STEAM_0:0:743386914\ disconnected
L 03/30/2025 - 11:37:49: Log file closed

-------------------------------------------------------------------------------

