L 12/16/2024 - 21:06:20: Log file started (file "logs/L1216037.log") (game "valve") (version "48/1.1.2.2/Stdio/3897")
L 12/16/2024 - 21:06:20: Loading map "infested"
L 12/16/2024 - 21:06:20: Server cvar "mp_soundvariety" = "0"
L 12/16/2024 - 21:06:20: Server cvar "mp_soundvariety" = "1"
L 12/16/2024 - 21:06:20: [META] (debug:3) user message registered again: name=VoiceMask, msgid=64
L 12/16/2024 - 21:06:20: [META] (debug:3) user message registered again: name=ReqState, msgid=65
L 12/16/2024 - 21:06:21: [META] (debug:3) Calling amxmodx_mm_i386.so:ServerActivate()
L 12/16/2024 - 21:06:21: [META] (debug:3) Calling engine_amxx_i386.so:ServerActivate()
L 12/16/2024 - 21:06:21: [META] (debug:3) Calling fakemeta_amxx_i386.so:ServerActivate()
L 12/16/2024 - 21:06:21: [META] (debug:3) Calling server.so:ServerActivate()
L 12/16/2024 - 21:06:21: [META] (debug:3) Calling amxmodx_mm_i386.so:ServerActivate_Post()
L 12/16/2024 - 21:06:21: Enemy stats: 41k health, 180+ npcs
L 12/16/2024 - 21:06:21: Started map "infested" (CRC "1856797836")
L 12/16/2024 - 21:06:21: [META] (debug:3) Calling engine_amxx_i386.so:ClientConnect()
L 12/16/2024 - 21:06:21: [META] (debug:3) Calling fun_amxx_i386.so:ClientConnect()
L 12/16/2024 - 21:06:21: [META] (debug:3) Calling server.so:ClientConnect()
L 12/16/2024 - 21:06:21: \glitch31415\STEAM_0:0:743386914\ connected from address 127.0.0.1:27005
L 12/16/2024 - 21:06:21: [META] (debug:3) Calling amxmodx_mm_i386.so:ClientConnect_Post()
L 12/16/2024 - 21:06:22: Dropped glitch31415 from server
L 12/16/2024 - 21:06:22: Reason:  Client sent 'drop'
L 12/16/2024 - 21:06:23: [META] (debug:3) Calling engine_amxx_i386.so:ClientConnect()
L 12/16/2024 - 21:06:23: [META] (debug:3) Calling fun_amxx_i386.so:ClientConnect()
L 12/16/2024 - 21:06:23: [META] (debug:3) Calling server.so:ClientConnect()
L 12/16/2024 - 21:06:23: \glitch31415\STEAM_0:0:743386914\ connected from address 127.0.0.1:27005
L 12/16/2024 - 21:06:23: [META] (debug:3) Calling amxmodx_mm_i386.so:ClientConnect_Post()
L 12/16/2024 - 21:06:23: "glitch31415<40><STEAM_0:0:743386914><>" STEAM USERID validated
L 12/16/2024 - 21:06:24: \bot1\BOT\ connected from address 127.0.0.1
L 12/16/2024 - 21:06:24: \bot1\BOT\ entered the game as ld_gordon(199,33)
L 12/16/2024 - 21:06:24: \bot2\BOT\ connected from address 127.0.0.1
L 12/16/2024 - 21:06:24: \bot2\BOT\ entered the game as ld_gordon(231,127)
L 12/16/2024 - 21:06:24: \bot3\BOT\ connected from address 127.0.0.1
L 12/16/2024 - 21:06:24: \bot3\BOT\ entered the game as ld_gordon(240,215)
L 12/16/2024 - 21:06:24: [META] (debug:3) Calling server.so:ClientPutInServer()
L 12/16/2024 - 21:06:24: [META] (debug:3) Calling engine:QueryClientCvarValue2()
L 12/16/2024 - 21:06:24: [META] (debug:3) Calling amxmodx_mm_i386.so:ClientPutInServer_Post()
L 12/16/2024 - 21:06:24: \glitch31415\STEAM_0:0:743386914\ entered the game as scientist(76,76)
L 12/16/2024 - 21:06:24: [META] (debug:3) Calling amxmodx_mm_i386.so:CvarValue2()
L 12/16/2024 - 21:06:24: [META] (debug:3) Calling server.so:CvarValue2()
L 12/16/2024 - 21:06:24: [META] (debug:3) Calling engine:QueryClientCvarValue2()
L 12/16/2024 - 21:06:25: [META] (debug:3) Calling amxmodx_mm_i386.so:CvarValue2()
L 12/16/2024 - 21:06:25: [META] (debug:3) Calling server.so:CvarValue2()
L 12/16/2024 - 21:06:25: [META] (debug:3) Calling engine:QueryClientCvarValue2()
L 12/16/2024 - 21:06:25: [META] (debug:3) Calling amxmodx_mm_i386.so:CvarValue2()
L 12/16/2024 - 21:06:25: [META] (debug:3) Calling server.so:CvarValue2()
L 12/16/2024 - 21:06:25: [META] (debug:3) Calling engine:QueryClientCvarValue2()
L 12/16/2024 - 21:06:25: [META] (debug:3) Calling amxmodx_mm_i386.so:CvarValue2()
L 12/16/2024 - 21:06:25: [META] (debug:3) Calling server.so:CvarValue2()
L 12/16/2024 - 21:06:25: \glitch31415\STEAM_0:0:743386914\ Client version: Adrenaline Gamer (OpenGL)
L 12/16/2024 - 21:07:25: \glitch31415\STEAM_0:0:743386914\ killed "Sentry Gun" with "shotgun"
L 12/16/2024 - 21:07:45: \glitch31415\STEAM_0:0:743386914\ killed "Sentry Turret" with "9mmAR"
L 12/16/2024 - 21:07:52: \glitch31415\STEAM_0:0:743386914\ killed "Enemy Medic" with "crossbow"
L 12/16/2024 - 21:08:15: \glitch31415\STEAM_0:0:743386914\ killed "Human Grunt" with "crossbow"
L 12/16/2024 - 21:08:18: \glitch31415\STEAM_0:0:743386914\ killed by "Human Grunt"
L 12/16/2024 - 21:08:21: Rcon: "rcon 141011494 "5pgW37D7ad" restart" from "127.0.0.1:27005"
L 12/16/2024 - 21:08:21: [META] (debug:3) Calling amxmodx_mm_i386.so:ClientDisconnect()
L 12/16/2024 - 21:08:21: [META] (debug:3) Calling engine_amxx_i386.so:ClientDisconnect()
L 12/16/2024 - 21:08:21: [META] (debug:3) Calling server.so:ClientDisconnect()
L 12/16/2024 - 21:08:21: \bot1\BOT\ disconnected
L 12/16/2024 - 21:08:21: Dropped bot1 from server
L 12/16/2024 - 21:08:21: Reason:  Dropping fakeclient on level change
L 12/16/2024 - 21:08:21: [META] (debug:3) Calling amxmodx_mm_i386.so:ClientDisconnect()
L 12/16/2024 - 21:08:21: [META] (debug:3) Calling engine_amxx_i386.so:ClientDisconnect()
L 12/16/2024 - 21:08:21: [META] (debug:3) Calling server.so:ClientDisconnect()
L 12/16/2024 - 21:08:21: \bot2\BOT\ disconnected
L 12/16/2024 - 21:08:21: Dropped bot2 from server
L 12/16/2024 - 21:08:21: Reason:  Dropping fakeclient on level change
L 12/16/2024 - 21:08:21: [META] (debug:3) Calling amxmodx_mm_i386.so:ClientDisconnect()
L 12/16/2024 - 21:08:21: [META] (debug:3) Calling engine_amxx_i386.so:ClientDisconnect()
L 12/16/2024 - 21:08:21: [META] (debug:3) Calling server.so:ClientDisconnect()
L 12/16/2024 - 21:08:21: \bot3\BOT\ disconnected
L 12/16/2024 - 21:08:21: Dropped bot3 from server
L 12/16/2024 - 21:08:21: Reason:  Dropping fakeclient on level change
L 12/16/2024 - 21:08:21: [META] (debug:3) Calling amxmodx_mm_i386.so:ServerDeactivate()
L 12/16/2024 - 21:08:21: [META] (debug:3) Calling engine_amxx_i386.so:ServerDeactivate()
L 12/16/2024 - 21:08:21: [META] (debug:3) Calling server.so:ServerDeactivate()
L 12/16/2024 - 21:08:21: \glitch31415\STEAM_0:0:743386914\ 21 points, 1 deaths
L 12/16/2024 - 21:08:21: [META] (debug:3) Calling amxmodx_mm_i386.so:ServerDeactivate_Post()
L 12/16/2024 - 21:08:21: [META] (debug:3) Calling fakemeta_amxx_i386.so:ServerDeactivate_Post()
L 12/16/2024 - 21:08:21: [META] ini: Begin re-reading plugins list: /home/glitch/.steam/debian-installation/steamapps/common/hlds/valve/addons/metamod/plugins.ini
L 12/16/2024 - 21:08:21: [META] ini: Read plugin config for: AMX Mod X
L 12/16/2024 - 21:08:21: [META] ini: Finished reading plugins list: /home/glitch/.steam/debian-installation/steamapps/common/hlds/valve/addons/metamod/plugins.ini; Found 1 plugins
L 12/16/2024 - 21:08:21: [META] dll: Updating plugins...
L 12/16/2024 - 21:08:21: [META] (debug:1) Keeping plugin 'AMX Mod X'
L 12/16/2024 - 21:08:21: [META] dll: Finished updating 5 plugins; kept 1, loaded 0, unloaded 0, reloaded 0, delayed 0
L 12/16/2024 - 21:08:21: [META] (debug:3) Calling amxmodx_mm_i386.so:ClientDisconnect()
L 12/16/2024 - 21:08:21: [META] (debug:3) Calling engine_amxx_i386.so:ClientDisconnect()
L 12/16/2024 - 21:08:21: [META] (debug:3) Calling server.so:ClientDisconnect()
L 12/16/2024 - 21:08:21: \glitch31415\STEAM_0:0:743386914\ disconnected with 21 points
L 12/16/2024 - 21:08:21: Log file closed

-------------------------------------------------------------------------------

