L 12/18/2024 - 16:57:02: Log file started (file "logs/L1218004.log") (game "valve") (version "48/1.1.2.2/Stdio/3897")
L 12/18/2024 - 16:57:02: Loading map "hldm_2fort"
L 12/18/2024 - 16:57:02: Server cvar "mp_soundvariety" = "0"
L 12/18/2024 - 16:57:02: Server cvar "mp_soundvariety" = "1"
L 12/18/2024 - 16:57:02: [META] (debug:3) user message registered again: name=VoiceMask, msgid=64
L 12/18/2024 - 16:57:02: [META] (debug:3) user message registered again: name=ReqState, msgid=65
L 12/18/2024 - 16:57:03: [META] (debug:3) Calling amxmodx_mm_i386.so:ServerActivate()
L 12/18/2024 - 16:57:03: [META] (debug:3) Calling engine_amxx_i386.so:ServerActivate()
L 12/18/2024 - 16:57:03: [META] (debug:3) Calling fakemeta_amxx_i386.so:ServerActivate()
L 12/18/2024 - 16:57:03: [META] (debug:3) Calling server.so:ServerActivate()
L 12/18/2024 - 16:57:03: [META] (debug:3) Calling amxmodx_mm_i386.so:ServerActivate_Post()
L 12/18/2024 - 16:57:03: Enemy stats: 0k health, 0 npcs
L 12/18/2024 - 16:57:03: Started map "hldm_2fort" (CRC "579208788")
L 12/18/2024 - 16:57:03: [META] (debug:3) Calling engine_amxx_i386.so:ClientConnect()
L 12/18/2024 - 16:57:03: [META] (debug:3) Calling fun_amxx_i386.so:ClientConnect()
L 12/18/2024 - 16:57:03: [META] (debug:3) Calling server.so:ClientConnect()
L 12/18/2024 - 16:57:03: \glitch31415\STEAM_0:0:743386914\ connected from address 127.0.0.1:27005
L 12/18/2024 - 16:57:03: [META] (debug:3) Calling amxmodx_mm_i386.so:ClientConnect_Post()
L 12/18/2024 - 16:57:04: Dropped glitch31415 from server
L 12/18/2024 - 16:57:04: Reason:  Client sent 'drop'
L 12/18/2024 - 16:57:05: [META] (debug:3) Calling engine_amxx_i386.so:ClientConnect()
L 12/18/2024 - 16:57:05: [META] (debug:3) Calling fun_amxx_i386.so:ClientConnect()
L 12/18/2024 - 16:57:05: [META] (debug:3) Calling server.so:ClientConnect()
L 12/18/2024 - 16:57:05: \glitch31415\STEAM_0:0:743386914\ connected from address 127.0.0.1:27005
L 12/18/2024 - 16:57:05: [META] (debug:3) Calling amxmodx_mm_i386.so:ClientConnect_Post()
L 12/18/2024 - 16:57:05: "glitch31415<6><STEAM_0:0:743386914><>" STEAM USERID validated
L 12/18/2024 - 16:57:06: \bot3\BOT\ connected from address 127.0.0.1
L 12/18/2024 - 16:57:06: \bot3\BOT\ entered the game as ld_gordon(128,76)
L 12/18/2024 - 16:57:06: \bot2\BOT\ connected from address 127.0.0.1
L 12/18/2024 - 16:57:06: \bot2\BOT\ entered the game as ld_gordon(107,42)
L 12/18/2024 - 16:57:06: \bot1\BOT\ connected from address 127.0.0.1
L 12/18/2024 - 16:57:06: \bot1\BOT\ entered the game as ld_gordon(54,213)
L 12/18/2024 - 16:57:06: [META] (debug:3) Calling server.so:ClientPutInServer()
L 12/18/2024 - 16:57:06: [META] (debug:3) Calling engine:QueryClientCvarValue2()
L 12/18/2024 - 16:57:06: [META] (debug:3) Calling amxmodx_mm_i386.so:ClientPutInServer_Post()
L 12/18/2024 - 16:57:06: \glitch31415\STEAM_0:0:743386914\ entered the game as WireFrame(76,76)
L 12/18/2024 - 16:57:06: [META] (debug:3) Calling amxmodx_mm_i386.so:CvarValue2()
L 12/18/2024 - 16:57:06: [META] (debug:3) Calling server.so:CvarValue2()
L 12/18/2024 - 16:57:06: [META] (debug:3) Calling engine:QueryClientCvarValue2()
L 12/18/2024 - 16:57:07: [META] (debug:3) Calling amxmodx_mm_i386.so:CvarValue2()
L 12/18/2024 - 16:57:07: [META] (debug:3) Calling server.so:CvarValue2()
L 12/18/2024 - 16:57:07: [META] (debug:3) Calling engine:QueryClientCvarValue2()
L 12/18/2024 - 16:57:07: [META] (debug:3) Calling amxmodx_mm_i386.so:CvarValue2()
L 12/18/2024 - 16:57:07: [META] (debug:3) Calling server.so:CvarValue2()
L 12/18/2024 - 16:57:07: [META] (debug:3) Calling engine:QueryClientCvarValue2()
L 12/18/2024 - 16:57:07: [META] (debug:3) Calling amxmodx_mm_i386.so:CvarValue2()
L 12/18/2024 - 16:57:07: [META] (debug:3) Calling server.so:CvarValue2()
L 12/18/2024 - 16:57:07: \glitch31415\STEAM_0:0:743386914\ Client version: Adrenaline Gamer (OpenGL)
L 12/18/2024 - 16:58:24: Rcon: "rcon 1838859858 "5pgW37D7ad" sv_cheats 0" from "127.0.0.1:27005"
L 12/18/2024 - 16:58:24: Server cvar "sv_cheats" = "0"
L 12/18/2024 - 17:06:28: "Maikal !<10><STEAM_0:0:557118499><>" STEAM USERID validated
L 12/18/202