L 12/17/2024 - 01:08:17: Log file started (file "logs/L1217006.log") (game "valve") (version "48/1.1.2.2/Stdio/3897")
L 12/17/2024 - 01:08:17: Loading map "d1_town_01"
L 12/17/2024 - 01:08:17: Server cvar "mp_soundvariety" = "0"
L 12/17/2024 - 01:08:17: Server cvar "mp_soundvariety" = "1"
L 12/17/2024 - 01:08:17: [META] (debug:3) user message registered again: name=VoiceMask, msgid=64
L 12/17/2024 - 01:08:17: [META] (debug:3) user message registered again: name=ReqState, msgid=65
L 12/17/2024 - 01:08:17: [META] ERROR: Couldn't find game entity 'info_texlights' in game DLL 'valve': /home/glitch/.steam/debian-installation/steamapps/common/hlds/valve/dlls/server.so: undefined symbol: info_texlights
L 12/17/2024 - 01:08:17: [META] (debug:3) Calling amxmodx_mm_i386.so:ServerActivate()
L 12/17/2024 - 01:08:17: [META] (debug:3) Calling engine_amxx_i386.so:ServerActivate()
L 12/17/2024 - 01:08:17: [META] (debug:3) Calling fakemeta_amxx_i386.so:ServerActivate()
L 12/17/2024 - 01:08:17: [META] (debug:3) Calling server.so:ServerActivate()
L 12/17/2024 - 01:08:17: Server cvar "mp_nextmap" = "e1m1"
L 12/17/2024 - 01:08:17: [META] (debug:3) Calling amxmodx_mm_i386.so:ServerActivate_Post()
L 12/17/2024 - 01:08:17: Enemy stats: 34k health, 116 npcs
L 12/17/2024 - 01:08:17: Started map "d1_town_01" (CRC "-1532292870")
L 12/17/2024 - 01:08:20: \bot1\BOT\ connected from address 127.0.0.1
L 12/17/2024 - 01:08:20: \bot1\BOT\ entered the game as ld_gordon(111,14)
L 12/17/2024 - 01:08:21: \bot3\BOT\ connected from address 127.0.0.1
L 12/17/2024 - 01:08:21: \bot3\BOT\ entered the game as ld_gordon(95,88)
L 12/17/2024 - 01:08:21: \bot2\BOT\ connected from address 127.0.0.1
L 12/17/2024 - 01:08:21: \bot2\BOT\ entered the game as ld_gordon(241,54)
L 12/17/2024 - 01:08:52: [META] (debug:3) Calling engine_amxx_i386.so:ClientConnect()
L 12/17/2024 - 01:08:52: [META] (debug:3) Calling fun_amxx_i386.so:ClientConnect()
L 12/17/2024 - 01:08:52: [META] (debug:3) Calling server.so:ClientConnect()
L 12/17/2024 - 01:08:52: \glitch31415\STEAM_0:0:743386914\ connected from address 127.0.0.1:27005
L 12/17/2024 - 01:08:52: [META] (debug:3) Calling amxmodx_mm_i386.so:ClientConnect_Post()
L 12/17/2024 - 01:08:52: "glitch31415<4><STEAM_0:0:743386914><>" STEAM USERID validated
L 12/17/2024 - 01:08:53: Dropped glitch31415 from server
L 12/17/2024 - 01:08:53: Reason:  Client sent 'drop'
L 12/17/2024 - 01:08:56: [META] (debug:3) Calling engine_amxx_i386.so:ClientConnect()
L 12/17/2024 - 01:08:56: [META] (debug:3) Calling fun_amxx_i386.so:ClientConnect()
L 12/17/2024 - 01:08:56: [META] (debug:3) Calling server.so:ClientConnect()
L 12/17/2024 - 01:08:56: \glitch31415\STEAM_0:0:743386914\ connected from address 127.0.0.1:27005
L 12/17/2024 - 01:08:56: [META] (debug:3) Calling amxmodx_mm_i386.so:ClientConnect_Post()
L 12/17/2024 - 01:08:57: "glitch31415<5><STEAM_0:0:743386914><>" STEAM USERID validated
L 12/17/2024 - 01:08:58: [META] (debug:3) Calling server.so:ClientPutInServer()
L 12/17/2024 - 01:08:58: [META] (debug:3) Calling engine:QueryClientCvarValue2()
L 12/17/2024 - 01:08:58: [META] (debug:3) Calling amxmodx_mm_i386.so:ClientPutInServer_Post()
L 12/17/2024 - 01:08:58: \glitch31415\STEAM_0:0:743386914\ entered the game as scientist(76,76)
L 12/17/2024 - 01:08:58: [META] (debug:3) Calling amxmodx_mm_i386.so:CvarValue2()
L 12/17/2024 - 01:08:58: [META] (debug:3) Calling server.so:CvarValue2()
L 12/17/2024 - 01:08:58: [META] (debug:3) Calling engine:QueryClientCvarValue2()
L 12/17/2024 - 01:08:59: [META] (debug:3) Calling amxmodx_mm_i386.so:CvarValue2()
L 12/17/2024 - 01:08:59: [META] (debug:3) Calling server.so:CvarValue2()
L 12/17/2024 - 01:08:59: [META] (debug:3) Calling engine:QueryClientCvarValue2()
L 12/17/2024 - 01:08:59: [META] (debug:3) Calling amxmodx_mm_i386.so:CvarValue2()
L 12/17/2024 - 01:08:59: [META] (debug:3) Calling server.so:CvarValue2()
L 12/17/2024 - 01:08:59: [META] (debug:3) Calling engine:QueryClientCvarValue2()
L 12/17/2024 - 01:08:59: [META] (debug:3) Calling amxmodx_mm_i386.so:CvarValue2()
L 12/17/2024 - 01:08:59: [META] (debug:3) Calling server.so:CvarValue2()
L 12/17/2024 - 01:08:59: \glitch31415\STEAM_0:0:743386914\ Client version: Adrenaline Gamer (OpenGL)
L 12/17/2024 - 01:09:02: \glitch31415\STEAM_0:0:743386914\ killed "Zombie" with "9mmAR"
L 12/17/2024 - 01:09:03: \glitch31415\STEAM_0:0:743386914\ killed "Zombie" with "9mmAR"
L 12/17/2024 - 01:09:06: \glitch31415\STEAM_0:0:743386914\ killed "Zombie" with "9mmAR"
L 12/17/2024 - 01:09:07: \glitch31415\STEAM_0:0:743386914\ killed "Zombie" with "9mmAR"
L 12/17/2024 - 01:09:12: \glitch31415\STEAM_0:0:743386914\ killed "Zombie" with "shotgun"
L 12/17/2024 - 01:09:17: \glitch31415\STEAM_0:0:743386914\ killed "Zombie" with "shotgun"
L 12/17/2024 - 01:09:18: \glitch31415\STEAM_0:0:743386914\ killed "Zombie" with "shotgun"
L 12/17/2024 - 01:09:24: \glitch31415\STEAM_0:0:743386914\ killed "Zombie" with "grenade"
L 12/17/2024 - 01:09:24: \glitch31415\STEAM_0:0:743386914\ killed "Zombie" with "grenade"
L 12/17/2024 - 01:09:24: \glitch31415\STEAM_0:0:743386914\ killed "Zombie" with "grenade"
L 12/17/2024 - 01:09:27: \glitch31415\STEAM_0:0:743386914\ killed "Zombie" with "9mmAR"
L 12/17/2024 - 01:09:39: \glitch31415\STEAM_0:0:743386914\ committed suicide with "grenade"
L 12/17/2024 - 01:09:39: \glitch31415\STEAM_0:0:743386914\ killed "Zombie" with "grenade"
L 12/17/2024 - 01:09:39: \glitch31415\STEAM_0:0:743386914\ killed "Zombie" with "grenade"
L 12/17/2024 - 01:09:39: \glitch31415\STEAM_0:0:743386914\ killed "Zombie" with "grenade"
L 12/17/2024 - 01:09:39: \glitch31415\STEAM_0:0:743386914\ killed "Zombie" with "grenade"
L 12/17/2024 - 01:09:45: \glitch31415\STEAM_0:0:743386914\ killed "Zombie" with "9mmAR"
L 12/17/2024 - 01:09:56: \glitch31415\STEAM_0:0:743386914\ killed "Zombie" with "gluon gun"
L 12/17/2024 - 01:10:01: \glitch31415\STEAM_0:0:743386914\ killed "Zombie" with "9mmAR"
L 12/17/2024 - 01:10:12: Rcon: "rcon 843718559 "5pgW37D7ad" changelevel c1a0" from "127.0.0.1:27005"
L 12/17/2024 - 01:10:12: [META] (debug:3) Calling amxmodx_mm_i386.so:ClientDisconnect()
L 12/17/2024 - 01:10:12: [META] (debug:3) Calling engine_amxx_i386.so:ClientDisconnect()
L 12/17/2024 - 01:10:12: [META] (debug:3) Calling server.so:ClientDisconnect()
L 12/17/2024 - 01:10:12: \bot1\BOT\ disconnected
L 12/17/2024 - 01:10:12: Dropped bot1 from server
L 12/17/2024 - 01:10:12: Reason:  Dropping fakeclient on level change
L 12/17/2024 - 01:10:12: [META] (debug:3) Calling amxmodx_mm_i386.so:ClientDisconnect()
L 12/17/2024 - 01:10:12: [META] (debug:3) Calling engine_amxx_i386.so:ClientDisconnect()
L 12/17/2024 - 01:10:12: [META] (debug:3) Calling server.so:ClientDisconnect()
L 12/17/2024 - 01:10:12: \bot3\BOT\ disconnected
L 12/17/2024 - 01:10:12: Dropped bot3 from server
L 12/17/2024 - 01:10:12: Reason:  Dropping fakeclient on level change
L 12/17/2024 - 01:10:12: [META] (debug:3) Calling amxmodx_mm_i386.so:ClientDisconnect()
L 12/17/2024 - 01:10:12: [META] (debug:3) Calling engine_amxx_i386.so:ClientDisconnect()
L 12/17/2024 - 01:10:12: [META] (debug:3) Calling server.so:ClientDisconnect()
L 12/17/2024 - 01:10:12: \bot2\BOT\ disconnected
L 12/17/2024 - 01:10:12: Dropped bot2 from server
L 12/17/2024 - 01:10:12: Reason:  Dropping fakeclient on level change
L 12/17/2024 - 01:10:12: [META] (debug:3) Calling amxmodx_mm_i386.so:ServerDeactivate()
L 12/17/2024 - 01:10:12: [META] (debug:3) Calling engine_amxx_i386.so:ServerDeactivate()
L 12/17/2024 - 01:10:12: [META] (debug:3) Calling server.so:ServerDeactivate()
L 12/17/2024 - 01:10:12: \glitch31415\STEAM_0:0:743386914\ 180 points, 1 deaths
L 12/17/2024 - 01:10:12: [META] (debug:3) Calling amxmodx_mm_i386.so:ServerDeactivate_Post()
L 12/17/2024 - 01:10:12: [META] (debug:3) Calling fakemeta_amxx_i386.so:ServerDeactivate_Post()
L 12/17/2024 - 01:10:12: [META] ini: Begin re-reading plugins list: /home/glitch/.steam/debian-installation/steamapps/common/hlds/valve/addons/metamod/plugins.ini
L 12/17/2024 - 01:10:12: [META] ini: Read plugin config for: AMX Mod X
L 12/17/2024 - 01:10:12: [META] ini: Finished reading plugins list: /home/glitch/.steam/debian-installation/steamapps/common/hlds/valve/addons/metamod/plugins.ini; Found 1 plugins
L 12/17/2024 - 01:10:12: [META] dll: Updating plugins...
L 12/17/2024 - 01:10:12: [META] (debug:1) Keeping plugin 'AMX Mod X'
L 12/17/2024 - 01:10:12: [META] dll: Finished updating 5 plugins; kept 1, loaded 0, unloaded 0, reloaded 0, delayed 0
L 12/17/2024 - 01:10:12: [META] (debug:3) Calling amxmodx_mm_i386.so:ClientDisconnect()
L 12/17/2024 - 01:10:12: [META] (debug:3) Calling engine_amxx_i386.so:ClientDisconnect()
L 12/17/2024 - 01:10:12: [META] (debug:3) Calling server.so:ClientDisconnect()
L 12/17/2024 - 01:10:12: \glitch31415\STEAM_0:0:743386914\ disconnected with 180 points
L 12/17/2024 - 01:10:12: Log file closed

-------------------------------------------------------------------------------

