L 12/16/2024 - 19:23:15: Log file started (file "logs/L1216021.log") (game "valve") (version "48/1.1.2.2/Stdio/3897")
L 12/16/2024 - 19:23:15: Loading map "coolrig"
L 12/16/2024 - 19:23:16: Server cvar "mp_soundvariety" = "0"
L 12/16/2024 - 19:23:16: Server cvar "mp_soundvariety" = "1"
L 12/16/2024 - 19:23:16: [META] (debug:3) user message registered again: name=VoiceMask, msgid=64
L 12/16/2024 - 19:23:16: [META] (debug:3) user message registered again: name=ReqState, msgid=65
L 12/16/2024 - 19:23:16: [META] (debug:3) Calling amxmodx_mm_i386.so:ServerActivate()
L 12/16/2024 - 19:23:16: [META] (debug:3) Calling engine_amxx_i386.so:ServerActivate()
L 12/16/2024 - 19:23:16: [META] (debug:3) Calling fakemeta_amxx_i386.so:ServerActivate()
L 12/16/2024 - 19:23:16: [META] (debug:3) Calling server.so:ServerActivate()
L 12/16/2024 - 19:23:16: Server cvar "mp_nextmap" = "c1a0"
L 12/16/2024 - 19:23:16: [META] (debug:3) Calling amxmodx_mm_i386.so:ServerActivate_Post()
L 12/16/2024 - 19:23:16: Enemy stats: 0k health, 0 npcs
L 12/16/2024 - 19:23:16: Started map "coolrig" (CRC "123047971")
L 12/16/2024 - 19:23:18: [META] (debug:3) Calling engine_amxx_i386.so:ClientConnect()
L 12/16/2024 - 19:23:18: [META] (debug:3) Calling fun_amxx_i386.so:ClientConnect()
L 12/16/2024 - 19:23:18: [META] (debug:3) Calling server.so:ClientConnect()
L 12/16/2024 - 19:23:18: \glitch31415\STEAM_0:0:743386914\ connected from address 127.0.0.1:27005
L 12/16/2024 - 19:23:18: [META] (debug:3) Calling amxmodx_mm_i386.so:ClientConnect_Post()
L 12/16/2024 - 19:23:19: "glitch31415<3><STEAM_0:0:743386914><>" STEAM USERID validated
L 12/16/2024 - 19:23:19: \bot1\BOT\ connected from address 127.0.0.1
L 12/16/2024 - 19:23:19: \bot1\BOT\ entered the game as ld_gordon(242,147)
L 12/16/2024 - 19:23:19: \bot3\BOT\ connected from address 127.0.0.1
L 12/16/2024 - 19:23:19: \bot3\BOT\ entered the game as ld_gordon(218,150)
L 12/16/2024 - 19:23:19: \bot2\BOT\ connected from address 127.0.0.1
L 12/16/2024 - 19:23:19: \bot2\BOT\ entered the game as ld_gordon(15,18)
L 12/16/2024 - 19:23:22: [META] (debug:3) Calling server.so:ClientPutInServer()
L 12/16/2024 - 19:23:22: [META] (debug:3) Calling engine:QueryClientCvarValue2()
L 12/16/2024 - 19:23:22: [META] (debug:3) Calling amxmodx_mm_i386.so:ClientPutInServer_Post()
L 12/16/2024 - 19:23:22: \glitch31415\STEAM_0:0:743386914\ entered the game as scientist(76,76)
L 12/16/2024 - 19:23:22: [META] (debug:3) Calling amxmodx_mm_i386.so:CvarValue2()
L 12/16/2024 - 19:23:22: [META] (debug:3) Calling server.so:CvarValue2()
L 12/16/2024 - 19:23:22: [META] (debug:3) Calling engine:QueryClientCvarValue2()
L 12/16/2024 - 19:23:23: [META] (debug:3) Calling amxmodx_mm_i386.so:CvarValue2()
L 12/16/2024 - 19:23:23: [META] (debug:3) Calling server.so:CvarValue2()
L 12/16/2024 - 19:23:23: [META] (debug:3) Calling engine:QueryClientCvarValue2()
L 12/16/2024 - 19:23:23: [META] (debug:3) Calling amxmodx_mm_i386.so:CvarValue2()
L 12/16/2024 - 19:23:23: [META] (debug:3) Calling server.so:CvarValue2()
L 12/16/2024 - 19:23:23: [META] (debug:3) Calling engine:QueryClientCvarValue2()
L 12/16/2024 - 19:23:23: [META] (debug:3) Calling amxmodx_mm_i386.so:CvarValue2()
L 12/16/2024 - 19:23:23: [META] (debug:3) Calling server.so:CvarValue2()
L 12/16/2024 - 19:23:23: \glitch31415\STEAM_0:0:743386914\ Client version: Adrenaline Gamer (OpenGL)
L 12/16/2024 - 19:23:41: Rcon: "rcon 1779819204 "5pgW37D7ad" changelevel hldm_2fort" from "127.0.0.1:27005"
L 12/16/2024 - 19:23:41: [META] (debug:3) Calling amxmodx_mm_i386.so:ClientDisconnect()
L 12/16/2024 - 19:23:41: [META] (debug:3) Calling engine_amxx_i386.so:ClientDisconnect()
L 12/16/2024 - 19:23:41: [META] (debug:3) Calling server.so:ClientDisconnect()
L 12/16/2024 - 19:23:41: \bot1\BOT\ disconnected
L 12/16/2024 - 19:23:41: Dropped bot1 from server
L 12/16/2024 - 19:23:41: Reason:  Dropping fakeclient on level change
L 12/16/2024 - 19:23:41: [META] (debug:3) Calling amxmodx_mm_i386.so:ClientDisconnect()
L 12/16/2024 - 19:23:41: [META] (debug:3) Calling engine_amxx_i386.so:ClientDisconnect()
L 12/16/2024 - 19:23:41: [META] (debug:3) Calling server.so:ClientDisconnect()
L 12/16/2024 - 19:23:41: \bot3\BOT\ disconnected
L 12/16/2024 - 19:23:41: Dropped bot3 from server
L 12/16/2024 - 19:23:41: Reason:  Dropping fakeclient on level change
L 12/16/2024 - 19:23:41: [META] (debug:3) Calling amxmodx_mm_i386.so:ClientDisconnect()
L 12/16/2024 - 19:23:41: [META] (debug:3) Calling engine_amxx_i386.so:ClientDisconnect()
L 12/16/2024 - 19:23:41: [META] (debug:3) Calling server.so:ClientDisconnect()
L 12/16/2024 - 19:23:41: \bot2\BOT\ disconnected
L 12/16/2024 - 19:23:41: Dropped bot2 from server
L 12/16/2024 - 19:23:41: Reason:  Dropping fakeclient on level change
L 12/16/2024 - 19:23:41: [META] (debug:3) Calling amxmodx_mm_i386.so:ServerDeactivate()
L 12/16/2024 - 19:23:41: [META] (debug:3) Calling engine_amxx_i386.so:ServerDeactivate()
L 12/16/2024 - 19:23:41: [META] (debug:3) Calling server.so:ServerDeactivate()
L 12/16/2024 - 19:23:41: \glitch31415\STEAM_0:0:743386914\ 0 points, 0 deaths
L 12/16/2024 - 19:23:41: [META] (debug:3) Calling amxmodx_mm_i386.so:ServerDeactivate_Post()
L 12/16/2024 - 19:23:41: [META] (debug:3) Calling fakemeta_amxx_i386.so:ServerDeactivate_Post()
L 12/16/2024 - 19:23:41: [META] ini: Begin re-reading plugins list: /home/glitch/.steam/debian-installation/steamapps/common/hlds/valve/addons/metamod/plugins.ini
L 12/16/2024 - 19:23:41: [META] ini: Read plugin config for: AMX Mod X
L 12/16/2024 - 19:23:41: [META] ini: Finished reading plugins list: /home/glitch/.steam/debian-installation/steamapps/common/hlds/valve/addons/metamod/plugins.ini; Found 1 plugins
L 12/16/2024 - 19:23:41: [META] dll: Updating plugins...
L 12/16/2024 - 19:23:41: [META] (debug:1) Keeping plugin 'AMX Mod X'
L 12/16/2024 - 19:23:41: [META] dll: Finished updating 5 plugins; kept 1, loaded 0, unloaded 0, reloaded 0, delayed 0
L 12/16/2024 - 19:23:41: [META] (debug:3) Calling amxmodx_mm_i386.so:ClientDisconnect()
L 12/16/2024 - 19:23:41: [META] (debug:3) Calling engine_amxx_i386.so:ClientDisconnect()
L 12/16/2024 - 19:23:41: [META] (debug:3) Calling server.so:ClientDisconnect()
L 12/16/2024 - 19:23:41: \glitch31415\STEAM_0:0:743386914\ disconnected
L 12/16/2024 - 19:23:41: Log file closed

-------------------------------------------------------------------------------

