L 12/16/2024 - 20:16:44: Log file started (file "logs/L1216031.log") (game "valve") (version "48/1.1.2.2/Stdio/3897")
L 12/16/2024 - 20:16:44: Loading map "infested"
L 12/16/2024 - 20:16:45: Server cvar "mp_soundvariety" = "0"
L 12/16/2024 - 20:16:45: Server cvar "mp_soundvariety" = "1"
L 12/16/2024 - 20:16:45: [META] (debug:3) user message registered again: name=VoiceMask, msgid=64
L 12/16/2024 - 20:16:45: [META] (debug:3) user message registered again: name=ReqState, msgid=65
L 12/16/2024 - 20:16:45: [META] (debug:3) Calling amxmodx_mm_i386.so:ServerActivate()
L 12/16/2024 - 20:16:45: [META] (debug:3) Calling engine_amxx_i386.so:ServerActivate()
L 12/16/2024 - 20:16:45: [META] (debug:3) Calling fakemeta_amxx_i386.so:ServerActivate()
L 12/16/2024 - 20:16:45: [META] (debug:3) Calling server.so:ServerActivate()
L 12/16/2024 - 20:16:45: [META] (debug:3) Calling amxmodx_mm_i386.so:ServerActivate_Post()
L 12/16/2024 - 20:16:45: Enemy stats: 41k health, 180+ npcs
L 12/16/2024 - 20:16:45: Started map "infested" (CRC "1856797836")
L 12/16/2024 - 20:16:45: [META] (debug:3) Calling engine_amxx_i386.so:ClientConnect()
L 12/16/2024 - 20:16:45: [META] (debug:3) Calling fun_amxx_i386.so:ClientConnect()
L 12/16/2024 - 20:16:45: [META] (debug:3) Calling server.so:ClientConnect()
L 12/16/2024 - 20:16:45: \glitch31415\STEAM_0:0:743386914\ connected from address 127.0.0.1:27005
L 12/16/2024 - 20:16:45: [META] (debug:3) Calling amxmodx_mm_i386.so:ClientConnect_Post()
L 12/16/2024 - 20:16:47: Dropped glitch31415 from server
L 12/16/2024 - 20:16:47: Reason:  Client sent 'drop'
L 12/16/2024 - 20:16:47: [META] (debug:3) Calling engine_amxx_i386.so:ClientConnect()
L 12/16/2024 - 20:16:47: [META] (debug:3) Calling fun_amxx_i386.so:ClientConnect()
L 12/16/2024 - 20:16:47: [META] (debug:3) Calling server.so:ClientConnect()
L 12/16/2024 - 20:16:47: \glitch31415\STEAM_0:0:743386914\ connected from address 127.0.0.1:27005
L 12/16/2024 - 20:16:47: [META] (debug:3) Calling amxmodx_mm_i386.so:ClientConnect_Post()
L 12/16/2024 - 20:16:47: "glitch31415<14><STEAM_0:0:743386914><>" STEAM USERID validated
L 12/16/2024 - 20:16:48: \bot2\BOT\ connected from address 127.0.0.1
L 12/16/2024 - 20:16:48: \bot2\BOT\ entered the game as ld_gordon(212,193)
L 12/16/2024 - 20:16:48: \bot1\BOT\ connected from address 127.0.0.1
L 12/16/2024 - 20:16:48: \bot1\BOT\ entered the game as ld_gordon(173,58)
L 12/16/2024 - 20:16:48: \bot3\BOT\ connected from address 127.0.0.1
L 12/16/2024 - 20:16:48: \bot3\BOT\ entered the game as ld_gordon(93,112)
L 12/16/2024 - 20:16:49: [META] (debug:3) Calling server.so:ClientPutInServer()
L 12/16/2024 - 20:16:49: [META] (debug:3) Calling engine:QueryClientCvarValue2()
L 12/16/2024 - 20:16:49: [META] (debug:3) Calling amxmodx_mm_i386.so:ClientPutInServer_Post()
L 12/16/2024 - 20:16:49: \glitch31415\STEAM_0:0:743386914\ entered the game as scientist(76,76)
L 12/16/2024 - 20:16:49: [META] (debug:3) Calling amxmodx_mm_i386.so:CvarValue2()
L 12/16/2024 - 20:16:49: [META] (debug:3) Calling server.so:CvarValue2()
L 12/16/2024 - 20:16:49: [META] (debug:3) Calling engine:QueryClientCvarValue2()
L 12/16/2024 - 20:16:49: [META] (debug:3) Calling amxmodx_mm_i386.so:CvarValue2()
L 12/16/2024 - 20:16:49: [META] (debug:3) Calling server.so:CvarValue2()
L 12/16/2024 - 20:16:49: [META] (debug:3) Calling engine:QueryClientCvarValue2()
L 12/16/2024 - 20:16:50: [META] (debug:3) Calling amxmodx_mm_i386.so:CvarValue2()
L 12/16/2024 - 20:16:50: [META] (debug:3) Calling server.so:CvarValue2()
L 12/16/2024 - 20:16:50: [META] (debug:3) Calling engine:QueryClientCvarValue2()
L 12/16/2024 - 20:16:50: [META] (debug:3) Calling amxmodx_mm_i386.so:CvarValue2()
L 12/16/2024 - 20:16:50: [META] (debug:3) Calling server.so:CvarValue2()
L 12/16/2024 - 20:16:50: \glitch31415\STEAM_0:0:743386914\ Client version: Adrenaline Gamer (OpenGL)
L 12/16/2024 - 20:20:20: \glitch31415\STEAM_0:0:743386914\ killed by "Vehicle"
L 12/16/2024 - 20:20:23: Rcon: "rcon 141011494 "5pgW37D7ad" restart" from "127.0.0.1:27005"
L 12/16/2024 - 20:20:23: [META] (debug:3) Calling amxmodx_mm_i386.so:ClientDisconnect()
L 12/16/2024 - 20:20:23: [META] (debug:3) Calling engine_amxx_i386.so:ClientDisconnect()
L 12/16/2024 - 20:20:23: [META] (debug:3) Calling server.so:ClientDisconnect()
L 12/16/2024 - 20:20:23: \bot2\BOT\ disconnected
L 12/16/2024 - 20:20:23: Dropped bot2 from server
L 12/16/2024 - 20:20:23: Reason:  Dropping fakeclient on level change
L 12/16/2024 - 20:20:23: [META] (debug:3) Calling amxmodx_mm_i386.so:ClientDisconnect()
L 12/16/2024 - 20:20:23: [META] (debug:3) Calling engine_amxx_i386.so:ClientDisconnect()
L 12/16/2024 - 20:20:23: [META] (debug:3) Calling server.so:ClientDisconnect()
L 12/16/2024 - 20:20:23: \bot1\BOT\ disconnected
L 12/16/2024 - 20:20:23: Dropped bot1 from server
L 12/16/2024 - 20:20:23: Reason:  Dropping fakeclient on level change
L 12/16/2024 - 20:20:23: [META] (debug:3) Calling amxmodx_mm_i386.so:ClientDisconnect()
L 12/16/2024 - 20:20:23: [META] (debug:3) Calling engine_amxx_i386.so:ClientDisconnect()
L 12/16/2024 - 20:20:23: [META] (debug:3) Calling server.so:ClientDisconnect()
L 12/16/2024 - 20:20:23: \bot3\BOT\ disconnected
L 12/16/2024 - 20:20:23: Dropped bot3 from server
L 12/16/2024 - 20:20:23: Reason:  Dropping fakeclient on level change
L 12/16/2024 - 20:20:23: [META] (debug:3) Calling amxmodx_mm_i386.so:ServerDeactivate()
L 12/16/2024 - 20:20:23: [META] (debug:3) Calling engine_amxx_i386.so:ServerDeactivate()
L 12/16/2024 - 20:20:23: [META] (debug:3) Calling server.so:ServerDeactivate()
L 12/16/2024 - 20:20:23: \glitch31415\STEAM_0:0:743386914\ -30000 points, 1 deaths
L 12/16/2024 - 20:20:23: [META] (debug:3) Calling amxmodx_mm_i386.so:ServerDeactivate_Post()
L 12/16/2024 - 20:20:23: [META] (debug:3) Calling fakemeta_amxx_i386.so:ServerDeactivate_Post()
L 12/16/2024 - 20:20:23: [META] ini: Begin re-reading plugins list: /home/glitch/.steam/debian-installation/steamapps/common/hlds/valve/addons/metamod/plugins.ini
L 12/16/2024 - 20:20:23: [META] ini: Read plugin config for: AMX Mod X
L 12/16/2024 - 20:20:23: [META] ini: Finished reading plugins list: /home/glitch/.steam/debian-installation/steamapps/common/hlds/valve/addons/metamod/plugins.ini; Found 1 plugins
L 12/16/2024 - 20:20:23: [META] dll: Updating plugins...
L 12/16/2024 - 20:20:23: [META] (debug:1) Keeping plugin 'AMX Mod X'
L 12/16/2024 - 20:20:23: [META] dll: Finished updating 5 plugins; kept 1, loaded 0, unloaded 0, reloaded 0, delayed 0
L 12/16/2024 - 20:20:23: [META] (debug:3) Calling amxmodx_mm_i386.so:ClientDisconnect()
L 12/16/2024 - 20:20:23: [META] (debug:3) Calling engine_amxx_i386.so:ClientDisconnect()
L 12/16/2024 - 20:20:23: [META] (debug:3) Calling server.so:ClientDisconnect()
L 12/16/2024 - 20:20:23: \glitch31415\STEAM_0:0:743386914\ disconnected
L 12/16/2024 - 20:20:23: Log file closed

-------------------------------------------------------------------------------

