L 12/17/2024 - 16:34:21: Log file started (file "logs/L1217013.log") (game "valve") (version "48/1.1.2.2/Stdio/3897")
L 12/17/2024 - 16:34:21: Loading map "d1_trainstation_02"
L 12/17/2024 - 16:34:21: Server cvar "mp_soundvariety" = "0"
L 12/17/2024 - 16:34:21: Server cvar "mp_soundvariety" = "1"
L 12/17/2024 - 16:34:21: [META] (debug:3) user message registered again: name=VoiceMask, msgid=64
L 12/17/2024 - 16:34:21: [META] (debug:3) user message registered again: name=ReqState, msgid=65
L 12/17/2024 - 16:34:21: [META] ERROR: Couldn't find game entity 'env_model' in game DLL 'valve': /home/glitch/.steam/debian-installation/steamapps/common/hlds/valve/dlls/server.so: undefined symbol: env_model
L 12/17/2024 - 16:34:21: [META] ERROR: Couldn't find game entity 'motion_manager' in game DLL 'valve': /home/glitch/.steam/debian-installation/steamapps/common/hlds/valve/dlls/server.so: undefined symbol: motion_manager
L 12/17/2024 - 16:34:21: [META] (debug:3) Calling amxmodx_mm_i386.so:ServerActivate()
L 12/17/2024 - 16:34:21: [META] (debug:3) Calling engine_amxx_i386.so:ServerActivate()
L 12/17/2024 - 16:34:21: [META] (debug:3) Calling fakemeta_amxx_i386.so:ServerActivate()
L 12/17/2024 - 16:34:21: [META] (debug:3) Calling server.so:ServerActivate()
L 12/17/2024 - 16:34:21: Server cvar "mp_nextmap" = "d1_town_01"
L 12/17/2024 - 16:34:21: [META] (debug:3) Calling amxmodx_mm_i386.so:ServerActivate_Post()
L 12/17/2024 - 16:34:21: Enemy stats: 0k health, 0 npcs
L 12/17/2024 - 16:34:22: Started map "d1_trainstation_02" (CRC "652026196")
L 12/17/2024 - 16:34:22: "glitch31415<3><STEAM_0:0:743386914><>" STEAM USERID validated
L 12/17/2024 - 16:34:22: [META] (debug:3) Calling engine_amxx_i386.so:ClientConnect()
L 12/17/2024 - 16:34:22: [META] (debug:3) Calling fun_amxx_i386.so:ClientConnect()
L 12/17/2024 - 16:34:22: [META] (debug:3) Calling server.so:ClientConnect()
L 12/17/2024 - 16:34:22: \glitch31415\STEAM_0:0:743386914\ connected from address 127.0.0.1:27005
L 12/17/2024 - 16:34:22: [META] (debug:3) Calling amxmodx_mm_i386.so:ClientConnect_Post()
L 12/17/2024 - 16:34:23: Dropped glitch31415 from server
L 12/17/2024 - 16:34:23: Reason:  Client sent 'drop'
L 12/17/2024 - 16:34:23: [META] (debug:3) Calling engine_amxx_i386.so:ClientConnect()
L 12/17/2024 - 16:34:23: [META] (debug:3) Calling fun_amxx_i386.so:ClientConnect()
L 12/17/2024 - 16:34:23: [META] (debug:3) Calling server.so:ClientConnect()
L 12/17/2024 - 16:34:23: \glitch31415\STEAM_0:0:743386914\ connected from address 127.0.0.1:27005
L 12/17/2024 - 16:34:23: [META] (debug:3) Calling amxmodx_mm_i386.so:ClientConnect_Post()
L 12/17/2024 - 16:34:23: "glitch31415<4><STEAM_0:0:743386914><>" STEAM USERID validated
L 12/17/2024 - 16:34:24: \bot3\BOT\ connected from address 127.0.0.1
L 12/17/2024 - 16:34:24: \bot3\BOT\ entered the game as ld_gordon(105,67)
L 12/17/2024 - 16:34:25: \bot1\BOT\ connected from address 127.0.0.1
L 12/17/2024 - 16:34:25: \bot1\BOT\ entered the game as ld_gordon(153,28)
L 12/17/2024 - 16:34:25: [META] (debug:3) Calling server.so:ClientPutInServer()
L 12/17/2024 - 16:34:25: [META] (debug:3) Calling engine:QueryClientCvarValue2()
L 12/17/2024 - 16:34:25: [META] (debug:3) Calling amxmodx_mm_i386.so:ClientPutInServer_Post()
L 12/17/2024 - 16:34:25: \bot2\BOT\ connected from address 127.0.0.1
L 12/17/2024 - 16:34:25: \bot2\BOT\ entered the game as ld_gordon(112,220)
L 12/17/2024 - 16:34:25: \glitch31415\STEAM_0:0:743386914\ entered the game as scientist(76,76)
L 12/17/2024 - 16:34:25: [META] (debug:3) Calling amxmodx_mm_i386.so:CvarValue2()
L 12/17/2024 - 16:34:25: [META] (debug:3) Calling server.so:CvarValue2()
L 12/17/2024 - 16:34:25: [META] (debug:3) Calling engine:QueryClientCvarValue2()
L 12/17/2024 - 16:34:25: [META] (debug:3) Calling amxmodx_mm_i386.so:CvarValue2()
L 12/17/2024 - 16:34:25: [META] (debug:3) Calling server.so:CvarValue2()
L 12/17/2024 - 16:34:25: [META] (debug:3) Calling engine:QueryClientCvarValue2()
L 12/17/2024 - 16:34:25: [META] (debug:3) Calling amxmodx_mm_i386.so:CvarValue2()
L 12/17/2024 - 16:34:25: [META] (debug:3) Calling server.so:CvarValue2()
L 12/17/2024 - 16:34:25: [META] (debug:3) Calling engine:QueryClientCvarValue2()
L 12/17/2024 - 16:34:25: [META] (debug:3) Calling amxmodx_mm_i386.so:CvarValue2()
L 12/17/2024 - 16:34:25: [META] (debug:3) Calling server.so:CvarValue2()
L 12/17/2024 - 16:34:25: \glitch31415\STEAM_0:0:743386914\ Client version: Adrenaline Gamer (OpenGL)
L 12/17/2024 - 16:34:32: \glitch31415\STEAM_0:0:743386914\ killed "Scientist" with "357"
L 12/17/2024 - 16:34:52: \glitch31415\STEAM_0:0:743386914\ killed "Human Grunt" with "357"
L 12/17/2024 - 16:35:04: \glitch31415\STEAM_0:0:743386914\ killed "Scientist" with "357"
L 12/17/2024 - 16:35:14: \glitch31415\STEAM_0:0:743386914\ killed "Scientist" with "357"
L 12/17/2024 - 16:35:23: \glitch31415\STEAM_0:0:743386914\ killed "Human Grunt" with "357"
L 12/17/2024 - 16:35:25: \glitch31415\STEAM_0:0:743386914\ killed "Human Grunt" with "9mmAR"
L 12/17/2024 - 16:35:25: \glitch31415\STEAM_0:0:743386914\ killed "Human Grunt" with "9mmAR"
L 12/17/2024 - 16:35:44: \glitch31415\STEAM_0:0:743386914\ killed "Human Grunt" with "9mmAR"
L 12/17/2024 - 16:35:44: \glitch31415\STEAM_0:0:743386914\ killed "Human Grunt" with "9mmAR"
L 12/17/2024 - 16:35:44: \glitch31415\STEAM_0:0:743386914\ killed "Human Grunt" with "9mmAR"
L 12/17/2024 - 16:35:45: \glitch31415\STEAM_0:0:743386914\ killed "Human Grunt" with "9mmAR"
L 12/17/2024 - 16:37:07: \glitch31415\STEAM_0:0:743386914\ killed "Scientist" with "grenade"
L 12/17/2024 - 16:37:09: \glitch31415\STEAM_0:0:743386914\ committed suicide with "grenade"
L 12/17/2024 - 16:37:09: \glitch31415\STEAM_0:0:743386914\ killed "Scientist" with "grenade"
L 12/17/2024 - 16:37:09: \glitch31415\STEAM_0:0:743386914\ killed "Scientist" with "grenade"
L 12/17/2024 - 16:37:09: \glitch31415\STEAM_0:0:743386914\ killed "Scientist" with "grenade"
L 12/17/2024 - 16:37:09: \glitch31415\STEAM_0:0:743386914\ killed "Scientist" with "grenade"
L 12/17/2024 - 16:37:09: \glitch31415\STEAM_0:0:743386914\ killed "Scientist" with "grenade"
L 12/17/2024 - 16:37:16: \glitch31415\STEAM_0:0:743386914\ killed "Scientist" with "9mmAR"
L 12/17/2024 - 16:37:35: Rcon: "rcon 526647871 "5pgW37D7ad" changelevel hldm_2fort" from "127.0.0.1:27005"
L 12/17/2024 - 16:37:35: [META] (debug:3) Calling amxmodx_mm_i386.so:ClientDisconnect()
L 12/17/2024 - 16:37:35: [META] (debug:3) Calling engine_amxx_i386.so:ClientDisconnect()
L 12/17/2024 - 16:37:35: [META] (debug:3) Calling server.so:ClientDisconnect()
L 12/17/2024 - 16:37:35: \bot3\BOT\ disconnected
L 12/17/2024 - 16:37:35: Dropped bot3 from server
L 12/17/2024 - 16:37:35: Reason:  Dropping fakeclient on level change
L 12/17/2024 - 16:37:35: [META] (debug:3) Calling amxmodx_mm_i386.so:ClientDisconnect()
L 12/17/2024 - 16:37:35: [META] (debug:3) Calling engine_amxx_i386.so:ClientDisconnect()
L 12/17/2024 - 16:37:35: [META] (debug:3) Calling server.so:ClientDisconnect()
L 12/17/2024 - 16:37:35: \bot1\BOT\ disconnected
L 12/17/2024 - 16:37:35: Dropped bot1 from server
L 12/17/2024 - 16:37:35: Reason:  Dropping fakeclient on level change
L 12/17/2024 - 16:37:35: [META] (debug:3) Calling amxmodx_mm_i386.so:ClientDisconnect()
L 12/17/2024 - 16:37:35: [META] (debug:3) Calling engine_amxx_i386.so:ClientDisconnect()
L 12/17/2024 - 16:37:35: [META] (debug:3) Calling server.so:ClientDisconnect()
L 12/17/2024 - 16:37:35: \bot2\BOT\ disconnected
L 12/17/2024 - 16:37:35: Dropped bot2 from server
L 12/17/2024 - 16:37:35: Reason:  Dropping fakeclient on level change
L 12/17/2024 - 16:37:35: [META] (debug:3) Calling amxmodx_mm_i386.so:ServerDeactivate()
L 12/17/2024 - 16:37:35: [META] (debug:3) Calling engine_amxx_i386.so:ServerDeactivate()
L 12/17/2024 - 16:37:35: [META] (debug:3) Calling server.so:ServerDeactivate()
L 12/17/2024 - 16:37:35: \glitch31415\STEAM_0:0:743386914\ 120 points, 1 deaths
L 12/17/2024 - 16:37:35: [META] (debug:3) Calling amxmodx_mm_i386.so:ServerDeactivate_Post()
L 12/17/2024 - 16:37:35: [META] (debug:3) Calling fakemeta_amxx_i386.so:ServerDeactivate_Post()
L 12/17/2024 - 16:37:35: [META] ini: Begin re-reading plugins list: /home/glitch/.steam/debian-installation/steamapps/common/hlds/valve/addons/metamod/plugins.ini
L 12/17/2024 - 16:37:35: [META] ini: Read plugin config for: AMX Mod X
L 12/17/2024 - 16:37:35: [META] ini: Finished reading plugins list: /home/glitch/.steam/debian-installation/steamapps/common/hlds/valve/addons/metamod/plugins.ini; Found 1 plugins
L 12/17/2024 - 16:37:35: [META] dll: Updating plugins...
L 12/17/2024 - 16:37:35: [META] (debug:1) Keeping plugin 'AMX Mod X'
L 12/17/2024 - 16:37:35: [META] dll: Finished updating 5 plugins; kept 1, loaded 0, unloaded 0, reloaded 0, delayed 0
L 12/17/2024 - 16:37:35: [META] (debug:3) Calling amxmodx_mm_i386.so:ClientDisconnect()
L 12/17/2024 - 16:37:35: [META] (debug:3) Calling engine_amxx_i386.so:ClientDisconnect()
L 12/17/2024 - 16:37:35: [META] (debug:3) Calling server.so:ClientDisconnect()
L 12/17/2024 - 16:37:35: \glitch31415\STEAM_0:0:743386914\ disconnected with 120 points
L 12/17/2024 - 16:37:35: Log file closed

-------------------------------------------------------------------------------

