L 12/17/2024 - 01:11:48: Log file started (file "logs/L1217009.log") (game "valve") (version "48/1.1.2.2/Stdio/3897")
L 12/17/2024 - 01:11:48: Loading map "c1a0"
L 12/17/2024 - 01:11:48: Server cvar "mp_soundvariety" = "0"
L 12/17/2024 - 01:11:48: Server cvar "mp_soundvariety" = "1"
L 12/17/2024 - 01:11:48: [META] (debug:3) user message registered again: name=VoiceMask, msgid=64
L 12/17/2024 - 01:11:48: [META] (debug:3) user message registered again: name=ReqState, msgid=65
L 12/17/2024 - 01:11:48: [META] (debug:3) Calling amxmodx_mm_i386.so:ServerActivate()
L 12/17/2024 - 01:11:48: [META] (debug:3) Calling engine_amxx_i386.so:ServerActivate()
L 12/17/2024 - 01:11:48: [META] (debug:3) Calling fakemeta_amxx_i386.so:ServerActivate()
L 12/17/2024 - 01:11:48: [META] (debug:3) Calling server.so:ServerActivate()
L 12/17/2024 - 01:11:48: Server cvar "mp_nextmap" = "d1_trainstation_02"
L 12/17/2024 - 01:11:48: [META] (debug:3) Calling amxmodx_mm_i386.so:ServerActivate_Post()
L 12/17/2024 - 01:11:49: Server cvar "amx_nextmap" = "c1a1"
L 12/17/2024 - 01:11:49: Enemy stats: 0k health, 0 npcs
L 12/17/2024 - 01:11:49: Started map "c1a0" (CRC "-183618122")
L 12/17/2024 - 01:11:49: [META] (debug:3) Calling engine_amxx_i386.so:ClientConnect()
L 12/17/2024 - 01:11:49: [META] (debug:3) Calling fun_amxx_i386.so:ClientConnect()
L 12/17/2024 - 01:11:49: [META] (debug:3) Calling server.so:ClientConnect()
L 12/17/2024 - 01:11:49: \glitch31415\STEAM_0:0:743386914\ connected from address 127.0.0.1:27005
L 12/17/2024 - 01:11:49: [META] (debug:3) Calling amxmodx_mm_i386.so:ClientConnect_Post()
L 12/17/2024 - 01:11:49: Dropped glitch31415 from server
L 12/17/2024 - 01:11:49: Reason:  Client sent 'drop'
L 12/17/2024 - 01:11:52: \bot2\BOT\ connected from address 127.0.0.1
L 12/17/2024 - 01:11:52: \bot2\BOT\ entered the game as ld_gordon(71,218)
L 12/17/2024 - 01:11:52: \bot1\BOT\ connected from address 127.0.0.1
L 12/17/2024 - 01:11:52: \bot1\BOT\ entered the game as ld_gordon(191,43)
L 12/17/2024 - 01:11:52: \bot3\BOT\ connected from address 127.0.0.1
L 12/17/2024 - 01:11:52: \bot3\BOT\ entered the game as ld_gordon(105,161)
L 12/17/2024 - 12:13:04: "Drakukla45666<17><STEAM_0:1:19859710><>" STEAM USERID validated
L 12/17/2024 - 12:13:04: [META] (debug:3) Calling engine_amxx_i386.so:ClientConnect()
L 12/17/2024 - 12:13:04: [META] (debug:3) Calling fun_amxx_i386.so:ClientConnect()
L 12/17/2024 - 12:13:04: [META] (debug:3) Calling server.so:ClientConnect()
L 12/17/2024 - 12:13:04: \Drakukla45666\STEAM_0:1:19859710\ connected from address 193.179.66.243:12339
L 12/17/2024 - 12:13:04: [META] (debug:3) Calling amxmodx_mm_i386.so:ClientConnect_Post()
L 12/17/2024 - 12:13:10: Dropped Drakukla45666 from server
L 12/17/2024 - 12:13:10: Reason:  Client sent 'drop'
L 12/17/2024 - 12:13:18: "Drakukla45666<18><STEAM_0:1:19859710><>" STEAM USERID validated
L 12/17/2024 - 12:13:18: [META] (debug:3) Calling engine_amxx_i386.so:ClientConnect()
L 12/17/2024 - 12:13:18: [META] (debug:3) Calling fun_amxx_i386.so:ClientConnect()
L 12/17/2024 - 12:13:18: [META] (debug:3) Calling server.so:ClientConnect()
L 12/17/2024 - 12:13:18: \Drakukla45666\STEAM_0:1:19859710\ connected from address 193.179.66.243:12339
L 12/17/2024 - 12:13:18: [META] (debug:3) Calling amxmodx_mm_i386.so:ClientConnect_Post()
L 12/17/2024 - 12:13:30: [META] (debug:3) Calling server.so:ClientPutInServer()
L 12/17/2024 - 12:13:30: [META] (debug:3) Calling engine:QueryClientCvarValue2()
L 12/17/2024 - 12:13:30: [META] (debug:3) Calling amxmodx_mm_i386.so:ClientPutInServer_Post()
L 12/17/2024 - 12:13:30: \Drakukla45666\STEAM_0:1:19859710\ entered the game as gina(134,157)
L 12/17/2024 - 12:13:30: [META] (debug:3) Calling amxmodx_mm_i386.so:CvarValue2()
L 12/17/2024 - 12:13:30: [META] (debug:3) Calling server.so:CvarValue2()
L 12/17/2024 - 12:13:30: [META] (debug:3) Calling engine:QueryClientCvarValue2()
L 12/17/2024 - 12:13:32: [META] (debug:3) Calling amxmodx_mm_i386.so:CvarValue2()
L 12/17/2024 - 12:13:32: [META] (debug:3) Calling server.so:CvarValue2()
L 12/17/2024 - 12:13:32: [META] (debug:3) Calling engine:QueryClientCvarValue2()
L 12/17/2024 - 12:13:33: [META] (debug:3) Calling amxmodx_mm_i386.so:CvarValue2()
L 12/17/2024 - 12:13:33: [META] (debug:3) Calling server.so:CvarValue2()
L 12/17/2024 - 12:13:33: [META] (debug:3) Calling engine:QueryClientCvarValue2()
L 12/17/2024 - 12:13:33: [META] (debug:3) Calling amxmodx_mm_i386.so:CvarValue2()
L 12/17/2024 - 12:13:33: [META] (debug:3) Calling server.so:CvarValue2()
L 12/17/2024 - 12:13:33: \Drakukla45666\STEAM_0:1:19859710\ Client version: Half-Life (OpenGL)
L 12/17/2024 - 12:15:01: [META] (debug:3) Calling amxmodx_mm_i386.so:ClientDisconnect()
L 12/17/2024 - 12:15:01: [META] (debug:3) Calling engine_amxx_i386.so:ClientDisconnect()
L 12/17/2024 - 12:15:01: [META] (debug:3) Calling server.so:ClientDisconnect()
L 12/17/2024 - 12:15:01: \Drakukla45666\STEAM_0:1:19859710\ disconnected
L 12/17/2024 - 12:15:01: Dropped Drakukla45666 from server
L 12/17/2024 - 12:15:01: Reason:  Timed out
L 12/17/2024 - 16:01:11: [META] (debug:3) Calling engine_amxx_i386.so:ClientConnect()
L 12/17/2024 - 16:01:11: [META] (debug:3) Calling fun_amxx_i386.so:ClientConnect()
L 12/17/2024 - 16:01:11: [META] (debug:3) Calling server.so:ClientConnect()
L 12/17/2024 - 16:01:11: \glitch31415\STEAM_0:0:743386914\ connected from address 127.0.0.1:27005
L 12/17/2024 - 16:01:11: [META] (debug:3) Calling amxmodx_mm_i386.so:ClientConnect_Post()
L 12/17/2024 - 16:01:11: "glitch31415<19><STEAM_0:0:743386914><>" STEAM USERID validated
L 12/17/2024 - 16:01:12: Dropped glitch31415 from server
L 12/17/2024 - 16:01:12: Reason:  Client sent 'drop'
L 12/17/2024 - 16:01:12: [META] (debug:3) Calling engine_amxx_i386.so:ClientConnect()
L 12/17/2024 - 16:01:12: [META] (debug:3) Calling fun_amxx_i386.so:ClientConnect()
L 12/17/2024 - 16:01:12: [META] (debug:3) Calling server.so:ClientConnect()
L 12/17/2024 - 16:01:12: \glitch31415\STEAM_0:0:743386914\ connected from address 127.0.0.1:27005
L 12/17/2024 - 16:01:12: [META] (debug:3) Calling amxmodx_mm_i386.so:ClientConnect_Post()
L 12/17/2024 - 16:01:12: "glitch31415<20><STEAM_0:0:743386914><>" STEAM USERID validated
L 12/17/2024 - 16:01:14: [META] (debug:3) Calling server.so:ClientPutInServer()
L 12/17/2024 - 16:01:14: [META] (debug:3) Calling engine:QueryClientCvarValue2()
L 12/17/2024 - 16:01:14: [META] (debug:3) Calling amxmodx_mm_i386.so:ClientPutInServer_Post()
L 12/17/2024 - 16:01:14: \glitch31415\STEAM_0:0:743386914\ entered the game as scientist(76,76)
L 12/17/2024 - 16:01:14: [META] (debug:3) Calling amxmodx_mm_i386.so:CvarValue2()
L 12/17/2024 - 16:01:14: [META] (debug:3) Calling server.so:CvarValue2()
L 12/17/2024 - 16:01:14: [META] (debug:3) Calling engine:QueryClientCvarValue2()
L 12/17/2024 - 16:01:15: [META] (debug:3) Calling amxmodx_mm_i386.so:CvarValue2()
L 12/17/2024 - 16:01:15: [META] (debug:3) Calling server.so:CvarValue2()
L 12/17/2024 - 16:01:15: [META] (debug:3) Calling engine:QueryClientCvarValue2()
L 12/17/2024 - 16:01:15: [META] (debug:3) Calling amxmodx_mm_i386.so:CvarValue2()
L 12/17/2024 - 16:01:15: [META] (debug:3) Calling server.so:CvarValue2()
L 12/17/2024 - 16:01:15: [META] (debug:3) Calling engine:QueryClientCvarValue2()
L 12/17/2024 - 16:01:15: [META] (debug:3) Calling amxmodx_mm_i386.so:CvarValue2()
L 12/17/2024 - 16:01:15: [META] (debug:3) Calling server.so:CvarValue2()
L 12/17/2024 - 16:01:15: \glitch31415\STEAM_0:0:743386914\ Client version: Adrenaline Gamer (OpenGL)
L 12/17/2024 - 16:01:25: \glitch31415\STEAM_0:0:743386914\ killed "Scientist" with "9mmAR"
L 12/17/2024 - 16:01:26: \glitch31415\STEAM_0:0:743386914\ killed "Scientist" with "9mmAR"
L 12/17/2024 - 16:01:26: \glitch31415\STEAM_0:0:743386914\ killed "Scientist" with "9mmAR"
L 12/17/2024 - 16:01:29: \glitch31415\STEAM_0:0:743386914\ killed "Scientist" with "9mmAR"
L 12/17/2024 - 16:01:52: \glitch31415\STEAM_0:0:743386914\ killed "Scientist" with "9mmAR"
L 12/17/2024 - 16:01:53: \glitch31415\STEAM_0:0:743386914\ killed "Scientist" with "9mmAR"
L 12/17/2024 - 16:02:01: \glitch31415\STEAM_0:0:743386914\ killed "Barney" with "9mmAR"
L 12/17/2024 - 16:05:14: Rcon: "rcon 843718559 "5pgW37D7ad" changelevel d1_trainstation_02" from "127.0.0.1:27005"
L 12/17/2024 - 16:05:14: [META] (debug:3) Calling amxmodx_mm_i386.so:ClientDisconnect()
L 12/17/2024 - 16:05:14: [META] (debug:3) Calling engine_amxx_i386.so:ClientDisconnect()
L 12/17/2024 - 16:05:14: [META] (debug:3) Calling server.so:ClientDisconnect()
L 12/17/2024 - 16:05:14: \bot2\BOT\ disconnected
L 12/17/2024 - 16:05:14: Dropped bot2 from server
L 12/17/2024 - 16:05:14: Reason:  Dropping fakeclient on level change
L 12/17/2024 - 16:05:14: [META] (debug:3) Calling amxmodx_mm_i386.so:ClientDisconnect()
L 12/17/2024 - 16:05:14: [META] (debug:3) Calling engine_amxx_i386.so:ClientDisconnect()
L 12/17/2024 - 16:05:14: [META] (debug:3) Calling server.so:ClientDisconnect()
L 12/17/2024 - 16:05:14: \bot1\BOT\ disconnected
L 12/17/2024 - 16:05:14: Dropped bot1 from server
L 12/17/2024 - 16:05:14: Reason:  Dropping fakeclient on level change
L 12/17/2024 - 16:05:14: [META] (debug:3) Calling amxmodx_mm_i386.so:ClientDisconnect()
L 12/17/2024 - 16:05:14: [META] (debug:3) Calling engine_amxx_i386.so:ClientDisconnect()
L 12/17/2024 - 16:05:14: [META] (debug:3) Calling server.so:ClientDisconnect()
L 12/17/2024 - 16:05:14: \bot3\BOT\ disconnected
L 12/17/2024 - 16:05:14: Dropped bot3 from server
L 12/17/2024 - 16:05:14: Reason:  Dropping fakeclient on level change
L 12/17/2024 - 16:05:14: [META] (debug:3) Calling amxmodx_mm_i386.so:ServerDeactivate()
L 12/17/2024 - 16:05:14: [META] (debug:3) Calling engine_amxx_i386.so:ServerDeactivate()
L 12/17/2024 - 16:05:14: [META] (debug:3) Calling server.so:ServerDeactivate()
L 12/17/2024 - 16:05:14: \glitch31415\STEAM_0:0:743386914\ 34 points, 0 deaths
L 12/17/2024 - 16:05:14: [META] (debug:3) Calling amxmodx_mm_i386.so:ServerDeactivate_Post()
L 12/17/2024 - 16:05:14: [META] (debug:3) Calling fakemeta_amxx_i386.so:ServerDeactivate_Post()
L 12/17/2024 - 16:05:14: [META] ini: Begin re-reading plugins list: /home/glitch/.steam/debian-installation/steamapps/common/hlds/valve/addons/metamod/plugins.ini
L 12/17/2024 - 16:05:14: [META] ini: Read plugin config for: AMX Mod X
L 12/17/2024 - 16:05:14: [META] ini: Finished reading plugins list: /home/glitch/.steam/debian-installation/steamapps/common/hlds/valve/addons/metamod/plugins.ini; Found 1 plugins
L 12/17/2024 - 16:05:14: [META] dll: Updating plugins...
L 12/17/2024 - 16:05:14: [META] (debug:1) Keeping plugin 'AMX Mod X'
L 12/17/2024 - 16:05:14: [META] dll: Finished updating 5 plugins; kept 1, loaded 0, unloaded 0, reloaded 0, delayed 0
L 12/17/2024 - 16:05:14: [META] (debug:3) Calling amxmodx_mm_i386.so:ClientDisconnect()
L 12/17/2024 - 16:05:14: [META] (debug:3) Calling engine_amxx_i386.so:ClientDisconnect()
L 12/17/2024 - 16:05:14: [META] (debug:3) Calling server.so:ClientDisconnect()
L 12/17/2024 - 16:05:14: \glitch31415\STEAM_0:0:743386914\ disconnected with 34 points
L 12/17/2024 - 16:05:14: Log file closed

-------------------------------------------------------------------------------

