L 12/17/2024 - 19:41:56: Log file started (file "logs/L1217018.log") (game "valve") (version "48/1.1.2.2/Stdio/3897")
L 12/17/2024 - 19:41:56: Loading map "hldm_2fort"
L 12/17/2024 - 19:41:56: Server cvar "mp_soundvariety" = "0"
L 12/17/2024 - 19:41:56: Server cvar "mp_soundvariety" = "1"
L 12/17/2024 - 19:41:56: [META] (debug:3) user message registered again: name=VoiceMask, msgid=64
L 12/17/2024 - 19:41:56: [META] (debug:3) user message registered again: name=ReqState, msgid=65
L 12/17/2024 - 19:41:56: [META] (debug:3) Calling amxmodx_mm_i386.so:ServerActivate()
L 12/17/2024 - 19:41:56: [META] (debug:3) Calling engine_amxx_i386.so:ServerActivate()
L 12/17/2024 - 19:41:56: [META] (debug:3) Calling fakemeta_amxx_i386.so:ServerActivate()
L 12/17/2024 - 19:41:56: [META] (debug:3) Calling server.so:ServerActivate()
L 12/17/2024 - 19:41:56: Server cvar "mp_nextmap" = "dead-dust2"
L 12/17/2024 - 19:41:56: [META] (debug:3) Calling amxmodx_mm_i386.so:ServerActivate_Post()
L 12/17/2024 - 19:41:56: Enemy stats: 0k health, 0 npcs
L 12/17/2024 - 19:41:56: Started map "hldm_2fort" (CRC "579208788")
L 12/17/2024 - 19:41:59: \bot3\BOT\ connected from address 127.0.0.1
L 12/17/2024 - 19:41:59: \bot3\BOT\ entered the game as ld_gordon(172,14)
L 12/17/2024 - 19:41:59: \bot2\BOT\ connected from address 127.0.0.1
L 12/17/2024 - 19:41:59: \bot2\BOT\ entered the game as ld_gordon(230,200)
L 12/17/2024 - 19:41:59: \bot1\BOT\ connected from address 127.0.0.1
L 12/17/2024 - 19:41:59: \bot1\BOT\ entered the game as ld_gordon(183,156)
L 12/18/2024 - 09:40:30: [META] (debug:3) Calling engine_amxx_i386.so:ClientConnect()
L 12/18/2024 - 09:40:30: [META] (debug:3) Calling fun_amxx_i386.so:ClientConnect()
L 12/18/2024 - 09:40:30: [META] (debug:3) Calling server.so:ClientConnect()
L 12/18/2024 - 09:40:30: \143.42.54.115:27012\STEAM_0:0:15832208\ connected from address 89.157.254.220:27005
L 12/18/2024 - 09:40:30: [META] (debug:3) Calling amxmodx_mm_i386.so:ClientConnect_Post()
L 12/18/2024 - 09:40:30: "143.42.54.115:27012<4><STEAM_0:0:15832208><>" STEAM USERID validated
L 12/18/2024 - 09:40:34: Dropped 143.42.54.115:27012 from server
L 12/18/2024 - 09:40:34: Reason:  Client sent 'drop'
L 12/18/2024 - 09:40:36: "143.42.54.115:27012<5><STEAM_0:0:15832208><>" STEAM USERID validated
L 12/18/2024 - 09:40:36: [META] (debug:3) Calling engine_amxx_i386.so:ClientConnect()
L 12/18/2024 - 09:40:36: [META] (debug:3) Calling fun_amxx_i386.so:ClientConnect()
L 12/18/2024 - 09:40:36: [META] (debug:3) Calling server.so:ClientConnect()
L 12/18/2024 - 09:40:36: \143.42.54.115:27012\STEAM_0:0:15832208\ connected from address 89.157.254.220:27005
L 12/18/2024 - 09:40:36: [META] (debug:3) Calling amxmodx_mm_i386.so:ClientConnect_Post()
L 12/18/2024 - 09:40:41: [META] (debug:3) Calling server.so:ClientPutInServer()
L 12/18/2024 - 09:40:41: [META] (debug:3) Calling engine:QueryClientCvarValue2()
L 12/18/2024 - 09:40:41: [META] (debug:3) Calling amxmodx_mm_i386.so:ClientPutInServer_Post()
L 12/18/2024 - 09:40:41: \143.42.54.115:27012\STEAM_0:0:15832208\ entered the game as zombie(0,0)
L 12/18/2024 - 09:40:42: [META] (debug:3) Calling amxmodx_mm_i386.so:CvarValue2()
L 12/18/2024 - 09:40:42: [META] (debug:3) Calling server.so:CvarValue2()
L 12/18/2024 - 09:40:42: [META] (debug:3) Calling engine:QueryClientCvarValue2()
L 12/18/2024 - 09:40:43: [META] (debug:3) Calling amxmodx_mm_i386.so:CvarValue2()
L 12/18/2024 - 09:40:43: [META] (debug:3) Calling server.so:CvarValue2()
L 12/18/2024 - 09:40:43: [META] (debug:3) Calling engine:QueryClientCvarValue2()
L 12/18/2024 - 09:40:43: [META] (debug:3) Calling amxmodx_mm_i386.so:CvarValue2()
L 12/18/2024 - 09:40:43: [META] (debug:3) Calling server.so:CvarValue2()
L 12/18/2024 - 09:40:43: [META] (debug:3) Calling engine:QueryClientCvarValue2()
L 12/18/2024 - 09:40:43: [META] (debug:3) Calling amxmodx_mm_i386.so:CvarValue2()
L 12/18/2024 - 09:40:43: [META] (debug:3) Calling server.so:CvarValue2()
L 12/18/2024 - 09:40:43: \143.42.54.115:27012\STEAM_0:0:15832208\ Client version: Half-Life (OpenGL)
L 12/18/2024 - 09:41:22: \143.42.54.115:27012\STEAM_0:0:15832208\ committed suicide with "gluon gun"
L 12/18/2024 - 09:41:30: [META] (debug:3) Calling amxmodx_mm_i386.so:ClientDisconnect()
L 12/18/2024 - 09:41:30: [META] (debug:3) Calling engine_amxx_i386.so:ClientDisconnect()
L 12/18/2024 - 09:41:30: [META] (debug:3) Calling server.so:ClientDisconnect()
L 12/18/2024 - 09:41:30: \143.42.54.115:27012\STEAM_0:0:15832208\ disconnected
L 12/18/2024 - 09:41:30: Dropped 143.42.54.115:27012 from server
L 12/18/2024 - 09:41:30: Reason:  Client sent 'drop'
L 12/18/2024 - 11:37:08: [META] (debug:3) Calling engine_amxx_i386.so:ClientConnect()
L 12/18/2024 - 11:37:08: [META] (debug:3) Calling fun_amxx_i386.so:ClientConnect()
L 12/18/2024 - 11:37:08: [META] (debug:3) Calling server.so:ClientConnect()
L 12/18/2024 - 11:37:08: \lucasgdgibby\STEAM_0:0:764767925\ connected from address 24.51.23.157:27005
L 12/18/2024 - 11:37:08: [META] (debug:3) Calling amxmodx_mm_i386.so:ClientConnect_Post()
L 12/18/2024 - 11:37:08: "lucasgdgibby<6><STEAM_0:0:764767925><>" STEAM USERID validated
L 12/18/2024 - 11:37:12: Dropped lucasgdgibby from server
L 12/18/2024 - 11:37:12: Reason:  Client sent 'drop'
L 12/18/2024 - 11:37:27: [META] (debug:3) Calling engine_amxx_i386.so:ClientConnect()
L 12/18/2024 - 11:37:27: [META] (debug:3) Calling fun_amxx_i386.so:ClientConnect()
L 12/18/2024 - 11:37:27: [META] (debug:3) Calling server.so:ClientConnect()
L 12/18/2024 - 11:37:27: \lucasgdgibby\STEAM_0:0:764767925\ connected from address 24.51.23.157:27005
L 12/18/2024 - 11:37:27: [META] (debug:3) Calling amxmodx_mm_i386.so:ClientConnect_Post()
L 12/18/2024 - 11:37:27: "lucasgdgibby<7><STEAM_0:0:764767925><>" STEAM USERID validated
L 12/18/2024 - 11:37:35: [META] (debug:3) Calling server.so:ClientPutInServer()
L 12/18/2024 - 11:37:35: [META] (debug:3) Calling engine:QueryClientCvarValue2()
L 12/18/2024 - 11:37:35: [META] (debug:3) Calling amxmodx_mm_i386.so:ClientPutInServer_Post()
L 12/18/2024 - 11:37:35: \lucasgdgibby\STEAM_0:0:764767925\ entered the game as gordon(30,6)
L 12/18/2024 - 11:37:35: [META] (debug:3) Calling amxmodx_mm_i386.so:CvarValue2()
L 12/18/2024 - 11:37:35: [META] (debug:3) Calling server.so:CvarValue2()
L 12/18/2024 - 11:37:35: [META] (debug:3) Calling engine:QueryClientCvarValue2()
L 12/18/2024 - 11:37:36: [META] (debug:3) Calling amxmodx_mm_i386.so:CvarValue2()
L 12/18/2024 - 11:37:36: [META] (debug:3) Calling server.so:CvarValue2()
L 12/18/2024 - 11:37:36: [META] (debug:3) Calling engine:QueryClientCvarValue2()
L 12/18/2024 - 11:37:36: [META] (debug:3) Calling amxmodx_mm_i386.so:CvarValue2()
L 12/18/2024 - 11:37:36: [META] (debug:3) Calling server.so:CvarValue2()
L 12/18/2024 - 11:37:36: [META] (debug:3) Calling engine:QueryClientCvarValue2()
L 12/18/2024 - 11:37:36: [META] (debug:3) Calling amxmodx_mm_i386.so:CvarValue2()
L 12/18/2024 - 11:37:36: [META] (debug:3) Calling server.so:CvarValue2()
L 12/18/2024 - 11:37:36: \lucasgdgibby\STEAM_0:0:764767925\ Client version: Half-Life (OpenGL)
L 12/18/2024 - 11:39:33: [META] (debug:3) Calling amxmodx_mm_i386.so:ClientDisconnect()
L 12/18/2024 - 11:39:33: [META] (debug:3) Calling engine_amxx_i386.so:ClientDisconnect()
L 12/18/2024 - 11:39:33: [META] (debug:3) Calling server.so:ClientDisconnect()
L 12/18/2024 - 11:39:33: \lucasgdgibby\STEAM_0:0:764767925\ disconnected
L 12/18/2024 - 11:39:33: Dropped lucasgdgibby from server
L 12/18/2024 - 11:39:33: Reason:  Client sent 'drop'
L 12/18/2024 - 14:59:33: [META] (debug:3) Calling engine_amxx_i386.so:ClientConnect()
L 12/18/2024 - 14:59:33: [META] (debug:3) Calling fun_amxx_i386.so:ClientConnect()
L 12/18/2024 - 14:59:33: [META] (debug:3) Calling server.so:ClientConnect()
L 12/18/2024 - 14:59:33: \glitch31415\STEAM_0:0:743386914\ connected from address 127.0.0.1:27005
L 12/18/2024 - 14:59:33: [META] (debug:3) Calling amxmodx_mm_i386.so:ClientConnect_Post()
L 12/18/2024 - 14:59:33: "glitch31415<11><STEAM_0:0:743386914><>" STEAM USERID validated
L 12/18/2024 - 14:59:34: Dropped glitch31415 from server
L 12/18/2024 - 14:59:34: Reason:  Client sent 'drop'
L 12/18/2024 - 14:59:35: [META] (debug:3) Calling engine_amxx_i386.so:ClientConnect()
L 12/18/2024 - 14:59:35: [META] (debug:3) Calling fun_amxx_i386.so:ClientConnect()
L 12/18/2024 - 14:59:35: [META] (debug:3) Calling server.so:ClientConnect()
L 12/18/2024 - 14:59:35: \glitch31415\STEAM_0:0:743386914\ connected from address 127.0.0.1:27005
L 12/18/2024 - 14:59:35: [META] (debug:3) Calling amxmodx_mm_i386.so:ClientConnect_Post()
L 12/18/2024 - 14:59:35: "glitch31415<12><STEAM_0:0:743386914><>" STEAM USERID validated
L 12/18/2024 - 14:59:37: [META] (debug:3) Calling server.so:ClientPutInServer()
L 12/18/2024 - 14:59:37: [META] (debug:3) Calling engine:QueryClientCvarValue2()
L 12/18/2024 - 14:59:37: [META] (debug:3) Calling amxmodx_mm_i386.so:ClientPutInServer_Post()
L 12/18/2024 - 14:59:37: \glitch31415\STEAM_0:0:743386914\ entered the game as scientist(76,76)
L 12/18/2024 - 14:59:37: [META] (debug:3) Calling amxmodx_mm_i386.so:CvarValue2()
L 12/18/2024 - 14:59:37: [META] (debug:3) Calling server.so:CvarValue2()
L 12/18/2024 - 14:59:37: [META] (debug:3) Calling engine:QueryClientCvarValue2()
L 12/18/2024 - 14:59:37: [META] (debug:3) Calling amxmodx_mm_i386.so:CvarValue2()
L 12/18/2024 - 14:59:37: [META] (debug:3) Calling server.so:CvarValue2()
L 12/18/2024 - 14:59:37: [META] (debug:3) Calling engine:QueryClientCvarValue2()
L 12/18/2024 - 14:59:37: [META] (debug:3) Calling amxmodx_mm_i386.so:CvarValue2()
L 12/18/2024 - 14:59:37: [META] (debug:3) Calling server.so:CvarValue2()
L 12/18/2024 - 14:59:37: [META] (debug:3) Calling engine:QueryClientCvarValue2()
L 12/18/2024 - 14:59:37: [META] (debug:3) Calling amxmodx_mm_i386.so:CvarValue2()
L 12/18/2024 - 14:59:37: [META] (debug:3) Calling server.so:CvarValue2()
L 12/18/2024 - 14:59:37: \glitch31415\STEAM_0:0:743386914\ Client version: Adrenaline Gamer (OpenGL)
L 12/18/2024 - 15:00:31: \glitch31415\STEAM_0:0:743386914\ committed suicide with "grenade"
L 12/18/2024 - 15:00:35: Rcon: "rcon 1431046748 "5pgW37D7ad" restart" from "127.0.0.1:27005"
L 12/18/2024 - 15:00:35: [META] (debug:3) Calling amxmodx_mm_i386.so:ClientDisconnect()
L 12/18/2024 - 15:00:35: [META] (debug:3) Calling engine_amxx_i386.so:ClientDisconnect()
L 12/18/2024 - 15:00:35: [META] (debug:3) Calling server.so:ClientDisconnect()
L 12/18/2024 - 15:00:35: \bot3\BOT\ disconnected
L 12/18/2024 - 15:00:35: Dropped bot3 from server
L 12/18/2024 - 15:00:35: Reason:  Dropping fakeclient on level change
L 12/18/2024 - 15:00:35: [META] (debug:3) Calling amxmodx_mm_i386.so:ClientDisconnect()
L 12/18/2024 - 15:00:35: [META] (debug:3) Calling engine_amxx_i386.so:ClientDisconnect()
L 12/18/2024 - 15:00:35: [META] (debug:3) Calling server.so:ClientDisconnect()
L 12/18/2024 - 15:00:35: \bot2\BOT\ disconnected
L 12/18/2024 - 15:00:35: Dropped bot2 from server
L 12/18/2024 - 15:00:35: Reason:  Dropping fakeclient on level change
L 12/18/2024 - 15:00:35: [META] (debug:3) Calling amxmodx_mm_i386.so:ClientDisconnect()
L 12/18/2024 - 15:00:35: [META] (debug:3) Calling engine_amxx_i386.so:ClientDisconnect()
L 12/18/2024 - 15:00:35: [META] (debug:3) Calling server.so:ClientDisconnect()
L 12/18/2024 - 15:00:35: \bot1\BOT\ disconnected
L 12/18/2024 - 15:00:35: Dropped bot1 from server
L 12/18/2024 - 15:00:35: Reason:  Dropping fakeclient on level change
L 12/18/2024 - 15:00:35: [META] (debug:3) Calling amxmodx_mm_i386.so:ServerDeactivate()
L 12/18/2024 - 15:00:35: [META] (debug:3) Calling engine_amxx_i386.so:ServerDeactivate()
L 12/18/2024 - 15:00:35: [META] (debug:3) Calling server.so:ServerDeactivate()
L 12/18/2024 - 15:00:35: \glitch31415\STEAM_0:0:743386914\ -6 points, 1 deaths
L 12/18/2024 - 15:00:35: [META] (debug:3) Calling amxmodx_mm_i386.so:ServerDeactivate_Post()
L 12/18/2024 - 15:00:35: [META] (debug:3) Calling fakemeta_amxx_i386.so:ServerDeactivate_Post()
L 12/18/2024 - 15:00:35: [META] ini: Begin re-reading plugins list: /home/glitch/.steam/debian-installation/steamapps/common/hlds/valve/addons/metamod/plugins.ini
L 12/18/2024 - 15:00:35: [META] ini: Read plugin config for: AMX Mod X
L 12/18/2024 - 15:00:35: [META] ini: Finished reading plugins list: /home/glitch/.steam/debian-installation/steamapps/common/hlds/valve/addons/metamod/plugins.ini; Found 1 plugins
L 12/18/2024 - 15:00:35: [META] dll: Updating plugins...
L 12/18/2024 - 15:00:35: [META] (debug:1) Keeping plugin 'AMX Mod X'
L 12/18/2024 - 15:00:35: [META] dll: Finished updating 5 plugins; kept 1, loaded 0, unloaded 0, reloaded 0, delayed 0
L 12/18/2024 - 15:00:35: [META] (debug:3) Calling amxmodx_mm_i386.so:ClientDisconnect()
L 12/18/2024 - 15:00:35: [META] (debug:3) Calling engine_amxx_i386.so:ClientDisconnect()
L 12/18/2024 - 15:00:35: [META] (debug:3) Calling server.so:ClientDisconnect()
L 12/18/2024 - 15:00:35: \glitch31415\STEAM_0:0:743386914\ disconnected
L 12/18/2024 - 15:00:35: Log file closed

-------------------------------------------------------------------------------

