L 12/17/2024 - 00:36:32: Log file started (file "logs/L1217002.log") (game "valve") (version "48/1.1.2.2/Stdio/3897")
L 12/17/2024 - 00:36:32: Loading map "d1_trainstation_02"
L 12/17/2024 - 00:36:32: Server cvar "mp_soundvariety" = "0"
L 12/17/2024 - 00:36:32: Server cvar "mp_soundvariety" = "1"
L 12/17/2024 - 00:36:32: [META] (debug:3) user message registered again: name=VoiceMask, msgid=64
L 12/17/2024 - 00:36:32: [META] (debug:3) user message registered again: name=ReqState, msgid=65
L 12/17/2024 - 00:36:32: [META] ERROR: Couldn't find game entity 'env_model' in game DLL 'valve': /home/glitch/.steam/debian-installation/steamapps/common/hlds/valve/dlls/server.so: undefined symbol: env_model
L 12/17/2024 - 00:36:32: [META] ERROR: Couldn't find game entity 'motion_manager' in game DLL 'valve': /home/glitch/.steam/debian-installation/steamapps/common/hlds/valve/dlls/server.so: undefined symbol: motion_manager
L 12/17/2024 - 00:36:32: [META] (debug:3) Calling amxmodx_mm_i386.so:ServerActivate()
L 12/17/2024 - 00:36:32: [META] (debug:3) Calling engine_amxx_i386.so:ServerActivate()
L 12/17/2024 - 00:36:32: [META] (debug:3) Calling fakemeta_amxx_i386.so:ServerActivate()
L 12/17/2024 - 00:36:32: [META] (debug:3) Calling server.so:ServerActivate()
L 12/17/2024 - 00:36:32: Server cvar "mp_nextmap" = "d1_town_01"
L 12/17/2024 - 00:36:32: [META] (debug:3) Calling amxmodx_mm_i386.so:ServerActivate_Post()
L 12/17/2024 - 00:36:32: Server cvar "amx_nextmap" = "d1_town_01"
L 12/17/2024 - 00:36:32: Enemy stats: 0k health, 0 npcs
L 12/17/2024 - 00:36:33: Started map "d1_trainstation_02" (CRC "652026196")
L 12/17/2024 - 00:36:35: \bot3\BOT\ connected from address 127.0.0.1
L 12/17/2024 - 00:36:35: \bot3\BOT\ entered the game as ld_gordon(68,198)
L 12/17/2024 - 00:36:36: \bot2\BOT\ connected from address 127.0.0.1
L 12/17/2024 - 00:36:36: \bot2\BOT\ entered the game as ld_gordon(189,0)
L 12/17/2024 - 00:36:36: \bot1\BOT\ connected from address 127.0.0.1
L 12/17/2024 - 00:36:36: \bot1\BOT\ entered the game as ld_gordon(59,219)
L 12/17/2024 - 01:07:17: [META] (debug:3) Calling engine_amxx_i386.so:ClientConnect()
L 12/17/2024 - 01:07:17: [META] (debug:3) Calling fun_amxx_i386.so:ClientConnect()
L 12/17/2024 - 01:07:17: [META] (debug:3) Calling server.so:ClientConnect()
L 12/17/2024 - 01:07:17: \glitch31415\STEAM_0:0:743386914\ connected from address 127.0.0.1:27005
L 12/17/2024 - 01:07:17: [META] (debug:3) Calling amxmodx_mm_i386.so:ClientConnect_Post()
L 12/17/2024 - 01:07:17: "glitch31415<8><STEAM_0:0:743386914><>" STEAM USERID validated
L 12/17/2024 - 01:07:19: Dropped glitch31415 from server
L 12/17/2024 - 01:07:19: Reason:  Client sent 'drop'
L 12/17/2024 - 01:07:19: [META] (debug:3) Calling engine_amxx_i386.so:ClientConnect()
L 12/17/2024 - 01:07:19: [META] (debug:3) Calling fun_amxx_i386.so:ClientConnect()
L 12/17/2024 - 01:07:19: [META] (debug:3) Calling server.so:ClientConnect()
L 12/17/2024 - 01:07:19: \glitch31415\STEAM_0:0:743386914\ connected from address 127.0.0.1:27005
L 12/17/2024 - 01:07:19: [META] (debug:3) Calling amxmodx_mm_i386.so:ClientConnect_Post()
L 12/17/2024 - 01:07:19: "glitch31415<9><STEAM_0:0:743386914><>" STEAM USERID validated
L 12/17/2024 - 01:07:21: [META] (debug:3) Calling server.so:ClientPutInServer()
L 12/17/2024 - 01:07:21: [META] (debug:3) Calling engine:QueryClientCvarValue2()
L 12/17/2024 - 01:07:21: [META] (debug:3) Calling amxmodx_mm_i386.so:ClientPutInServer_Post()
L 12/17/2024 - 01:07:21: \glitch31415\STEAM_0:0:743386914\ entered the game as scientist(76,76)
L 12/17/2024 - 01:07:21: [META] (debug:3) Calling amxmodx_mm_i386.so:CvarValue2()
L 12/17/2024 - 01:07:21: [META] (debug:3) Calling server.so:CvarValue2()
L 12/17/2024 - 01:07:21: [META] (debug:3) Calling engine:QueryClientCvarValue2()
L 12/17/2024 - 01:07:22: [META] (debug:3) Calling amxmodx_mm_i386.so:CvarValue2()
L 12/17/2024 - 01:07:22: [META] (debug:3) Calling server.so:CvarValue2()
L 12/17/2024 - 01:07:22: [META] (debug:3) Calling engine:QueryClientCvarValue2()
L 12/17/2024 - 01:07:22: [META] (debug:3) Calling amxmodx_mm_i386.so:CvarValue2()
L 12/17/2024 - 01:07:22: [META] (debug:3) Calling server.so:CvarValue2()
L 12/17/2024 - 01:07:22: [META] (debug:3) Calling engine:QueryClientCvarValue2()
L 12/17/2024 - 01:07:22: [META] (debug:3) Calling amxmodx_mm_i386.so:CvarValue2()
L 12/17/2024 - 01:07:22: [META] (debug:3) Calling server.so:CvarValue2()
L 12/17/2024 - 01:07:22: \glitch31415\STEAM_0:0:743386914\ Client version: Adrenaline Gamer (OpenGL)
L 12/17/2024 - 01:07:27: \glitch31415\STEAM_0:0:743386914\ killed "Scientist" with "9mmAR"
L 12/17/2024 - 01:07:27: \glitch31415\STEAM_0:0:743386914\ killed "Scientist" with "9mmAR"
L 12/17/2024 - 01:07:29: \glitch31415\STEAM_0:0:743386914\ killed "Scientist" with "9mmAR"
L 12/17/2024 - 01:07:38: \glitch31415\STEAM_0:0:743386914\ committed suicide with "grenade"
L 12/17/2024 - 01:07:54: Rcon: "rcon 1445745125 "5pgW37D7ad" changelevel hl_c01_a1" from "127.0.0.1:27005"
L 12/17/2024 - 01:07:54: [META] (debug:3) Calling amxmodx_mm_i386.so:ClientDisconnect()
L 12/17/2024 - 01:07:54: [META] (debug:3) Calling engine_amxx_i386.so:ClientDisconnect()
L 12/17/2024 - 01:07:54: [META] (debug:3) Calling server.so:ClientDisconnect()
L 12/17/2024 - 01:07:54: \bot3\BOT\ disconnected
L 12/17/2024 - 01:07:54: Dropped bot3 from server
L 12/17/2024 - 01:07:54: Reason:  Dropping fakeclient on level change
L 12/17/2024 - 01:07:54: [META] (debug:3) Calling amxmodx_mm_i386.so:ClientDisconnect()
L 12/17/2024 - 01:07:54: [META] (debug:3) Calling engine_amxx_i386.so:ClientDisconnect()
L 12/17/2024 - 01:07:54: [META] (debug:3) Calling server.so:ClientDisconnect()
L 12/17/2024 - 01:07:54: \bot2\BOT\ disconnected
L 12/17/2024 - 01:07:54: Dropped bot2 from server
L 12/17/2024 - 01:07:54: Reason:  Dropping fakeclient on level change
L 12/17/2024 - 01:07:54: [META] (debug:3) Calling amxmodx_mm_i386.so:ClientDisconnect()
L 12/17/2024 - 01:07:54: [META] (debug:3) Calling engine_amxx_i386.so:ClientDisconnect()
L 12/17/2024 - 01:07:54: [META] (debug:3) Calling server.so:ClientDisconnect()
L 12/17/2024 - 01:07:54: \bot1\BOT\ disconnected
L 12/17/2024 - 01:07:54: Dropped bot1 from server
L 12/17/2024 - 01:07:54: Reason:  Dropping fakeclient on level change
L 12/17/2024 - 01:07:54: [META] (debug:3) Calling amxmodx_mm_i386.so:ServerDeactivate()
L 12/17/2024 - 01:07:54: [META] (debug:3) Calling engine_amxx_i386.so:ServerDeactivate()
L 12/17/2024 - 01:07:54: [META] (debug:3) Calling server.so:ServerDeactivate()
L 12/17/2024 - 01:07:54: \glitch31415\STEAM_0:0:743386914\ 6 points, 1 deaths
L 12/17/2024 - 01:07:54: [META] (debug:3) Calling amxmodx_mm_i386.so:ServerDeactivate_Post()
L 12/17/2024 - 01:07:54: [META] (debug:3) Calling fakemeta_amxx_i386.so:ServerDeactivate_Post()
L 12/17/2024 - 01:07:54: [META] ini: Begin re-reading plugins list: /home/glitch/.steam/debian-installation/steamapps/common/hlds/valve/addons/metamod/plugins.ini
L 12/17/2024 - 01:07:54: [META] ini: Read plugin config for: AMX Mod X
L 12/17/2024 - 01:07:54: [META] ini: Finished reading plugins list: /home/glitch/.steam/debian-installation/steamapps/common/hlds/valve/addons/metamod/plugins.ini; Found 1 plugins
L 12/17/2024 - 01:07:54: [META] dll: Updating plugins...
L 12/17/2024 - 01:07:54: [META] (debug:1) Keeping plugin 'AMX Mod X'
L 12/17/2024 - 01:07:54: [META] dll: Finished updating 5 plugins; kept 1, loaded 0, unloaded 0, reloaded 0, delayed 0
L 12/17/2024 - 01:07:54: [META] (debug:3) Calling amxmodx_mm_i386.so:ClientDisconnect()
L 12/17/2024 - 01:07:54: [META] (debug:3) Calling engine_amxx_i386.so:ClientDisconnect()
L 12/17/2024 - 01:07:54: [META] (debug:3) Calling server.so:ClientDisconnect()
L 12/17/2024 - 01:07:54: \glitch31415\STEAM_0:0:743386914\ disconnected with 6 points
L 12/17/2024 - 01:07:54: Log file closed

-------------------------------------------------------------------------------

