L 12/16/2024 - 20:34:18: Log file started (file "logs/L1216034.log") (game "valve") (version "48/1.1.2.2/Stdio/3897")
L 12/16/2024 - 20:34:18: Loading map "infested"
L 12/16/2024 - 20:34:18: Server cvar "mp_soundvariety" = "0"
L 12/16/2024 - 20:34:18: Server cvar "mp_soundvariety" = "1"
L 12/16/2024 - 20:34:18: [META] (debug:3) user message registered again: name=VoiceMask, msgid=64
L 12/16/2024 - 20:34:18: [META] (debug:3) user message registered again: name=ReqState, msgid=65
L 12/16/2024 - 20:34:18: [META] (debug:3) Calling amxmodx_mm_i386.so:ServerActivate()
L 12/16/2024 - 20:34:18: [META] (debug:3) Calling engine_amxx_i386.so:ServerActivate()
L 12/16/2024 - 20:34:18: [META] (debug:3) Calling fakemeta_amxx_i386.so:ServerActivate()
L 12/16/2024 - 20:34:18: [META] (debug:3) Calling server.so:ServerActivate()
L 12/16/2024 - 20:34:18: [META] (debug:3) Calling amxmodx_mm_i386.so:ServerActivate_Post()
L 12/16/2024 - 20:34:18: Enemy stats: 41k health, 180+ npcs
L 12/16/2024 - 20:34:19: Started map "infested" (CRC "1856797836")
L 12/16/2024 - 20:34:19: [META] (debug:3) Calling engine_amxx_i386.so:ClientConnect()
L 12/16/2024 - 20:34:19: [META] (debug:3) Calling fun_amxx_i386.so:ClientConnect()
L 12/16/2024 - 20:34:19: [META] (debug:3) Calling server.so:ClientConnect()
L 12/16/2024 - 20:34:19: \glitch31415\STEAM_0:0:743386914\ connected from address 127.0.0.1:27005
L 12/16/2024 - 20:34:19: [META] (debug:3) Calling amxmodx_mm_i386.so:ClientConnect_Post()
L 12/16/2024 - 20:34:20: Dropped glitch31415 from server
L 12/16/2024 - 20:34:20: Reason:  Client sent 'drop'
L 12/16/2024 - 20:34:21: [META] (debug:3) Calling engine_amxx_i386.so:ClientConnect()
L 12/16/2024 - 20:34:21: [META] (debug:3) Calling fun_amxx_i386.so:ClientConnect()
L 12/16/2024 - 20:34:21: [META] (debug:3) Calling server.so:ClientConnect()
L 12/16/2024 - 20:34:21: \glitch31415\STEAM_0:0:743386914\ connected from address 127.0.0.1:27005
L 12/16/2024 - 20:34:21: [META] (debug:3) Calling amxmodx_mm_i386.so:ClientConnect_Post()
L 12/16/2024 - 20:34:21: "glitch31415<26><STEAM_0:0:743386914><>" STEAM USERID validated
L 12/16/2024 - 20:34:22: \bot1\BOT\ connected from address 127.0.0.1
L 12/16/2024 - 20:34:22: \bot1\BOT\ entered the game as ld_gordon(205,214)
L 12/16/2024 - 20:34:22: \bot3\BOT\ connected from address 127.0.0.1
L 12/16/2024 - 20:34:22: \bot3\BOT\ entered the game as ld_gordon(6,223)
L 12/16/2024 - 20:34:22: \bot2\BOT\ connected from address 127.0.0.1
L 12/16/2024 - 20:34:22: \bot2\BOT\ entered the game as ld_gordon(18,97)
L 12/16/2024 - 20:34:22: [META] (debug:3) Calling server.so:ClientPutInServer()
L 12/16/2024 - 20:34:22: [META] (debug:3) Calling engine:QueryClientCvarValue2()
L 12/16/2024 - 20:34:22: [META] (debug:3) Calling amxmodx_mm_i386.so:ClientPutInServer_Post()
L 12/16/2024 - 20:34:22: \glitch31415\STEAM_0:0:743386914\ entered the game as scientist(76,76)
L 12/16/2024 - 20:34:22: [META] (debug:3) Calling amxmodx_mm_i386.so:CvarValue2()
L 12/16/2024 - 20:34:22: [META] (debug:3) Calling server.so:CvarValue2()
L 12/16/2024 - 20:34:22: [META] (debug:3) Calling engine:QueryClientCvarValue2()
L 12/16/2024 - 20:34:23: [META] (debug:3) Calling amxmodx_mm_i386.so:CvarValue2()
L 12/16/2024 - 20:34:23: [META] (debug:3) Calling server.so:CvarValue2()
L 12/16/2024 - 20:34:23: [META] (debug:3) Calling engine:QueryClientCvarValue2()
L 12/16/2024 - 20:34:23: [META] (debug:3) Calling amxmodx_mm_i386.so:CvarValue2()
L 12/16/2024 - 20:34:23: [META] (debug:3) Calling server.so:CvarValue2()
L 12/16/2024 - 20:34:23: [META] (debug:3) Calling engine:QueryClientCvarValue2()
L 12/16/2024 - 20:34:23: [META] (debug:3) Calling amxmodx_mm_i386.so:CvarValue2()
L 12/16/2024 - 20:34:23: [META] (debug:3) Calling server.so:CvarValue2()
L 12/16/2024 - 20:34:23: \glitch31415\STEAM_0:0:743386914\ Client version: Adrenaline Gamer (OpenGL)
L 12/16/2024 - 20:53:23: [META] (debug:3) Calling engine_amxx_i386.so:ClientConnect()
L 12/16/2024 - 20:53:23: [META] (debug:3) Calling fun_amxx_i386.so:ClientConnect()
L 12/16/2024 - 20:53:23: [META] (debug:3) Calling server.so:ClientConnect()
L 12/16/2024 - 20:53:23: \santi\STEAM_0:0:445075992\ connected from address 72.179.99.123:27005
L 12/16/2024 - 20:53:23: [META] (debug:3) Calling amxmodx_mm_i386.so:ClientConnect_Post()
L 12/16/2024 - 20:53:23: "santi<30><STEAM_0:0:445075992><>" STEAM USERID validated
L 12/16/2024 - 20:53:26: Dropped santi from server
L 12/16/2024 - 20:53:26: Reason:  Client sent 'drop'
L 12/16/2024 - 20:53:53: [META] (debug:3) Calling engine_amxx_i386.so:ClientConnect()
L 12/16/2024 - 20:53:53: [META] (debug:3) Calling fun_amxx_i386.so:ClientConnect()
L 12/16/2024 - 20:53:53: [META] (debug:3) Calling server.so:ClientConnect()
L 12/16/2024 - 20:53:53: \santi\STEAM_0:0:445075992\ connected from address 72.179.99.123:27005
L 12/16/2024 - 20:53:53: [META] (debug:3) Calling amxmodx_mm_i386.so:ClientConnect_Post()
L 12/16/2024 - 20:53:53: "santi<31><STEAM_0:0:445075992><>" STEAM USERID validated
L 12/16/2024 - 20:53:59: [META] (debug:3) Calling server.so:ClientPutInServer()
L 12/16/2024 - 20:53:59: [META] (debug:3) Calling engine:QueryClientCvarValue2()
L 12/16/2024 - 20:53:59: [META] (debug:3) Calling amxmodx_mm_i386.so:ClientPutInServer_Post()
L 12/16/2024 - 20:53:59: \santi\STEAM_0:0:445075992\ entered the game as gordon(255,0)
L 12/16/2024 - 20:53:59: [META] (debug:3) Calling amxmodx_mm_i386.so:CvarValue2()
L 12/16/2024 - 20:53:59: [META] (debug:3) Calling server.so:CvarValue2()
L 12/16/2024 - 20:53:59: [META] (debug:3) Calling engine:QueryClientCvarValue2()
L 12/16/2024 - 20:54:01: [META] (debug:3) Calling amxmodx_mm_i386.so:CvarValue2()
L 12/16/2024 - 20:54:01: [META] (debug:3) Calling server.so:CvarValue2()
L 12/16/2024 - 20:54:01: [META] (debug:3) Calling engine:QueryClientCvarValue2()
L 12/16/2024 - 20:54:01: [META] (debug:3) Calling amxmodx_mm_i386.so:CvarValue2()
L 12/16/2024 - 20:54:01: [META] (debug:3) Calling server.so:CvarValue2()
L 12/16/2024 - 20:54:01: [META] (debug:3) Calling engine:QueryClientCvarValue2()
L 12/16/2024 - 20:54:01: [META] (debug:3) Calling amxmodx_mm_i386.so:CvarValue2()
L 12/16/2024 - 20:54:01: [META] (debug:3) Calling server.so:CvarValue2()
L 12/16/2024 - 20:54:01: \santi\STEAM_0:0:445075992\ Client version: Half-Life (OpenGL)
L 12/16/2024 - 20:55:05: \santi\STEAM_0:0:445075992\ killed by "Human Grunt"
L 12/16/2024 - 20:55:08: [META] (debug:3) Calling amxmodx_mm_i386.so:ClientDisconnect()
L 12/16/2024 - 20:55:08: [META] (debug:3) Calling engine_amxx_i386.so:ClientDisconnect()
L 12/16/2024 - 20:55:08: [META] (debug:3) Calling server.so:ClientDisconnect()
L 12/16/2024 - 20:55:08: \santi\STEAM_0:0:445075992\ disconnected
L 12/16/2024 - 20:55:08: Dropped santi from server
L 12/16/2024 - 20:55:08: Reason:  Client sent 'drop'
L 12/16/2024 - 21:03:06: Rcon: "rcon 141011494 "5pgW37D7ad" restart" from "127.0.0.1:27005"
L 12/16/2024 - 21:03:06: [META] (debug:3) Calling amxmodx_mm_i386.so:ClientDisconnect()
L 12/16/2024 - 21:03:06: [META] (debug:3) Calling engine_amxx_i386.so:ClientDisconnect()
L 12/16/2024 - 21:03:06: [META] (debug:3) Calling server.so:ClientDisconnect()
L 12/16/2024 - 21:03:06: \bot1\BOT\ disconnected
L 12/16/2024 - 21:03:06: Dropped bot1 from server
L 12/16/2024 - 21:03:06: Reason:  Dropping fakeclient on level change
L 12/16/2024 - 21:03:06: [META] (debug:3) Calling amxmodx_mm_i386.so:ClientDisconnect()
L 12/16/2024 - 21:03:06: [META] (debug:3) Calling engine_amxx_i386.so:ClientDisconnect()
L 12/16/2024 - 21:03:06: [META] (debug:3) Calling server.so:ClientDisconnect()
L 12/16/2024 - 21:03:06: \bot3\BOT\ disconnected
L 12/16/2024 - 21:03:06: Dropped bot3 from server
L 12/16/2024 - 21:03:06: Reason:  Dropping fakeclient on level change
L 12/16/2024 - 21:03:06: [META] (debug:3) Calling amxmodx_mm_i386.so:ClientDisconnect()
L 12/16/2024 - 21:03:06: [META] (debug:3) Calling engine_amxx_i386.so:ClientDisconnect()
L 12/16/2024 - 21:03:06: [META] (debug:3) Calling server.so:ClientDisconnect()
L 12/16/2024 - 21:03:06: \bot2\BOT\ disconnected
L 12/16/2024 - 21:03:06: Dropped bot2 from server
L 12/16/2024 - 21:03:06: Reason:  Dropping fakeclient on level change
L 12/16/2024 - 21:03:06: [META] (debug:3) Calling amxmodx_mm_i386.so:ServerDeactivate()
L 12/16/2024 - 21:03:06: [META] (debug:3) Calling engine_amxx_i386.so:ServerDeactivate()
L 12/16/2024 - 21:03:06: [META] (debug:3) Calling server.so:ServerDeactivate()
L 12/16/2024 - 21:03:06: \glitch31415\STEAM_0:0:743386914\ 0 points, 0 deaths
L 12/16/2024 - 21:03:06: [META] (debug:3) Calling amxmodx_mm_i386.so:ServerDeactivate_Post()
L 12/16/2024 - 21:03:06: [META] (debug:3) Calling fakemeta_amxx_i386.so:ServerDeactivate_Post()
L 12/16/2024 - 21:03:06: [META] ini: Begin re-reading plugins list: /home/glitch/.steam/debian-installation/steamapps/common/hlds/valve/addons/metamod/plugins.ini
L 12/16/2024 - 21:03:06: [META] ini: Read plugin config for: AMX Mod X
L 12/16/2024 - 21:03:06: [META] ini: Finished reading plugins list: /home/glitch/.steam/debian-installation/steamapps/common/hlds/valve/addons/metamod/plugins.ini; Found 1 plugins
L 12/16/2024 - 21:03:06: [META] dll: Updating plugins...
L 12/16/2024 - 21:03:06: [META] (debug:1) Keeping plugin 'AMX Mod X'
L 12/16/2024 - 21:03:06: [META] dll: Finished updating 5 plugins; kept 1, loaded 0, unloaded 0, reloaded 0, delayed 0
L 12/16/2024 - 21:03:06: [META] (debug:3) Calling amxmodx_mm_i386.so:ClientDisconnect()
L 12/16/2024 - 21:03:06: [META] (debug:3) Calling engine_amxx_i386.so:ClientDisconnect()
L 12/16/2024 - 21:03:06: [META] (debug:3) Calling server.so:ClientDisconnect()
L 12/16/2024 - 21:03:06: \glitch31415\STEAM_0:0:743386914\ disconnected
L 12/16/2024 - 21:03:06: Log file closed

-------------------------------------------------------------------------------

