L 12/16/2024 - 20:00:31: Log file started (file "logs/L1216029.log") (game "valve") (version "48/1.1.2.2/Stdio/3897")
L 12/16/2024 - 20:00:31: Loading map "infested"
L 12/16/2024 - 20:00:31: Server cvar "mp_soundvariety" = "0"
L 12/16/2024 - 20:00:31: Server cvar "mp_soundvariety" = "1"
L 12/16/2024 - 20:00:31: [META] (debug:3) user message registered again: name=VoiceMask, msgid=64
L 12/16/2024 - 20:00:31: [META] (debug:3) user message registered again: name=ReqState, msgid=65
L 12/16/2024 - 20:00:31: [META] (debug:3) Calling amxmodx_mm_i386.so:ServerActivate()
L 12/16/2024 - 20:00:31: [META] (debug:3) Calling engine_amxx_i386.so:ServerActivate()
L 12/16/2024 - 20:00:31: [META] (debug:3) Calling fakemeta_amxx_i386.so:ServerActivate()
L 12/16/2024 - 20:00:31: [META] (debug:3) Calling server.so:ServerActivate()
L 12/16/2024 - 20:00:31: Server cvar "mp_nextmap" = "c1a0"
L 12/16/2024 - 20:00:31: [META] (debug:3) Calling amxmodx_mm_i386.so:ServerActivate_Post()
L 12/16/2024 - 20:00:31: Server cvar "amx_nextmap" = "infested2"
L 12/16/2024 - 20:00:31: Enemy stats: 41k health, 180+ npcs
L 12/16/2024 - 20:00:32: Started map "infested" (CRC "1856797836")
L 12/16/2024 - 20:00:32: [META] (debug:3) Calling engine_amxx_i386.so:ClientConnect()
L 12/16/2024 - 20:00:32: [META] (debug:3) Calling fun_amxx_i386.so:ClientConnect()
L 12/16/2024 - 20:00:32: [META] (debug:3) Calling server.so:ClientConnect()
L 12/16/2024 - 20:00:32: \glitch31415\STEAM_0:0:743386914\ connected from address 127.0.0.1:27005
L 12/16/2024 - 20:00:32: [META] (debug:3) Calling amxmodx_mm_i386.so:ClientConnect_Post()
L 12/16/2024 - 20:00:33: Dropped glitch31415 from server
L 12/16/2024 - 20:00:33: Reason:  Client sent 'drop'
L 12/16/2024 - 20:00:34: [META] (debug:3) Calling engine_amxx_i386.so:ClientConnect()
L 12/16/2024 - 20:00:34: [META] (debug:3) Calling fun_amxx_i386.so:ClientConnect()
L 12/16/2024 - 20:00:34: [META] (debug:3) Calling server.so:ClientConnect()
L 12/16/2024 - 20:00:34: \glitch31415\STEAM_0:0:743386914\ connected from address 127.0.0.1:27005
L 12/16/2024 - 20:00:34: [META] (debug:3) Calling amxmodx_mm_i386.so:ClientConnect_Post()
L 12/16/2024 - 20:00:34: "glitch31415<6><STEAM_0:0:743386914><>" STEAM USERID validated
L 12/16/2024 - 20:00:35: \bot2\BOT\ connected from address 127.0.0.1
L 12/16/2024 - 20:00:35: \bot2\BOT\ entered the game as ld_gordon(47,94)
L 12/16/2024 - 20:00:35: \bot1\BOT\ connected from address 127.0.0.1
L 12/16/2024 - 20:00:35: \bot1\BOT\ entered the game as ld_gordon(81,169)
L 12/16/2024 - 20:00:35: \bot3\BOT\ connected from address 127.0.0.1
L 12/16/2024 - 20:00:35: \bot3\BOT\ entered the game as ld_gordon(84,52)
L 12/16/2024 - 20:00:36: [META] (debug:3) Calling server.so:ClientPutInServer()
L 12/16/2024 - 20:00:36: [META] (debug:3) Calling engine:QueryClientCvarValue2()
L 12/16/2024 - 20:00:36: [META] (debug:3) Calling amxmodx_mm_i386.so:ClientPutInServer_Post()
L 12/16/2024 - 20:00:36: \glitch31415\STEAM_0:0:743386914\ entered the game as scientist(76,76)
L 12/16/2024 - 20:00:36: [META] (debug:3) Calling amxmodx_mm_i386.so:CvarValue2()
L 12/16/2024 - 20:00:36: [META] (debug:3) Calling server.so:CvarValue2()
L 12/16/2024 - 20:00:36: [META] (debug:3) Calling engine:QueryClientCvarValue2()
L 12/16/2024 - 20:00:37: [META] (debug:3) Calling amxmodx_mm_i386.so:CvarValue2()
L 12/16/2024 - 20:00:37: [META] (debug:3) Calling server.so:CvarValue2()
L 12/16/2024 - 20:00:37: [META] (debug:3) Calling engine:QueryClientCvarValue2()
L 12/16/2024 - 20:00:37: [META] (debug:3) Calling amxmodx_mm_i386.so:CvarValue2()
L 12/16/2024 - 20:00:37: [META] (debug:3) Calling server.so:CvarValue2()
L 12/16/2024 - 20:00:37: [META] (debug:3) Calling engine:QueryClientCvarValue2()
L 12/16/2024 - 20:00:37: [META] (debug:3) Calling amxmodx_mm_i386.so:CvarValue2()
L 12/16/2024 - 20:00:37: [META] (debug:3) Calling server.so:CvarValue2()
L 12/16/2024 - 20:00:37: \glitch31415\STEAM_0:0:743386914\ Client version: Adrenaline Gamer (OpenGL)
L 12/16/2024 - 20:02:38: \glitch31415\STEAM_0:0:743386914\ killed "Sentry Gun" with "9mmAR"
L 12/16/2024 - 20:02:52: \glitch31415\STEAM_0:0:743386914\ killed "Security Guard #1" with "rpg_rocket"
L 12/16/2024 - 20:02:52: \glitch31415\STEAM_0:0:743386914\ killed "Security Guard #2" with "rpg_rocket"
L 12/16/2024 - 20:02:58: \glitch31415\STEAM_0:0:743386914\ killed "Sentry Turret" with "9mmAR"
L 12/16/2024 - 20:03:01: \glitch31415\STEAM_0:0:743386914\ killed by "Human Grunt"
L 12/16/2024 - 20:03:09: Rcon: "rcon 141011494 "5pgW37D7ad" restart" from "127.0.0.1:27005"
L 12/16/2024 - 20:03:09: [META] (debug:3) Calling amxmodx_mm_i386.so:ClientDisconnect()
L 12/16/2024 - 20:03:09: [META] (debug:3) Calling engine_amxx_i386.so:ClientDisconnect()
L 12/16/2024 - 20:03:09: [META] (debug:3) Calling server.so:ClientDisconnect()
L 12/16/2024 - 20:03:09: \bot2\BOT\ disconnected
L 12/16/2024 - 20:03:09: Dropped bot2 from server
L 12/16/2024 - 20:03:09: Reason:  Dropping fakeclient on level change
L 12/16/2024 - 20:03:09: [META] (debug:3) Calling amxmodx_mm_i386.so:ClientDisconnect()
L 12/16/2024 - 20:03:09: [META] (debug:3) Calling engine_amxx_i386.so:ClientDisconnect()
L 12/16/2024 - 20:03:09: [META] (debug:3) Calling server.so:ClientDisconnect()
L 12/16/2024 - 20:03:09: \bot1\BOT\ disconnected
L 12/16/2024 - 20:03:09: Dropped bot1 from server
L 12/16/2024 - 20:03:09: Reason:  Dropping fakeclient on level change
L 12/16/2024 - 20:03:09: [META] (debug:3) Calling amxmodx_mm_i386.so:ClientDisconnect()
L 12/16/2024 - 20:03:09: [META] (debug:3) Calling engine_amxx_i386.so:ClientDisconnect()
L 12/16/2024 - 20:03:09: [META] (debug:3) Calling server.so:ClientDisconnect()
L 12/16/2024 - 20:03:09: \bot3\BOT\ disconnected
L 12/16/2024 - 20:03:09: Dropped bot3 from server
L 12/16/2024 - 20:03:09: Reason:  Dropping fakeclient on level change
L 12/16/2024 - 20:03:09: [META] (debug:3) Calling amxmodx_mm_i386.so:ServerDeactivate()
L 12/16/2024 - 20:03:09: [META] (debug:3) Calling engine_amxx_i386.so:ServerDeactivate()
L 12/16/2024 - 20:03:09: [META] (debug:3) Calling server.so:ServerDeactivate()
L 12/16/2024 - 20:03:09: \glitch31415\STEAM_0:0:743386914\ 44 points, 1 deaths
L 12/16/2024 - 20:03:09: [META] (debug:3) Calling amxmodx_mm_i386.so:ServerDeactivate_Post()
L 12/16/2024 - 20:03:09: [META] (debug:3) Calling fakemeta_amxx_i386.so:ServerDeactivate_Post()
L 12/16/2024 - 20:03:09: [META] ini: Begin re-reading plugins list: /home/glitch/.steam/debian-installation/steamapps/common/hlds/valve/addons/metamod/plugins.ini
L 12/16/2024 - 20:03:09: [META] ini: Read plugin config for: AMX Mod X
L 12/16/2024 - 20:03:09: [META] ini: Finished reading plugins list: /home/glitch/.steam/debian-installation/steamapps/common/hlds/valve/addons/metamod/plugins.ini; Found 1 plugins
L 12/16/2024 - 20:03:09: [META] dll: Updating plugins...
L 12/16/2024 - 20:03:09: [META] (debug:1) Keeping plugin 'AMX Mod X'
L 12/16/2024 - 20:03:09: [META] dll: Finished updating 5 plugins; kept 1, loaded 0, unloaded 0, reloaded 0, delayed 0
L 12/16/2024 - 20:03:09: [META] (debug:3) Calling amxmodx_mm_i386.so:ClientDisconnect()
L 12/16/2024 - 20:03:09: [META] (debug:3) Calling engine_amxx_i386.so:ClientDisconnect()
L 12/16/2024 - 20:03:09: [META] (debug:3) Calling server.so:ClientDisconnect()
L 12/16/2024 - 20:03:09: \glitch31415\STEAM_0:0:743386914\ disconnected with 44 points
L 12/16/2024 - 20:03:09: Log file closed

-------------------------------------------------------------------------------

