L 12/17/2024 - 18:39:38: Log file started (file "logs/L1217015.log") (game "valve") (version "48/1.1.2.2/Stdio/3897")
L 12/17/2024 - 18:39:38: Loading map "hldm_2fort"
L 12/17/2024 - 18:39:38: Server cvar "mp_soundvariety" = "0"
L 12/17/2024 - 18:39:38: Server cvar "mp_soundvariety" = "1"
L 12/17/2024 - 18:39:38: [META] (debug:3) user message registered again: name=VoiceMask, msgid=64
L 12/17/2024 - 18:39:38: [META] (debug:3) user message registered again: name=ReqState, msgid=65
L 12/17/2024 - 18:39:38: [META] (debug:3) Calling amxmodx_mm_i386.so:ServerActivate()
L 12/17/2024 - 18:39:38: [META] (debug:3) Calling engine_amxx_i386.so:ServerActivate()
L 12/17/2024 - 18:39:38: [META] (debug:3) Calling fakemeta_amxx_i386.so:ServerActivate()
L 12/17/2024 - 18:39:38: [META] (debug:3) Calling server.so:ServerActivate()
L 12/17/2024 - 18:39:39: [META] (debug:3) Calling amxmodx_mm_i386.so:ServerActivate_Post()
L 12/17/2024 - 18:39:39: Enemy stats: 0k health, 0 npcs
L 12/17/2024 - 18:39:39: Started map "hldm_2fort" (CRC "579208788")
L 12/17/2024 - 18:39:39: [META] (debug:3) Calling engine_amxx_i386.so:ClientConnect()
L 12/17/2024 - 18:39:39: [META] (debug:3) Calling fun_amxx_i386.so:ClientConnect()
L 12/17/2024 - 18:39:39: [META] (debug:3) Calling server.so:ClientConnect()
L 12/17/2024 - 18:39:39: \glitch31415\STEAM_0:0:743386914\ connected from address 127.0.0.1:27005
L 12/17/2024 - 18:39:39: [META] (debug:3) Calling amxmodx_mm_i386.so:ClientConnect_Post()
L 12/17/2024 - 18:39:39: Dropped glitch31415 from server
L 12/17/2024 - 18:39:39: Reason:  Client sent 'drop'
L 12/17/2024 - 18:39:42: \bot2\BOT\ connected from address 127.0.0.1
L 12/17/2024 - 18:39:42: \bot2\BOT\ entered the game as ld_gordon(168,56)
L 12/17/2024 - 18:39:42: \bot1\BOT\ connected from address 127.0.0.1
L 12/17/2024 - 18:39:42: \bot1\BOT\ entered the game as ld_gordon(239,211)
L 12/17/2024 - 18:39:42: \bot3\BOT\ connected from address 127.0.0.1
L 12/17/2024 - 18:39:42: \bot3\BOT\ entered the game as ld_gordon(113,161)
L 12/17/2024 - 19:16:51: [META] (debug:3) Calling engine_amxx_i386.so:ClientConnect()
L 12/17/2024 - 19:16:51: [META] (debug:3) Calling fun_amxx_i386.so:ClientConnect()
L 12/17/2024 - 19:16:51: [META] (debug:3) Calling server.so:ClientConnect()
L 12/17/2024 - 19:16:51: \glitch31415\STEAM_0:0:743386914\ connected from address 209.172.10.5:27005
L 12/17/2024 - 19:16:51: [META] (debug:3) Calling amxmodx_mm_i386.so:ClientConnect_Post()
L 12/17/2024 - 19:16:51: "glitch31415<25><STEAM_0:0:743386914><>" STEAM USERID validated
L 12/17/2024 - 19:16:52: Dropped glitch31415 from server
L 12/17/2024 - 19:16:52: Reason:  Client sent 'drop'
L 12/17/2024 - 19:16:53: [META] (debug:3) Calling engine_amxx_i386.so:ClientConnect()
L 12/17/2024 - 19:16:53: [META] (debug:3) Calling fun_amxx_i386.so:ClientConnect()
L 12/17/2024 - 19:16:53: [META] (debug:3) Calling server.so:ClientConnect()
L 12/17/2024 - 19:16:53: \glitch31415\STEAM_0:0:743386914\ connected from address 209.172.10.5:27005
L 12/17/2024 - 19:16:53: [META] (debug:3) Calling amxmodx_mm_i386.so:ClientConnect_Post()
L 12/17/2024 - 19:16:53: "glitch31415<26><STEAM_0:0:743386914><>" STEAM USERID validated
L 12/17/2024 - 19:16:55: [META] (debug:3) Calling server.so:ClientPutInServer()
L 12/17/2024 - 19:16:55: [META] (debug:3) Calling engine:QueryClientCvarValue2()
L 12/17/2024 - 19:16:55: [META] (debug:3) Calling amxmodx_mm_i386.so:ClientPutInServer_Post()
L 12/17/2024 - 19:16:55: \glitch31415\STEAM_0:0:743386914\ entered the game as scientist(76,76)
L 12/17/2024 - 19:16:55: [META] (debug:3) Calling amxmodx_mm_i386.so:CvarValue2()
L 12/17/2024 - 19:16:55: [META] (debug:3) Calling server.so:CvarValue2()
L 12/17/2024 - 19:16:55: [META] (debug:3) Calling engine:QueryClientCvarValue2()
L 12/17/2024 - 19:16:56: [META] (debug:3) Calling amxmodx_mm_i386.so:CvarValue2()
L 12/17/2024 - 19:16:56: [META] (debug:3) Calling server.so:CvarValue2()
L 12/17/2024 - 19:16:56: [META] (debug:3) Calling engine:QueryClientCvarValue2()
L 12/17/2024 - 19:16:56: [META] (debug:3) Calling amxmodx_mm_i386.so:CvarValue2()
L 12/17/2024 - 19:16:56: [META] (debug:3) Calling server.so:CvarValue2()
L 12/17/2024 - 19:16:56: [META] (debug:3) Calling engine:QueryClientCvarValue2()
L 12/17/2024 - 19:16:56: [META] (debug:3) Calling amxmodx_mm_i386.so:CvarValue2()
L 12/17/2024 - 19:16:56: [META] (debug:3) Calling server.so:CvarValue2()
L 12/17/2024 - 19:16:56: \glitch31415\STEAM_0:0:743386914\ Client version: Adrenaline Gamer (OpenGL)
L 12/17/2024 - 19:16:59: [META] (debug:3) Calling amxmodx_mm_i386.so:ClientDisconnect()
L 12/17/2024 - 19:16:59: [META] (debug:3) Calling engine_amxx_i386.so:ClientDisconnect()
L 12/17/2024 - 19:16:59: [META] (debug:3) Calling server.so:ClientDisconnect()
L 12/17/2024 - 19:16:59: \glitch31415\STEAM_0:0:743386914\ disconnected with 12 points
L 12/17/2024 - 19:16:59: Dropped glitch31415 from server
L 12/17/2024 - 19:16:59: Reason:  Client sent 'drop'
L 12/17/2024 - 19:23:32: [META] (debug:3) Calling engine_amxx_i386.so:ClientConnect()
L 12/17/2024 - 19:23:32: [META] (debug:3) Calling fun_amxx_i386.so:ClientConnect()
L 12/17/2024 - 19:23:32: [META] (debug:3) Calling server.so:ClientConnect()
L 12/17/2024 - 19:23:32: \glitch31415\STEAM_0:0:743386914\ connected from address 127.0.0.1:27005
L 12/17/2024 - 19:23:32: [META] (debug:3) Calling amxmodx_mm_i386.so:ClientConnect_Post()
L 12/17/2024 - 19:23:32: "glitch31415<27><STEAM_0:0:743386914><>" STEAM USERID validated
L 12/17/2024 - 19:23:34: Dropped glitch31415 from server
L 12/17/2024 - 19:23:34: Reason:  Client sent 'drop'
L 12/17/2024 - 19:23:34: [META] (debug:3) Calling engine_amxx_i386.so:ClientConnect()
L 12/17/2024 - 19:23:34: [META] (debug:3) Calling fun_amxx_i386.so:ClientConnect()
L 12/17/2024 - 19:23:34: [META] (debug:3) Calling server.so:ClientConnect()
L 12/17/2024 - 19:23:34: \glitch31415\STEAM_0:0:743386914\ connected from address 127.0.0.1:27005
L 12/17/2024 - 19:23:34: [META] (debug:3) Calling amxmodx_mm_i386.so:ClientConnect_Post()
L 12/17/2024 - 19:23:34: "glitch31415<28><STEAM_0:0:743386914><>" STEAM USERID validated
L 12/17/2024 - 19:23:35: [META] (debug:3) Calling server.so:ClientPutInServer()
L 12/17/2024 - 19:23:35: [META] (debug:3) Calling engine:QueryClientCvarValue2()
L 12/17/2024 - 19:23:35: [META] (debug:3) Calling amxmodx_mm_i386.so:ClientPutInServer_Post()
L 12/17/2024 - 19:23:36: \glitch31415\STEAM_0:0:743386914\ entered the game as scientist(76,76)
L 12/17/2024 - 19:23:36: [META] (debug:3) Calling amxmodx_mm_i386.so:CvarValue2()
L 12/17/2024 - 19:23:36: [META] (debug:3) Calling server.so:CvarValue2()
L 12/17/2024 - 19:23:36: [META] (debug:3) Calling engine:QueryClientCvarValue2()
L 12/17/2024 - 19:23:36: [META] (debug:3) Calling amxmodx_mm_i386.so:CvarValue2()
L 12/17/2024 - 19:23:36: [META] (debug:3) Calling server.so:CvarValue2()
L 12/17/2024 - 19:23:36: [META] (debug:3) Calling engine:QueryClientCvarValue2()
L 12/17/2024 - 19:23:36: [META] (debug:3) Calling amxmodx_mm_i386.so:CvarValue2()
L 12/17/2024 - 19:23:36: [META] (debug:3) Calling server.so:CvarValue2()
L 12/17/2024 - 19:23:36: [META] (debug:3) Calling engine:QueryClientCvarValue2()
L 12/17/2024 - 19:23:36: [META] (debug:3) Calling amxmodx_mm_i386.so:CvarValue2()
L 12/17/2024 - 19:23:36: [META] (debug:3) Calling server.so:CvarValue2()
L 12/17/2024 - 19:23:36: \glitch31415\STEAM_0:0:743386914\ Client version: Adrenaline Gamer (OpenGL)
L 12/17/2024 - 19:23:46: Rcon: "rcon 526647871 "5pgW37D7ad" mp_respawndelay" from "127.0.0.1:27005"
L 12/17/2024 - 19:23:47: Rcon: "rcon 526647871 "5pgW37D7ad" mp_respawndelay 0" from "127.0.0.1:27005"
L 12/17/2024 - 19:23:47: Server cvar "mp_respawndelay" = "0"
L 12/17/2024 - 19:23:49: [META] (debug:3) Calling server.so:ClientKill()
L 12/17/2024 - 19:23:49: \glitch31415\STEAM_0:0:743386914\ committed suicide with "player"
L 12/17/2024 - 19:25:44: [META] (debug:3) Calling amxmodx_mm_i386.so:ClientDisconnect()
L 12/17/2024 - 19:25:44: [META] (debug:3) Calling engine_amxx_i386.so:ClientDisconnect()
L 12/17/2024 - 19:25:44: [META] (debug:3) Calling server.so:ClientDisconnect()
L 12/17/2024 - 19:25:44: \glitch31415\STEAM_0:0:743386914\ disconnected with 10 points
L 12/17/2024