L 12/16/2024 - 20:20:23: Log file started (file "logs/L1216032.log") (game "valve") (version "48/1.1.2.2/Stdio/3897")
L 12/16/2024 - 20:20:23: Loading map "infested"
L 12/16/2024 - 20:20:23: Server cvar "mp_soundvariety" = "0"
L 12/16/2024 - 20:20:23: Server cvar "mp_soundvariety" = "1"
L 12/16/2024 - 20:20:23: [META] (debug:3) user message registered again: name=VoiceMask, msgid=64
L 12/16/2024 - 20:20:23: [META] (debug:3) user message registered again: name=ReqState, msgid=65
L 12/16/2024 - 20:20:23: [META] (debug:3) Calling amxmodx_mm_i386.so:ServerActivate()
L 12/16/2024 - 20:20:23: [META] (debug:3) Calling engine_amxx_i386.so:ServerActivate()
L 12/16/2024 - 20:20:23: [META] (debug:3) Calling fakemeta_amxx_i386.so:ServerActivate()
L 12/16/2024 - 20:20:23: [META] (debug:3) Calling server.so:ServerActivate()
L 12/16/2024 - 20:20:23: [META] (debug:3) Calling amxmodx_mm_i386.so:ServerActivate_Post()
L 12/16/2024 - 20:20:23: Enemy stats: 41k health, 180+ npcs
L 12/16/2024 - 20:20:23: Started map "infested" (CRC "1856797836")
L 12/16/2024 - 20:20:24: [META] (debug:3) Calling engine_amxx_i386.so:ClientConnect()
L 12/16/2024 - 20:20:24: [META] (debug:3) Calling fun_amxx_i386.so:ClientConnect()
L 12/16/2024 - 20:20:24: [META] (debug:3) Calling server.so:ClientConnect()
L 12/16/2024 - 20:20:24: \glitch31415\STEAM_0:0:743386914\ connected from address 127.0.0.1:27005
L 12/16/2024 - 20:20:24: [META] (debug:3) Calling amxmodx_mm_i386.so:ClientConnect_Post()
L 12/16/2024 - 20:20:25: Dropped glitch31415 from server
L 12/16/2024 - 20:20:25: Reason:  Client sent 'drop'
L 12/16/2024 - 20:20:26: [META] (debug:3) Calling engine_amxx_i386.so:ClientConnect()
L 12/16/2024 - 20:20:26: [META] (debug:3) Calling fun_amxx_i386.so:ClientConnect()
L 12/16/2024 - 20:20:26: [META] (debug:3) Calling server.so:ClientConnect()
L 12/16/2024 - 20:20:26: \glitch31415\STEAM_0:0:743386914\ connected from address 127.0.0.1:27005
L 12/16/2024 - 20:20:26: [META] (debug:3) Calling amxmodx_mm_i386.so:ClientConnect_Post()
L 12/16/2024 - 20:20:26: "glitch31415<18><STEAM_0:0:743386914><>" STEAM USERID validated
L 12/16/2024 - 20:20:26: \bot2\BOT\ connected from address 127.0.0.1
L 12/16/2024 - 20:20:26: \bot2\BOT\ entered the game as ld_gordon(231,214)
L 12/16/2024 - 20:20:27: \bot3\BOT\ connected from address 127.0.0.1
L 12/16/2024 - 20:20:27: \bot3\BOT\ entered the game as ld_gordon(174,68)
L 12/16/2024 - 20:20:27: \bot1\BOT\ connected from address 127.0.0.1
L 12/16/2024 - 20:20:27: \bot1\BOT\ entered the game as ld_gordon(83,74)
L 12/16/2024 - 20:20:27: [META] (debug:3) Calling server.so:ClientPutInServer()
L 12/16/2024 - 20:20:27: [META] (debug:3) Calling engine:QueryClientCvarValue2()
L 12/16/2024 - 20:20:27: [META] (debug:3) Calling amxmodx_mm_i386.so:ClientPutInServer_Post()
L 12/16/2024 - 20:20:27: \glitch31415\STEAM_0:0:743386914\ entered the game as scientist(76,76)
L 12/16/2024 - 20:20:27: [META] (debug:3) Calling amxmodx_mm_i386.so:CvarValue2()
L 12/16/2024 - 20:20:27: [META] (debug:3) Calling server.so:CvarValue2()
L 12/16/2024 - 20:20:27: [META] (debug:3) Calling engine:QueryClientCvarValue2()
L 12/16/2024 - 20:20:28: [META] (debug:3) Calling amxmodx_mm_i386.so:CvarValue2()
L 12/16/2024 - 20:20:28: [META] (debug:3) Calling server.so:CvarValue2()
L 12/16/2024 - 20:20:28: [META] (debug:3) Calling engine:QueryClientCvarValue2()
L 12/16/2024 - 20:20:28: [META] (debug:3) Calling amxmodx_mm_i386.so:CvarValue2()
L 12/16/2024 - 20:20:28: [META] (debug:3) Calling server.so:CvarValue2()
L 12/16/2024 - 20:20:28: [META] (debug:3) Calling engine:QueryClientCvarValue2()
L 12/16/2024 - 20:20:28: [META] (debug:3) Calling amxmodx_mm_i386.so:CvarValue2()
L 12/16/2024 - 20:20:28: [META] (debug:3) Calling server.so:CvarValue2()
L 12/16/2024 - 20:20:28: \glitch31415\STEAM_0:0:743386914\ Client version: Adrenaline Gamer (OpenGL)
L 12/16/2024 - 20:22:58: \glitch31415\STEAM_0:0:743386914\ killed "Sentry Gun" with "9mmAR"
L 12/16/2024 - 20:23:13: \glitch31415\STEAM_0:0:743386914\ killed "Sentry Turret" with "9mmAR"
L 12/16/2024 - 20:23:16: \glitch31415\STEAM_0:0:743386914\ killed "Enemy Medic" with "9mmAR"
L 12/16/2024 - 20:23:40: \glitch31415\STEAM_0:0:743386914\ killed "Human Grunt" with "shotgun"
L 12/16/2024 - 20:23:44: \glitch31415\STEAM_0:0:743386914\ killed "Human Grunt" with "shotgun"
L 12/16/2024 - 20:23:53: \glitch31415\STEAM_0:0:743386914\ killed "Human Grunt" with "shotgun"
L 12/16/2024 - 20:24:32: \glitch31415\STEAM_0:0:743386914\ killed "Heavy Weapons Grunt" with "shotgun"
L 12/16/2024 - 20:24:41: \glitch31415\STEAM_0:0:743386914\ killed "Human Grunt" with "shotgun"
L 12/16/2024 - 20:24:50: \glitch31415\STEAM_0:0:743386914\ killed "Heavy Weapons Grunt" with "shotgun"
L 12/16/2024 - 20:24:55: \glitch31415\STEAM_0:0:743386914\ killed "Sentry Gun" with "shotgun"
L 12/16/2024 - 20:25:11: \glitch31415\STEAM_0:0:743386914\ killed "Security Guard #1" with "rpg_rocket"
L 12/16/2024 - 20:25:11: \glitch31415\STEAM_0:0:743386914\ killed "Security Guard #2" with "rpg_rocket"
L 12/16/2024 - 20:25:20: \glitch31415\STEAM_0:0:743386914\ killed "Human Grunt" with "rpg_rocket"
L 12/16/2024 - 20:25:20: \glitch31415\STEAM_0:0:743386914\ killed "Human Grunt" with "rpg_rocket"
L 12/16/2024 - 20:25:20: \glitch31415\STEAM_0:0:743386914\ killed "Human Grunt" with "rpg_rocket"
L 12/16/2024 - 20:25:20: \glitch31415\STEAM_0:0:743386914\ killed "RPG Grunt" with "rpg_rocket"
L 12/16/2024 - 20:25:29: \glitch31415\STEAM_0:0:743386914\ killed "Sentry Turret" with "grenade"
L 12/16/2024 - 20:25:29: \glitch31415\STEAM_0:0:743386914\ killed "Sentry Turret" with "grenade"
L 12/16/2024 - 20:25:30: \glitch31415\STEAM_0:0:743386914\ killed "Sentry Turret" with "tripmine"
L 12/16/2024 - 20:25:37: \glitch31415\STEAM_0:0:743386914\ killed "Human Grunt" with "grenade"
L 12/16/2024 - 20:25:37: \glitch31415\STEAM_0:0:743386914\ killed "Human Grunt" with "grenade"
L 12/16/2024 - 20:25:39: \glitch31415\STEAM_0:0:743386914\ killed "Human Grunt" with "shotgun"
L 12/16/2024 - 20:25:42: \glitch31415\STEAM_0:0:743386914\ killed "Human Grunt" with "shotgun"
L 12/16/2024 - 20:26:08: \glitch31415\STEAM_0:0:743386914\ killed "Voltigore" with "shotgun"
L 12/16/2024 - 20:26:12: \glitch31415\STEAM_0:0:743386914\ killed "Human Grunt" with "shotgun"
L 12/16/2024 - 20:26:13: \glitch31415\STEAM_0:0:743386914\ killed "Human Grunt" with "shotgun"
L 12/16/2024 - 20:26:37: \glitch31415\STEAM_0:0:743386914\ killed "Security Turret" with "9mmAR"
L 12/16/2024 - 20:26:47: \glitch31415\STEAM_0:0:743386914\ killed "Human Grunt" with "shotgun"
L 12/16/2024 - 20:26:48: \glitch31415\STEAM_0:0:743386914\ killed "Human Grunt" with "shotgun"
L 12/16/2024 - 20:27:07: \glitch31415\STEAM_0:0:743386914\ killed "Human Grunt" with "grenade"
L 12/16/2024 - 20:27:07: \glitch31415\STEAM_0:0:743386914\ killed "Human Grunt" with "grenade"
L 12/16/2024 - 20:27:07: \glitch31415\STEAM_0:0:743386914\ killed "Human Grunt" with "grenade"
L 12/16/2024 - 20:27:07: \glitch31415\STEAM_0:0:743386914\ killed "Human Grunt" with "grenade"
L 12/16/2024 - 20:27:15: \glitch31415\STEAM_0:0:743386914\ killed "Human Grunt" with "grenade"
L 12/16/2024 - 20:27:22: \glitch31415\STEAM_0:0:743386914\ killed "Heavy Weapons Grunt" with "shotgun"
L 12/16/2024 - 20:27:27: \glitch31415\STEAM_0:0:743386914\ killed "Security Guard" with "shotgun"
L 12/16/2024 - 20:27:34: \glitch31415\STEAM_0:0:743386914\ killed "Sentry Turret" with "shotgun"
L 12/16/2024 - 20:27:45: \glitch31415\STEAM_0:0:743386914\ killed by "Human Grunt"
L 12/16/2024 - 20:27:48: Rcon: "rcon 141011494 "5pgW37D7ad" restart" from "127.0.0.1:27005"
L 12/16/2024 - 20:27:48: [META] (debug:3) Calling amxmodx_mm_i386.so:ClientDisconnect()
L 12/16/2024 - 20:27:48: [META] (debug:3) Calling engine_amxx_i386.so:ClientDisconnect()
L 12/16/2024 - 20:27:48: [META] (debug:3) Calling server.so:ClientDisconnect()
L 12/16/2024 - 20:27:48: \bot2\BOT\ disconnected
L 12/16/2024 - 20:27:48: Dropped bot2 from server
L 12/16/2024 - 20:27:48: Reason:  Dropping fakeclient on level change
L 12/16/2024 - 20:27:48: [META] (debug:3) Calling amxmodx_mm_i386.so:ClientDisconnect()
L 12/16/2024 - 20:27:48: [META] (debug:3) Calling engine_amxx_i386.so:ClientDisconnect()
L 12/16/2024 - 20:27:48: [META] (debug:3) Calling server.so:ClientDisconnect()
L 12/16/2024 - 20:27:48: \bot3\BOT\ disconnected
L 12/16/2024 - 20:27:48: Dropped bot3 from server
L 12/16/2024 - 20:27:48: Reason:  Dropping fakeclient on level change
L 12/16/2024 - 20:27:48: [META] (debug:3) Calling amxmodx_mm_i386.so:ClientDisconnect()
L 12/16/2024 - 20:27:48: [META] (debug:3) Calling engine_amxx_i386.so:ClientDisconnect()
L 12/16/2024 - 20:27:48: [META] (debug:3) Calling server.so:ClientDisconnect()
L 12/16/2024 - 20:27:48: \bot1\BOT\ disconnected
L 12/16/2024 - 20:27:48: Dropped bot1 from server
L 12/16/2024 - 20:27:48: Reason:  Dropping fakeclient on level change
L 12/16/2024 - 20:27:48: [META] (debug:3) Calling amxmodx_mm_i386.so:ServerDeactivate()
L 12/16/2024 - 20:27:48: [META] (debug:3) Calling engine_amxx_i386.so:ServerDeactivate()
L 12/16/2024 - 20:27:48: [META] (debug:3) Calling server.so:ServerDeactivate()
L 12/16/2024 - 20:27:48: \glitch31415\STEAM_0:0:743386914\ 235 points, 1 deaths
L 12/16/2024 - 20:27:48: [META] (debug:3) Calling amxmodx_mm_i386.so:ServerDeactivate_Post()
L 12/16/2024 - 20:27:48: [META] (debug:3) Calling fakemeta_amxx_i386.so:ServerDeactivate_Post()
L 12/16/2024 - 20:27:48: [META] ini: Begin re-reading plugins list: /home/glitch/.steam/debian-installation/steamapps/common/hlds/valve/addons/metamod/plugins.ini
L 12/16/2024 - 20:27:48: [META] ini: Read plugin config for: AMX Mod X
L 12/16/2024 - 20:27:48: [META] ini: Finished reading plugins list: /home/glitch/.steam/debian-installation/steamapps/common/hlds/valve/addons/metamod/plugins.ini; Found 1 plugins
L 12/16/2024 - 20:27:48: [META] dll: Updating plugins...
L 12/16/2024 - 20:27:48: [META] (debug:1) Keeping plugin 'AMX Mod X'
L 12/16/2024 - 20:27:48: [META] dll: Finished updating 5 plugins; kept 1, loaded 0, unloaded 0, reloaded 0, delayed 0
L 12/16/2024 - 20:27:48: [META] (debug:3) Calling amxmodx_mm_i386.so:ClientDisconnect()
L 12/16/2024 - 20:27:48: [META] (debug:3) Calling engine_amxx_i386.so:ClientDisconnect()
L 12/16/2024 - 20:27:48: [META] (debug:3) Calling server.so:ClientDisconnect()
L 12/16/2024 - 20:27:48: \glitch31415\STEAM_0:0:743386914\ disconnected with 235 points
L 12/16/2024 - 20:27:48: Log file closed

-------------------------------------------------------------------------------

