L 12/16/2024 - 21:03:06: Log file started (file "logs/L1216035.log") (game "valve") (version "48/1.1.2.2/Stdio/3897")
L 12/16/2024 - 21:03:06: Loading map "infested"
L 12/16/2024 - 21:03:07: Server cvar "mp_soundvariety" = "0"
L 12/16/2024 - 21:03:07: Server cvar "mp_soundvariety" = "1"
L 12/16/2024 - 21:03:07: [META] (debug:3) user message registered again: name=VoiceMask, msgid=64
L 12/16/2024 - 21:03:07: [META] (debug:3) user message registered again: name=ReqState, msgid=65
L 12/16/2024 - 21:03:07: [META] (debug:3) Calling amxmodx_mm_i386.so:ServerActivate()
L 12/16/2024 - 21:03:07: [META] (debug:3) Calling engine_amxx_i386.so:ServerActivate()
L 12/16/2024 - 21:03:07: [META] (debug:3) Calling fakemeta_amxx_i386.so:ServerActivate()
L 12/16/2024 - 21:03:07: [META] (debug:3) Calling server.so:ServerActivate()
L 12/16/2024 - 21:03:07: [META] (debug:3) Calling amxmodx_mm_i386.so:ServerActivate_Post()
L 12/16/2024 - 21:03:07: Enemy stats: 41k health, 180+ npcs
L 12/16/2024 - 21:03:07: Started map "infested" (CRC "1856797836")
L 12/16/2024 - 21:03:07: [META] (debug:3) Calling engine_amxx_i386.so:ClientConnect()
L 12/16/2024 - 21:03:07: [META] (debug:3) Calling fun_amxx_i386.so:ClientConnect()
L 12/16/2024 - 21:03:07: [META] (debug:3) Calling server.so:ClientConnect()
L 12/16/2024 - 21:03:07: \glitch31415\STEAM_0:0:743386914\ connected from address 127.0.0.1:27005
L 12/16/2024 - 21:03:07: [META] (debug:3) Calling amxmodx_mm_i386.so:ClientConnect_Post()
L 12/16/2024 - 21:03:09: Dropped glitch31415 from server
L 12/16/2024 - 21:03:09: Reason:  Client sent 'drop'
L 12/16/2024 - 21:03:09: [META] (debug:3) Calling engine_amxx_i386.so:ClientConnect()
L 12/16/2024 - 21:03:09: [META] (debug:3) Calling fun_amxx_i386.so:ClientConnect()
L 12/16/2024 - 21:03:09: [META] (debug:3) Calling server.so:ClientConnect()
L 12/16/2024 - 21:03:09: \glitch31415\STEAM_0:0:743386914\ connected from address 127.0.0.1:27005
L 12/16/2024 - 21:03:09: [META] (debug:3) Calling amxmodx_mm_i386.so:ClientConnect_Post()
L 12/16/2024 - 21:03:09: "glitch31415<32><STEAM_0:0:743386914><>" STEAM USERID validated
L 12/16/2024 - 21:03:10: \bot2\BOT\ connected from address 127.0.0.1
L 12/16/2024 - 21:03:10: \bot2\BOT\ entered the game as ld_gordon(37,85)
L 12/16/2024 - 21:03:10: \bot3\BOT\ connected from address 127.0.0.1
L 12/16/2024 - 21:03:10: \bot3\BOT\ entered the game as ld_gordon(206,211)
L 12/16/2024 - 21:03:10: \bot1\BOT\ connected from address 127.0.0.1
L 12/16/2024 - 21:03:10: \bot1\BOT\ entered the game as ld_gordon(3,97)
L 12/16/2024 - 21:03:11: [META] (debug:3) Calling server.so:ClientPutInServer()
L 12/16/2024 - 21:03:11: [META] (debug:3) Calling engine:QueryClientCvarValue2()
L 12/16/2024 - 21:03:11: [META] (debug:3) Calling amxmodx_mm_i386.so:ClientPutInServer_Post()
L 12/16/2024 - 21:03:11: \glitch31415\STEAM_0:0:743386914\ entered the game as scientist(76,76)
L 12/16/2024 - 21:03:11: [META] (debug:3) Calling amxmodx_mm_i386.so:CvarValue2()
L 12/16/2024 - 21:03:11: [META] (debug:3) Calling server.so:CvarValue2()
L 12/16/2024 - 21:03:11: [META] (debug:3) Calling engine:QueryClientCvarValue2()
L 12/16/2024 - 21:03:12: [META] (debug:3) Calling amxmodx_mm_i386.so:CvarValue2()
L 12/16/2024 - 21:03:12: [META] (debug:3) Calling server.so:CvarValue2()
L 12/16/2024 - 21:03:12: [META] (debug:3) Calling engine:QueryClientCvarValue2()
L 12/16/2024 - 21:03:12: [META] (debug:3) Calling amxmodx_mm_i386.so:CvarValue2()
L 12/16/2024 - 21:03:12: [META] (debug:3) Calling server.so:CvarValue2()
L 12/16/2024 - 21:03:12: [META] (debug:3) Calling engine:QueryClientCvarValue2()
L 12/16/2024 - 21:03:12: [META] (debug:3) Calling amxmodx_mm_i386.so:CvarValue2()
L 12/16/2024 - 21:03:12: [META] (debug:3) Calling server.so:CvarValue2()
L 12/16/2024 - 21:03:12: \glitch31415\STEAM_0:0:743386914\ Client version: Adrenaline Gamer (OpenGL)
L 12/16/2024 - 21:05:17: \glitch31415\STEAM_0:0:743386914\ killed "Sentry Gun" with "9mmAR"
L 12/16/2024 - 21:05:30: \glitch31415\STEAM_0:0:743386914\ killed "Human Grunt" with "9mmAR"
L 12/16/2024 - 21:05:30: \glitch31415\STEAM_0:0:743386914\ killed by "Human Grunt"
L 12/16/2024 - 21:05:32: Rcon: "rcon 141011494 "5pgW37D7ad" restart" from "127.0.0.1:27005"
L 12/16/2024 - 21:05:32: [META] (debug:3) Calling amxmodx_mm_i386.so:ClientDisconnect()
L 12/16/2024 - 21:05:32: [META] (debug:3) Calling engine_amxx_i386.so:ClientDisconnect()
L 12/16/2024 - 21:05:32: [META] (debug:3) Calling server.so:ClientDisconnect()
L 12/16/2024 - 21:05:32: \bot2\BOT\ disconnected
L 12/16/2024 - 21:05:32: Dropped bot2 from server
L 12/16/2024 - 21:05:32: Reason:  Dropping fakeclient on level change
L 12/16/2024 - 21:05:32: [META] (debug:3) Calling amxmodx_mm_i386.so:ClientDisconnect()
L 12/16/2024 - 21:05:32: [META] (debug:3) Calling engine_amxx_i386.so:ClientDisconnect()
L 12/16/2024 - 21:05:32: [META] (debug:3) Calling server.so:ClientDisconnect()
L 12/16/2024 - 21:05:32: \bot3\BOT\ disconnected
L 12/16/2024 - 21:05:32: Dropped bot3 from server
L 12/16/2024 - 21:05:32: Reason:  Dropping fakeclient on level change
L 12/16/2024 - 21:05:32: [META] (debug:3) Calling amxmodx_mm_i386.so:ClientDisconnect()
L 12/16/2024 - 21:05:32: [META] (debug:3) Calling engine_amxx_i386.so:ClientDisconnect()
L 12/16/2024 - 21:05:32: [META] (debug:3) Calling server.so:ClientDisconnect()
L 12/16/2024 - 21:05:32: \bot1\BOT\ disconnected
L 12/16/2024 - 21:05:32: Dropped bot1 from server
L 12/16/2024 - 21:05:32: Reason:  Dropping fakeclient on level change
L 12/16/2024 - 21:05:32: [META] (debug:3) Calling amxmodx_mm_i386.so:ServerDeactivate()
L 12/16/2024 - 21:05:32: [META] (debug:3) Calling engine_amxx_i386.so:ServerDeactivate()
L 12/16/2024 - 21:05:32: [META] (debug:3) Calling server.so:ServerDeactivate()
L 12/16/2024 - 21:05:32: \glitch31415\STEAM_0:0:743386914\ -4 points, 1 deaths
L 12/16/2024 - 21:05:32: [META] (debug:3) Calling amxmodx_mm_i386.so:ServerDeactivate_Post()
L 12/16/2024 - 21:05:32: [META] (debug:3) Calling fakemeta_amxx_i386.so:ServerDeactivate_Post()
L 12/16/2024 - 21:05:32: [META] ini: Begin re-reading plugins list: /home/glitch/.steam/debian-installation/steamapps/common/hlds/valve/addons/metamod/plugins.ini
L 12/16/2024 - 21:05:32: [META] ini: Read plugin config for: AMX Mod X
L 12/16/2024 - 21:05:32: [META] ini: Finished reading plugins list: /home/glitch/.steam/debian-installation/steamapps/common/hlds/valve/addons/metamod/plugins.ini; Found 1 plugins
L 12/16/2024 - 21:05:32: [META] dll: Updating plugins...
L 12/16/2024 - 21:05:32: [META] (debug:1) Keeping plugin 'AMX Mod X'
L 12/16/2024 - 21:05:32: [META] dll: Finished updating 5 plugins; kept 1, loaded 0, unloaded 0, reloaded 0, delayed 0
L 12/16/2024 - 21:05:32: [META] (debug:3) Calling amxmodx_mm_i386.so:ClientDisconnect()
L 12/16/2024 - 21:05:32: [META] (debug:3) Calling engine_amxx_i386.so:ClientDisconnect()
L 12/16/2024 - 21:05:32: [META] (debug:3) Calling server.so:ClientDisconnect()
L 12/16/2024 - 21:05:32: \glitch31415\STEAM_0:0:743386914\ disconnected
L 12/16/2024 - 21:05:32: Log file closed

-------------------------------------------------------------------------------

