L 12/17/2024 - 01:11:30: Log file started (file "logs/L1217008.log") (game "valve") (version "48/1.1.2.2/Stdio/3897")
L 12/17/2024 - 01:11:30: Loading map "c1a0d"
L 12/17/2024 - 01:11:31: Server cvar "mp_chattime" = "3"
L 12/17/2024 - 01:11:31: Server cvar "mp_soundvariety" = "0"
L 12/17/2024 - 01:11:31: Server cvar "mp_soundvariety" = "1"
L 12/17/2024 - 01:11:31: [META] (debug:3) user message registered again: name=VoiceMask, msgid=64
L 12/17/2024 - 01:11:31: [META] (debug:3) user message registered again: name=ReqState, msgid=65
L 12/17/2024 - 01:11:31: [META] (debug:3) Calling amxmodx_mm_i386.so:ServerActivate()
L 12/17/2024 - 01:11:31: [META] (debug:3) Calling engine_amxx_i386.so:ServerActivate()
L 12/17/2024 - 01:11:31: [META] (debug:3) Calling fakemeta_amxx_i386.so:ServerActivate()
L 12/17/2024 - 01:11:31: [META] (debug:3) Calling server.so:ServerActivate()
L 12/17/2024 - 01:11:31: Server cvar "mp_nextmap" = "c1a0"
L 12/17/2024 - 01:11:31: [META] (debug:3) Calling amxmodx_mm_i386.so:ServerActivate_Post()
L 12/17/2024 - 01:11:31: Server cvar "amx_nextmap" = "e1m1"
L 12/17/2024 - 01:11:31: Enemy stats: 0k health, 0 npcs
L 12/17/2024 - 01:11:31: Started map "c1a0d" (CRC "1235460829")
L 12/17/2024 - 01:11:31: [META] (debug:3) Calling engine_amxx_i386.so:ClientConnect()
L 12/17/2024 - 01:11:31: [META] (debug:3) Calling fun_amxx_i386.so:ClientConnect()
L 12/17/2024 - 01:11:31: [META] (debug:3) Calling server.so:ClientConnect()
L 12/17/2024 - 01:11:31: \glitch31415\STEAM_0:0:743386914\ connected from address 127.0.0.1:27005
L 12/17/2024 - 01:11:31: [META] (debug:3) Calling amxmodx_mm_i386.so:ClientConnect_Post()
L 12/17/2024 - 01:11:32: Dropped glitch31415 from server
L 12/17/2024 - 01:11:32: Reason:  Client sent 'drop'
L 12/17/2024 - 01:11:33: [META] (debug:3) Calling engine_amxx_i386.so:ClientConnect()
L 12/17/2024 - 01:11:33: [META] (debug:3) Calling fun_amxx_i386.so:ClientConnect()
L 12/17/2024 - 01:11:33: [META] (debug:3) Calling server.so:ClientConnect()
L 12/17/2024 - 01:11:33: \glitch31415\STEAM_0:0:743386914\ connected from address 127.0.0.1:27005
L 12/17/2024 - 01:11:33: [META] (debug:3) Calling amxmodx_mm_i386.so:ClientConnect_Post()
L 12/17/2024 - 01:11:33: "glitch31415<10><STEAM_0:0:743386914><>" STEAM USERID validated
L 12/17/2024 - 01:11:34: \bot1\BOT\ connected from address 127.0.0.1
L 12/17/2024 - 01:11:34: \bot1\BOT\ entered the game as ld_gordon(114,50)
L 12/17/2024 - 01:11:34: \bot2\BOT\ connected from address 127.0.0.1
L 12/17/2024 - 01:11:34: \bot2\BOT\ entered the game as ld_gordon(165,164)
L 12/17/2024 - 01:11:34: \bot3\BOT\ connected from address 127.0.0.1
L 12/17/2024 - 01:11:34: \bot3\BOT\ entered the game as ld_gordon(119,113)
L 12/17/2024 - 01:11:34: [META] (debug:3) Calling server.so:ClientPutInServer()
L 12/17/2024 - 01:11:34: [META] (debug:3) Calling engine:QueryClientCvarValue2()
L 12/17/2024 - 01:11:34: [META] (debug:3) Calling amxmodx_mm_i386.so:ClientPutInServer_Post()
L 12/17/2024 - 01:11:34: \glitch31415\STEAM_0:0:743386914\ entered the game as scientist(76,76)
L 12/17/2024 - 01:11:34: [META] (debug:3) Calling amxmodx_mm_i386.so:CvarValue2()
L 12/17/2024 - 01:11:34: [META] (debug:3) Calling server.so:CvarValue2()
L 12/17/2024 - 01:11:34: [META] (debug:3) Calling engine:QueryClientCvarValue2()
L 12/17/2024 - 01:11:35: [META] (debug:3) Calling amxmodx_mm_i386.so:CvarValue2()
L 12/17/2024 - 01:11:35: [META] (debug:3) Calling server.so:CvarValue2()
L 12/17/2024 - 01:11:35: [META] (debug:3) Calling engine:QueryClientCvarValue2()
L 12/17/2024 - 01:11:35: [META] (debug:3) Calling amxmodx_mm_i386.so:CvarValue2()
L 12/17/2024 - 01:11:35: [META] (debug:3) Calling server.so:CvarValue2()
L 12/17/2024 - 01:11:35: [META] (debug:3) Calling engine:QueryClientCvarValue2()
L 12/17/2024 - 01:11:35: [META] (debug:3) Calling amxmodx_mm_i386.so:CvarValue2()
L 12/17/2024 - 01:11:35: [META] (debug:3) Calling server.so:CvarValue2()
L 12/17/2024 - 01:11:35: \glitch31415\STEAM_0:0:743386914\ Client version: Adrenaline Gamer (OpenGL)
L 12/17/2024 - 01:11:48: Rcon: "rcon 843718559 "5pgW37D7ad" changelevel c1a0" from "127.0.0.1:27005"
L 12/17/2024 - 01:11:48: [META] (debug:3) Calling amxmodx_mm_i386.so:ClientDisconnect()
L 12/17/2024 - 01:11:48: [META] (debug:3) Calling engine_amxx_i386.so:ClientDisconnect()
L 12/17/2024 - 01:11:48: [META] (debug:3) Calling server.so:ClientDisconnect()
L 12/17/2024 - 01:11:48: \bot1\BOT\ disconnected
L 12/17/2024 - 01:11:48: Dropped bot1 from server
L 12/17/2024 - 01:11:48: Reason:  Dropping fakeclient on level change
L 12/17/2024 - 01:11:48: [META] (debug:3) Calling amxmodx_mm_i386.so:ClientDisconnect()
L 12/17/2024 - 01:11:48: [META] (debug:3) Calling engine_amxx_i386.so:ClientDisconnect()
L 12/17/2024 - 01:11:48: [META] (debug:3) Calling server.so:ClientDisconnect()
L 12/17/2024 - 01:11:48: \bot2\BOT\ disconnected
L 12/17/2024 - 01:11:48: Dropped bot2 from server
L 12/17/2024 - 01:11:48: Reason:  Dropping fakeclient on level change
L 12/17/2024 - 01:11:48: [META] (debug:3) Calling amxmodx_mm_i386.so:ClientDisconnect()
L 12/17/2024 - 01:11:48: [META] (debug:3) Calling engine_amxx_i386.so:ClientDisconnect()
L 12/17/2024 - 01:11:48: [META] (debug:3) Calling server.so:ClientDisconnect()
L 12/17/2024 - 01:11:48: \bot3\BOT\ disconnected
L 12/17/2024 - 01:11:48: Dropped bot3 from server
L 12/17/2024 - 01:11:48: Reason:  Dropping fakeclient on level change
L 12/17/2024 - 01:11:48: [META] (debug:3) Calling amxmodx_mm_i386.so:ServerDeactivate()
L 12/17/2024 - 01:11:48: [META] (debug:3) Calling engine_amxx_i386.so:ServerDeactivate()
L 12/17/2024 - 01:11:48: [META] (debug:3) Calling server.so:ServerDeactivate()
L 12/17/2024 - 01:11:48: \glitch31415\STEAM_0:0:743386914\ 0 points, 0 deaths
L 12/17/2024 - 01:11:48: [META] (debug:3) Calling amxmodx_mm_i386.so:ServerDeactivate_Post()
L 12/17/2024 - 01:11:48: [META] (debug:3) Calling fakemeta_amxx_i386.so:ServerDeactivate_Post()
L 12/17/2024 - 01:11:48: [META] ini: Begin re-reading plugins list: /home/glitch/.steam/debian-installation/steamapps/common/hlds/valve/addons/metamod/plugins.ini
L 12/17/2024 - 01:11:48: [META] ini: Read plugin config for: AMX Mod X
L 12/17/2024 - 01:11:48: [META] ini: Finished reading plugins list: /home/glitch/.steam/debian-installation/steamapps/common/hlds/valve/addons/metamod/plugins.ini; Found 1 plugins
L 12/17/2024 - 01:11:48: [META] dll: Updating plugins...
L 12/17/2024 - 01:11:48: [META] (debug:1) Keeping plugin 'AMX Mod X'
L 12/17/2024 - 01:11:48: [META] dll: Finished updating 5 plugins; kept 1, loaded 0, unloaded 0, reloaded 0, delayed 0
L 12/17/2024 - 01:11:48: [META] (debug:3) Calling amxmodx_mm_i386.so:ClientDisconnect()
L 12/17/2024 - 01:11:48: [META] (debug:3) Calling engine_amxx_i386.so:ClientDisconnect()
L 12/17/2024 - 01:11:48: [META] (debug:3) Calling server.so:ClientDisconnect()
L 12/17/2024 - 01:11:48: \glitch31415\STEAM_0:0:743386914\ disconnected
L 12/17/2024 - 01:11:48: Log file closed

-------------------------------------------------------------------------------

