L 12/17/2024 - 01:10:12: Log file started (file "logs/L1217007.log") (game "valve") (version "48/1.1.2.2/Stdio/3897")
L 12/17/2024 - 01:10:12: Loading map "c1a0"
L 12/17/2024 - 01:10:12: Server cvar "mp_soundvariety" = "0"
L 12/17/2024 - 01:10:12: Server cvar "mp_soundvariety" = "1"
L 12/17/2024 - 01:10:12: [META] (debug:3) user message registered again: name=VoiceMask, msgid=64
L 12/17/2024 - 01:10:12: [META] (debug:3) user message registered again: name=ReqState, msgid=65
L 12/17/2024 - 01:10:12: [META] (debug:3) Calling amxmodx_mm_i386.so:ServerActivate()
L 12/17/2024 - 01:10:12: [META] (debug:3) Calling engine_amxx_i386.so:ServerActivate()
L 12/17/2024 - 01:10:12: [META] (debug:3) Calling fakemeta_amxx_i386.so:ServerActivate()
L 12/17/2024 - 01:10:12: [META] (debug:3) Calling server.so:ServerActivate()
L 12/17/2024 - 01:10:12: Server cvar "mp_nextmap" = "d1_trainstation_02"
L 12/17/2024 - 01:10:12: [META] (debug:3) Calling amxmodx_mm_i386.so:ServerActivate_Post()
L 12/17/2024 - 01:10:12: Server cvar "amx_nextmap" = "c1a1"
L 12/17/2024 - 01:10:12: Enemy stats: 0k health, 0 npcs
L 12/17/2024 - 01:10:12: Started map "c1a0" (CRC "-183618122")
L 12/17/2024 - 01:10:12: [META] (debug:3) Calling engine_amxx_i386.so:ClientConnect()
L 12/17/2024 - 01:10:12: [META] (debug:3) Calling fun_amxx_i386.so:ClientConnect()
L 12/17/2024 - 01:10:12: [META] (debug:3) Calling server.so:ClientConnect()
L 12/17/2024 - 01:10:12: \glitch31415\STEAM_0:0:743386914\ connected from address 127.0.0.1:27005
L 12/17/2024 - 01:10:12: [META] (debug:3) Calling amxmodx_mm_i386.so:ClientConnect_Post()
L 12/17/2024 - 01:10:14: Dropped glitch31415 from server
L 12/17/2024 - 01:10:14: Reason:  Client sent 'drop'
L 12/17/2024 - 01:10:14: [META] (debug:3) Calling engine_amxx_i386.so:ClientConnect()
L 12/17/2024 - 01:10:14: [META] (debug:3) Calling fun_amxx_i386.so:ClientConnect()
L 12/17/2024 - 01:10:14: [META] (debug:3) Calling server.so:ClientConnect()
L 12/17/2024 - 01:10:14: \glitch31415\STEAM_0:0:743386914\ connected from address 127.0.0.1:27005
L 12/17/2024 - 01:10:14: [META] (debug:3) Calling amxmodx_mm_i386.so:ClientConnect_Post()
L 12/17/2024 - 01:10:14: "glitch31415<6><STEAM_0:0:743386914><>" STEAM USERID validated
L 12/17/2024 - 01:10:15: \bot2\BOT\ connected from address 127.0.0.1
L 12/17/2024 - 01:10:15: \bot2\BOT\ entered the game as ld_gordon(38,102)
L 12/17/2024 - 01:10:15: \bot3\BOT\ connected from address 127.0.0.1
L 12/17/2024 - 01:10:15: \bot3\BOT\ entered the game as ld_gordon(136,30)
L 12/17/2024 - 01:10:15: \bot1\BOT\ connected from address 127.0.0.1
L 12/17/2024 - 01:10:15: \bot1\BOT\ entered the game as ld_gordon(143,145)
L 12/17/2024 - 01:10:16: [META] (debug:3) Calling server.so:ClientPutInServer()
L 12/17/2024 - 01:10:16: [META] (debug:3) Calling engine:QueryClientCvarValue2()
L 12/17/2024 - 01:10:16: [META] (debug:3) Calling amxmodx_mm_i386.so:ClientPutInServer_Post()
L 12/17/2024 - 01:10:16: \glitch31415\STEAM_0:0:743386914\ entered the game as scientist(76,76)
L 12/17/2024 - 01:10:16: [META] (debug:3) Calling amxmodx_mm_i386.so:CvarValue2()
L 12/17/2024 - 01:10:16: [META] (debug:3) Calling server.so:CvarValue2()
L 12/17/2024 - 01:10:16: [META] (debug:3) Calling engine:QueryClientCvarValue2()
L 12/17/2024 - 01:10:16: [META] (debug:3) Calling amxmodx_mm_i386.so:CvarValue2()
L 12/17/2024 - 01:10:16: [META] (debug:3) Calling server.so:CvarValue2()
L 12/17/2024 - 01:10:16: [META] (debug:3) Calling engine:QueryClientCvarValue2()
L 12/17/2024 - 01:10:16: [META] (debug:3) Calling amxmodx_mm_i386.so:CvarValue2()
L 12/17/2024 - 01:10:16: [META] (debug:3) Calling server.so:CvarValue2()
L 12/17/2024 - 01:10:16: [META] (debug:3) Calling engine:QueryClientCvarValue2()
L 12/17/2024 - 01:10:16: [META] (debug:3) Calling amxmodx_mm_i386.so:CvarValue2()
L 12/17/2024 - 01:10:16: [META] (debug:3) Calling server.so:CvarValue2()
L 12/17/2024 - 01:10:16: \glitch31415\STEAM_0:0:743386914\ Client version: Adrenaline Gamer (OpenGL)
L 12/17/2024 - 01:10:46: \glitch31415\STEAM_0:0:743386914\ killed "Scientist" with "9mmAR"
L 12/17/2024 - 01:11:01: \glitch31415\STEAM_0:0:743386914\ killed "Scientist" with "9mmhandgun"
L 12/17/2024 - 01:11:14: \glitch31415\STEAM_0:0:743386914\ killed "Scientist" with "9mmhandgun"
L 12/17/2024 - 01:11:17: \glitch31415\STEAM_0:0:743386914\ killed "Scientist" with "9mmhandgun"
L 12/17/2024 - 01:11:18: \glitch31415\STEAM_0:0:743386914\ killed "Scientist" with "9mmhandgun"
L 12/17/2024 - 01:11:21: \glitch31415\STEAM_0:0:743386914\ killed "Barney" with "9mmhandgun"
L 12/17/2024 - 01:11:27: Server cvar "mp_nextmap" = "c1a0d"
L 12/17/2024 - 01:11:27: Server cvar "mp_chattime" = "5.000000"
L 12/17/2024 - 01:11:30: Kick: "bot2<7><STEAM_0:1:1><>" was kicked by "Console"
L 12/17/2024 - 01:11:30: [META] (debug:3) Calling amxmodx_mm_i386.so:ClientDisconnect()
L 12/17/2024 - 01:11:30: [META] (debug:3) Calling engine_amxx_i386.so:ClientDisconnect()
L 12/17/2024 - 01:11:30: [META] (debug:3) Calling server.so:ClientDisconnect()
L 12/17/2024 - 01:11:30: Dropped bot2 from server
L 12/17/2024 - 01:11:30: Reason:  Kicked
L 12/17/2024 - 01:11:30: Kick: "bot3<8><STEAM_0:0:2><>" was kicked by "Console"
L 12/17/2024 - 01:11:30: [META] (debug:3) Calling amxmodx_mm_i386.so:ClientDisconnect()
L 12/17/2024 - 01:11:30: [META] (debug:3) Calling engine_amxx_i386.so:ClientDisconnect()
L 12/17/2024 - 01:11:30: [META] (debug:3) Calling server.so:ClientDisconnect()
L 12/17/2024 - 01:11:30: Dropped bot3 from server
L 12/17/2024 - 01:11:30: Reason:  Kicked
L 12/17/2024 - 01:11:30: Kick: "bot1<9><STEAM_0:1:2><>" was kicked by "Console"
L 12/17/2024 - 01:11:30: [META] (debug:3) Calling amxmodx_mm_i386.so:ClientDisconnect()
L 12/17/2024 - 01:11:30: [META] (debug:3) Calling engine_amxx_i386.so:ClientDisconnect()
L 12/17/2024 - 01:11:30: [META] (debug:3) Calling server.so:ClientDisconnect()
L 12/17/2024 - 01:11:30: Dropped bot1 from server
L 12/17/2024 - 01:11:30: Reason:  Kicked
L 12/17/2024 - 01:11:30: [META] (debug:3) Calling amxmodx_mm_i386.so:ServerDeactivate()
L 12/17/2024 - 01:11:30: Server cvar "mp_chattime" = "3.000000"
L 12/17/2024 - 01:11:30: [META] (debug:3) Calling engine_amxx_i386.so:ServerDeactivate()
L 12/17/2024 - 01:11:30: [META] (debug:3) Calling server.so:ServerDeactivate()
L 12/17/2024 - 01:11:30: \glitch31415\STEAM_0:0:743386914\ 54 points, 0 deaths
L 12/17/2024 - 01:11:30: [META] (debug:3) Calling amxmodx_mm_i386.so:ServerDeactivate_Post()
L 12/17/2024 - 01:11:30: [META] (debug:3) Calling fakemeta_amxx_i386.so:ServerDeactivate_Post()
L 12/17/2024 - 01:11:30: [META] ini: Begin re-reading plugins list: /home/glitch/.steam/debian-installation/steamapps/common/hlds/valve/addons/metamod/plugins.ini
L 12/17/2024 - 01:11:30: [META] ini: Read plugin config for: AMX Mod X
L 12/17/2024 - 01:11:30: [META] ini: Finished reading plugins list: /home/glitch/.steam/debian-installation/steamapps/common/hlds/valve/addons/metamod/plugins.ini; Found 1 plugins
L 12/17/2024 - 01:11:30: [META] dll: Updating plugins...
L 12/17/2024 - 01:11:30: [META] (debug:1) Keeping plugin 'AMX Mod X'
L 12/17/2024 - 01:11:30: [META] dll: Finished updating 5 plugins; kept 1, loaded 0, unloaded 0, reloaded 0, delayed 0
L 12/17/2024 - 01:11:30: [META] (debug:3) Calling amxmodx_mm_i386.so:ClientDisconnect()
L 12/17/2024 - 01:11:30: [META] (debug:3) Calling engine_amxx_i386.so:ClientDisconnect()
L 12/17/2024 - 01:11:30: [META] (debug:3) Calling server.so:ClientDisconnect()
L 12/17/2024 - 01:11:30: Log file closed

-------------------------------------------------------------------------------

