L 12/18/2024 - 15:00:35: Log file started (file "logs/L1218000.log") (game "valve") (version "48/1.1.2.2/Stdio/3897")
L 12/18/2024 - 15:00:35: Loading map "hldm_2fort"
L 12/18/2024 - 15:00:35: Server cvar "mp_soundvariety" = "0"
L 12/18/2024 - 15:00:35: Server cvar "mp_soundvariety" = "1"
L 12/18/2024 - 15:00:35: [META] (debug:3) user message registered again: name=VoiceMask, msgid=64
L 12/18/2024 - 15:00:35: [META] (debug:3) user message registered again: name=ReqState, msgid=65
L 12/18/2024 - 15:00:35: [META] (debug:3) Calling amxmodx_mm_i386.so:ServerActivate()
L 12/18/2024 - 15:00:35: [META] (debug:3) Calling engine_amxx_i386.so:ServerActivate()
L 12/18/2024 - 15:00:35: [META] (debug:3) Calling fakemeta_amxx_i386.so:ServerActivate()
L 12/18/2024 - 15:00:35: [META] (debug:3) Calling server.so:ServerActivate()
L 12/18/2024 - 15:00:35: [META] (debug:3) Calling amxmodx_mm_i386.so:ServerActivate_Post()
L 12/18/2024 - 15:00:36: Enemy stats: 0k health, 0 npcs
L 12/18/2024 - 15:00:36: Started map "hldm_2fort" (CRC "579208788")
L 12/18/2024 - 15:00:36: [META] (debug:3) Calling engine_amxx_i386.so:ClientConnect()
L 12/18/2024 - 15:00:36: [META] (debug:3) Calling fun_amxx_i386.so:ClientConnect()
L 12/18/2024 - 15:00:36: [META] (debug:3) Calling server.so:ClientConnect()
L 12/18/2024 - 15:00:36: \glitch31415\STEAM_0:0:743386914\ connected from address 127.0.0.1:27005
L 12/18/2024 - 15:00:36: [META] (debug:3) Calling amxmodx_mm_i386.so:ClientConnect_Post()
L 12/18/2024 - 15:00:36: Dropped glitch31415 from server
L 12/18/2024 - 15:00:36: Reason:  Client sent 'drop'
L 12/18/2024 - 15:00:39: \bot1\BOT\ connected from address 127.0.0.1
L 12/18/2024 - 15:00:39: \bot1\BOT\ entered the game as ld_gordon(7,185)
L 12/18/2024 - 15:00:39: \bot3\BOT\ connected from address 127.0.0.1
L 12/18/2024 - 15:00:39: \bot3\BOT\ entered the game as ld_gordon(133,242)
L 12/18/2024 - 15:00:39: \bot2\BOT\ connected from address 127.0.0.1
L 12/18/2024 - 15:00:39: \bot2\BOT\ entered the game as ld_gordon(101,88)
L 12/18/2024 - 16:27:50: [META] (debug:3) Calling engine_amxx_i386.so:ClientConnect()
L 12/18/2024 - 16:27:50: [META] (debug:3) Calling fun_amxx_i386.so:ClientConnect()
L 12/18/2024 - 16:27:50: [META] (debug:3) Calling server.so:ClientConnect()
L 12/18/2024 - 16:27:50: \glitch31415\STEAM_0:0:743386914\ connected from address 127.0.0.1:27005
L 12/18/2024 - 16:27:50: [META] (debug:3) Calling amxmodx_mm_i386.so:ClientConnect_Post()
L 12/18/2024 - 16:27:50: "glitch31415<16><STEAM_0:0:743386914><>" STEAM USERID validated
L 12/18/2024 - 16:27:51: Dropped glitch31415 from server
L 12/18/2024 - 16:27:51: Reason:  Client sent 'drop'
L 12/18/2024 - 16:27:52: [META] (debug:3) Calling engine_amxx_i386.so:ClientConnect()
L 12/18/2024 - 16:27:52: [META] (debug:3) Calling fun_amxx_i386.so:ClientConnect()
L 12/18/2024 - 16:27:52: [META] (debug:3) Calling server.so:ClientConnect()
L 12/18/2024 - 16:27:52: \glitch31415\STEAM_0:0:743386914\ connected from address 127.0.0.1:27005
L 12/18/2024 - 16:27:52: [META] (debug:3) Calling amxmodx_mm_i386.so:ClientConnect_Post()
L 12/18/2024 - 16:27:52: "glitch31415<17><STEAM_0:0:743386914><>" STEAM USERID validated
L 12/18/2024 - 16:27:53: [META] (debug:3) Calling server.so:ClientPutInServer()
L 12/18/2024 - 16:27:53: [META] (debug:3) Calling engine:QueryClientCvarValue2()
L 12/18/2024 - 16:27:53: [META] (debug:3) Calling amxmodx_mm_i386.so:ClientPutInServer_Post()
L 12/18/2024 - 16:27:53: \glitch31415\STEAM_0:0:743386914\ entered the game as scientist(76,76)
L 12/18/2024 - 16:27:54: [META] (debug:3) Calling amxmodx_mm_i386.so:CvarValue2()
L 12/18/2024 - 16:27:54: [META] (debug:3) Calling server.so:CvarValue2()
L 12/18/2024 - 16:27:54: [META] (debug:3) Calling engine:QueryClientCvarValue2()
L 12/18/2024 - 16:27:54: [META] (debug:3) Calling amxmodx_mm_i386.so:CvarValue2()
L 12/18/2024 - 16:27:54: [META] (debug:3) Calling server.so:CvarValue2()
L 12/18/2024 - 16:27:54: [META] (debug:3) Calling engine:QueryClientCvarValue2()
L 12/18/2024 - 16:27:54: [META] (debug:3) Calling amxmodx_mm_i386.so:CvarValue2()
L 12/18/2024 - 16:27:54: [META] (debug:3) Calling server.so:CvarValue2()
L 12/18/2024 - 16:27:54: [META] (debug:3) Calling engine:QueryClientCvarValue2()
L 12/18/2024 - 16:27:54: [META] (debug:3) Calling amxmodx_mm_i386.so:CvarValue2()
L 12/18/2024 - 16:27:54: [META] (debug:3) Calling server.so:CvarValue2()
L 12/18/2024 - 16:27:54: \glitch31415\STEAM_0:0:743386914\ Client version: Adrenaline Gamer (OpenGL)
L 12/18/2024 - 16:28:23: [META] (debug:3) Calling amxmodx_mm_i386.so:ClientDisconnect()
L 12/18/2024 - 16:28:23: [META] (debug:3) Calling engine_amxx_i386.so:ClientDisconnect()
L 12/18/2024 - 16:28:23: [META] (debug:3) Calling server.so:ClientDisconnect()
L 12/18/2024 - 16:28:23: \glitch31415\STEAM_0:0:743386914\ disconnected
L 12/18/2024 - 16:28:23: Dropped glitch31415 from server
L 12/18/2024 - 16:28:23: Reason:  Client sent 'drop'
L 12/18/2024 - 16:40:56: [META] (debug:3) Calling engine_amxx_i386.so:ClientConnect()
L 12/18/2024 - 16:40:56: [META] (debug:3) Calling fun_amxx_i386.so:ClientConnect()
L 12/18/2024 - 16:40:56: [META] (debug:3) Calling server.so:ClientConnect()
L 12/18/2024 - 16:40:56: \glitch31415\STEAM_0:0:743386914\ connected from address 127.0.0.1:27005
L 12/18/2024 - 16:40:56: [META] (debug:3) Calling amxmodx_mm_i386.so:ClientConnect_Post()
L 12/18/2024 - 16:40:56: "glitch31415<18><STEAM_0:0:743386914><>" STEAM USERID validated
L 12/18/2024 - 16:40:57: Dropped glitch31415 from server
L 12/18/2024 - 16:40:57: Reason:  Client sent 'drop'
L 12/18/2024 - 16:40:58: [META] (debug:3) Calling engine_amxx_i386.so:ClientConnect()
L 12/18/2024 - 16:40:58: [META] (debug:3) Calling fun_amxx_i386.so:ClientConnect()
L 12/18/2024 - 16:40:58: [META] (debug:3) Calling server.so:ClientConnect()
L 12/18/2024 - 16:40:58: \glitch31415\STEAM_0:0:743386914\ connected from address 127.0.0.1:27005
L 12/18/2024 - 16:40:58: [META] (debug:3) Calling amxmodx_mm_i386.so:ClientConnect_Post()
L 12/18/2024 - 16:40:58: "glitch31415<19><STEAM_0:0:743386914><>" STEAM USERID validated
L 12/18/2024 - 16:41:00: [META] (debug:3) Calling server.so:ClientPutInServer()
L 12/18/2024 - 16:41:00: [META] (debug:3) Calling engine:QueryClientCvarValue2()
L 12/18/2024 - 16:41:00: [META] (debug:3) Calling amxmodx_mm_i386.so:ClientPutInServer_Post()
L 12/18/2024 - 16:41:00: \glitch31415\STEAM_0:0:743386914\ entered the game as WireFrame(76,76)
L 12/18/2024 - 16:41:00: [META] (debug:3) Calling amxmodx_mm_i386.so:CvarValue2()
L 12/18/2024 - 16:41:00: [META] (debug:3) Calling server.so:CvarValue2()
L 12/18/2024 - 16:41:00: [META] (debug:3) Calling engine:QueryClientCvarValue2()
L 12/18/2024 - 16:41:00: [META] (debug:3) Calling amxmodx_mm_i386.so:CvarValue2()
L 12/18/2024 - 16:41:00: [META] (debug:3) Calling server.so:CvarValue2()
L 12/18/2024 - 16:41:00: [META] (debug:3) Calling engine:QueryClientCvarValue2()
L 12/18/2024 - 16:41:00: [META] (debug:3) Calling amxmodx_mm_i386.so:CvarValue2()
L 12/18/2024 - 16:41:00: [META] (debug:3) Calling server.so:CvarValue2()
L 12/18/2024 - 16:41:00: [META] (debug:3) Calling engine:QueryClientCvarValue2()
L 12/18/2024 - 16:41:00: [META] (debug:3) Calling amxmodx_mm_i386.so:CvarValue2()
L 12/18/2024 - 16:41:00: [META] (debug:3) Calling server.so:CvarValue2()
L 12/18/2024 - 16:41:00: \glitch31415\STEAM_0:0:743386914\ Client version: Adrenaline Gamer (OpenGL)
L 12/18/2024 - 16:42:26: \glitch31415\STEAM_0:0:743386914\ killed "Human Grunt" with "9mmAR"
L 12/18/2024 - 16:43:35: \glitch31415\STEAM_0:0:743386914\ killed "Human Grunt" with "357"
L 12/18/2024 - 16:43:36: \glitch31415\STEAM_0:0:743386914\ killed by "Human Grunt"
L 12/18/2024 - 16:43:47: \glitch31415\STEAM_0:0:743386914\ killed "Human Grunt" with "9mmAR"
L 12/18/2024 - 16:44:02: \glitch31415\STEAM_0:0:743386914\ killed "Human Grunt" with "9mmAR"
L 12/18/2024 - 16:44:02: \glitch31415\STEAM_0:0:743386914\ killed "Human Grunt" with "9mmAR"
L 12/18/2024 - 16:44:25: \glitch31415\STEAM_0:0:743386914\ killed "Human Grunt" with "grenade"
L 12/18/2024 - 16:44:30: \glitch31415\STEAM_0:0:743386914\ committed suicide with "grenade"
L 12/18/2024 - 16:44:52: \glitch31415\STEAM_0:0:743386914\ killed by "wo