L 12/17/2024 - 16:05:14: Log file started (file "logs/L1217010.log") (game "valve") (version "48/1.1.2.2/Stdio/3897")
L 12/17/2024 - 16:05:14: Loading map "d1_trainstation_02"
L 12/17/2024 - 16:05:14: Server cvar "mp_soundvariety" = "0"
L 12/17/2024 - 16:05:14: Server cvar "mp_soundvariety" = "1"
L 12/17/2024 - 16:05:14: [META] (debug:3) user message registered again: name=VoiceMask, msgid=64
L 12/17/2024 - 16:05:14: [META] (debug:3) user message registered again: name=ReqState, msgid=65
L 12/17/2024 - 16:05:14: [META] ERROR: Couldn't find game entity 'env_model' in game DLL 'valve': /home/glitch/.steam/debian-installation/steamapps/common/hlds/valve/dlls/server.so: undefined symbol: env_model
L 12/17/2024 - 16:05:14: [META] ERROR: Couldn't find game entity 'motion_manager' in game DLL 'valve': /home/glitch/.steam/debian-installation/steamapps/common/hlds/valve/dlls/server.so: undefined symbol: motion_manager
L 12/17/2024 - 16:05:14: [META] (debug:3) Calling amxmodx_mm_i386.so:ServerActivate()
L 12/17/2024 - 16:05:14: [META] (debug:3) Calling engine_amxx_i386.so:ServerActivate()
L 12/17/2024 - 16:05:14: [META] (debug:3) Calling fakemeta_amxx_i386.so:ServerActivate()
L 12/17/2024 - 16:05:14: [META] (debug:3) Calling server.so:ServerActivate()
L 12/17/2024 - 16:05:14: Server cvar "mp_nextmap" = "d1_town_01"
L 12/17/2024 - 16:05:14: [META] (debug:3) Calling amxmodx_mm_i386.so:ServerActivate_Post()
L 12/17/2024 - 16:05:14: Server cvar "amx_nextmap" = "sandbox"
L 12/17/2024 - 16:05:14: Enemy stats: 0k health, 0 npcs
L 12/17/2024 - 16:05:14: Started map "d1_trainstation_02" (CRC "652026196")
L 12/17/2024 - 16:05:14: [META] (debug:3) Calling engine_amxx_i386.so:ClientConnect()
L 12/17/2024 - 16:05:14: [META] (debug:3) Calling fun_amxx_i386.so:ClientConnect()
L 12/17/2024 - 16:05:14: [META] (debug:3) Calling server.so:ClientConnect()
L 12/17/2024 - 16:05:14: \glitch31415\STEAM_0:0:743386914\ connected from address 127.0.0.1:27005
L 12/17/2024 - 16:05:14: [META] (debug:3) Calling amxmodx_mm_i386.so:ClientConnect_Post()
L 12/17/2024 - 16:05:16: Dropped glitch31415 from server
L 12/17/2024 - 16:05:16: Reason:  Client sent 'drop'
L 12/17/2024 - 16:05:16: [META] (debug:3) Calling engine_amxx_i386.so:ClientConnect()
L 12/17/2024 - 16:05:16: [META] (debug:3) Calling fun_amxx_i386.so:ClientConnect()
L 12/17/2024 - 16:05:16: [META] (debug:3) Calling server.so:ClientConnect()
L 12/17/2024 - 16:05:16: \glitch31415\STEAM_0:0:743386914\ connected from address 127.0.0.1:27005
L 12/17/2024 - 16:05:16: [META] (debug:3) Calling amxmodx_mm_i386.so:ClientConnect_Post()
L 12/17/2024 - 16:05:16: "glitch31415<21><STEAM_0:0:743386914><>" STEAM USERID validated
L 12/17/2024 - 16:05:17: \bot1\BOT\ connected from address 127.0.0.1
L 12/17/2024 - 16:05:17: \bot1\BOT\ entered the game as ld_gordon(36,148)
L 12/17/2024 - 16:05:17: \bot2\BOT\ connected from address 127.0.0.1
L 12/17/2024 - 16:05:18: \bot2\BOT\ entered the game as ld_gordon(183,199)
L 12/17/2024 - 16:05:18: \bot3\BOT\ connected from address 127.0.0.1
L 12/17/2024 - 16:05:18: \bot3\BOT\ entered the game as ld_gordon(40,66)
L 12/17/2024 - 16:05:18: [META] (debug:3) Calling server.so:ClientPutInServer()
L 12/17/2024 - 16:05:18: [META] (debug:3) Calling engine:QueryClientCvarValue2()
L 12/17/2024 - 16:05:18: [META] (debug:3) Calling amxmodx_mm_i386.so:ClientPutInServer_Post()
L 12/17/2024 - 16:05:18: \glitch31415\STEAM_0:0:743386914\ entered the game as scientist(76,76)
L 12/17/2024 - 16:05:18: [META] (debug:3) Calling amxmodx_mm_i386.so:CvarValue2()
L 12/17/2024 - 16:05:18: [META] (debug:3) Calling server.so:CvarValue2()
L 12/17/2024 - 16:05:18: [META] (debug:3) Calling engine:QueryClientCvarValue2()
L 12/17/2024 - 16:05:18: [META] (debug:3) Calling amxmodx_mm_i386.so:CvarValue2()
L 12/17/2024 - 16:05:18: [META] (debug:3) Calling server.so:CvarValue2()
L 12/17/2024 - 16:05:18: [META] (debug:3) Calling engine:QueryClientCvarValue2()
L 12/17/2024 - 16:05:18: [META] (debug:3) Calling amxmodx_mm_i386.so:CvarValue2()
L 12/17/2024 - 16:05:18: [META] (debug:3) Calling server.so:CvarValue2()
L 12/17/202