L 12/24/2024 - 23:29:14: Log file started (file "logs/L1224018.log") (game "valve") (version "48/1.1.2.2/Stdio/3897")
L 12/24/2024 - 23:29:14: Loading map "d1_trainstation_02"
L 12/24/2024 - 23:29:14: Server cvar "mp_soundvariety" = "0"
L 12/24/2024 - 23:29:14: Server cvar "mp_soundvariety" = "1"
L 12/24/2024 - 23:29:14: [META] (debug:3) user message registered again: name=VoiceMask, msgid=64
L 12/24/2024 - 23:29:14: [META] (debug:3) user message registered again: name=ReqState, msgid=65
L 12/24/2024 - 23:29:14: [META] (debug:3) Calling amxmodx_mm_i386.so:ServerActivate()
L 12/24/2024 - 23:29:14: [META] (debug:3) Calling engine_amxx_i386.so:ServerActivate()
L 12/24/2024 - 23:29:14: [META] (debug:3) Calling fakemeta_amxx_i386.so:ServerActivate()
L 12/24/2024 - 23:29:14: [META] (debug:3) Calling server.so:ServerActivate()
L 12/24/2024 - 23:29:14: [META] (debug:3) Calling amxmodx_mm_i386.so:ServerActivate_Post()
L 12/24/2024 - 23:29:15: Enemy stats: 0k health, 0 npcs
L 12/24/2024 - 23:29:15: Started map "d1_trainstation_02" (CRC "652026196")
L 12/24/2024 - 23:29:15: [META] (debug:3) Calling engine_amxx_i386.so:ClientConnect()
L 12/24/2024 - 23:29:15: [META] (debug:3) Calling fun_amxx_i386.so:ClientConnect()
L 12/24/2024 - 23:29:15: [META] (debug:3) Calling server.so:ClientConnect()
L 12/24/2024 - 23:29:15: \glitch31415\STEAM_0:0:743386914\ connected from address 127.0.0.1:27005
L 12/24/2024 - 23:29:15: [META] (debug:3) Calling amxmodx_mm_i386.so:ClientConnect_Post()
L 12/24/2024 - 23:29:16: Dropped glitch31415 from server
L 12/24/2024 - 23:29:16: Reason:  Client sent 'drop'
L 12/24/2024 - 23:29:18: \bot1\BOT\ connected from address 127.0.0.1
L 12/24/2024 - 23:29:18: \bot1\BOT\ entered the game as ld_gordon(56,193)
L 12/24/2024 - 23:29:18: \bot3\BOT\ connected from address 127.0.0.1
L 12/24/2024 - 23:29:18: \bot3\BOT\ entered the game as ld_gordon(161,131)
L 12/24/2024 - 23:29:18: \bot2\BOT\ connected from address 127.0.0.1
L 12/24/2024 - 23:29:18: \bot2\BOT\ entered the game as ld_gordon(43,28)
L 12/25/2024 - 13:59:17: "Fenix<11><STEAM_0:0:166422606><>" STEAM USERID validated
L 12/25/2024 - 13:59:17: [META] (debug:3) Calling engine_amxx_i386.so:ClientConnect()
L 12/25/2024 - 13:59:17: [META] (debug:3) Calling fun_amxx_i386.so:ClientConnect()
L 12/25/2024 - 13:59:17: [META] (debug:3) Calling server.so:ClientConnect()
L 12/25/2024 - 13:59:17: \Fenix\STEAM_0:0:166422606\ connected from address 181.176.111.219:55385
L 12/25/2024 - 13:59:17: [META] (debug:3) Calling amxmodx_mm_i386.so:ClientConnect_Post()
L 12/25/2024 - 13:59:23: Dropped Fenix from server
L 12/25/2024 - 13:59:23: Reason:  Client sent 'drop'
L 12/25/2024 - 13:59:39: "Fenix<12><STEAM_0:0:166422606><>" STEAM USERID validated
L 12/25/2024 - 13:59:39: [META] (debug:3) Calling engine_amxx_i386.so:ClientConnect()
L 12/25/2024 - 13:59:39: [META] (debug:3) Calling fun_amxx_i386.so:ClientConnect()
L 12/25/2024 - 13:59:39: [META] (debug:3) Calling server.so:ClientConnect()
L 12/25/2024 - 13:59:39: \Fenix\STEAM_0:0:166422606\ connected from address 181.176.111.219:55385
L 12/25/2024 - 13:59:39: [META] (debug:3) Calling amxmodx_mm_i386.so:ClientConnect_Post()
L 12/25/2024 - 14:06:02: Dropped Fenix from server
L 12/25/2024 - 14:06:02: Reason:  Client sent 'drop'
L 12/25/2024 - 19:41:39: [META] (debug:3) Calling engine_amxx_i386.so:ClientConnect()
L 12/25/2024 - 19:41:39: [META] (debug:3) Calling fun_amxx_i386.so:ClientConnect()
L 12/25/2024 - 19:41:39: [META] (debug:3) Calling server.so:ClientConnect()
L 12/25/2024 - 19:41:39: \billygoat\STEAM_0:1:753356392\ connected from address 69.131.107.37:27005
L 12/25/2024 - 19:41:39: [META] (debug:3) Calling amxmodx_mm_i386.so:ClientConnect_Post()
L 12/25/2024 - 19:41:39: "billygoat<13><STEAM_0:1:753356392><>" STEAM USERID validated
L 12/25/2024 - 19:41:41: Dropped billygoat from server
L 12/25/2024 - 19:41:41: Reason:  Client sent 'drop'
L 12/25/2024 - 23:08:54: [META] (debug:3) Calling engine_amxx_i386.so:ClientConnect()
L 12/25/2024 - 23:08:54: [META] (debug:3) Calling fun_amxx_i386.so:ClientConnect()
L 12/25/2024 - 23:08:54: [META] (debug:3) Calling server.so:ClientConnect()
L 12/25/2024 - 23:08:54: \glitch31415\STEAM_0:0:743386914\ connected from address 127.0.0.1:27005
L 12/25/2024 - 23:08:54: [META] (debug:3) Calling amxmodx_mm_i386.so:ClientConnect_Post()
L 12/25/2024 - 23:08:54: "glitch31415<14><STEAM_0:0:743386914><>" STEAM USERID validated
L 12/25/2024 - 23:08:55: Dropped glitch31415 from server
L 12/25/2024 - 23:08:55: Reason:  Client sent 'drop'
L 12/25/2024 - 23:08:56: [META] (debug:3) Calling engine_amxx_i386.so:ClientConnect()
L 12/25/2024 - 23:08:56: [META] (debug:3) Calling fun_amxx_i386.so:ClientConnect()
L 12/25/2024 - 23:08:56: [META] (debug:3) Calling server.so:ClientConnect()
L 12/25/2024 - 23:08:56: \glitch31415\STEAM_0:0:743386914\ connected from address 127.0.0.1:27005
L 12/25/2024 - 23:08:56: [META] (debug:3) Calling amxmodx_mm_i386.so:ClientConnect_Post()
L 12/25/2024 - 23:08:56: "glitch31415<15><STEAM_0:0:743386914><>" STEAM USERID validated
L 12/25/2024 - 23:08:58: [META] (debug:3) Calling server.so:ClientPutInServer()
L 12/25/2024 - 23:08:58: [META] (debug:3) Calling engine:QueryClientCvarValue2()
L 12/25/2024 - 23:08:58: [META] (debug:3) Calling amxmodx_mm_i386.so:ClientPutInServer_Post()
L 12/25/2024 - 23:08:58: \glitch31415\STEAM_0:0:743386914\ entered the game as WireFrame(76,76)
L 12/25/2024 - 23:08:58: [META] (debug:3) Calling amxmodx_mm_i386.so:CvarValue2()
L 12/25/2024 - 23:08:58: [META] (debug:3) Calling server.so:CvarValue2()
L 12/25/2024 - 23:08:58: [META] (debug:3) Calling engine:QueryClientCvarValue2()
L 12/25/2024 - 23:08:58: [META] (debug:3) Calling amxmodx_mm_i386.so:CvarValue2()
L 12/25/2024 - 23:08:58: [META] (debug:3) Calling server.so:CvarValue2()
L 12/25/2024 - 23:08:58: [META] (debug:3) Calling engine:QueryClientCvarValue2()
L 12/25/2024 - 23:08:58: [META] (debug:3) Calling amxmodx_mm_i386.so:CvarValue2()
L 12/25/2024 - 23:08:58: [META] (debug:3) Calling server.so:CvarValue2()
L 12/25/2024 - 23:08:58: [META] (debug:3) Calling engine:QueryClientCvarValue2()
L 12/25/2024 - 23:08:58: [META] (debug:3) Calling amxmodx_mm_i386.so:CvarValue2()
L 12/25/2024 - 23:08:58: [META] (debug:3) Calling server.so:CvarValue2()
L 12/25/2024 - 23:08:58: \glitch31415\STEAM_0:0:743386914\ Client version: Adrenaline Gamer (OpenGL)
L 12/25/2024 - 23:10:18: \glitch31415\STEAM_0:0:743386914\ killed "Scientist" with "9mmAR"
L 12/25/2024 - 23:10:19: \glitch31415\STEAM_0:0:743386914\ killed "Scientist" with "9mmAR"
L 12/25/2024 - 23:10:20: \glitch31415\STEAM_0:0:743386914\ killed "Scientist" with "9mmAR"
L 12/25/2024 - 23:10:26: \glitch31415\STEAM_0:0:743386914\ killed "Scientist" with "9mmAR"
L 12/25/2024 - 23:10:34: \glitch31415\STEAM_0:0:743386914\ killed "Scientist" with "9mmAR"
L 12/25/2024 - 23:10:59: \glitch31415\STEAM_0:0:743386914\ killed by "Human Grunt"
L 12/25/2024 - 23:11:20: \glitch31415\STEAM_0:0:743386914\ killed "Human Grunt" with "shotgun"
L 12/25/2024 - 23:11:22: \glitch31415\STEAM_0:0:743386914\ killed "Human Grunt" with "shotgun"
L 12/25/2024 - 23:11:47: \glitch31415\STEAM_0:0:743386914\ killed "Human Grunt" with "shotgun"
L 12/25/2024 - 23:12:24: [META] (debug:3) Calling amxmodx_mm_i386.so:ClientDisconnect()
L 12/25/2024 - 23:12:24: [META] (debug:3) Calling engine_amxx_i386.so:ClientDisconnect()
L 12/25/2024 - 23:12:24: [META] (debug:3) Calling server.so:ClientDisconnect()
L 12/25/2024 - 23:12:24: \glitch31415\STEAM_0:0:743386914\ disconnected with 15 points
L 12/25/2024 - 23:12:24: Dropped glitch31415 from server
L 12/25/2024 - 23:12:24: Reason:  Client sent 'drop'
L 12/25/2024 - 23:24:54: [META] (debug:3) Calling engine_amxx_i386.so:ClientConnect()
L 12/25/2024 - 23:24:54: [META] (debug:3) Calling fun_amxx_i386.so:ClientConnect()
L 12/25/2024 - 23:24:54: [META] (debug:3) Calling server.so:ClientConnect()
L 12/25/2024 - 23:24:54: \glitch31415\STEAM_0:0:743386914\ connected from address 127.0.0.1:27005
L 12/25/2024 - 23:24:54: [META] (debug:3) Calling amxmodx_mm_i386.so:ClientConnect_Post()
L 12/25/2024 - 23:24:54: "glitch31415<16><STEAM_0:0:743386914><>" STEAM USERID validated
L 12/25/2024 - 23:24:55: Dropped glitch31415 from server
L 12/25/2024 - 23:24:55: Reason:  Client sent 'drop'
L 12/25/2024 - 23:24:56: [META] (debug:3) Calling engine_amxx_i386.so:ClientConnect()
L 12/25/2024 - 23:24:56: [META] (debug:3) Calling fun_amxx_i386.so:ClientConnect()
L 12/25/2024 - 23:24:56: [META] (debug:3) Calling server.so:ClientConnect()
L 12/25/2024 - 23:24:56: \glitch31415\STEAM_0:0:743386914\ connected from address 127.0.0.1:27005
L 12/25/2024 - 23:24:56: [META] (debug:3) Calling amxmodx_mm_i386.so:ClientConnect_Post()
L 12/25/2024 - 23:24:56: "glitch31415<17><STEAM_0:0:743386914><>" STEAM USERID validated
L 12/25/2024 - 23:24:58: [META] (debug:3) Calling server.so:ClientPutInServer()
L 12/25/2024 - 23:24:58: [META] (debug:3) Calling engine:QueryClientCvarValue2()
L 12/25/2024 - 23:24:58: [META] (debug:3) Calling amxmodx_mm_i386.so:ClientPutInServer_Post()
L 12/25/2024 - 23:24:58: \glitch31415\STEAM_0:0:743386914\ entered the game as WireFrame(76,76)
L 12/25/2024 - 23:24:58: [META] (debug:3) Calling amxmodx_mm_i386.so:CvarValue2()
L 12/25/2024 - 23:24:58: [META] (debug:3) Calling server.so:CvarValue2()
L 12/25/2024 - 23:24:58: [META] (debug:3) Calling engine:QueryClientCvarValue2()
L 12/25/2024 - 23:24:58: [META] (debug:3) Calling amxmodx_mm_i386.so:CvarValue2()
L 12/25/2024 - 23:24:58: [META] (debug:3) Calling server.so:CvarValue2()
L 12/25/2024 - 23:24:58: [META] (debug:3) Calling engine:QueryClientCvarValue2()
L 12/25/2024 - 23:24:58: [META] (debug:3) Calling amxmodx_mm_i386.so:CvarValue2()
L 12/25/2024 - 23:24:58: [META] (debug:3) Calling server.so:CvarValue2()
L 12/25/2024 - 23:24:58: [META] (debug:3) Calling engine:QueryClientCvarValue2()
L 12/25/2024 - 23:24:58: [META] (debug:3) Calling amxmodx_mm_i386.so:CvarValue2()
L 12/25/2024 - 23:24:58: [META] (debug:3) Calling server.so:CvarValue2()
L 12/25/2024 - 23:24:58: \glitch31415\STEAM_0:0:743386914\ Client version: Adrenaline Gamer (OpenGL)
L 12/25/2024 - 23:29:29: [META] (debug:3) Calling engine_amxx_i386.so:ClientConnect()
L 12/25/2024 - 23:29:29: [META] (debug:3) Calling fun_amxx_i386.so:ClientConnect()
L 12/25/2024 - 23:29:29: [META] (debug:3) Calling server.so:ClientConnect()
L 12/25/2024 - 23:29:29: \qt29160\STEAM_0:0:919009841\ connected from address 92.167.179.131:27005
L 12/25/2024 - 23:29:29: [META] (debug:3) Calling amxmodx_mm_i386.so:ClientConnect_Post()
L 12/25/2024 - 23:29:29: "qt29160<18><STEAM_0:0:919009841><>" STEAM USERID validated
L 12/25/2024 - 23:29:37: Dropped qt29160 from server
L 12/25/2024 - 23:29:37: Reason:  Client sent 'drop'
L 12/25/2024 - 23:31:11: "qt29160<19><STEAM_0:0:919009841><>" STEAM USERID validated
L 12/25/2024 - 23:31:11: [META] (debug:3) Calling engine_amxx_i386.so:ClientConnect()
L 12/25/2024 - 23:31:11: [META] (debug:3) Calling fun_amxx_i386.so:ClientConnect()
L 12/25/2024 - 23:31:11: [META] (debug:3) Calling server.so:ClientConnect()
L 12/25/2024 - 23:31:11: \qt29160\STEAM_0:0:919009841\ connected from address 92.167.179.131:27005
L 12/25/2024 - 23:31:11: [META] (debug:3) Calling amxmodx_mm_i386.so:ClientConnect_Post()
L 12/25/2024 - 23:31:18: Dropped qt29160 from server
L 12/25/2024 - 23:31:18: Reason:  Client sent 'drop'
L 12/25/2024 - 23:31:56: [META] (debug:3) Calling amxmodx_mm_i386.so:ClientDisconnect()
L 12/25/2024 - 23:31:56: [META] (debug:3) Calling engine_amxx_i386.so:ClientDisconnect()
L 12/25/2024 - 23:31:56: [META] (debug:3) Calling server.so:ClientDisconnect()
L 12/25/2024 - 23:31:56: \glitch31415\STEAM_0:0:743386914\ disconnected with 15 points
L 12/25/2024 - 23:31:56: Dropped glitch31415 from server
L 12/25/2024 - 23:31:56: Reason:  Client sent 'drop'
L 12/25/2024 - 23:32:08: [META] (debug:3) Calling engine_amxx_i386.so:ClientConnect()
L 12/25/2024 - 23:32:08: [META] (debug:3) Calling fun_amxx_i386.so:ClientConnect()
L 12/25/2024 - 23:32:08: [META] (debug:3) Calling server.so:ClientConnect()
L 12/25/2024 - 23:32:08: \glitch31415\STEAM_0:0:743386914\ connected from address 127.0.0.1:27005
L 12/25/2024 - 23:32:08: [META] (debug:3) Calling amxmodx_mm_i386.so:ClientConnect_Post()
L 12/25/2024 - 23:32:08: "glitch31415<20><STEAM_0:0:743386914><>" STEAM USERID validated
L 12/25/2024 - 23:32:09: Dropped glitch31415 from server
L 12/25/2024 - 23:32:09: Reason:  Client sent 'drop'
L 12/25/2024 - 23:32:10: [META] (debug:3) Calling engine_amxx_i386.so:ClientConnect()
L 12/25/2024 - 23:32:10: [META] (debug:3) Calling fun_amxx_i386.so:ClientConnect()
L 12/25/2024 - 23:32:10: [META] (debug:3) Calling server.so:ClientConnect()
L 12/25/2024 - 23:32:10: \glitch31415\STEAM_0:0:743386914\ connected from address 127.0.0.1:27005
L 12/25/2024 - 23:32:10: [META] (debug:3) Calling amxmodx_mm_i386.so:ClientConnect_Post()
L 12/25/2024 - 23:32:10: "glitch31415<21><STEAM_0:0:743386914><>" STEAM USERID validated
L 12/25/2024 - 23:32:13: [META] (debug:3) Calling server.so:ClientPutInServer()
L 12/25/2024 - 23:32:13: [META] (debug:3) Calling engine:QueryClientCvarValue2()
L 12/25/2024 - 23:32:13: [META] (debug:3) Calling amxmodx_mm_i386.so:ClientPutInServer_Post()
L 12/25/2024 - 23:32:13: \glitch31415\STEAM_0:0:743386914\ entered the game as WireFrame(76,76)
L 12/25/2024 - 23:32:13: [META] (debug:3) Calling amxmodx_mm_i386.so:CvarValue2()
L 12/25/2024 - 23:32:13: [META] (debug:3) Calling server.so:CvarValue2()
L 12/25/2024 - 23:32:13: [META] (debug:3) Calling engine:QueryClientCvarValue2()
L 12/25/2024 - 23:32:13: [META] (debug:3) Calling amxmodx_mm_i386.so:CvarValue2()
L 12/25/2024 - 23:32:13: [META] (debug:3) Calling server.so:CvarValue2()
L 12/25/2024 - 23:32:13: [META] (debug:3) Calling engine:QueryClientCvarValue2()
L 12/25/2024 - 23:32:13: [META] (debug:3) Calling amxmodx_mm_i386.so:CvarValue2()
L 12/25/2024 - 23:32:13: [META] (debug:3) Calling server.so:CvarValue2()
L 12/25/2024 - 23:32:13: [META] (debug:3) Calling engine:QueryClientCvarValue2()
L 12/25/2024 - 23:32:13: [META] (debug:3) Calling amxmodx_mm_i386.so:CvarValue2()
L 12/25/2024 - 23:32:13: [META] (debug:3) Calling server.so:CvarValue2()
L 12/25/2024 - 23:32:13: \glitch31415\STEAM_0:0:743386914\ Client version: Adrenaline Gamer (OpenGL)
L 12/25/2024 - 23:35:19: Rcon: "rcon 1033276528 "5pgW37D7ad" hangelevel coolrig" from "127.0.0.1:27005"
L 12/25/2024 - 23:35:24: Rcon: "rcon 1033276528 "5pgW37D7ad" changelevel coolrig" from "127.0.0.1:27005"
L 12/25/2024 - 23:35:24: [META] (debug:3) Calling amxmodx_mm_i386.so:ClientDisconnect()
L 12/25/2024 - 23:35:24: [META] (debug:3) Calling engine_amxx_i386.so:ClientDisconnect()
L 12/25/2024 - 23:35:24: [META] (debug:3) Calling server.so:ClientDisconnect()
L 12/25/2024 - 23:35:24: \bot1\BOT\ disconnected
L 12/25/2024 - 23:35:24: Dropped bot1 from server
L 12/25/2024 - 23:35:24: Reason:  Dropping fakeclient on level change
L 12/25/2024 - 23:35:24: [META] (debug:3) Calling amxmodx_mm_i386.so:ClientDisconnect()
L 12/25/2024 - 23:35:24: [META] (debug:3) Calling engine_amxx_i386.so:ClientDisconnect()
L 12/25/2024 - 23:35:24: [META] (debug:3) Calling server.so:ClientDisconnect()
L 12/25/2024 - 23:35:24: \bot3\BOT\ disconnected
L 12/25/2024 - 23:35:24: Dropped bot3 from server
L 12/25/2024 - 23:35:24: Reason:  Dropping fakeclient on level change
L 12/25/2024 - 23:35:24: [META] (debug:3) Calling amxmodx_mm_i386.so:ClientDisconnect()
L 12/25/2024 - 23:35:24: [META] (debug:3) Calling engine_amxx_i386.so:ClientDisconnect()
L 12/25/2024 - 23:35:24: [META] (debug:3) Calling server.so:ClientDisconnect()
L 12/25/2024 - 23:35:24: \bot2\BOT\ disconnected
L 12/25/2024 - 23:35:24: Dropped bot2 from server
L 12/25/2024 - 23:35:24: Reason:  Dropping fakeclient on level change
L 12/25/2024 - 23:35:24: [META] (debug:3) Calling amxmodx_mm_i386.so:ServerDeactivate()
L 12/25/2024 - 23:35:24: [META] (debug:3) Calling engine_amxx_i386.so:ServerDeactivate()
L 12/25/2024 - 23:35:24: [META] (debug:3) Calling server.so:ServerDeactivate()
L 12/25/2024 - 23:35:24: \glitch31415\STEAM_0:0:743386914\ 15 points, 1 deaths
L 12/25/2024 - 23:35:24: [META] (debug:3) Calling amxmodx_mm_i386.so:ServerDeactivate_Post()
L 12/25/2024 - 23:35:24: [META] (debug:3) Calling fakemeta_amxx_i386.so:ServerDeactivate_Post()
L 12/25/2024 - 23:35:24: [META] ini: Begin re-reading plugins list: /home/glitch/.steam/debian-installation/steamapps/common/hlds/valve/addons/metamod/plugins.ini
L 12/25/2024 - 23:35:24: [META] ini: Read plugin config for: AMX Mod X
L 12/25/2024 - 23:35:24: [META] ini: Finished reading plugins list: /home/glitch/.steam/debian-installation/steamapps/common/hlds/valve/addons/metamod/plugins.ini; Found 1 plugins
L 12/25/2024 - 23:35:24: [META] dll: Updating plugins...
L 12/25/2024 - 23:35:24: [META] (debug:1) Keeping plugin 'AMX Mod X'
L 12/25/2024 - 23:35:24: [META] dll: Finished updating 5 plugins; kept 1, loaded 0, unloaded 0, reloaded 0, delayed 0
L 12/25/2024 - 23:35:24: [META] (debug:3) Calling amxmodx_mm_i386.so:ClientDisconnect()
L 12/25/2024 - 23:35:24: [META] (debug:3) Calling engine_amxx_i386.so:ClientDisconnect()
L 12/25/2024 - 23:35:24: [META] (debug:3) Calling server.so:ClientDisconnect()
L 12/25/2024 - 23:35:24: \glitch31415\STEAM_0:0:743386914\ disconnected with 15 points
L 12/25/2024 - 23:35:24: Log file closed

-------------------------------------------------------------------------------

