L 12/31/2024 - 15:55:37: Log file started (file "logs/L1231012.log") (game "valve") (version "48/1.1.2.2/Stdio/3897")
L 12/31/2024 - 15:55:37: Loading map "coolrig"
L 12/31/2024 - 15:55:37: Server cvar "mp_soundvariety" = "0"
L 12/31/2024 - 15:55:37: Server cvar "mp_soundvariety" = "1"
L 12/31/2024 - 15:55:37: [META] (debug:3) user message registered again: name=VoiceMask, msgid=64
L 12/31/2024 - 15:55:37: [META] (debug:3) user message registered again: name=ReqState, msgid=65
L 12/31/2024 - 15:55:37: [META] (debug:3) Calling amxmodx_mm_i386.so:ServerActivate()
L 12/31/2024 - 15:55:37: [META] (debug:3) Calling engine_amxx_i386.so:ServerActivate()
L 12/31/2024 - 15:55:37: [META] (debug:3) Calling fakemeta_amxx_i386.so:ServerActivate()
L 12/31/2024 - 15:55:37: [META] (debug:3) Calling server.so:ServerActivate()
L 12/31/2024 - 15:55:37: Server cvar "mp_nextmap" = "c1a0"
L 12/31/2024 - 15:55:37: [META] (debug:3) Calling amxmodx_mm_i386.so:ServerActivate_Post()
L 12/31/2024 - 15:55:37: Server cvar "amx_nextmap" = "c1a0"
L 12/31/2024 - 15:55:37: Enemy stats: 0k health, 0 npcs
L 12/31/2024 - 15:55:38: Started map "coolrig" (CRC "123047971")
L 12/31/2024 - 15:55:38: [META] (debug:3) Calling engine_amxx_i386.so:ClientConnect()
L 12/31/2024 - 15:55:38: [META] (debug:3) Calling fun_amxx_i386.so:ClientConnect()
L 12/31/2024 - 15:55:38: [META] (debug:3) Calling server.so:ClientConnect()
L 12/31/2024 - 15:55:38: \Virtualpunk\STEAM_0:0:102397735\ connected from address 37.112.171.175:27005
L 12/31/2024 - 15:55:38: [META] (debug:3) Calling amxmodx_mm_i386.so:ClientConnect_Post()
L 12/31/2024 - 15:55:41: \bot1\BOT\ connected from address 127.0.0.1
L 12/31/2024 - 15:55:41: \bot1\BOT\ entered the game as ld_gordon(151,103)
L 12/31/2024 - 15:55:41: \bot3\BOT\ connected from address 127.0.0.1
L 12/31/2024 - 15:55:41: \bot3\BOT\ entered the game as ld_gordon(84,111)
L 12/31/2024 - 15:55:41: \bot2\BOT\ connected from address 127.0.0.1
L 12/31/2024 - 15:55:41: \bot2\BOT\ entered the game as ld_gordon(68,152)
L 12/31/2024 - 15:55:43: Dropped Virtualpunk from server
L 12/31/2024 - 15:55:43: Reason:  Client sent 'drop'
L 12/31/2024 - 15:55:44: "Virtualpunk<65><STEAM_0:0:102397735><>" STEAM USERID validated
L 12/31/2024 - 15:55:45: [META] (debug:3) Calling engine_amxx_i386.so:ClientConnect()
L 12/31/2024 - 15:55:45: [META] (debug:3) Calling fun_amxx_i386.so:ClientConnect()
L 12/31/2024 - 15:55:45: [META] (debug:3) Calling server.so:ClientConnect()
L 12/31/2024 - 15:55:45: \Virtualpunk\STEAM_0:0:102397735\ connected from address 37.112.171.175:27005
L 12/31/2024 - 15:55:45: [META] (debug:3) Calling amxmodx_mm_i386.so:ClientConnect_Post()
L 12/31/2024 - 15:55:50: [META] (debug:3) Calling server.so:ClientPutInServer()
L 12/31/2024 - 15:55:50: [META] (debug:3) Calling engine:QueryClientCvarValue2()
L 12/31/2024 - 15:55:50: [META] (debug:3) Calling amxmodx_mm_i386.so:ClientPutInServer_Post()
L 12/31/2024 - 15:55:50: \Virtualpunk\STEAM_0:0:102397735\ entered the game as barney(0,104)
L 12/31/2024 - 15:55:51: [META] (debug:3) Calling amxmodx_mm_i386.so:CvarValue2()
L 12/31/2024 - 15:55:51: [META] (debug:3) Calling server.so:CvarValue2()
L 12/31/2024 - 15:55:51: [META] (debug:3) Calling engine:QueryClientCvarValue2()
L 12/31/2024 - 15:55:53: [META] (debug:3) Calling amxmodx_mm_i386.so:CvarValue2()
L 12/31/2024 - 15:55:53: [META] (debug:3) Calling server.so:CvarValue2()
L 12/31/2024 - 15:55:53: [META] (debug:3) Calling engine:QueryClientCvarValue2()
L 12/31/2024 - 15:55:53: [META] (debug:3) Calling amxmodx_mm_i386.so:CvarValue2()
L 12/31/2024 - 15:55:53: [META] (debug:3) Calling server.so:CvarValue2()
L 12/31/2024 - 15:55:53: [META] (debug:3) Calling engine:QueryClientCvarValue2()
L 12/31/2024 - 15:55:53: [META] (debug:3) Calling amxmodx_mm_i386.so:CvarValue2()
L 12/31/2024 - 15:55:53: [META] (debug:3) Calling server.so:CvarValue2()
L 12/31/2024 - 15:55:53: \Virtualpunk\STEAM_0:0:102397735\ Client version: Half-Life (OpenGL)
L 12/31/2024 - 15:55:56: \Virtualpunk\STEAM_0:0:102397735\ say "rtv"
L 12/31/2024 - 15:56:15: \Virtualpunk\STEAM_0:0:102397735\ committed suicide with "gluon gun"
L 12/31/2024 - 15:56:26: \Virtualpunk\STEAM_0:0:102397735\ committed suicide with "gluon gun"
L 12/31/2024 - 15:56:32: Server cvar "amx_nextmap" = "sandbox"
L 12/31/2024 - 15:56:36: [META] (debug:3) Calling amxmodx_mm_i386.so:ClientDisconnect()
L 12/31/2024 - 15:56:36: [META] (debug:3) Calling engine_amxx_i386.so:ClientDisconnect()
L 12/31/2024 - 15:56:36: [META] (debug:3) Calling server.so:ClientDisconnect()
L 12/31/2024 - 15:56:36: \bot1\BOT\ disconnected
L 12/31/2024 - 15:56:36: Dropped bot1 from server
L 12/31/2024 - 15:56:36: Reason:  Dropping fakeclient on level change
L 12/31/2024 - 15:56:36: [META] (debug:3) Calling amxmodx_mm_i386.so:ClientDisconnect()
L 12/31/2024 - 15:56:36: [META] (debug:3) Calling engine_amxx_i386.so:ClientDisconnect()
L 12/31/2024 - 15:56:36: [META] (debug:3) Calling server.so:ClientDisconnect()
L 12/31/2024 - 15:56:36: \bot3\BOT\ disconnected
L 12/31/2024 - 15:56:36: Dropped bot3 from server
L 12/31/2024 - 15:56:36: Reason:  Dropping fakeclient on level change
L 12/31/2024 - 15:56:36: [META] (debug:3) Calling amxmodx_mm_i386.so:ClientDisconnect()
L 12/31/2024 - 15:56:36: [META] (debug:3) Calling engine_amxx_i386.so:ClientDisconnect()
L 12/31/2024 - 15:56:36: [META] (debug:3) Calling server.so:ClientDisconnect()
L 12/31/2024 - 15:56:36: \bot2\BOT\ disconnected
L 12/31/2024 - 15:56:36: Dropped bot2 from server
L 12/31/2024 - 15:56:36: Reason:  Dropping fakeclient on level change
L 12/31/2024 - 15:56:36: [META] (debug:3) Calling amxmodx_mm_i386.so:ServerDeactivate()
L 12/31/2024 - 15:56:36: [META] (debug:3) Calling engine_amxx_i386.so:ServerDeactivate()
L 12/31/2024 - 15:56:36: [META] (debug:3) Calling server.so:ServerDeactivate()
L 12/31/2024 - 15:56:36: \Virtualpunk\STEAM_0:0:102397735\ -5 points, 2 deaths
L 12/31/2024 - 15:56:36: [META] (debug:3) Calling amxmodx_mm_i386.so:ServerDeactivate_Post()
L 12/31/2024 - 15:56:36: [META] (debug:3) Calling fakemeta_amxx_i386.so:ServerDeactivate_Post()
L 12/31/2024 - 15:56:36: [META] ini: Begin re-reading plugins list: /home/glitch/.steam/debian-installation/steamapps/common/hlds/valve/addons/metamod/plugins.ini
L 12/31/2024 - 15:56:36: [META] ini: Read plugin config for: AMX Mod X
L 12/31/2024 - 15:56:36: [META] ini: Finished reading plugins list: /home/glitch/.steam/debian-installation/steamapps/common/hlds/valve/addons/metamod/plugins.ini; Found 1 plugins
L 12/31/2024 - 15:56:36: [META] dll: Updating plugins...
L 12/31/2024 - 15:56:36: [META] (debug:1) Keeping plugin 'AMX Mod X'
L 12/31/2024 - 15:56:36: [META] dll: Finished updating 5 plugins; kept 1, loaded 0, unloaded 0, reloaded 0, delayed 0
L 12/31/2024 - 15:56:36: [META] (debug:3) Calling amxmodx_mm_i386.so:ClientDisconnect()
L 12/31/2024 - 15:56:36: [META] (debug:3) Calling engine_amxx_i386.so:ClientDisconnect()
L 12/31/2024 - 15:56:36: [META] (debug:3) Calling server.so:ClientDisconnect()
L 12/31/2024 - 15:56:36: \Virtualpunk\STEAM_0:0:102397735\ disconnected
L 12/31/2024 - 15:56:36: Log file closed

-------------------------------------------------------------------------------

