L 12/31/2024 - 17:59:37: Log file started (file "logs/L1231015.log") (game "valve") (version "48/1.1.2.2/Stdio/3897")
L 12/31/2024 - 17:59:37: Loading map "sandbox"
L 12/31/2024 - 17:59:37: [META] (debug:2) Resolved 'addons/amxmodx/modules/engine_amxx_i386.so' to file '/home/glitch/.steam/debian-installation/steamapps/common/hlds/valve/addons/amxmodx/modules/engine_amxx_i386.so'
L 12/31/2024 - 17:59:37: [ENGINE] dev: called: Meta_Query; version=5:13, ours=5:13
L 12/31/2024 - 17:59:37: [ENGINE] dev: called: GetNewDLLFunctions; version=1
L 12/31/2024 - 17:59:37: [META] (debug:3) dll: Plugin 'Engine': Found GetNewDLLFunctions
L 12/31/2024 - 17:59:37: [ENGINE] dev: called: GetNewDLLFunctions_Post; version=1
L 12/31/2024 - 17:59:37: [META] (debug:3) dll: Plugin 'Engine': Found GetNewDLLFunctions_Post
L 12/31/2024 - 17:59:37: [ENGINE] dev: called: GetEntityAPI2; version=140
L 12/31/2024 - 17:59:37: [META] (debug:3) dll: Plugin 'Engine': Found GetEntityAPI2
L 12/31/2024 - 17:59:37: [ENGINE] dev: called: GetEntityAPI2_Post; version=140
L 12/31/2024 - 17:59:37: [META] (debug:3) dll: Plugin 'Engine': Found GetEntityAPI2_Post
L 12/31/2024 - 17:59:37: [ENGINE] dev: called: GetEngineFunctions; version=138
L 12/31/2024 - 17:59:37: [META] (debug:3) dll: Plugin 'Engine': Found GetEngineFunctions
L 12/31/2024 - 17:59:37: [ENGINE] dev: called: GetEngineFunctions_Post; version=138
L 12/31/2024 - 17:59:37: [META] (debug:3) dll: Plugin 'Engine': Found GetEngineFunctions_Post
L 12/31/2024 - 17:59:37: [META] dll: Loaded plugin 'Engine': Engine v1.8.2 Feb 14 2013, AMX Mod X Dev Team
L 12/31/2024 - 17:59:37: [META] (debug:1) Loaded plugin 'Engine' successfully
L 12/31/2024 - 17:59:37: [META] (debug:2) Resolved 'addons/amxmodx/modules/fun_amxx_i386.so' to file '/home/glitch/.steam/debian-installation/steamapps/common/hlds/valve/addons/amxmodx/modules/fun_amxx_i386.so'
L 12/31/2024 - 17:59:37: [FUN] dev: called: Meta_Query; version=5:13, ours=5:13
L 12/31/2024 - 17:59:37: [FUN] dev: called: GetNewDLLFunctions; version=1
L 12/31/2024 - 17:59:37: [META] (debug:3) dll: Plugin 'Fun': Found GetNewDLLFunctions
L 12/31/2024 - 17:59:37: [FUN] dev: called: GetNewDLLFunctions_Post; version=1
L 12/31/2024 - 17:59:37: [META] (debug:3) dll: Plugin 'Fun': Found GetNewDLLFunctions_Post
L 12/31/2024 - 17:59:37: [FUN] dev: called: GetEntityAPI2; version=140
L 12/31/2024 - 17:59:37: [META] (debug:3) dll: Plugin 'Fun': Found GetEntityAPI2
L 12/31/2024 - 17:59:37: [FUN] dev: called: GetEntityAPI2_Post; version=140
L 12/31/2024 - 17:59:37: [META] (debug:3) dll: Plugin 'Fun': Found GetEntityAPI2_Post
L 12/31/2024 - 17:59:37: [FUN] dev: called: GetEngineFunctions; version=138
L 12/31/2024 - 17:59:37: [META] (debug:3) dll: Plugin 'Fun': Found GetEngineFunctions
L 12/31/2024 - 17:59:37: [FUN] dev: called: GetEngineFunctions_Post; version=138
L 12/31/2024 - 17:59:37: [META] (debug:3) dll: Plugin 'Fun': Found GetEngineFunctions_Post
L 12/31/2024 - 17:59:37: [META] dll: Loaded plugin 'Fun': Fun v1.8.2 Feb 14 2013, AMX Mod X Dev Team
L 12/31/2024 - 17:59:37: [META] (debug:1) Loaded plugin 'Fun' successfully
L 12/31/2024 - 17:59:37: [META] (debug:2) Resolved 'addons/amxmodx/modules/fakemeta_amxx_i386.so' to file '/home/glitch/.steam/debian-installation/steamapps/common/hlds/valve/addons/amxmodx/modules/fakemeta_amxx_i386.so'
L 12/31/2024 - 17:59:37: [FAKEMETA] dev: called: Meta_Query; version=5:13, ours=5:13
L 12/31/2024 - 17:59:37: [FAKEMETA] dev: called: GetNewDLLFunctions; version=1
L 12/31/2024 - 17:59:37: [META] (debug:3) dll: Plugin 'FakeMeta': Found GetNewDLLFunctions
L 12/31/2024 - 17:59:37: [FAKEMETA] dev: called: GetNewDLLFunctions_Post; version=1
L 12/31/2024 - 17:59:37: [META] (debug:3) dll: Plugin 'FakeMeta': Found GetNewDLLFunctions_Post
L 12/31/2024 - 17:59:37: [FAKEMETA] dev: called: GetEntityAPI2; version=140
L 12/31/2024 - 17:59:37: [META] (debug:3) dll: Plugin 'FakeMeta': Found GetEntityAPI2
L 12/31/2024 - 17:59:37: [FAKEMETA] dev: called: GetEntityAPI2_Post; version=140
L 12/31/2024 - 17:59:37: [META] (debug:3) dll: Plugin 'FakeMeta': Found GetEntityAPI2_Post
L 12/31/2024 - 17:59:37: [FAKEMETA] dev: called: GetEngineFunctions; version=138
L 12/31/2024 - 17:59:37: [META] (debug:3) dll: Plugin 'FakeMeta': Found GetEngineFunctions
L 12/31/2024 - 17:59:37: [FAKEMETA] dev: called: GetEngineFunctions_Post; version=138
L 12/31/2024 - 17:59:37: [META] (debug:3) dll: Plugin 'FakeMeta': Found GetEngineFunctions_Post
L 12/31/2024 - 17:59:37: [META] dll: Loaded plugin 'FakeMeta': FakeMeta v1.8.2 Feb 14 2013, AMX Mod X Dev Team
L 12/31/2024 - 17:59:37: [META] (debug:1) Loaded plugin 'FakeMeta' successfully
L 12/31/2024 - 17:59:37: Server cvar "amxmodx_version" = "1.8.2"
L 12/31/2024 - 17:59:37: Server cvar "mp_mergemodels" = "1"
L 12/31/2024 - 17:59:37: Server cvar "sv_aim" = "0"
L 12/31/2024 - 17:59:37: Server cvar "sv_clienttrace" = "3.5"
L 12/31/2024 - 17:59:37: Server cvar "sv_ledgesize" = "64"
L 12/31/2024 - 17:59:37: Server cvar "mp_chattime" = "3"
L 12/31/2024 - 17:59:37: Server cvar "mp_friendlyfire" = "1"
L 12/31/2024 - 17:59:37: Server cvar "mp_weaponstay" = "1"
L 12/31/2024 - 17:59:37: Server cvar "pausable" = "0"
L 12/31/2024 - 17:59:37: Server cvar "starthealth" = "100"
L 12/31/2024 - 17:59:37: Server cvar "sv_allow_autoaim" = "0"
L 12/31/2024 - 17:59:37: Server cvar "sv_maxrate" = "60000000"
L 12/31/2024 - 17:59:37: Server cvar "sv_minrate" = "59999999"
L 12/31/2024 - 17:59:37: Server cvar "mp_soundvariety" = "1"
L 12/31/2024 - 17:59:37: Server cvar "mp_teamlist" = ""
L 12/31/2024 - 17:59:37: Server cvar "mp_killfeed" = "3"
L 12/31/2024 - 17:59:37: Server cvar "mp_respawndelay" = "0"
L 12/31/2024 - 17:59:37: [META] (debug:3) Calling engine:AddServerCommand()
L 12/31/2024 - 17:59:37: [META] (debug:3) Calling amxmodx_mm_i386.so:ServerActivate()
L 12/31/2024 - 17:59:37: [META] (debug:3) Calling engine_amxx_i386.so:ServerActivate()
L 12/31/2024 - 17:59:37: [META] (debug:3) Calling fakemeta_amxx_i386.so:ServerActivate()
L 12/31/2024 - 17:59:37: [META] (debug:3) Calling server.so:ServerActivate()
L 12/31/2024 - 17:59:37: [META] ERROR: Couldn't find game entity 'monster_penguin' in game DLL 'valve': /home/glitch/.steam/debian-installation/steamapps/common/hlds/valve/dlls/server.so: undefined symbol: monster_penguin
L 12/31/2024 - 17:59:37: [META] ERROR: Couldn't find game entity 'monster_geneworm' in game DLL 'valve': /home/glitch/.steam/debian-installation/steamapps/common/hlds/valve/dlls/server.so: undefined symbol: monster_geneworm
L 12/31/2024 - 17:59:37: [META] ERROR: Couldn't find game entity 'monster_pitworm' in game DLL 'valve': /home/glitch/.steam/debian-installation/steamapps/common/hlds/valve/dlls/server.so: undefined symbol: monster_pitworm
L 12/31/2024 - 17:59:37: [META] ERROR: Couldn't find game entity 'monster_pitworm_up' in game DLL 'valve': /home/glitch/.steam/debian-installation/steamapps/common/hlds/valve/dlls/server.so: undefined symbol: monster_pitworm_up
L 12/31/2024 - 17:59:37: Server cvar "mp_nextmap" = "sc_test"
L 12/31/2024 - 17:59:37: [META] (debug:3) Calling amxmodx_mm_i386.so:ServerActivate_Post()
L 12/31/2024 - 17:59:37: Server cvar "amx_language" = "en"
L 12/31/2024 - 17:59:37: Server cvar "amx_client_languages" = "1"
L 12/31/2024 - 17:59:37: Server cvar "gal_version" = "v5.9.1-926"
L 12/31/2024 - 17:59:37: Server cvar "Building_Blocks" = "1.4"
L 12/31/2024 - 17:59:37: Server cvar "amx_client_languages" = "0"
L 12/31/2024 - 17:59:37: Server cvar "gal_mapcyclefile" = "mapcycle.txt"
L 12/31/2024 - 17:59:37: Server cvar "amx_nextmap" = "c1a0"
L 12/31/2024 - 17:59:37: Server cvar "amx_nextmap" = "d1_trainstation_02"
L 12/31/2024 - 17:59:37: Enemy stats: 33k health, 44+ npcs
L 12/31/2024 - 17:59:37: Started map "sandbox" (CRC "1323732680")
L 12/31/2024 - 17:59:37: Server cvar "mp_soundvariety" = "0"
L 12/31/2024 - 17:59:37: Server cvar "mp_soundvariety" = "1"
L 12/31/2024 - 17:59:40: \bot3\BOT\ connected from address 127.0.0.1
L 12/31/2024 - 17:59:40: \bot3\BOT\ entered the game as ld_gordon(31,64)
L 12/31/2024 - 17:59:40: \bot1\BOT\ connected from address 127.0.0.1
L 12/31/2024 - 17:59:40: \bot1\BOT\ entered the game as ld_gordon(159,97)
L 12/31/2024 - 17:59:40: \bot2\BOT\ connected from address 127.0.0.1
L 12/31/2024 - 17:59:40: \bot2\BOT\ entered the game as ld_gordon(67,52)
L 12/31/2024 - 22:13:49: "Virtualpunk<4><STEAM_0:0:102397735><>" STEAM USERID validated
L 12/31/2024 - 22:13:49: [META] (debug:3) Calling engine_amxx_i386.so:ClientConnect()
L 12/31/2024 - 22:13:49: [META] (debug:3) Calling fun_amxx_i386.so:ClientConnect()
L 12/31/2024 - 22:13:49: [META] (debug:3) Calling server.so:ClientConnect()
L 12/31/2024 - 22:13:49: \Virtualpunk\STEAM_0:0:102397735\ connected from address 37.112.171.175:27005
L 12/31/2024 - 22:13:49: [META] (debug:3) Calling amxmodx_mm_i386.so:ClientConnect_Post()
L 12/31/2024 - 22:13:54: Dropped Virtualpunk from server
L 12/31/2024 - 22:13:54: Reason:  Client sent 'drop'
L 12/31/2024 - 22:14:02: "Virtualpunk<5><STEAM_0:0:102397735><>" STEAM USERID validated
L 12/31/2024 - 22:14:02: [META] (debug:3) Calling engine_amxx_i386.so:ClientConnect()
L 12/31/2024 - 22:14:02: [META] (debug:3) Calling fun_amxx_i386.so:ClientConnect()
L 12/31/2024 - 22:14:02: [META] (debug:3) Calling server.so:ClientConnect()
L 12/31/2024 - 22:14:02: \Virtualpunk\STEAM_0:0:102397735\ connected from address 37.112.171.175:27005
L 12/31/2024 - 22:14:02: [META] (debug:3) Calling amxmodx_mm_i386.so:ClientConnect_Post()
L 12/31/2024 - 22:14:08: [META] (debug:3) Calling server.so:ClientPutInServer()
L 12/31/2024 - 22:14:08: [META] (debug:3) Calling engine:QueryClientCvarValue2()
L 12/31/2024 - 22:14:08: [META] (debug:3) Calling amxmodx_mm_i386.so:ClientPutInServer_Post()
L 12/31/2024 - 22:14:08: \Virtualpunk\STEAM_0:0:102397735\ entered the game as barney(0,104)
L 12/31/2024 - 22:14:08: [META] (debug:3) Calling amxmodx_mm_i386.so:CvarValue2()
L 12/31/2024 - 22:14:08: [META] (debug:3) Calling server.so:CvarValue2()
L 12/31/2024 - 22:14:08: [META] (debug:3) Calling engine:QueryClientCvarValue2()
L 12/31/2024 - 22:14:11: [META] (debug:3) Calling amxmodx_mm_i386.so:CvarValue2()
L 12/31/2024 - 22:14:11: [META] (debug:3) Calling server.so:CvarValue2()
L 12/31/2024 - 22:14:11: [META] (debug:3) Calling engine:QueryClientCvarValue2()
L 12/31/2024 - 22:14:11: [META] (debug:3) Calling amxmodx_mm_i386.so:CvarValue2()
L 12/31/2024 - 22:14:11: [META] (debug:3) Calling server.so:CvarValue2()
L 12/31/2024 - 22:14:11: [META] (debug:3) Calling engine:QueryClientCvarValue2()
L 12/31/2024 - 22:14:12: [META] (debug:3) Calling amxmodx_mm_i386.so:CvarValue2()
L 12/31/2024 - 22:14:12: [META] (debug:3) Calling server.so:CvarValue2()
L 12/31/2024 - 22:14:12: \Virtualpunk\STEAM_0:0:102397735\ Client version: Half-Life (OpenGL)
L 12/31/2024 - 22:14:22: \Virtualpunk\STEAM_0:0:102397735\ killed by "Big Momma"
L 12/31/2024 - 22:14:39: \Virtualpunk\STEAM_0:0:102397735\ killed by "Houndeye"
L 12/31/2024 - 22:14:47: \Virtualpunk\STEAM_0:0:102397735\ killed by "Apache"
L 12/31/2024 - 22:14:54: \Virtualpunk\STEAM_0:0:102397735\ killed by "Apache"
L 12/31/2024 - 22:14:57: \Virtualpunk\STEAM_0:0:102397735\ say "rtv"
L 12/31/2024 - 22:15:04: \Virtualpunk\STEAM_0:0:102397735\ killed by "Apache"
L 12/31/2024 - 22:15:23: \Virtualpunk\STEAM_0:0:102397735\ killed by "Alien Grunt"
L 12/31/2024 - 22:15:32: \Virtualpunk\STEAM_0:0:102397735\ killed by "Gargantua"
L 12/31/2024 - 22:15:37: [META] (debug:3) Calling amxmodx_mm_i386.so:ClientDisconnect()
L 12/31/2024 - 22:15:37: [META] (debug:3) Calling engine_amxx_i386.so:ClientDisconnect()
L 12/31/2024 - 22:15:37: [META] (debug:3) Calling server.so:ClientDisconnect()
L 12/31/2024 - 22:15:37: \bot3\BOT\ disconnected
L 12/31/2024 - 22:15:37: Dropped bot3 from server
L 12/31/2024 - 22:15:37: Reason:  Dropping fakeclient on level change
L 12/31/2024 - 22:15:37: [META] (debug:3) Calling amxmodx_mm_i386.so:ClientDisconnect()
L 12/31/2024 - 22:15:37: [META] (debug:3) Calling engine_amxx_i386.so:ClientDisconnect()
L 12/31/2024 - 22:15:37: [META] (debug:3) Calling server.so:ClientDisconnect()
L 12/31/2024 - 22:15:37: \bot1\BOT\ disconnected
L 12/31/2024 - 22:15:37: Dropped bot1 from server
L 12/31/2024 - 22:15:37: Reason:  Dropping fakeclient on level change
L 12/31/2024 - 22:15:37: [META] (debug:3) Calling amxmodx_mm_i386.so:ClientDisconnect()
L 12/31/2024 - 22:15:37: [META] (debug:3) Calling engine_amxx_i386.so:ClientDisconnect()
L 12/31/2024 - 22:15:37: [META] (debug:3) Calling server.so:ClientDisconnect()
L 12/31/2024 - 22:15:37: \bot2\BOT\ disconnected
L 12/31/2024 - 22:15:37: Dropped bot2 from server
L 12/31/2024 - 22:15:37: Reason:  Dropping fakeclient on level change
L 12/31/2024 - 22:15:37: [META] (debug:3) Calling amxmodx_mm_i386.so:ServerDeactivate()
L 12/31/2024 - 22:15:37: [META] (debug:3) Calling engine_amxx_i386.so:ServerDeactivate()
L 12/31/2024 - 22:15:37: [META] (debug:3) Calling server.so:ServerDeactivate()
L 12/31/2024 - 22:15:37: \Virtualpunk\STEAM_0:0:102397735\ -19 points, 7 deaths
L 12/31/2024 - 22:15:37: [META] (debug:3) Calling amxmodx_mm_i386.so:ServerDeactivate_Post()
L 12/31/2024 - 22:15:37: [META] (debug:3) Calling fakemeta_amxx_i386.so:ServerDeactivate_Post()
L 12/31/2024 - 22:15:37: [META] ini: Begin re-reading plugins list: /home/glitch/.steam/debian-installation/steamapps/common/hlds/valve/addons/metamod/plugins.ini
L 12/31/2024 - 22:15:37: [META] ini: Read plugin config for: AMX Mod X
L 12/31/2024 - 22:15:37: [META] ini: Finished reading plugins list: /home/glitch/.steam/debian-installation/steamapps/common/hlds/valve/addons/metamod/plugins.ini; Found 1 plugins
L 12/31/2024 - 22:15:37: [META] dll: Updating plugins...
L 12/31/2024 - 22:15:37: [META] (debug:1) Keeping plugin 'AMX Mod X'
L 12/31/2024 - 22:15:37: [META] dll: Finished updating 5 plugins; kept 1, loaded 0, unloaded 0, reloaded 0, delayed 0
L 12/31/2024 - 22:15:37: [META] (debug:3) Calling amxmodx_mm_i386.so:ClientDisconnect()
L 12/31/2024 - 22:15:37: [META] (debug:3) Calling engine_amxx_i386.so:ClientDisconnect()
L 12/31/2024 - 22:15:37: [META] (debug:3) Calling server.so:ClientDisconnect()
L 12/31/2024 - 22:15:37: \Virtualpunk\STEAM_0:0:102397735\ disconnected
L 12/31/2024 - 22:15:37: Log file closed

-------------------------------------------------------------------------------

