L 12/31/2024 - 15:31:52: Log file started (file "logs/L1231000.log") (game "valve") (version "48/1.1.2.2/Stdio/3897")
L 12/31/2024 - 15:31:52: Loading map "c1a0"
L 12/31/2024 - 15:31:53: Server cvar "mp_soundvariety" = "0"
L 12/31/2024 - 15:31:53: Server cvar "mp_soundvariety" = "1"
L 12/31/2024 - 15:31:53: [META] (debug:3) user message registered again: name=VoiceMask, msgid=64
L 12/31/2024 - 15:31:53: [META] (debug:3) user message registered again: name=ReqState, msgid=65
L 12/31/2024 - 15:31:53: [META] (debug:3) Calling amxmodx_mm_i386.so:ServerActivate()
L 12/31/2024 - 15:31:53: [META] (debug:3) Calling engine_amxx_i386.so:ServerActivate()
L 12/31/2024 - 15:31:53: [META] (debug:3) Calling fakemeta_amxx_i386.so:ServerActivate()
L 12/31/2024 - 15:31:53: [META] (debug:3) Calling server.so:ServerActivate()
L 12/31/2024 - 15:31:53: Server cvar "mp_nextmap" = "d1_trainstation_02"
L 12/31/2024 - 15:31:53: [META] (debug:3) Calling amxmodx_mm_i386.so:ServerActivate_Post()
L 12/31/2024 - 15:31:53: Server cvar "amx_nextmap" = "c1a1"
L 12/31/2024 - 15:31:53: Enemy stats: 0k health, 0 npcs
L 12/31/2024 - 15:31:53: Started map "c1a0" (CRC "-183618122")
L 12/31/2024 - 15:31:53: [META] (debug:3) Calling engine_amxx_i386.so:ClientConnect()
L 12/31/2024 - 15:31:53: [META] (debug:3) Calling fun_amxx_i386.so:ClientConnect()
L 12/31/2024 - 15:31:53: [META] (debug:3) Calling server.so:ClientConnect()
L 12/31/2024 - 15:31:53: \Virtualpunk\STEAM_0:0:102397735\ connected from address 37.112.171.175:27005
L 12/31/2024 - 15:31:53: [META] (debug:3) Calling amxmodx_mm_i386.so:ClientConnect_Post()
L 12/31/2024 - 15:31:56: \bot3\BOT\ connected from address 127.0.0.1
L 12/31/2024 - 15:31:56: \bot3\BOT\ entered the game as ld_gordon(57,222)
L 12/31/2024 - 15:31:56: \bot1\BOT\ connected from address 127.0.0.1
L 12/31/2024 - 15:31:56: \bot1\BOT\ entered the game as ld_gordon(60,185)
L 12/31/2024 - 15:31:56: \bot2\BOT\ connected from address 127.0.0.1
L 12/31/2024 - 15:31:56: \bot2\BOT\ entered the game as ld_gordon(159,66)
L 12/31/2024 - 15:31:59: Dropped Virtualpunk from server
L 12/31/2024 - 15:31:59: Reason:  Client sent 'drop'
L 12/31/2024 - 15:32:03: "Virtualpunk<17><STEAM_0:0:102397735><>" STEAM USERID validated
L 12/31/2024 - 15:32:03: [META] (debug:3) Calling engine_amxx_i386.so:ClientConnect()
L 12/31/2024 - 15:32:03: [META] (debug:3) Calling fun_amxx_i386.so:ClientConnect()
L 12/31/2024 - 15:32:03: [META] (debug:3) Calling server.so:ClientConnect()
L 12/31/2024 - 15:32:03: \Virtualpunk\STEAM_0:0:102397735\ connected from address 37.112.171.175:27005
L 12/31/2024 - 15:32:03: [META] (debug:3) Calling amxmodx_mm_i386.so:ClientConnect_Post()
L 12/31/2024 - 15:32:09: [META] (debug:3) Calling server.so:ClientPutInServer()
L 12/31/2024 - 15:32:09: [META] (debug:3) Calling engine:QueryClientCvarValue2()
L 12/31/2024 - 15:32:09: [META] (debug:3) Calling amxmodx_mm_i386.so:ClientPutInServer_Post()
L 12/31/2024 - 15:32:09: \Virtualpunk\STEAM_0:0:102397735\ entered the game as barney(0,104)
L 12/31/2024 - 15:32:09: [META] (debug:3) Calling amxmodx_mm_i386.so:CvarValue2()
L 12/31/2024 - 15:32:09: [META] (debug:3) Calling server.so:CvarValue2()
L 12/31/2024 - 15:32:09: [META] (debug:3) Calling engine:QueryClientCvarValue2()
L 12/31/2024 - 15:32:11: [META] (debug:3) Calling amxmodx_mm_i386.so:CvarValue2()
L 12/31/2024 - 15:32:11: [META] (debug:3) Calling server.so:CvarValue2()
L 12/31/2024 - 15:32:11: [META] (debug:3) Calling engine:QueryClientCvarValue2()
L 12/31/2024 - 15:32:11: [META] (debug:3) Calling amxmodx_mm_i386.so:CvarValue2()
L 12/31/2024 - 15:32:11: [META] (debug:3) Calling server.so:CvarValue2()
L 12/31/2024 - 15:32:11: [META] (debug:3) Calling engine:QueryClientCvarValue2()
L 12/31/2024 - 15:32:11: [META] (debug:3) Calling amxmodx_mm_i386.so:CvarValue2()
L 12/31/2024 - 15:32:11: [META] (debug:3) Calling server.so:CvarValue2()
L 12/31/2024 - 15:32:11: \Virtualpunk\STEAM_0:0:102397735\ Client version: Half-Life (OpenGL)
L 12/31/2024 - 15:32:25: \Virtualpunk\STEAM_0:0:102397735\ killed "Scientist" with "crowbar"
L 12/31/2024 - 15:32:37: \Virtualpunk\STEAM_0:0:102397735\ killed "Scientist" with "9mmAR"
L 12/31/2024 - 15:33:05: \Virtualpunk\STEAM_0:0:102397735\ killed "Scientist" with "9mmAR"
L 12/31/2024 - 15:33:07: \Virtualpunk\STEAM_0:0:102397735\ killed "Scientist" with "9mmAR"
L 12/31/2024 - 15:33:14: \Virtualpunk\STEAM_0:0:102397735\ killed "Scientist" with "9mmAR"
L 12/31/2024 - 15:33:44: \Virtualpunk\STEAM_0:0:102397735\ committed suicide with "gluon gun"
L 12/31/2024 - 15:33:56: \Virtualpunk\STEAM_0:0:102397735\ committed suicide with "gluon gun"
L 12/31/2024 - 15:33:56: \Virtualpunk\STEAM_0:0:102397735\ killed "Scientist" with "gluon gun"
L 12/31/2024 - 15:34:11: Server cvar "mp_nextmap" = "c1a0d"
L 12/31/2024 - 15:34:11: Server cvar "mp_chattime" = "5.000000"
L 12/31/2024 - 15:34:14: Kick: "bot3<14><STEAM_0:1:1><>" was kicked by "Console"
L 12/31/2024 - 15:34:14: [META] (debug:3) Calling amxmodx_mm_i386.so:ClientDisconnect()
L 12/31/2024 - 15:34:14: [META] (debug:3) Calling engine_amxx_i386.so:ClientDisconnect()
L 12/31/2024 - 15:34:14: [META] (debug:3) Calling server.so:ClientDisconnect()
L 12/31/2024 - 15:34:14: Dropped bot3 from server
L 12/31/2024 - 15:34:14: Reason:  Kicked
L 12/31/2024 - 15:34:14: Kick: "bot1<15><STEAM_0:0:2><>" was kicked by "Console"
L 12/31/2024 - 15:34:14: [META] (debug:3) Calling amxmodx_mm_i386.so:ClientDisconnect()
L 12/31/2024 - 15:34:14: [META] (debug:3) Calling engine_amxx_i386.so:ClientDisconnect()
L 12/31/2024 - 15:34:14: [META] (debug:3) Calling server.so:ClientDisconnect()
L 12/31/2024 - 15:34:14: Dropped bot1 from server
L 12/31/2024 - 15:34:14: Reason:  Kicked
L 12/31/2024 - 15:34:14: Kick: "bot2<16><STEAM_0:1:2><>" was kicked by "Console"
L 12/31/2024 - 15:34:14: [META] (debug:3) Calling amxmodx_mm_i386.so:ClientDisconnect()
L 12/31/2024 - 15:34:14: [META] (debug:3) Calling engine_amxx_i386.so:ClientDisconnect()
L 12/31/2024 - 15:34:14: [META] (debug:3) Calling server.so:ClientDisconnect()
L 12/31/2024 - 15:34:14: Dropped bot2 from server
L 12/31/2024 - 15:34:14: Reason:  Kicked
L 12/31/2024 - 15:34:14: [META] (debug:3) Calling amxmodx_mm_i386.so:ServerDeactivate()
L 12/31/2024 - 15:34:14: Server cvar "mp_chattime" = "3.000000"
L 12/31/2024 - 15:34:14: [META] (debug:3) Calling engine_amxx_i386.so:ServerDeactivate()
L 12/31/2024 - 15:34:14: [META] (debug:3) Calling server.so:ServerDeactivate()
L 12/31/2024 - 15:34:14: \Virtualpunk\STEAM_0:0:102397735\ 31 points, 2 deaths
L 12/31/2024 - 15:34:14: [META] (debug:3) Calling amxmodx_mm_i386.so:ServerDeactivate_Post()
L 12/31/2024 - 15:34:14: [META] (debug:3) Calling fakemeta_amxx_i386.so:ServerDeactivate_Post()
L 12/31/2024 - 15:34:14: [META] ini: Begin re-reading plugins list: /home/glitch/.steam/debian-installation/steamapps/common/hlds/valve/addons/metamod/plugins.ini
L 12/31/2024 - 15:34:14: [META] ini: Read plugin config for: AMX Mod X
L 12/31/2024 - 15:34:14: [META] ini: Finished reading plugins list: /home/glitch/.steam/debian-installation/steamapps/common/hlds/valve/addons/metamod/plugins.ini; Found 1 plugins
L 12/31/2024 - 15:34:14: [META] dll: Updating plugins...
L 12/31/2024 - 15:34:14: [META] (debug:1) Keeping plugin 'AMX Mod X'
L 12/31/2024 - 15:34:14: [META] dll: Finished updating 5 plugins; kept 1, loaded 0, unloaded 0, reloaded 0, delayed 0
L 12/31/2024 - 15:34:14: [META] (debug:3) Calling amxmodx_mm_i386.so:ClientDisconnect()
L 12/31/2024 - 15:34:14: [META] (debug:3) Calling engine_amxx_i386.so:ClientDisconnect()
L 12/31/2024 - 15:34:14: [META] (debug:3) Calling server.so:ClientDisconnect()
L 12/31/2024 - 15:34:14: Log file closed

-------------------------------------------------------------------------------

