L 12/30/2024 - 22:38:35: Log file started (file "logs/L1230002.log") (game "valve") (version "48/1.1.2.2/Stdio/3897")
L 12/30/2024 - 22:38:35: Loading map "d1_trainstation_02"
L 12/30/2024 - 22:38:35: Server cvar "mp_soundvariety" = "0"
L 12/30/2024 - 22:38:35: Server cvar "mp_soundvariety" = "1"
L 12/30/2024 - 22:38:35: [META] (debug:3) user message registered again: name=VoiceMask, msgid=64
L 12/30/2024 - 22:38:35: [META] (debug:3) user message registered again: name=ReqState, msgid=65
L 12/30/2024 - 22:38:35: [META] ERROR: Couldn't find game entity 'env_model' in game DLL 'valve': /home/glitch/.steam/debian-installation/steamapps/common/hlds/valve/dlls/server.so: undefined symbol: env_model
L 12/30/2024 - 22:38:35: [META] ERROR: Couldn't find game entity 'motion_manager' in game DLL 'valve': /home/glitch/.steam/debian-installation/steamapps/common/hlds/valve/dlls/server.so: undefined symbol: motion_manager
L 12/30/2024 - 22:38:35: [META] (debug:3) Calling amxmodx_mm_i386.so:ServerActivate()
L 12/30/2024 - 22:38:35: [META] (debug:3) Calling engine_amxx_i386.so:ServerActivate()
L 12/30/2024 - 22:38:35: [META] (debug:3) Calling fakemeta_amxx_i386.so:ServerActivate()
L 12/30/2024 - 22:38:35: [META] (debug:3) Calling server.so:ServerActivate()
L 12/30/2024 - 22:38:35: Server cvar "mp_nextmap" = "d1_town_01"
L 12/30/2024 - 22:38:35: [META] (debug:3) Calling amxmodx_mm_i386.so:ServerActivate_Post()
L 12/30/2024 - 22:38:35: Enemy stats: 0k health, 0 npcs
L 12/30/2024 - 22:38:36: Started map "d1_trainstation_02" (CRC "652026196")
L 12/30/2024 - 22:38:39: \bot3\BOT\ connected from address 127.0.0.1
L 12/30/2024 - 22:38:39: \bot3\BOT\ entered the game as ld_gordon(142,176)
L 12/30/2024 - 22:38:39: \bot1\BOT\ connected from address 127.0.0.1
L 12/30/2024 - 22:38:39: \bot1\BOT\ entered the game as ld_gordon(131,38)
L 12/30/2024 - 22:38:39: \bot2\BOT\ connected from address 127.0.0.1
L 12/30/2024 - 22:38:39: \bot2\BOT\ entered the game as ld_gordon(55,208)
L 12/30/2024 - 23:13:57: [META] (debug:3) Calling engine_amxx_i386.so:ClientConnect()
L 12/30/2024 - 23:13:57: [META] (debug:3) Calling fun_amxx_i386.so:ClientConnect()
L 12/30/2024 - 23:13:57: [META] (debug:3) Calling server.so:ClientConnect()
L 12/30/2024 - 23:13:57: \beastmode!!!\STEAM_0:0:38108312\ connected from address 70.64.0.174:27005
L 12/30/2024 - 23:13:57: [META] (debug:3) Calling amxmodx_mm_i386.so:ClientConnect_Post()
L 12/30/2024 - 23:13:57: "beastmode!!!<7><STEAM_0:0:38108312><>" STEAM USERID validated
L 12/30/2024 - 23:14:00: Dropped beastmode!!! from server
L 12/30/2024 - 23:14:00: Reason:  Client sent 'drop'
L 12/31/2024 - 10:36:12: "Man<8><STEAM_0:1:202461424><>" STEAM USERID validated
L 12/31/2024 - 10:36:12: [META] (debug:3) Calling engine_amxx_i386.so:ClientConnect()
L 12/31/2024 - 10:36:12: [META] (debug:3) Calling fun_amxx_i386.so:ClientConnect()
L 12/31/2024 - 10:36:12: [META] (debug:3) Calling server.so:ClientConnect()
L 12/31/2024 - 10:36:12: \Man\STEAM_0:1:202461424\ connected from address 109.60.238.60:27005
L 12/31/2024 - 10:36:12: [META] (debug:3) Calling amxmodx_mm_i386.so:ClientConnect_Post()
L 12/31/2024 - 10:36:18: Dropped Man from server
L 12/31/2024 - 10:36:18: Reason:  Client sent 'drop'
L 12/31/2024 - 10:36:20: "Man<9><STEAM_0:1:202461424><>" STEAM USERID validated
L 12/31/2024 - 10:36:20: [META] (debug:3) Calling engine_amxx_i386.so:ClientConnect()
L 12/31/2024 - 10:36:20: [META] (debug:3) Calling fun_amxx_i386.so:ClientConnect()
L 12/31/2024 - 10:36:20: [META] (debug:3) Calling server.so:ClientConnect()
L 12/31/2024 - 10:36:20: \Man\STEAM_0:1:202461424\ connected from address 109.60.238.60:27005
L 12/31/2024 - 10:36:20: [META] (debug:3) Calling amxmodx_mm_i386.so:ClientConnect_Post()
L 12/31/2024 - 10:36:32: [META] (debug:3) Calling server.so:ClientPutInServer()
L 12/31/2024 - 10:36:32: [META] (debug:3) Calling engine:QueryClientCvarValue2()
L 12/31/2024 - 10:36:32: [META] (debug:3) Calling amxmodx_mm_i386.so:ClientPutInServer_Post()
L 12/31/2024 - 10:36:32: \Man\STEAM_0:1:202461424\ entered the game as gman(72,255)
L 12/31/2024 - 10:36:32: [META] (debug:3) Calling amxmodx_mm_i386.so:CvarValue2()
L 12/31/2024 - 10:36:32: [META] (debug:3) Calling server.so:CvarValue2()
L 12/31/2024 - 10:36:32: [META] (debug:3) Calling engine:QueryClientCvarValue2()
L 12/31/2024 - 10:36:35: [META] (debug:3) Calling amxmodx_mm_i386.so:CvarValue2()
L 12/31/2024 - 10:36:35: [META] (debug:3) Calling server.so:CvarValue2()
L 12/31/2024 - 10:36:35: [META] (debug:3) Calling engine:QueryClientCvarValue2()
L 12/31/2024 - 10:36:35: [META] (debug:3) Calling amxmodx_mm_i386.so:CvarValue2()
L 12/31/2024 - 10:36:35: [META] (debug:3) Calling server.so:CvarValue2()
L 12/31/2024 - 10:36:35: [META] (debug:3) Calling engine:QueryClientCvarValue2()
L 12/31/2024 - 10:36:35: [META] (debug:3) Calling amxmodx_mm_i386.so:CvarValue2()
L 12/31/2024 - 10:36:35: [META] (debug:3) Calling server.so:CvarValue2()
L 12/31/2024 - 10:36:35: \Man\STEAM_0:1:202461424\ Client version: Half-Life (OpenGL)
L 12/31/2024 - 10:36:47: \Man\STEAM_0:1:202461424\ killed "Scientist" with "crowbar"
L 12/31/2024 - 10:36:49: \Man\STEAM_0:1:202461424\ killed "Scientist" with "crowbar"
L 12/31/2024 - 10:36:52: \Man\STEAM_0:1:202461424\ killed "Scientist" with "crowbar"
L 12/31/2024 - 10:37:52: \Man\STEAM_0:1:202461424\ committed suicide with "rpg_rocket"
L 12/31/2024 - 10:37:52: \Man\STEAM_0:1:202461424\ killed "Scientist" with "rpg_rocket"
L 12/31/2024 - 10:37:52: \Man\STEAM_0:1:202461424\ killed "Scientist" with "rpg_rocket"
L 12/31/2024 - 10:39:06: [META] (debug:3) Calling amxmodx_mm_i386.so:ClientDisconnect()
L 12/31/2024 - 10:39:06: [META] (debug:3) Calling engine_amxx_i386.so:ClientDisconnect()
L 12/31/2024 - 10:39:06: [META] (debug:3) Calling server.so:ClientDisconnect()
L 12/31/2024 - 10:39:06: \Man\STEAM_0:1:202461424\ disconnected with 32 points
L 12/31/2024 - 10:39:06: Dropped Man from server
L 12/31/2024 - 10:39:06: Reason:  Client sent 'drop'
L 12/31/2024 - 14:32:56: "143.42.54.115:27012<10><STEAM_0:0:15832208><>" STEAM USERID validated
L 12/31/2024 - 14:32:56: [META] (debug:3) Calling engine_amxx_i386.so:ClientConnect()
L 12/31/2024 - 14:32:56: [META] (debug:3) Calling fun_amxx_i386.so:ClientConnect()
L 12/31/2024 - 14:32:56: [META] (debug:3) Calling server.so:ClientConnect()
L 12/31/2024 - 14:32:56: \143.42.54.115:27012\STEAM_0:0:15832208\ connected from address 89.157.254.220:27005
L 12/31/2024 - 14:32:56: [META] (debug:3) Calling amxmodx_mm_i386.so:ClientConnect_Post()
L 12/31/2024 - 14:33:00: Dropped 143.42.54.115:27012 from server
L 12/31/2024 - 14:33:00: Reason:  Client sent 'drop'
L 12/31/2024 - 14:33:01: "143.42.54.115:27012<11><STEAM_0:0:15832208><>" STEAM USERID validated
L 12/31/2024 - 14:33:01: [META] (debug:3) Calling engine_amxx_i386.so:ClientConnect()
L 12/31/2024 - 14:33:01: [META] (debug:3) Calling fun_amxx_i386.so:ClientConnect()
L 12/31/2024 - 14:33:01: [META] (debug:3) Calling server.so:ClientConnect()
L 12/31/2024 - 14:33:01: \143.42.54.115:27012\STEAM_0:0:15832208\ connected from address 89.157.254.220:27005
L 12/31/2024 - 14:33:01: [META] (debug:3) Calling amxmodx_mm_i386.so:ClientConnect_Post()
L 12/31/2024 - 14:33:06: [META] (debug:3) Calling server.so:ClientPutInServer()
L 12/31/2024 - 14:33:06: [META] (debug:3) Calling engine:QueryClientCvarValue2()
L 12/31/2024 - 14:33:06: [META] (debug:3) Calling amxmodx_mm_i386.so:ClientPutInServer_Post()
L 12/31/2024 - 14:33:06: \143.42.54.115:27012\STEAM_0:0:15832208\ entered the game as zombie(0,0)
L 12/31/2024 - 14:33:07: [META] (debug:3) Calling amxmodx_mm_i386.so:CvarValue2()
L 12/31/2024 - 14:33:07: [META] (debug:3) Calling server.so:CvarValue2()
L 12/31/2024 - 14:33:07: [META] (debug:3) Calling engine:QueryClientCvarValue2()
L 12/31/2024 - 14:33:08: [META] (debug:3) Calling amxmodx_mm_i386.so:CvarValue2()
L 12/31/2024 - 14:33:08: [META] (debug:3) Calling server.so:CvarValue2()
L 12/31/2024 - 14:33:08: [META] (debug:3) Calling engine:QueryClientCvarValue2()
L 12/31/2024 - 14:33:08: [META] (debug:3) Calling amxmodx_mm_i386.so:CvarValue2()
L 12/31/2024 - 14:33:08: [META] (debug:3) Calling server.so:CvarValue2()
L 12/31/2024 - 14:33:08: [META] (debug:3) Calling engine:QueryClientCvarValue2()
L 12/31/2024 - 14:33:09: [META] (debug:3) Calling amxmodx_mm_i386.so:CvarValue2()
L 12/31/2024 - 14:33:09: [META] (debug:3) Calling server.so:CvarValue2()
L 12/31/2024 - 14:33:09: \143.42.54.115:27012\STEAM_0:0:15832208\ Client version: Half-Life (OpenGL)
L 12/31/2024 - 14:33:18: [META] (debug:3) Calling amxmodx_mm_i386.so:ClientDisconnect()
L 12/31/2024 - 14:33:18: [META] (debug:3) Calling engine_amxx_i386.so:ClientDisconnect()
L 12/31/2024 - 14:33:18: [META] (debug:3) Calling server.so:ClientDisconnect()
L 12/31/2024 - 14:33:18: \143.42.54.115:27012\STEAM_0:0:15832208\ disconnected
L 12/31/2024 - 14:33:18: Dropped 143.42.54.115:27012 from server
L 12/31/2024 - 14:33:18: Reason:  Client sent 'drop'
L 12/31/2024 - 15:25:09: "Virtualpunk<12><STEAM_0:0:102397735><>" STEAM USERID validated
L 12/31/2024 - 15:25:09: [META] (debug:3) Calling engine_amxx_i386.so:ClientConnect()
L 12/31/2024 - 15:25:09: [META] (debug:3) Calling fun_amxx_i386.so:ClientConnect()
L 12/31/2024 - 15:25:09: [META] (debug:3) Calling server.so:ClientConnect()
L 12/31/2024 - 15:25:09: \Virtualpunk\STEAM_0:0:102397735\ connected from address 37.112.171.175:27005
L 12/31/2024 - 15:25:09: [META] (debug:3) Calling amxmodx_mm_i386.so:ClientConnect_Post()
L 12/31/2024 - 15:25:15: Dropped Virtualpunk from server
L 12/31/2024 - 15:25:15: Reason:  Client sent 'drop'
L 12/31/2024 - 15:25:45: "Virtualpunk<13><STEAM_0:0:102397735><>" STEAM USERID validated
L 12/31/2024 - 15:25:45: [META] (debug:3) Calling engine_amxx_i386.so:ClientConnect()
L 12/31/2024 - 15:25:45: [META] (debug:3) Calling fun_amxx_i386.so:ClientConnect()
L 12/31/2024 - 15:25:45: [META] (debug:3) Calling server.so:ClientConnect()
L 12/31/2024 - 15:25:45: \Virtualpunk\STEAM_0:0:102397735\ connected from address 37.112.171.175:27005
L 12/31/2024 - 15:25:45: [META] (debug:3) Calling amxmodx_mm_i386.so:ClientConnect_Post()
L 12/31/2024 - 15:25:51: [META] (debug:3) Calling server.so:ClientPutInServer()
L 12/31/2024 - 15:25:51: [META] (debug:3) Calling engine:QueryClientCvarValue2()
L 12/31/2024 - 15:25:51: [META] (debug:3) Calling amxmodx_mm_i386.so:ClientPutInServer_Post()
L 12/31/2024 - 15:25:51: \Virtualpunk\STEAM_0:0:102397735\ entered the game as barney(0,104)
L 12/31/2024 - 15:25:52: [META] (debug:3) Calling amxmodx_mm_i386.so:CvarValue2()
L 12/31/2024 - 15:25:52: [META] (debug:3) Calling server.so:CvarValue2()
L 12/31/2024 - 15:25:52: [META] (debug:3) Calling engine:QueryClientCvarValue2()
L 12/31/2024 - 15:25:54: [META] (debug:3) Calling amxmodx_mm_i386.so:CvarValue2()
L 12/31/2024 - 15:25:54: [META] (debug:3) Calling server.so:CvarValue2()
L 12/31/2024 - 15:25:54: [META] (debug:3) Calling engine:QueryClientCvarValue2()
L 12/31/2024 - 15:25:54: [META] (debug:3) Calling amxmodx_mm_i386.so:CvarValue2()
L 12/31/2024 - 15:25:54: [META] (debug:3) Calling server.so:CvarValue2()
L 12/31/2024 - 15:25:54: [META] (debug:3) Calling engine:QueryClientCvarValue2()
L 12/31/2024 - 15:25:54: [META] (debug:3) Calling amxmodx_mm_i386.so:CvarValue2()
L 12/31/2024 - 15:25:54: [META] (debug:3) Calling server.so:CvarValue2()
L 12/31/2024 - 15:25:54: \Virtualpunk\STEAM_0:0:102397735\ Client version: Half-Life (OpenGL)
L 12/31/2024 - 15:27:18: \Virtualpunk\STEAM_0:0:102397735\ killed by "worldspawn"
L 12/31/2024 - 15:28:02: \Virtualpunk\STEAM_0:0:102397735\ killed "Scientist" with "crowbar"
L 12/31/2024 - 15:28:16: \Virtualpunk\STEAM_0:0:102397735\ killed "Scientist" with "crowbar"
L 12/31/2024 - 15:28:55: \Virtualpunk\STEAM_0:0:102397735\ committed suicide with "grenade"
L 12/31/2024 - 15:29:29: \Virtualpunk\STEAM_0:0:102397735\ committed suicide with "grenade"
L 12/31/2024 - 15:29:57: \Virtualpunk\STEAM_0:0:102397735\ committed suicide with "grenade"
L 12/31/2024 - 15:31:13: \Virtualpunk\STEAM_0:0:102397735\ say "rtv"
L 12/31/2024 - 15:31:15: \Virtualpunk\STEAM_0:0:102397735\ say "!rtv"
L 12/31/2024 - 15:31:48: Server cvar "amx_nextmap" = "c1a0"
L 12/31/2024 - 15:31:52: [META] (debug:3) Calling amxmodx_mm_i386.so:ClientDisconnect()
L 12/31/2024 - 15:31:52: [META] (debug:3) Calling engine_amxx_i386.so:ClientDisconnect()
L 12/31/2024 - 15:31:52: [META] (debug:3) Calling server.so:ClientDisconnect()
L 12/31/2024 - 15:31:52: \bot3\BOT\ disconnected
L 12/31/2024 - 15:31:52: Dropped bot3 from server
L 12/31/2024 - 15:31:52: Reason:  Dropping fakeclient on level change
L 12/31/2024 - 15:31:52: [META] (debug:3) Calling amxmodx_mm_i386.so:ClientDisconnect()
L 12/31/2024 - 15:31:52: [META] (debug:3) Calling engine_amxx_i386.so:ClientDisconnect()
L 12/31/2024 - 15:31:52: [META] (debug:3) Calling server.so:ClientDisconnect()
L 12/31/2024 - 15:31:52: \bot1\BOT\ disconnected
L 12/31/2024 - 15:31:52: Dropped bot1 from server
L 12/31/2024 - 15:31:52: Reason:  Dropping fakeclient on level change
L 12/31/2024 - 15:31:52: [META] (debug:3) Calling amxmodx_mm_i386.so:ClientDisconnect()
L 12/31/2024 - 15:31:52: [META] (debug:3) Calling engine_amxx_i386.so:ClientDisconnect()
L 12/31/2024 - 15:31:52: [META] (debug:3) Calling server.so:ClientDisconnect()
L 12/31/2024 - 15:31:52: \bot2\BOT\ disconnected
L 12/31/2024 - 15:31:52: Dropped bot2 from server
L 12/31/2024 - 15:31:52: Reason:  Dropping fakeclient on level change
L 12/31/2024 - 15:31:52: [META] (debug:3) Calling amxmodx_mm_i386.so:ServerDeactivate()
L 12/31/2024 - 15:31:52: [META] (debug:3) Calling engine_amxx_i386.so:ServerDeactivate()
L 12/31/2024 - 15:31:52: [META] (debug:3) Calling server.so:ServerDeactivate()
L 12/31/2024 - 15:31:52: \Virtualpunk\STEAM_0:0:102397735\ -16 points, 4 deaths
L 12/31/2024 - 15:31:52: [META] (debug:3) Calling amxmodx_mm_i386.so:ServerDeactivate_Post()
L 12/31/2024 - 15:31:52: [META] (debug:3) Calling fakemeta_amxx_i386.so:ServerDeactivate_Post()
L 12/31/2024 - 15:31:52: [META] ini: Begin re-reading plugins list: /home/glitch/.steam/debian-installation/steamapps/common/hlds/valve/addons/metamod/plugins.ini
L 12/31/2024 - 15:31:52: [META] ini: Read plugin config for: AMX Mod X
L 12/31/2024 - 15:31:52: [META] ini: Finished reading plugins list: /home/glitch/.steam/debian-installation/steamapps/common/hlds/valve/addons/metamod/plugins.ini; Found 1 plugins
L 12/31/2024 - 15:31:52: [META] dll: Updating plugins...
L 12/31/2024 - 15:31:52: [META] (debug:1) Keeping plugin 'AMX Mod X'
L 12/31/2024 - 15:31:52: [META] dll: Finished updating 5 plugins; kept 1, loaded 0, unloaded 0, reloaded 0, delayed 0
L 12/31/2024 - 15:31:52: [META] (debug:3) Calling amxmodx_mm_i386.so:ClientDisconnect()
L 12/31/2024 - 15:31:52: [META] (debug:3) Calling engine_amxx_i386.so:ClientDisconnect()
L 12/31/2024 - 15:31:52: [META] (debug:3) Calling server.so:ClientDisconnect()
L 12/31/2024 - 15:31:52: \Virtualpunk\STEAM_0:0:102397735\ disconnected
L 12/31/2024 - 15:31:52: Log file closed

-------------------------------------------------------------------------------

