L 12/31/2024 - 15:41:18: Log file started (file "logs/L1231005.log") (game "valve") (version "48/1.1.2.2/Stdio/3897")
L 12/31/2024 - 15:41:18: Loading map "lambda_bunker_extended"
L 12/31/2024 - 15:41:18: Server cvar "mp_soundvariety" = "0"
L 12/31/2024 - 15:41:18: Server cvar "mp_soundvariety" = "1"
L 12/31/2024 - 15:41:18: [META] (debug:3) user message registered again: name=VoiceMask, msgid=64
L 12/31/2024 - 15:41:18: [META] (debug:3) user message registered again: name=ReqState, msgid=65
L 12/31/2024 - 15:41:18: [META] ERROR: Couldn't find game entity 'info_intermission' in game DLL 'valve': /home/glitch/.steam/debian-installation/steamapps/common/hlds/valve/dlls/server.so: undefined symbol: info_intermission
L 12/31/2024 - 15:41:18: [META] (debug:3) Calling amxmodx_mm_i386.so:ServerActivate()
L 12/31/2024 - 15:41:18: [META] (debug:3) Calling engine_amxx_i386.so:ServerActivate()
L 12/31/2024 - 15:41:18: [META] (debug:3) Calling fakemeta_amxx_i386.so:ServerActivate()
L 12/31/2024 - 15:41:18: [META] (debug:3) Calling server.so:ServerActivate()
L 12/31/2024 - 15:41:18: Server cvar "mp_nextmap" = "coolrig"
L 12/31/2024 - 15:41:18: [META] (debug:3) Calling amxmodx_mm_i386.so:ServerActivate_Post()
L 12/31/2024 - 15:41:18: Server cvar "amx_nextmap" = "crossfireXL"
L 12/31/2024 - 15:41:18: Enemy stats: 0k health, 0 npcs
L 12/31/2024 - 15:41:18: Started map "lambda_bunker_extended" (CRC "-1186846110")
L 12/31/2024 - 15:41:19: [META] (debug:3) Calling engine_amxx_i386.so:ClientConnect()
L 12/31/2024 - 15:41:19: [META] (debug:3) Calling fun_amxx_i386.so:ClientConnect()
L 12/31/2024 - 15:41:19: [META] (debug:3) Calling server.so:ClientConnect()
L 12/31/2024 - 15:41:19: \Virtualpunk\STEAM_0:0:102397735\ connected from address 37.112.171.175:27005
L 12/31/2024 - 15:41:19: [META] (debug:3) Calling amxmodx_mm_i386.so:ClientConnect_Post()
L 12/31/2024 - 15:41:21: \bot1\BOT\ connected from address 127.0.0.1
L 12/31/2024 - 15:41:21: \bot1\BOT\ entered the game as ld_gordon(121,22)
L 12/31/2024 - 15:41:21: \bot2\BOT\ connected from address 127.0.0.1
L 12/31/2024 - 15:41:21: \bot2\BOT\ entered the game as ld_gordon(63,14)
L 12/31/2024 - 15:41:21: \bot3\BOT\ connected from address 127.0.0.1
L 12/31/2024 - 15:41:21: \bot3\BOT\ entered the game as ld_gordon(201,97)
L 12/31/2024 - 15:41:24: Dropped Virtualpunk from server
L 12/31/2024 - 15:41:24: Reason:  Client sent 'drop'
L 12/31/2024 - 15:41:27: "Virtualpunk<37><STEAM_0:0:102397735><>" STEAM USERID validated
L 12/31/2024 - 15:41:27: [META] (debug:3) Calling engine_amxx_i386.so:ClientConnect()
L 12/31/2024 - 15:41:27: [META] (debug:3) Calling fun_amxx_i386.so:ClientConnect()
L 12/31/2024 - 15:41:27: [META] (debug:3) Calling server.so:ClientConnect()
L 12/31/2024 - 15:41:27: \Virtualpunk\STEAM_0:0:102397735\ connected from address 37.112.171.175:27005
L 12/31/2024 - 15:41:27: [META] (debug:3) Calling amxmodx_mm_i386.so:ClientConnect_Post()
L 12/31/2024 - 15:41:33: [META] (debug:3) Calling server.so:ClientPutInServer()
L 12/31/2024 - 15:41:33: [META] (debug:3) Calling engine:QueryClientCvarValue2()
L 12/31/2024 - 15:41:33: [META] (debug:3) Calling amxmodx_mm_i386.so:ClientPutInServer_Post()
L 12/31/2024 - 15:41:33: \Virtualpunk\STEAM_0:0:102397735\ entered the game as barney(0,104)
L 12/31/2024 - 15:41:33: [META] (debug:3) Calling amxmodx_mm_i386.so:CvarValue2()
L 12/31/2024 - 15:41:33: [META] (debug:3) Calling server.so:CvarValue2()
L 12/31/2024 - 15:41:33: [META] (debug:3) Calling engine:QueryClientCvarValue2()
L 12/31/2024 - 15:41:36: [META] (debug:3) Calling amxmodx_mm_i386.so:CvarValue2()
L 12/31/2024 - 15:41:36: [META] (debug:3) Calling server.so:CvarValue2()
L 12/31/2024 - 15:41:36: [META] (debug:3) Calling engine:QueryClientCvarValue2()
L 12/31/2024 - 15:41:36: [META] (debug:3) Calling amxmodx_mm_i386.so:CvarValue2()
L 12/31/2024 - 15:41:36: [META] (debug:3) Calling server.so:CvarValue2()
L 12/31/2024 - 15:41:36: [META] (debug:3) Calling engine:QueryClientCvarValue2()
L 12/31/2024 - 15:41:36: [META] (debug:3) Calling amxmodx_mm_i386.so:CvarValue2()
L 12/31/2024 - 15:41:36: [META] (debug:3) Calling server.so:CvarValue2()
L 12/31/2024 - 15:41:36: \Virtualpunk\STEAM_0:0:102397735\ Client version: Half-Life (OpenGL)
L 12/31/2024 - 15:42:24: \Virtualpunk\STEAM_0:0:102397735\ killed by "Explosion"
L 12/31/2024 - 15:43:29: \Virtualpunk\STEAM_0:0:102397735\ say "rvw"
L 12/31/2024 - 15:43:31: \Virtualpunk\STEAM_0:0:102397735\ say "rtv"
L 12/31/2024 - 15:43:39: \Virtualpunk\STEAM_0:0:102397735\ killed by "Explosion"
L 12/31/2024 - 15:44:04: \Virtualpunk\STEAM_0:0:102397735\ killed by "worldspawn"
L 12/31/2024 - 15:44:07: Server cvar "amx_nextmap" = "sc_test"
L 12/31/2024 - 15:44:10: \Virtualpunk\STEAM_0:0:102397735\ committed suicide with "gluon gun"
L 12/31/2024 - 15:44:11: [META] (debug:3) Calling amxmodx_mm_i386.so:ClientDisconnect()
L 12/31/2024 - 15:44:11: [META] (debug:3) Calling engine_amxx_i386.so:ClientDisconnect()
L 12/31/2024 - 15:44:11: [META] (debug:3) Calling server.so:ClientDisconnect()
L 12/31/2024 - 15:44:11: \bot1\BOT\ disconnected
L 12/31/2024 - 15:44:11: Dropped bot1 from server
L 12/31/2024 - 15:44:11: Reason:  Dropping fakeclient on level change
L 12/31/2024 - 15:44:11: [META] (debug:3) Calling amxmodx_mm_i386.so:ClientDisconnect()
L 12/31/2024 - 15:44:11: [META] (debug:3) Calling engine_amxx_i386.so:ClientDisconnect()
L 12/31/2024 - 15:44:11: [META] (debug:3) Calling server.so:ClientDisconnect()
L 12/31/2024 - 15:44:11: \bot2\BOT\ disconnected
L 12/31/2024 - 15:44:11: Dropped bot2 from server
L 12/31/2024 - 15:44:11: Reason:  Dropping fakeclient on level change
L 12/31/2024 - 15:44:11: [META] (debug:3) Calling amxmodx_mm_i386.so:ClientDisconnect()
L 12/31/2024 - 15:44:11: [META] (debug:3) Calling engine_amxx_i386.so:ClientDisconnect()
L 12/31/2024 - 15:44:11: [META] (debug:3) Calling server.so:ClientDisconnect()
L 12/31/2024 - 15:44:11: \bot3\BOT\ disconnected
L 12/31/2024 - 15:44:11: Dropped bot3 from server
L 12/31/2024 - 15:44:11: Reason:  Dropping fakeclient on level change
L 12/31/2024 - 15:44:11: [META] (debug:3) Calling amxmodx_mm_i386.so:ServerDeactivate()
L 12/31/2024 - 15:44:11: [META] (debug:3) Calling engine_amxx_i386.so:ServerDeactivate()
L 12/31/2024 - 15:44:11: [META] (debug:3) Calling server.so:ServerDeactivate()
L 12/31/2024 - 15:44:11: \Virtualpunk\STEAM_0:0:102397735\ -9 points, 4 deaths
L 12/31/2024 - 15:44:11: [META] (debug:3) Calling amxmodx_mm_i386.so:ServerDeactivate_Post()
L 12/31/2024 - 15:44:11: [META] (debug:3) Calling fakemeta_amxx_i386.so:ServerDeactivate_Post()
L 12/31/2024 - 15:44:11: [META] ini: Begin re-reading plugins list: /home/glitch/.steam/debian-installation/steamapps/common/hlds/valve/addons/metamod/plugins.ini
L 12/31/2024 - 15:44:11: [META] ini: Read plugin config for: AMX Mod X
L 12/31/2024 - 15:44:11: [META] ini: Finished reading plugins list: /home/glitch/.steam/debian-installation/steamapps/common/hlds/valve/addons/metamod/plugins.ini; Found 1 plugins
L 12/31/2024 - 15:44:11: [META] dll: Updating plugins...
L 12/31/2024 - 15:44:11: [META] (debug:1) Keeping plugin 'AMX Mod X'
L 12/31/2024 - 15:44:11: [META] dll: Finished updating 5 plugins; kept 1, loaded 0, unloaded 0, reloaded 0, delayed 0
L 12/31/2024 - 15:44:11: [META] (debug:3) Calling amxmodx_mm_i386.so:ClientDisconnect()
L 12/31/2024 - 15:44:11: [META] (debug:3) Calling engine_amxx_i386.so:ClientDisconnect()
L 12/31/2024 - 15:44:11: [META] (debug:3) Calling server.so:ClientDisconnect()
L 12/31/2024 - 15:44:11: \Virtualpunk\STEAM_0:0:102397735\ disconnected
L 12/31/2024 - 15:44:11: Log file closed

-------------------------------------------------------------------------------

