L 12/31/2024 - 15:36:56: Log file started (file "logs/L1231003.log") (game "valve") (version "48/1.1.2.2/Stdio/3897")
L 12/31/2024 - 15:36:56: Loading map "d1_trainstation_02"
L 12/31/2024 - 15:36:56: Server cvar "mp_soundvariety" = "0"
L 12/31/2024 - 15:36:56: Server cvar "mp_soundvariety" = "1"
L 12/31/2024 - 15:36:56: [META] (debug:3) user message registered again: name=VoiceMask, msgid=64
L 12/31/2024 - 15:36:56: [META] (debug:3) user message registered again: name=ReqState, msgid=65
L 12/31/2024 - 15:36:56: [META] (debug:3) Calling amxmodx_mm_i386.so:ServerActivate()
L 12/31/2024 - 15:36:56: [META] (debug:3) Calling engine_amxx_i386.so:ServerActivate()
L 12/31/2024 - 15:36:56: [META] (debug:3) Calling fakemeta_amxx_i386.so:ServerActivate()
L 12/31/2024 - 15:36:56: [META] (debug:3) Calling server.so:ServerActivate()
L 12/31/2024 - 15:36:56: Server cvar "mp_nextmap" = "d1_town_01"
L 12/31/2024 - 15:36:56: [META] (debug:3) Calling amxmodx_mm_i386.so:ServerActivate_Post()
L 12/31/2024 - 15:36:56: Server cvar "amx_nextmap" = "sandbox"
L 12/31/2024 - 15:36:57: Enemy stats: 0k health, 0 npcs
L 12/31/2024 - 15:36:57: Started map "d1_trainstation_02" (CRC "652026196")
L 12/31/2024 - 15:36:57: [META] (debug:3) Calling engine_amxx_i386.so:ClientConnect()
L 12/31/2024 - 15:36:57: [META] (debug:3) Calling fun_amxx_i386.so:ClientConnect()
L 12/31/2024 - 15:36:57: [META] (debug:3) Calling server.so:ClientConnect()
L 12/31/2024 - 15:36:57: \Virtualpunk\STEAM_0:0:102397735\ connected from address 37.112.171.175:27005
L 12/31/2024 - 15:36:57: [META] (debug:3) Calling amxmodx_mm_i386.so:ClientConnect_Post()
L 12/31/2024 - 15:37:00: \bot2\BOT\ connected from address 127.0.0.1
L 12/31/2024 - 15:37:00: \bot2\BOT\ entered the game as ld_gordon(62,102)
L 12/31/2024 - 15:37:00: \bot1\BOT\ connected from address 127.0.0.1
L 12/31/2024 - 15:37:00: \bot1\BOT\ entered the game as ld_gordon(143,92)
L 12/31/2024 - 15:37:00: \bot3\BOT\ connected from address 127.0.0.1
L 12/31/2024 - 15:37:00: \bot3\BOT\ entered the game as ld_gordon(191,101)
L 12/31/2024 - 15:37:02: Dropped Virtualpunk from server
L 12/31/2024 - 15:37:02: Reason:  Client sent 'drop'
L 12/31/2024 - 15:37:04: "Virtualpunk<29><STEAM_0:0:102397735><>" STEAM USERID validated
L 12/31/2024 - 15:37:04: [META] (debug:3) Calling engine_amxx_i386.so:ClientConnect()
L 12/31/2024 - 15:37:04: [META] (debug:3) Calling fun_amxx_i386.so:ClientConnect()
L 12/31/2024 - 15:37:04: [META] (debug:3) Calling server.so:ClientConnect()
L 12/31/2024 - 15:37:04: \Virtualpunk\STEAM_0:0:102397735\ connected from address 37.112.171.175:27005
L 12/31/2024 - 15:37:04: [META] (debug:3) Calling amxmodx_mm_i386.so:ClientConnect_Post()
L 12/31/2024 - 15:37:10: [META] (debug:3) Calling server.so:ClientPutInServer()
L 12/31/2024 - 15:37:10: [META] (debug:3) Calling engine:QueryClientCvarValue2()
L 12/31/2024 - 15:37:10: [META] (debug:3) Calling amxmodx_mm_i386.so:ClientPutInServer_Post()
L 12/31/2024 - 15:37:10: \Virtualpunk\STEAM_0:0:102397735\ entered the game as barney(0,104)
L 12/31/2024 - 15:37:10: [META] (debug:3) Calling amxmodx_mm_i386.so:CvarValue2()
L 12/31/2024 - 15:37:10: [META] (debug:3) Calling server.so:CvarValue2()
L 12/31/2024 - 15:37:10: [META] (debug:3) Calling engine:QueryClientCvarValue2()
L 12/31/2024 - 15:37:12: [META] (debug:3) Calling amxmodx_mm_i386.so:CvarValue2()
L 12/31/2024 - 15:37:12: [META] (debug:3) Calling server.so:CvarValue2()
L 12/31/2024 - 15:37:12: [META] (debug:3) Calling engine:QueryClientCvarValue2()
L 12/31/2024 - 15:37:13: [META] (debug:3) Calling amxmodx_mm_i386.so:CvarValue2()
L 12/31/2024 - 15:37:13: [META] (debug:3) Calling server.so:CvarValue2()
L 12/31/2024 - 15:37:13: [META] (debug:3) Calling engine:QueryClientCvarValue2()
L 12/31/2024 - 15:37:13: [META] (debug:3) Calling amxmodx_mm_i386.so:CvarValue2()
L 12/31/2024 - 15:37:13: [META] (debug:3) Calling server.so:CvarValue2()
L 12/31/2024 - 15:37:13: \Virtualpunk\STEAM_0:0:102397735\ Client version: Half-Life (OpenGL)
L 12/31/2024 - 15:38:02: \Virtualpunk\STEAM_0:0:102397735\ say "rtv"
L 12/31/2024 - 15:38:27: \Virtualpunk\STEAM_0:0:102397735\ killed "Scientist" with "grenade"
L 12/31/2024 - 15:38:38: Server cvar "amx_nextmap" = "coolrig"
L 12/31/2024 - 15:38:42: [META] (debug:3) Calling amxmodx_mm_i386.so:ClientDisconnect()
L 12/31/2024 - 15:38:42: [META] (debug:3) Calling engine_amxx_i386.so:ClientDisconnect()
L 12/31/2024 - 15:38:42: [META] (debug:3) Calling server.so:ClientDisconnect()
L 12/31/2024 - 15:38:42: \bot2\BOT\ disconnected
L 12/31/2024 - 15:38:42: Dropped bot2 from server
L 12/31/2024 - 15:38:42: Reason:  Dropping fakeclient on level change
L 12/31/2024 - 15:38:42: [META] (debug:3) Calling amxmodx_mm_i386.so:ClientDisconnect()
L 12/31/2024 - 15:38:42: [META] (debug:3) Calling engine_amxx_i386.so:ClientDisconnect()
L 12/31/2024 - 15:38:42: [META] (debug:3) Calling server.so:ClientDisconnect()
L 12/31/2024 - 15:38:42: \bot1\BOT\ disconnected
L 12/31/2024 - 15:38:42: Dropped bot1 from server
L 12/31/2024 - 15:38:42: Reason:  Dropping fakeclient on level change
L 12/31/2024 - 15:38:42: [META] (debug:3) Calling amxmodx_mm_i386.so:ClientDisconnect()
L 12/31/2024 - 15:38:42: [META] (debug:3) Calling engine_amxx_i386.so:ClientDisconnect()
L 12/31/2024 - 15:38:42: [META] (debug:3) Calling server.so:ClientDisconnect()
L 12/31/2024 - 15:38:42: \bot3\BOT\ disconnected
L 12/31/2024 - 15:38:42: Dropped bot3 from server
L 12/31/2024 - 15:38:42: Reason:  Dropping fakeclient on level change
L 12/31/2024 - 15:38:42: [META] (debug:3) Calling amxmodx_mm_i386.so:ServerDeactivate()
L 12/31/2024 - 15:38:42: [META] (debug:3) Calling engine_amxx_i386.so:ServerDeactivate()
L 12/31/2024 - 15:38:42: [META] (debug:3) Calling server.so:ServerDeactivate()
L 12/31/2024 - 15:38:42: \Virtualpunk\STEAM_0:0:102397735\ 5 points, 0 deaths
L 12/31/2024 - 15:38:42: [META] (debug:3) Calling amxmodx_mm_i386.so:ServerDeactivate_Post()
L 12/31/2024 - 15:38:42: [META] (debug:3) Calling fakemeta_amxx_i386.so:ServerDeactivate_Post()
L 12/31/2024 - 15:38:42: [META] ini: Begin re-reading plugins list: /home/glitch/.steam/debian-installation/steamapps/common/hlds/valve/addons/metamod/plugins.ini
L 12/31/2024 - 15:38:42: [META] ini: Read plugin config for: AMX Mod X
L 12/31/2024 - 15:38:42: [META] ini: Finished reading plugins list: /home/glitch/.steam/debian-installation/steamapps/common/hlds/valve/addons/metamod/plugins.ini; Found 1 plugins
L 12/31/2024 - 15:38:42: [META] dll: Updating plugins...
L 12/31/2024 - 15:38:42: [META] (debug:1) Keeping plugin 'AMX Mod X'
L 12/31/2024 - 15:38:42: [META] dll: Finished updating 5 plugins; kept 1, loaded 0, unloaded 0, reloaded 0, delayed 0
L 12/31/2024 - 15:38:42: [META] (debug:3) Calling amxmodx_mm_i386.so:ClientDisconnect()
L 12/31/2024 - 15:38:42: [META] (debug:3) Calling engine_amxx_i386.so:ClientDisconnect()
L 12/31/2024 - 15:38:42: [META] (debug:3) Calling server.so:ClientDisconnect()
L 12/31/2024 - 15:38:42: \Virtualpunk\STEAM_0:0:102397735\ disconnected with 5 points
L 12/31/2024 - 15:38:42: Log file closed

-------------------------------------------------------------------------------

