L 12/31/2024 - 15:34:14: Log file started (file "logs/L1231001.log") (game "valve") (version "48/1.1.2.2/Stdio/3897")
L 12/31/2024 - 15:34:14: Loading map "c1a0d"
L 12/31/2024 - 15:34:14: Server cvar "mp_chattime" = "3"
L 12/31/2024 - 15:34:14: Server cvar "mp_soundvariety" = "0"
L 12/31/2024 - 15:34:14: Server cvar "mp_soundvariety" = "1"
L 12/31/2024 - 15:34:14: [META] (debug:3) user message registered again: name=VoiceMask, msgid=64
L 12/31/2024 - 15:34:14: [META] (debug:3) user message registered again: name=ReqState, msgid=65
L 12/31/2024 - 15:34:14: [META] (debug:3) Calling amxmodx_mm_i386.so:ServerActivate()
L 12/31/2024 - 15:34:14: [META] (debug:3) Calling engine_amxx_i386.so:ServerActivate()
L 12/31/2024 - 15:34:14: [META] (debug:3) Calling fakemeta_amxx_i386.so:ServerActivate()
L 12/31/2024 - 15:34:14: [META] (debug:3) Calling server.so:ServerActivate()
L 12/31/2024 - 15:34:14: Server cvar "mp_nextmap" = "c1a0"
L 12/31/2024 - 15:34:14: [META] (debug:3) Calling amxmodx_mm_i386.so:ServerActivate_Post()
L 12/31/2024 - 15:34:14: Server cvar "amx_nextmap" = "e1m1"
L 12/31/2024 - 15:34:14: Enemy stats: 0k health, 0 npcs
L 12/31/2024 - 15:34:14: Started map "c1a0d" (CRC "1235460829")
L 12/31/2024 - 15:34:15: [META] (debug:3) Calling engine_amxx_i386.so:ClientConnect()
L 12/31/2024 - 15:34:15: [META] (debug:3) Calling fun_amxx_i386.so:ClientConnect()
L 12/31/2024 - 15:34:15: [META] (debug:3) Calling server.so:ClientConnect()
L 12/31/2024 - 15:34:15: \Virtualpunk\STEAM_0:0:102397735\ connected from address 37.112.171.175:27005
L 12/31/2024 - 15:34:15: [META] (debug:3) Calling amxmodx_mm_i386.so:ClientConnect_Post()
L 12/31/2024 - 15:34:17: \bot3\BOT\ connected from address 127.0.0.1
L 12/31/2024 - 15:34:17: \bot3\BOT\ entered the game as ld_gordon(97,117)
L 12/31/2024 - 15:34:17: \bot2\BOT\ connected from address 127.0.0.1
L 12/31/2024 - 15:34:17: \bot2\BOT\ entered the game as ld_gordon(137,64)
L 12/31/2024 - 15:34:18: \bot1\BOT\ connected from address 127.0.0.1
L 12/31/2024 - 15:34:18: \bot1\BOT\ entered the game as ld_gordon(183,240)
L 12/31/2024 - 15:34:20: Dropped Virtualpunk from server
L 12/31/2024 - 15:34:20: Reason:  Client sent 'drop'
L 12/31/2024 - 15:34:28: "Virtualpunk<21><STEAM_0:0:102397735><>" STEAM USERID validated
L 12/31/2024 - 15:34:28: [META] (debug:3) Calling engine_amxx_i386.so:ClientConnect()
L 12/31/2024 - 15:34:28: [META] (debug:3) Calling fun_amxx_i386.so:ClientConnect()
L 12/31/2024 - 15:34:28: [META] (debug:3) Calling server.so:ClientConnect()
L 12/31/2024 - 15:34:28: \Virtualpunk\STEAM_0:0:102397735\ connected from address 37.112.171.175:27005
L 12/31/2024 - 15:34:28: [META] (debug:3) Calling amxmodx_mm_i386.so:ClientConnect_Post()
L 12/31/2024 - 15:34:34: [META] (debug:3) Calling server.so:ClientPutInServer()
L 12/31/2024 - 15:34:34: [META] (debug:3) Calling engine:QueryClientCvarValue2()
L 12/31/2024 - 15:34:34: [META] (debug:3) Calling amxmodx_mm_i386.so:ClientPutInServer_Post()
L 12/31/2024 - 15:34:34: \Virtualpunk\STEAM_0:0:102397735\ entered the game as barney(0,104)
L 12/31/2024 - 15:34:34: [META] (debug:3) Calling amxmodx_mm_i386.so:CvarValue2()
L 12/31/2024 - 15:34:34: [META] (debug:3) Calling server.so:CvarValue2()
L 12/31/2024 - 15:34:34: [META] (debug:3) Calling engine:QueryClientCvarValue2()
L 12/31/2024 - 15:34:36: [META] (debug:3) Calling amxmodx_mm_i386.so:CvarValue2()
L 12/31/2024 - 15:34:36: [META] (debug:3) Calling server.so:CvarValue2()
L 12/31/2024 - 15:34:36: [META] (debug:3) Calling engine:QueryClientCvarValue2()
L 12/31/2024 - 15:34:36: [META] (debug:3) Calling amxmodx_mm_i386.so:CvarValue2()
L 12/31/2024 - 15:34:36: [META] (debug:3) Calling server.so:CvarValue2()
L 12/31/2024 - 15:34:36: [META] (debug:3) Calling engine:QueryClientCvarValue2()
L 12/31/2024 - 15:34:36: [META] (debug:3) Calling amxmodx_mm_i386.so:CvarValue2()
L 12/31/2024 - 15:34:36: [META] (debug:3) Calling server.so:CvarValue2()
L 12/31/2024 - 15:34:36: \Virtualpunk\STEAM_0:0:102397735\ Client version: Half-Life (OpenGL)
L 12/31/2024 - 15:34:52: Server cvar "mp_chattime" = "5.000000"
L 12/31/2024 - 15:34:55: Kick: "bot3<18><STEAM_0:0:3><>" was kicked by "Console"
L 12/31/2024 - 15:34:55: [META] (debug:3) Calling amxmodx_mm_i386.so:ClientDisconnect()
L 12/31/2024 - 15:34:55: [META] (debug:3) Calling engine_amxx_i386.so:ClientDisconnect()
L 12/31/2024 - 15:34:55: [META] (debug:3) Calling server.so:ClientDisconnect()
L 12/31/2024 - 15:34:55: Dropped bot3 from server
L 12/31/2024 - 15:34:55: Reason:  Kicked
L 12/31/2024 - 15:34:55: Kick: "bot2<19><STEAM_0:1:3><>" was kicked by "Console"
L 12/31/2024 - 15:34:55: [META] (debug:3) Calling amxmodx_mm_i386.so:ClientDisconnect()
L 12/31/2024 - 15:34:55: [META] (debug:3) Calling engine_amxx_i386.so:ClientDisconnect()
L 12/31/2024 - 15:34:55: [META] (debug:3) Calling server.so:ClientDisconnect()
L 12/31/2024 - 15:34:55: Dropped bot2 from server
L 12/31/2024 - 15:34:55: Reason:  Kicked
L 12/31/2024 - 15:34:55: Kick: "bot1<20><STEAM_0:0:4><>" was kicked by "Console"
L 12/31/2024 - 15:34:55: [META] (debug:3) Calling amxmodx_mm_i386.so:ClientDisconnect()
L 12/31/2024 - 15:34:55: [META] (debug:3) Calling engine_amxx_i386.so:ClientDisconnect()
L 12/31/2024 - 15:34:55: [META] (debug:3) Calling server.so:ClientDisconnect()
L 12/31/2024 - 15:34:55: Dropped bot1 from server
L 12/31/2024 - 15:34:55: Reason:  Kicked
L 12/31/2024 - 15:34:55: [META] (debug:3) Calling amxmodx_mm_i386.so:ServerDeactivate()
L 12/31/2024 - 15:34:55: Server cvar "mp_chattime" = "3.000000"
L 12/31/2024 - 15:34:55: [META] (debug:3) Calling engine_amxx_i386.so:ServerDeactivate()
L 12/31/2024 - 15:34:55: [META] (debug:3) Calling server.so:ServerDeactivate()
L 12/31/2024 - 15:34:55: \Virtualpunk\STEAM_0:0:102397735\ 0 points, 0 deaths
L 12/31/2024 - 15:34:55: [META] (debug:3) Calling amxmodx_mm_i386.so:ServerDeactivate_Post()
L 12/31/2024 - 15:34:55: [META] (debug:3) Calling fakemeta_amxx_i386.so:ServerDeactivate_Post()
L 12/31/2024 - 15:34:55: [META] ini: Begin re-reading plugins list: /home/glitch/.steam/debian-installation/steamapps/common/hlds/valve/addons/metamod/plugins.ini
L 12/31/2024 - 15:34:55: [META] ini: Read plugin config for: AMX Mod X
L 12/31/2024 - 15:34:55: [META] ini: Finished reading plugins list: /home/glitch/.steam/debian-installation/steamapps/common/hlds/valve/addons/metamod/plugins.ini; Found 1 plugins
L 12/31/2024 - 15:34:55: [META] dll: Updating plugins...
L 12/31/2024 - 15:34:55: [META] (debug:1) Keeping plugin 'AMX Mod X'
L 12/31/2024 - 15:34:55: [META] dll: Finished updating 5 plugins; kept 1, loaded 0, unloaded 0, reloaded 0, delayed 0
L 12/31/2024 - 15:34:55: [META] (debug:3) Calling amxmodx_mm_i386.so:ClientDisconnect()
L 12/31/2024 - 15:34:55: [META] (debug:3) Calling engine_amxx_i386.so:ClientDisconnect()
L 12/31/2024 - 15:34:55: [META] (debug:3) Calling server.so:ClientDisconnect()
L 12/31/2024 - 15:34:55: Log file closed

-------------------------------------------------------------------------------

