L 12/31/2024 - 15:56:36: Log file started (file "logs/L1231013.log") (game "valve") (version "48/1.1.2.2/Stdio/3897")
L 12/31/2024 - 15:56:36: Loading map "sandbox"
L 12/31/2024 - 15:56:36: Server cvar "mp_soundvariety" = "0"
L 12/31/2024 - 15:56:36: Server cvar "mp_soundvariety" = "1"
L 12/31/2024 - 15:56:36: [META] (debug:3) user message registered again: name=VoiceMask, msgid=64
L 12/31/2024 - 15:56:36: [META] (debug:3) user message registered again: name=ReqState, msgid=65
L 12/31/2024 - 15:56:36: [META] (debug:3) Calling amxmodx_mm_i386.so:ServerActivate()
L 12/31/2024 - 15:56:36: [META] (debug:3) Calling engine_amxx_i386.so:ServerActivate()
L 12/31/2024 - 15:56:36: [META] (debug:3) Calling fakemeta_amxx_i386.so:ServerActivate()
L 12/31/2024 - 15:56:36: [META] (debug:3) Calling server.so:ServerActivate()
L 12/31/2024 - 15:56:36: Server cvar "mp_nextmap" = "sc_test"
L 12/31/2024 - 15:56:36: [META] (debug:3) Calling amxmodx_mm_i386.so:ServerActivate_Post()
L 12/31/2024 - 15:56:36: Server cvar "amx_nextmap" = "d1_trainstation_02"
L 12/31/2024 - 15:56:36: Enemy stats: 33k health, 44+ npcs
L 12/31/2024 - 15:56:36: Started map "sandbox" (CRC "1323732680")
L 12/31/2024 - 15:56:37: [META] (debug:3) Calling engine_amxx_i386.so:ClientConnect()
L 12/31/2024 - 15:56:37: [META] (debug:3) Calling fun_amxx_i386.so:ClientConnect()
L 12/31/2024 - 15:56:37: [META] (debug:3) Calling server.so:ClientConnect()
L 12/31/2024 - 15:56:37: \Virtualpunk\STEAM_0:0:102397735\ connected from address 37.112.171.175:27005
L 12/31/2024 - 15:56:37: [META] (debug:3) Calling amxmodx_mm_i386.so:ClientConnect_Post()
L 12/31/2024 - 15:56:39: \bot1\BOT\ connected from address 127.0.0.1
L 12/31/2024 - 15:56:39: \bot1\BOT\ entered the game as ld_gordon(150,70)
L 12/31/2024 - 15:56:39: \bot3\BOT\ connected from address 127.0.0.1
L 12/31/2024 - 15:56:39: \bot3\BOT\ entered the game as ld_gordon(126,130)
L 12/31/2024 - 15:56:39: \bot2\BOT\ connected from address 127.0.0.1
L 12/31/2024 - 15:56:39: \bot2\BOT\ entered the game as ld_gordon(58,192)
L 12/31/2024 - 15:56:42: Dropped Virtualpunk from server
L 12/31/2024 - 15:56:42: Reason:  Client sent 'drop'
L 12/31/2024 - 15:56:43: "Virtualpunk<69><STEAM_0:0:102397735><>" STEAM USERID validated
L 12/31/2024 - 15:56:43: [META] (debug:3) Calling engine_amxx_i386.so:ClientConnect()
L 12/31/2024 - 15:56:43: [META] (debug:3) Calling fun_amxx_i386.so:ClientConnect()
L 12/31/2024 - 15:56:43: [META] (debug:3) Calling server.so:ClientConnect()
L 12/31/2024 - 15:56:43: \Virtualpunk\STEAM_0:0:102397735\ connected from address 37.112.171.175:27005
L 12/31/2024 - 15:56:43: [META] (debug:3) Calling amxmodx_mm_i386.so:ClientConnect_Post()
L 12/31/2024 - 15:56:50: [META] (debug:3) Calling server.so:ClientPutInServer()
L 12/31/2024 - 15:56:50: [META] (debug:3) Calling engine:QueryClientCvarValue2()
L 12/31/2024 - 15:56:50: [META] (debug:3) Calling amxmodx_mm_i386.so:ClientPutInServer_Post()
L 12/31/2024 - 15:56:50: \Virtualpunk\STEAM_0:0:102397735\ entered the game as barney(0,104)
L 12/31/2024 - 15:56:50: [META] (debug:3) Calling amxmodx_mm_i386.so:CvarValue2()
L 12/31/2024 - 15:56:50: [META] (debug:3) Calling server.so:CvarValue2()
L 12/31/2024 - 15:56:50: [META] (debug:3) Calling engine:QueryClientCvarValue2()
L 12/31/2024 - 15:56:53: [META] (debug:3) Calling amxmodx_mm_i386.so:CvarValue2()
L 12/31/2024 - 15:56:53: [META] (debug:3) Calling server.so:CvarValue2()
L 12/31/2024 - 15:56:53: [META] (debug:3) Calling engine:QueryClientCvarValue2()
L 12/31/2024 - 15:56:54: [META] (debug:3) Calling amxmodx_mm_i386.so:CvarValue2()
L 12/31/2024 - 15:56:54: [META] (debug:3) Calling server.so:CvarValue2()
L 12/31/2024 - 15:56:54: [META] (debug:3) Calling engine:QueryClientCvarValue2()
L 12/31/2024 - 15:56:55: [META] (debug:3) Calling amxmodx_mm_i386.so:CvarValue2()
L 12/31/2024 - 15:56:55: [META] (debug:3) Calling server.so:CvarValue2()
L 12/31/2024 - 15:56:55: \Virtualpunk\STEAM_0:0:102397735\ Client version: Half-Life (OpenGL)
L 12/31/2024 - 15:57:17: \Virtualpunk\STEAM_0:0:102397735\ killed "Alien Slave" with "gluon gun"
L 12/31/2024 - 15:57:17: \Virtualpunk\STEAM_0:0:102397735\ killed "Barney" with "gluon gun"
L 12/31/2024 - 15:57:17: \Virtualpunk\STEAM_0:0:102397735\ killed "Scientist" with "gluon gun"
L 12/31/2024 - 15:57:17: \Virtualpunk\STEAM_0:0:102397735\ killed "Houndeye" with "gluon gun"
L 12/31/2024 - 15:57:17: \Virtualpunk\STEAM_0:0:102397735\ killed "Baby Headcrab" with "gluon gun"
L 12/31/2024 - 15:57:17: \Virtualpunk\STEAM_0:0:102397735\ killed "Headcrab" with "gluon gun"
L 12/31/2024 - 15:57:17: \Virtualpunk\STEAM_0:0:102397735\ killed "Houndeye" with "gluon gun"
L 12/31/2024 - 15:57:17: \Virtualpunk\STEAM_0:0:102397735\ killed "Headcrab" with "gluon gun"
L 12/31/2024 - 15:57:17: \Virtualpunk\STEAM_0:0:102397735\ killed "Zombie" with "gluon gun"
L 12/31/2024 - 15:57:17: \Virtualpunk\STEAM_0:0:102397735\ killed "Alien Grunt" with "gluon gun"
L 12/31/2024 - 15:57:17: \Virtualpunk\STEAM_0:0:102397735\ killed "Alien Controller" with "gluon gun"
L 12/31/2024 - 15:57:18: \Virtualpunk\STEAM_0:0:102397735\ killed "Barnacle" with "gluon gun"
L 12/31/2024 - 15:57:18: \Virtualpunk\STEAM_0:0:102397735\ killed "Alien Slave" with "gluon gun"
L 12/31/2024 - 15:57:18: \Virtualpunk\STEAM_0:0:102397735\ killed "Houndeye" with "gluon gun"
L 12/31/2024 - 15:57:18: \Virtualpunk\STEAM_0:0:102397735\ killed "Barney" with "gluon gun"
L 12/31/2024 - 15:57:18: \Virtualpunk\STEAM_0:0:102397735\ killed "Scientist" with "gluon gun"
L 12/31/2024 - 15:57:18: \Virtualpunk\STEAM_0:0:102397735\ killed "Scientist" with "gluon gun"
L 12/31/2024 - 15:57:18: \Virtualpunk\STEAM_0:0:102397735\ killed "Barney" with "gluon gun"
L 12/31/2024 - 15:57:18: \Virtualpunk\STEAM_0:0:102397735\ killed "Barney" with "gluon gun"
L 12/31/2024 - 15:57:18: \Virtualpunk\STEAM_0:0:102397735\ killed "Zombie" with "gluon gun"
L 12/31/2024 - 16:04:39: "RUFIAN<70><STEAM_0:1:805598967><>" STEAM USERID validated
L 12/31/2024 - 16:04:39: [META] (debug:3) Calling engine_amxx_i386.so:ClientConnect()
L 12/31/2024 - 16:04:39: [META] (debug:3) Calling fun_amxx_i386.so:ClientConnect()
L 12/31/2024 - 16:04:39: [META] (debug:3) Calling server.so:ClientConnect()
L 12/31/2024 - 16:04:39: \RUFIAN\STEAM_0:1:805598967\ connected from address 190.237.191.161:27005
L 12/31/2024 - 16:04:39: [META] (debug:3) Calling amxmodx_mm_i386.so:ClientConnect_Post()
L 12/31/2024 - 16:04:45: Dropped RUFIAN from server
L 12/31/2024 - 16:04:45: Reason:  Client sent 'drop'
L 12/31/2024 - 16:05:07: "RUFIAN<71><STEAM_0:1:805598967><>" STEAM USERID validated
L 12/31/2024 - 16:05:07: [META] (debug:3) Calling engine_amxx_i386.so:ClientConnect()
L 12/31/2024 - 16:05:07: [META] (debug:3) Calling fun_amxx_i386.so:ClientConnect()
L 12/31/2024 - 16:05:07: [META] (debug:3) Calling server.so:ClientConnect()
L 12/31/2024 - 16:05:07: \RUFIAN\STEAM_0:1:805598967\ connected from address 190.237.191.161:27005
L 12/31/2024 - 16:05:07: [META] (debug:3) Calling amxmodx_mm_i386.so:ClientConnect_Post()
L 12/31/2024 - 16:05:17: [META] (debug:3) Calling server.so:ClientPutInServer()
L 12/31/2024 - 16:05:17: [META] (debug:3) Calling engine:QueryClientCvarValue2()
L 12/31/2024 - 16:05:17: [META] (debug:3) Calling amxmodx_mm_i386.so:ClientPutInServer_Post()
L 12/31/2024 - 16:05:17: \RUFIAN\STEAM_0:1:805598967\ entered the game as skeleton(138,33)
L 12/31/2024 - 16:05:17: [META] (debug:3) Calling amxmodx_mm_i386.so:CvarValue2()
L 12/31/2024 - 16:05:17: [META] (debug:3) Calling server.so:CvarValue2()
L 12/31/2024 - 16:05:17: [META] (debug:3) Calling engine:QueryClientCvarValue2()
L 12/31/2024 - 16:05:20: [META] (debug:3) Calling amxmodx_mm_i386.so:CvarValue2()
L 12/31/2024 - 16:05:20: [META] (debug:3) Calling server.so:CvarValue2()
L 12/31/2024 - 16:05:20: [META] (debug:3) Calling engine:QueryClientCvarValue2()
L 12/31/2024 - 16:05:20: [META] (debug:3) Calling amxmodx_mm_i386.so:CvarValue2()
L 12/31/2024 - 16:05:20: [META] (debug:3) Calling server.so:CvarValue2()
L 12/31/2024 - 16:05:20: [META] (debug:3) Calling engine:QueryClientCvarValue2()
L 12/31/2024 - 16:05:21: [META] (debug:3) Calling amxmodx_mm_i386.so:CvarValue2()
L 12/31/2024 - 16:05:21: [META] (debug:3) Calling server.so:CvarValue2()
L 12/31/2024 - 16:05:21: \RUFIAN\STEAM_0:1:805598967\ Client version: Half-Life (OpenGL)
L 12/31/2024 - 16:05:28: \RUFIAN\STEAM_0:1:805598967\ killed "Baby Headcrab" with "gluon gun"
L 12/31/2024 - 16:05:28: \RUFIAN\STEAM_0:1:805598967\ killed "Bullsquid" with "gluon gun"
L 12/31/2024 - 16:05:32: \RUFIAN\STEAM_0:1:805598967\ killed "Alien Controller" with "gluon gun"
L 12/31/2024 - 16:05:33: \RUFIAN\STEAM_0:1:805598967\ killed "Alien Grunt" with "gluon gun"
L 12/31/2024 - 16:05:33: \RUFIAN\STEAM_0:1:805598967\ killed "Houndeye" with "gluon gun"
L 12/31/2024 - 16:05:34: \RUFIAN\STEAM_0:1:805598967\ killed "Alien Controller" with "gluon gun"
L 12/31/2024 - 16:05:38: \RUFIAN\STEAM_0:1:805598967\ killed "Barney" with "gluon gun"
L 12/31/2024 - 16:05:38: \RUFIAN\STEAM_0:1:805598967\ killed "Headcrab" with "gluon gun"
L 12/31/2024 - 16:05:38: \RUFIAN\STEAM_0:1:805598967\ killed "Scientist" with "gluon gun"
L 12/31/2024 - 16:05:38: \RUFIAN\STEAM_0:1:805598967\ killed "Scientist" with "gluon gun"
L 12/31/2024 - 16:05:38: \RUFIAN\STEAM_0:1:805598967\ killed "Scientist" with "gluon gun"
L 12/31/2024 - 16:05:38: \RUFIAN\STEAM_0:1:805598967\ killed "Houndeye" with "gluon gun"
L 12/31/2024 - 16:05:38: \RUFIAN\STEAM_0:1:805598967\ killed "Barney" with "gluon gun"
L 12/31/2024 - 16:05:38: \RUFIAN\STEAM_0:1:805598967\ killed "Alien Slave" with "gluon gun"
L 12/31/2024 - 16:05:38: \RUFIAN\STEAM_0:1:805598967\ killed "Alien Controller" with "gluon gun"
L 12/31/2024 - 16:05:38: \RUFIAN\STEAM_0:1:805598967\ killed "Houndeye" with "gluon gun"
L 12/31/2024 - 16:05:38: \RUFIAN\STEAM_0:1:805598967\ killed "Headcrab" with "gluon gun"
L 12/31/2024 - 16:05:39: \RUFIAN\STEAM_0:1:805598967\ killed "Baby Headcrab" with "gluon gun"
L 12/31/2024 - 16:05:39: \RUFIAN\STEAM_0:1:805598967\ killed "Headcrab" with "gluon gun"
L 12/31/2024 - 16:05:39: \RUFIAN\STEAM_0:1:805598967\ killed "Human Grunt" with "gluon gun"
L 12/31/2024 - 16:05:40: \RUFIAN\STEAM_0:1:805598967\ killed "Alien Controller" with "gluon gun"
L 12/31/2024 - 16:05:40: \RUFIAN\STEAM_0:1:805598967\ killed "Bullsquid" with "gluon gun"
L 12/31/2024 - 16:05:40: \RUFIAN\STEAM_0:1:805598967\ killed "Barney" with "gluon gun"
L 12/31/2024 - 16:05:40: \RUFIAN\STEAM_0:1:805598967\ killed "Headcrab" with "gluon gun"
L 12/31/2024 - 16:05:40: \RUFIAN\STEAM_0:1:805598967\ killed "Bullsquid" with "gluon gun"
L 12/31/2024 - 16:05:40: \RUFIAN\STEAM_0:1:805598967\ killed "Alien Grunt" with "gluon gun"
L 12/31/2024 - 16:05:40: \RUFIAN\STEAM_0:1:805598967\ killed "Gargantua" with "gluon gun"
L 12/31/2024 - 16:05:40: \RUFIAN\STEAM_0:1:805598967\ committed suicide with "gluon gun"
L 12/31/2024 - 16:05:40: \RUFIAN\STEAM_0:1:805598967\ killed "Houndeye" with "gluon gun"
L 12/31/2024 - 16:05:40: \RUFIAN\STEAM_0:1:805598967\ killed "Alien Grunt" with "gluon gun"
L 12/31/2024 - 16:05:56: \RUFIAN\STEAM_0:1:805598967\ killed by "Alien Grunt"
L 12/31/2024 - 16:06:04: \RUFIAN\STEAM_0:1:805598967\ killed by "Alien Slave"
L 12/31/2024 - 16:06:10: \RUFIAN\STEAM_0:1:805598967\ killed "Alien Slave" with "gluon gun"
L 12/31/2024 - 16:06:11: \RUFIAN\STEAM_0:1:805598967\ killed "Barney" with "gluon gun"
L 12/31/2024 - 16:06:11: \RUFIAN\STEAM_0:1:805598967\ committed suicide with "gluon gun"
L 12/31/2024 - 16:06:18: [META] (debug:3) Calling amxmodx_mm_i386.so:ClientDisconnect()
L 12/31/2024 - 16:06:18: [META] (debug:3) Calling engine_amxx_i386.so:ClientDisconnect()
L 12/31/2024 - 16:06:18: [META] (debug:3) Calling server.so:ClientDisconnect()
L 12/31/2024 - 16:06:18: \RUFIAN\STEAM_0:1:805598967\ disconnected with 60 points
L 12/31/2024 - 16:06:18: Dropped RUFIAN from server
L 12/31/2024 - 16:06:18: Reason:  Client sent 'drop'
L 12/31/2024 - 16:12:25: \Virtualpunk\STEAM_0:0:102397735\ killed "Baby Headcrab" with "skull"
L 12/31/2024 - 17:43:22: [META] (debug:3) Calling engine_amxx_i386.so:ClientConnect()
L 12/31/2024 - 17:43:22: [META] (debug:3) Calling fun_amxx_i386.so:ClientConnect()
L 12/31/2024 - 17:43:22: [META] (debug:3) Calling server.so:ClientConnect()
L 12/31/2024 - 17:43:22: \rs200\STEAM_0:0:570992712\ connected from address 73.170.71.177:27005
L 12/31/2024 - 17:43:22: [META] (debug:3) Calling amxmodx_mm_i386.so:ClientConnect_Post()
L 12/31/2024 - 17:43:22: "rs200<72><STEAM_0:0:570992712><>" STEAM USERID validated
L 12/31/2024 - 17:43:24: Dropped rs200 from server
L 12/31/2024 - 17:43:24: Reason:  Client sent 'drop'
L 12/31/2024 - 17:43:34: [META] (debug:3) Calling engine_amxx_i386.so:ClientConnect()
L 12/31/2024 - 17:43:34: [META] (debug:3) Calling fun_amxx_i386.so:ClientConnect()
L 12/31/2024 - 17:43:34: [META] (debug:3) Calling server.so:ClientConnect()
L 12/31/2024 - 17:43:34: \rs200\STEAM_0:0:570992712\ connected from address 73.170.71.177:27005
L 12/31/2024 - 17:43:34: [META] (debug:3) Calling amxmodx_mm_i386.so:ClientConnect_Post()
L 12/31/2024 - 17:43:35: "rs200<73><STEAM_0:0:570992712><>" STEAM USERID validated
L 12/31/2024 - 17:43:43: [META] (debug:3) Calling server.so:ClientPutInServer()
L 12/31/2024 - 17:43:43: [META] (debug:3) Calling engine:QueryClientCvarValue2()
L 12/31/2024 - 17:43:43: [META] (debug:3) Calling amxmodx_mm_i386.so:ClientPutInServer_Post()
L 12/31/2024 - 17:43:43: \rs200\STEAM_0:0:570992712\ entered the game as acrkilleronetime(18,180)
L 12/31/2024 - 17:43:44: [META] (debug:3) Calling amxmodx_mm_i386.so:CvarValue2()
L 12/31/2024 - 17:43:44: [META] (debug:3) Calling server.so:CvarValue2()
L 12/31/2024 - 17:43:44: [META] (debug:3) Calling engine:QueryClientCvarValue2()
L 12/31/2024 - 17:43:44: [META] (debug:3) Calling amxmodx_mm_i386.so:CvarValue2()
L 12/31/2024 - 17:43:44: [META] (debug:3) Calling server.so:CvarValue2()
L 12/31/2024 - 17:43:44: [META] (debug:3) Calling engine:QueryClientCvarValue2()
L 12/31/2024 - 17:43:45: [META] (debug:3) Calling amxmodx_mm_i386.so:CvarValue2()
L 12/31/2024 - 17:43:45: [META] (debug:3) Calling server.so:CvarValue2()
L 12/31/2024 - 17:43:45: [META] (debug:3) Calling engine:QueryClientCvarValue2()
L 12/31/2024 - 17:43:45: [META] (debug:3) Calling amxmodx_mm_i386.so:CvarValue2()
L 12/31/2024 - 17:43:45: [META] (debug:3) Calling server.so:CvarValue2()
L 12/31/2024 - 17:43:45: \rs200\STEAM_0:0:570992712\ Client version: Half-Life (OpenGL)
L 12/31/2024 - 17:43:50: \rs200\STEAM_0:0:570992712\ killed "Houndeye" with "gluon gun"
L 12/31/2024 - 17:43:50: \rs200\STEAM_0:0:570992712\ killed "Headcrab" with "gluon gun"
L 12/31/2024 - 17:43:50: \rs200\STEAM_0:0:570992712\ killed by "Big Momma"
L 12/31/2024 - 17:43:55: \rs200\STEAM_0:0:570992712\ killed "Baby Headcrab" with "gluon gun"
L 12/31/2024 - 17:43:55: \rs200\STEAM_0:0:570992712\ killed "Houndeye" with "gluon gun"
L 12/31/2024 - 17:43:59: \rs200\STEAM_0:0:570992712\ killed "Houndeye" with "gluon gun"
L 12/31/2024 - 17:44:00: \rs200\STEAM_0:0:570992712\ killed "Barney" with "gluon gun"
L 12/31/2024 - 17:44:00: \rs200\STEAM_0:0:570992712\ killed "Barney" with "gluon gun"
L 12/31/2024 - 17:44:00: \rs200\STEAM_0:0:570992712\ killed "Alien Slave" with "gluon gun"
L 12/31/2024 - 17:44:00: \rs200\STEAM_0:0:570992712\ killed "Female Assassin" with "gluon gun"
L 12/31/2024 - 17:44:01: \rs200\STEAM_0:0:570992712\ killed "Baby Headcrab" with "gluon gun"
L 12/31/2024 - 17:44:01: \rs200\STEAM_0:0:570992712\ killed by "Female Assassin"
L 12/31/2024 - 17:44:04: \rs200\STEAM_0:0:570992712\ killed by "Barney"
L 12/31/2024 - 17:44:06: \rs200\STEAM_0:0:570992712\ killed "Baby Headcrab" with "gluon gun"
L 12/31/2024 - 17:44:11: \rs200\STEAM_0:0:570992712\ committed suicide with "gluon gun"
L 12/31/2024 - 17:44:11: \rs200\STEAM_0:0:570992712\ killed "Alien Slave" with "gluon gun"
L 12/31/2024 - 17:44:13: \rs200\STEAM_0:0:570992712\ killed "Alien Slave" with "gluon gun"
L 12/31/2024 - 17:44:15: \rs200\STEAM_0:0:570992712\ killed "Alien Slave" with "gluon gun"
L 12/31/2024 - 17:44:17: \rs200\STEAM_0:0:570992712\ killed "Alien Slave" with "gluon gun"
L 12/31/2024 - 17:44:18: \rs200\STEAM_0:0:570992712\ committed suicide with "gluon gun"
L 12/31/2024 - 17:44:18: \rs200\STEAM_0:0:570992712\ killed "Baby Headcrab" with "gluon gun"
L 12/31/2024 - 17:44:18: \rs200\STEAM_0:0:570992712\ killed "Barney" with "gluon gun"
L 12/31/2024 - 17:44:18: \rs200\STEAM_0:0:570992712\ killed "Rat" with "gluon gun"
L 12/31/2024 - 17:44:20: \rs200\STEAM_0:0:570992712\ killed "Alien Slave" with "gluon gun"
L 12/31/2024 - 17:44:20: \rs200\STEAM_0:0:570992712\ killed "Barney" with "gluon gun"
L 12/31/2024 - 17:44:20: \rs200\STEAM_0:0:570992712\ killed "Scientist" with "gluon gun"
L 12/31/2024 - 17:44:21: \rs200\STEAM_0:0:570992712\ killed by "Alien Slave"
L 12/31/2024 - 17:44:24: \rs200\STEAM_0:0:570992712\ killed "Female Assassin" with "gluon gun"
L 12/31/2024 - 17:44:24: \rs200\STEAM_0:0:570992712\ killed "Headcrab" with "gluon gun"
L 12/31/2024 - 17:44:24: \rs200\STEAM_0:0:570992712\ killed "Headcrab" with "gluon gun"
L 12/31/2024 - 17:44:25: \rs200\STEAM_0:0:570992712\ killed "Houndeye" with "gluon gun"
L 12/31/2024 - 17:44:25: \rs200\STEAM_0:0:570992712\ killed "Houndeye" with "gluon gun"
L 12/31/2024 - 17:44:26: \rs200\STEAM_0:0:570992712\ killed "Headcrab" with "gluon gun"
L 12/31/2024 - 17:44:26: \rs200\STEAM_0:0:570992712\ killed "Houndeye" with "gluon gun"
L 12/31/2024 - 17:44:27: \rs200\STEAM_0:0:570992712\ killed "Alien Slave" with "gluon gun"
L 12/31/2024 - 17:44:27: \rs200\STEAM_0:0:570992712\ killed "Headcrab" with "gluon gun"
L 12/31/2024 - 17:44:27: \rs200\STEAM_0:0:570992712\ killed by "Human Grunt"
L 12/31/2024 - 17:44:34: \rs200\STEAM_0:0:570992712\ killed "Alien Slave" with "gluon gun"
L 12/31/2024 - 17:44:36: \rs200\STEAM_0:0:570992712\ killed "Baby Headcrab" with "gluon gun"
L 12/31/2024 - 17:44:36: \rs200\STEAM_0:0:570992712\ killed "Scientist" with "gluon gun"
L 12/31/2024 - 17:44:36: \rs200\STEAM_0:0:570992712\ killed "Barney" with "gluon gun"
L 12/31/2024 - 17:44:36: \rs200\STEAM_0:0:570992712\ killed "Alien Slave" with "gluon gun"
L 12/31/2024 - 17:44:36: \rs200\STEAM_0:0:570992712\ killed "Scientist" with "gluon gun"
L 12/31/2024 - 17:44:36: \rs200\STEAM_0:0:570992712\ killed "Female Assassin" with "gluon gun"
L 12/31/2024 - 17:44:37: \rs200\STEAM_0:0:570992712\ killed "Barney" with "gluon gun"
L 12/31/2024 - 17:44:37: \rs200\STEAM_0:0:570992712\ killed "Alien Slave" with "gluon gun"
L 12/31/2024 - 17:44:37: \rs200\STEAM_0:0:570992712\ killed "Bullsquid" with "gluon gun"
L 12/31/2024 - 17:44:38: \rs200\STEAM_0:0:570992712\ killed "Alien Slave" with "gluon gun"
L 12/31/2024 - 17:44:38: \rs200\STEAM_0:0:570992712\ killed by "Hornet"
L 12/31/2024 - 17:44:46: \rs200\STEAM_0:0:570992712\ killed by "Human Grunt"
L 12/31/2024 - 17:44:47: \rs200\STEAM_0:0:570992712\ killed by "Human Grunt"
L 12/31/2024 - 17:44:51: \rs200\STEAM_0:0:570992712\ killed by "Human Grunt"
L 12/31/2024 - 17:44:54: \rs200\STEAM_0:0:570992712\ killed "Baby Headcrab" with "gluon gun"
L 12/31/2024 - 17:44:57: \rs200\STEAM_0:0:570992712\ committed suicide with "gluon gun"
L 12/31/2024 - 17:44:59: \rs200\STEAM_0:0:570992712\ killed "Houndeye" with "gluon gun"
L 12/31/2024 - 17:44:59: \rs200\STEAM_0:0:570992712\ killed "Alien Grunt" with "gluon gun"
L 12/31/2024 - 17:45:01: \rs200\STEAM_0:0:570992712\ killed by "Human Grunt"
L 12/31/2024 - 17:45:03: \rs200\STEAM_0:0:570992712\ killed "Houndeye" with "gluon gun"
L 12/31/2024 - 17:45:03: \rs200\STEAM_0:0:570992712\ killed "Baby Headcrab" with "gluon gun"
L 12/31/2024 - 17:45:03: \rs200\STEAM_0:0:570992712\ killed "Headcrab" with "gluon gun"
L 12/31/2024 - 17:45:03: \rs200\STEAM_0:0:570992712\ killed "Headcrab" with "gluon gun"
L 12/31/2024 - 17:45:04: \rs200\STEAM_0:0:570992712\ killed "Human Grunt" with "gluon gun"
L 12/31/2024 - 17:45:04: \rs200\STEAM_0:0:570992712\ killed "Alien Controller" with "gluon gun"
L 12/31/2024 - 17:45:04: \rs200\STEAM_0:0:570992712\ killed "Baby Headcrab" with "gluon gun"
L 12/31/2024 - 17:45:04: \rs200\STEAM_0:0:570992712\ killed "Headcrab" with "gluon gun"
L 12/31/2024 - 17:45:04: \rs200\STEAM_0:0:570992712\ killed "Female Assassin" with "gluon gun"
L 12/31/2024 - 17:45:04: \rs200\STEAM_0:0:570992712\ killed "Alien Slave" with "gluon gun"
L 12/31/2024 - 17:45:04: \rs200\STEAM_0:0:570992712\ killed "Houndeye" with "gluon gun"
L 12/31/2024 - 17:45:05: \rs200\STEAM_0:0:570992712\ killed "Human Grunt" with "gluon gun"
L 12/31/2024 - 17:45:05: \rs200\STEAM_0:0:570992712\ killed "Alien Grunt" with "gluon gun"
L 12/31/2024 - 17:45:06: \rs200\STEAM_0:0:570992712\ killed by "Alien Grunt"
L 12/31/2024 - 17:45:10: \rs200\STEAM_0:0:570992712\ killed "Houndeye" with "gluon gun"
L 12/31/2024 - 17:45:11: \rs200\STEAM_0:0:570992712\ killed "Big Momma" with "gluon gun"
L 12/31/2024 - 17:45:13: \rs200\STEAM_0:0:570992712\ committed suicide with "gluon gun"
L 12/31/2024 - 17:45:16: \rs200\STEAM_0:0:570992712\ killed "Alien Slave" with "gluon gun"
L 12/31/2024 - 17:45:16: \rs200\STEAM_0:0:570992712\ killed "Alien Slave" with "gluon gun"
L 12/31/2024 - 17:45:16: \rs200\STEAM_0:0:570992712\ killed "Houndeye" with "gluon gun"
L 12/31/2024 - 17:45:17: \rs200\STEAM_0:0:570992712\ killed "Barney" with "gluon gun"
L 12/31/2024 - 17:45:18: \rs200\STEAM_0:0:570992712\ killed "Baby Headcrab" with "gluon gun"
L 12/31/2024 - 17:45:19: \rs200\STEAM_0:0:570992712\ killed "Houndeye" with "gluon gun"
L 12/31/2024 - 17:45:20: \rs200\STEAM_0:0:570992712\ killed "Alien Slave" with "gluon gun"
L 12/31/2024 - 17:45:20: \rs200\STEAM_0:0:570992712\ killed "Barney" with "gluon gun"
L 12/31/2024 - 17:45:20: \rs200\STEAM_0:0:570992712\ killed "Alien Controller" with "gluon gun"
L 12/31/2024 - 17:45:21: \rs200\STEAM_0:0:570992712\ killed "Alien Grunt" with "gluon gun"
L 12/31/2024 - 17:45:21: \rs200\STEAM_0:0:570992712\ killed by "Barney"
L 12/31/2024 - 17:45:25: \rs200\STEAM_0:0:570992712\ killed "Alien Grunt" with "gluon gun"
L 12/31/2024 - 17:45:26: \rs200\STEAM_0:0:570992712\ killed "Barney" with "gluon gun"
L 12/31/2024 - 17:45:26: \rs200\STEAM_0:0:570992712\ killed "Houndeye" with "gluon gun"
L 12/31/2024 - 17:45:26: \rs200\STEAM_0:0:570992712\ killed "Female Assassin" with "gluon gun"
L 12/31/2024 - 17:45:26: \rs200\STEAM_0:0:570992712\ killed "Alien Controller" with "gluon gun"
L 12/31/2024 - 17:45:26: \rs200\STEAM_0:0:570992712\ killed "Alien Slave" with "gluon gun"
L 12/31/2024 - 17:45:26: \rs200\STEAM_0:0:570992712\ killed "Scientist" with "gluon gun"
L 12/31/2024 - 17:45:26: \rs200\STEAM_0:0:570992712\ killed "Scientist" with "gluon gun"
L 12/31/2024 - 17:45:26: \rs200\STEAM_0:0:570992712\ killed "Barney" with "gluon gun"
L 12/31/2024 - 17:45:26: \rs200\STEAM_0:0:570992712\ killed "Barney" with "gluon gun"
L 12/31/2024 - 17:45:26: \rs200\STEAM_0:0:570992712\ killed "Alien Grunt" with "gluon gun"
L 12/31/2024 - 17:45:26: \rs200\STEAM_0:0:570992712\ killed "Houndeye" with "gluon gun"
L 12/31/2024 - 17:45:26: \rs200\STEAM_0:0:570992712\ killed "Human Grunt" with "gluon gun"
L 12/31/2024 - 17:45:26: \rs200\STEAM_0:0:570992712\ killed "Barney" with "gluon gun"
L 12/31/2024 - 17:45:26: \rs200\STEAM_0:0:570992712\ killed "Barney" with "gluon gun"
L 12/31/2024 - 17:45:26: \rs200\STEAM_0:0:570992712\ killed "Houndeye" with "gluon gun"
L 12/31/2024 - 17:45:26: \rs200\STEAM_0:0:570992712\ killed "Human Grunt" with "gluon gun"
L 12/31/2024 - 17:45:26: \rs200\STEAM_0:0:570992712\ committed suicide with "gluon gun"
L 12/31/2024 - 17:45:26: \rs200\STEAM_0:0:570992712\ killed "Barney" with "gluon gun"
L 12/31/2024 - 17:45:26: \rs200\STEAM_0:0:570992712\ killed "Scientist" with "gluon gun"
L 12/31/2024 - 17:45:26: \rs200\STEAM_0:0:570992712\ killed "Alien Slave" with "gluon gun"
L 12/31/2024 - 17:45:26: \rs200\STEAM_0:0:570992712\ killed "Houndeye" with "gluon gun"
L 12/31/2024 - 17:45:26: \rs200\STEAM_0:0:570992712\ killed "Houndeye" with "gluon gun"
L 12/31/2024 - 17:45:26: \rs200\STEAM_0:0:570992712\ killed "Alien Slave" with "gluon gun"
L 12/31/2024 - 17:45:26: \rs200\STEAM_0:0:570992712\ killed "Barney" with "gluon gun"
L 12/31/2024 - 17:45:26: \rs200\STEAM_0:0:570992712\ killed "Barney" with "gluon gun"
L 12/31/2024 - 17:45:26: \rs200\STEAM_0:0:570992712\ killed "Zombie" with "gluon gun"
L 12/31/2024 - 17:45:29: \rs200\STEAM_0:0:570992712\ killed "Headcrab" with "gluon gun"
L 12/31/2024 - 17:45:30: \rs200\STEAM_0:0:570992712\ killed "Headcrab" with "gluon gun"
L 12/31/2024 - 17:45:31: \rs200\STEAM_0:0:570992712\ killed "Houndeye" with "gluon gun"
L 12/31/2024 - 17:45:31: \rs200\STEAM_0:0:570992712\ committed suicide with "gluon gun"
L 12/31/2024 - 17:45:31: \rs200\STEAM_0:0:570992712\ killed "Alien Slave" with "gluon gun"
L 12/31/2024 - 17:45:34: \rs200\STEAM_0:0:570992712\ killed "Human Grunt" with "gluon gun"
L 12/31/2024 - 17:45:34: \rs200\STEAM_0:0:570992712\ killed "Headcrab" with "gluon gun"
L 12/31/2024 - 17:45:35: \rs200\STEAM_0:0:570992712\ killed "Houndeye" with "gluon gun"
L 12/31/2024 - 17:45:35: \rs200\STEAM_0:0:570992712\ killed "Barney" with "gluon gun"
L 12/31/2024 - 17:45:36: \rs200\STEAM_0:0:570992712\ killed "Bullsquid" with "gluon gun"
L 12/31/2024 - 17:45:36: \rs200\STEAM_0:0:570992712\ killed "Houndeye" with "gluon gun"
L 12/31/2024 - 17:45:36: \rs200\STEAM_0:0:570992712\ killed "Female Assassin" with "gluon gun"
L 12/31/2024 - 17:45:36: \rs200\STEAM_0:0:570992712\ killed "Barney" with "gluon gun"
L 12/31/2024 - 17:45:36: \rs200\STEAM_0:0:570992712\ killed "Alien Slave" with "gluon gun"
L 12/31/2024 - 17:45:36: \rs200\STEAM_0:0:570992712\ killed "Baby Headcrab" with "gluon gun"
L 12/31/2024 - 17:45:37: \rs200\STEAM_0:0:570992712\ killed "Headcrab" with "gluon gun"
L 12/31/2024 - 17:45:37: \rs200\STEAM_0:0:570992712\ killed "Alien Controller" with "gluon gun"
L 12/31/2024 - 17:45:37: \rs200\STEAM_0:0:570992712\ killed "Scientist" with "gluon gun"
L 12/31/2024 - 17:45:37: \rs200\STEAM_0:0:570992712\ killed "Houndeye" with "gluon gun"
L 12/31/2024 - 17:45:37: \rs200\STEAM_0:0:570992712\ killed by "Human Grunt"
L 12/31/2024 - 17:45:40: \rs200\STEAM_0:0:570992712\ killed "Barney" with "gluon gun"
L 12/31/2024 - 17:45:40: \rs200\STEAM_0:0:570992712\ committed suicide with "gluon gun"
L 12/31/2024 - 17:45:43: \rs200\STEAM_0:0:570992712\ killed "Headcrab" with "gluon gun"
L 12/31/2024 - 17:45:43: \rs200\STEAM_0:0:570992712\ killed "Baby Headcrab" with "gluon gun"
L 12/31/2024 - 17:45:43: \rs200\STEAM_0:0:570992712\ killed by "Barney"
L 12/31/2024 - 17:45:45: \rs200\STEAM_0:0:570992712\ killed by "Barney"
L 12/31/2024 - 17:45:48: \rs200\STEAM_0:0:570992712\ killed "Barney" with "gluon gun"
L 12/31/2024 - 17:45:48: \rs200\STEAM_0:0:570992712\ killed "Alien Grunt" with "gluon gun"
L 12/31/2024 - 17:45:48: \rs200\STEAM_0:0:570992712\ killed "Human Grunt" with "gluon gun"
L 12/31/2024 - 17:45:48: \rs200\STEAM_0:0:570992712\ killed "Scientist" with "gluon gun"
L 12/31/2024 - 17:45:48: \rs200\STEAM_0:0:570992712\ killed "Scientist" with "gluon gun"
L 12/31/2024 - 17:45:49: \rs200\STEAM_0:0:570992712\ killed "Houndeye" with "gluon gun"
L 12/31/2024 - 17:45:49: \rs200\STEAM_0:0:570992712\ killed "Headcrab" with "gluon gun"
L 12/31/2024 - 17:45:50: \rs200\STEAM_0:0:570992712\ killed "Headcrab" with "gluon gun"
L 12/31/2024 - 17:45:50: \rs200\STEAM_0:0:570992712\ killed "Houndeye" with "gluon gun"
L 12/31/2024 - 17:45:50: \rs200\STEAM_0:0:570992712\ killed "Bullsquid" with "gluon gun"
L 12/31/2024 - 17:45:51: \rs200\STEAM_0:0:570992712\ killed "Headcrab" with "gluon gun"
L 12/31/2024 - 17:45:51: \rs200\STEAM_0:0:570992712\ killed "Houndeye" with "gluon gun"
L 12/31/2024 - 17:45:52: \rs200\STEAM_0:0:570992712\ killed "Bullsquid" with "gluon gun"
L 12/31/2024 - 17:45:52: \rs200\STEAM_0:0:570992712\ killed "Headcrab" with "gluon gun"
L 12/31/2024 - 17:45:52: \rs200\STEAM_0:0:570992712\ killed "Houndeye" with "gluon gun"
L 12/31/2024 - 17:45:53: \rs200\STEAM_0:0:570992712\ killed "Houndeye" with "gluon gun"
L 12/31/2024 - 17:45:53: \rs200\STEAM_0:0:570992712\ killed "Headcrab" with "gluon gun"
L 12/31/2024 - 17:45:53: \rs200\STEAM_0:0:570992712\ killed "Human Grunt" with "gluon gun"
L 12/31/2024 - 17:45:53: \rs200\STEAM_0:0:570992712\ committed suicide with "gluon gun"
L 12/31/2024 - 17:45:57: \rs200\STEAM_0:0:570992712\ committed suicide with "gluon gun"
L 12/31/2024 - 17:45:59: \rs200\STEAM_0:0:570992712\ killed "Barney" with "gluon gun"
L 12/31/2024 - 17:46:00: \rs200\STEAM_0:0:570992712\ killed "Barney" with "gluon gun"
L 12/31/2024 - 17:46:00: \rs200\STEAM_0:0:570992712\ killed "Baby Headcrab" with "gluon gun"
L 12/31/2024 - 17:46:00: \rs200\STEAM_0:0:570992712\ killed "Barney" with "gluon gun"
L 12/31/2024 - 17:46:00: \rs200\STEAM_0:0:570992712\ committed suicide with "gluon gun"
L 12/31/2024 - 17:46:02: \rs200\STEAM_0:0:570992712\ killed "Houndeye" with "gluon gun"
L 12/31/2024 - 17:46:02: \rs200\STEAM_0:0:570992712\ killed "Baby Headcrab" with "gluon gun"
L 12/31/2024 - 17:46:04: \rs200\STEAM_0:0:570992712\ killed "Alien Slave" with "gluon gun"
L 12/31/2024 - 17:46:04: \rs200\STEAM_0:0:570992712\ killed "Rat" with "gluon gun"
L 12/31/2024 - 17:46:05: \rs200\STEAM_0:0:570992712\ killed "Headcrab" with "gluon gun"
L 12/31/2024 - 17:46:05: \rs200\STEAM_0:0:570992712\ killed "Alien Grunt" with "gluon gun"
L 12/31/2024 - 17:46:05: \rs200\STEAM_0:0:570992712\ killed "Houndeye" with "gluon gun"
L 12/31/2024 - 17:46:05: \rs200\STEAM_0:0:570992712\ killed "Barney" with "gluon gun"
L 12/31/2024 - 17:46:05: \rs200\STEAM_0:0:570992712\ killed "Alien Controller" with "gluon gun"
L 12/31/2024 - 17:46:05: \rs200\STEAM_0:0:570992712\ killed "Baby Headcrab" with "gluon gun"
L 12/31/2024 - 17:46:05: \rs200\STEAM_0:0:570992712\ killed "Female Assassin" with "gluon gun"
L 12/31/2024 - 17:46:06: \rs200\STEAM_0:0:570992712\ killed "Alien Slave" with "gluon gun"
L 12/31/2024 - 17:46:06: \rs200\STEAM_0:0:570992712\ killed "Alien Slave" with "gluon gun"
L 12/31/2024 - 17:46:06: \rs200\STEAM_0:0:570992712\ killed "Female Assassin" with "gluon gun"
L 12/31/2024 - 17:46:06: \rs200\STEAM_0:0:570992712\ killed "Headcrab" with "gluon gun"
L 12/31/2024 - 17:46:06: \rs200\STEAM_0:0:570992712\ killed "Scientist" with "gluon gun"
L 12/31/2024 - 17:46:06: \rs200\STEAM_0:0:570992712\ killed "Headcrab" with "gluon gun"
L 12/31/2024 - 17:46:06: \rs200\STEAM_0:0:570992712\ killed "Barney" with "gluon gun"
L 12/31/2024 - 17:46:07: \rs200\STEAM_0:0:570992712\ killed "Scientist" with "gluon gun"
L 12/31/2024 - 17:46:07: \rs200\STEAM_0:0:570992712\ killed "Scientist" with "gluon gun"
L 12/31/2024 - 17:46:07: \rs200\STEAM_0:0:570992712\ killed "Houndeye" with "gluon gun"
L 12/31/2024 - 17:46:07: \rs200\STEAM_0:0:570992712\ killed "Houndeye" with "gluon gun"
L 12/31/2024 - 17:46:07: \rs200\STEAM_0:0:570992712\ killed "Barney" with "gluon gun"
L 12/31/2024 - 17:46:07: \rs200\STEAM_0:0:570992712\ killed "Alien Controller" with "gluon gun"
L 12/31/2024 - 17:46:07: \rs200\STEAM_0:0:570992712\ killed "Big Momma" with "gluon gun"
L 12/31/2024 - 17:46:07: \rs200\STEAM_0:0:570992712\ killed "Barney" with "gluon gun"
L 12/31/2024 - 17:46:07: \rs200\STEAM_0:0:570992712\ killed "Barney" with "gluon gun"
L 12/31/2024 - 17:46:07: \rs200\STEAM_0:0:570992712\ killed "Barney" with "gluon gun"
L 12/31/2024 - 17:46:08: \rs200\STEAM_0:0:570992712\ killed by "Barney"
L 12/31/2024 - 17:46:12: \rs200\STEAM_0:0:570992712\ killed "Barney" with "gluon gun"
L 12/31/2024 - 17:46:12: \rs200\STEAM_0:0:570992712\ killed "Houndeye" with "gluon gun"
L 12/31/2024 - 17:46:13: \rs200\STEAM_0:0:570992712\ killed "Alien Slave" with "gluon gun"
L 12/31/2024 - 17:46:13: \rs200\STEAM_0:0:570992712\ killed "Baby Headcrab" with "gluon gun"
L 12/31/2024 - 17:46:13: \rs200\STEAM_0:0:570992712\ killed "Headcrab" with "gluon gun"
L 12/31/2024 - 17:46:13: \rs200\STEAM_0:0:570992712\ killed "Headcrab" with "gluon gun"
L 12/31/2024 - 17:46:13: \rs200\STEAM_0:0:570992712\ killed "Bullsquid" with "gluon gun"
L 12/31/2024 - 17:46:13: \rs200\STEAM_0:0:570992712\ killed "Headcrab" with "gluon gun"
L 12/31/2024 - 17:46:13: \rs200\STEAM_0:0:570992712\ killed "Alien Grunt" with "gluon gun"
L 12/31/2024 - 17:46:14: \rs200\STEAM_0:0:570992712\ committed suicide with "gluon gun"
L 12/31/2024 - 17:46:16: \rs200\STEAM_0:0:570992712\ killed "Bullsquid" with "gluon gun"
L 12/31/2024 - 17:46:16: \rs200\STEAM_0:0:570992712\ killed "Barney" with "gluon gun"
L 12/31/2024 - 17:46:16: \rs200\STEAM_0:0:570992712\ killed by "Human Grunt"
L 12/31/2024 - 17:46:19: \rs200\STEAM_0:0:570992712\ killed "Baby Headcrab" with "gluon gun"
L 12/31/2024 - 17:46:19: \rs200\STEAM_0:0:570992712\ killed "Female Assassin" with "gluon gun"
L 12/31/2024 - 17:46:20: \rs200\STEAM_0:0:570992712\ killed "Headcrab" with "gluon gun"
L 12/31/2024 - 17:46:21: \rs200\STEAM_0:0:570992712\ killed "Alien Controller" with "gluon gun"
L 12/31/2024 - 17:46:21: \rs200\STEAM_0:0:570992712\ killed "Female Assassin" with "gluon gun"
L 12/31/2024 - 17:46:21: \rs200\STEAM_0:0:570992712\ killed "Headcrab" with "gluon gun"
L 12/31/2024 - 17:46:21: \rs200\STEAM_0:0:570992712\ killed "Rat" with "gluon gun"
L 12/31/2024 - 17:46:22: \rs200\STEAM_0:0:570992712\ killed "Scientist" with "gluon gun"
L 12/31/2024 - 17:46:22: \rs200\STEAM_0:0:570992712\ killed "Human Grunt" with "gluon gun"
L 12/31/2024 - 17:46:22: \rs200\STEAM_0:0:570992712\ killed "Headcrab" with "gluon gun"
L 12/31/2024 - 17:46:22: \rs200\STEAM_0:0:570992712\ killed "Barney" with "gluon gun"
L 12/31/2024 - 17:46:23: \rs200\STEAM_0:0:570992712\ killed "Bullsquid" with "gluon gun"
L 12/31/2024 - 17:46:23: \rs200\STEAM_0:0:570992712\ killed "Human Grunt" with "gluon gun"
L 12/31/2024 - 17:46:24: \rs200\STEAM_0:0:570992712\ killed "Female Assassin" with "gluon gun"
L 12/31/2024 - 17:46:24: \rs200\STEAM_0:0:570992712\ killed "Headcrab" with "gluon gun"
L 12/31/2024 - 17:46:24: \rs200\STEAM_0:0:570992712\ killed "Scientist" with "gluon gun"
L 12/31/2024 - 17:46:24: \rs200\STEAM_0:0:570992712\ killed "Alien Controller" with "gluon gun"
L 12/31/2024 - 17:46:25: \rs200\STEAM_0:0:570992712\ killed "Alien Slave" with "gluon gun"
L 12/31/2024 - 17:46:25: \rs200\STEAM_0:0:570992712\ killed "Alien Slave" with "gluon gun"
L 12/31/2024 - 17:46:25: \rs200\STEAM_0:0:570992712\ killed "Alien Slave" with "gluon gun"
L 12/31/2024 - 17:46:25: \rs200\STEAM_0:0:570992712\ killed "Headcrab" with "gluon gun"
L 12/31/2024 - 17:46:26: \rs200\STEAM_0:0:570992712\ killed "Human Grunt" with "gluon gun"
L 12/31/2024 - 17:46:26: \rs200\STEAM_0:0:570992712\ killed "Barney" with "gluon gun"
L 12/31/2024 - 17:46:26: \rs200\STEAM_0:0:570992712\ killed "Scientist" with "gluon gun"
L 12/31/2024 - 17:46:26: \rs200\STEAM_0:0:570992712\ killed "Zombie" with "gluon gun"
L 12/31/2024 - 17:46:26: \rs200\STEAM_0:0:570992712\ killed "Headcrab" with "gluon gun"
L 12/31/2024 - 17:46:26: \rs200\STEAM_0:0:570992712\ killed "Baby Headcrab" with "gluon gun"
L 12/31/2024 - 17:46:27: \rs200\STEAM_0:0:570992712\ killed "Bullsquid" with "gluon gun"
L 12/31/2024 - 17:46:27: \rs200\STEAM_0:0:570992712\ killed "Baby Headcrab" with "gluon gun"
L 12/31/2024 - 17:46:27: \rs200\STEAM_0:0:570992712\ killed "Barney" with "gluon gun"
L 12/31/2024 - 17:46:27: \rs200\STEAM_0:0:570992712\ killed "Headcrab" with "gluon gun"
L 12/31/2024 - 17:46:27: \rs200\STEAM_0:0:570992712\ killed "Female Assassin" with "gluon gun"
L 12/31/2024 - 17:46:27: \rs200\STEAM_0:0:570992712\ killed "Scientist" with "gluon gun"
L 12/31/2024 - 17:46:27: \rs200\STEAM_0:0:570992712\ killed "Alien Slave" with "gluon gun"
L 12/31/2024 - 17:46:27: \rs200\STEAM_0:0:570992712\ killed "Rat" with "gluon gun"
L 12/31/2024 - 17:46:28: \rs200\STEAM_0:0:570992712\ killed "Alien Slave" with "gluon gun"
L 12/31/2024 - 17:46:28: \rs200\STEAM_0:0:570992712\ killed "Houndeye" with "gluon gun"
L 12/31/2024 - 17:46:28: \rs200\STEAM_0:0:570992712\ killed "Houndeye" with "gluon gun"
L 12/31/2024 - 17:46:28: \rs200\STEAM_0:0:570992712\ killed "Bullsquid" with "gluon gun"
L 12/31/2024 - 17:46:28: \rs200\STEAM_0:0:570992712\ killed "Headcrab" with "gluon gun"
L 12/31/2024 - 17:46:28: \rs200\STEAM_0:0:570992712\ killed "Barney" with "gluon gun"
L 12/31/2024 - 17:46:28: \rs200\STEAM_0:0:570992712\ killed "Houndeye" with "gluon gun"
L 12/31/2024 - 17:46:29: \rs200\STEAM_0:0:570992712\ killed "Human Grunt" with "gluon gun"
L 12/31/2024 - 17:46:29: \rs200\STEAM_0:0:570992712\ killed "Barney" with "gluon gun"
L 12/31/2024 - 17:46:29: \rs200\STEAM_0:0:570992712\ killed by "Big Momma"
L 12/31/2024 - 17:46:31: \rs200\STEAM_0:0:570992712\ killed "Houndeye" with "gluon gun"
L 12/31/2024 - 17:46:31: \rs200\STEAM_0:0:570992712\ killed "Rat" with "gluon gun"
L 12/31/2024 - 17:46:31: \rs200\STEAM_0:0:570992712\ killed "Baby Headcrab" with "gluon gun"
L 12/31/2024 - 17:46:32: \rs200\STEAM_0:0:570992712\ killed "Headcrab" with "gluon gun"
L 12/31/2024 - 17:46:32: \rs200\STEAM_0:0:570992712\ killed "Alien Controller" with "gluon gun"
L 12/31/2024 - 17:46:32: \rs200\STEAM_0:0:570992712\ killed "Barney" with "gluon gun"
L 12/31/2024 - 17:46:32: \rs200\STEAM_0:0:570992712\ killed "Scientist" with "gluon gun"
L 12/31/2024 - 17:46:32: \rs200\STEAM_0:0:570992712\ killed "Scientist" with "gluon gun"
L 12/31/2024 - 17:46:32: \rs200\STEAM_0:0:570992712\ killed "Scientist" with "gluon gun"
L 12/31/2024 - 17:46:33: \rs200\STEAM_0:0:570992712\ killed by "Alien Slave"
L 12/31/2024 - 17:46:36: \rs200\STEAM_0:0:570992712\ killed "Headcrab" with "gluon gun"
L 12/31/2024 - 17:46:36: \rs200\STEAM_0:0:570992712\ killed "Scientist" with "gluon gun"
L 12/31/2024 - 17:46:36: \rs200\STEAM_0:0:570992712\ killed "Human Grunt" with "gluon gun"
L 12/31/2024 - 17:46:36: \rs200\STEAM_0:0:570992712\ killed "Headcrab" with "gluon gun"
L 12/31/2024 - 17:46:37: \rs200\STEAM_0:0:570992712\ killed "Houndeye" with "gluon gun"
L 12/31/2024 - 17:46:37: \rs200\STEAM_0:0:570992712\ killed "Houndeye" with "gluon gun"
L 12/31/2024 - 17:46:37: \rs200\STEAM_0:0:570992712\ killed "Scientist" with "gluon gun"
L 12/31/2024 - 17:46:38: \rs200\STEAM_0:0:570992712\ killed "Bullsquid" with "gluon gun"
L 12/31/2024 - 17:46:38: \rs200\STEAM_0:0:570992712\ committed suicide with "gluon gun"
L 12/31/2024 - 17:46:41: \rs200\STEAM_0:0:570992712\ killed "Zombie" with "gluon gun"
L 12/31/2024 - 17:46:41: \rs200\STEAM_0:0:570992712\ killed "Headcrab" with "gluon gun"
L 12/31/2024 - 17:46:41: \rs200\STEAM_0:0:570992712\ killed "Alien Slave" with "gluon gun"
L 12/31/2024 - 17:46:41: \rs200\STEAM_0:0:570992712\ killed "Headcrab" with "gluon gun"
L 12/31/2024 - 17:46:41: \rs200\STEAM_0:0:570992712\ killed "Houndeye" with "gluon gun"
L 12/31/2024 - 17:46:42: \rs200\STEAM_0:0:570992712\ killed "Headcrab" with "gluon gun"
L 12/31/2024 - 17:46:42: \rs200\STEAM_0:0:570992712\ killed "Human Grunt" with "gluon gun"
L 12/31/2024 - 17:46:42: \rs200\STEAM_0:0:570992712\ killed "Barney" with "gluon gun"
L 12/31/2024 - 17:46:42: \rs200\STEAM_0:0:570992712\ killed "Headcrab" with "gluon gun"
L 12/31/2024 - 17:46:44: \rs200\STEAM_0:0:570992712\ killed "Human Grunt" with "gluon gun"
L 12/31/2024 - 17:46:44: \rs200\STEAM_0:0:570992712\ killed "Headcrab" with "gluon gun"
L 12/31/2024 - 17:46:44: \rs200\STEAM_0:0:570992712\ killed "Houndeye" with "gluon gun"
L 12/31/2024 - 17:46:45: \rs200\STEAM_0:0:570992712\ killed "Headcrab" with "gluon gun"
L 12/31/2024 - 17:46:45: \rs200\STEAM_0:0:570992712\ killed "Alien Controller" with "gluon gun"
L 12/31/2024 - 17:46:46: \rs200\STEAM_0:0:570992712\ killed "Barney" with "gluon gun"
L 12/31/2024 - 17:46:46: \rs200\STEAM_0:0:570992712\ killed "Houndeye" with "gluon gun"
L 12/31/2024 - 17:46:46: \rs200\STEAM_0:0:570992712\ killed "Headcrab" with "gluon gun"
L 12/31/2024 - 17:46:47: \rs200\STEAM_0:0:570992712\ killed "Headcrab" with "gluon gun"
L 12/31/2024 - 17:46:47: \rs200\STEAM_0:0:570992712\ killed "Houndeye" with "gluon gun"
L 12/31/2024 - 17:46:47: \rs200\STEAM_0:0:570992712\ killed "Bullsquid" with "gluon gun"
L 12/31/2024 - 17:46:47: \rs200\STEAM_0:0:570992712\ killed "Barney" with "gluon gun"
L 12/31/2024 - 17:46:48: \rs200\STEAM_0:0:570992712\ killed "Bullsquid" with "gluon gun"
L 12/31/2024 - 17:46:48: \rs200\STEAM_0:0:570992712\ killed "Alien Controller" with "gluon gun"
L 12/31/2024 - 17:46:49: \rs200\STEAM_0:0:570992712\ killed "Barney" with "gluon gun"
L 12/31/2024 - 17:46:49: \rs200\STEAM_0:0:570992712\ killed by "Female Assassin"
L 12/31/2024 - 17:46:54: \rs200\STEAM_0:0:570992712\ killed "Baby Headcrab" with "gluon gun"
L 12/31/2024 - 17:46:54: \rs200\STEAM_0:0:570992712\ killed "Female Assassin" with "gluon gun"
L 12/31/2024 - 17:46:54: \rs200\STEAM_0:0:570992712\ killed "Scientist" with "gluon gun"
L 12/31/2024 - 17:46:54: \rs200\STEAM_0:0:570992712\ killed "Alien Slave" with "gluon gun"
L 12/31/2024 - 17:46:54: \rs200\STEAM_0:0:570992712\ killed "Houndeye" with "gluon gun"
L 12/31/2024 - 17:46:54: \rs200\STEAM_0:0:570992712\ killed "Headcrab" with "gluon gun"
L 12/31/2024 - 17:46:54: \rs200\STEAM_0:0:570992712\ killed "Human Grunt" with "gluon gun"
L 12/31/2024 - 17:46:54: \rs200\STEAM_0:0:570992712\ killed "Baby Headcrab" with "gluon gun"
L 12/31/2024 - 17:46:54: \rs200\STEAM_0:0:570992712\ killed "Female Assassin" with "gluon gun"
L 12/31/2024 - 17:46:55: \rs200\STEAM_0:0:570992712\ killed "Headcrab" with "gluon gun"
L 12/31/2024 - 17:46:55: \rs200\STEAM_0:0:570992712\ killed "Alien Controller" with "gluon gun"
L 12/31/2024 - 17:46:55: \rs200\STEAM_0:0:570992712\ killed "Barney" with "gluon gun"
L 12/31/2024 - 17:46:55: \rs200\STEAM_0:0:570992712\ killed "Headcrab" with "gluon gun"
L 12/31/2024 - 17:46:55: \rs200\STEAM_0:0:570992712\ killed "Scientist" with "gluon gun"
L 12/31/2024 - 17:46:55: \rs200\STEAM_0:0:570992712\ killed "Alien Slave" with "gluon gun"
L 12/31/2024 - 17:46:55: \rs200\STEAM_0:0:570992712\ killed "Zombie" with "gluon gun"
L 12/31/2024 - 17:46:55: \rs200\STEAM_0:0:570992712\ killed "Houndeye" with "gluon gun"
L 12/31/2024 - 17:46:55: \rs200\STEAM_0:0:570992712\ killed "Headcrab" with "gluon gun"
L 12/31/2024 - 17:46:55: \rs200\STEAM_0:0:570992712\ killed "Barney" with "gluon gun"
L 12/31/2024 - 17:46:55: \rs200\STEAM_0:0:570992712\ killed "Houndeye" with "gluon gun"
L 12/31/2024 - 17:46:56: \rs200\STEAM_0:0:570992712\ killed "Scientist" with "gluon gun"
L 12/31/2024 - 17:46:56: \rs200\STEAM_0:0:570992712\ killed "Bullsquid" with "gluon gun"
L 12/31/2024 - 17:46:56: \rs200\STEAM_0:0:570992712\ killed "Zombie" with "gluon gun"
L 12/31/2024 - 17:46:56: \rs200\STEAM_0:0:570992712\ killed "Houndeye" with "gluon gun"
L 12/31/2024 - 17:47:02: \rs200\STEAM_0:0:570992712\ killed by "Barney"
L 12/31/2024 - 17:47:06: \rs200\STEAM_0:0:570992712\ killed "Scientist" with "gluon gun"
L 12/31/2024 - 17:47:07: \rs200\STEAM_0:0:570992712\ killed "Scientist" with "gluon gun"
L 12/31/2024 - 17:47:07: \rs200\STEAM_0:0:570992712\ killed "Baby Headcrab" with "gluon gun"
L 12/31/2024 - 17:47:08: \rs200\STEAM_0:0:570992712\ killed "Scientist" with "gluon gun"
L 12/31/2024 - 17:47:08: \rs200\STEAM_0:0:570992712\ killed "Barney" with "gluon gun"
L 12/31/2024 - 17:47:08: \rs200\STEAM_0:0:570992712\ killed "Headcrab" with "gluon gun"
L 12/31/2024 - 17:47:08: \rs200\STEAM_0:0:570992712\ killed "Alien Slave" with "gluon gun"
L 12/31/2024 - 17:47:08: \rs200\STEAM_0:0:570992712\ killed "Female Assassin" with "gluon gun"
L 12/31/2024 - 17:47:09: \rs200\STEAM_0:0:570992712\ killed "Houndeye" with "gluon gun"
L 12/31/2024 - 17:47:09: \rs200\STEAM_0:0:570992712\ committed suicide with "gluon gun"
L 12/31/2024 - 17:47:09: \rs200\STEAM_0:0:570992712\ killed "Barney" with "gluon gun"
L 12/31/2024 - 17:47:11: \rs200\STEAM_0:0:570992712\ killed by "Human Grunt"
L 12/31/2024 - 17:47:17: \rs200\STEAM_0:0:570992712\ killed "Headcrab" with "gluon gun"
L 12/31/2024 - 17:47:17: \rs200\STEAM_0:0:570992712\ killed "Baby Headcrab" with "gluon gun"
L 12/31/2024 - 17:47:17: \rs200\STEAM_0:0:570992712\ killed "Headcrab" with "gluon gun"
L 12/31/2024 - 17:47:17: \rs200\STEAM_0:0:570992712\ killed "Baby Headcrab" with "gluon gun"
L 12/31/2024 - 17:47:17: \rs200\STEAM_0:0:570992712\ killed "Bullsquid" with "gluon gun"
L 12/31/2024 - 17:47:18: \rs200\STEAM_0:0:570992712\ killed "Headcrab" with "gluon gun"
L 12/31/2024 - 17:47:18: \rs200\STEAM_0:0:570992712\ killed "Houndeye" with "gluon gun"
L 12/31/2024 - 17:47:18: \rs200\STEAM_0:0:570992712\ killed "Headcrab" with "gluon gun"
L 12/31/2024 - 17:47:19: \rs200\STEAM_0:0:570992712\ killed "Female Assassin" with "gluon gun"
L 12/31/2024 - 17:47:19: \rs200\STEAM_0:0:570992712\ killed "Houndeye" with "gluon gun"
L 12/31/2024 - 17:47:19: \rs200\STEAM_0:0:570992712\ killed "Female Assassin" with "gluon gun"
L 12/31/2024 - 17:47:20: \rs200\STEAM_0:0:570992712\ killed "Headcrab" with "gluon gun"
L 12/31/2024 - 17:47:20: \rs200\STEAM_0:0:570992712\ killed "Houndeye" with "gluon gun"
L 12/31/2024 - 17:47:23: \rs200\STEAM_0:0:570992712\ killed "Headcrab" with "gluon gun"
L 12/31/2024 - 17:47:23: \rs200\STEAM_0:0:570992712\ killed "Human Grunt" with "gluon gun"
L 12/31/2024 - 17:47:23: \rs200\STEAM_0:0:570992712\ killed "Houndeye" with "gluon gun"
L 12/31/2024 - 17:47:24: \rs200\STEAM_0:0:570992712\ killed "Bullsquid" with "gluon gun"
L 12/31/2024 - 17:47:24: \rs200\STEAM_0:0:570992712\ killed "Barney" with "gluon gun"
L 12/31/2024 - 17:47:24: \rs200\STEAM_0:0:570992712\ killed "Houndeye" with "gluon gun"
L 12/31/2024 - 17:47:24: \rs200\STEAM_0:0:570992712\ killed "Headcrab" with "gluon gun"
L 12/31/2024 - 17:47:24: \rs200\STEAM_0:0:570992712\ killed "Barney" with "gluon gun"
L 12/31/2024 - 17:47:24: \rs200\STEAM_0:0:570992712\ killed "Bullsquid" with "gluon gun"
L 12/31/2024 - 17:47:24: \rs200\STEAM_0:0:570992712\ killed "Alien Controller" with "gluon gun"
L 12/31/2024 - 17:47:25: \rs200\STEAM_0:0:570992712\ killed "Houndeye" with "gluon gun"
L 12/31/2024 - 17:47:25: \rs200\STEAM_0:0:570992712\ killed "Human Grunt" with "gluon gun"
L 12/31/2024 - 17:47:25: \rs200\STEAM_0:0:570992712\ killed "Houndeye" with "gluon gun"
L 12/31/2024 - 17:47:25: \rs200\STEAM_0:0:570992712\ committed suicide with "gluon gun"
L 12/31/2024 - 17:47:31: \rs200\STEAM_0:0:570992712\ killed by "Female Assassin"
L 12/31/2024 - 17:47:33: \rs200\STEAM_0:0:570992712\ killed "Baby Headcrab" with "gluon gun"
L 12/31/2024 - 17:47:35: \rs200\STEAM_0:0:570992712\ killed "Baby Headcrab" with "gluon gun"
L 12/31/2024 - 17:47:35: \rs200\STEAM_0:0:570992712\ killed "Alien Slave" with "gluon gun"
L 12/31/2024 - 17:47:35: \rs200\STEAM_0:0:570992712\ killed "Houndeye" with "gluon gun"
L 12/31/2024 - 17:47:35: \rs200\STEAM_0:0:570992712\ committed suicide with "gluon gun"
L 12/31/2024 - 17:47:45: \rs200\STEAM_0:0:570992712\ killed by "Alien Grunt"
L 12/31/2024 - 17:48:14: \rs200\STEAM_0:0:570992712\ killed by "Female Assassin"
L 12/31/2024 - 17:48:27: \rs200\STEAM_0:0:570992712\ killed by "Human Grunt"
L 12/31/2024 - 17:48:39: \rs200\STEAM_0:0:570992712\ killed by "Alien Grunt"
L 12/31/2024 - 17:48:41: [META] (debug:3) Calling amxmodx_mm_i386.so:ClientDisconnect()
L 12/31/2024 - 17:48:41: [META] (debug:3) Calling engine_amxx_i386.so:ClientDisconnect()
L 12/31/2024 - 17:48:41: [META] (debug:3) Calling server.so:ClientDisconnect()
L 12/31/2024 - 17:48:41: \rs200\STEAM_0:0:570992712\ disconnected with 395 points
L 12/31/2024 - 17:48:41: Dropped rs200 from server
L 12/31/2024 - 17:48:41: Reason:  Client sent 'drop'
L 12/31/2024 - 17:58:37: [META] (debug:3) Calling engine_amxx_i386.so:ClientConnect()
L 12/31/2024 - 17:58:37: [META] (debug:3) Calling fun_amxx_i386.so:ClientConnect()
L 12/31/2024 - 17:58:37: [META] (debug:3) Calling server.so:ClientConnect()
L 12/31/2024 - 17:58:37: \glitch31415\STEAM_0:0:743386914\ connected from address 127.0.0.1:27005
L 12/31/2024 - 17:58:37: [META] (debug:3) Calling amxmodx_mm_i386.so:ClientConnect_Post()
L 12/31/2024 - 17:58:37: "glitch31415<74><STEAM_0:0:743386914><>" STEAM USERID validated
L 12/31/2024 - 17:58:39: Dropped glitch31415 from server
L 12/31/2024 - 17:58:39: Reason:  Client sent 'drop'
L 12/31/2024 - 17:58:39: [META] (debug:3) Calling engine_amxx_i386.so:ClientConnect()
L 12/31/2024 - 17:58:39: [META] (debug:3) Calling fun_amxx_i386.so:ClientConnect()
L 12/31/2024 - 17:58:39: [META] (debug:3) Calling server.so:ClientConnect()
L 12/31/2024 - 17:58:39: \glitch31415\STEAM_0:0:743386914\ connected from address 127.0.0.1:27005
L 12/31/2024 - 17:58:39: [META] (debug:3) Calling amxmodx_mm_i386.so:ClientConnect_Post()
L 12/31/2024 - 17:58:39: "glitch31415<75><STEAM_0:0:743386914><>" STEAM USERID validated
L 12/31/2024 - 17:58:42: [META] (debug:3) Calling server.so:ClientPutInServer()
L 12/31/2024 - 17:58:42: [META] (debug:3) Calling engine:QueryClientCvarValue2()
L 12/31/2024 - 17:58:42: [META] (debug:3) Calling amxmodx_mm_i386.so:ClientPutInServer_Post()
L 12/31/2024 - 17:58:42: \glitch31415\STEAM_0:0:743386914\ entered the game as wireframe(76,76)
L 12/31/2024 - 17:58:42: [META] (debug:3) Calling amxmodx_mm_i386.so:CvarValue2()
L 12/31/2024 - 17:58:42: [META] (debug:3) Calling server.so:CvarValue2()
L 12/31/2024 - 17:58:42: [META] (debug:3) Calling engine:QueryClientCvarValue2()
L 12/31/2024 - 17:58:42: [META] (debug:3) Calling amxmodx_mm_i386.so:CvarValue2()
L 12/31/2024 - 17:58:42: [META] (debug:3) Calling server.so:CvarValue2()
L 12/31/2024 - 17:58:42: [META] (debug:3) Calling engine:QueryClientCvarValue2()
L 12/31/2024 - 17:58:43: [META] (debug:3) Calling amxmodx_mm_i386.so:CvarValue2()
L 12/31/2024 - 17:58:43: [META] (debug:3) Calling server.so:CvarValue2()
L 12/31/2024 - 17:58:43: [META] (debug:3) Calling engine:QueryClientCvarValue2()
L 12/31/2024 - 17:58:43: [META] (debug:3) Calling amxmodx_mm_i386.so:CvarValue2()
L 12/31/2024 - 17:58:43: [META] (debug:3) Calling server.so:CvarValue2()
L 12/31/2024 - 17:58:43: \glitch31415\STEAM_0:0:743386914\ Client version: Adrenaline Gamer (OpenGL)
L 12/31/2024 - 17:58:52: \glitch31415\STEAM_0:0:743386914\ killed by "Female Assassin"
L 12/31/2024 - 17:58:58: \glitch31415\STEAM_0:0:743386914\ killed by "Female Assassin"
L 12/31/2024 - 17:59:05: \glitch31415\STEAM_0:0:743386914\ killed "Houndeye" with "9mmAR"
L 12/31/2024 - 17:59:05: \glitch31415\STEAM_0:0:743386914\ killed "Scientist" with "9mmAR"
L 12/31/2024 - 17:59:13: \glitch31415\STEAM_0:0:743386914\ killed "Alien Grunt" with "grenade"
L 12/31/2024 - 17:59:13: \glitch31415\STEAM_0:0:743386914\ killed "Female Assassin" with "grenade"
L 12/31/2024 - 17:59:13: \glitch31415\STEAM_0:0:743386914\ killed "Headcrab" with "grenade"
L 12/31/2024 - 17:59:13: \glitch31415\STEAM_0:0:743386914\ killed "Bullsquid" with "grenade"
L 12/31/2024 - 17:59:13: \glitch31415\STEAM_0:0:743386914\ killed "Bullsquid" with "grenade"
L 12/31/2024 - 17:59:13: \glitch31415\STEAM_0:0:743386914\ killed "Female Assassin" with "grenade"
L 12/31/2024 - 17:59:13: \glitch31415\STEAM_0:0:743386914\ killed "Headcrab" with "grenade"
L 12/31/2024 - 17:59:13: \glitch31415\STEAM_0:0:743386914\ killed "Scientist" with "grenade"
L 12/31/2024 - 17:59:13: \glitch31415\STEAM_0:0:743386914\ killed "Zombie" with "grenade"
L 12/31/2024 - 17:59:13: \glitch31415\STEAM_0:0:743386914\ killed "Houndeye" with "grenade"
L 12/31/2024 - 17:59:13: \glitch31415\STEAM_0:0:743386914\ killed "Alien Slave" with "grenade"
L 12/31/2024 - 17:59:13: \glitch31415\STEAM_0:0:743386914\ killed "Houndeye" with "grenade"
L 12/31/2024 - 17:59:13: \glitch31415\STEAM_0:0:743386914\ killed "Houndeye" with "grenade"
L 12/31/2024 - 17:59:13: \glitch31415\STEAM_0:0:743386914\ killed "Female Assassin" with "grenade"
L 12/31/2024 - 17:59:14: \glitch31415\STEAM_0:0:743386914\ killed "Alien Slave" with "grenade"
L 12/31/2024 - 17:59:14: \glitch31415\STEAM_0:0:743386914\ killed "Human Grunt" with "grenade"
L 12/31/2024 - 17:59:14: \glitch31415\STEAM_0:0:743386914\ killed "Houndeye" with "grenade"
L 12/31/2024 - 17:59:14: \glitch31415\STEAM_0:0:743386914\ killed "Zombie" with "grenade"
L 12/31/2024 - 17:59:14: \glitch31415\STEAM_0:0:743386914\ killed "Houndeye" with "grenade"
L 12/31/2024 - 17:59:14: \glitch31415\STEAM_0:0:743386914\ killed "Houndeye" with "grenade"
L 12/31/2024 - 17:59:14: \glitch31415\STEAM_0:0:743386914\ killed "Houndeye" with "grenade"
L 12/31/2024 - 17:59:15: \glitch31415\STEAM_0:0:743386914\ killed "Alien Grunt" with "grenade"
L 12/31/2024 - 17:59:15: \glitch31415\STEAM_0:0:743386914\ killed "Alien Slave" with "grenade"
L 12/31/2024 - 17:59:15: \glitch31415\STEAM_0:0:743386914\ killed "Alien Slave" with "grenade"
L 12/31/2024 - 17:59:15: \glitch31415\STEAM_0:0:743386914\ killed "Barney" with "grenade"
L 12/31/2024 - 17:59:15: \glitch31415\STEAM_0:0:743386914\ killed "Barney" with "grenade"
L 12/31/2024 - 17:59:15: \glitch31415\STEAM_0:0:743386914\ killed "Female Assassin" with "grenade"
L 12/31/2024 - 17:59:15: \glitch31415\STEAM_0:0:743386914\ killed "Alien Controller" with "grenade"
L 12/31/2024 - 17:59:15: \glitch31415\STEAM_0:0:743386914\ killed "Headcrab" with "grenade"
L 12/31/2024 - 17:59:15: \glitch31415\STEAM_0:0:743386914\ killed "Bullsquid" with "grenade"
L 12/31/2024 - 17:59:16: \glitch31415\STEAM_0:0:743386914\ killed "Alien Slave" with "grenade"
L 12/31/2024 - 17:59:16: \glitch31415\STEAM_0:0:743386914\ killed "Human Grunt" with "grenade"
L 12/31/2024 - 17:59:16: \gl