L 12/31/2024 - 15:34:55: Log file started (file "logs/L1231002.log") (game "valve") (version "48/1.1.2.2/Stdio/3897")
L 12/31/2024 - 15:34:55: Loading map "c1a0"
L 12/31/2024 - 15:34:55: Server cvar "mp_chattime" = "3"
L 12/31/2024 - 15:34:55: Server cvar "mp_soundvariety" = "0"
L 12/31/2024 - 15:34:55: Server cvar "mp_soundvariety" = "1"
L 12/31/2024 - 15:34:55: [META] (debug:3) user message registered again: name=VoiceMask, msgid=64
L 12/31/2024 - 15:34:55: [META] (debug:3) user message registered again: name=ReqState, msgid=65
L 12/31/2024 - 15:34:55: [META] (debug:3) Calling amxmodx_mm_i386.so:ServerActivate()
L 12/31/2024 - 15:34:55: [META] (debug:3) Calling engine_amxx_i386.so:ServerActivate()
L 12/31/2024 - 15:34:55: [META] (debug:3) Calling fakemeta_amxx_i386.so:ServerActivate()
L 12/31/2024 - 15:34:55: [META] (debug:3) Calling server.so:ServerActivate()
L 12/31/2024 - 15:34:55: Server cvar "mp_nextmap" = "d1_trainstation_02"
L 12/31/2024 - 15:34:55: [META] (debug:3) Calling amxmodx_mm_i386.so:ServerActivate_Post()
L 12/31/2024 - 15:34:56: Server cvar "amx_nextmap" = "c1a1"
L 12/31/2024 - 15:34:56: Enemy stats: 0k health, 0 npcs
L 12/31/2024 - 15:34:56: Started map "c1a0" (CRC "-183618122")
L 12/31/2024 - 15:34:56: [META] (debug:3) Calling engine_amxx_i386.so:ClientConnect()
L 12/31/2024 - 15:34:56: [META] (debug:3) Calling fun_amxx_i386.so:ClientConnect()
L 12/31/2024 - 15:34:56: [META] (debug:3) Calling server.so:ClientConnect()
L 12/31/2024 - 15:34:56: \Virtualpunk\STEAM_0:0:102397735\ connected from address 37.112.171.175:27005
L 12/31/2024 - 15:34:56: [META] (debug:3) Calling amxmodx_mm_i386.so:ClientConnect_Post()
L 12/31/2024 - 15:34:59: \bot3\BOT\ connected from address 127.0.0.1
L 12/31/2024 - 15:34:59: \bot3\BOT\ entered the game as ld_gordon(188,215)
L 12/31/2024 - 15:34:59: \bot1\BOT\ connected from address 127.0.0.1
L 12/31/2024 - 15:34:59: \bot1\BOT\ entered the game as ld_gordon(19,141)
L 12/31/2024 - 15:34:59: \bot2\BOT\ connected from address 127.0.0.1
L 12/31/2024 - 15:34:59: \bot2\BOT\ entered the game as ld_gordon(15,33)
L 12/31/2024 - 15:35:01: Dropped Virtualpunk from server
L 12/31/2024 - 15:35:01: Reason:  Client sent 'drop'
L 12/31/2024 - 15:35:03: "Virtualpunk<25><STEAM_0:0:102397735><>" STEAM USERID validated
L 12/31/2024 - 15:35:04: [META] (debug:3) Calling engine_amxx_i386.so:ClientConnect()
L 12/31/2024 - 15:35:04: [META] (debug:3) Calling fun_amxx_i386.so:ClientConnect()
L 12/31/2024 - 15:35:04: [META] (debug:3) Calling server.so:ClientConnect()
L 12/31/2024 - 15:35:04: \Virtualpunk\STEAM_0:0:102397735\ connected from address 37.112.171.175:27005
L 12/31/2024 - 15:35:04: [META] (debug:3) Calling amxmodx_mm_i386.so:ClientConnect_Post()
L 12/31/2024 - 15:35:09: [META] (debug:3) Calling server.so:ClientPutInServer()
L 12/31/2024 - 15:35:09: [META] (debug:3) Calling engine:QueryClientCvarValue2()
L 12/31/2024 - 15:35:09: [META] (debug:3) Calling amxmodx_mm_i386.so:ClientPutInServer_Post()
L 12/31/2024 - 15:35:09: \Virtualpunk\STEAM_0:0:102397735\ entered the game as barney(0,104)
L 12/31/2024 - 15:35:10: [META] (debug:3) Calling amxmodx_mm_i386.so:CvarValue2()
L 12/31/2024 - 15:35:10: [META] (debug:3) Calling server.so:CvarValue2()
L 12/31/2024 - 15:35:10: [META] (debug:3) Calling engine:QueryClientCvarValue2()
L 12/31/2024 - 15:35:11: [META] (debug:3) Calling amxmodx_mm_i386.so:CvarValue2()
L 12/31/2024 - 15:35:11: [META] (debug:3) Calling server.so:CvarValue2()
L 12/31/2024 - 15:35:11: [META] (debug:3) Calling engine:QueryClientCvarValue2()
L 12/31/2024 - 15:35:12: [META] (debug:3) Calling amxmodx_mm_i386.so:CvarValue2()
L 12/31/2024 - 15:35:12: [META] (debug:3) Calling server.so:CvarValue2()
L 12/31/2024 - 15:35:12: [META] (debug:3) Calling engine:QueryClientCvarValue2()
L 12/31/2024 - 15:35:12: [META] (debug:3) Calling amxmodx_mm_i386.so:CvarValue2()
L 12/31/2024 - 15:35:12: [META] (debug:3) Calling server.so:CvarValue2()
L 12/31/2024 - 15:35:12: \Virtualpunk\STEAM_0:0:102397735\ Client version: Half-Life (OpenGL)
L 12/31/2024 - 15:35:24: \Virtualpunk\STEAM_0:0:102397735\ killed "Barney" with "crowbar"
L 12/31/2024 - 15:35:48: \Virtualpunk\STEAM_0:0:102397735\ killed "Scientist" with "crowbar"
L 12/31/2024 - 15:36:06: \Virtualpunk\STEAM_0:0:102397735\ committed suicide with "gluon gun"
L 12/31/2024 - 15:36:14: \Virtualpunk\STEAM_0:0:102397735\ say "!rtv"
L 12/31/2024 - 15:36:16: \Virtualpunk\STEAM_0:0:102397735\ say "rtv"
L 12/31/2024 - 15:36:29: \Virtualpunk\STEAM_0:0:102397735\ committed suicide with "gluon gun"
L 12/31/2024 - 15:36:40: \Virtualpunk\STEAM_0:0:102397735\ killed "Scientist" with "gluon gun"
L 12/31/2024 - 15:36:46: \Virtualpunk\STEAM_0:0:102397735\ committed suicide with "grenade"
L 12/31/2024 - 15:36:46: \Virtualpunk\STEAM_0:0:102397735\ killed "Scientist" with "grenade"
L 12/31/2024 - 15:36:46: \Virtualpunk\STEAM_0:0:102397735\ killed "Scientist" with "grenade"
L 12/31/2024 - 15:36:52: Server cvar "amx_nextmap" = "d1_trainstation_02"
L 12/31/2024 - 15:36:56: [META] (debug:3) Calling amxmodx_mm_i386.so:ClientDisconnect()
L 12/31/2024 - 15:36:56: [META] (debug:3) Calling engine_amxx_i386.so:ClientDisconnect()
L 12/31/2024 - 15:36:56: [META] (debug:3) Calling server.so:ClientDisconnect()
L 12/31/2024 - 15:36:56: \bot3\BOT\ disconnected
L 12/31/2024 - 15:36:56: Dropped bot3 from server
L 12/31/2024 - 15:36:56: Reason:  Dropping fakeclient on level change
L 12/31/2024 - 15:36:56: [META] (debug:3) Calling amxmodx_mm_i386.so:ClientDisconnect()
L 12/31/2024 - 15:36:56: [META] (debug:3) Calling engine_amxx_i386.so:ClientDisconnect()
L 12/31/2024 - 15:36:56: [META] (debug:3) Calling server.so:ClientDisconnect()
L 12/31/2024 - 15:36:56: \bot1\BOT\ disconnected
L 12/31/2024 - 15:36:56: Dropped bot1 from server
L 12/31/2024 - 15:36:56: Reason:  Dropping fakeclient on level change
L 12/31/2024 - 15:36:56: [META] (debug:3) Calling amxmodx_mm_i386.so:ClientDisconnect()
L 12/31/2024 - 15:36:56: [META] (debug:3) Calling engine_amxx_i386.so:ClientDisconnect()
L 12/31/2024 - 15:36:56: [META] (debug:3) Calling server.so:ClientDisconnect()
L 12/31/2024 - 15:36:56: \bot2\BOT\ disconnected
L 12/31/2024 - 15:36:56: Dropped bot2 from server
L 12/31/2024 - 15:36:56: Reason:  Dropping fakeclient on level change
L 12/31/2024 - 15:36:56: [META] (debug:3) Calling amxmodx_mm_i386.so:ServerDeactivate()
L 12/31/2024 - 15:36:56: [META] (debug:3) Calling engine_amxx_i386.so:ServerDeactivate()
L 12/31/2024 - 15:36:56: [META] (debug:3) Calling server.so:ServerDeactivate()
L 12/31/2024 - 15:36:56: \Virtualpunk\STEAM_0:0:102397735\ 12 points, 3 deaths
L 12/31/2024 - 15:36:56: [META] (debug:3) Calling amxmodx_mm_i386.so:ServerDeactivate_Post()
L 12/31/2024 - 15:36:56: [META] (debug:3) Calling fakemeta_amxx_i386.so:ServerDeactivate_Post()
L 12/31/2024 - 15:36:56: [META] ini: Begin re-reading plugins list: /home/glitch/.steam/debian-installation/steamapps/common/hlds/valve/addons/metamod/plugins.ini
L 12/31/2024 - 15:36:56: [META] ini: Read plugin config for: AMX Mod X
L 12/31/2024 - 15:36:56: [META] ini: Finished reading plugins list: /home/glitch/.steam/debian-installation/steamapps/common/hlds/valve/addons/metamod/plugins.ini; Found 1 plugins
L 12/31/2024 - 15:36:56: [META] dll: Updating plugins...
L 12/31/2024 - 15:36:56: [META] (debug:1) Keeping plugin 'AMX Mod X'
L 12/31/2024 - 15:36:56: [META] dll: Finished updating 5 plugins; kept 1, loaded 0, unloaded 0, reloaded 0, delayed 0
L 12/31/2024 - 15:36:56: [META] (debug:3) Calling amxmodx_mm_i386.so:ClientDisconnect()
L 12/31/2024 - 15:36:56: [META] (debug:3) Calling engine_amxx_i386.so:ClientDisconnect()
L 12/31/2024 - 15:36:56: [META] (debug:3) Calling server.so:ClientDisconnect()
L 12/31/2024 - 15:36:56: \Virtualpunk\STEAM_0:0:102397735\ disconnected with 12 points
L 12/31/2024 - 15:36:56: Log file closed

-------------------------------------------------------------------------------

