L 12/31/2024 - 15:51:40: Log file started (file "logs/L1231010.log") (game "valve") (version "48/1.1.2.2/Stdio/3897")
L 12/31/2024 - 15:51:40: Loading map "sandbox"
L 12/31/2024 - 15:51:40: Server cvar "mp_soundvariety" = "0"
L 12/31/2024 - 15:51:40: Server cvar "mp_soundvariety" = "1"
L 12/31/2024 - 15:51:40: [META] (debug:3) user message registered again: name=VoiceMask, msgid=64
L 12/31/2024 - 15:51:40: [META] (debug:3) user message registered again: name=ReqState, msgid=65
L 12/31/2024 - 15:51:40: [META] (debug:3) Calling amxmodx_mm_i386.so:ServerActivate()
L 12/31/2024 - 15:51:40: [META] (debug:3) Calling engine_amxx_i386.so:ServerActivate()
L 12/31/2024 - 15:51:40: [META] (debug:3) Calling fakemeta_amxx_i386.so:ServerActivate()
L 12/31/2024 - 15:51:40: [META] (debug:3) Calling server.so:ServerActivate()
L 12/31/2024 - 15:51:40: Server cvar "mp_nextmap" = "sc_test"
L 12/31/2024 - 15:51:40: [META] (debug:3) Calling amxmodx_mm_i386.so:ServerActivate_Post()
L 12/31/2024 - 15:51:40: Server cvar "amx_nextmap" = "lambda_bunker_extended"
L 12/31/2024 - 15:51:40: Enemy stats: 33k health, 44+ npcs
L 12/31/2024 - 15:51:40: Started map "sandbox" (CRC "1323732680")
L 12/31/2024 - 15:51:41: [META] (debug:3) Calling engine_amxx_i386.so:ClientConnect()
L 12/31/2024 - 15:51:41: [META] (debug:3) Calling fun_amxx_i386.so:ClientConnect()
L 12/31/2024 - 15:51:41: [META] (debug:3) Calling server.so:ClientConnect()
L 12/31/2024 - 15:51:41: \Virtualpunk\STEAM_0:0:102397735\ connected from address 37.112.171.175:27005
L 12/31/2024 - 15:51:41: [META] (debug:3) Calling amxmodx_mm_i386.so:ClientConnect_Post()
L 12/31/2024 - 15:51:43: \bot1\BOT\ connected from address 127.0.0.1
L 12/31/2024 - 15:51:43: \bot1\BOT\ entered the game as ld_gordon(75,92)
L 12/31/2024 - 15:51:43: \bot2\BOT\ connected from address 127.0.0.1
L 12/31/2024 - 15:51:43: \bot2\BOT\ entered the game as ld_gordon(110,227)
L 12/31/2024 - 15:51:44: \bot3\BOT\ connected from address 127.0.0.1
L 12/31/2024 - 15:51:44: \bot3\BOT\ entered the game as ld_gordon(58,93)
L 12/31/2024 - 15:51:46: Dropped Virtualpunk from server
L 12/31/2024 - 15:51:46: Reason:  Client sent 'drop'
L 12/31/2024 - 15:51:48: "Virtualpunk<57><STEAM_0:0:102397735><>" STEAM USERID validated
L 12/31/2024 - 15:51:48: [META] (debug:3) Calling engine_amxx_i386.so:ClientConnect()
L 12/31/2024 - 15:51:48: [META] (debug:3) Calling fun_amxx_i386.so:ClientConnect()
L 12/31/2024 - 15:51:48: [META] (debug:3) Calling server.so:ClientConnect()
L 12/31/2024 - 15:51:48: \Virtualpunk\STEAM_0:0:102397735\ connected from address 37.112.171.175:27005
L 12/31/2024 - 15:51:48: [META] (debug:3) Calling amxmodx_mm_i386.so:ClientConnect_Post()
L 12/31/2024 - 15:51:54: [META] (debug:3) Calling server.so:ClientPutInServer()
L 12/31/2024 - 15:51:54: [META] (debug:3) Calling engine:QueryClientCvarValue2()
L 12/31/2024 - 15:51:54: [META] (debug:3) Calling amxmodx_mm_i386.so:ClientPutInServer_Post()
L 12/31/2024 - 15:51:54: \Virtualpunk\STEAM_0:0:102397735\ entered the game as barney(0,104)
L 12/31/2024 - 15:51:54: [META] (debug:3) Calling amxmodx_mm_i386.so:CvarValue2()
L 12/31/2024 - 15:51:54: [META] (debug:3) Calling server.so:CvarValue2()
L 12/31/2024 - 15:51:54: [META] (debug:3) Calling engine:QueryClientCvarValue2()
L 12/31/2024 - 15:51:56: [META] (debug:3) Calling amxmodx_mm_i386.so:CvarValue2()
L 12/31/2024 - 15:51:56: [META] (debug:3) Calling server.so:CvarValue2()
L 12/31/2024 - 15:51:56: [META] (debug:3) Calling engine:QueryClientCvarValue2()
L 12/31/2024 - 15:51:56: [META] (debug:3) Calling amxmodx_mm_i386.so:CvarValue2()
L 12/31/2024 - 15:51:56: [META] (debug:3) Calling server.so:CvarValue2()
L 12/31/2024 - 15:51:56: [META] (debug:3) Calling engine:QueryClientCvarValue2()
L 12/31/2024 - 15:51:57: [META] (debug:3) Calling amxmodx_mm_i386.so:CvarValue2()
L 12/31/2024 - 15:51:57: [META] (debug:3) Calling server.so:CvarValue2()
L 12/31/2024 - 15:51:57: \Virtualpunk\STEAM_0:0:102397735\ Client version: Half-Life (OpenGL)
L 12/31/2024 - 15:51:58: \Virtualpunk\STEAM_0:0:102397735\ killed by "Apache"
L 12/31/2024 - 15:52:00: \Virtualpunk\STEAM_0:0:102397735\ killed by "Apache"
L 12/31/2024 - 15:52:26: \Virtualpunk\STEAM_0:0:102397735\ committed suicide with "grenade"
L 12/31/2024 - 15:52:26: \Virtualpunk\STEAM_0:0:102397735\ killed "Alien Controller" with "grenade"
L 12/31/2024 - 15:52:26: \Virtualpunk\STEAM_0:0:102397735\ killed "Human Grunt" with "grenade"
L 12/31/2024 - 15:52:26: \Virtualpunk\STEAM_0:0:102397735\ killed "Bullsquid" with "grenade"
L 12/31/2024 - 15:52:29: \Virtualpunk\STEAM_0:0:102397735\ killed by "Big Momma"
L 12/31/2024 - 15:52:32: \Virtualpunk\STEAM_0:0:102397735\ killed by "Nihilanth"
L 12/31/2024 - 15:52:36: \Virtualpunk\STEAM_0:0:102397735\ killed "Rat" with "gluon gun"
L 12/31/2024 - 15:52:37: \Virtualpunk\STEAM_0:0:102397735\ killed "Barney" with "gluon gun"
L 12/31/2024 - 15:52:40: \Virtualpunk\STEAM_0:0:102397735\ killed by "Nihilanth"
L 12/31/2024 - 15:52:48: \Virtualpunk\STEAM_0:0:102397735\ killed "Headcrab" with "gluon gun"
L 12/31/2024 - 15:52:58: \Virtualpunk\STEAM_0:0:102397735\ say "rtv"
L 12/31/2024 - 15:53:15: \Virtualpunk\STEAM_0:0:102397735\ killed by "Female Assassin"
L 12/31/2024 - 15:53:33: Server cvar "amx_nextmap" = "e1m1"
L 12/31/2024 - 15:53:35: \Virtualpunk\STEAM_0:0:102397735\ killed by "Gargantua"
L 12/31/2024 - 15:53:38: [META] (debug:3) Calling amxmodx_mm_i386.so:ClientDisconnect()
L 12/31/2024 - 15:53:38: [META] (debug:3) Calling engine_amxx_i386.so:ClientDisconnect()
L 12/31/2024 - 15:53:38: [META] (debug:3) Calling server.so:ClientDisconnect()
L 12/31/2024 - 15:53:38: \bot1\BOT\ disconnected
L 12/31/2024 - 15:53:38: Dropped bot1 from server
L 12/31/2024 - 15:53:38: Reason:  Dropping fakeclient on level change
L 12/31/2024 - 15:53:38: [META] (debug:3) Calling amxmodx_mm_i386.so:ClientDisconnect()
L 12/31/2024 - 15:53:38: [META] (debug:3) Calling engine_amxx_i386.so:ClientDisconnect()
L 12/31/2024 - 15:53:38: [META] (debug:3) Calling server.so:ClientDisconnect()
L 12/31/2024 - 15:53:38: \bot2\BOT\ disconnected
L 12/31/2024 - 15:53:38: Dropped bot2 from server
L 12/31/2024 - 15:53:38: Reason:  Dropping fakeclient on level change
L 12/31/2024 - 15:53:38: [META] (debug:3) Calling amxmodx_mm_i386.so:ClientDisconnect()
L 12/31/2024 - 15:53:38: [META] (debug:3) Calling engine_amxx_i386.so:ClientDisconnect()
L 12/31/2024 - 15:53:38: [META] (debug:3) Calling server.so:ClientDisconnect()
L 12/31/2024 - 15:53:38: \bot3\BOT\ disconnected
L 12/31/2024 - 15:53:38: Dropped bot3 from server
L 12/31/2024 - 15:53:38: Reason:  Dropping fakeclient on level change
L 12/31/2024 - 15:53:38: [META] (debug:3) Calling amxmodx_mm_i386.so:ServerDeactivate()
L 12/31/2024 - 15:53:38: [META] (debug:3) Calling engine_amxx_i386.so:ServerDeactivate()
L 12/31/2024 - 15:53:38: [META] (debug:3) Calling server.so:ServerDeactivate()
L 12/31/2024 - 15:53:38: \Virtualpunk\STEAM_0:0:102397735\ -1 points, 8 deaths
L 12/31/2024 - 15:53:38: [META] (debug:3) Calling amxmodx_mm_i386.so:ServerDeactivate_Post()
L 12/31/2024 - 15:53:38: [META] (debug:3) Calling fakemeta_amxx_i386.so:ServerDeactivate_Post()
L 12/31/2024 - 15:53:38: [META] ini: Begin re-reading plugins list: /home/glitch/.steam/debian-installation/steamapps/common/hlds/valve/addons/metamod/plugins.ini
L 12/31/2024 - 15:53:38: [META] ini: Read plugin config for: AMX Mod X
L 12/31/2024 - 15:53:38: [META] ini: Finished reading plugins list: /home/glitch/.steam/debian-installation/steamapps/common/hlds/valve/addons/metamod/plugins.ini; Found 1 plugins
L 12/31/2024 - 15:53:38: [META] dll: Updating plugins...
L 12/31/2024 - 15:53:38: [META] (debug:1) Keeping plugin 'AMX Mod X'
L 12/31/2024 - 15:53:38: [META] dll: Finished updating 5 plugins; kept 1, loaded 0, unloaded 0, reloaded 0, delayed 0
L 12/31/2024 - 15:53:38: [META] (debug:3) Calling amxmodx_mm_i386.so:ClientDisconnect()
L 12/31/2024 - 15:53:38: [META] (debug:3) Calling engine_amxx_i386.so:ClientDisconnect()
L 12/31/2024 - 15:53:38: [META] (debug:3) Calling server.so:ClientDisconnect()
L 12/31/2024 - 15:53:38: \Virtualpunk\STEAM_0:0:102397735\ disconnected
L 12/31/2024 - 15:53:38: Log file closed

-------------------------------------------------------------------------------

