L 12/31/2024 - 15:53:38: Log file started (file "logs/L1231011.log") (game "valve") (version "48/1.1.2.2/Stdio/3897")
L 12/31/2024 - 15:53:38: Loading map "e1m1"
L 12/31/2024 - 15:53:38: Server cvar "mp_soundvariety" = "0"
L 12/31/2024 - 15:53:38: Server cvar "mp_soundvariety" = "1"
L 12/31/2024 - 15:53:38: [META] (debug:3) user message registered again: name=VoiceMask, msgid=64
L 12/31/2024 - 15:53:38: [META] (debug:3) user message registered again: name=ReqState, msgid=65
L 12/31/2024 - 15:53:38: [META] ERROR: Couldn't find game entity 'weapon_plasmarifle' in game DLL 'valve': /home/glitch/.steam/debian-installation/steamapps/common/hlds/valve/dlls/server.so: undefined symbol: weapon_plasmarifle
L 12/31/2024 - 15:53:38: [META] (debug:3) Calling amxmodx_mm_i386.so:ServerActivate()
L 12/31/2024 - 15:53:38: [META] (debug:3) Calling engine_amxx_i386.so:ServerActivate()
L 12/31/2024 - 15:53:38: [META] (debug:3) Calling fakemeta_amxx_i386.so:ServerActivate()
L 12/31/2024 - 15:53:38: [META] (debug:3) Calling server.so:ServerActivate()
L 12/31/2024 - 15:53:38: Server cvar "mp_nextmap" = "sandbox"
L 12/31/2024 - 15:53:38: [META] (debug:3) Calling amxmodx_mm_i386.so:ServerActivate_Post()
L 12/31/2024 - 15:53:38: Server cvar "amx_nextmap" = "coolrig"
L 12/31/2024 - 15:53:38: Enemy stats: 5k health, 32 npcs
L 12/31/2024 - 15:53:38: Started map "e1m1" (CRC "-1708525548")
L 12/31/2024 - 15:53:38: [META] (debug:3) Calling engine_amxx_i386.so:ClientConnect()
L 12/31/2024 - 15:53:38: [META] (debug:3) Calling fun_amxx_i386.so:ClientConnect()
L 12/31/2024 - 15:53:38: [META] (debug:3) Calling server.so:ClientConnect()
L 12/31/2024 - 15:53:38: \Virtualpunk\STEAM_0:0:102397735\ connected from address 37.112.171.175:27005
L 12/31/2024 - 15:53:38: [META] (debug:3) Calling amxmodx_mm_i386.so:ClientConnect_Post()
L 12/31/2024 - 15:53:41: \bot1\BOT\ connected from address 127.0.0.1
L 12/31/2024 - 15:53:41: \bot1\BOT\ entered the game as ld_gordon(134,48)
L 12/31/2024 - 15:53:41: \bot3\BOT\ connected from address 127.0.0.1
L 12/31/2024 - 15:53:41: \bot3\BOT\ entered the game as ld_gordon(110,7)
L 12/31/2024 - 15:53:41: \bot2\BOT\ connected from address 127.0.0.1
L 12/31/2024 - 15:53:41: \bot2\BOT\ entered the game as ld_gordon(189,145)
L 12/31/2024 - 15:53:44: Dropped Virtualpunk from server
L 12/31/2024 - 15:53:44: Reason:  Client sent 'drop'
L 12/31/2024 - 15:53:46: "Virtualpunk<61><STEAM_0:0:102397735><>" STEAM USERID validated
L 12/31/2024 - 15:53:46: [META] (debug:3) Calling engine_amxx_i386.so:ClientConnect()
L 12/31/2024 - 15:53:46: [META] (debug:3) Calling fun_amxx_i386.so:ClientConnect()
L 12/31/2024 - 15:53:46: [META] (debug:3) Calling server.so:ClientConnect()
L 12/31/2024 - 15:53:46: \Virtualpunk\STEAM_0:0:102397735\ connected from address 37.112.171.175:27005
L 12/31/2024 - 15:53:46: [META] (debug:3) Calling amxmodx_mm_i386.so:ClientConnect_Post()
L 12/31/2024 - 15:53:52: [META] (debug:3) Calling server.so:ClientPutInServer()
L 12/31/2024 - 15:53:52: [META] (debug:3) Calling engine:QueryClientCvarValue2()
L 12/31/2024 - 15:53:52: [META] (debug:3) Calling amxmodx_mm_i386.so:ClientPutInServer_Post()
L 12/31/2024 - 15:53:52: \Virtualpunk\STEAM_0:0:102397735\ entered the game as barney(0,104)
L 12/31/2024 - 15:53:52: [META] (debug:3) Calling amxmodx_mm_i386.so:CvarValue2()
L 12/31/2024 - 15:53:52: [META] (debug:3) Calling server.so:CvarValue2()
L 12/31/2024 - 15:53:52: [META] (debug:3) Calling engine:QueryClientCvarValue2()
L 12/31/2024 - 15:53:55: [META] (debug:3) Calling amxmodx_mm_i386.so:CvarValue2()
L 12/31/2024 - 15:53:55: [META] (debug:3) Calling server.so:CvarValue2()
L 12/31/2024 - 15:53:55: [META] (debug:3) Calling engine:QueryClientCvarValue2()
L 12/31/2024 - 15:53:55: [META] (debug:3) Calling amxmodx_mm_i386.so:CvarValue2()
L 12/31/2024 - 15:53:55: [META] (debug:3) Calling server.so:CvarValue2()
L 12/31/2024 - 15:53:55: [META] (debug:3) Calling engine:QueryClientCvarValue2()
L 12/31/2024 - 15:53:55: [META] (debug:3) Calling amxmodx_mm_i386.so:CvarValue2()
L 12/31/2024 - 15:53:55: [META] (debug:3) Calling server.so:CvarValue2()
L 12/31/2024 - 15:53:55: \Virtualpunk\STEAM_0:0:102397735\ Client version: Half-Life (OpenGL)
L 12/31/2024 - 15:54:00: \Virtualpunk\STEAM_0:0:102397735\ killed by "Human Grunt"
L 12/31/2024 - 15:54:09: \Virtualpunk\STEAM_0:0:102397735\ committed suicide with "grenade"
L 12/31/2024 - 15:54:09: \Virtualpunk\STEAM_0:0:102397735\ killed "Human Grunt" with "grenade"
L 12/31/2024 - 15:54:09: \Virtualpunk\STEAM_0:0:102397735\ killed "Headcrab" with "grenade"
L 12/31/2024 - 15:54:12: \Virtualpunk\STEAM_0:0:102397735\ killed by "Explosives"
L 12/31/2024 - 15:54:21: \Virtualpunk\STEAM_0:0:102397735\ killed by "Human Grunt"
L 12/31/2024 - 15:54:26: \Virtualpunk\STEAM_0:0:102397735\ killed by "Human Grunt"
L 12/31/2024 - 15:54:30: \Virtualpunk\STEAM_0:0:102397735\ killed by "Human Grunt"
L 12/31/2024 - 15:54:35: \Virtualpunk\STEAM_0:0:102397735\ killed by "Human Grunt"
L 12/31/2024 - 15:54:42: \Virtualpunk\STEAM_0:0:102397735\ killed "Human Grunt" with "grenade"
L 12/31/2024 - 15:54:57: \Virtualpunk\STEAM_0:0:102397735\ say "rtv"
L 12/31/2024 - 15:55:00: \Virtualpunk\STEAM_0:0:102397735\ killed by "Human Grunt"
L 12/31/2024 - 15:55:25: \Virtualpunk\STEAM_0:0:102397735\ committed suicide with "gluon gun"
L 12/31/2024 - 15:55:29: \Virtualpunk\STEAM_0:0:102397735\ killed by "Human Grunt"
L 12/31/2024 - 15:55:34: \Virtualpunk\STEAM_0:0:102397735\ committed suicide with "gluon gun"
L 12/31/2024 - 15:55:37: [META] (debug:3) Calling amxmodx_mm_i386.so:ClientDisconnect()
L 12/31/2024 - 15:55:37: [META] (debug:3) Calling engine_amxx_i386.so:ClientDisconnect()
L 12/31/2024 - 15:55:37: [META] (debug:3) Calling server.so:ClientDisconnect()
L 12/31/2024 - 15:55:37: \bot1\BOT\ disconnected
L 12/31/2024 - 15:55:37: Dropped bot1 from server
L 12/31/2024 - 15:55:37: Reason:  Dropping fakeclient on level change
L 12/31/2024 - 15:55:37: [META] (debug:3) Calling amxmodx_mm_i386.so:ClientDisconnect()
L 12/31/2024 - 15:55:37: [META] (debug:3) Calling engine_amxx_i386.so:ClientDisconnect()
L 12/31/2024 - 15:55:37: [META] (debug:3) Calling server.so:ClientDisconnect()
L 12/31/2024 - 15:55:37: \bot3\BOT\ disconnected
L 12/31/2024 - 15:55:37: Dropped bot3 from server
L 12/31/2024 - 15:55:37: Reason:  Dropping fakeclient on level change
L 12/31/2024 - 15:55:37: [META] (debug:3) Calling amxmodx_mm_i386.so:ClientDisconnect()
L 12/31/2024 - 15:55:37: [META] (debug:3) Calling engine_amxx_i386.so:ClientDisconnect()
L 12/31/2024 - 15:55:37: [META] (debug:3) Calling server.so:ClientDisconnect()
L 12/31/2024 - 15:55:37: \bot2\BOT\ disconnected
L 12/31/2024 - 15:55:37: Dropped bot2 from server
L 12/31/2024 - 15:55:37: Reason:  Dropping fakeclient on level change
L 12/31/2024 - 15:55:37: [META] (debug:3) Calling amxmodx_mm_i386.so:ServerDeactivate()
L 12/31/2024 - 15:55:37: [META] (debug:3) Calling engine_amxx_i386.so:ServerDeactivate()
L 12/31/2024 - 15:55:37: [META] (debug:3) Calling server.so:ServerDeactivate()
L 12/31/2024 - 15:55:37: \Virtualpunk\STEAM_0:0:102397735\ -36 points, 11 deaths
L 12/31/2024 - 15:55:37: [META] (debug:3) Calling amxmodx_mm_i386.so:ServerDeactivate_Post()
L 12/31/2024 - 15:55:37: [META] (debug:3) Calling fakemeta_amxx_i386.so:ServerDeactivate_Post()
L 12/31/2024 - 15:55:37: [META] ini: Begin re-reading plugins list: /home/glitch/.steam/debian-installation/steamapps/common/hlds/valve/addons/metamod/plugins.ini
L 12/31/2024 - 15:55:37: [META] ini: Read plugin config for: AMX Mod X
L 12/31/2024 - 15:55:37: [META] ini: Finished reading plugins list: /home/glitch/.steam/debian-installation/steamapps/common/hlds/valve/addons/metamod/plugins.ini; Found 1 plugins
L 12/31/2024 - 15:55:37: [META] dll: Updating plugins...
L 12/31/2024 - 15:55:37: [META] (debug:1) Keeping plugin 'AMX Mod X'
L 12/31/2024 - 15:55:37: [META] dll: Finished updating 5 plugins; kept 1, loaded 0, unloaded 0, reloaded 0, delayed 0
L 12/31/2024 - 15:55:37: [META] (debug:3) Calling amxmodx_mm_i386.so:ClientDisconnect()
L 12/31/2024 - 15:55:37: [META] (debug:3) Calling engine_amxx_i386.so:ClientDisconnect()
L 12/31/2024 - 15:55:37: [META] (debug:3) Calling server.so:ClientDisconnect()
L 12/31/2024 - 15:55:37: \Virtualpunk\STEAM_0:0:102397735\ disconnected
L 12/31/2024 - 15:55:37: Log file closed

-------------------------------------------------------------------------------

