L 10/04/2024 - 16:56:22: Start of error session.
L 10/04/2024 - 16:56:22: Info (map "c1a0") (file "addons/amxmodx/logs/error_20241004.log")
L 10/04/2024 - 16:56:22: [FUN] Invalid player 1
L 10/04/2024 - 16:56:22: [AMXX] Run time error 10 (plugin "abd-old.amxx") (native "set_user_health") - debug not enabled!
L 10/04/2024 - 16:56:22: [AMXX] To enable debug mode, add "debug" after the plugin name in plugins.ini (without quotes).
L 10/04/2024 - 16:56:23: [FUN] Invalid player 1
L 10/04/2024 - 16:56:23: [AMXX] Run time error 10 (plugin "abd-old.amxx") (native "set_user_health") - debug not enabled!
L 10/04/2024 - 16:56:23: [AMXX] To enable debug mode, add "debug" after the plugin name in plugins.ini (without quotes).
L 10/04/2024 - 16:56:23: [FUN] Invalid player 1
L 10/04/2024 - 16:56:23: [AMXX] Run time error 10 (plugin "abd-old.amxx") (native "set_user_health") - debug not enabled!
L 10/04/2024 - 16:56:23: [AMXX] To enable debug mode, add "debug" after the plugin name in plugins.ini (without quotes).
L 10/04/2024 - 16:56:23: [FUN] Invalid player 1
L 10/04/2024 - 16:56:23: [AMXX] Run time error 10 (plugin "abd-old.amxx") (native "set_user_health") - debug not enabled!
L 10/04/2024 - 16:56:23: [AMXX] To enable debug mode, add "debug" after the plugin name in plugins.ini (without quotes).
L 10/04/2024 - 16:56:24: [FUN] Invalid player 1
L 10/04/2024 - 16:56:24: [AMXX] Run time error 10 (plugin "abd-old.amxx") (native "set_user_health") - debug not enabled!
L 10/04/2024 - 16:56:24: [AMXX] To enable debug mode, add "debug" after the plugin name in plugins.ini (without quotes).
L 10/04/2024 - 16:56:24: [FUN] Invalid player 1
L 10/04/2024 - 16:56:24: [AMXX] Run time error 10 (plugin "abd-old.amxx") (native "set_user_health") - debug not enabled!
L 10/04/2024 - 16:56:24: [AMXX] To enable debug mode, add "debug" after the plugin name in plugins.ini (without quotes).
L 10/04/2024 - 16:56:24: [FUN] Invalid player 1
L 10/04/2024 - 16:56:24: [AMXX] Run time error 10 (plugin "abd-old.amxx") (native "set_user_health") - debug not enabled!
L 10/04/2024 - 16:56:24: [AMXX] To enable debug mode, add "debug" after the plugin name in plugins.ini (without quotes).
L 10/04/2024 - 16:56:25: [FUN] Invalid player 1
L 10/04/2024 - 16:56:25: [AMXX] Run time error 10 (plugin "abd-old.amxx") (native "set_user_health") - debug not enabled!
L 10/04/2024 - 16:56:25: [AMXX] To enable debug mode, add "debug" after the plugin name in plugins.ini (without quotes).
L 10/04/2024 - 16:56:25: [FUN] Invalid player 1
L 10/04/2024 - 16:56:25: [AMXX] Run time error 10 (plugin "abd-old.amxx") (native "set_user_health") - debug not enabled!
L 10/04/2024 - 16:56:25: [AMXX] To enable debug mode, add "debug" after the plugin name in plugins.ini (without quotes).
L 10/04/2024 - 16:56:25: [FUN] Invalid player 1
L 10/04/2024 - 16:56:25: [AMXX] Run time error 10 (plugin "abd-old.amxx") (native "set_user_health") - debug not enabled!
L 10/04/2024 - 16:56:25: [AMXX] To enable debug mode, add "debug" after the plugin name in plugins.ini (without quotes).
L 10/04/2024 - 16:56:26: [FUN] Invalid player 1
L 10/04/2024 - 16:56:26: [AMXX] Run time error 10 (plugin "abd-old.amxx") (native "set_user_health") - debug not enabled!
L 10/04/2024 - 16:56:26: [AMXX] To enable debug mode, add "debug" after the plugin name in plugins.ini (without quotes).
L 10/04/2024 - 16:56:26: [FUN] Invalid player 1
L 10/04/2024 - 16:56:26: [AMXX] Run time error 10 (plugin "abd-old.amxx") (native "set_user_health") - debug not enabled!
L 10/04/2024 - 16:56:26: [AMXX] To enable debug mode, add "debug" after the plugin name in plugins.ini (without quotes).
L 10/04/2024 - 16:56:26: [FUN] Invalid player 1
L 10/04/2024 - 16:56:26: [AMXX] Run time error 10 (plugin "abd-old.amxx") (native "set_user_health") - debug not enabled!
L 10/04/2024 - 16:56:26: [AMXX] To enable debug mode, add "debug" after the plugin name in plugins.ini (without quotes).
L 10/04/2024 - 16:56:27: [FUN] Invalid player 1
L 10/04/2024 - 16:56:27: [AMXX] Run time error 10 (plugin "abd-old.amxx") (native "set_user_health") - debug not enabled!
L 10/04/2024 - 16:56:27: [AMXX] To enable debug mode, add "debug" after the plugin name in plugins.ini (without quotes).
L 10/04/2024 - 16:56:27: [FUN] Invalid player 1
L 10/04/2024 - 16:56:27: [AMXX] Run time error 10 (plugin "abd-old.amxx") (native "set_user_health") - debug not enabled!
L 10/04/2024 - 16:56:27: [AMXX] To enable debug mode, add "debug" after the plugin name in plugins.ini (without quotes).
L 10/04/2024 - 16:56:27: [FUN] Invalid player 1
L 10/04/2024 - 16:56:27: [AMXX] Run time error 10 (plugin "abd-old.amxx") (native "set_user_health") - debug not enabled!
L 10/04/2024 - 16:56:27: [AMXX] To enable debug mode, add "debug" after the plugin name in plugins.ini (without quotes).
L 10/04/2024 - 16:56:28: [FUN] Invalid player 1
L 10/04/2024 - 16:56:28: [AMXX] Run time error 10 (plugin "abd-old.amxx") (native "set_user_health") - debug not enabled!
L 10/04/2024 - 16:56:28: [AMXX] To enable debug mode, add "debug" after the plugin name in plugins.ini (without quotes).
L 10/04/2024 - 16:56:28: [FUN] Invalid player 1
L 10/04/2024 - 16:56:28: [AMXX] Run time error 10 (plugin "abd-old.amxx") (native "set_user_health") - debug not enabled!
L 10/04/2024 - 16:56:28: [AMXX] To enable debug mode, add "debug" after the plugin name in plugins.ini (without quotes).
L 10/04/2024 - 16:56:28: [FUN] Invalid player 1
L 10/04/2024 - 16:56:28: [AMXX] Run time error 10 (plugin "abd-old.amxx") (native "set_user_health") - debug not enabled!
L 10/04/2024 - 16:56:28: [AMXX] To enable debug mode, add "debug" after the plugin name in plugins.ini (without quotes).
L 10/04/2024 - 16:56:29: [FUN] Invalid player 1
L 10/04/2024 - 16:56:29: [AMXX] Run time error 10 (plugin "abd-old.amxx") (native "set_user_health") - debug not enabled!
L 10/04/2024 - 16:56:29: [AMXX] To enable debug mode, add "debug" after the plugin name in plugins.ini (without quotes).
L 10/04/2024 - 16:56:29: [FUN] Invalid player 1
L 10/04/2024 - 16:56:29: [AMXX] Run time error 10 (plugin "abd-old.amxx") (native "set_user_health") - debug not enabled!
L 10/04/2024 - 16:56:29: [AMXX] To enable debug mode, add "debug" after the plugin name in plugins.ini (without quotes).
L 10/04/2024 - 16:56:29: [FUN] Invalid player 1
L 10/04/2024 - 16:56:29: [AMXX] Run time error 10 (plugin "abd-old.amxx") (native "set_user_health") - debug not enabled!
L 10/04/2024 - 16:56:29: [AMXX] To enable debug mode, add "debug" after the plugin name in plugins.ini (without quotes).
L 10/04/2024 - 16:56:30: [FUN] Invalid player 1
L 10/04/2024 - 16:56:30: [AMXX] Run time error 10 (plugin "abd-old.amxx") (native "set_user_health") - debug not enabled!
L 10/04/2024 - 16:56:30: [AMXX] To enable debug mode, add "debug" after the plugin name in plugins.ini (without quotes).
L 10/04/2024 - 16:56:30: [FUN] Invalid player 1
L 10/04/2024 - 16:56:30: [AMXX] Run time error 10 (plugin "abd-old.amxx") (native "set_user_health") - debug not enabled!
L 10/04/2024 - 16:56:30: [AMXX] To enable debug mode, add "debug" after the plugin name in plugins.ini (without quotes).
L 10/04/2024 - 16:56:30: [FUN] Invalid player 1
L 10/04/2024 - 16:56:30: [AMXX] Run time error 10 (plugin "abd-old.amxx") (native "set_user_health") - debug not enabled!
L 10/04/2024 - 16:56:30: [AMXX] To enable debug mode, add "debug" after the plugin name in plugins.ini (without quotes).
L 10/04/2024 - 16:56:31: [FUN] Invalid player 1
L 10/04/2024 - 16:56:31: [AMXX] Run time error 10 (plugin "abd-old.amxx") (native "set_user_health") - debug not enabled!
L 10/04/2024 - 16:56:31: [AMXX] To enable debug mode, add "debug" after the plugin name in plugins.ini (without quotes).
L 10/04/2024 - 16:56:31: [FUN] Invalid player 1
L 10/04/2024 - 16:56:31: [AMXX] Run time error 10 (plugin "abd-old.amxx") (native "set_user_health") - debug not enabled!
L 10/04/2024 - 16:56:31: [AMXX] To enable debug mode, add "debug" after the plugin name in plugins.ini (without quotes).
L 10/04/2024 - 16:56:31: [FUN] Invalid player 1
L 10/04/2024 - 16:56:31: [AMXX] Run time error 10 (plugin "abd-old.amxx") (native "set_user_health") - debug not enabled!
L 10/04/2024 - 16:56:31: [AMXX] To enable debug mode, add "debug" after the plugin name in plugins.ini (without quotes).
L 10/04/2024 - 16:56:32: [FUN] Invalid player 1
L 10/04/2024 - 16:56:32: [AMXX] Run time error 10 (plugin "abd-old.amxx") (native "set_user_health") - debug not enabled!
L 10/04/2024 - 16:56:32: [AMXX] To enable debug mode, add "debug" after the plugin name in plugins.ini (without quotes).
L 10/04/2024 - 16:56:32: [FUN] Invalid player 1
L 10/04/2024 - 16:56:32: [AMXX] Run time error 10 (plugin "abd-old.amxx") (native "set_user_health") - debug not enabled!
L 10/04/2024 - 16:56:32: [AMXX] To enable debug mode, add "debug" after the plugin name in plugins.ini (without quotes).
L 10/04/2024 - 16:56:32: [FUN] Invalid player 1
L 10/04/2024 - 16:56:32: [AMXX] Run time error 10 (plugin "abd-old.amxx") (native "set_user_health") - debug not enabled!
L 10/04/2024 - 16:56:32: [AMXX] To enable debug mode, add "debug" after the plugin name in plugins.ini (without quotes).
L 10/04/2024 - 16:56:33: [FUN] Invalid player 1
L 10/04/2024 - 16:56:33: [AMXX] Run time error 10 (plugin "abd-old.amxx") (native "set_user_health") - debug not enabled!
L 10/04/2024 - 16:56:33: [AMXX] To enable debug mode, add "debug" after the plugin name in plugins.ini (without quotes).
L 10/04/2024 - 16:56:33: [FUN] Invalid player 1
L 10/04/2024 - 16:56:33: [AMXX] Run time error 10 (plugin "abd-old.amxx") (native "set_user_health") - debug not enabled!
L 10/04/2024 - 16:56:33: [AMXX] To enable debug mode, add "debug" after the plugin name in plugins.ini (without quotes).
L 10/04/2024 - 16:56:33: [FUN] Invalid player 1
L 10/04/2024 - 16:56:33: [AMXX] Run time error 10 (plugin "abd-old.amxx") (native "set_user_health") - debug not enabled!
L 10/04/2024 - 16:56:33: [AMXX] To enable debug mode, add "debug" after the plugin name in plugins.ini (without quotes).
L 10/04/2024 - 16:56:34: [FUN] Invalid player 1
L 10/04/2024 - 16:56:34: [AMXX] Run time error 10 (plugin "abd-old.amxx") (native "set_user_health") - debug not enabled!
L 10/04/2024 - 16:56:34: [AMXX] To enable debug mode, add "debug" after the plugin name in plugins.ini (without quotes).
L 10/04/2024 - 16:56:34: [FUN] Invalid player 1
L 10/04/2024 - 16:56:34: [AMXX] Run time error 10 (plugin "abd-old.amxx") (native "set_user_health") - debug not enabled!
L 10/04/2024 - 16:56:34: [AMXX] To enable debug mode, add "debug" after the plugin name in plugins.ini (without quotes).
L 10/04/2024 - 16:56:34: [FUN] Invalid player 1
L 10/04/2024 - 16:56:34: [AMXX] Run time error 10 (plugin "abd-old.amxx") (native "set_user_health") - debug not enabled!
L 10/04/2024 - 16:56:34: [AMXX] To enable debug mode, add "debug" after the plugin name in plugins.ini (without quotes).
L 10/04/2024 - 16:56:35: [FUN] Invalid player 1
L 10/04/2024 - 16:56:35: [AMXX] Run time error 10 (plugin "abd-old.amxx") (native "set_user_health") - debug not enabled!
L 10/04/2024 - 16:56:35: [AMXX] To enable debug mode, add "debug" after the plugin name in plugins.ini (without quotes).
L 10/04/2024 - 16:56:35: [FUN] Invalid player 1
L 10/04/2024 - 16:56:35: [AMXX] Run time error 10 (plugin "abd-old.amxx") (native "set_user_health") - debug not enabled!
L 10/04/2024 - 16:56:35: [AMXX] To enable debug mode, add "debug" after the plugin name in plugins.ini (without quotes).
L 10/04/2024 - 16:56:35: [FUN] Invalid player 1
L 10/04/2024 - 16:56:35: [AMXX] Run time error 10 (plugin "abd-old.amxx") (native "set_user_health") - debug not enabled!
L 10/04/2024 - 16:56:35: [AMXX] To enable debug mode, add "debug" after the plugin name in plugins.ini (without quotes).
L 10/04/2024 - 16:56:36: [FUN] Invalid player 1
L 10/04/2024 - 16:56:36: [AMXX] Run time error 10 (plugin "abd-old.amxx") (native "set_user_health") - debug not enabled!
L 10/04/2024 - 16:56:36: [AMXX] To enable debug mode, add "debug" after the plugin name in plugins.ini (without quotes).
L 10/04/2024 - 16:56:36: [FUN] Invalid player 1
L 10/04/2024 - 16:56:36: [AMXX] Run time error 10 (plugin "abd-old.amxx") (native "set_user_health") - debug not enabled!
L 10/04/2024 - 16:56:36: [AMXX] To enable debug mode, add "debug" after the plugin name in plugins.ini (without quotes).
L 10/04/2024 - 16:56:36: [FUN] Invalid player 1
L 10/04/2024 - 16:56:36: [AMXX] Run time error 10 (plugin "abd-old.amxx") (native "set_user_health") - debug not enabled!
L 10/04/2024 - 16:56:36: [AMXX] To enable debug mode, add "debug" after the plugin name in plugins.ini (without quotes).
L 10/04/2024 - 16:56:37: [FUN] Invalid player 1
L 10/04/2024 - 16:56:37: [AMXX] Run time error 10 (plugin "abd-old.amxx") (native "set_user_health") - debug not enabled!
L 10/04/2024 - 16:56:37: [AMXX] To enable debug mode, add "debug" after the plugin name in plugins.ini (without quotes).
L 10/04/2024 - 16:56:37: [FUN] Invalid player 1
L 10/04/2024 - 16:56:37: [AMXX] Run time error 10 (plugin "abd-old.amxx") (native "set_user_health") - debug not enabled!
L 10/04/2024 - 16:56:37: [AMXX] To enable debug mode, add "debug" after the plugin name in plugins.ini (without quotes).
L 10/04/2024 - 16:56:37: [FUN] Invalid player 1
L 10/04/2024 - 16:56:37: [AMXX] Run time error 10 (plugin "abd-old.amxx") (native "set_user_health") - debug not enabled!
L 10/04/2024 - 16:56:37: [AMXX] To enable debug mode, add "debug" after the plugin name in plugins.ini (without quotes).
L 10/04/2024 - 16:56:38: [FUN] Invalid player 1
L 10/04/2024 - 16:56:38: [AMXX] Run time error 10 (plugin "abd-old.amxx") (native "set_user_health") - debug not enabled!
L 10/04/2024 - 16:56:38: [AMXX] To enable debug mode, add "debug" after the plugin name in plugins.ini (without quotes).
L 10/04/2024 - 16:56:38: [FUN] Invalid player 1
L 10/04/2024 - 16:56:38: [AMXX] Run time error 10 (plugin "abd-old.amxx") (native "set_user_health") - debug not enabled!
L 10/04/2024 - 16:56:38: [AMXX] To enable debug mode, add "debug" after the plugin name in plugins.ini (without quotes).
L 10/04/2024 - 16:56:38: [FUN] Invalid player 1
L 10/04/2024 - 16:56:38: [AMXX] Run time error 10 (plugin "abd-old.amxx") (native "set_user_health") - debug not enabled!
L 10/04/2024 - 16:56:38: [AMXX] To enable debug mode, add "debug" after the plugin name in plugins.ini (without quotes).
L 10/04/2024 - 16:56:39: [FUN] Invalid player 1
L 10/04/2024 - 16:56:39: [AMXX] Run time error 10 (plugin "abd-old.amxx") (native "set_user_health") - debug not enabled!
L 10/04/2024 - 16:56:39: [AMXX] To enable debug mode, add "debug" after the plugin name in plugins.ini (without quotes).
L 10/04/2024 - 16:56:39: [FUN] Invalid player 1
L 10/04/2024 - 16:56:39: [AMXX] Run time error 10 (plugin "abd-old.amxx") (native "set_user_health") - debug not enabled!
L 10/04/2024 - 16:56:39: [AMXX] To enable debug mode, add "debug" after the plugin name in plugins.ini (without quotes).
L 10/04/2024 - 16:56:39: [FUN] Invalid player 1
L 10/04/2024 - 16:56:39: [AMXX] Run time error 10 (plugin "abd-old.amxx") (native "set_user_health") - debug not enabled!
L 10/04/2024 - 16:56:39: [AMXX] To enable debug mode, add "debug" after the plugin name in plugins.ini (without quotes).
L 10/04/2024 - 16:56:40: [FUN] Invalid player 1
L 10/04/2024 - 16:56:40: [AMXX] Run time error 10 (plugin "abd-old.amxx") (native "set_user_health") - debug not enabled!
L 10/04/2024 - 16:56:40: [AMXX] To enable debug mode, add "debug" after the plugin name in plugins.ini (without quotes).
L 10/04/2024 - 16:56:40: [FUN] Invalid player 1
L 10/04/2024 - 16:56:40: [AMXX] Run time error 10 (plugin "abd-old.amxx") (native "set_user_health") - debug not enabled!
L 10/04/2024 - 16:56:40: [AMXX] To enable debug mode, add "debug" after the plugin name in plugins.ini (without quotes).
L 10/04/2024 - 16:56:40: [FUN] Invalid player 1
L 10/04/2024 - 16:56:40: [AMXX] Run time error 10 (plugin "abd-old.amxx") (native "set_user_health") - debug not enabled!
L 10/04/2024 - 16:56:40: [AMXX] To enable debug mode, add "debug" after the plugin name in plugins.ini (without quotes).
L 10/04/2024 - 16:56:41: [FUN] Invalid player 1
L 10/04/2024 - 16:56:41: [AMXX] Run time error 10 (plugin "abd-old.amxx") (native "set_user_health") - debug not enabled!
L 10/04/2024 - 16:56:41: [AMXX] To enable debug mode, add "debug" after the plugin name in plugins.ini (without quotes).
L 10/04/2024 - 16:56:41: [FUN] Invalid player 1
L 10/04/2024 - 16:56:41: [AMXX] Run time error 10 (plugin "abd-old.amxx") (native "set_user_health") - debug not enabled!
L 10/04/2024 - 16:56:41: [AMXX] To enable debug mode, add "debug" after the plugin name in plugins.ini (without quotes).
L 10/04/2024 - 16:56:41: [FUN] Invalid player 1
L 10/04/2024 - 16:56:41: [AMXX] Run time error 10 (plugin "abd-old.amxx") (native "set_user_health") - debug not enabled!
L 10/04/2024 - 16:56:41: [AMXX] To enable debug mode, add "debug" after the plugin name in plugins.ini (without quotes).
L 10/04/2024 - 16:56:42: [FUN] Invalid player 1
L 10/04/2024 - 16:56:42: [AMXX] Run time error 10 (plugin "abd-old.amxx") (native "set_user_health") - debug not enabled!
L 10/04/2024 - 16:56:42: [AMXX] To enable debug mode, add "debug" after the plugin name in plugins.ini (without quotes).
L 10/04/2024 - 16:56:42: [FUN] Invalid player 1
L 10/04/2024 - 16:56:42: [AMXX] Run time error 10 (plugin "abd-old.amxx") (native "set_user_health") - debug not enabled!
L 10/04/2024 - 16:56:42: [AMXX] To enable debug mode, add "debug" after the plugin name in plugins.ini (without quotes).
L 10/04/2024 - 16:56:42: [FUN] Invalid player 1
L 10/04/2024 - 16:56:42: [AMXX] Run time error 10 (plugin "abd-old.amxx") (native "set_user_health") - debug not enabled!
L 10/04/2024 - 16:56:42: [AMXX] To enable debug mode, add "debug" after the plugin name in plugins.ini (without quotes).
L 10/04/2024 - 16:56:43: [FUN] Invalid player 1
L 10/04/2024 - 16:56:43: [AMXX] Run time error 10 (plugin "abd-old.amxx") (native "set_user_health") - debug not enabled!
L 10/04/2024 - 16:56:43: [AMXX] To enable debug mode, add "debug" after the plugin name in plugins.ini (without quotes).
L 10/04/2024 - 16:56:43: [FUN] Invalid player 1
L 10/04/2024 - 16:56:43: [AMXX] Run time error 10 (plugin "abd-old.amxx") (native "set_user_health") - debug not enabled!
L 10/04/2024 - 16:56:43: [AMXX] To enable debug mode, add "debug" after the plugin name in plugins.ini (without quotes).
L 10/04/2024 - 16:56:43: [FUN] Invalid player 1
L 10/04/2024 - 16:56:43: [AMXX] Run time error 10 (plugin "abd-old.amxx") (native "set_user_health") - debug not enabled!
L 10/04/2024 - 16:56:43: [AMXX] To enable debug mode, add "debug" after the plugin name in plugins.ini (without quotes).
L 10/04/2024 - 16:56:44: [FUN] Invalid player 1
L 10/04/2024 - 16:56:44: [AMXX] Run time error 10 (plugin "abd-old.amxx") (native "set_user_health") - debug not enabled!
L 10/04/2024 - 16:56:44: [AMXX] To enable debug mode, add "debug" after the plugin name in plugins.ini (without quotes).
L 10/04/2024 - 16:56:44: [FUN] Invalid player 1
L 10/04/2024 - 16:56:44: [AMXX] Run time error 10 (plugin "abd-old.amxx") (native "set_user_health") - debug not enabled!
L 10/04/2024 - 16:56:44: [AMXX] To enable debug mode, add "debug" after the plugin name in plugins.ini (without quotes).
L 10/04/2024 - 16:56:44: [FUN] Invalid player 1
L 10/04/2024 - 16:56:44: [AMXX] Run time error 10 (plugin "abd-old.amxx") (native "set_user_health") - debug not enabled!
L 10/04/2024 - 16:56:44: [AMXX] To enable debug mode, add "debug" after the plugin name in plugins.ini (without quotes).
L 10/04/2024 - 16:56:45: [FUN] Invalid player 1
L 10/04/2024 - 16:56:45: [AMXX] Run time error 10 (plugin "abd-old.amxx") (native "set_user_health") - debug not enabled!
L 10/04/2024 - 16:56:45: [AMXX] To enable debug mode, add "debug" after the plugin name in plugins.ini (without quotes).
L 10/04/2024 - 16:56:45: [FUN] Invalid player 1
L 10/04/2024 - 16:56:45: [AMXX] Run time error 10 (plugin "abd-old.amxx") (native "set_user_health") - debug not enabled!
L 10/04/2024 - 16:56:45: [AMXX] To enable debug mode, add "debug" after the plugin name in plugins.ini (without quotes).
L 10/04/2024 - 16:56:45: [FUN] Invalid player 1
L 10/04/2024 - 16:56:45: [AMXX] Run time error 10 (plugin "abd-old.amxx") (native "set_user_health") - debug not enabled!
L 10/04/2024 - 16:56:45: [AMXX] To enable debug mode, add "debug" after the plugin name in plugins.ini (without quotes).
L 10/04/2024 - 16:56:46: [FUN] Invalid player 1
L 10/04/2024 - 16:56:46: [AMXX] Run time error 10 (plugin "abd-old.amxx") (native "set_user_health") - debug not enabled!
L 10/04/2024 - 16:56:46: [AMXX] To enable debug mode, add "debug" after the plugin name in plugins.ini (without quotes).
L 10/04/2024 - 16:56:46: [FUN] Invalid player 1
L 10/04/2024 - 16:56:46: [AMXX] Run time error 10 (plugin "abd-old.amxx") (native "set_user_health") - debug not enabled!
L 10/04/2024 - 16:56:46: [AMXX] To enable debug mode, add "debug" after the plugin name in plugins.ini (without quotes).
L 10/04/2024 - 16:56:46: [FUN] Invalid player 1
L 10/04/2024 - 16:56:46: [AMXX] Run time error 10 (plugin "abd-old.amxx") (native "set_user_health") - debug not enabled!
L 10/04/2024 - 16:56:46: [AMXX] To enable debug mode, add "debug" after the plugin name in plugins.ini (without quotes).
L 10/04/2024 - 16:56:47: [FUN] Invalid player 1
L 10/04/2024 - 16:56:47: [AMXX] Run time error 10 (plugin "abd-old.amxx") (native "set_user_health") - debug not enabled!
L 10/04/2024 - 16:56:47: [AMXX] To enable debug mode, add "debug" after the plugin name in plugins.ini (without quotes).
L 10/04/2024 - 16:56:47: [FUN] Invalid player 1
L 10/04/2024 - 16:56:47: [AMXX] Run time error 10 (plugin "abd-old.amxx") (native "set_user_health") - debug not enabled!
L 10/04/2024 - 16:56:47: [AMXX] To enable debug mode, add "debug" after the plugin name in plugins.ini (without quotes).
L 10/04/2024 - 16:56:47: [FUN] Invalid player 1
L 10/04/2024 - 16:56:47: [AMXX] Run time error 10 (plugin "abd-old.amxx") (native "set_user_health") - debug not enabled!
L 10/04/2024 - 16:56:47: [AMXX] To enable debug mode, add "debug" after the plugin name in plugins.ini (without quotes).
L 10/04/2024 - 16:56:48: [FUN] Invalid player 1
L 10/04/2024 - 16:56:48: [AMXX] Run time error 10 (plugin "abd-old.amxx") (native "set_user_health") - debug not enabled!
L 10/04/2024 - 16:56:48: [AMXX] To enable debug mode, add "debug" after the plugin name in plugins.ini (without quotes).
L 10/04/2024 - 16:56:48: [FUN] Invalid player 1
L 10/04/2024 - 16:56:48: [AMXX] Run time error 10 (plugin "abd-old.amxx") (native "set_user_health") - debug not enabled!
L 10/04/2024 - 16:56:48: [AMXX] To enable debug mode, add "debug" after the plugin name in plugins.ini (without quotes).
L 10/04/2024 - 16:56:48: [FUN] Invalid player 1
L 10/04/2024 - 16:56:48: [AMXX] Run time error 10 (plugin "abd-old.amxx") (native "set_user_health") - debug not enabled!
L 10/04/2024 - 16:56:48: [AMXX] To enable debug mode, add "debug" after the plugin name in plugins.ini (without quotes).
L 10/04/2024 - 16:56:49: [FUN] Invalid player 1
L 10/04/2024 - 16:56:49: [AMXX] Run time error 10 (plugin "abd-old.amxx") (native "set_user_health") - debug not enabled!
L 10/04/2024 - 16:56:49: [AMXX] To enable debug mode, add "debug" after the plugin name in plugins.ini (without quotes).
L 10/04/2024 - 16:56:49: [FUN] Invalid player 1
L 10/04/2024 - 16:56:49: [AMXX] Run time error 10 (plugin "abd-old.amxx") (native "set_user_health") - debug not enabled!
L 10/04/2024 - 16:56:49: [AMXX] To enable debug mode, add "debug" after the plugin name in plugins.ini (without quotes).
L 10/04/2024 - 16:56:49: [FUN] Invalid player 1
L 10/04/2024 - 16:56:49: [AMXX] Run time error 10 (plugin "abd-old.amxx") (native "set_user_health") - debug not enabled!
L 10/04/2024 - 16:56:49: [AMXX] To enable debug mode, add "debug" after the plugin name in plugins.ini (without quotes).
L 10/04/2024 - 16:56:50: [FUN] Invalid player 1
L 10/04/2024 - 16:56:50: [AMXX] Run time error 10 (plugin "abd-old.amxx") (native "set_user_health") - debug not enabled!
L 10/04/2024 - 16:56:50: [AMXX] To enable debug mode, add "debug" after the plugin name in plugins.ini (without quotes).
L 10/04/2024 - 16:56:50: [FUN] Invalid player 1
L 10/04/2024 - 16:56:50: [AMXX] Run time error 10 (plugin "abd-old.amxx") (native "set_user_health") - debug not enabled!
L 10/04/2024 - 16:56:50: [AMXX] To enable debug mode, add "debug" after the plugin name in plugins.ini (without quotes).
L 10/04/2024 - 16:56:50: [FUN] Invalid player 1
L 10/04/2024 - 16:56:50: [AMXX] Run time error 10 (plugin "abd-old.amxx") (native "set_user_health") - debug not enabled!
L 10/04/2024 - 16:56:50: [AMXX] To enable debug mode, add "debug" after the plugin name in plugins.ini (without quotes).
L 10/04/2024 - 16:56:51: [FUN] Invalid player 1
L 10/04/2024 - 16:56:51: [AMXX] Run time error 10 (plugin "abd-old.amxx") (native "set_user_health") - debug not enabled!
L 10/04/2024 - 16:56:51: [AMXX] To enable debug mode, add "debug" after the plugin name in plugins.ini (without quotes).
L 10/04/2024 - 16:56:51: [FUN] Invalid player 1
L 10/04/2024 - 16:56:51: [AMXX] Run time error 10 (plugin "abd-old.amxx") (native "set_user_health") - debug not enabled!
L 10/04/2024 - 16:56:51: [AMXX] To enable debug mode, add "debug" after the plugin name in plugins.ini (without quotes).
L 10/04/2024 - 16:56:51: [FUN] Invalid player 1
L 10/04/2024 - 16:56:51: [AMXX] Run time error 10 (plugin "abd-old.amxx") (native "set_user_health") - debug not enabled!
L 10/04/2024 - 16:56:51: [AMXX] To enable debug mode, add "debug" after the plugin name in plugins.ini (without quotes).
L 10/04/2024 - 16:56:52: [FUN] Invalid player 1
L 10/04/2024 - 16:56:52: [AMXX] Run time error 10 (plugin "abd-old.amxx") (native "set_user_health") - debug not enabled!
L 10/04/2024 - 16:56:52: [AMXX] To enable debug mode, add "debug" after the plugin name in plugins.ini (without quotes).
L 10/04/2024 - 16:56:52: [FUN] Invalid player 1
L 10/04/2024 - 16:56:52: [AMXX] Run time error 10 (plugin "abd-old.amxx") (native "set_user_health") - debug not enabled!
L 10/04/2024 - 16:56:52: [AMXX] To enable debug mode, add "debug" after the plugin name in plugins.ini (without quotes).
L 10/04/2024 - 16:56:52: [FUN] Invalid player 1
L 10/04/2024 - 16:56:52: [AMXX] Run time error 10 (plugin "abd-old.amxx") (native "set_user_health") - debug not enabled!
L 10/04/2024 - 16:56:52: [AMXX] To enable debug mode, add "debug" after the plugin name in plugins.ini (without quotes).
L 10/04/2024 - 16:56:53: [FUN] Invalid player 1
L 10/04/2024 - 16:56:53: [AMXX] Run time error 10 (plugin "abd-old.amxx") (native "set_user_health") - debug not enabled!
L 10/04/2024 - 16:56:53: [AMXX] To enable debug mode, add "debug" after the plugin name in plugins.ini (without quotes).
L 10/04/2024 - 16:56:53: [FUN] Invalid player 1
L 10/04/2024 - 16:56:53: [AMXX] Run time error 10 (plugin "abd-old.amxx") (native "set_user_health") - debug not enabled!
L 10/04/2024 - 16:56:53: [AMXX] To enable debug mode, add "debug" after the plugin name in plugins.ini (without quotes).
L 10/04/2024 - 16:56:53: [FUN] Invalid player 1
L 10/04/2024 - 16:56:53: [AMXX] Run time error 10 (plugin "abd-old.amxx") (native "set_user_health") - debug not enabled!
L 10/04/2024 - 16:56:53: [AMXX] To enable debug mode, add "debug" after the plugin name in plugins.ini (without quotes).
L 10/04/2024 - 16:56:54: [FUN] Invalid player 1
L 10/04/2024 - 16:56:54: [AMXX] Run time error 10 (plugin "abd-old.amxx") (native "set_user_health") - debug not enabled!
L 10/04/2024 - 16:56:54: [AMXX] To enable debug mode, add "debug" after the plugin name in plugins.ini (without quotes).
L 10/04/2024 - 16:56:54: [FUN] Invalid player 1
L 10/04/2024 - 16:56:54: [AMXX] Run time error 10 (plugin "abd-old.amxx") (native "set_user_health") - debug not enabled!
L 10/04/2024 - 16:56:54: [AMXX] To enable debug mode, add "debug" after the plugin name in plugins.ini (without quotes).
L 10/04/2024 - 16:56:54: [FUN] Invalid player 1
L 10/04/2024 - 16:56:54: [AMXX] Run time error 10 (plugin "abd-old.amxx") (native "set_user_health") - debug not enabled!
L 10/04/2024 - 16:56:54: [AMXX] To enable debug mode, add "debug" after the plugin name in plugins.ini (without quotes).
L 10/04/2024 - 16:56:55: [FUN] Invalid player 1
L 10/04/2024 - 16:56:55: [AMXX] Run time error 10 (plugin "abd-old.amxx") (native "set_user_health") - debug not enabled!
L 10/04/2024 - 16:56:55: [AMXX] To enable debug mode, add "debug" after the plugin name in plugins.ini (without quotes).
L 10/04/2024 - 16:56:55: [FUN] Invalid player 1
L 10/04/2024 - 16:56:55: [AMXX] Run time error 10 (plugin "abd-old.amxx") (native "set_user_health") - debug not enabled!
L 10/04/2024 - 16:56:55: [AMXX] To enable debug mode, add "debug" after the plugin name in plugins.ini (without quotes).
L 10/04/2024 - 16:56:55: [FUN] Invalid player 1
L 10/04/2024 - 16:56:55: [AMXX] Run time error 10 (plugin "abd-old.amxx") (native "set_user_health") - debug not enabled!
L 10/04/2024 - 16:56:55: [AMXX] To enable debug mode, add "debug" after the plugin name in plugins.ini (without quotes).
L 10/04/2024 - 16:56:56: [FUN] Invalid player 1
L 10/04/2024 - 16:56:56: [AMXX] Run time error 10 (plugin "abd-old.amxx") (native "set_user_health") - debug not enabled!
L 10/04/2024 - 16:56:56: [AMXX] To enable debug mode, add "debug" after the plugin name in plugins.ini (without quotes).
L 10/04/2024 - 16:56:56: [FUN] Invalid player 1
L 10/04/2024 - 16:56:56: [AMXX] Run time error 10 (plugin "abd-old.amxx") (native "set_user_health") - debug not enabled!
L 10/04/2024 - 16:56:56: [AMXX] To enable debug mode, add "debug" after the plugin name in plugins.ini (without quotes).
L 10/04/2024 - 16:56:56: [FUN] Invalid player 1
L 10/04/2024 - 16:56:56: [AMXX] Run time error 10 (plugin "abd-old.amxx") (native "set_user_health") - debug not enabled!
L 10/04/2024 - 16:56:56: [AMXX] To enable debug mode, add "debug" after the plugin name in plugins.ini (without quotes).
L 10/04/2024 - 16:56:57: [FUN] Invalid player 1
L 10/04/2024 - 16:56:57: [AMXX] Run time error 10 (plugin "abd-old.amxx") (native "set_user_health") - debug not enabled!
L 10/04/2024 - 16:56:57: [AMXX] To enable debug mode, add "debug" after the plugin name in plugins.ini (without quotes).
L 10/04/2024 - 16:56:57: [FUN] Invalid player 1
L 10/04/2024 - 16:56:57: [AMXX] Run time error 10 (plugin "abd-old.amxx") (native "set_user_health") - debug not enabled!
L 10/04/2024 - 16:56:57: [AMXX] To enable debug mode, add "debug" after the plugin name in plugins.ini (without quotes).
L 10/04/2024 - 16:56:57: [FUN] Invalid player 1
L 10/04/2024 - 16:56:57: [AMXX] Run time error 10 (plugin "abd-old.amxx") (native "set_user_health") - debug not enabled!
L 10/04/2024 - 16:56:57: [AMXX] To enable debug mode, add "debug" after the plugin name in plugins.ini (without quotes).
L 10/04/2024 - 16:56:58: [FUN] Invalid player 1
L 10/04/2024 - 16:56:58: [AMXX] Run time error 10 (plugin "abd-old.amxx") (native "set_user_health") - debug not enabled!
L 10/04/2024 - 16:56:58: [AMXX] To enable debug mode, add "debug" after the plugin name in plugins.ini (without quotes).
L 10/04/2024 - 16:56:58: [FUN] Invalid player 1
L 10/04/2024 - 16:56:58: [AMXX] Run time error 10 (plugin "abd-old.amxx") (native "set_user_health") - debug not enabled!
L 10/04/2024 - 16:56:58: [AMXX] To enable debug mode, add "debug" after the plugin name in plugins.ini (without quotes).
L 10/04/2024 - 16:56:58: [FUN] Invalid player 1
L 10/04/2024 - 16:56:58: [AMXX] Run time error 10 (plugin "abd-old.amxx") (native "set_user_health") - debug not enabled!
L 10/04/2024 - 16:56:58: [AMXX] To enable debug mode, add "debug" after the plugin name in plugins.ini (without quotes).
L 10/04/2024 - 16:56:59: [FUN] Invalid player 1
L 10/04/2024 - 16:56:59: [AMXX] Run time error 10 (plugin "abd-old.amxx") (native "set_user_health") - debug not enabled!
L 10/04/2024 - 16:56:59: [AMXX] To enable debug mode, add "debug" after the plugin name in plugins.ini (without quotes).
L 10/04/2024 - 16:56:59: [FUN] Invalid player 1
L 10/04/2024 - 16:56:59: [AMXX] Run time error 10 (plugin "abd-old.amxx") (native "set_user_health") - debug not enabled!
L 10/04/2024 - 16:56:59: [AMXX] To enable debug mode, add "debug" after the plugin name in plugins.ini (without quotes).
L 10/04/2024 - 16:56:59: [FUN] Invalid player 1
L 10/04/2024 - 16:56:59: [AMXX] Run time error 10 (plugin "abd-old.amxx") (native "set_user_health") - debug not enabled!
L 10/04/2024 - 16:56:59: [AMXX] To enable debug mode, add "debug" after the plugin name in plugins.ini (without quotes).
L 10/04/2024 - 16:57:00: [FUN] Invalid player 1
L 10/04/2024 - 16:57:00: [AMXX] Run time error 10 (plugin "abd-old.amxx") (native "set_user_health") - debug not enabled!
L 10/04/2024 - 16:57:00: [AMXX] To enable debug mode, add "debug" after the plugin name in plugins.ini (without quotes).
L 10/04/2024 - 16:57:00: [FUN] Invalid player 1
L 10/04/2024 - 16:57:00: [AMXX] Run time error 10 (plugin "abd-old.amxx") (native "set_user_health") - debug not enabled!
L 10/04/2024 - 16:57:00: [AMXX] To enable debug mode, add "debug" after the plugin name in plugins.ini (without quotes).
L 10/04/2024 - 16:57:00: [FUN] Invalid player 1
L 10/04/2024 - 16:57:00: [AMXX] Run time error 10 (plugin "abd-old.amxx") (native "set_user_health") - debug not enabled!
L 10/04/2024 - 16:57:00: [AMXX] To enable debug mode, add "debug" after the plugin name in plugins.ini (without quotes).
L 10/04/2024 - 16:57:01: [FUN] Invalid player 1
L 10/04/2024 - 16:57:01: [AMXX] Run time error 10 (plugin "abd-old.amxx") (native "set_user_health") - debug not enabled!
L 10/04/2024 - 16:57:01: [AMXX] To enable debug mode, add "debug" after the plugin name in plugins.ini (without quotes).
L 10/04/2024 - 16:57:01: [FUN] Invalid player 1
L 10/04/2024 - 16:57:01: [AMXX] Run time error 10 (plugin "abd-old.amxx") (native "set_user_health") - debug not enabled!
L 10/04/2024 - 16:57:01: [AMXX] To enable debug mode, add "debug" after the plugin name in plugins.ini (without quotes).
L 10/04/2024 - 16:57:01: [FUN] Invalid player 1
L 10/04/2024 - 16:57:01: [AMXX] Run time error 10 (plugin "abd-old.amxx") (native "set_user_health") - debug not enabled!
L 10/04/2024 - 16:57:01: [AMXX] To enable debug mode, add "debug" after the plugin name in plugins.ini (without quotes).
L 10/04/2024 - 16:57:02: [FUN] Invalid player 1
L 10/04/2024 - 16:57:02: [AMXX] Run time error 10 (plugin "abd-old.amxx") (native "set_user_health") - debug not enabled!
L 10/04/2024 - 16:57:02: [AMXX] To enable debug mode, add "debug" after the plugin name in plugins.ini (without quotes).
L 10/04/2024 - 16:57:02: [FUN] Invalid player 1
L 10/04/2024 - 16:57:02: [AMXX] Run time error 10 (plugin "abd-old.amxx") (native "set_user_health") - debug not enabled!
L 10/04/2024 - 16:57:02: [AMXX] To enable debug mode, add "debug" after the plugin name in plugins.ini (without quotes).
L 10/04/2024 - 16:57:02: [FUN] Invalid player 1
L 10/04/2024 - 16:57:02: [AMXX] Run time error 10 (plugin "abd-old.amxx") (native "set_user_health") - debug not enabled!
L 10/04/2024 - 16:57:02: [AMXX] To enable debug mode, add "debug" after the plugin name in plugins.ini (without quotes).
L 10/04/2024 - 16:57:03: [FUN] Invalid player 1
L 10/04/2024 - 16:57:03: [AMXX] Run time error 10 (plugin "abd-old.amxx") (native "set_user_health") - debug not enabled!
L 10/04/2024 - 16:57:03: [AMXX] To enable debug mode, add "debug" after the plugin name in plugins.ini (without quotes).
L 10/04/2024 - 16:57:03: [FUN] Invalid player 1
L 10/04/2024 - 16:57:03: [AMXX] Run time error 10 (plugin "abd-old.amxx") (native "set_user_health") - debug not enabled!
L 10/04/2024 - 16:57:03: [AMXX] To enable debug mode, add "debug" after the plugin name in plugins.ini (without quotes).
L 10/04/2024 - 16:57:03: [FUN] Invalid player 1
L 10/04/2024 - 16:57:03: [AMXX] Run time error 10 (plugin "abd-old.amxx") (native "set_user_health") - debug not enabled!
L 10/04/2024 - 16:57:03: [AMXX] To enable debug mode, add "debug" after the plugin name in plugins.ini (without quotes).
L 10/04/2024 - 16:57:04: [FUN] Invalid player 1
L 10/04/2024 - 16:57:04: [AMXX] Run time error 10 (plugin "abd-old.amxx") (native "set_user_health") - debug not enabled!
L 10/04/2024 - 16:57:04: [AMXX] To enable debug mode, add "debug" after the plugin name in plugins.ini (without quotes).
L 10/04/2024 - 16:57:04: [FUN] Invalid player 1
L 10/04/2024 - 16:57:04: [AMXX] Run time error 10 (plugin "abd-old.amxx") (native "set_user_health") - debug not enabled!
L 10/04/2024 - 16:57:04: [AMXX] To enable debug mode, add "debug" after the plugin name in plugins.ini (without quotes).
L 10/04/2024 - 16:57:04: [FUN] Invalid player 1
L 10/04/2024 - 16:57:04: [AMXX] Run time error 10 (plugin "abd-old.amxx") (native "set_user_health") - debug not enabled!
L 10/04/2024 - 16:57:04: [AMXX] To enable debug mode, add "debug" after the plugin name in plugins.ini (without quotes).
L 10/04/2024 - 16:57:05: [FUN] Invalid player 1
L 10/04/2024 - 16:57:05: [AMXX] Run time error 10 (plugin "abd-old.amxx") (native "set_user_health") - debug not enabled!
L 10/04/2024 - 16:57:05: [AMXX] To enable debug mode, add "debug" after the plugin name in plugins.ini (without quotes).
L 10/04/2024 - 16:57:05: [FUN] Invalid player 1
L 10/04/2024 - 16:57:05: [AMXX] Run time error 10 (plugin "abd-old.amxx") (native "set_user_health") - debug not enabled!
L 10/04/2024 - 16:57:05: [AMXX] To enable debug mode, add "debug" after the plugin name in plugins.ini (without quotes).
L 10/04/2024 - 16:57:05: [FUN] Invalid player 1
L 10/04/2024 - 16:57:05: [AMXX] Run time error 10 (plugin "abd-old.amxx") (native "set_user_health") - debug not enabled!
L 10/04/2024 - 16:57:05: [AMXX] To enable debug mode, add "debug" after the plugin name in plugins.ini (without quotes).
L 10/04/2024 - 16:57:06: [FUN] Invalid player 1
L 10/04/2024 - 16:57:06: [AMXX] Run time error 10 (plugin "abd-old.amxx") (native "set_user_health") - debug not enabled!
L 10/04/2024 - 16:57:06: [AMXX] To enable debug mode, add "debug" after the plugin name in plugins.ini (without quotes).
L 10/04/2024 - 16:57:06: [FUN] Invalid player 1
L 10/04/2024 - 16:57:06: [AMXX] Run time error 10 (plugin "abd-old.amxx") (native "set_user_health") - debug not enabled!
L 10/04/2024 - 16:57:06: [AMXX] To enable debug mode, add "debug" after the plugin name in plugins.ini (without quotes).
L 10/04/2024 - 16:57:06: [FUN] Invalid player 1
L 10/04/2024 - 16:57:06: [AMXX] Run time error 10 (plugin "abd-old.amxx") (native "set_user_health") - debug not enabled!
L 10/04/2024 - 16:57:06: [AMXX] To enable debug mode, add "debug" after the plugin name in plugins.ini (without quotes).
L 10/04/2024 - 16:57:07: [FUN] Invalid player 1
L 10/04/2024 - 16:57:07: [AMXX] Run time error 10 (plugin "abd-old.amxx") (native "set_user_health") - debug not enabled!
L 10/04/2024 - 16:57:07: [AMXX] To enable debug mode, add "debug" after the plugin name in plugins.ini (without quotes).
L 10/04/2024 - 16:57:07: [FUN] Invalid player 1
L 10/04/2024 - 16:57:07: [AMXX] Run time error 10 (plugin "abd-old.amxx") (native "set_user_health") - debug not enabled!
L 10/04/2024 - 16:57:07: [AMXX] To enable debug mode, add "debug" after the plugin name in plugins.ini (without quotes).
L 10/04/2024 - 16:57:07: [FUN] Invalid player 1
L 10/04/2024 - 16:57:07: [AMXX] Run time error 10 (plugin "abd-old.amxx") (native "set_user_health") - debug not enabled!
L 10/04/2024 - 16:57:07: [AMXX] To enable debug mode, add "debug" after the plugin name in plugins.ini (without quotes).
L 10/04/2024 - 16:57:08: [FUN] Invalid player 1
L 10/04/2024 - 16:57:08: [AMXX] Run time error 10 (plugin "abd-old.amxx") (native "set_user_health") - debug not enabled!
L 10/04/2024 - 16:57:08: [AMXX] To enable debug mode, add "debug" after the plugin name in plugins.ini (without quotes).
L 10/04/2024 - 16:57:08: [FUN] Invalid player 1
L 10/04/2024 - 16:57:08: [AMXX] Run time error 10 (plugin "abd-old.amxx") (native "set_user_health") - debug not enabled!
L 10/04/2024 - 16:57:08: [AMXX] To enable debug mode, add "debug" after the plugin name in plugins.ini (without quotes).
L 10/04/2024 - 16:57:08: [FUN] Invalid player 1
L 10/04/2024 - 16:57:08: [AMXX] Run time error 10 (plugin "abd-old.amxx") (native "set_user_health") - debug not enabled!
L 10/04/2024 - 16:57:08: [AMXX] To enable debug mode, add "debug" after the plugin name in plugins.ini (without quotes).
L 10/04/2024 - 16:57:09: [FUN] Invalid player 1
L 10/04/2024 - 16:57:09: [AMXX] Run time error 10 (plugin "abd-old.amxx") (native "set_user_health") - debug not enabled!
L 10/04/2024 - 16:57:09: [AMXX] To enable debug mode, add "debug" after the plugin name in plugins.ini (without quotes).
L 10/04/2024 - 16:57:09: [FUN] Invalid player 1
L 10/04/2024 - 16:57:09: [AMXX] Run time error 10 (plugin "abd-old.amxx") (native "set_user_health") - debug not enabled!
L 10/04/2024 - 16:57:09: [AMXX] To enable debug mode, add "debug" after the plugin name in plugins.ini (without quotes).
L 10/04/2024 - 16:57:09: [FUN] Invalid player 1
L 10/04/2024 - 16:57:09: [AMXX] Run time error 10 (plugin "abd-old.amxx") (native "set_user_health") - debug not enabled!
L 10/04/2024 - 16:57:09: [AMXX] To enable debug mode, add "debug" after the plugin name in plugins.ini (without quotes).
L 10/04/2024 - 16:57:10: [FUN] Invalid player 1
L 10/04/2024 - 16:57:10: [AMXX] Run time error 10 (plugin "abd-old.amxx") (native "set_user_health") - debug not enabled!
L 10/04/2024 - 16:57:10: [AMXX] To enable debug mode, add "debug" after the plugin name in plugins.ini (without quotes).
L 10/04/2024 - 16:57:10: [FUN] Invalid player 1
L 10/04/2024 - 16:57:10: [AMXX] Run time error 10 (plugin "abd-old.amxx") (native "set_user_health") - debug not enabled!
L 10/04/2024 - 16:57:10: [AMXX] To enable debug mode, add "debug" after the plugin name in plugins.ini (without quotes).
L 10/04/2024 - 16:57:10: [FUN] Invalid player 1
L 10/04/2024 - 16:57:10: [AMXX] Run time error 10 (plugin "abd-old.amxx") (native "set_user_health") - debug not enabled!
L 10/04/2024 - 16:57:10: [AMXX] To enable debug mode, add "debug" after the plugin name in plugins.ini (without quotes).
L 10/04/2024 - 16:57:11: [FUN] Invalid player 1
L 10/04/2024 - 16:57:11: [AMXX] Run time error 10 (plugin "abd-old.amxx") (native "set_user_health") - debug not enabled!
L 10/04/2024 - 16:57:11: [AMXX] To enable debug mode, add "debug" after the plugin name in plugins.ini (without quotes).
L 10/04/2024 - 16:57:11: [FUN] Invalid player 1
L 10/04/2024 - 16:57:11: [AMXX] Run time error 10 (plugin "abd-old.amxx") (native "set_user_health") - debug not enabled!
L 10/04/2024 - 16:57:11: [AMXX] To enable debug mode, add "debug" after the plugin name in plugins.ini (without quotes).
L 10/04/2024 - 16:57:11: [FUN] Invalid player 1
L 10/04/2024 - 16:57:11: [AMXX] Run time error 10 (plugin "abd-old.amxx") (native "set_user_health") - debug not enabled!
L 10/04/2024 - 16:57:11: [AMXX] To enable debug mode, add "debug" after the plugin name in plugins.ini (without quotes).
L 10/04/2024 - 16:57:12: [FUN] Invalid player 1
L 10/04/2024 - 16:57:12: [AMXX] Run time error 10 (plugin "abd-old.amxx") (native "set_user_health") - debug not enabled!
L 10/04/2024 - 16:57:12: [AMXX] To enable debug mode, add "debug" after the plugin name in plugins.ini (without quotes).
L 10/04/2024 - 16:57:12: [FUN] Invalid player 1
L 10/04/2024 - 16:57:12: [AMXX] Run time error 10 (plugin "abd-old.amxx") (native "set_user_health") - debug not enabled!
L 10/04/2024 - 16:57:12: [AMXX] To enable debug mode, add "debug" after the plugin name in plugins.ini (without quotes).
L 10/04/2024 - 16:57:12: [FUN] Invalid player 1
L 10/04/2024 - 16:57:12: [AMXX] Run time error 10 (plugin "abd-old.amxx") (native "set_user_health") - debug not enabled!
L 10/04/2024 - 16:57:12: [AMXX] To enable debug mode, add "debug" after the plugin name in plugins.ini (without quotes).
L 10/04/2024 - 16:57:13: [FUN] Invalid player 1
L 10/04/2024 - 16:57:13: [AMXX] Run time error 10 (plugin "abd-old.amxx") (native "set_user_health") - debug not enabled!
L 10/04/2024 - 16:57:13: [AMXX] To enable debug mode, add "debug" after the plugin name in plugins.ini (without quotes).
L 10/04/2024 - 16:57:13: [FUN] Invalid player 1
L 10/04/2024 - 16:57:13: [AMXX] Run time error 10 (plugin "abd-old.amxx") (native "set_user_health") - debug not enabled!
L 10/04/2024 - 16:57:13: [AMXX] To enable debug mode, add "debug" after the plugin name in plugins.ini (without quotes).
L 10/04/2024 - 16:57:13: [FUN] Invalid player 1
L 10/04/2024 - 16:57:13: [AMXX] Run time error 10 (plugin "abd-old.amxx") (native "set_user_health") - debug not enabled!
L 10/04/2024 - 16:57:13: [AMXX] To enable debug mode, add "debug" after the plugin name in plugins.ini (without quotes).
L 10/04/2024 - 16:57:14: [FUN] Invalid player 1
L 10/04/2024 - 16:57:14: [AMXX] Run time error 10 (plugin "abd-old.amxx") (native "set_user_health") - debug not enabled!
L 10/04/2024 - 16:57:14: [AMXX] To enable debug mode, add "debug" after the plugin name in plugins.ini (without quotes).
L 10/04/2024 - 16:57:14: [FUN] Invalid player 1
L 10/04/2024 - 16:57:14: [AMXX] Run time error 10 (plugin "abd-old.amxx") (native "set_user_health") - debug not enabled!
L 10/04/2024 - 16:57:14: [AMXX] To enable debug mode, add "debug" after the plugin name in plugins.ini (without quotes).
L 10/04/2024 - 16:57:14: [FUN] Invalid player 1
L 10/04/2024 - 16:57:14: [AMXX] Run time error 10 (plugin "abd-old.amxx") (native "set_user_health") - debug not enabled!
L 10/04/2024 - 16:57:14: [AMXX] To enable debug mode, add "debug" after the plugin name in plugins.ini (without quotes).
L 10/04/2024 - 16:57:15: [FUN] Invalid player 1
L 10/04/2024 - 16:57:15: [AMXX] Run time error 10 (plugin "abd-old.amxx") (native "set_user_health") - debug not enabled!
L 10/04/2024 - 16:57:15: [AMXX] To enable debug mode, add "debug" after the plugin name in plugins.ini (without quotes).
L 10/04/2024 - 16:57:15: [FUN] Invalid player 1
L 10/04/2024 - 16:57:15: [AMXX] Run time error 10 (plugin "abd-old.amxx") (native "set_user_health") - debug not enabled!
L 10/04/2024 - 16:57:15: [AMXX] To enable debug mode, add "debug" after the plugin name in plugins.ini (without quotes).
L 10/04/2024 - 16:57:15: [FUN] Invalid player 1
L 10/04/2024 - 16:57:15: [AMXX] Run time error 10 (plugin "abd-old.amxx") (native "set_user_health") - debug not enabled!
L 10/04/2024 - 16:57:15: [AMXX] To enable debug mode, add "debug" after the plugin name in plugins.ini (without quotes).
L 10/04/2024 - 16:57:16: [FUN] Invalid player 1
L 10/04/2024 - 16:57:16: [AMXX] Run time error 10 (plugin "abd-old.amxx") (native "set_user_health") - debug not enabled!
L 10/04/2024 - 16:57:16: [AMXX] To enable debug mode, add "debug" after the plugin name in plugins.ini (without quotes).
L 10/04/2024 - 16:57:16: [FUN] Invalid player 1
L 10/04/2024 - 16:57:16: [AMXX] Run time error 10 (plugin "abd-old.amxx") (native "set_user_health") - debug not enabled!
L 10/04/2024 - 16:57:16: [AMXX] To enable debug mode, add "debug" after the plugin name in plugins.ini (without quotes).
L 10/04/2024 - 16:57:16: [FUN] Invalid player 1
L 10/04/2024 - 16:57:16: [AMXX] Run time error 10 (plugin "abd-old.amxx") (native "set_user_health") - debug not enabled!
L 10/04/2024 - 16:57:16: [AMXX] To enable debug mode, add "debug" after the plugin name in plugins.ini (without quotes).
L 10/04/2024 - 16:57:17: [FUN] Invalid player 1
L 10/04/2024 - 16:57:17: [AMXX] Run time error 10 (plugin "abd-old.amxx") (native "set_user_health") - debug not enabled!
L 10/04/2024 - 16:57:17: [AMXX] To enable debug mode, add "debug" after the plugin name in plugins.ini (without quotes).
L 10/04/2024 - 16:57:17: [FUN] Invalid player 1
L 10/04/2024 - 16:57:17: [AMXX] Run time error 10 (plugin "abd-old.amxx") (native "set_user_health") - debug not enabled!
L 10/04/2024 - 16:57:17: [AMXX] To enable debug mode, add "debug" after the plugin name in plugins.ini (without quotes).
L 10/04/2024 - 16:57:17: [FUN] Invalid player 1
L 10/04/2024 - 16:57:17: [AMXX] Run time error 10 (plugin "abd-old.amxx") (native "set_user_health") - debug not enabled!
L 10/04/2024 - 16:57:17: [AMXX] To enable debug mode, add "debug" after the plugin name in plugins.ini (without quotes).
L 10/04/2024 - 16:57:18: [FUN] Invalid player 1
L 10/04/2024 - 16:57:18: [AMXX] Run time error 10 (plugin "abd-old.amxx") (native "set_user_health") - debug not enabled!
L 10/04/2024 - 16:57:18: [AMXX] To enable debug mode, add "debug" after the plugin name in plugins.ini (without quotes).
L 10/04/2024 - 16:57:18: [FUN] Invalid player 1
L 10/04/2024 - 16:57:18: [AMXX] Run time error 10 (plugin "abd-old.amxx") (native "set_user_health") - debug not enabled!
L 10/04/2024 - 16:57:18: [AMXX] To enable debug mode, add "debug" after the plugin name in plugins.ini (without quotes).
L 10/04/2024 - 16:57:18: [FUN] Invalid player 1
L 10/04/2024 - 16:57:18: [AMXX] Run time error 10 (plugin "abd-old.amxx") (native "set_user_health") - debug not enabled!
L 10/04/2024 - 16:57:18: [AMXX] To enable debug mode, add "debug" after the plugin name in plugins.ini (without quotes).
L 10/04/2024 - 16:57:19: [FUN] Invalid player 1
L 10/04/2024 - 16:57:19: [AMXX] Run time error 10 (plugin "abd-old.amxx") (native "set_user_health") - debug not enabled!
L 10/04/2024 - 16:57:19: [AMXX] To enable debug mode, add "debug" after the plugin name in plugins.ini (without quotes).
L 10/04/2024 - 16:57:19: [FUN] Invalid player 1
L 10/04/2024 - 16:57:19: [AMXX] Run time error 10 (plugin "abd-old.amxx") (native "set_user_health") - debug not enabled!
L 10/04/2024 - 16:57:19: [AMXX] To enable debug mode, add "debug" after the plugin name in plugins.ini (without quotes).
L 10/04/2024 - 16:57:19: [FUN] Invalid player 1
L 10/04/2024 - 16:57:19: [AMXX] Run time error 10 (plugin "abd-old.amxx") (native "set_user_health") - debug not enabled!
L 10/04/2024 - 16:57:19: [AMXX] To enable debug mode, add "debug" after the plugin name in plugins.ini (without quotes).
L 10/04/2024 - 16:57:20: [FUN] Invalid player 1
L 10/04/2024 - 16:57:20: [AMXX] Run time error 10 (plugin "abd-old.amxx") (native "set_user_health") - debug not enabled!
L 10/04/2024 - 16:57:20: [AMXX] To enable debug mode, add "debug" after the plugin name in plugins.ini (without quotes).
L 10/04/2024 - 16:57:20: [FUN] Invalid player 1
L 10/04/2024 - 16:57:20: [AMXX] Run time error 10 (plugin "abd-old.amxx") (native "set_user_health") - debug not enabled!
L 10/04/2024 - 16:57:20: [AMXX] To enable debug mode, add "debug" after the plugin name in plugins.ini (without quotes).
L 10/04/2024 - 16:57:20: [FUN] Invalid player 1
L 10/04/2024 - 16:57:20: [AMXX] Run time error 10 (plugin "abd-old.amxx") (native "set_user_health") - debug not enabled!
L 10/04/2024 - 16:57:20: [AMXX] To enable debug mode, add "debug" after the plugin name in plugins.ini (without quotes).
L 10/04/2024 - 16:57:21: [FUN] Invalid player 1
L 10/04/2024 - 16:57:21: [AMXX] Run time error 10 (plugin "abd-old.amxx") (native "set_user_health") - debug not enabled!
L 10/04/2024 - 16:57:21: [AMXX] To enable debug mode, add "debug" after the plugin name in plugins.ini (without quotes).
L 10/04/2024 - 16:57:21: [FUN] Invalid player 1
L 10/04/2024 - 16:57:21: [AMXX] Run time error 10 (plugin "abd-old.amxx") (native "set_user_health") - debug not enabled!
L 10/04/2024 - 16:57:21: [AMXX] To enable debug mode, add "debug" after the plugin name in plugins.ini (without quotes).
L 10/04/2024 - 16:57:21: [FUN] Invalid player 1
L 10/04/2024 - 16:57:21: [AMXX] Run time error 10 (plugin "abd-old.amxx") (native "set_user_health") - debug not enabled!
L 10/04/2024 - 16:57:21: [AMXX] To enable debug mode, add "debug" after the plugin name in plugins.ini (without quotes).
L 10/04/2024 - 16:57:22: [FUN] Invalid player 1
L 10/04/2024 - 16:57:22: [AMXX] Run time error 10 (plugin "abd-old.amxx") (native "set_user_health") - debug not enabled!
L 10/04/2024 - 16:57:22: [AMXX] To enable debug mode, add "debug" after the plugin name in plugins.ini (without quotes).
L 10/04/2024 - 16:57:22: [FUN] Invalid player 1
L 10/04/2024 - 16:57:22: [AMXX] Run time error 10 (plugin "abd-old.amxx") (native "set_user_health") - debug not enabled!
L 10/04/2024 - 16:57:22: [AMXX] To enable debug mode, add "debug" after the plugin name in plugins.ini (without quotes).
L 10/04/2024 - 16:57:22: [FUN] Invalid player 1
L 10/04/2024 - 16:57:22: [AMXX] Run time error 10 (plugin "abd-old.amxx") (native "set_user_health") - debug not enabled!
L 10/04/2024 - 16:57:22: [AMXX] To enable debug mode, add "debug" after the plugin name in plugins.ini (without quotes).
L 10/04/2024 - 16:57:23: [FUN] Invalid player 1
L 10/04/2024 - 16:57:23: [AMXX] Run time error 10 (plugin "abd-old.amxx") (native "set_user_health") - debug not enabled!
L 10/04/2024 - 16:57:23: [AMXX] To enable debug mode, add "debug" after the plugin name in plugins.ini (without quotes).
L 10/04/2024 - 16:57:23: [FUN] Invalid player 1
L 10/04/2024 - 16:57:23: [AMXX] Run time error 10 (plugin "abd-old.amxx") (native "set_user_health") - debug not enabled!
L 10/04/2024 - 16:57:23: [AMXX] To enable debug mode, add "debug" after the plugin name in plugins.ini (without quotes).
L 10/04/2024 - 16:57:23: [FUN] Invalid player 1
L 10/04/2024 - 16:57:23: [AMXX] Run time error 10 (plugin "abd-old.amxx") (native "set_user_health") - debug not enabled!
L 10/04/2024 - 16:57:23: [AMXX] To enable debug mode, add "debug" after the plugin name in plugins.ini (without quotes).
L 10/04/2024 - 16:57:24: [FUN] Invalid player 1
L 10/04/2024 - 16:57:24: [AMXX] Run time error 10 (plugin "abd-old.amxx") (native "set_user_health") - debug not enabled!
L 10/04/2024 - 16:57:24: [AMXX] To enable debug mode, add "debug" after the plugin name in plugins.ini (without quotes).
L 10/04/2024 - 16:57:24: [FUN] Invalid player 1
L 10/04/2024 - 16:57:24: [AMXX] Run time error 10 (plugin "abd-old.amxx") (native "set_user_health") - debug not enabled!
L 10/04/2024 - 16:57:24: [AMXX] To enable debug mode, add "debug" after the plugin name in plugins.ini (without quotes).
L 10/04/2024 - 16:57:24: [FUN] Invalid player 1
L 10/04/2024 - 16:57:24: [AMXX] Run time error 10 (plugin "abd-old.amxx") (native "set_user_health") - debug not enabled!
L 10/04/2024 - 16:57:24: [AMXX] To enable debug mode, add "debug" after the plugin name in plugins.ini (without quotes).
L 10/04/2024 - 16:57:25: [FUN] Invalid player 1
L 10/04/2024 - 16:57:25: [AMXX] Run time error 10 (plugin "abd-old.amxx") (native "set_user_health") - debug not enabled!
L 10/04/2024 - 16:57:25: [AMXX] To enable debug mode, add "debug" after the plugin name in plugins.ini (without quotes).
L 10/04/2024 - 16:57:25: [FUN] Invalid player 1
L 10/04/2024 - 16:57:25: [AMXX] Run time error 10 (plugin "abd-old.amxx") (native "set_user_health") - debug not enabled!
L 10/04/2024 - 16:57:25: [AMXX] To enable debug mode, add "debug" after the plugin name in plugins.ini (without quotes).
L 10/04/2024 - 16:57:25: [FUN] Invalid player 1
L 10/04/2024 - 16:57:25: [AMXX] Run time error 10 (plugin "abd-old.amxx") (native "set_user_health") - debug not enabled!
L 10/04/2024 - 16:57:25: [AMXX] To enable debug mode, add "debug" after the plugin name in plugins.ini (without quotes).
L 10/04/2024 - 16:57:26: [FUN] Invalid player 1
L 10/04/2024 - 16:57:26: [AMXX] Run time error 10 (plugin "abd-old.amxx") (native "set_user_health") - debug not enabled!
L 10/04/2024 - 16:57:26: [AMXX] To enable debug mode, add "debug" after the plugin name in plugins.ini (without quotes).
L 10/04/2024 - 16:57:26: [FUN] Invalid player 1
L 10/04/2024 - 16:57:26: [AMXX] Run time error 10 (plugin "abd-old.amxx") (native "set_user_health") - debug not enabled!
L 10/04/2024 - 16:57:26: [AMXX] To enable debug mode, add "debug" after the plugin name in plugins.ini (without quotes).
L 10/04/2024 - 16:57:26: [FUN] Invalid player 1
L 10/04/2024 - 16:57:26: [AMXX] Run time error 10 (plugin "abd-old.amxx") (native "set_user_health") - debug not enabled!
L 10/04/2024 - 16:57:26: [AMXX] To enable debug mode, add "debug" after the plugin name in plugins.ini (without quotes).
L 10/04/2024 - 16:57:27: [FUN] Invalid player 1
L 10/04/2024 - 16:57:27: [AMXX] Run time error 10 (plugin "abd-old.amxx") (native "set_user_health") - debug not enabled!
L 10/04/2024 - 16:57:27: [AMXX] To enable debug mode, add "debug" after the plugin name in plugins.ini (without quotes).
L 10/04/2024 - 16:57:27: [FUN] Invalid player 1
L 10/04/2024 - 16:57:27: [AMXX] Run time error 10 (plugin "abd-old.amxx") (native "set_user_health") - debug not enabled!
L 10/04/2024 - 16:57:27: [AMXX] To enable debug mode, add "debug" after the plugin name in plugins.ini (without quotes).
L 10/04/2024 - 16:57:27: [FUN] Invalid player 1
L 10/04/2024 - 16:57:27: [AMXX] Run time error 10 (plugin "abd-old.amxx") (native "set_user_health") - debug not enabled!
L 10/04/2024 - 16:57:27: [AMXX] To enable debug mode, add "debug" after the plugin name in plugins.ini (without quotes).
L 10/04/2024 - 16:57:28: [FUN] Invalid player 1
L 10/04/2024 - 16:57:28: [AMXX] Run time error 10 (plugin "abd-old.amxx") (native "set_user_health") - debug not enabled!
L 10/04/2024 - 16:57:28: [AMXX] To enable debug mode, add "debug" after the plugin name in plugins.ini (without quotes).
L 10/04/2024 - 16:57:28: [FUN] Invalid player 1
L 10/04/2024 - 16:57:28: [AMXX] Run time error 10 (plugin "abd-old.amxx") (native "set_user_health") - debug not enabled!
L 10/04/2024 - 16:57:28: [AMXX] To enable debug mode, add "debug" after the plugin name in plugins.ini (without quotes).
L 10/04/2024 - 16:57:28: [FUN] Invalid player 1
L 10/04/2024 - 16:57:28: [AMXX] Run time error 10 (plugin "abd-old.amxx") (native "set_user_health") - debug not enabled!
L 10/04/2024 - 16:57:28: [AMXX] To enable debug mode, add "debug" after the plugin name in plugins.ini (without quotes).
L 10/04/2024 - 16:57:29: [FUN] Invalid player 1
L 10/04/2024 - 16:57:29: [AMXX] Run time error 10 (plugin "abd-old.amxx") (native "set_user_health") - debug not enabled!
L 10/04/2024 - 16:57:29: [AMXX] To enable debug mode, add "debug" after the plugin name in plugins.ini (without quotes).
L 10/04/2024 - 16:57:29: [FUN] Invalid player 1
L 10/04/2024 - 16:57:29: [AMXX] Run time error 10 (plugin "abd-old.amxx") (native "set_user_health") - debug not enabled!
L 10/04/2024 - 16:57:29: [AMXX] To enable debug mode, add "debug" after the plugin name in plugins.ini (without quotes).
L 10/04/2024 - 16:57:29: [FUN] Invalid player 1
L 10/04/2024 - 16:57:29: [AMXX] Run time error 10 (plugin "abd-old.amxx") (native "set_user_health") - debug not enabled!
L 10/04/2024 - 16:57:29: [AMXX] To enable debug mode, add "debug" after the plugin name in plugins.ini (without quotes).
L 10/04/2024 - 16:57:30: [FUN] Invalid player 1
L 10/04/2024 - 16:57:30: [AMXX] Run time error 10 (plugin "abd-old.amxx") (native "set_user_health") - debug not enabled!
L 10/04/2024 - 16:57:30: [AMXX] To enable debug mode, add "debug" after the plugin name in plugins.ini (without quotes).
L 10/04/2024 - 16:57:30: [FUN] Invalid player 1
L 10/04/2024 - 16:57:30: [AMXX] Run time error 10 (plugin "abd-old.amxx") (native "set_user_health") - debug not enabled!
L 10/04/2024 - 16:57:30: [AMXX] To enable debug mode, add "debug" after the plugin name in plugins.ini (without quotes).
L 10/04/2024 - 16:57:30: [FUN] Invalid player 1
L 10/04/2024 - 16:57:30: [AMXX] Run time error 10 (plugin "abd-old.amxx") (native "set_user_health") - debug not enabled!
L 10/04/2024 - 16:57:30: [AMXX] To enable debug mode, add "debug" after the plugin name in plugins.ini (without quotes).
L 10/04/2024 - 16:57:31: [FUN] Invalid player 1
L 10/04/2024 - 16:57:31: [AMXX] Run time error 10 (plugin "abd-old.amxx") (native "set_user_health") - debug not enabled!
L 10/04/2024 - 16:57:31: [AMXX] To enable debug mode, add "debug" after the plugin name in plugins.ini (without quotes).
L 10/04/2024 - 16:57:31: [FUN] Invalid player 1
L 10/04/2024 - 16:57:31: [AMXX] Run time error 10 (plugin "abd-old.amxx") (native "set_user_health") - debug not enabled!
L 10/04/2024 - 16:57:31: [AMXX] To enable debug mode, add "debug" after the plugin name in plugins.ini (without quotes).
L 10/04/2024 - 16:57:31: [FUN] Invalid player 1
L 10/04/2024 - 16:57:31: [AMXX] Run time error 10 (plugin "abd-old.amxx") (native "set_user_health") - debug not enabled!
L 10/04/2024 - 16:57:31: [AMXX] To enable debug mode, add "debug" after the plugin name in plugins.ini (without quotes).
L 10/04/2024 - 16:57:32: [FUN] Invalid player 1
L 10/04/2024 - 16:57:32: [AMXX] Run time error 10 (plugin "abd-old.amxx") (native "set_user_health") - debug not enabled!
L 10/04/2024 - 16:57:32: [AMXX] To enable debug mode, add "debug" after the plugin name in plugins.ini (without quotes).
L 10/04/2024 - 16:57:32: [FUN] Invalid player 1
L 10/04/2024 - 16:57:32: [AMXX] Run time error 10 (plugin "abd-old.amxx") (native "set_user_health") - debug not enabled!
L 10/04/2024 - 16:57:32: [AMXX] To enable debug mode, add "debug" after the plugin name in plugins.ini (without quotes).
L 10/04/2024 - 16:57:32: [FUN] Invalid player 1
L 10/04/2024 - 16:57:32: [AMXX] Run time error 10 (plugin "abd-old.amxx") (native "set_user_health") - debug not enabled!
L 10/04/2024 - 16:57:32: [AMXX] To enable debug mode, add "debug" after the plugin name in plugins.ini (without quotes).
L 10/04/2024 - 16:57:33: [FUN] Invalid player 1
L 10/04/2024 - 16:57:33: [AMXX] Run time error 10 (plugin "abd-old.amxx") (native "set_user_health") - debug not enabled!
L 10/04/2024 - 16:57:33: [AMXX] To enable debug mode, add "debug" after the plugin name in plugins.ini (without quotes).
L 10/04/2024 - 16:57:33: [FUN] Invalid player 1
L 10/04/2024 - 16:57:33: [AMXX] Run time error 10 (plugin "abd-old.amxx") (native "set_user_health") - debug not enabled!
L 10/04/2024 - 16:57:33: [AMXX] To enable debug mode, add "debug" after the plugin name in plugins.ini (without quotes).
L 10/04/2024 - 16:57:33: [FUN] Invalid player 1
L 10/04/2024 - 16:57:33: [AMXX] Run time error 10 (plugin "abd-old.amxx") (native "set_user_health") - debug not enabled!
L 10/04/2024 - 16:57:33: [AMXX] To enable debug mode, add "debug" after the plugin name in plugins.ini (without quotes).
L 10/04/2024 - 16:57:34: [FUN] Invalid player 1
L 10/04/2024 - 16:57:34: [AMXX] Run time error 10 (plugin "abd-old.amxx") (native "set_user_health") - debug not enabled!
L 10/04/2024 - 16:57:34: [AMXX] To enable debug mode, add "debug" after the plugin name in plugins.ini (without quotes).
L 10/04/2024 - 16:57:34: [FUN] Invalid player 1
L 10/04/2024 - 16:57:34: [AMXX] Run time error 10 (plugin "abd-old.amxx") (native "set_user_health") - debug not enabled!
L 10/04/2024 - 16:57:34: [AMXX] To enable debug mode, add "debug" after the plugin name in plugins.ini (without quotes).
L 10/04/2024 - 16:57:34: [FUN] Invalid player 1
L 10/04/2024 - 16:57:34: [AMXX] Run time error 10 (plugin "abd-old.amxx") (native "set_user_health") - debug not enabled!
L 10/04/2024 - 16:57:34: [AMXX] To enable debug mode, add "debug" after the plugin name in plugins.ini (without quotes).
L 10/04/2024 - 16:57:35: [FUN] Invalid player 1
L 10/04/2024 - 16:57:35: [AMXX] Run time error 10 (plugin "abd-old.amxx") (native "set_user_health") - debug not enabled!
L 10/04/2024 - 16:57:35: [AMXX] To enable debug mode, add "debug" after the plugin name in plugins.ini (without quotes).
L 10/04/2024 - 16:57:35: [FUN] Invalid player 1
L 10/04/2024 - 16:57:35: [AMXX] Run time error 10 (plugin "abd-old.amxx") (native "set_user_health") - debug not enabled!
L 10/04/2024 - 16:57:35: [AMXX] To enable debug mode, add "debug" after the plugin name in plugins.ini (without quotes).
L 10/04/2024 - 16:57:35: [FUN] Invalid player 1
L 10/04/2024 - 16:57:35: [AMXX] Run time error 10 (plugin "abd-old.amxx") (native "set_user_health") - debug not enabled!
L 10/04/2024 - 16:57:35: [AMXX] To enable debug mode, add "debug" after the plugin name in plugins.ini (without quotes).
L 10/04/2024 - 16:57:36: [FUN] Invalid player 1
L 10/04/2024 - 16:57:36: [AMXX] Run time error 10 (plugin "abd-old.amxx") (native "set_user_health") - debug not enabled!
L 10/04/2024 - 16:57:36: [AMXX] To enable debug mode, add "debug" after the plugin name in plugins.ini (without quotes).
L 10/04/2024 - 16:57:36: [FUN] Invalid player 1
L 10/04/2024 - 16:57:36: [AMXX] Run time error 10 (plugin "abd-old.amxx") (native "set_user_health") - debug not enabled!
L 10/04/2024 - 16:57:36: [AMXX] To enable debug mode, add "debug" after the plugin name in plugins.ini (without quotes).
L 10/04/2024 - 16:57:36: [FUN] Invalid player 1
L 10/04/2024 - 16:57:36: [AMXX] Run time error 10 (plugin "abd-old.amxx") (native "set_user_health") - debug not enabled!
L 10/04/2024 - 16:57:36: [AMXX] To enable debug mode, add "debug" after the plugin name in plugins.ini (without quotes).
L 10/04/2024 - 16:57:37: [FUN] Invalid player 1
L 10/04/2024 - 16:57:37: [AMXX] Run time error 10 (plugin "abd-old.amxx") (native "set_user_health") - debug not enabled!
L 10/04/2024 - 16:57:37: [AMXX] To enable debug mode, add "debug" after the plugin name in plugins.ini (without quotes).
L 10/04/2024 - 16:57:37: [FUN] Invalid player 1
L 10/04/2024 - 16:57:37: [AMXX] Run time error 10 (plugin "abd-old.amxx") (native "set_user_health") - debug not enabled!
L 10/04/2024 - 16:57:37: [AMXX] To enable debug mode, add "debug" after the plugin name in plugins.ini (without quotes).
L 10/04/2024 - 16:57:37: [FUN] Invalid player 1
L 10/04/2024 - 16:57:37: [AMXX] Run time error 10 (plugin "abd-old.amxx") (native "set_user_health") - debug not enabled!
L 10/04/2024 - 16:57:37: [AMXX] To enable debug mode, add "debug" after the plugin name in plugins.ini (without quotes).
L 10/04/2024 - 16:57:38: [FUN] Invalid player 1
L 10/04/2024 - 16:57:38: [AMXX] Run time error 10 (plugin "abd-old.amxx") (native "set_user_health") - debug not enabled!
L 10/04/2024 - 16:57:38: [AMXX] To enable debug mode, add "debug" after the plugin name in plugins.ini (without quotes).
L 10/04/2024 - 16:57:38: [FUN] Invalid player 1
L 10/04/2024 - 16:57:38: [AMXX] Run time error 10 (plugin "abd-old.amxx") (native "set_user_health") - debug not enabled!
L 10/04/2024 - 16:57:38: [AMXX] To enable debug mode, add "debug" after the plugin name in plugins.ini (without quotes).
L 10/04/2024 - 16:57:38: [FUN] Invalid player 1
L 10/04/2024 - 16:57:38: [AMXX] Run time error 10 (plugin "abd-old.amxx") (native "set_user_health") - debug not enabled!
L 10/04/2024 - 16:57:38: [AMXX] To enable debug mode, add "debug" after the plugin name in plugins.ini (without quotes).
L 10/04/2024 - 16:57:39: [FUN] Invalid player 1
L 10/04/2024 - 16:57:39: [AMXX] Run time error 10 (plugin "abd-old.amxx") (native "set_user_health") - debug not enabled!
L 10/04/2024 - 16:57:39: [AMXX] To enable debug mode, add "debug" after the plugin name in plugins.ini (without quotes).
L 10/04/2024 - 16:57:39: [FUN] Invalid player 1
L 10/04/2024 - 16:57:39: [AMXX] Run time error 10 (plugin "abd-old.amxx") (native "set_user_health") - debug not enabled!
L 10/04/2024 - 16:57:39: [AMXX] To enable debug mode, add "debug" after the plugin name in plugins.ini (without quotes).
L 10/04/2024 - 16:57:39: [FUN] Invalid player 1
L 10/04/2024 - 16:57:39: [AMXX] Run time error 10 (plugin "abd-old.amxx") (native "set_user_health") - debug not enabled!
L 10/04/2024 - 16:57:39: [AMXX] To enable debug mode, add "debug" after the plugin name in plugins.ini (without quotes).
L 10/04/2024 - 16:57:40: [FUN] Invalid player 1
L 10/04/2024 - 16:57:40: [AMXX] Run time error 10 (plugin "abd-old.amxx") (native "set_user_health") - debug not enabled!
L 10/04/2024 - 16:57:40: [AMXX] To enable debug mode, add "debug" after the plugin name in plugins.ini (without quotes).
L 10/04/2024 - 16:57:40: [FUN] Invalid player 1
L 10/04/2024 - 16:57:40: [AMXX] Run time error 10 (plugin "abd-old.amxx") (native "set_user_health") - debug not enabled!
L 10/04/2024 - 16:57:40: [AMXX] To enable debug mode, add "debug" after the plugin name in plugins.ini (without quotes).
L 10/04/2024 - 16:57:40: [FUN] Invalid player 1
L 10/04/2024 - 16:57:40: [AMXX] Run time error 10 (plugin "abd-old.amxx") (native "set_user_health") - debug not enabled!
L 10/04/2024 - 16:57:40: [AMXX] To enable debug mode, add "debug" after the plugin name in plugins.ini (without quotes).
L 10/04/2024 - 16:57:41: [FUN] Invalid player 1
L 10/04/2024 - 16:57:41: [AMXX] Run time error 10 (plugin "abd-old.amxx") (native "set_user_health") - debug not enabled!
L 10/04/2024 - 16:57:41: [AMXX] To enable debug mode, add "debug" after the plugin name in plugins.ini (without quotes).
L 10/04/2024 - 16:57:41: [FUN] Invalid player 1
L 10/04/2024 - 16:57:41: [AMXX] Run time error 10 (plugin "abd-old.amxx") (native "set_user_health") - debug not enabled!
L 10/04/2024 - 16:57:41: [AMXX] To enable debug mode, add "debug" after the plugin name in plugins.ini (without quotes).
L 10/04/2024 - 16:57:41: [FUN] Invalid player 1
L 10/04/2024 - 16:57:41: [AMXX] Run time error 10 (plugin "abd-old.amxx") (native "set_user_health") - debug not enabled!
L 10/04/2024 - 16:57:41: [AMXX] To enable debug mode, add "debug" after the plugin name in plugins.ini (without quotes).
L 10/04/2024 - 16:57:42: [FUN] Invalid player 1
L 10/04/2024 - 16:57:42: [AMXX] Run time error 10 (plugin "abd-old.amxx") (native "set_user_health") - debug not enabled!
L 10/04/2024 - 16:57:42: [AMXX] To enable debug mode, add "debug" after the plugin name in plugins.ini (without quotes).
L 10/04/2024 - 16:57:42: [FUN] Invalid player 1
L 10/04/2024 - 16:57:42: [AMXX] Run time error 10 (plugin "abd-old.amxx") (native "set_user_health") - debug not enabled!
L 10/04/2024 - 16:57:42: [AMXX] To enable debug mode, add "debug" after the plugin name in plugins.ini (without quotes).
L 10/04/2024 - 16:57:42: [FUN] Invalid player 1
L 10/04/2024 - 16:57:42: [AMXX] Run time error 10 (plugin "abd-old.amxx") (native "set_user_health") - debug not enabled!
L 10/04/2024 - 16:57:42: [AMXX] To enable debug mode, add "debug" after the plugin name in plugins.ini (without quotes).
L 10/04/2024 - 16:57:43: [FUN] Invalid player 1
L 10/04/2024 - 16:57:43: [AMXX] Run time error 10 (plugin "abd-old.amxx") (native "set_user_health") - debug not enabled!
L 10/04/2024 - 16:57:43: [AMXX] To enable debug mode, add "debug" after the plugin name in plugins.ini (without quotes).
L 10/04/2024 - 16:57:43: [FUN] Invalid player 1
L 10/04/2024 - 16:57:43: [AMXX] Run time error 10 (plugin "abd-old.amxx") (native "set_user_health") - debug not enabled!
L 10/04/2024 - 16:57:43: [AMXX] To enable debug mode, add "debug" after the plugin name in plugins.ini (without quotes).
L 10/04/2024 - 16:57:43: [FUN] Invalid player 1
L 10/04/2024 - 16:57:43: [AMXX] Run time error 10 (plugin "abd-old.amxx") (native "set_user_health") - debug not enabled!
L 10/04/2024 - 16:57:43: [AMXX] To enable debug mode, add "debug" after the plugin name in plugins.ini (without quotes).
L 10/04/2024 - 16:57:44: [FUN] Invalid player 1
L 10/04/2024 - 16:57:44: [AMXX] Run time error 10 (plugin "abd-old.amxx") (native "set_user_health") - debug not enabled!
L 10/04/2024 - 16:57:44: [AMXX] To enable debug mode, add "debug" after the plugin name in plugins.ini (without quotes).
L 10/04/2024 - 16:57:44: [FUN] Invalid player 1
L 10/04/2024 - 16:57:44: [AMXX] Run time error 10 (plugin "abd-old.amxx") (native "set_user_health") - debug not enabled!
L 10/04/2024 - 16:57:44: [AMXX] To enable debug mode, add "debug" after the plugin name in plugins.ini (without quotes).
L 10/04/2024 - 16:57:44: [FUN] Invalid player 1
L 10/04/2024 - 16:57:44: [AMXX] Run time error 10 (plugin "abd-old.amxx") (native "set_user_health") - debug not enabled!
L 10/04/2024 - 16:57:44: [AMXX] To enable debug mode, add "debug" after the plugin name in plugins.ini (without quotes).
L 10/04/2024 - 16:57:45: [FUN] Invalid player 1
L 10/04/2024 - 16:57:45: [AMXX] Run time error 10 (plugin "abd-old.amxx") (native "set_user_health") - debug not enabled!
L 10/04/2024 - 16:57:45: [AMXX] To enable debug mode, add "debug" after the plugin name in plugins.ini (without quotes).
L 10/04/2024 - 16:57:45: [FUN] Invalid player 1
L 10/04/2024 - 16:57:45: [AMXX] Run time error 10 (plugin "abd-old.amxx") (native "set_user_health") - debug not enabled!
L 10/04/2024 - 16:57:45: [AMXX] To enable debug mode, add "debug" after the plugin name in plugins.ini (without quotes).
L 10/04/2024 - 16:57:45: [FUN] Invalid player 1
L 10/04/2024 - 16:57:45: [AMXX] Run time error 10 (plugin "abd-old.amxx") (native "set_user_health") - debug not enabled!
L 10/04/2024 - 16:57:45: [AMXX] To enable debug mode, add "debug" after the plugin name in plugins.ini (without quotes).
L 10/04/2024 - 16:57:46: [FUN] Invalid player 1
L 10/04/2024 - 16:57:46: [AMXX] Run time error 10 (plugin "abd-old.amxx") (native "set_user_health") - debug not enabled!
L 10/04/2024 - 16:57:46: [AMXX] To enable debug mode, add "debug" after the plugin name in plugins.ini (without quotes).
L 10/04/2024 - 16:57:46: [FUN] Invalid player 1
L 10/04/2024 - 16:57:46: [AMXX] Run time error 10 (plugin "abd-old.amxx") (native "set_user_health") - debug not enabled!
L 10/04/2024 - 16:57:46: [AMXX] To enable debug mode, add "debug" after the plugin name in plugins.ini (without quotes).
L 10/04/2024 - 16:57:46: [FUN] Invalid player 1
L 10/04/2024 - 16:57:46: [AMXX] Run time error 10 (plugin "abd-old.amxx") (native "set_user_health") - debug not enabled!
L 10/04/2024 - 16:57:46: [AMXX] To enable debug mode, add "debug" after the plugin name in plugins.ini (without quotes).
L 10/04/2024 - 16:57:47: [FUN] Invalid player 1
L 10/04/2024 - 16:57:47: [AMXX] Run time error 10 (plugin "abd-old.amxx") (native "set_user_health") - debug not enabled!
L 10/04/2024 - 16:57:47: [AMXX] To enable debug mode, add "debug" after the plugin name in plugins.ini (without quotes).
L 10/04/2024 - 16:57:47: [FUN] Invalid player 1
L 10/04/2024 - 16:57:47: [AMXX] Run time error 10 (plugin "abd-old.amxx") (native "set_user_health") - debug not enabled!
L 10/04/2024 - 16:57:47: [AMXX] To enable debug mode, add "debug" after the plugin name in plugins.ini (without quotes).
L 10/04/2024 - 18:39:37: Start of error session.
L 10/04/2024 - 18:39:37: Info (map "c1a1") (file "addons/amxmodx/logs/error_20241004.log")
L 10/04/2024 - 18:39:37: [FUN] Invalid player 1
L 10/04/2024 - 18:39:37: [AMXX] Run time error 10 (plugin "abd-old.amxx") (native "set_user_armor") - debug not enabled!
L 10/04/2024 - 18:39:37: [AMXX] To enable debug mode, add "debug" after the plugin name in plugins.ini (without quotes).
L 10/04/2024 - 18:43:45: [FUN] Invalid player 2
L 10/04/2024 - 18:43:45: [AMXX] Run time error 10 (plugin "abd-old.amxx") (native "set_user_armor") - debug not enabled!
L 10/04/2024 - 18:43:45: [AMXX] To enable debug mode, add "debug" after the plugin name in plugins.ini (without quotes).
L 10/04/2024 - 18:43:45: [FUN] Invalid player 4
L 10/04/2024 - 18:43:45: [AMXX] Run time error 10 (plugin "abd-old.amxx") (native "set_user_armor") - debug not enabled!
L 10/04/2024 - 18:43:45: [AMXX] To enable debug mode, add "debug" after the plugin name in plugins.ini (without quotes).
L 10/04/2024 - 20:26:43: Start of error session.
L 10/04/2024 - 20:26:43: Info (map "c1a0") (file "addons/amxmodx/logs/error_20241004.log")
L 10/04/2024 - 20:26:43: [FUN] Invalid player 1
L 10/04/2024 - 20:26:43: [AMXX] Run time error 10 (plugin "abd-old.amxx") (native "set_user_maxspeed") - debug not enabled!
L 10/04/2024 - 20:26:43: [AMXX] To enable debug mode, add "debug" after the plugin name in plugins.ini (without quotes).
