L 10/10/2024 - 02:57:14: Start of error session.
L 10/10/2024 - 02:57:14: Info (map "sandbox") (file "addons/amxmodx/logs/error_20241010.log")
L 10/10/2024 - 02:57:14: [FUN] Invalid player 3
L 10/10/2024 - 02:57:14: [AMXX] Run time error 10 (plugin "abd-old.amxx") (native "set_user_maxspeed") - debug not enabled!
L 10/10/2024 - 02:57:14: [AMXX] To enable debug mode, add "debug" after the plugin name in plugins.ini (without quotes).
L 10/10/2024 - 14:41:41: Start of error session.
L 10/10/2024 - 14:41:41: Info (map "e1m1") (file "addons/amxmodx/logs/error_20241010.log")
L 10/10/2024 - 14:41:41: [FUN] Invalid player 3
L 10/10/2024 - 14:41:41: [AMXX] Run time error 10 (plugin "abd-old.amxx") (native "set_user_maxspeed") - debug not enabled!
L 10/10/2024 - 14:41:41: [AMXX] To enable debug mode, add "debug" after the plugin name in plugins.ini (without quotes).
L 10/10/2024 - 23:51:41: Start of error session.
L 10/10/2024 - 23:51:41: Info (map "sandbox") (file "addons/amxmodx/logs/error_20241010.log")
L 10/10/2024 - 23:51:41: [AMXX] Plugin file open error (plugin "trigger-remover.amxx")
L 10/10/2024 - 23:51:43: Start of error session.
L 10/10/2024 - 23:51:43: Info (map "d1_trainstation_02") (file "addons/amxmodx/logs/error_20241010.log")
L 10/10/2024 - 23:51:43: [AMXX] Plugin file open error (plugin "trigger-remover.amxx")
L 10/10/2024 - 23:52:56: Start of error session.
L 10/10/2024 - 23:52:56: Info (map "c1a0") (file "addons/amxmodx/logs/error_20241010.log")
L 10/10/2024 - 23:52:56: [AMXX] Plugin file open error (plugin "trigger-remover.amxx")
L 10/10/2024 - 23:53:13: Start of error session.
L 10/10/2024 - 23:53:13: Info (map "c1a0d") (file "addons/amxmodx/logs/error_20241010.log")
L 10/10/2024 - 23:53:13: [AMXX] Plugin file open error (plugin "trigger-remover.amxx")
L 10/10/2024 - 23:53:33: Start of error session.
L 10/10/2024 - 23:53:33: Info (map "c1a0a") (file "addons/amxmodx/logs/error_20241010.log")
L 10/10/2024 - 23:53:33: [AMXX] Plugin file open error (plugin "trigger-remover.amxx")
L 10/10/2024 - 23:53:53: Start of error session.
L 10/10/2024 - 23:53:53: Info (map "c1a0b") (file "addons/amxmodx/logs/error_20241010.log")
L 10/10/2024 - 23:53:53: [AMXX] Plugin file open error (plugin "trigger-remover.amxx")
L 10/10/2024 - 23:54:32: Start of error session.
L 10/10/2024 - 23:54:32: Info (map "c1a0e") (file "addons/amxmodx/logs/error_20241010.log")
L 10/10/2024 - 23:54:32: [AMXX] Plugin file open error (plugin "trigger-remover.amxx")
L 10/10/2024 - 23:54:43: Start of error session.
L 10/10/2024 - 23:54:43: Info (map "c1a0b") (file "addons/amxmodx/logs/error_20241010.log")
L 10/10/2024 - 23:54:43: [AMXX] Plugin file open error (plugin "trigger-remover.amxx")
L 10/10/2024 - 23:55:40: Start of error session.
L 10/10/2024 - 23:55:40: Info (map "c1a0e") (file "addons/amxmodx/logs/error_20241010.log")
L 10/10/2024 - 23:55:40: [AMXX] Plugin file open error (plugin "trigger-remover.amxx")
