L 10/11/2024 - 00:02:04: Start of error session.
L 10/11/2024 - 00:02:04: Info (map "c1a0c") (file "addons/amxmodx/logs/error_20241011.log")
L 10/11/2024 - 00:02:04: [AMXX] Plugin file open error (plugin "trigger-remover.amxx")
L 10/11/2024 - 00:04:02: Start of error session.
L 10/11/2024 - 00:04:02: Info (map "c1a1") (file "addons/amxmodx/logs/error_20241011.log")
L 10/11/2024 - 00:04:02: [AMXX] Plugin file open error (plugin "trigger-remover.amxx")
L 10/11/2024 - 00:04:36: Start of error session.
L 10/11/2024 - 00:04:36: Info (map "c1a1a") (file "addons/amxmodx/logs/error_20241011.log")
L 10/11/2024 - 00:04:36: [AMXX] Plugin file open error (plugin "trigger-remover.amxx")
L 10/11/2024 - 00:05:00: Start of error session.
L 10/11/2024 - 00:05:00: Info (map "c1a1f") (file "addons/amxmodx/logs/error_20241011.log")
L 10/11/2024 - 00:05:00: [AMXX] Plugin file open error (plugin "trigger-remover.amxx")
L 10/11/2024 - 00:05:56: Start of error session.
L 10/11/2024 - 00:05:56: Info (map "c1a1b") (file "addons/amxmodx/logs/error_20241011.log")
L 10/11/2024 - 00:05:56: [AMXX] Plugin file open error (plugin "trigger-remover.amxx")
L 10/11/2024 - 00:08:02: Start of error session.
L 10/11/2024 - 00:08:02: Info (map "c1a1c") (file "addons/amxmodx/logs/error_20241011.log")
L 10/11/2024 - 00:08:02: [AMXX] Plugin file open error (plugin "trigger-remover.amxx")
L 10/11/2024 - 00:08:50: Start of error session.
L 10/11/2024 - 00:08:50: Info (map "sandbox") (file "addons/amxmodx/logs/error_20241011.log")
L 10/11/2024 - 00:08:50: [AMXX] Plugin file open error (plugin "trigger-remover.amxx")
L 10/11/2024 - 00:08:52: Start of error session.
L 10/11/2024 - 00:08:52: Info (map "c1a1c") (file "addons/amxmodx/logs/error_20241011.log")
L 10/11/2024 - 00:08:52: [AMXX] Plugin file open error (plugin "trigger-remover.amxx")
L 10/11/2024 - 00:09:16: Start of error session.
L 10/11/2024 - 00:09:16: Info (map "sandbox") (file "addons/amxmodx/logs/error_20241011.log")
L 10/11/2024 - 00:09:16: [AMXX] Plugin file open error (plugin "trigger-remover.amxx")
L 10/11/2024 - 00:09:18: Start of error session.
L 10/11/2024 - 00:09:18: Info (map "c1a1c") (file "addons/amxmodx/logs/error_20241011.log")
L 10/11/2024 - 00:09:18: [AMXX] Plugin file open error (plugin "trigger-remover.amxx")
L 10/11/2024 - 00:11:15: Start of error session.
L 10/11/2024 - 00:11:15: Info (map "c1a1d") (file "addons/amxmodx/logs/error_20241011.log")
L 10/11/2024 - 00:11:15: [AMXX] Plugin file open error (plugin "trigger-remover.amxx")
L 10/11/2024 - 00:11:55: Start of error session.
L 10/11/2024 - 00:11:55: Info (map "c1a1c") (file "addons/amxmodx/logs/error_20241011.log")
L 10/11/2024 - 00:11:55: [AMXX] Plugin file open error (plugin "trigger-remover.amxx")
L 10/11/2024 - 00:13:06: Start of error session.
L 10/11/2024 - 00:13:06: Info (map "c1a1d") (file "addons/amxmodx/logs/error_20241011.log")
L 10/11/2024 - 00:13:06: [AMXX] Plugin file open error (plugin "trigger-remover.amxx")
L 10/11/2024 - 00:13:11: Start of error session.
L 10/11/2024 - 00:13:11: Info (map "c1a1c") (file "addons/amxmodx/logs/error_20241011.log")
L 10/11/2024 - 00:13:11: [AMXX] Plugin file open error (plugin "trigger-remover.amxx")
L 10/11/2024 - 00:15:48: Start of error session.
L 10/11/2024 - 00:15:48: Info (map "c1a1d") (file "addons/amxmodx/logs/error_20241011.log")
L 10/11/2024 - 00:15:48: [AMXX] Plugin file open error (plugin "trigger-remover.amxx")
L 10/11/2024 - 00:16:33: Start of error session.
L 10/11/2024 - 00:16:33: Info (map "c1a1c") (file "addons/amxmodx/logs/error_20241011.log")
L 10/11/2024 - 00:16:33: [AMXX] Plugin file open error (plugin "trigger-remover.amxx")
L 10/11/2024 - 00:17:59: Start of error session.
L 10/11/2024 - 00:17:59: Info (map "c1a2") (file "addons/amxmodx/logs/error_20241011.log")
L 10/11/2024 - 00:17:59: [AMXX] Plugin file open error (plugin "trigger-remover.amxx")
L 10/11/2024 - 00:20:54: Start of error session.
L 10/11/2024 - 00:20:54: Info (map "c1a2a") (file "addons/amxmodx/logs/error_20241011.log")
L 10/11/2024 - 00:20:54: [AMXX] Plugin file open error (plugin "trigger-remover.amxx")
L 10/11/2024 - 00:21:11: Start of error session.
L 10/11/2024 - 00:21:11: Info (map "c1a2") (file "addons/amxmodx/logs/error_20241011.log")
L 10/11/2024 - 00:21:11: [AMXX] Plugin file open error (plugin "trigger-remover.amxx")
L 10/11/2024 - 00:21:51: Start of error session.
L 10/11/2024 - 00:21:51: Info (map "d1_trainstation_02") (file "addons/amxmodx/logs/error_20241011.log")
L 10/11/2024 - 00:21:51: [AMXX] Plugin file open error (plugin "trigger-remover.amxx")
L 10/11/2024 - 00:23:32: Start of error session.
L 10/11/2024 - 00:23:32: Info (map "d1_trainstation_03") (file "addons/amxmodx/logs/error_20241011.log")
L 10/11/2024 - 00:23:32: [AMXX] Plugin file open error (plugin "trigger-remover.amxx")
L 10/11/2024 - 00:23:55: Start of error session.
L 10/11/2024 - 00:23:55: Info (map "d1_trainstation_02") (file "addons/amxmodx/logs/error_20241011.log")
L 10/11/2024 - 00:23:55: [AMXX] Plugin file open error (plugin "trigger-remover.amxx")
