L 12/26/2024 - 14:32:24: -------- Mapchange to sandbox --------
L 12/26/2024 - 14:32:24: [testprecache.amxx] precaching file
L 12/26/2024 - 14:32:24: [testprecache.amxx] items/smallmedkit1.wav
L 12/26/2024 - 14:32:24: [testprecache.amxx] precaching file
L 12/26/2024 - 14:32:24: [testprecache.amxx] player/pl_wade1.wav
L 12/26/2024 - 14:32:24: [testprecache.amxx] precaching file
L 12/26/2024 - 14:32:24: [testprecache.amxx] player/pl_wade2.wav
L 12/26/2024 - 14:32:24: [testprecache.amxx] precaching file
L 12/26/2024 - 14:32:24: [testprecache.amxx] hlcoop/shockroach/shock_idle3.wav
L 12/26/2024 - 14:32:24: [testprecache.amxx] precaching file
L 12/26/2024 - 14:32:24: [testprecache.amxx] hlcoop/shockroach/shock_idle2.wav
L 12/26/2024 - 14:32:24: [testprecache.amxx] precaching file
L 12/26/2024 - 14:32:24: [testprecache.amxx] /hl2/cscanner/scanner_scan_loop2.wav
L 12/26/2024 - 14:32:24: [testprecache.amxx] precaching file
L 12/26/2024 - 14:32:24: [testprecache.amxx] /hl2/cscanner/scanner_photo1.wav
L 12/26/2024 - 14:32:24: [testprecache.amxx] precaching file
L 12/26/2024 - 14:32:24: [testprecache.amxx] /hl2/cscanner/scanner_blip1.wav
L 12/26/2024 - 14:32:24: [testprecache.amxx] precaching file
L 12/26/2024 - 14:32:24: [testprecache.amxx] /hl2/cscanner/scanner_blip1.wav
L 12/26/2024 - 14:32:26: -------- Mapchange to coolrig --------
L 12/26/2024 - 14:32:26: [testprecache.amxx] precaching file
L 12/26/2024 - 14:32:26: [testprecache.amxx] items/smallmedkit1.wav
L 12/26/2024 - 14:32:26: [testprecache.amxx] precaching file
L 12/26/2024 - 14:32:26: [testprecache.amxx] player/pl_wade1.wav
L 12/26/2024 - 14:32:26: [testprecache.amxx] precaching file
L 12/26/2024 - 14:32:26: [testprecache.amxx] player/pl_wade2.wav
L 12/26/2024 - 14:32:26: [testprecache.amxx] precaching file
L 12/26/2024 - 14:32:26: [testprecache.amxx] hlcoop/shockroach/shock_idle3.wav
L 12/26/2024 - 14:32:26: [testprecache.amxx] precaching file
L 12/26/2024 - 14:32:26: [testprecache.amxx] hlcoop/shockroach/shock_idle2.wav
L 12/26/2024 - 14:32:26: [testprecache.amxx] precaching file
L 12/26/2024 - 14:32:26: [testprecache.amxx] /hl2/cscanner/scanner_scan_loop2.wav
L 12/26/2024 - 14:32:26: [testprecache.amxx] precaching file
L 12/26/2024 - 14:32:26: [testprecache.amxx] /hl2/cscanner/scanner_photo1.wav
L 12/26/2024 - 14:32:26: [testprecache.amxx] precaching file
L 12/26/2024 - 14:32:26: [testprecache.amxx] /hl2/cscanner/scanner_blip1.wav
L 12/26/2024 - 14:32:26: [testprecache.amxx] precaching file
L 12/26/2024 - 14:32:26: [testprecache.amxx] /hl2/cscanner/scanner_blip1.wav
L 12/26/2024 - 20:07:06: -------- Mapchange to sandbox --------
L 12/26/2024 - 20:07:06: [testprecache.amxx] precaching file
L 12/26/2024 - 20:07:06: [testprecache.amxx] items/smallmedkit1.wav
L 12/26/2024 - 20:07:06: [testprecache.amxx] precaching file
L 12/26/2024 - 20:07:06: [testprecache.amxx] player/pl_wade1.wav
L 12/26/2024 - 20:07:06: [testprecache.amxx] precaching file
L 12/26/2024 - 20:07:06: [testprecache.amxx] player/pl_wade2.wav
L 12/26/2024 - 20:07:06: [testprecache.amxx] precaching file
L 12/26/2024 - 20:07:06: [testprecache.amxx] hlcoop/shockroach/shock_idle3.wav
L 12/26/2024 - 20:07:06: [testprecache.amxx] precaching file
L 12/26/2024 - 20:07:06: [testprecache.amxx] hlcoop/shockroach/shock_idle2.wav
L 12/26/2024 - 20:07:06: [testprecache.amxx] precaching file
L 12/26/2024 - 20:07:06: [testprecache.amxx] /hl2/cscanner/scanner_scan_loop2.wav
L 12/26/2024 - 20:07:06: [testprecache.amxx] precaching file
L 12/26/2024 - 20:07:06: [testprecache.amxx] /hl2/cscanner/scanner_photo1.wav
L 12/26/2024 - 20:07:06: [testprecache.amxx] precaching file
L 12/26/2024 - 20:07:06: [testprecache.amxx] /hl2/cscanner/scanner_blip1.wav
L 12/26/2024 - 20:07:06: [testprecache.amxx] precaching file
L 12/26/2024 - 20:07:06: [testprecache.amxx] /hl2/cscanner/scanner_blip1.wav
L 12/26/2024 - 20:07:09: -------- Mapchange to coolrig --------
L 12/26/2024 - 20:07:09: [testprecache.amxx] precaching file
L 12/26/2024 - 20:07:09: [testprecache.amxx] items/smallmedkit1.wav
L 12/26/2024 - 20:07:09: [testprecache.amxx] precaching file
L 12/26/2024 - 20:07:09: [testprecache.amxx] player/pl_wade1.wav
L 12/26/2024 - 20:07:09: [testprecache.amxx] precaching file
L 12/26/2024 - 20:07:09: [testprecache.amxx] player/pl_wade2.wav
L 12/26/2024 - 20:07:09: [testprecache.amxx] precaching file
L 12/26/2024 - 20:07:09: [testprecache.amxx] hlcoop/shockroach/shock_idle3.wav
L 12/26/2024 - 20:07:09: [testprecache.amxx] precaching file
L 12/26/2024 - 20:07:09: [testprecache.amxx] hlcoop/shockroach/shock_idle2.wav
L 12/26/2024 - 20:07:09: [testprecache.amxx] precaching file
L 12/26/2024 - 20:07:09: [testprecache.amxx] /hl2/cscanner/scanner_scan_loop2.wav
L 12/26/2024 - 20:07:09: [testprecache.amxx] precaching file
L 12/26/2024 - 20:07:09: [testprecache.amxx] /hl2/cscanner/scanner_photo1.wav
L 12/26/2024 - 20:07:09: [testprecache.amxx] precaching file
L 12/26/2024 - 20:07:09: [testprecache.amxx] /hl2/cscanner/scanner_blip1.wav
L 12/26/2024 - 20:07:09: [testprecache.amxx] precaching file
L 12/26/2024 - 20:07:09: [testprecache.amxx] /hl2/cscanner/scanner_blip1.wav
L 12/26/2024 - 21:18:43: -------- Mapchange to sandbox --------
L 12/26/2024 - 21:18:43: [testprecache.amxx] precaching file
L 12/26/2024 - 21:18:43: [testprecache.amxx] items/smallmedkit1.wav
L 12/26/2024 - 21:18:43: [testprecache.amxx] precaching file
L 12/26/2024 - 21:18:43: [testprecache.amxx] player/pl_wade1.wav
L 12/26/2024 - 21:18:43: [testprecache.amxx] precaching file
L 12/26/2024 - 21:18:43: [testprecache.amxx] player/pl_wade2.wav
L 12/26/2024 - 21:18:43: [testprecache.amxx] precaching file
L 12/26/2024 - 21:18:43: [testprecache.amxx] hlcoop/shockroach/shock_idle3.wav
L 12/26/2024 - 21:18:43: [testprecache.amxx] precaching file
L 12/26/2024 - 21:18:43: [testprecache.amxx] hlcoop/shockroach/shock_idle2.wav
L 12/26/2024 - 21:18:43: [testprecache.amxx] precaching file
L 12/26/2024 - 21:18:43: [testprecache.amxx] /hl2/cscanner/scanner_scan_loop2.wav
L 12/26/2024 - 21:18:43: [testprecache.amxx] precaching file
L 12/26/2024 - 21:18:43: [testprecache.amxx] /hl2/cscanner/scanner_photo1.wav
L 12/26/2024 - 21:18:43: [testprecache.amxx] precaching file
L 12/26/2024 - 21:18:43: [testprecache.amxx] /hl2/cscanner/scanner_blip1.wav
L 12/26/2024 - 21:18:43: [testprecache.amxx] precaching file
L 12/26/2024 - 21:18:43: [testprecache.amxx] /hl2/cscanner/scanner_blip1.wav
L 12/26/2024 - 21:18:43: [galileo.amxx] 
L 12/26/2024 - 21:18:43: [galileo.amxx] The server is jumping to the next map after the current map due more than 1 restarts on the map "coolrig"
L 12/26/2024 - 21:18:43: [galileo.amxx] 
L 12/26/2024 - 21:18:46: -------- Mapchange to e1m1 --------
L 12/26/2024 - 21:18:46: [testprecache.amxx] precaching file
L 12/26/2024 - 21:18:46: [testprecache.amxx] items/smallmedkit1.wav
L 12/26/2024 - 21:18:46: [testprecache.amxx] precaching file
L 12/26/2024 - 21:18:46: [testprecache.amxx] player/pl_wade1.wav
L 12/26/2024 - 21:18:46: [testprecache.amxx] precaching file
L 12/26/2024 - 21:18:46: [testprecache.amxx] player/pl_wade2.wav
L 12/26/2024 - 21:18:46: [testprecache.amxx] precaching file
L 12/26/2024 - 21:18:46: [testprecache.amxx] hlcoop/shockroach/shock_idle3.wav
L 12/26/2024 - 21:18:46: [testprecache.amxx] precaching file
L 12/26/2024 - 21:18:46: [testprecache.amxx] hlcoop/shockroach/shock_idle2.wav
L 12/26/2024 - 21:18:46: [testprecache.amxx] precaching file
L 12/26/2024 - 21:18:46: [testprecache.amxx] /hl2/cscanner/scanner_scan_loop2.wav
L 12/26/2024 - 21:18:46: [testprecache.amxx] precaching file
L 12/26/2024 - 21:18:46: [testprecache.amxx] /hl2/cscanner/scanner_photo1.wav
L 12/26/2024 - 21:18:46: [testprecache.amxx] precaching file
L 12/26/2024 - 21:18:46: [testprecache.amxx] /hl2/cscanner/scanner_blip1.wav
L 12/26/2024 - 21:18:46: [testprecache.amxx] precaching file
L 12/26/2024 - 21:18:46: [testprecache.amxx] /hl2/cscanner/scanner_blip1.wav
L 12/26/2024 - 21:21:28: -------- Mapchange to d1_trainstation_02 --------
L 12/26/2024 - 21:21:28: [testprecache.amxx] precaching file
L 12/26/2024 - 21:21:28: [testprecache.amxx] items/smallmedkit1.wav
L 12/26/2024 - 21:21:28: [testprecache.amxx] precaching file
L 12/26/2024 - 21:21:28: [testprecache.amxx] player/pl_wade1.wav
L 12/26/2024 - 21:21:28: [testprecache.amxx] precaching file
L 12/26/2024 - 21:21:28: [testprecache.amxx] player/pl_wade2.wav
L 12/26/2024 - 21:21:28: [testprecache.amxx] precaching file
L 12/26/2024 - 21:21:28: [testprecache.amxx] hlcoop/shockroach/shock_idle3.wav
L 12/26/2024 - 21:21:28: [testprecache.amxx] precaching file
L 12/26/2024 - 21:21:28: [testprecache.amxx] hlcoop/shockroach/shock_idle2.wav
L 12/26/2024 - 21:21:28: [testprecache.amxx] precaching file
L 12/26/2024 - 21:21:28: [testprecache.amxx] /hl2/cscanner/scanner_scan_loop2.wav
L 12/26/2024 - 21:21:28: [testprecache.amxx] precaching file
L 12/26/2024 - 21:21:28: [testprecache.amxx] /hl2/cscanner/scanner_photo1.wav
L 12/26/2024 - 21:21:28: [testprecache.amxx] precaching file
L 12/26/2024 - 21:21:28: [testprecache.amxx] /hl2/cscanner/scanner_blip1.wav
L 12/26/2024 - 21:21:28: [testprecache.amxx] precaching file
L 12/26/2024 - 21:21:28: [testprecache.amxx] /hl2/cscanner/scanner_blip1.wav
L 12/26/2024 - 21:22:06: -------- Mapchange to sandbox --------
L 12/26/2024 - 21:22:06: [testprecache.amxx] precaching file
L 12/26/2024 - 21:22:06: [testprecache.amxx] items/smallmedkit1.wav
L 12/26/2024 - 21:22:06: [testprecache.amxx] precaching file
L 12/26/2024 - 21:22:06: [testprecache.amxx] player/pl_wade1.wav
L 12/26/2024 - 21:22:06: [testprecache.amxx] precaching file
L 12/26/2024 - 21:22:06: [testprecache.amxx] player/pl_wade2.wav
L 12/26/2024 - 21:22:06: [testprecache.amxx] precaching file
L 12/26/2024 - 21:22:06: [testprecache.amxx] hlcoop/shockroach/shock_idle3.wav
L 12/26/2024 - 21:22:06: [testprecache.amxx] precaching file
L 12/26/2024 - 21:22:06: [testprecache.amxx] hlcoop/shockroach/shock_idle2.wav
L 12/26/2024 - 21:22:06: [testprecache.amxx] precaching file
L 12/26/2024 - 21:22:06: [testprecache.amxx] /hl2/cscanner/scanner_scan_loop2.wav
L 12/26/2024 - 21:22:06: [testprecache.amxx] precaching file
L 12/26/2024 - 21:22:06: [testprecache.amxx] /hl2/cscanner/scanner_photo1.wav
L 12/26/2024 - 21:22:06: [testprecache.amxx] precaching file
L 12/26/2024 - 21:22:06: [testprecache.amxx] /hl2/cscanner/scanner_blip1.wav
L 12/26/2024 - 21:22:06: [testprecache.amxx] precaching file
L 12/26/2024 - 21:22:06: [testprecache.amxx] /hl2/cscanner/scanner_blip1.wav
L 12/26/2024 - 21:22:08: -------- Mapchange to d1_trainstation_02 --------
L 12/26/2024 - 21:22:08: [testprecache.amxx] precaching file
L 12/26/2024 - 21:22:08: [testprecache.amxx] items/smallmedkit1.wav
L 12/26/2024 - 21:22:08: [testprecache.amxx] precaching file
L 12/26/2024 - 21:22:08: [testprecache.amxx] player/pl_wade1.wav
L 12/26/2024 - 21:22:08: [testprecache.amxx] precaching file
L 12/26/2024 - 21:22:08: [testprecache.amxx] player/pl_wade2.wav
L 12/26/2024 - 21:22:08: [testprecache.amxx] precaching file
L 12/26/2024 - 21:22:08: [testprecache.amxx] hlcoop/shockroach/shock_idle3.wav
L 12/26/2024 - 21:22:08: [testprecache.amxx] precaching file
L 12/26/2024 - 21:22:08: [testprecache.amxx] hlcoop/shockroach/shock_idle2.wav
L 12/26/2024 - 21:22:08: [testprecache.amxx] precaching file
L 12/26/2024 - 21:22:08: [testprecache.amxx] /hl2/cscanner/scanner_scan_loop2.wav
L 12/26/2024 - 21:22:08: [testprecache.amxx] precaching file
L 12/26/2024 - 21:22:08: [testprecache.amxx] /hl2/cscanner/scanner_photo1.wav
L 12/26/2024 - 21:22:08: [testprecache.amxx] precaching file
L 12/26/2024 - 21:22:08: [testprecache.amxx] /hl2/cscanner/scanner_blip1.wav
L 12/26/2024 - 21:22:08: [testprecache.amxx] precaching file
L 12/26/2024 - 21:22:08: [testprecache.amxx] /hl2/cscanner/scanner_blip1.wav
L 12/26/2024 - 22:08:48: -------- Mapchange to sandbox --------
L 12/26/2024 - 22:08:48: [testprecache.amxx] precaching file
L 12/26/2024 - 22:08:48: [testprecache.amxx] items/smallmedkit1.wav
L 12/26/2024 - 22:08:48: [testprecache.amxx] precaching file
L 12/26/2024 - 22:08:48: [testprecache.amxx] player/pl_wade1.wav
L 12/26/2024 - 22:08:48: [testprecache.amxx] precaching file
L 12/26/2024 - 22:08:48: [testprecache.amxx] player/pl_wade2.wav
L 12/26/2024 - 22:08:48: [testprecache.amxx] precaching file
L 12/26/2024 - 22:08:48: [testprecache.amxx] hlcoop/shockroach/shock_idle3.wav
L 12/26/2024 - 22:08:48: [testprecache.amxx] precaching file
L 12/26/2024 - 22:08:48: [testprecache.amxx] hlcoop/shockroach/shock_idle2.wav
L 12/26/2024 - 22:08:48: [testprecache.amxx] precaching file
L 12/26/2024 - 22:08:48: [testprecache.amxx] /hl2/cscanner/scanner_scan_loop2.wav
L 12/26/2024 - 22:08:48: [testprecache.amxx] precaching file
L 12/26/2024 - 22:08:48: [testprecache.amxx] /hl2/cscanner/scanner_photo1.wav
L 12/26/2024 - 22:08:48: [testprecache.amxx] precaching file
L 12/26/2024 - 22:08:48: [testprecache.amxx] /hl2/cscanner/scanner_blip1.wav
L 12/26/2024 - 22:08:48: [testprecache.amxx] precaching file
L 12/26/2024 - 22:08:48: [testprecache.amxx] /hl2/cscanner/scanner_blip1.wav
L 12/26/2024 - 22:08:51: -------- Mapchange to d1_trainstation_02 --------
L 12/26/2024 - 22:08:51: [testprecache.amxx] precaching file
L 12/26/2024 - 22:08:51: [testprecache.amxx] items/smallmedkit1.wav
L 12/26/2024 - 22:08:51: [testprecache.amxx] precaching file
L 12/26/2024 - 22:08:51: [testprecache.amxx] player/pl_wade1.wav
L 12/26/2024 - 22:08:51: [testprecache.amxx] precaching file
L 12/26/2024 - 22:08:51: [testprecache.amxx] player/pl_wade2.wav
L 12/26/2024 - 22:08:51: [testprecache.amxx] precaching file
L 12/26/2024 - 22:08:51: [testprecache.amxx] hlcoop/shockroach/shock_idle3.wav
L 12/26/2024 - 22:08:51: [testprecache.amxx] precaching file
L 12/26/2024 - 22:08:51: [testprecache.amxx] hlcoop/shockroach/shock_idle2.wav
L 12/26/2024 - 22:08:51: [testprecache.amxx] precaching file
L 12/26/2024 - 22:08:51: [testprecache.amxx] /hl2/cscanner/scanner_scan_loop2.wav
L 12/26/2024 - 22:08:51: [testprecache.amxx] precaching file
L 12/26/2024 - 22:08:51: [testprecache.amxx] /hl2/cscanner/scanner_photo1.wav
L 12/26/2024 - 22:08:51: [testprecache.amxx] precaching file
L 12/26/2024 - 22:08:51: [testprecache.amxx] /hl2/cscanner/scanner_blip1.wav
L 12/26/2024 - 22:08:51: [testprecache.amxx] precaching file
L 12/26/2024 - 22:08:51: [testprecache.amxx] /hl2/cscanner/scanner_blip1.wav
