L 10/27/2024 - 00:15:02: -------- Mapchange to sandbox --------
L 10/27/2024 - 00:15:02: [testprecache.amxx] precaching file
L 10/27/2024 - 00:15:02: [testprecache.amxx] items/smallmedkit1.wav
L 10/27/2024 - 00:15:02: [testprecache.amxx] precaching file
L 10/27/2024 - 00:15:02: [testprecache.amxx] player/pl_wade1.wav
L 10/27/2024 - 00:15:02: [testprecache.amxx] precaching file
L 10/27/2024 - 00:15:02: [testprecache.amxx] player/pl_wade2.wav
L 10/27/2024 - 00:15:02: [testprecache.amxx] precaching file
L 10/27/2024 - 00:15:02: [testprecache.amxx] hlcoop/shockroach/shock_idle3.wav
L 10/27/2024 - 00:15:02: [testprecache.amxx] precaching file
L 10/27/2024 - 00:15:02: [testprecache.amxx] hlcoop/shockroach/shock_idle2.wav
L 10/27/2024 - 00:15:02: [testprecache.amxx] precaching file
L 10/27/2024 - 00:15:02: [testprecache.amxx] /hl2/cscanner/scanner_scan_loop2.wav
L 10/27/2024 - 00:15:02: [testprecache.amxx] precaching file
L 10/27/2024 - 00:15:02: [testprecache.amxx] /hl2/cscanner/scanner_photo1.wav
L 10/27/2024 - 00:15:02: [testprecache.amxx] precaching file
L 10/27/2024 - 00:15:02: [testprecache.amxx] /hl2/cscanner/scanner_blip1.wav
L 10/27/2024 - 00:15:02: [testprecache.amxx] precaching file
L 10/27/2024 - 00:15:02: [testprecache.amxx] /hl2/cscanner/scanner_blip1.wav
L 10/27/2024 - 00:15:05: -------- Mapchange to e1m1 --------
L 10/27/2024 - 00:15:05: [testprecache.amxx] precaching file
L 10/27/2024 - 00:15:05: [testprecache.amxx] items/smallmedkit1.wav
L 10/27/2024 - 00:15:05: [testprecache.amxx] precaching file
L 10/27/2024 - 00:15:05: [testprecache.amxx] player/pl_wade1.wav
L 10/27/2024 - 00:15:05: [testprecache.amxx] precaching file
L 10/27/2024 - 00:15:05: [testprecache.amxx] player/pl_wade2.wav
L 10/27/2024 - 00:15:05: [testprecache.amxx] precaching file
L 10/27/2024 - 00:15:05: [testprecache.amxx] hlcoop/shockroach/shock_idle3.wav
L 10/27/2024 - 00:15:05: [testprecache.amxx] precaching file
L 10/27/2024 - 00:15:05: [testprecache.amxx] hlcoop/shockroach/shock_idle2.wav
L 10/27/2024 - 00:15:05: [testprecache.amxx] precaching file
L 10/27/2024 - 00:15:05: [testprecache.amxx] /hl2/cscanner/scanner_scan_loop2.wav
L 10/27/2024 - 00:15:05: [testprecache.amxx] precaching file
L 10/27/2024 - 00:15:05: [testprecache.amxx] /hl2/cscanner/scanner_photo1.wav
L 10/27/2024 - 00:15:05: [testprecache.amxx] precaching file
L 10/27/2024 - 00:15:05: [testprecache.amxx] /hl2/cscanner/scanner_blip1.wav
L 10/27/2024 - 00:15:05: [testprecache.amxx] precaching file
L 10/27/2024 - 00:15:05: [testprecache.amxx] /hl2/cscanner/scanner_blip1.wav
L 10/27/2024 - 00:17:13: -------- Mapchange to infested --------
L 10/27/2024 - 00:17:13: [testprecache.amxx] precaching file
L 10/27/2024 - 00:17:13: [testprecache.amxx] items/smallmedkit1.wav
L 10/27/2024 - 00:17:13: [testprecache.amxx] precaching file
L 10/27/2024 - 00:17:13: [testprecache.amxx] player/pl_wade1.wav
L 10/27/2024 - 00:17:13: [testprecache.amxx] precaching file
L 10/27/2024 - 00:17:13: [testprecache.amxx] player/pl_wade2.wav
L 10/27/2024 - 00:17:13: [testprecache.amxx] precaching file
L 10/27/2024 - 00:17:13: [testprecache.amxx] hlcoop/shockroach/shock_idle3.wav
L 10/27/2024 - 00:17:13: [testprecache.amxx] precaching file
L 10/27/2024 - 00:17:13: [testprecache.amxx] hlcoop/shockroach/shock_idle2.wav
L 10/27/2024 - 00:17:13: [testprecache.amxx] precaching file
L 10/27/2024 - 00:17:13: [testprecache.amxx] /hl2/cscanner/scanner_scan_loop2.wav
L 10/27/2024 - 00:17:13: [testprecache.amxx] precaching file
L 10/27/2024 - 00:17:13: [testprecache.amxx] /hl2/cscanner/scanner_photo1.wav
L 10/27/2024 - 00:17:13: [testprecache.amxx] precaching file
L 10/27/2024 - 00:17:13: [testprecache.amxx] /hl2/cscanner/scanner_blip1.wav
L 10/27/2024 - 00:17:13: [testprecache.amxx] precaching file
L 10/27/2024 - 00:17:13: [testprecache.amxx] /hl2/cscanner/scanner_blip1.wav
L 10/27/2024 - 00:27:02: -------- Mapchange to d1_trainstation_02 --------
L 10/27/2024 - 00:27:02: [testprecache.amxx] precaching file
L 10/27/2024 - 00:27:02: [testprecache.amxx] items/smallmedkit1.wav
L 10/27/2024 - 00:27:02: [testprecache.amxx] precaching file
L 10/27/2024 - 00:27:02: [testprecache.amxx] player/pl_wade1.wav
L 10/27/2024 - 00:27:02: [testprecache.amxx] precaching file
L 10/27/2024 - 00:27:02: [testprecache.amxx] player/pl_wade2.wav
L 10/27/2024 - 00:27:02: [testprecache.amxx] precaching file
L 10/27/2024 - 00:27:02: [testprecache.amxx] hlcoop/shockroach/shock_idle3.wav
L 10/27/2024 - 00:27:02: [testprecache.amxx] precaching file
L 10/27/2024 - 00:27:02: [testprecache.amxx] hlcoop/shockroach/shock_idle2.wav
L 10/27/2024 - 00:27:02: [testprecache.amxx] precaching file
L 10/27/2024 - 00:27:02: [testprecache.amxx] /hl2/cscanner/scanner_scan_loop2.wav
L 10/27/2024 - 00:27:02: [testprecache.amxx] precaching file
L 10/27/2024 - 00:27:02: [testprecache.amxx] /hl2/cscanner/scanner_photo1.wav
L 10/27/2024 - 00:27:02: [testprecache.amxx] precaching file
L 10/27/2024 - 00:27:02: [testprecache.amxx] /hl2/cscanner/scanner_blip1.wav
L 10/27/2024 - 00:27:02: [testprecache.amxx] precaching file
L 10/27/2024 - 00:27:02: [testprecache.amxx] /hl2/cscanner/scanner_blip1.wav
L 10/27/2024 - 07:58:03: -------- Mapchange to sandbox --------
L 10/27/2024 - 07:58:03: [testprecache.amxx] precaching file
L 10/27/2024 - 07:58:03: [testprecache.amxx] items/smallmedkit1.wav
L 10/27/2024 - 07:58:03: [testprecache.amxx] precaching file
L 10/27/2024 - 07:58:03: [testprecache.amxx] player/pl_wade1.wav
L 10/27/2024 - 07:58:03: [testprecache.amxx] precaching file
L 10/27/2024 - 07:58:03: [testprecache.amxx] player/pl_wade2.wav
L 10/27/2024 - 07:58:03: [testprecache.amxx] precaching file
L 10/27/2024 - 07:58:03: [testprecache.amxx] hlcoop/shockroach/shock_idle3.wav
L 10/27/2024 - 07:58:03: [testprecache.amxx] precaching file
L 10/27/2024 - 07:58:03: [testprecache.amxx] hlcoop/shockroach/shock_idle2.wav
L 10/27/2024 - 07:58:03: [testprecache.amxx] precaching file
L 10/27/2024 - 07:58:03: [testprecache.amxx] /hl2/cscanner/scanner_scan_loop2.wav
L 10/27/2024 - 07:58:03: [testprecache.amxx] precaching file
L 10/27/2024 - 07:58:03: [testprecache.amxx] /hl2/cscanner/scanner_photo1.wav
L 10/27/2024 - 07:58:03: [testprecache.amxx] precaching file
L 10/27/2024 - 07:58:03: [testprecache.amxx] /hl2/cscanner/scanner_blip1.wav
L 10/27/2024 - 07:58:03: [testprecache.amxx] precaching file
L 10/27/2024 - 07:58:03: [testprecache.amxx] /hl2/cscanner/scanner_blip1.wav
L 10/27/2024 - 07:58:06: -------- Mapchange to d1_trainstation_02 --------
L 10/27/2024 - 07:58:06: [testprecache.amxx] precaching file
L 10/27/2024 - 07:58:06: [testprecache.amxx] items/smallmedkit1.wav
L 10/27/2024 - 07:58:06: [testprecache.amxx] precaching file
L 10/27/2024 - 07:58:06: [testprecache.amxx] player/pl_wade1.wav
L 10/27/2024 - 07:58:06: [testprecache.amxx] precaching file
L 10/27/2024 - 07:58:06: [testprecache.amxx] player/pl_wade2.wav
L 10/27/2024 - 07:58:06: [testprecache.amxx] precaching file
L 10/27/2024 - 07:58:06: [testprecache.amxx] hlcoop/shockroach/shock_idle3.wav
L 10/27/2024 - 07:58:06: [testprecache.amxx] precaching file
L 10/27/2024 - 07:58:06: [testprecache.amxx] hlcoop/shockroach/shock_idle2.wav
L 10/27/2024 - 07:58:06: [testprecache.amxx] precaching file
L 10/27/2024 - 07:58:06: [testprecache.amxx] /hl2/cscanner/scanner_scan_loop2.wav
L 10/27/2024 - 07:58:06: [testprecache.amxx] precaching file
L 10/27/2024 - 07:58:06: [testprecache.amxx] /hl2/cscanner/scanner_photo1.wav
L 10/27/2024 - 07:58:06: [testprecache.amxx] precaching file
L 10/27/2024 - 07:58:06: [testprecache.amxx] /hl2/cscanner/scanner_blip1.wav
L 10/27/2024 - 07:58:06: [testprecache.amxx] precaching file
L 10/27/2024 - 07:58:06: [testprecache.amxx] /hl2/cscanner/scanner_blip1.wav
L 10/27/2024 - 08:00:07: -------- Mapchange to sandbox --------
L 10/27/2024 - 08:00:07: [testprecache.amxx] precaching file
L 10/27/2024 - 08:00:07: [testprecache.amxx] items/smallmedkit1.wav
L 10/27/2024 - 08:00:07: [testprecache.amxx] precaching file
L 10/27/2024 - 08:00:07: [testprecache.amxx] player/pl_wade1.wav
L 10/27/2024 - 08:00:07: [testprecache.amxx] precaching file
L 10/27/2024 - 08:00:07: [testprecache.amxx] player/pl_wade2.wav
L 10/27/2024 - 08:00:07: [testprecache.amxx] precaching file
L 10/27/2024 - 08:00:07: [testprecache.amxx] hlcoop/shockroach/shock_idle3.wav
L 10/27/2024 - 08:00:07: [testprecache.amxx] precaching file
L 10/27/2024 - 08:00:07: [testprecache.amxx] hlcoop/shockroach/shock_idle2.wav
L 10/27/2024 - 08:00:07: [testprecache.amxx] precaching file
L 10/27/2024 - 08:00:07: [testprecache.amxx] /hl2/cscanner/scanner_scan_loop2.wav
L 10/27/2024 - 08:00:07: [testprecache.amxx] precaching file
L 10/27/2024 - 08:00:07: [testprecache.amxx] /hl2/cscanner/scanner_photo1.wav
L 10/27/2024 - 08:00:07: [testprecache.amxx] precaching file
L 10/27/2024 - 08:00:07: [testprecache.amxx] /hl2/cscanner/scanner_blip1.wav
L 10/27/2024 - 08:00:07: [testprecache.amxx] precaching file
L 10/27/2024 - 08:00:07: [testprecache.amxx] /hl2/cscanner/scanner_blip1.wav
L 10/27/2024 - 08:00:10: -------- Mapchange to d1_trainstation_02 --------
L 10/27/2024 - 08:00:10: [testprecache.amxx] precaching file
L 10/27/2024 - 08:00:10: [testprecache.amxx] items/smallmedkit1.wav
L 10/27/2024 - 08:00:10: [testprecache.amxx] precaching file
L 10/27/2024 - 08:00:10: [testprecache.amxx] player/pl_wade1.wav
L 10/27/2024 - 08:00:10: [testprecache.amxx] precaching file
L 10/27/2024 - 08:00:10: [testprecache.amxx] player/pl_wade2.wav
L 10/27/2024 - 08:00:10: [testprecache.amxx] precaching file
L 10/27/2024 - 08:00:10: [testprecache.amxx] hlcoop/shockroach/shock_idle3.wav
L 10/27/2024 - 08:00:10: [testprecache.amxx] precaching file
L 10/27/2024 - 08:00:10: [testprecache.amxx] hlcoop/shockroach/shock_idle2.wav
L 10/27/2024 - 08:00:10: [testprecache.amxx] precaching file
L 10/27/2024 - 08:00:10: [testprecache.amxx] /hl2/cscanner/scanner_scan_loop2.wav
L 10/27/2024 - 08:00:10: [testprecache.amxx] precaching file
L 10/27/2024 - 08:00:10: [testprecache.amxx] /hl2/cscanner/scanner_photo1.wav
L 10/27/2024 - 08:00:10: [testprecache.amxx] precaching file
L 10/27/2024 - 08:00:10: [testprecache.amxx] /hl2/cscanner/scanner_blip1.wav
L 10/27/2024 - 08:00:10: [testprecache.amxx] precaching file
L 10/27/2024 - 08:00:10: [testprecache.amxx] /hl2/cscanner/scanner_blip1.wav
L 10/27/2024 - 01:00:12: -------- Mapchange to sandbox --------
L 10/27/2024 - 01:00:12: [testprecache.amxx] precaching file
L 10/27/2024 - 01:00:12: [testprecache.amxx] items/smallmedkit1.wav
L 10/27/2024 - 01:00:12: [testprecache.amxx] precaching file
L 10/27/2024 - 01:00:12: [testprecache.amxx] player/pl_wade1.wav
L 10/27/2024 - 01:00:12: [testprecache.amxx] precaching file
L 10/27/2024 - 01:00:12: [testprecache.amxx] player/pl_wade2.wav
L 10/27/2024 - 01:00:12: [testprecache.amxx] precaching file
L 10/27/2024 - 01:00:12: [testprecache.amxx] hlcoop/shockroach/shock_idle3.wav
L 10/27/2024 - 01:00:12: [testprecache.amxx] precaching file
L 10/27/2024 - 01:00:12: [testprecache.amxx] hlcoop/shockroach/shock_idle2.wav
L 10/27/2024 - 01:00:12: [testprecache.amxx] precaching file
L 10/27/2024 - 01:00:12: [testprecache.amxx] /hl2/cscanner/scanner_scan_loop2.wav
L 10/27/2024 - 01:00:12: [testprecache.amxx] precaching file
L 10/27/2024 - 01:00:12: [testprecache.amxx] /hl2/cscanner/scanner_photo1.wav
L 10/27/2024 - 01:00:12: [testprecache.amxx] precaching file
L 10/27/2024 - 01:00:12: [testprecache.amxx] /hl2/cscanner/scanner_blip1.wav
L 10/27/2024 - 01:00:12: [testprecache.amxx] precaching file
L 10/27/2024 - 01:00:12: [testprecache.amxx] /hl2/cscanner/scanner_blip1.wav
L 10/27/2024 - 01:00:12: [galileo.amxx] 
L 10/27/2024 - 01:00:12: [galileo.amxx] The server is jumping to the next map after the current map due more than 1 restarts on the map "d1_trainstation_02"
L 10/27/2024 - 01:00:12: [galileo.amxx] 
L 10/27/2024 - 01:00:15: -------- Mapchange to d1_town_01 --------
L 10/27/2024 - 01:00:15: [testprecache.amxx] precaching file
L 10/27/2024 - 01:00:15: [testprecache.amxx] items/smallmedkit1.wav
L 10/27/2024 - 01:00:15: [testprecache.amxx] precaching file
L 10/27/2024 - 01:00:15: [testprecache.amxx] player/pl_wade1.wav
L 10/27/2024 - 01:00:15: [testprecache.amxx] precaching file
L 10/27/2024 - 01:00:15: [testprecache.amxx] player/pl_wade2.wav
L 10/27/2024 - 01:00:15: [testprecache.amxx] precaching file
L 10/27/2024 - 01:00:15: [testprecache.amxx] hlcoop/shockroach/shock_idle3.wav
L 10/27/2024 - 01:00:15: [testprecache.amxx] precaching file
L 10/27/2024 - 01:00:15: [testprecache.amxx] hlcoop/shockroach/shock_idle2.wav
L 10/27/2024 - 01:00:15: [testprecache.amxx] precaching file
L 10/27/2024 - 01:00:15: [testprecache.amxx] /hl2/cscanner/scanner_scan_loop2.wav
L 10/27/2024 - 01:00:15: [testprecache.amxx] precaching file
L 10/27/2024 - 01:00:15: [testprecache.amxx] /hl2/cscanner/scanner_photo1.wav
L 10/27/2024 - 01:00:15: [testprecache.amxx] precaching file
L 10/27/2024 - 01:00:15: [testprecache.amxx] /hl2/cscanner/scanner_blip1.wav
L 10/27/2024 - 01:00:15: [testprecache.amxx] precaching file
L 10/27/2024 - 01:00:15: [testprecache.amxx] /hl2/cscanner/scanner_blip1.wav
L 10/27/2024 - 13:07:37: -------- Mapchange to sandbox --------
L 10/27/2024 - 13:07:37: [testprecache.amxx] precaching file
L 10/27/2024 - 13:07:37: [testprecache.amxx] items/smallmedkit1.wav
L 10/27/2024 - 13:07:37: [testprecache.amxx] precaching file
L 10/27/2024 - 13:07:37: [testprecache.amxx] player/pl_wade1.wav
L 10/27/2024 - 13:07:37: [testprecache.amxx] precaching file
L 10/27/2024 - 13:07:37: [testprecache.amxx] player/pl_wade2.wav
L 10/27/2024 - 13:07:37: [testprecache.amxx] precaching file
L 10/27/2024 - 13:07:37: [testprecache.amxx] hlcoop/shockroach/shock_idle3.wav
L 10/27/2024 - 13:07:37: [testprecache.amxx] precaching file
L 10/27/2024 - 13:07:37: [testprecache.amxx] hlcoop/shockroach/shock_idle2.wav
L 10/27/2024 - 13:07:37: [testprecache.amxx] precaching file
L 10/27/2024 - 13:07:37: [testprecache.amxx] /hl2/cscanner/scanner_scan_loop2.wav
L 10/27/2024 - 13:07:37: [testprecache.amxx] precaching file
L 10/27/2024 - 13:07:37: [testprecache.amxx] /hl2/cscanner/scanner_photo1.wav
L 10/27/2024 - 13:07:37: [testprecache.amxx] precaching file
L 10/27/2024 - 13:07:37: [testprecache.amxx] /hl2/cscanner/scanner_blip1.wav
L 10/27/2024 - 13:07:37: [testprecache.amxx] precaching file
L 10/27/2024 - 13:07:37: [testprecache.amxx] /hl2/cscanner/scanner_blip1.wav
L 10/27/2024 - 13:07:39: -------- Mapchange to d1_town_01 --------
L 10/27/2024 - 13:07:39: [testprecache.amxx] precaching file
L 10/27/2024 - 13:07:39: [testprecache.amxx] items/smallmedkit1.wav
L 10/27/2024 - 13:07:39: [testprecache.amxx] precaching file
L 10/27/2024 - 13:07:39: [testprecache.amxx] player/pl_wade1.wav
L 10/27/2024 - 13:07:39: [testprecache.amxx] precaching file
L 10/27/2024 - 13:07:39: [testprecache.amxx] player/pl_wade2.wav
L 10/27/2024 - 13:07:39: [testprecache.amxx] precaching file
L 10/27/2024 - 13:07:39: [testprecache.amxx] hlcoop/shockroach/shock_idle3.wav
L 10/27/2024 - 13:07:39: [testprecache.amxx] precaching file
L 10/27/2024 - 13:07:39: [testprecache.amxx] hlcoop/shockroach/shock_idle2.wav
L 10/27/2024 - 13:07:39: [testprecache.amxx] precaching file
L 10/27/2024 - 13:07:39: [testprecache.amxx] /hl2/cscanner/scanner_scan_loop2.wav
L 10/27/2024 - 13:07:39: [testprecache.amxx] precaching file
L 10/27/2024 - 13:07:39: [testprecache.amxx] /hl2/cscanner/scanner_photo1.wav
L 10/27/2024 - 13:07:39: [testprecache.amxx] precaching file
L 10/27/2024 - 13:07:39: [testprecache.amxx] /hl2/cscanner/scanner_blip1.wav
L 10/27/2024 - 13:07:39: [testprecache.amxx] precaching file
L 10/27/2024 - 13:07:39: [testprecache.amxx] /hl2/cscanner/scanner_blip1.wav
L 10/27/2024 - 16:07:55: -------- Mapchange to dead-dust2 --------
L 10/27/2024 - 16:07:55: [testprecache.amxx] precaching file
L 10/27/2024 - 16:07:55: [testprecache.amxx] items/smallmedkit1.wav
L 10/27/2024 - 16:07:55: [testprecache.amxx] precaching file
L 10/27/2024 - 16:07:55: [testprecache.amxx] player/pl_wade1.wav
L 10/27/2024 - 16:07:55: [testprecache.amxx] precaching file
L 10/27/2024 - 16:07:55: [testprecache.amxx] player/pl_wade2.wav
L 10/27/2024 - 16:07:55: [testprecache.amxx] precaching file
L 10/27/2024 - 16:07:55: [testprecache.amxx] hlcoop/shockroach/shock_idle3.wav
L 10/27/2024 - 16:07:55: [testprecache.amxx] precaching file
L 10/27/2024 - 16:07:55: [testprecache.amxx] hlcoop/shockroach/shock_idle2.wav
L 10/27/2024 - 16:07:55: [testprecache.amxx] precaching file
L 10/27/2024 - 16:07:55: [testprecache.amxx] /hl2/cscanner/scanner_scan_loop2.wav
L 10/27/2024 - 16:07:55: [testprecache.amxx] precaching file
L 10/27/2024 - 16:07:55: [testprecache.amxx] /hl2/cscanner/scanner_photo1.wav
L 10/27/2024 - 16:07:55: [testprecache.amxx] precaching file
L 10/27/2024 - 16:07:55: [testprecache.amxx] /hl2/cscanner/scanner_blip1.wav
L 10/27/2024 - 16:07:55: [testprecache.amxx] precaching file
L 10/27/2024 - 16:07:55: [testprecache.amxx] /hl2/cscanner/scanner_blip1.wav
L 10/27/2024 - 18:43:41: -------- Mapchange to sandbox --------
L 10/27/2024 - 18:43:41: [testprecache.amxx] precaching file
L 10/27/2024 - 18:43:41: [testprecache.amxx] items/smallmedkit1.wav
L 10/27/2024 - 18:43:41: [testprecache.amxx] precaching file
L 10/27/2024 - 18:43:41: [testprecache.amxx] player/pl_wade1.wav
L 10/27/2024 - 18:43:41: [testprecache.amxx] precaching file
L 10/27/2024 - 18:43:41: [testprecache.amxx] player/pl_wade2.wav
L 10/27/2024 - 18:43:41: [testprecache.amxx] precaching file
L 10/27/2024 - 18:43:41: [testprecache.amxx] hlcoop/shockroach/shock_idle3.wav
L 10/27/2024 - 18:43:41: [testprecache.amxx] precaching file
L 10/27/2024 - 18:43:41: [testprecache.amxx] hlcoop/shockroach/shock_idle2.wav
L 10/27/2024 - 18:43:41: [testprecache.amxx] precaching file
L 10/27/2024 - 18:43:41: [testprecache.amxx] /hl2/cscanner/scanner_scan_loop2.wav
L 10/27/2024 - 18:43:41: [testprecache.amxx] precaching file
L 10/27/2024 - 18:43:41: [testprecache.amxx] /hl2/cscanner/scanner_photo1.wav
L 10/27/2024 - 18:43:41: [testprecache.amxx] precaching file
L 10/27/2024 - 18:43:41: [testprecache.amxx] /hl2/cscanner/scanner_blip1.wav
L 10/27/2024 - 18:43:41: [testprecache.amxx] precaching file
L 10/27/2024 - 18:43:41: [testprecache.amxx] /hl2/cscanner/scanner_blip1.wav
L 10/27/2024 - 18:43:43: -------- Mapchange to dead-dust2 --------
L 10/27/2024 - 18:43:43: [testprecache.amxx] precaching file
L 10/27/2024 - 18:43:43: [testprecache.amxx] items/smallmedkit1.wav
L 10/27/2024 - 18:43:43: [testprecache.amxx] precaching file
L 10/27/2024 - 18:43:43: [testprecache.amxx] player/pl_wade1.wav
L 10/27/2024 - 18:43:43: [testprecache.amxx] precaching file
L 10/27/2024 - 18:43:43: [testprecache.amxx] player/pl_wade2.wav
L 10/27/2024 - 18:43:43: [testprecache.amxx] precaching file
L 10/27/2024 - 18:43:43: [testprecache.amxx] hlcoop/shockroach/shock_idle3.wav
L 10/27/2024 - 18:43:43: [testprecache.amxx] precaching file
L 10/27/2024 - 18:43:43: [testprecache.amxx] hlcoop/shockroach/shock_idle2.wav
L 10/27/2024 - 18:43:43: [testprecache.amxx] precaching file
L 10/27/2024 - 18:43:43: [testprecache.amxx] /hl2/cscanner/scanner_scan_loop2.wav
L 10/27/2024 - 18:43:43: [testprecache.amxx] precaching file
L 10/27/2024 - 18:43:43: [testprecache.amxx] /hl2/cscanner/scanner_photo1.wav
L 10/27/2024 - 18:43:43: [testprecache.amxx] precaching file
L 10/27/2024 - 18:43:43: [testprecache.amxx] /hl2/cscanner/scanner_blip1.wav
L 10/27/2024 - 18:43:43: [testprecache.amxx] precaching file
L 10/27/2024 - 18:43:43: [testprecache.amxx] /hl2/cscanner/scanner_blip1.wav
