L 01/05/2025 - 10:31:59: -------- Mapchange to d1_town_01 --------
L 01/05/2025 - 10:31:59: [testprecache.amxx] precaching file
L 01/05/2025 - 10:31:59: [testprecache.amxx] items/smallmedkit1.wav
L 01/05/2025 - 10:31:59: [testprecache.amxx] precaching file
L 01/05/2025 - 10:31:59: [testprecache.amxx] player/pl_wade1.wav
L 01/05/2025 - 10:31:59: [testprecache.amxx] precaching file
L 01/05/2025 - 10:31:59: [testprecache.amxx] player/pl_wade2.wav
L 01/05/2025 - 10:31:59: [testprecache.amxx] precaching file
L 01/05/2025 - 10:31:59: [testprecache.amxx] hlcoop/shockroach/shock_idle3.wav
L 01/05/2025 - 10:31:59: [testprecache.amxx] precaching file
L 01/05/2025 - 10:31:59: [testprecache.amxx] hlcoop/shockroach/shock_idle2.wav
L 01/05/2025 - 10:31:59: [testprecache.amxx] precaching file
L 01/05/2025 - 10:31:59: [testprecache.amxx] /hl2/cscanner/scanner_scan_loop2.wav
L 01/05/2025 - 10:31:59: [testprecache.amxx] precaching file
L 01/05/2025 - 10:31:59: [testprecache.amxx] /hl2/cscanner/scanner_photo1.wav
L 01/05/2025 - 10:31:59: [testprecache.amxx] precaching file
L 01/05/2025 - 10:31:59: [testprecache.amxx] /hl2/cscanner/scanner_blip1.wav
L 01/05/2025 - 10:31:59: [testprecache.amxx] precaching file
L 01/05/2025 - 10:31:59: [testprecache.amxx] /hl2/cscanner/scanner_blip1.wav
L 01/05/2025 - 10:38:11: -------- Mapchange to d1_trainstation_02 --------
L 01/05/2025 - 10:38:11: [testprecache.amxx] precaching file
L 01/05/2025 - 10:38:11: [testprecache.amxx] items/smallmedkit1.wav
L 01/05/2025 - 10:38:11: [testprecache.amxx] precaching file
L 01/05/2025 - 10:38:11: [testprecache.amxx] player/pl_wade1.wav
L 01/05/2025 - 10:38:11: [testprecache.amxx] precaching file
L 01/05/2025 - 10:38:11: [testprecache.amxx] player/pl_wade2.wav
L 01/05/2025 - 10:38:11: [testprecache.amxx] precaching file
L 01/05/2025 - 10:38:11: [testprecache.amxx] hlcoop/shockroach/shock_idle3.wav
L 01/05/2025 - 10:38:11: [testprecache.amxx] precaching file
L 01/05/2025 - 10:38:11: [testprecache.amxx] hlcoop/shockroach/shock_idle2.wav
L 01/05/2025 - 10:38:11: [testprecache.amxx] precaching file
L 01/05/2025 - 10:38:11: [testprecache.amxx] /hl2/cscanner/scanner_scan_loop2.wav
L 01/05/2025 - 10:38:11: [testprecache.amxx] precaching file
L 01/05/2025 - 10:38:11: [testprecache.amxx] /hl2/cscanner/scanner_photo1.wav
L 01/05/2025 - 10:38:11: [testprecache.amxx] precaching file
L 01/05/2025 - 10:38:11: [testprecache.amxx] /hl2/cscanner/scanner_blip1.wav
L 01/05/2025 - 10:38:11: [testprecache.amxx] precaching file
L 01/05/2025 - 10:38:11: [testprecache.amxx] /hl2/cscanner/scanner_blip1.wav
L 01/05/2025 - 10:41:17: -------- Mapchange to d1_trainstation_02 --------
L 01/05/2025 - 10:41:17: [testprecache.amxx] precaching file
L 01/05/2025 - 10:41:17: [testprecache.amxx] items/smallmedkit1.wav
L 01/05/2025 - 10:41:17: [testprecache.amxx] precaching file
L 01/05/2025 - 10:41:17: [testprecache.amxx] player/pl_wade1.wav
L 01/05/2025 - 10:41:17: [testprecache.amxx] precaching file
L 01/05/2025 - 10:41:17: [testprecache.amxx] player/pl_wade2.wav
L 01/05/2025 - 10:41:17: [testprecache.amxx] precaching file
L 01/05/2025 - 10:41:17: [testprecache.amxx] hlcoop/shockroach/shock_idle3.wav
L 01/05/2025 - 10:41:17: [testprecache.amxx] precaching file
L 01/05/2025 - 10:41:17: [testprecache.amxx] hlcoop/shockroach/shock_idle2.wav
L 01/05/2025 - 10:41:17: [testprecache.amxx] precaching file
L 01/05/2025 - 10:41:17: [testprecache.amxx] /hl2/cscanner/scanner_scan_loop2.wav
L 01/05/2025 - 10:41:17: [testprecache.amxx] precaching file
L 01/05/2025 - 10:41:17: [testprecache.amxx] /hl2/cscanner/scanner_photo1.wav
L 01/05/2025 - 10:41:17: [testprecache.amxx] precaching file
L 01/05/2025 - 10:41:17: [testprecache.amxx] /hl2/cscanner/scanner_blip1.wav
L 01/05/2025 - 10:41:17: [testprecache.amxx] precaching file
L 01/05/2025 - 10:41:17: [testprecache.amxx] /hl2/cscanner/scanner_blip1.wav
L 01/05/2025 - 18:58:12: -------- Mapchange to sandbox --------
L 01/05/2025 - 18:58:12: [testprecache.amxx] precaching file
L 01/05/2025 - 18:58:12: [testprecache.amxx] items/smallmedkit1.wav
L 01/05/2025 - 18:58:12: [testprecache.amxx] precaching file
L 01/05/2025 - 18:58:12: [testprecache.amxx] player/pl_wade1.wav
L 01/05/2025 - 18:58:12: [testprecache.amxx] precaching file
L 01/05/2025 - 18:58:12: [testprecache.amxx] player/pl_wade2.wav
L 01/05/2025 - 18:58:12: [testprecache.amxx] precaching file
L 01/05/2025 - 18:58:12: [testprecache.amxx] hlcoop/shockroach/shock_idle3.wav
L 01/05/2025 - 18:58:12: [testprecache.amxx] precaching file
L 01/05/2025 - 18:58:12: [testprecache.amxx] hlcoop/shockroach/shock_idle2.wav
L 01/05/2025 - 18:58:12: [testprecache.amxx] precaching file
L 01/05/2025 - 18:58:12: [testprecache.amxx] /hl2/cscanner/scanner_scan_loop2.wav
L 01/05/2025 - 18:58:12: [testprecache.amxx] precaching file
L 01/05/2025 - 18:58:12: [testprecache.amxx] /hl2/cscanner/scanner_photo1.wav
L 01/05/2025 - 18:58:12: [testprecache.amxx] precaching file
L 01/05/2025 - 18:58:12: [testprecache.amxx] /hl2/cscanner/scanner_blip1.wav
L 01/05/2025 - 18:58:12: [testprecache.amxx] precaching file
L 01/05/2025 - 18:58:12: [testprecache.amxx] /hl2/cscanner/scanner_blip1.wav
L 01/05/2025 - 18:58:15: -------- Mapchange to d1_trainstation_02 --------
L 01/05/2025 - 18:58:15: [testprecache.amxx] precaching file
L 01/05/2025 - 18:58:15: [testprecache.amxx] items/smallmedkit1.wav
L 01/05/2025 - 18:58:15: [testprecache.amxx] precaching file
L 01/05/2025 - 18:58:15: [testprecache.amxx] player/pl_wade1.wav
L 01/05/2025 - 18:58:15: [testprecache.amxx] precaching file
L 01/05/2025 - 18:58:15: [testprecache.amxx] player/pl_wade2.wav
L 01/05/2025 - 18:58:15: [testprecache.amxx] precaching file
L 01/05/2025 - 18:58:15: [testprecache.amxx] hlcoop/shockroach/shock_idle3.wav
L 01/05/2025 - 18:58:15: [testprecache.amxx] precaching file
L 01/05/2025 - 18:58:15: [testprecache.amxx] hlcoop/shockroach/shock_idle2.wav
L 01/05/2025 - 18:58:15: [testprecache.amxx] precaching file
L 01/05/2025 - 18:58:15: [testprecache.amxx] /hl2/cscanner/scanner_scan_loop2.wav
L 01/05/2025 - 18:58:15: [testprecache.amxx] precaching file
L 01/05/2025 - 18:58:15: [testprecache.amxx] /hl2/cscanner/scanner_photo1.wav
L 01/05/2025 - 18:58:15: [testprecache.amxx] precaching file
L 01/05/2025 - 18:58:15: [testprecache.amxx] /hl2/cscanner/scanner_blip1.wav
L 01/05/2025 - 18:58:15: [testprecache.amxx] precaching file
L 01/05/2025 - 18:58:15: [testprecache.amxx] /hl2/cscanner/scanner_blip1.wav
L 01/05/2025 - 23:06:02: -------- Mapchange to sandbox --------
L 01/05/2025 - 23:06:02: [testprecache.amxx] precaching file
L 01/05/2025 - 23:06:02: [testprecache.amxx] items/smallmedkit1.wav
L 01/05/2025 - 23:06:02: [testprecache.amxx] precaching file
L 01/05/2025 - 23:06:02: [testprecache.amxx] player/pl_wade1.wav
L 01/05/2025 - 23:06:02: [testprecache.amxx] precaching file
L 01/05/2025 - 23:06:02: [testprecache.amxx] player/pl_wade2.wav
L 01/05/2025 - 23:06:02: [testprecache.amxx] precaching file
L 01/05/2025 - 23:06:02: [testprecache.amxx] hlcoop/shockroach/shock_idle3.wav
L 01/05/2025 - 23:06:02: [testprecache.amxx] precaching file
L 01/05/2025 - 23:06:02: [testprecache.amxx] hlcoop/shockroach/shock_idle2.wav
L 01/05/2025 - 23:06:02: [testprecache.amxx] precaching file
L 01/05/2025 - 23:06:02: [testprecache.amxx] /hl2/cscanner/scanner_scan_loop2.wav
L 01/05/2025 - 23:06:02: [testprecache.amxx] precaching file
L 01/05/2025 - 23:06:02: [testprecache.amxx] /hl2/cscanner/scanner_photo1.wav
L 01/05/2025 - 23:06:02: [testprecache.amxx] precaching file
L 01/05/2025 - 23:06:02: [testprecache.amxx] /hl2/cscanner/scanner_blip1.wav
L 01/05/2025 - 23:06:02: [testprecache.amxx] precaching file
L 01/05/2025 - 23:06:02: [testprecache.amxx] /hl2/cscanner/scanner_blip1.wav
L 01/05/2025 - 23:06:02: [galileo.amxx] 
L 01/05/2025 - 23:06:02: [galileo.amxx] The server is jumping to the next map after the current map due more than 1 restarts on the map "d1_trainstation_02"
L 01/05/2025 - 23:06:02: [galileo.amxx] 
L 01/05/2025 - 23:06:04: -------- Mapchange to sc_test --------
L 01/05/2025 - 23:06:05: [testprecache.amxx] precaching file
L 01/05/2025 - 23:06:05: [testprecache.amxx] items/smallmedkit1.wav
L 01/05/2025 - 23:06:05: [testprecache.amxx] precaching file
L 01/05/2025 - 23:06:05: [testprecache.amxx] player/pl_wade1.wav
L 01/05/2025 - 23:06:05: [testprecache.amxx] precaching file
L 01/05/2025 - 23:06:05: [testprecache.amxx] player/pl_wade2.wav
L 01/05/2025 - 23:06:05: [testprecache.amxx] precaching file
L 01/05/2025 - 23:06:05: [testprecache.amxx] hlcoop/shockroach/shock_idle3.wav
L 01/05/2025 - 23:06:05: [testprecache.amxx] precaching file
L 01/05/2025 - 23:06:05: [testprecache.amxx] hlcoop/shockroach/shock_idle2.wav
L 01/05/2025 - 23:06:05: [testprecache.amxx] precaching file
L 01/05/2025 - 23:06:05: [testprecache.amxx] /hl2/cscanner/scanner_scan_loop2.wav
L 01/05/2025 - 23:06:05: [testprecache.amxx] precaching file
L 01/05/2025 - 23:06:05: [testprecache.amxx] /hl2/cscanner/scanner_photo1.wav
L 01/05/2025 - 23:06:05: [testprecache.amxx] precaching file
L 01/05/2025 - 23:06:05: [testprecache.amxx] /hl2/cscanner/scanner_blip1.wav
L 01/05/2025 - 23:06:05: [testprecache.amxx] precaching file
L 01/05/2025 - 23:06:05: [testprecache.amxx] /hl2/cscanner/scanner_blip1.wav
