L 12/13/2024 - 00:59:45: -------- Mapchange to coolrig --------
L 12/13/2024 - 00:59:45: [testprecache.amxx] precaching file
L 12/13/2024 - 00:59:45: [testprecache.amxx] items/smallmedkit1.wav
L 12/13/2024 - 00:59:45: [testprecache.amxx] precaching file
L 12/13/2024 - 00:59:45: [testprecache.amxx] player/pl_wade1.wav
L 12/13/2024 - 00:59:45: [testprecache.amxx] precaching file
L 12/13/2024 - 00:59:45: [testprecache.amxx] player/pl_wade2.wav
L 12/13/2024 - 00:59:45: [testprecache.amxx] precaching file
L 12/13/2024 - 00:59:45: [testprecache.amxx] hlcoop/shockroach/shock_idle3.wav
L 12/13/2024 - 00:59:45: [testprecache.amxx] precaching file
L 12/13/2024 - 00:59:45: [testprecache.amxx] hlcoop/shockroach/shock_idle2.wav
L 12/13/2024 - 00:59:45: [testprecache.amxx] precaching file
L 12/13/2024 - 00:59:45: [testprecache.amxx] /hl2/cscanner/scanner_scan_loop2.wav
L 12/13/2024 - 00:59:45: [testprecache.amxx] precaching file
L 12/13/2024 - 00:59:45: [testprecache.amxx] /hl2/cscanner/scanner_photo1.wav
L 12/13/2024 - 00:59:45: [testprecache.amxx] precaching file
L 12/13/2024 - 00:59:45: [testprecache.amxx] /hl2/cscanner/scanner_blip1.wav
L 12/13/2024 - 00:59:45: [testprecache.amxx] precaching file
L 12/13/2024 - 00:59:45: [testprecache.amxx] /hl2/cscanner/scanner_blip1.wav
L 12/13/2024 - 01:47:50: -------- Mapchange to sandbox --------
L 12/13/2024 - 01:47:50: [testprecache.amxx] precaching file
L 12/13/2024 - 01:47:50: [testprecache.amxx] items/smallmedkit1.wav
L 12/13/2024 - 01:47:50: [testprecache.amxx] precaching file
L 12/13/2024 - 01:47:50: [testprecache.amxx] player/pl_wade1.wav
L 12/13/2024 - 01:47:50: [testprecache.amxx] precaching file
L 12/13/2024 - 01:47:50: [testprecache.amxx] player/pl_wade2.wav
L 12/13/2024 - 01:47:50: [testprecache.amxx] precaching file
L 12/13/2024 - 01:47:50: [testprecache.amxx] hlcoop/shockroach/shock_idle3.wav
L 12/13/2024 - 01:47:50: [testprecache.amxx] precaching file
L 12/13/2024 - 01:47:50: [testprecache.amxx] hlcoop/shockroach/shock_idle2.wav
L 12/13/2024 - 01:47:50: [testprecache.amxx] precaching file
L 12/13/2024 - 01:47:50: [testprecache.amxx] /hl2/cscanner/scanner_scan_loop2.wav
L 12/13/2024 - 01:47:50: [testprecache.amxx] precaching file
L 12/13/2024 - 01:47:50: [testprecache.amxx] /hl2/cscanner/scanner_photo1.wav
L 12/13/2024 - 01:47:50: [testprecache.amxx] precaching file
L 12/13/2024 - 01:47:50: [testprecache.amxx] /hl2/cscanner/scanner_blip1.wav
L 12/13/2024 - 01:47:50: [testprecache.amxx] precaching file
L 12/13/2024 - 01:47:50: [testprecache.amxx] /hl2/cscanner/scanner_blip1.wav
L 12/13/2024 - 01:50:08: -------- Mapchange to sandbox --------
L 12/13/2024 - 01:50:08: [testprecache.amxx] precaching file
L 12/13/2024 - 01:50:08: [testprecache.amxx] items/smallmedkit1.wav
L 12/13/2024 - 01:50:08: [testprecache.amxx] precaching file
L 12/13/2024 - 01:50:08: [testprecache.amxx] player/pl_wade1.wav
L 12/13/2024 - 01:50:08: [testprecache.amxx] precaching file
L 12/13/2024 - 01:50:08: [testprecache.amxx] player/pl_wade2.wav
L 12/13/2024 - 01:50:08: [testprecache.amxx] precaching file
L 12/13/2024 - 01:50:08: [testprecache.amxx] hlcoop/shockroach/shock_idle3.wav
L 12/13/2024 - 01:50:08: [testprecache.amxx] precaching file
L 12/13/2024 - 01:50:08: [testprecache.amxx] hlcoop/shockroach/shock_idle2.wav
L 12/13/2024 - 01:50:08: [testprecache.amxx] precaching file
L 12/13/2024 - 01:50:08: [testprecache.amxx] /hl2/cscanner/scanner_scan_loop2.wav
L 12/13/2024 - 01:50:08: [testprecache.amxx] precaching file
L 12/13/2024 - 01:50:08: [testprecache.amxx] /hl2/cscanner/scanner_photo1.wav
L 12/13/2024 - 01:50:08: [testprecache.amxx] precaching file
L 12/13/2024 - 01:50:08: [testprecache.amxx] /hl2/cscanner/scanner_blip1.wav
L 12/13/2024 - 01:50:08: [testprecache.amxx] precaching file
L 12/13/2024 - 01:50:08: [testprecache.amxx] /hl2/cscanner/scanner_blip1.wav
L 12/13/2024 - 01:54:57: -------- Mapchange to sandbox --------
L 12/13/2024 - 01:54:57: [testprecache.amxx] precaching file
L 12/13/2024 - 01:54:57: [testprecache.amxx] items/smallmedkit1.wav
L 12/13/2024 - 01:54:57: [testprecache.amxx] precaching file
L 12/13/2024 - 01:54:57: [testprecache.amxx] player/pl_wade1.wav
L 12/13/2024 - 01:54:57: [testprecache.amxx] precaching file
L 12/13/2024 - 01:54:57: [testprecache.amxx] player/pl_wade2.wav
L 12/13/2024 - 01:54:57: [testprecache.amxx] precaching file
L 12/13/2024 - 01:54:57: [testprecache.amxx] hlcoop/shockroach/shock_idle3.wav
L 12/13/2024 - 01:54:57: [testprecache.amxx] precaching file
L 12/13/2024 - 01:54:57: [testprecache.amxx] hlcoop/shockroach/shock_idle2.wav
L 12/13/2024 - 01:54:57: [testprecache.amxx] precaching file
L 12/13/2024 - 01:54:57: [testprecache.amxx] /hl2/cscanner/scanner_scan_loop2.wav
L 12/13/2024 - 01:54:57: [testprecache.amxx] precaching file
L 12/13/2024 - 01:54:57: [testprecache.amxx] /hl2/cscanner/scanner_photo1.wav
L 12/13/2024 - 01:54:57: [testprecache.amxx] precaching file
L 12/13/2024 - 01:54:57: [testprecache.amxx] /hl2/cscanner/scanner_blip1.wav
L 12/13/2024 - 01:54:57: [testprecache.amxx] precaching file
L 12/13/2024 - 01:54:57: [testprecache.amxx] /hl2/cscanner/scanner_blip1.wav
L 12/13/2024 - 01:54:58: [galileo.amxx] 
L 12/13/2024 - 01:54:58: [galileo.amxx] The server is jumping to the next map after the current map due more than 1 restarts on the map "sandbox"
L 12/13/2024 - 01:54:58: [galileo.amxx] 
L 12/13/2024 - 01:55:00: -------- Mapchange to sc_test --------
L 12/13/2024 - 01:55:00: [testprecache.amxx] precaching file
L 12/13/2024 - 01:55:00: [testprecache.amxx] items/smallmedkit1.wav
L 12/13/2024 - 01:55:00: [testprecache.amxx] precaching file
L 12/13/2024 - 01:55:00: [testprecache.amxx] player/pl_wade1.wav
L 12/13/2024 - 01:55:00: [testprecache.amxx] precaching file
L 12/13/2024 - 01:55:00: [testprecache.amxx] player/pl_wade2.wav
L 12/13/2024 - 01:55:00: [testprecache.amxx] precaching file
L 12/13/2024 - 01:55:00: [testprecache.amxx] hlcoop/shockroach/shock_idle3.wav
L 12/13/2024 - 01:55:00: [testprecache.amxx] precaching file
L 12/13/2024 - 01:55:00: [testprecache.amxx] hlcoop/shockroach/shock_idle2.wav
L 12/13/2024 - 01:55:00: [testprecache.amxx] precaching file
L 12/13/2024 - 01:55:00: [testprecache.amxx] /hl2/cscanner/scanner_scan_loop2.wav
L 12/13/2024 - 01:55:00: [testprecache.amxx] precaching file
L 12/13/2024 - 01:55:00: [testprecache.amxx] /hl2/cscanner/scanner_photo1.wav
L 12/13/2024 - 01:55:00: [testprecache.amxx] precaching file
L 12/13/2024 - 01:55:00: [testprecache.amxx] /hl2/cscanner/scanner_blip1.wav
L 12/13/2024 - 01:55:00: [testprecache.amxx] precaching file
L 12/13/2024 - 01:55:00: [testprecache.amxx] /hl2/cscanner/scanner_blip1.wav
L 12/13/2024 - 10:56:25: -------- Mapchange to coolrig --------
L 12/13/2024 - 10:56:25: [testprecache.amxx] precaching file
L 12/13/2024 - 10:56:25: [testprecache.amxx] items/smallmedkit1.wav
L 12/13/2024 - 10:56:25: [testprecache.amxx] precaching file
L 12/13/2024 - 10:56:25: [testprecache.amxx] player/pl_wade1.wav
L 12/13/2024 - 10:56:25: [testprecache.amxx] precaching file
L 12/13/2024 - 10:56:25: [testprecache.amxx] player/pl_wade2.wav
L 12/13/2024 - 10:56:25: [testprecache.amxx] precaching file
L 12/13/2024 - 10:56:25: [testprecache.amxx] hlcoop/shockroach/shock_idle3.wav
L 12/13/2024 - 10:56:25: [testprecache.amxx] precaching file
L 12/13/2024 - 10:56:25: [testprecache.amxx] hlcoop/shockroach/shock_idle2.wav
L 12/13/2024 - 10:56:25: [testprecache.amxx] precaching file
L 12/13/2024 - 10:56:25: [testprecache.amxx] /hl2/cscanner/scanner_scan_loop2.wav
L 12/13/2024 - 10:56:25: [testprecache.amxx] precaching file
L 12/13/2024 - 10:56:25: [testprecache.amxx] /hl2/cscanner/scanner_photo1.wav
L 12/13/2024 - 10:56:25: [testprecache.amxx] precaching file
L 12/13/2024 - 10:56:25: [testprecache.amxx] /hl2/cscanner/scanner_blip1.wav
L 12/13/2024 - 10:56:25: [testprecache.amxx] precaching file
L 12/13/2024 - 10:56:25: [testprecache.amxx] /hl2/cscanner/scanner_blip1.wav
L 12/13/2024 - 11:08:47: -------- Mapchange to d1_town_01 --------
L 12/13/2024 - 11:08:47: [testprecache.amxx] precaching file
L 12/13/2024 - 11:08:47: [testprecache.amxx] items/smallmedkit1.wav
L 12/13/2024 - 11:08:47: [testprecache.amxx] precaching file
L 12/13/2024 - 11:08:47: [testprecache.amxx] player/pl_wade1.wav
L 12/13/2024 - 11:08:47: [testprecache.amxx] precaching file
L 12/13/2024 - 11:08:47: [testprecache.amxx] player/pl_wade2.wav
L 12/13/2024 - 11:08:47: [testprecache.amxx] precaching file
L 12/13/2024 - 11:08:47: [testprecache.amxx] hlcoop/shockroach/shock_idle3.wav
L 12/13/2024 - 11:08:47: [testprecache.amxx] precaching file
L 12/13/2024 - 11:08:47: [testprecache.amxx] hlcoop/shockroach/shock_idle2.wav
L 12/13/2024 - 11:08:47: [testprecache.amxx] precaching file
L 12/13/2024 - 11:08:47: [testprecache.amxx] /hl2/cscanner/scanner_scan_loop2.wav
L 12/13/2024 - 11:08:47: [testprecache.amxx] precaching file
L 12/13/2024 - 11:08:47: [testprecache.amxx] /hl2/cscanner/scanner_photo1.wav
L 12/13/2024 - 11:08:47: [testprecache.amxx] precaching file
L 12/13/2024 - 11:08:47: [testprecache.amxx] /hl2/cscanner/scanner_blip1.wav
L 12/13/2024 - 11:08:47: [testprecache.amxx] precaching file
L 12/13/2024 - 11:08:47: [testprecache.amxx] /hl2/cscanner/scanner_blip1.wav
L 12/13/2024 - 12:02:02: -------- Mapchange to d1_town_01 --------
L 12/13/2024 - 12:02:02: [testprecache.amxx] precaching file
L 12/13/2024 - 12:02:02: [testprecache.amxx] items/smallmedkit1.wav
L 12/13/2024 - 12:02:02: [testprecache.amxx] precaching file
L 12/13/2024 - 12:02:02: [testprecache.amxx] player/pl_wade1.wav
L 12/13/2024 - 12:02:02: [testprecache.amxx] precaching file
L 12/13/2024 - 12:02:02: [testprecache.amxx] player/pl_wade2.wav
L 12/13/2024 - 12:02:02: [testprecache.amxx] precaching file
L 12/13/2024 - 12:02:02: [testprecache.amxx] hlcoop/shockroach/shock_idle3.wav
L 12/13/2024 - 12:02:02: [testprecache.amxx] precaching file
L 12/13/2024 - 12:02:02: [testprecache.amxx] hlcoop/shockroach/shock_idle2.wav
L 12/13/2024 - 12:02:02: [testprecache.amxx] precaching file
L 12/13/2024 - 12:02:02: [testprecache.amxx] /hl2/cscanner/scanner_scan_loop2.wav
L 12/13/2024 - 12:02:02: [testprecache.amxx] precaching file
L 12/13/2024 - 12:02:02: [testprecache.amxx] /hl2/cscanner/scanner_photo1.wav
L 12/13/2024 - 12:02:02: [testprecache.amxx] precaching file
L 12/13/2024 - 12:02:02: [testprecache.amxx] /hl2/cscanner/scanner_blip1.wav
L 12/13/2024 - 12:02:02: [testprecache.amxx] precaching file
L 12/13/2024 - 12:02:02: [testprecache.amxx] /hl2/cscanner/scanner_blip1.wav
L 12/13/2024 - 13:19:19: -------- Mapchange to sandbox --------
L 12/13/2024 - 13:19:19: [testprecache.amxx] precaching file
L 12/13/2024 - 13:19:19: [testprecache.amxx] items/smallmedkit1.wav
L 12/13/2024 - 13:19:19: [testprecache.amxx] precaching file
L 12/13/2024 - 13:19:19: [testprecache.amxx] player/pl_wade1.wav
L 12/13/2024 - 13:19:19: [testprecache.amxx] precaching file
L 12/13/2024 - 13:19:19: [testprecache.amxx] player/pl_wade2.wav
L 12/13/2024 - 13:19:19: [testprecache.amxx] precaching file
L 12/13/2024 - 13:19:19: [testprecache.amxx] hlcoop/shockroach/shock_idle3.wav
L 12/13/2024 - 13:19:19: [testprecache.amxx] precaching file
L 12/13/2024 - 13:19:19: [testprecache.amxx] hlcoop/shockroach/shock_idle2.wav
L 12/13/2024 - 13:19:19: [testprecache.amxx] precaching file
L 12/13/2024 - 13:19:19: [testprecache.amxx] /hl2/cscanner/scanner_scan_loop2.wav
L 12/13/2024 - 13:19:19: [testprecache.amxx] precaching file
L 12/13/2024 - 13:19:19: [testprecache.amxx] /hl2/cscanner/scanner_photo1.wav
L 12/13/2024 - 13:19:19: [testprecache.amxx] precaching file
L 12/13/2024 - 13:19:19: [testprecache.amxx] /hl2/cscanner/scanner_blip1.wav
L 12/13/2024 - 13:19:19: [testprecache.amxx] precaching file
L 12/13/2024 - 13:19:19: [testprecache.amxx] /hl2/cscanner/scanner_blip1.wav
L 12/13/2024 - 13:19:22: -------- Mapchange to d1_town_01 --------
L 12/13/2024 - 13:19:22: [testprecache.amxx] precaching file
L 12/13/2024 - 13:19:22: [testprecache.amxx] items/smallmedkit1.wav
L 12/13/2024 - 13:19:22: [testprecache.amxx] precaching file
L 12/13/2024 - 13:19:22: [testprecache.amxx] player/pl_wade1.wav
L 12/13/2024 - 13:19:22: [testprecache.amxx] precaching file
L 12/13/2024 - 13:19:22: [testprecache.amxx] player/pl_wade2.wav
L 12/13/2024 - 13:19:22: [testprecache.amxx] precaching file
L 12/13/2024 - 13:19:22: [testprecache.amxx] hlcoop/shockroach/shock_idle3.wav
L 12/13/2024 - 13:19:22: [testprecache.amxx] precaching file
L 12/13/2024 - 13:19:22: [testprecache.amxx] hlcoop/shockroach/shock_idle2.wav
L 12/13/2024 - 13:19:22: [testprecache.amxx] precaching file
L 12/13/2024 - 13:19:22: [testprecache.amxx] /hl2/cscanner/scanner_scan_loop2.wav
L 12/13/2024 - 13:19:22: [testprecache.amxx] precaching file
L 12/13/2024 - 13:19:22: [testprecache.amxx] /hl2/cscanner/scanner_photo1.wav
L 12/13/2024 - 13:19:22: [testprecache.amxx] precaching file
L 12/13/2024 - 13:19:22: [testprecache.amxx] /hl2/cscanner/scanner_blip1.wav
L 12/13/2024 - 13:19:22: [testprecache.amxx] precaching file
L 12/13/2024 - 13:19:22: [testprecache.amxx] /hl2/cscanner/scanner_blip1.wav
L 12/13/2024 - 22:25:38: -------- Mapchange to sandbox --------
L 12/13/2024 - 22:25:38: [testprecache.amxx] precaching file
L 12/13/2024 - 22:25:38: [testprecache.amxx] items/smallmedkit1.wav
L 12/13/2024 - 22:25:38: [testprecache.amxx] precaching file
L 12/13/2024 - 22:25:38: [testprecache.amxx] player/pl_wade1.wav
L 12/13/2024 - 22:25:38: [testprecache.amxx] precaching file
L 12/13/2024 - 22:25:38: [testprecache.amxx] player/pl_wade2.wav
L 12/13/2024 - 22:25:38: [testprecache.amxx] precaching file
L 12/13/2024 - 22:25:38: [testprecache.amxx] hlcoop/shockroach/shock_idle3.wav
L 12/13/2024 - 22:25:38: [testprecache.amxx] precaching file
L 12/13/2024 - 22:25:38: [testprecache.amxx] hlcoop/shockroach/shock_idle2.wav
L 12/13/2024 - 22:25:38: [testprecache.amxx] precaching file
L 12/13/2024 - 22:25:38: [testprecache.amxx] /hl2/cscanner/scanner_scan_loop2.wav
L 12/13/2024 - 22:25:38: [testprecache.amxx] precaching file
L 12/13/2024 - 22:25:38: [testprecache.amxx] /hl2/cscanner/scanner_photo1.wav
L 12/13/2024 - 22:25:38: [testprecache.amxx] precaching file
L 12/13/2024 - 22:25:38: [testprecache.amxx] /hl2/cscanner/scanner_blip1.wav
L 12/13/2024 - 22:25:38: [testprecache.amxx] precaching file
L 12/13/2024 - 22:25:38: [testprecache.amxx] /hl2/cscanner/scanner_blip1.wav
L 12/13/2024 - 22:25:41: -------- Mapchange to d1_town_01 --------
L 12/13/2024 - 22:25:41: [testprecache.amxx] precaching file
L 12/13/2024 - 22:25:41: [testprecache.amxx] items/smallmedkit1.wav
L 12/13/2024 - 22:25:41: [testprecache.amxx] precaching file
L 12/13/2024 - 22:25:41: [testprecache.amxx] player/pl_wade1.wav
L 12/13/2024 - 22:25:41: [testprecache.amxx] precaching file
L 12/13/2024 - 22:25:41: [testprecache.amxx] player/pl_wade2.wav
L 12/13/2024 - 22:25:41: [testprecache.amxx] precaching file
L 12/13/2024 - 22:25:41: [testprecache.amxx] hlcoop/shockroach/shock_idle3.wav
L 12/13/2024 - 22:25:41: [testprecache.amxx] precaching file
L 12/13/2024 - 22:25:41: [testprecache.amxx] hlcoop/shockroach/shock_idle2.wav
L 12/13/2024 - 22:25:41: [testprecache.amxx] precaching file
L 12/13/2024 - 22:25:41: [testprecache.amxx] /hl2/cscanner/scanner_scan_loop2.wav
L 12/13/2024 - 22:25:41: [testprecache.amxx] precaching file
L 12/13/2024 - 22:25:41: [testprecache.amxx] /hl2/cscanner/scanner_photo1.wav
L 12/13/2024 - 22:25:41: [testprecache.amxx] precaching file
L 12/13/2024 - 22:25:41: [testprecache.amxx] /hl2/cscanner/scanner_blip1.wav
L 12/13/2024 - 22:25:41: [testprecache.amxx] precaching file
L 12/13/2024 - 22:25:41: [testprecache.amxx] /hl2/cscanner/scanner_blip1.wav
L 12/13/2024 - 22:33:46: -------- Mapchange to sc_test --------
L 12/13/2024 - 22:33:46: [testprecache.amxx] precaching file
L 12/13/2024 - 22:33:46: [testprecache.amxx] items/smallmedkit1.wav
L 12/13/2024 - 22:33:46: [testprecache.amxx] precaching file
L 12/13/2024 - 22:33:46: [testprecache.amxx] player/pl_wade1.wav
L 12/13/2024 - 22:33:46: [testprecache.amxx] precaching file
L 12/13/2024 - 22:33:46: [testprecache.amxx] player/pl_wade2.wav
L 12/13/2024 - 22:33:46: [testprecache.amxx] precaching file
L 12/13/2024 - 22:33:46: [testprecache.amxx] hlcoop/shockroach/shock_idle3.wav
L 12/13/2024 - 22:33:46: [testprecache.amxx] precaching file
L 12/13/2024 - 22:33:46: [testprecache.amxx] hlcoop/shockroach/shock_idle2.wav
L 12/13/2024 - 22:33:46: [testprecache.amxx] precaching file
L 12/13/2024 - 22:33:46: [testprecache.amxx] /hl2/cscanner/scanner_scan_loop2.wav
L 12/13/2024 - 22:33:46: [testprecache.amxx] precaching file
L 12/13/2024 - 22:33:46: [testprecache.amxx] /hl2/cscanner/scanner_photo1.wav
L 12/13/2024 - 22:33:46: [testprecache.amxx] precaching file
L 12/13/2024 - 22:33:46: [testprecache.amxx] /hl2/cscanner/scanner_blip1.wav
L 12/13/2024 - 22:33:46: [testprecache.amxx] precaching file
L 12/13/2024 - 22:33:46: [testprecache.amxx] /hl2/cscanner/scanner_blip1.wav
L 12/13/2024 - 22:42:06: -------- Mapchange to c1a0 --------
L 12/13/2024 - 22:42:06: [testprecache.amxx] precaching file
L 12/13/2024 - 22:42:06: [testprecache.amxx] items/smallmedkit1.wav
L 12/13/2024 - 22:42:06: [testprecache.amxx] precaching file
L 12/13/2024 - 22:42:06: [testprecache.amxx] player/pl_wade1.wav
L 12/13/2024 - 22:42:06: [testprecache.amxx] precaching file
L 12/13/2024 - 22:42:06: [testprecache.amxx] player/pl_wade2.wav
L 12/13/2024 - 22:42:06: [testprecache.amxx] precaching file
L 12/13/2024 - 22:42:06: [testprecache.amxx] hlcoop/shockroach/shock_idle3.wav
L 12/13/2024 - 22:42:06: [testprecache.amxx] precaching file
L 12/13/2024 - 22:42:06: [testprecache.amxx] hlcoop/shockroach/shock_idle2.wav
L 12/13/2024 - 22:42:06: [testprecache.amxx] precaching file
L 12/13/2024 - 22:42:06: [testprecache.amxx] /hl2/cscanner/scanner_scan_loop2.wav
L 12/13/2024 - 22:42:06: [testprecache.amxx] precaching file
L 12/13/2024 - 22:42:06: [testprecache.amxx] /hl2/cscanner/scanner_photo1.wav
L 12/13/2024 - 22:42:06: [testprecache.amxx] precaching file
L 12/13/2024 - 22:42:06: [testprecache.amxx] /hl2/cscanner/scanner_blip1.wav
L 12/13/2024 - 22:42:06: [testprecache.amxx] precaching file
L 12/13/2024 - 22:42:06: [testprecache.amxx] /hl2/cscanner/scanner_blip1.wav
L 12/13/2024 - 22:43:20: -------- Mapchange to c1a0d --------
L 12/13/2024 - 22:43:20: [testprecache.amxx] precaching file
L 12/13/2024 - 22:43:20: [testprecache.amxx] items/smallmedkit1.wav
L 12/13/2024 - 22:43:20: [testprecache.amxx] precaching file
L 12/13/2024 - 22:43:20: [testprecache.amxx] player/pl_wade1.wav
L 12/13/2024 - 22:43:20: [testprecache.amxx] precaching file
L 12/13/2024 - 22:43:20: [testprecache.amxx] player/pl_wade2.wav
L 12/13/2024 - 22:43:20: [testprecache.amxx] precaching file
L 12/13/2024 - 22:43:20: [testprecache.amxx] hlcoop/shockroach/shock_idle3.wav
L 12/13/2024 - 22:43:20: [testprecache.amxx] precaching file
L 12/13/2024 - 22:43:20: [testprecache.amxx] hlcoop/shockroach/shock_idle2.wav
L 12/13/2024 - 22:43:20: [testprecache.amxx] precaching file
L 12/13/2024 - 22:43:20: [testprecache.amxx] /hl2/cscanner/scanner_scan_loop2.wav
L 12/13/2024 - 22:43:20: [testprecache.amxx] precaching file
L 12/13/2024 - 22:43:20: [testprecache.amxx] /hl2/cscanner/scanner_photo1.wav
L 12/13/2024 - 22:43:20: [testprecache.amxx] precaching file
L 12/13/2024 - 22:43:20: [testprecache.amxx] /hl2/cscanner/scanner_blip1.wav
L 12/13/2024 - 22:43:20: [testprecache.amxx] precaching file
L 12/13/2024 - 22:43:20: [testprecache.amxx] /hl2/cscanner/scanner_blip1.wav
L 12/13/2024 - 22:43:34: -------- Mapchange to e1m1 --------
L 12/13/2024 - 22:43:34: [testprecache.amxx] precaching file
L 12/13/2024 - 22:43:34: [testprecache.amxx] items/smallmedkit1.wav
L 12/13/2024 - 22:43:34: [testprecache.amxx] precaching file
L 12/13/2024 - 22:43:34: [testprecache.amxx] player/pl_wade1.wav
L 12/13/2024 - 22:43:34: [testprecache.amxx] precaching file
L 12/13/2024 - 22:43:34: [testprecache.amxx] player/pl_wade2.wav
L 12/13/2024 - 22:43:34: [testprecache.amxx] precaching file
L 12/13/2024 - 22:43:34: [testprecache.amxx] hlcoop/shockroach/shock_idle3.wav
L 12/13/2024 - 22:43:34: [testprecache.amxx] precaching file
L 12/13/2024 - 22:43:34: [testprecache.amxx] hlcoop/shockroach/shock_idle2.wav
L 12/13/2024 - 22:43:34: [testprecache.amxx] precaching file
L 12/13/2024 - 22:43:34: [testprecache.amxx] /hl2/cscanner/scanner_scan_loop2.wav
L 12/13/2024 - 22:43:34: [testprecache.amxx] precaching file
L 12/13/2024 - 22:43:34: [testprecache.amxx] /hl2/cscanner/scanner_photo1.wav
L 12/13/2024 - 22:43:34: [testprecache.amxx] precaching file
L 12/13/2024 - 22:43:34: [testprecache.amxx] /hl2/cscanner/scanner_blip1.wav
L 12/13/2024 - 22:43:34: [testprecache.amxx] precaching file
L 12/13/2024 - 22:43:34: [testprecache.amxx] /hl2/cscanner/scanner_blip1.wav
L 12/13/2024 - 22:45:50: -------- Mapchange to d1_town_01 --------
L 12/13/2024 - 22:45:50: [testprecache.amxx] precaching file
L 12/13/2024 - 22:45:50: [testprecache.amxx] items/smallmedkit1.wav
L 12/13/2024 - 22:45:50: [testprecache.amxx] precaching file
L 12/13/2024 - 22:45:50: [testprecache.amxx] player/pl_wade1.wav
L 12/13/2024 - 22:45:50: [testprecache.amxx] precaching file
L 12/13/2024 - 22:45:50: [testprecache.amxx] player/pl_wade2.wav
L 12/13/2024 - 22:45:50: [testprecache.amxx] precaching file
L 12/13/2024 - 22:45:50: [testprecache.amxx] hlcoop/shockroach/shock_idle3.wav
L 12/13/2024 - 22:45:50: [testprecache.amxx] precaching file
L 12/13/2024 - 22:45:50: [testprecache.amxx] hlcoop/shockroach/shock_idle2.wav
L 12/13/2024 - 22:45:50: [testprecache.amxx] precaching file
L 12/13/2024 - 22:45:50: [testprecache.amxx] /hl2/cscanner/scanner_scan_loop2.wav
L 12/13/2024 - 22:45:50: [testprecache.amxx] precaching file
L 12/13/2024 - 22:45:50: [testprecache.amxx] /hl2/cscanner/scanner_photo1.wav
L 12/13/2024 - 22:45:50: [testprecache.amxx] precaching file
L 12/13/2024 - 22:45:50: [testprecache.amxx] /hl2/cscanner/scanner_blip1.wav
L 12/13/2024 - 22:45:50: [testprecache.amxx] precaching file
L 12/13/2024 - 22:45:50: [testprecache.amxx] /hl2/cscanner/scanner_blip1.wav
L 12/13/2024 - 22:56:30: -------- Mapchange to d1_town_01 --------
L 12/13/2024 - 22:56:30: [testprecache.amxx] precaching file
L 12/13/2024 - 22:56:30: [testprecache.amxx] items/smallmedkit1.wav
L 12/13/2024 - 22:56:30: [testprecache.amxx] precaching file
L 12/13/2024 - 22:56:30: [testprecache.amxx] player/pl_wade1.wav
L 12/13/2024 - 22:56:30: [testprecache.amxx] precaching file
L 12/13/2024 - 22:56:30: [testprecache.amxx] player/pl_wade2.wav
L 12/13/2024 - 22:56:30: [testprecache.amxx] precaching file
L 12/13/2024 - 22:56:30: [testprecache.amxx] hlcoop/shockroach/shock_idle3.wav
L 12/13/2024 - 22:56:30: [testprecache.amxx] precaching file
L 12/13/2024 - 22:56:30: [testprecache.amxx] hlcoop/shockroach/shock_idle2.wav
L 12/13/2024 - 22:56:30: [testprecache.amxx] precaching file
L 12/13/2024 - 22:56:30: [testprecache.amxx] /hl2/cscanner/scanner_scan_loop2.wav
L 12/13/2024 - 22:56:30: [testprecache.amxx] precaching file
L 12/13/2024 - 22:56:30: [testprecache.amxx] /hl2/cscanner/scanner_photo1.wav
L 12/13/2024 - 22:56:30: [testprecache.amxx] precaching file
L 12/13/2024 - 22:56:30: [testprecache.amxx] /hl2/cscanner/scanner_blip1.wav
L 12/13/2024 - 22:56:30: [testprecache.amxx] precaching file
L 12/13/2024 - 22:56:30: [testprecache.amxx] /hl2/cscanner/scanner_blip1.wav
