L 12/20/2024 - 11:32:10: -------- Mapchange to sandbox --------
L 12/20/2024 - 11:32:10: [testprecache.amxx] precaching file
L 12/20/2024 - 11:32:10: [testprecache.amxx] items/smallmedkit1.wav
L 12/20/2024 - 11:32:10: [testprecache.amxx] precaching file
L 12/20/2024 - 11:32:10: [testprecache.amxx] player/pl_wade1.wav
L 12/20/2024 - 11:32:10: [testprecache.amxx] precaching file
L 12/20/2024 - 11:32:10: [testprecache.amxx] player/pl_wade2.wav
L 12/20/2024 - 11:32:10: [testprecache.amxx] precaching file
L 12/20/2024 - 11:32:10: [testprecache.amxx] hlcoop/shockroach/shock_idle3.wav
L 12/20/2024 - 11:32:10: [testprecache.amxx] precaching file
L 12/20/2024 - 11:32:10: [testprecache.amxx] hlcoop/shockroach/shock_idle2.wav
L 12/20/2024 - 11:32:10: [testprecache.amxx] precaching file
L 12/20/2024 - 11:32:10: [testprecache.amxx] /hl2/cscanner/scanner_scan_loop2.wav
L 12/20/2024 - 11:32:10: [testprecache.amxx] precaching file
L 12/20/2024 - 11:32:10: [testprecache.amxx] /hl2/cscanner/scanner_photo1.wav
L 12/20/2024 - 11:32:10: [testprecache.amxx] precaching file
L 12/20/2024 - 11:32:10: [testprecache.amxx] /hl2/cscanner/scanner_blip1.wav
L 12/20/2024 - 11:32:10: [testprecache.amxx] precaching file
L 12/20/2024 - 11:32:10: [testprecache.amxx] /hl2/cscanner/scanner_blip1.wav
L 12/20/2024 - 11:32:10: [galileo.amxx] 
L 12/20/2024 - 11:32:10: [galileo.amxx] The server is jumping to the next map after the current map due more than 1 restarts on the map "sc_test"
L 12/20/2024 - 11:32:10: [galileo.amxx] 
L 12/20/2024 - 11:32:12: -------- Mapchange to d1_trainstation_02 --------
L 12/20/2024 - 11:32:13: [testprecache.amxx] precaching file
L 12/20/2024 - 11:32:13: [testprecache.amxx] items/smallmedkit1.wav
L 12/20/2024 - 11:32:13: [testprecache.amxx] precaching file
L 12/20/2024 - 11:32:13: [testprecache.amxx] player/pl_wade1.wav
L 12/20/2024 - 11:32:13: [testprecache.amxx] precaching file
L 12/20/2024 - 11:32:13: [testprecache.amxx] player/pl_wade2.wav
L 12/20/2024 - 11:32:13: [testprecache.amxx] precaching file
L 12/20/2024 - 11:32:13: [testprecache.amxx] hlcoop/shockroach/shock_idle3.wav
L 12/20/2024 - 11:32:13: [testprecache.amxx] precaching file
L 12/20/2024 - 11:32:13: [testprecache.amxx] hlcoop/shockroach/shock_idle2.wav
L 12/20/2024 - 11:32:13: [testprecache.amxx] precaching file
L 12/20/2024 - 11:32:13: [testprecache.amxx] /hl2/cscanner/scanner_scan_loop2.wav
L 12/20/2024 - 11:32:13: [testprecache.amxx] precaching file
L 12/20/2024 - 11:32:13: [testprecache.amxx] /hl2/cscanner/scanner_photo1.wav
L 12/20/2024 - 11:32:13: [testprecache.amxx] precaching file
L 12/20/2024 - 11:32:13: [testprecache.amxx] /hl2/cscanner/scanner_blip1.wav
L 12/20/2024 - 11:32:13: [testprecache.amxx] precaching file
L 12/20/2024 - 11:32:13: [testprecache.amxx] /hl2/cscanner/scanner_blip1.wav
