L 01/27/2025 - 01:09:04: -------- Mapchange to sandbox --------
L 01/27/2025 - 01:09:04: [testprecache.amxx] precaching file
L 01/27/2025 - 01:09:04: [testprecache.amxx] items/smallmedkit1.wav
L 01/27/2025 - 01:09:04: [testprecache.amxx] precaching file
L 01/27/2025 - 01:09:04: [testprecache.amxx] player/pl_wade1.wav
L 01/27/2025 - 01:09:04: [testprecache.amxx] precaching file
L 01/27/2025 - 01:09:04: [testprecache.amxx] player/pl_wade2.wav
L 01/27/2025 - 01:09:04: [testprecache.amxx] precaching file
L 01/27/2025 - 01:09:04: [testprecache.amxx] hlcoop/shockroach/shock_idle3.wav
L 01/27/2025 - 01:09:04: [testprecache.amxx] precaching file
L 01/27/2025 - 01:09:04: [testprecache.amxx] hlcoop/shockroach/shock_idle2.wav
L 01/27/2025 - 01:09:04: [testprecache.amxx] precaching file
L 01/27/2025 - 01:09:04: [testprecache.amxx] /hl2/cscanner/scanner_scan_loop2.wav
L 01/27/2025 - 01:09:04: [testprecache.amxx] precaching file
L 01/27/2025 - 01:09:04: [testprecache.amxx] /hl2/cscanner/scanner_photo1.wav
L 01/27/2025 - 01:09:04: [testprecache.amxx] precaching file
L 01/27/2025 - 01:09:04: [testprecache.amxx] /hl2/cscanner/scanner_blip1.wav
L 01/27/2025 - 01:09:04: [testprecache.amxx] precaching file
L 01/27/2025 - 01:09:04: [testprecache.amxx] /hl2/cscanner/scanner_blip1.wav
L 01/27/2025 - 01:09:05: [galileo.amxx] 
L 01/27/2025 - 01:09:05: [galileo.amxx] The server is jumping to the next map after the current map due more than 1 restarts on the map "stalkyard"
L 01/27/2025 - 01:09:05: [galileo.amxx] 
L 01/27/2025 - 01:09:07: -------- Mapchange to e1m1 --------
L 01/27/2025 - 01:09:07: [testprecache.amxx] precaching file
L 01/27/2025 - 01:09:07: [testprecache.amxx] items/smallmedkit1.wav
L 01/27/2025 - 01:09:07: [testprecache.amxx] precaching file
L 01/27/2025 - 01:09:07: [testprecache.amxx] player/pl_wade1.wav
L 01/27/2025 - 01:09:07: [testprecache.amxx] precaching file
L 01/27/2025 - 01:09:07: [testprecache.amxx] player/pl_wade2.wav
L 01/27/2025 - 01:09:07: [testprecache.amxx] precaching file
L 01/27/2025 - 01:09:07: [testprecache.amxx] hlcoop/shockroach/shock_idle3.wav
L 01/27/2025 - 01:09:07: [testprecache.amxx] precaching file
L 01/27/2025 - 01:09:07: [testprecache.amxx] hlcoop/shockroach/shock_idle2.wav
L 01/27/2025 - 01:09:07: [testprecache.amxx] precaching file
L 01/27/2025 - 01:09:07: [testprecache.amxx] /hl2/cscanner/scanner_scan_loop2.wav
L 01/27/2025 - 01:09:07: [testprecache.amxx] precaching file
L 01/27/2025 - 01:09:07: [testprecache.amxx] /hl2/cscanner/scanner_photo1.wav
L 01/27/2025 - 01:09:07: [testprecache.amxx] precaching file
L 01/27/2025 - 01:09:07: [testprecache.amxx] /hl2/cscanner/scanner_blip1.wav
L 01/27/2025 - 01:09:07: [testprecache.amxx] precaching file
L 01/27/2025 - 01:09:07: [testprecache.amxx] /hl2/cscanner/scanner_blip1.wav
