L 01/14/2025 - 12:57:00: -------- Mapchange to sandbox --------
L 01/14/2025 - 12:57:00: [testprecache.amxx] precaching file
L 01/14/2025 - 12:57:00: [testprecache.amxx] items/smallmedkit1.wav
L 01/14/2025 - 12:57:00: [testprecache.amxx] precaching file
L 01/14/2025 - 12:57:00: [testprecache.amxx] player/pl_wade1.wav
L 01/14/2025 - 12:57:00: [testprecache.amxx] precaching file
L 01/14/2025 - 12:57:00: [testprecache.amxx] player/pl_wade2.wav
L 01/14/2025 - 12:57:00: [testprecache.amxx] precaching file
L 01/14/2025 - 12:57:00: [testprecache.amxx] hlcoop/shockroach/shock_idle3.wav
L 01/14/2025 - 12:57:00: [testprecache.amxx] precaching file
L 01/14/2025 - 12:57:00: [testprecache.amxx] hlcoop/shockroach/shock_idle2.wav
L 01/14/2025 - 12:57:00: [testprecache.amxx] precaching file
L 01/14/2025 - 12:57:00: [testprecache.amxx] /hl2/cscanner/scanner_scan_loop2.wav
L 01/14/2025 - 12:57:00: [testprecache.amxx] precaching file
L 01/14/2025 - 12:57:00: [testprecache.amxx] /hl2/cscanner/scanner_photo1.wav
L 01/14/2025 - 12:57:00: [testprecache.amxx] precaching file
L 01/14/2025 - 12:57:00: [testprecache.amxx] /hl2/cscanner/scanner_blip1.wav
L 01/14/2025 - 12:57:00: [testprecache.amxx] precaching file
L 01/14/2025 - 12:57:00: [testprecache.amxx] /hl2/cscanner/scanner_blip1.wav
L 01/14/2025 - 12:57:01: [galileo.amxx] 
L 01/14/2025 - 12:57:01: [galileo.amxx] The server is jumping to the next map after the current map due more than 1 restarts on the map "d1_trainstation_02"
L 01/14/2025 - 12:57:01: [galileo.amxx] 
L 01/14/2025 - 12:57:03: -------- Mapchange to d1_town_01 --------
L 01/14/2025 - 12:57:03: [testprecache.amxx] precaching file
L 01/14/2025 - 12:57:03: [testprecache.amxx] items/smallmedkit1.wav
L 01/14/2025 - 12:57:03: [testprecache.amxx] precaching file
L 01/14/2025 - 12:57:03: [testprecache.amxx] player/pl_wade1.wav
L 01/14/2025 - 12:57:03: [testprecache.amxx] precaching file
L 01/14/2025 - 12:57:03: [testprecache.amxx] player/pl_wade2.wav
L 01/14/2025 - 12:57:03: [testprecache.amxx] precaching file
L 01/14/2025 - 12:57:03: [testprecache.amxx] hlcoop/shockroach/shock_idle3.wav
L 01/14/2025 - 12:57:03: [testprecache.amxx] precaching file
L 01/14/2025 - 12:57:03: [testprecache.amxx] hlcoop/shockroach/shock_idle2.wav
L 01/14/2025 - 12:57:03: [testprecache.amxx] precaching file
L 01/14/2025 - 12:57:03: [testprecache.amxx] /hl2/cscanner/scanner_scan_loop2.wav
L 01/14/2025 - 12:57:03: [testprecache.amxx] precaching file
L 01/14/2025 - 12:57:03: [testprecache.amxx] /hl2/cscanner/scanner_photo1.wav
L 01/14/2025 - 12:57:03: [testprecache.amxx] precaching file
L 01/14/2025 - 12:57:03: [testprecache.amxx] /hl2/cscanner/scanner_blip1.wav
L 01/14/2025 - 12:57:03: [testprecache.amxx] precaching file
L 01/14/2025 - 12:57:03: [testprecache.amxx] /hl2/cscanner/scanner_blip1.wav
