L 01/08/2025 - 09:49:04: -------- Mapchange to d1_trainstation_02 --------
L 01/08/2025 - 09:49:04: [testprecache.amxx] precaching file
L 01/08/2025 - 09:49:04: [testprecache.amxx] items/smallmedkit1.wav
L 01/08/2025 - 09:49:04: [testprecache.amxx] precaching file
L 01/08/2025 - 09:49:04: [testprecache.amxx] player/pl_wade1.wav
L 01/08/2025 - 09:49:04: [testprecache.amxx] precaching file
L 01/08/2025 - 09:49:04: [testprecache.amxx] player/pl_wade2.wav
L 01/08/2025 - 09:49:04: [testprecache.amxx] precaching file
L 01/08/2025 - 09:49:04: [testprecache.amxx] hlcoop/shockroach/shock_idle3.wav
L 01/08/2025 - 09:49:04: [testprecache.amxx] precaching file
L 01/08/2025 - 09:49:04: [testprecache.amxx] hlcoop/shockroach/shock_idle2.wav
L 01/08/2025 - 09:49:04: [testprecache.amxx] precaching file
L 01/08/2025 - 09:49:04: [testprecache.amxx] /hl2/cscanner/scanner_scan_loop2.wav
L 01/08/2025 - 09:49:04: [testprecache.amxx] precaching file
L 01/08/2025 - 09:49:04: [testprecache.amxx] /hl2/cscanner/scanner_photo1.wav
L 01/08/2025 - 09:49:04: [testprecache.amxx] precaching file
L 01/08/2025 - 09:49:04: [testprecache.amxx] /hl2/cscanner/scanner_blip1.wav
L 01/08/2025 - 09:49:04: [testprecache.amxx] precaching file
L 01/08/2025 - 09:49:04: [testprecache.amxx] /hl2/cscanner/scanner_blip1.wav
L 01/08/2025 - 11:51:55: -------- Mapchange to sandbox --------
L 01/08/2025 - 11:51:55: [testprecache.amxx] precaching file
L 01/08/2025 - 11:51:55: [testprecache.amxx] items/smallmedkit1.wav
L 01/08/2025 - 11:51:55: [testprecache.amxx] precaching file
L 01/08/2025 - 11:51:55: [testprecache.amxx] player/pl_wade1.wav
L 01/08/2025 - 11:51:55: [testprecache.amxx] precaching file
L 01/08/2025 - 11:51:55: [testprecache.amxx] player/pl_wade2.wav
L 01/08/2025 - 11:51:55: [testprecache.amxx] precaching file
L 01/08/2025 - 11:51:55: [testprecache.amxx] hlcoop/shockroach/shock_idle3.wav
L 01/08/2025 - 11:51:55: [testprecache.amxx] precaching file
L 01/08/2025 - 11:51:55: [testprecache.amxx] hlcoop/shockroach/shock_idle2.wav
L 01/08/2025 - 11:51:55: [testprecache.amxx] precaching file
L 01/08/2025 - 11:51:55: [testprecache.amxx] /hl2/cscanner/scanner_scan_loop2.wav
L 01/08/2025 - 11:51:55: [testprecache.amxx] precaching file
L 01/08/2025 - 11:51:55: [testprecache.amxx] /hl2/cscanner/scanner_photo1.wav
L 01/08/2025 - 11:51:55: [testprecache.amxx] precaching file
L 01/08/2025 - 11:51:55: [testprecache.amxx] /hl2/cscanner/scanner_blip1.wav
L 01/08/2025 - 11:51:55: [testprecache.amxx] precaching file
L 01/08/2025 - 11:51:55: [testprecache.amxx] /hl2/cscanner/scanner_blip1.wav
L 01/08/2025 - 11:51:58: -------- Mapchange to d1_trainstation_02 --------
L 01/08/2025 - 11:51:58: [testprecache.amxx] precaching file
L 01/08/2025 - 11:51:58: [testprecache.amxx] items/smallmedkit1.wav
L 01/08/2025 - 11:51:58: [testprecache.amxx] precaching file
L 01/08/2025 - 11:51:58: [testprecache.amxx] player/pl_wade1.wav
L 01/08/2025 - 11:51:58: [testprecache.amxx] precaching file
L 01/08/2025 - 11:51:58: [testprecache.amxx] player/pl_wade2.wav
L 01/08/2025 - 11:51:58: [testprecache.amxx] precaching file
L 01/08/2025 - 11:51:58: [testprecache.amxx] hlcoop/shockroach/shock_idle3.wav
L 01/08/2025 - 11:51:58: [testprecache.amxx] precaching file
L 01/08/2025 - 11:51:58: [testprecache.amxx] hlcoop/shockroach/shock_idle2.wav
L 01/08/2025 - 11:51:58: [testprecache.amxx] precaching file
L 01/08/2025 - 11:51:58: [testprecache.amxx] /hl2/cscanner/scanner_scan_loop2.wav
L 01/08/2025 - 11:51:58: [testprecache.amxx] precaching file
L 01/08/2025 - 11:51:58: [testprecache.amxx] /hl2/cscanner/scanner_photo1.wav
L 01/08/2025 - 11:51:58: [testprecache.amxx] precaching file
L 01/08/2025 - 11:51:58: [testprecache.amxx] /hl2/cscanner/scanner_blip1.wav
L 01/08/2025 - 11:51:58: [testprecache.amxx] precaching file
L 01/08/2025 - 11:51:58: [testprecache.amxx] /hl2/cscanner/scanner_blip1.wav
L 01/08/2025 - 19:31:11: -------- Mapchange to sandbox --------
L 01/08/2025 - 19:31:12: [testprecache.amxx] precaching file
L 01/08/2025 - 19:31:12: [testprecache.amxx] items/smallmedkit1.wav
L 01/08/2025 - 19:31:12: [testprecache.amxx] precaching file
L 01/08/2025 - 19:31:12: [testprecache.amxx] player/pl_wade1.wav
L 01/08/2025 - 19:31:12: [testprecache.amxx] precaching file
L 01/08/2025 - 19:31:12: [testprecache.amxx] player/pl_wade2.wav
L 01/08/2025 - 19:31:12: [testprecache.amxx] precaching file
L 01/08/2025 - 19:31:12: [testprecache.amxx] hlcoop/shockroach/shock_idle3.wav
L 01/08/2025 - 19:31:12: [testprecache.amxx] precaching file
L 01/08/2025 - 19:31:12: [testprecache.amxx] hlcoop/shockroach/shock_idle2.wav
L 01/08/2025 - 19:31:12: [testprecache.amxx] precaching file
L 01/08/2025 - 19:31:12: [testprecache.amxx] /hl2/cscanner/scanner_scan_loop2.wav
L 01/08/2025 - 19:31:12: [testprecache.amxx] precaching file
L 01/08/2025 - 19:31:12: [testprecache.amxx] /hl2/cscanner/scanner_photo1.wav
L 01/08/2025 - 19:31:12: [testprecache.amxx] precaching file
L 01/08/2025 - 19:31:12: [testprecache.amxx] /hl2/cscanner/scanner_blip1.wav
L 01/08/2025 - 19:31:12: [testprecache.amxx] precaching file
L 01/08/2025 - 19:31:12: [testprecache.amxx] /hl2/cscanner/scanner_blip1.wav
L 01/08/2025 - 19:31:14: -------- Mapchange to d1_trainstation_02 --------
L 01/08/2025 - 19:31:14: [testprecache.amxx] precaching file
L 01/08/2025 - 19:31:14: [testprecache.amxx] items/smallmedkit1.wav
L 01/08/2025 - 19:31:14: [testprecache.amxx] precaching file
L 01/08/2025 - 19:31:14: [testprecache.amxx] player/pl_wade1.wav
L 01/08/2025 - 19:31:14: [testprecache.amxx] precaching file
L 01/08/2025 - 19:31:14: [testprecache.amxx] player/pl_wade2.wav
L 01/08/2025 - 19:31:14: [testprecache.amxx] precaching file
L 01/08/2025 - 19:31:14: [testprecache.amxx] hlcoop/shockroach/shock_idle3.wav
L 01/08/2025 - 19:31:14: [testprecache.amxx] precaching file
L 01/08/2025 - 19:31:14: [testprecache.amxx] hlcoop/shockroach/shock_idle2.wav
L 01/08/2025 - 19:31:14: [testprecache.amxx] precaching file
L 01/08/2025 - 19:31:14: [testprecache.amxx] /hl2/cscanner/scanner_scan_loop2.wav
L 01/08/2025 - 19:31:14: [testprecache.amxx] precaching file
L 01/08/2025 - 19:31:14: [testprecache.amxx] /hl2/cscanner/scanner_photo1.wav
L 01/08/2025 - 19:31:14: [testprecache.amxx] precaching file
L 01/08/2025 - 19:31:14: [testprecache.amxx] /hl2/cscanner/scanner_blip1.wav
L 01/08/2025 - 19:31:14: [testprecache.amxx] precaching file
L 01/08/2025 - 19:31:14: [testprecache.amxx] /hl2/cscanner/scanner_blip1.wav
