L 01/06/2025 - 00:35:56: -------- Mapchange to sandbox --------
L 01/06/2025 - 00:35:56: [testprecache.amxx] precaching file
L 01/06/2025 - 00:35:56: [testprecache.amxx] items/smallmedkit1.wav
L 01/06/2025 - 00:35:56: [testprecache.amxx] precaching file
L 01/06/2025 - 00:35:56: [testprecache.amxx] player/pl_wade1.wav
L 01/06/2025 - 00:35:56: [testprecache.amxx] precaching file
L 01/06/2025 - 00:35:56: [testprecache.amxx] player/pl_wade2.wav
L 01/06/2025 - 00:35:56: [testprecache.amxx] precaching file
L 01/06/2025 - 00:35:56: [testprecache.amxx] hlcoop/shockroach/shock_idle3.wav
L 01/06/2025 - 00:35:56: [testprecache.amxx] precaching file
L 01/06/2025 - 00:35:56: [testprecache.amxx] hlcoop/shockroach/shock_idle2.wav
L 01/06/2025 - 00:35:56: [testprecache.amxx] precaching file
L 01/06/2025 - 00:35:56: [testprecache.amxx] /hl2/cscanner/scanner_scan_loop2.wav
L 01/06/2025 - 00:35:56: [testprecache.amxx] precaching file
L 01/06/2025 - 00:35:56: [testprecache.amxx] /hl2/cscanner/scanner_photo1.wav
L 01/06/2025 - 00:35:56: [testprecache.amxx] precaching file
L 01/06/2025 - 00:35:56: [testprecache.amxx] /hl2/cscanner/scanner_blip1.wav
L 01/06/2025 - 00:35:56: [testprecache.amxx] precaching file
L 01/06/2025 - 00:35:56: [testprecache.amxx] /hl2/cscanner/scanner_blip1.wav
L 01/06/2025 - 00:35:58: -------- Mapchange to sc_test --------
L 01/06/2025 - 00:35:58: [testprecache.amxx] precaching file
L 01/06/2025 - 00:35:58: [testprecache.amxx] items/smallmedkit1.wav
L 01/06/2025 - 00:35:58: [testprecache.amxx] precaching file
L 01/06/2025 - 00:35:58: [testprecache.amxx] player/pl_wade1.wav
L 01/06/2025 - 00:35:58: [testprecache.amxx] precaching file
L 01/06/2025 - 00:35:58: [testprecache.amxx] player/pl_wade2.wav
L 01/06/2025 - 00:35:58: [testprecache.amxx] precaching file
L 01/06/2025 - 00:35:58: [testprecache.amxx] hlcoop/shockroach/shock_idle3.wav
L 01/06/2025 - 00:35:58: [testprecache.amxx] precaching file
L 01/06/2025 - 00:35:58: [testprecache.amxx] hlcoop/shockroach/shock_idle2.wav
L 01/06/2025 - 00:35:58: [testprecache.amxx] precaching file
L 01/06/2025 - 00:35:58: [testprecache.amxx] /hl2/cscanner/scanner_scan_loop2.wav
L 01/06/2025 - 00:35:58: [testprecache.amxx] precaching file
L 01/06/2025 - 00:35:58: [testprecache.amxx] /hl2/cscanner/scanner_photo1.wav
L 01/06/2025 - 00:35:58: [testprecache.amxx] precaching file
L 01/06/2025 - 00:35:58: [testprecache.amxx] /hl2/cscanner/scanner_blip1.wav
L 01/06/2025 - 00:35:58: [testprecache.amxx] precaching file
L 01/06/2025 - 00:35:58: [testprecache.amxx] /hl2/cscanner/scanner_blip1.wav
