L 12/06/2024 - 00:00:24: -------- Mapchange to sandbox --------
L 12/06/2024 - 00:00:24: [testprecache.amxx] precaching file
L 12/06/2024 - 00:00:24: [testprecache.amxx] items/smallmedkit1.wav
L 12/06/2024 - 00:00:24: [testprecache.amxx] precaching file
L 12/06/2024 - 00:00:24: [testprecache.amxx] player/pl_wade1.wav
L 12/06/2024 - 00:00:24: [testprecache.amxx] precaching file
L 12/06/2024 - 00:00:24: [testprecache.amxx] player/pl_wade2.wav
L 12/06/2024 - 00:00:24: [testprecache.amxx] precaching file
L 12/06/2024 - 00:00:24: [testprecache.amxx] hlcoop/shockroach/shock_idle3.wav
L 12/06/2024 - 00:00:24: [testprecache.amxx] precaching file
L 12/06/2024 - 00:00:24: [testprecache.amxx] hlcoop/shockroach/shock_idle2.wav
L 12/06/2024 - 00:00:24: [testprecache.amxx] precaching file
L 12/06/2024 - 00:00:24: [testprecache.amxx] /hl2/cscanner/scanner_scan_loop2.wav
L 12/06/2024 - 00:00:24: [testprecache.amxx] precaching file
L 12/06/2024 - 00:00:24: [testprecache.amxx] /hl2/cscanner/scanner_photo1.wav
L 12/06/2024 - 00:00:24: [testprecache.amxx] precaching file
L 12/06/2024 - 00:00:24: [testprecache.amxx] /hl2/cscanner/scanner_blip1.wav
L 12/06/2024 - 00:00:24: [testprecache.amxx] precaching file
L 12/06/2024 - 00:00:24: [testprecache.amxx] /hl2/cscanner/scanner_blip1.wav
L 12/06/2024 - 00:00:25: [galileo.amxx] 
L 12/06/2024 - 00:00:25: [galileo.amxx] The server is jumping to the next map after the current map due more than 1 restarts on the map "coolrig"
L 12/06/2024 - 00:00:25: [galileo.amxx] 
L 12/06/2024 - 00:00:27: -------- Mapchange to d1_town_01 --------
L 12/06/2024 - 00:00:27: [testprecache.amxx] precaching file
L 12/06/2024 - 00:00:27: [testprecache.amxx] items/smallmedkit1.wav
L 12/06/2024 - 00:00:27: [testprecache.amxx] precaching file
L 12/06/2024 - 00:00:27: [testprecache.amxx] player/pl_wade1.wav
L 12/06/2024 - 00:00:27: [testprecache.amxx] precaching file
L 12/06/2024 - 00:00:27: [testprecache.amxx] player/pl_wade2.wav
L 12/06/2024 - 00:00:27: [testprecache.amxx] precaching file
L 12/06/2024 - 00:00:27: [testprecache.amxx] hlcoop/shockroach/shock_idle3.wav
L 12/06/2024 - 00:00:27: [testprecache.amxx] precaching file
L 12/06/2024 - 00:00:27: [testprecache.amxx] hlcoop/shockroach/shock_idle2.wav
L 12/06/2024 - 00:00:27: [testprecache.amxx] precaching file
L 12/06/2024 - 00:00:27: [testprecache.amxx] /hl2/cscanner/scanner_scan_loop2.wav
L 12/06/2024 - 00:00:27: [testprecache.amxx] precaching file
L 12/06/2024 - 00:00:27: [testprecache.amxx] /hl2/cscanner/scanner_photo1.wav
L 12/06/2024 - 00:00:27: [testprecache.amxx] precaching file
L 12/06/2024 - 00:00:27: [testprecache.amxx] /hl2/cscanner/scanner_blip1.wav
L 12/06/2024 - 00:00:27: [testprecache.amxx] precaching file
L 12/06/2024 - 00:00:27: [testprecache.amxx] /hl2/cscanner/scanner_blip1.wav
L 12/06/2024 - 00:00:41: -------- Mapchange to coolrig --------
L 12/06/2024 - 00:00:41: [testprecache.amxx] precaching file
L 12/06/2024 - 00:00:41: [testprecache.amxx] items/smallmedkit1.wav
L 12/06/2024 - 00:00:41: [testprecache.amxx] precaching file
L 12/06/2024 - 00:00:41: [testprecache.amxx] player/pl_wade1.wav
L 12/06/2024 - 00:00:41: [testprecache.amxx] precaching file
L 12/06/2024 - 00:00:41: [testprecache.amxx] player/pl_wade2.wav
L 12/06/2024 - 00:00:41: [testprecache.amxx] precaching file
L 12/06/2024 - 00:00:41: [testprecache.amxx] hlcoop/shockroach/shock_idle3.wav
L 12/06/2024 - 00:00:41: [testprecache.amxx] precaching file
L 12/06/2024 - 00:00:41: [testprecache.amxx] hlcoop/shockroach/shock_idle2.wav
L 12/06/2024 - 00:00:41: [testprecache.amxx] precaching file
L 12/06/2024 - 00:00:41: [testprecache.amxx] /hl2/cscanner/scanner_scan_loop2.wav
L 12/06/2024 - 00:00:41: [testprecache.amxx] precaching file
L 12/06/2024 - 00:00:41: [testprecache.amxx] /hl2/cscanner/scanner_photo1.wav
L 12/06/2024 - 00:00:41: [testprecache.amxx] precaching file
L 12/06/2024 - 00:00:41: [testprecache.amxx] /hl2/cscanner/scanner_blip1.wav
L 12/06/2024 - 00:00:41: [testprecache.amxx] precaching file
L 12/06/2024 - 00:00:41: [testprecache.amxx] /hl2/cscanner/scanner_blip1.wav
L 12/06/2024 - 00:05:38: -------- Mapchange to sandbox --------
L 12/06/2024 - 00:05:38: [testprecache.amxx] precaching file
L 12/06/2024 - 00:05:38: [testprecache.amxx] items/smallmedkit1.wav
L 12/06/2024 - 00:05:38: [testprecache.amxx] precaching file
L 12/06/2024 - 00:05:38: [testprecache.amxx] player/pl_wade1.wav
L 12/06/2024 - 00:05:38: [testprecache.amxx] precaching file
L 12/06/2024 - 00:05:38: [testprecache.amxx] player/pl_wade2.wav
L 12/06/2024 - 00:05:38: [testprecache.amxx] precaching file
L 12/06/2024 - 00:05:38: [testprecache.amxx] hlcoop/shockroach/shock_idle3.wav
L 12/06/2024 - 00:05:38: [testprecache.amxx] precaching file
L 12/06/2024 - 00:05:38: [testprecache.amxx] hlcoop/shockroach/shock_idle2.wav
L 12/06/2024 - 00:05:38: [testprecache.amxx] precaching file
L 12/06/2024 - 00:05:38: [testprecache.amxx] /hl2/cscanner/scanner_scan_loop2.wav
L 12/06/2024 - 00:05:38: [testprecache.amxx] precaching file
L 12/06/2024 - 00:05:38: [testprecache.amxx] /hl2/cscanner/scanner_photo1.wav
L 12/06/2024 - 00:05:38: [testprecache.amxx] precaching file
L 12/06/2024 - 00:05:38: [testprecache.amxx] /hl2/cscanner/scanner_blip1.wav
L 12/06/2024 - 00:05:38: [testprecache.amxx] precaching file
L 12/06/2024 - 00:05:38: [testprecache.amxx] /hl2/cscanner/scanner_blip1.wav
L 12/06/2024 - 00:05:40: -------- Mapchange to coolrig --------
L 12/06/2024 - 00:05:40: [testprecache.amxx] precaching file
L 12/06/2024 - 00:05:40: [testprecache.amxx] items/smallmedkit1.wav
L 12/06/2024 - 00:05:40: [testprecache.amxx] precaching file
L 12/06/2024 - 00:05:40: [testprecache.amxx] player/pl_wade1.wav
L 12/06/2024 - 00:05:40: [testprecache.amxx] precaching file
L 12/06/2024 - 00:05:40: [testprecache.amxx] player/pl_wade2.wav
L 12/06/2024 - 00:05:40: [testprecache.amxx] precaching file
L 12/06/2024 - 00:05:40: [testprecache.amxx] hlcoop/shockroach/shock_idle3.wav
L 12/06/2024 - 00:05:40: [testprecache.amxx] precaching file
L 12/06/2024 - 00:05:40: [testprecache.amxx] hlcoop/shockroach/shock_idle2.wav
L 12/06/2024 - 00:05:40: [testprecache.amxx] precaching file
L 12/06/2024 - 00:05:40: [testprecache.amxx] /hl2/cscanner/scanner_scan_loop2.wav
L 12/06/2024 - 00:05:40: [testprecache.amxx] precaching file
L 12/06/2024 - 00:05:40: [testprecache.amxx] /hl2/cscanner/scanner_photo1.wav
L 12/06/2024 - 00:05:40: [testprecache.amxx] precaching file
L 12/06/2024 - 00:05:40: [testprecache.amxx] /hl2/cscanner/scanner_blip1.wav
L 12/06/2024 - 00:05:40: [testprecache.amxx] precaching file
L 12/06/2024 - 00:05:40: [testprecache.amxx] /hl2/cscanner/scanner_blip1.wav
L 12/06/2024 - 00:27:19: -------- Mapchange to sandbox --------
L 12/06/2024 - 00:27:19: [testprecache.amxx] precaching file
L 12/06/2024 - 00:27:19: [testprecache.amxx] items/smallmedkit1.wav
L 12/06/2024 - 00:27:19: [testprecache.amxx] precaching file
L 12/06/2024 - 00:27:19: [testprecache.amxx] player/pl_wade1.wav
L 12/06/2024 - 00:27:19: [testprecache.amxx] precaching file
L 12/06/2024 - 00:27:19: [testprecache.amxx] player/pl_wade2.wav
L 12/06/2024 - 00:27:19: [testprecache.amxx] precaching file
L 12/06/2024 - 00:27:19: [testprecache.amxx] hlcoop/shockroach/shock_idle3.wav
L 12/06/2024 - 00:27:19: [testprecache.amxx] precaching file
L 12/06/2024 - 00:27:19: [testprecache.amxx] hlcoop/shockroach/shock_idle2.wav
L 12/06/2024 - 00:27:19: [testprecache.amxx] precaching file
L 12/06/2024 - 00:27:19: [testprecache.amxx] /hl2/cscanner/scanner_scan_loop2.wav
L 12/06/2024 - 00:27:19: [testprecache.amxx] precaching file
L 12/06/2024 - 00:27:19: [testprecache.amxx] /hl2/cscanner/scanner_photo1.wav
L 12/06/2024 - 00:27:19: [testprecache.amxx] precaching file
L 12/06/2024 - 00:27:19: [testprecache.amxx] /hl2/cscanner/scanner_blip1.wav
L 12/06/2024 - 00:27:19: [testprecache.amxx] precaching file
L 12/06/2024 - 00:27:19: [testprecache.amxx] /hl2/cscanner/scanner_blip1.wav
L 12/06/2024 - 00:27:21: -------- Mapchange to coolrig --------
L 12/06/2024 - 00:27:22: [testprecache.amxx] precaching file
L 12/06/2024 - 00:27:22: [testprecache.amxx] items/smallmedkit1.wav
L 12/06/2024 - 00:27:22: [testprecache.amxx] precaching file
L 12/06/2024 - 00:27:22: [testprecache.amxx] player/pl_wade1.wav
L 12/06/2024 - 00:27:22: [testprecache.amxx] precaching file
L 12/06/2024 - 00:27:22: [testprecache.amxx] player/pl_wade2.wav
L 12/06/2024 - 00:27:22: [testprecache.amxx] precaching file
L 12/06/2024 - 00:27:22: [testprecache.amxx] hlcoop/shockroach/shock_idle3.wav
L 12/06/2024 - 00:27:22: [testprecache.amxx] precaching file
L 12/06/2024 - 00:27:22: [testprecache.amxx] hlcoop/shockroach/shock_idle2.wav
L 12/06/2024 - 00:27:22: [testprecache.amxx] precaching file
L 12/06/2024 - 00:27:22: [testprecache.amxx] /hl2/cscanner/scanner_scan_loop2.wav
L 12/06/2024 - 00:27:22: [testprecache.amxx] precaching file
L 12/06/2024 - 00:27:22: [testprecache.amxx] /hl2/cscanner/scanner_photo1.wav
L 12/06/2024 - 00:27:22: [testprecache.amxx] precaching file
L 12/06/2024 - 00:27:22: [testprecache.amxx] /hl2/cscanner/scanner_blip1.wav
L 12/06/2024 - 00:27:22: [testprecache.amxx] precaching file
L 12/06/2024 - 00:27:22: [testprecache.amxx] /hl2/cscanner/scanner_blip1.wav
L 12/06/2024 - 00:33:37: -------- Mapchange to sandbox --------
L 12/06/2024 - 00:33:37: [testprecache.amxx] precaching file
L 12/06/2024 - 00:33:37: [testprecache.amxx] items/smallmedkit1.wav
L 12/06/2024 - 00:33:37: [testprecache.amxx] precaching file
L 12/06/2024 - 00:33:37: [testprecache.amxx] player/pl_wade1.wav
L 12/06/2024 - 00:33:37: [testprecache.amxx] precaching file
L 12/06/2024 - 00:33:37: [testprecache.amxx] player/pl_wade2.wav
L 12/06/2024 - 00:33:37: [testprecache.amxx] precaching file
L 12/06/2024 - 00:33:37: [testprecache.amxx] hlcoop/shockroach/shock_idle3.wav
L 12/06/2024 - 00:33:37: [testprecache.amxx] precaching file
L 12/06/2024 - 00:33:37: [testprecache.amxx] hlcoop/shockroach/shock_idle2.wav
L 12/06/2024 - 00:33:37: [testprecache.amxx] precaching file
L 12/06/2024 - 00:33:37: [testprecache.amxx] /hl2/cscanner/scanner_scan_loop2.wav
L 12/06/2024 - 00:33:37: [testprecache.amxx] precaching file
L 12/06/2024 - 00:33:37: [testprecache.amxx] /hl2/cscanner/scanner_photo1.wav
L 12/06/2024 - 00:33:37: [testprecache.amxx] precaching file
L 12/06/2024 - 00:33:37: [testprecache.amxx] /hl2/cscanner/scanner_blip1.wav
L 12/06/2024 - 00:33:37: [testprecache.amxx] precaching file
L 12/06/2024 - 00:33:37: [testprecache.amxx] /hl2/cscanner/scanner_blip1.wav
L 12/06/2024 - 00:33:37: [galileo.amxx] 
L 12/06/2024 - 00:33:37: [galileo.amxx] The server is jumping to the next map after the current map due more than 1 restarts on the map "coolrig"
L 12/06/2024 - 00:33:37: [galileo.amxx] 
L 12/06/2024 - 00:33:39: -------- Mapchange to d1_town_01 --------
L 12/06/2024 - 00:33:39: [testprecache.amxx] precaching file
L 12/06/2024 - 00:33:39: [testprecache.amxx] items/smallmedkit1.wav
L 12/06/2024 - 00:33:39: [testprecache.amxx] precaching file
L 12/06/2024 - 00:33:39: [testprecache.amxx] player/pl_wade1.wav
L 12/06/2024 - 00:33:39: [testprecache.amxx] precaching file
L 12/06/2024 - 00:33:39: [testprecache.amxx] player/pl_wade2.wav
L 12/06/2024 - 00:33:39: [testprecache.amxx] precaching file
L 12/06/2024 - 00:33:39: [testprecache.amxx] hlcoop/shockroach/shock_idle3.wav
L 12/06/2024 - 00:33:39: [testprecache.amxx] precaching file
L 12/06/2024 - 00:33:39: [testprecache.amxx] hlcoop/shockroach/shock_idle2.wav
L 12/06/2024 - 00:33:39: [testprecache.amxx] precaching file
L 12/06/2024 - 00:33:39: [testprecache.amxx] /hl2/cscanner/scanner_scan_loop2.wav
L 12/06/2024 - 00:33:39: [testprecache.amxx] precaching file
L 12/06/2024 - 00:33:39: [testprecache.amxx] /hl2/cscanner/scanner_photo1.wav
L 12/06/2024 - 00:33:39: [testprecache.amxx] precaching file
L 12/06/2024 - 00:33:39: [testprecache.amxx] /hl2/cscanner/scanner_blip1.wav
L 12/06/2024 - 00:33:39: [testprecache.amxx] precaching file
L 12/06/2024 - 00:33:39: [testprecache.amxx] /hl2/cscanner/scanner_blip1.wav
L 12/06/2024 - 00:33:47: -------- Mapchange to coolrig --------
L 12/06/2024 - 00:33:47: [testprecache.amxx] precaching file
L 12/06/2024 - 00:33:47: [testprecache.amxx] items/smallmedkit1.wav
L 12/06/2024 - 00:33:47: [testprecache.amxx] precaching file
L 12/06/2024 - 00:33:47: [testprecache.amxx] player/pl_wade1.wav
L 12/06/2024 - 00:33:47: [testprecache.amxx] precaching file
L 12/06/2024 - 00:33:47: [testprecache.amxx] player/pl_wade2.wav
L 12/06/2024 - 00:33:47: [testprecache.amxx] precaching file
L 12/06/2024 - 00:33:47: [testprecache.amxx] hlcoop/shockroach/shock_idle3.wav
L 12/06/2024 - 00:33:47: [testprecache.amxx] precaching file
L 12/06/2024 - 00:33:47: [testprecache.amxx] hlcoop/shockroach/shock_idle2.wav
L 12/06/2024 - 00:33:47: [testprecache.amxx] precaching file
L 12/06/2024 - 00:33:47: [testprecache.amxx] /hl2/cscanner/scanner_scan_loop2.wav
L 12/06/2024 - 00:33:47: [testprecache.amxx] precaching file
L 12/06/2024 - 00:33:47: [testprecache.amxx] /hl2/cscanner/scanner_photo1.wav
L 12/06/2024 - 00:33:47: [testprecache.amxx] precaching file
L 12/06/2024 - 00:33:47: [testprecache.amxx] /hl2/cscanner/scanner_blip1.wav
L 12/06/2024 - 00:33:47: [testprecache.amxx] precaching file
L 12/06/2024 - 00:33:47: [testprecache.amxx] /hl2/cscanner/scanner_blip1.wav
L 12/06/2024 - 11:09:54: -------- Mapchange to sandbox --------
L 12/06/2024 - 11:09:54: [testprecache.amxx] precaching file
L 12/06/2024 - 11:09:54: [testprecache.amxx] items/smallmedkit1.wav
L 12/06/2024 - 11:09:54: [testprecache.amxx] precaching file
L 12/06/2024 - 11:09:54: [testprecache.amxx] player/pl_wade1.wav
L 12/06/2024 - 11:09:54: [testprecache.amxx] precaching file
L 12/06/2024 - 11:09:54: [testprecache.amxx] player/pl_wade2.wav
L 12/06/2024 - 11:09:54: [testprecache.amxx] precaching file
L 12/06/2024 - 11:09:54: [testprecache.amxx] hlcoop/shockroach/shock_idle3.wav
L 12/06/2024 - 11:09:54: [testprecache.amxx] precaching file
L 12/06/2024 - 11:09:54: [testprecache.amxx] hlcoop/shockroach/shock_idle2.wav
L 12/06/2024 - 11:09:54: [testprecache.amxx] precaching file
L 12/06/2024 - 11:09:54: [testprecache.amxx] /hl2/cscanner/scanner_scan_loop2.wav
L 12/06/2024 - 11:09:54: [testprecache.amxx] precaching file
L 12/06/2024 - 11:09:54: [testprecache.amxx] /hl2/cscanner/scanner_photo1.wav
L 12/06/2024 - 11:09:54: [testprecache.amxx] precaching file
L 12/06/2024 - 11:09:54: [testprecache.amxx] /hl2/cscanner/scanner_blip1.wav
L 12/06/2024 - 11:09:54: [testprecache.amxx] precaching file
L 12/06/2024 - 11:09:54: [testprecache.amxx] /hl2/cscanner/scanner_blip1.wav
L 12/06/2024 - 11:09:57: -------- Mapchange to coolrig --------
L 12/06/2024 - 11:09:57: [testprecache.amxx] precaching file
L 12/06/2024 - 11:09:57: [testprecache.amxx] items/smallmedkit1.wav
L 12/06/2024 - 11:09:57: [testprecache.amxx] precaching file
L 12/06/2024 - 11:09:57: [testprecache.amxx] player/pl_wade1.wav
L 12/06/2024 - 11:09:57: [testprecache.amxx] precaching file
L 12/06/2024 - 11:09:57: [testprecache.amxx] player/pl_wade2.wav
L 12/06/2024 - 11:09:57: [testprecache.amxx] precaching file
L 12/06/2024 - 11:09:57: [testprecache.amxx] hlcoop/shockroach/shock_idle3.wav
L 12/06/2024 - 11:09:57: [testprecache.amxx] precaching file
L 12/06/2024 - 11:09:57: [testprecache.amxx] hlcoop/shockroach/shock_idle2.wav
L 12/06/2024 - 11:09:57: [testprecache.amxx] precaching file
L 12/06/2024 - 11:09:57: [testprecache.amxx] /hl2/cscanner/scanner_scan_loop2.wav
L 12/06/2024 - 11:09:57: [testprecache.amxx] precaching file
L 12/06/2024 - 11:09:57: [testprecache.amxx] /hl2/cscanner/scanner_photo1.wav
L 12/06/2024 - 11:09:57: [testprecache.amxx] precaching file
L 12/06/2024 - 11:09:57: [testprecache.amxx] /hl2/cscanner/scanner_blip1.wav
L 12/06/2024 - 11:09:57: [testprecache.amxx] precaching file
L 12/06/2024 - 11:09:57: [testprecache.amxx] /hl2/cscanner/scanner_blip1.wav
L 12/06/2024 - 11:14:32: -------- Mapchange to sandbox --------
L 12/06/2024 - 11:14:32: [testprecache.amxx] precaching file
L 12/06/2024 - 11:14:32: [testprecache.amxx] items/smallmedkit1.wav
L 12/06/2024 - 11:14:32: [testprecache.amxx] precaching file
L 12/06/2024 - 11:14:32: [testprecache.amxx] player/pl_wade1.wav
L 12/06/2024 - 11:14:32: [testprecache.amxx] precaching file
L 12/06/2024 - 11:14:32: [testprecache.amxx] player/pl_wade2.wav
L 12/06/2024 - 11:14:32: [testprecache.amxx] precaching file
L 12/06/2024 - 11:14:32: [testprecache.amxx] hlcoop/shockroach/shock_idle3.wav
L 12/06/2024 - 11:14:32: [testprecache.amxx] precaching file
L 12/06/2024 - 11:14:32: [testprecache.amxx] hlcoop/shockroach/shock_idle2.wav
L 12/06/2024 - 11:14:32: [testprecache.amxx] precaching file
L 12/06/2024 - 11:14:32: [testprecache.amxx] /hl2/cscanner/scanner_scan_loop2.wav
L 12/06/2024 - 11:14:32: [testprecache.amxx] precaching file
L 12/06/2024 - 11:14:32: [testprecache.amxx] /hl2/cscanner/scanner_photo1.wav
L 12/06/2024 - 11:14:32: [testprecache.amxx] precaching file
L 12/06/2024 - 11:14:32: [testprecache.amxx] /hl2/cscanner/scanner_blip1.wav
L 12/06/2024 - 11:14:32: [testprecache.amxx] precaching file
L 12/06/2024 - 11:14:32: [testprecache.amxx] /hl2/cscanner/scanner_blip1.wav
L 12/06/2024 - 11:14:35: -------- Mapchange to coolrig --------
L 12/06/2024 - 11:14:35: [testprecache.amxx] precaching file
L 12/06/2024 - 11:14:35: [testprecache.amxx] items/smallmedkit1.wav
L 12/06/2024 - 11:14:35: [testprecache.amxx] precaching file
L 12/06/2024 - 11:14:35: [testprecache.amxx] player/pl_wade1.wav
L 12/06/2024 - 11:14:35: [testprecache.amxx] precaching file
L 12/06/2024 - 11:14:35: [testprecache.amxx] player/pl_wade2.wav
L 12/06/2024 - 11:14:35: [testprecache.amxx] precaching file
L 12/06/2024 - 11:14:35: [testprecache.amxx] hlcoop/shockroach/shock_idle3.wav
L 12/06/2024 - 11:14:35: [testprecache.amxx] precaching file
L 12/06/2024 - 11:14:35: [testprecache.amxx] hlcoop/shockroach/shock_idle2.wav
L 12/06/2024 - 11:14:35: [testprecache.amxx] precaching file
L 12/06/2024 - 11:14:35: [testprecache.amxx] /hl2/cscanner/scanner_scan_loop2.wav
L 12/06/2024 - 11:14:35: [testprecache.amxx] precaching file
L 12/06/2024 - 11:14:35: [testprecache.amxx] /hl2/cscanner/scanner_photo1.wav
L 12/06/2024 - 11:14:35: [testprecache.amxx] precaching file
L 12/06/2024 - 11:14:35: [testprecache.amxx] /hl2/cscanner/scanner_blip1.wav
L 12/06/2024 - 11:14:35: [testprecache.amxx] precaching file
L 12/06/2024 - 11:14:35: [testprecache.amxx] /hl2/cscanner/scanner_blip1.wav
L 12/06/2024 - 11:24:14: -------- Mapchange to sandbox --------
L 12/06/2024 - 11:24:14: [testprecache.amxx] precaching file
L 12/06/2024 - 11:24:14: [testprecache.amxx] items/smallmedkit1.wav
L 12/06/2024 - 11:24:14: [testprecache.amxx] precaching file
L 12/06/2024 - 11:24:14: [testprecache.amxx] player/pl_wade1.wav
L 12/06/2024 - 11:24:14: [testprecache.amxx] precaching file
L 12/06/2024 - 11:24:14: [testprecache.amxx] player/pl_wade2.wav
L 12/06/2024 - 11:24:14: [testprecache.amxx] precaching file
L 12/06/2024 - 11:24:14: [testprecache.amxx] hlcoop/shockroach/shock_idle3.wav
L 12/06/2024 - 11:24:14: [testprecache.amxx] precaching file
L 12/06/2024 - 11:24:14: [testprecache.amxx] hlcoop/shockroach/shock_idle2.wav
L 12/06/2024 - 11:24:14: [testprecache.amxx] precaching file
L 12/06/2024 - 11:24:14: [testprecache.amxx] /hl2/cscanner/scanner_scan_loop2.wav
L 12/06/2024 - 11:24:14: [testprecache.amxx] precaching file
L 12/06/2024 - 11:24:14: [testprecache.amxx] /hl2/cscanner/scanner_photo1.wav
L 12/06/2024 - 11:24:14: [testprecache.amxx] precaching file
L 12/06/2024 - 11:24:14: [testprecache.amxx] /hl2/cscanner/scanner_blip1.wav
L 12/06/2024 - 11:24:14: [testprecache.amxx] precaching file
L 12/06/2024 - 11:24:14: [testprecache.amxx] /hl2/cscanner/scanner_blip1.wav
L 12/06/2024 - 11:24:14: [galileo.amxx] 
L 12/06/2024 - 11:24:14: [galileo.amxx] The server is jumping to the next map after the current map due more than 1 restarts on the map "coolrig"
L 12/06/2024 - 11:24:14: [galileo.amxx] 
L 12/06/2024 - 11:24:16: -------- Mapchange to d1_town_01 --------
L 12/06/2024 - 11:24:16: [testprecache.amxx] precaching file
L 12/06/2024 - 11:24:16: [testprecache.amxx] items/smallmedkit1.wav
L 12/06/2024 - 11:24:16: [testprecache.amxx] precaching file
L 12/06/2024 - 11:24:16: [testprecache.amxx] player/pl_wade1.wav
L 12/06/2024 - 11:24:16: [testprecache.amxx] precaching file
L 12/06/2024 - 11:24:16: [testprecache.amxx] player/pl_wade2.wav
L 12/06/2024 - 11:24:16: [testprecache.amxx] precaching file
L 12/06/2024 - 11:24:16: [testprecache.amxx] hlcoop/shockroach/shock_idle3.wav
L 12/06/2024 - 11:24:16: [testprecache.amxx] precaching file
L 12/06/2024 - 11:24:16: [testprecache.amxx] hlcoop/shockroach/shock_idle2.wav
L 12/06/2024 - 11:24:16: [testprecache.amxx] precaching file
L 12/06/2024 - 11:24:16: [testprecache.amxx] /hl2/cscanner/scanner_scan_loop2.wav
L 12/06/2024 - 11:24:16: [testprecache.amxx] precaching file
L 12/06/2024 - 11:24:16: [testprecache.amxx] /hl2/cscanner/scanner_photo1.wav
L 12/06/2024 - 11:24:16: [testprecache.amxx] precaching file
L 12/06/2024 - 11:24:16: [testprecache.amxx] /hl2/cscanner/scanner_blip1.wav
L 12/06/2024 - 11:24:16: [testprecache.amxx] precaching file
L 12/06/2024 - 11:24:16: [testprecache.amxx] /hl2/cscanner/scanner_blip1.wav
L 12/06/2024 - 11:24:26: -------- Mapchange to coolrig --------
L 12/06/2024 - 11:24:26: [testprecache.amxx] precaching file
L 12/06/2024 - 11:24:26: [testprecache.amxx] items/smallmedkit1.wav
L 12/06/2024 - 11:24:26: [testprecache.amxx] precaching file
L 12/06/2024 - 11:24:26: [testprecache.amxx] player/pl_wade1.wav
L 12/06/2024 - 11:24:26: [testprecache.amxx] precaching file
L 12/06/2024 - 11:24:26: [testprecache.amxx] player/pl_wade2.wav
L 12/06/2024 - 11:24:26: [testprecache.amxx] precaching file
L 12/06/2024 - 11:24:26: [testprecache.amxx] hlcoop/shockroach/shock_idle3.wav
L 12/06/2024 - 11:24:26: [testprecache.amxx] precaching file
L 12/06/2024 - 11:24:26: [testprecache.amxx] hlcoop/shockroach/shock_idle2.wav
L 12/06/2024 - 11:24:26: [testprecache.amxx] precaching file
L 12/06/2024 - 11:24:26: [testprecache.amxx] /hl2/cscanner/scanner_scan_loop2.wav
L 12/06/2024 - 11:24:26: [testprecache.amxx] precaching file
L 12/06/2024 - 11:24:26: [testprecache.amxx] /hl2/cscanner/scanner_photo1.wav
L 12/06/2024 - 11:24:26: [testprecache.amxx] precaching file
L 12/06/2024 - 11:24:26: [testprecache.amxx] /hl2/cscanner/scanner_blip1.wav
L 12/06/2024 - 11:24:26: [testprecache.amxx] precaching file
L 12/06/2024 - 11:24:26: [testprecache.amxx] /hl2/cscanner/scanner_blip1.wav
L 12/06/2024 - 11:33:27: -------- Mapchange to sandbox --------
L 12/06/2024 - 11:33:27: [testprecache.amxx] precaching file
L 12/06/2024 - 11:33:27: [testprecache.amxx] items/smallmedkit1.wav
L 12/06/2024 - 11:33:27: [testprecache.amxx] precaching file
L 12/06/2024 - 11:33:27: [testprecache.amxx] player/pl_wade1.wav
L 12/06/2024 - 11:33:27: [testprecache.amxx] precaching file
L 12/06/2024 - 11:33:27: [testprecache.amxx] player/pl_wade2.wav
L 12/06/2024 - 11:33:27: [testprecache.amxx] precaching file
L 12/06/2024 - 11:33:27: [testprecache.amxx] hlcoop/shockroach/shock_idle3.wav
L 12/06/2024 - 11:33:27: [testprecache.amxx] precaching file
L 12/06/2024 - 11:33:27: [testprecache.amxx] hlcoop/shockroach/shock_idle2.wav
L 12/06/2024 - 11:33:27: [testprecache.amxx] precaching file
L 12/06/2024 - 11:33:27: [testprecache.amxx] /hl2/cscanner/scanner_scan_loop2.wav
L 12/06/2024 - 11:33:27: [testprecache.amxx] precaching file
L 12/06/2024 - 11:33:27: [testprecache.amxx] /hl2/cscanner/scanner_photo1.wav
L 12/06/2024 - 11:33:27: [testprecache.amxx] precaching file
L 12/06/2024 - 11:33:27: [testprecache.amxx] /hl2/cscanner/scanner_blip1.wav
L 12/06/2024 - 11:33:27: [testprecache.amxx] precaching file
L 12/06/2024 - 11:33:27: [testprecache.amxx] /hl2/cscanner/scanner_blip1.wav
L 12/06/2024 - 11:33:30: -------- Mapchange to coolrig --------
L 12/06/2024 - 11:33:30: [testprecache.amxx] precaching file
L 12/06/2024 - 11:33:30: [testprecache.amxx] items/smallmedkit1.wav
L 12/06/2024 - 11:33:30: [testprecache.amxx] precaching file
L 12/06/2024 - 11:33:30: [testprecache.amxx] player/pl_wade1.wav
L 12/06/2024 - 11:33:30: [testprecache.amxx] precaching file
L 12/06/2024 - 11:33:30: [testprecache.amxx] player/pl_wade2.wav
L 12/06/2024 - 11:33:30: [testprecache.amxx] precaching file
L 12/06/2024 - 11:33:30: [testprecache.amxx] hlcoop/shockroach/shock_idle3.wav
L 12/06/2024 - 11:33:30: [testprecache.amxx] precaching file
L 12/06/2024 - 11:33:30: [testprecache.amxx] hlcoop/shockroach/shock_idle2.wav
L 12/06/2024 - 11:33:30: [testprecache.amxx] precaching file
L 12/06/2024 - 11:33:30: [testprecache.amxx] /hl2/cscanner/scanner_scan_loop2.wav
L 12/06/2024 - 11:33:30: [testprecache.amxx] precaching file
L 12/06/2024 - 11:33:30: [testprecache.amxx] /hl2/cscanner/scanner_photo1.wav
L 12/06/2024 - 11:33:30: [testprecache.amxx] precaching file
L 12/06/2024 - 11:33:30: [testprecache.amxx] /hl2/cscanner/scanner_blip1.wav
L 12/06/2024 - 11:33:30: [testprecache.amxx] precaching file
L 12/06/2024 - 11:33:30: [testprecache.amxx] /hl2/cscanner/scanner_blip1.wav
L 12/06/2024 - 11:40:13: -------- Mapchange to sandbox --------
L 12/06/2024 - 11:40:13: [testprecache.amxx] precaching file
L 12/06/2024 - 11:40:13: [testprecache.amxx] items/smallmedkit1.wav
L 12/06/2024 - 11:40:13: [testprecache.amxx] precaching file
L 12/06/2024 - 11:40:13: [testprecache.amxx] player/pl_wade1.wav
L 12/06/2024 - 11:40:13: [testprecache.amxx] precaching file
L 12/06/2024 - 11:40:13: [testprecache.amxx] player/pl_wade2.wav
L 12/06/2024 - 11:40:13: [testprecache.amxx] precaching file
L 12/06/2024 - 11:40:13: [testprecache.amxx] hlcoop/shockroach/shock_idle3.wav
L 12/06/2024 - 11:40:13: [testprecache.amxx] precaching file
L 12/06/2024 - 11:40:13: [testprecache.amxx] hlcoop/shockroach/shock_idle2.wav
L 12/06/2024 - 11:40:13: [testprecache.amxx] precaching file
L 12/06/2024 - 11:40:13: [testprecache.amxx] /hl2/cscanner/scanner_scan_loop2.wav
L 12/06/2024 - 11:40:13: [testprecache.amxx] precaching file
L 12/06/2024 - 11:40:13: [testprecache.amxx] /hl2/cscanner/scanner_photo1.wav
L 12/06/2024 - 11:40:13: [testprecache.amxx] precaching file
L 12/06/2024 - 11:40:13: [testprecache.amxx] /hl2/cscanner/scanner_blip1.wav
L 12/06/2024 - 11:40:13: [testprecache.amxx] precaching file
L 12/06/2024 - 11:40:13: [testprecache.amxx] /hl2/cscanner/scanner_blip1.wav
L 12/06/2024 - 11:40:15: -------- Mapchange to coolrig --------
L 12/06/2024 - 11:40:15: [testprecache.amxx] precaching file
L 12/06/2024 - 11:40:15: [testprecache.amxx] items/smallmedkit1.wav
L 12/06/2024 - 11:40:15: [testprecache.amxx] precaching file
L 12/06/2024 - 11:40:15: [testprecache.amxx] player/pl_wade1.wav
L 12/06/2024 - 11:40:15: [testprecache.amxx] precaching file
L 12/06/2024 - 11:40:15: [testprecache.amxx] player/pl_wade2.wav
L 12/06/2024 - 11:40:15: [testprecache.amxx] precaching file
L 12/06/2024 - 11:40:15: [testprecache.amxx] hlcoop/shockroach/shock_idle3.wav
L 12/06/2024 - 11:40:15: [testprecache.amxx] precaching file
L 12/06/2024 - 11:40:15: [testprecache.amxx] hlcoop/shockroach/shock_idle2.wav
L 12/06/2024 - 11:40:15: [testprecache.amxx] precaching file
L 12/06/2024 - 11:40:15: [testprecache.amxx] /hl2/cscanner/scanner_scan_loop2.wav
L 12/06/2024 - 11:40:15: [testprecache.amxx] precaching file
L 12/06/2024 - 11:40:15: [testprecache.amxx] /hl2/cscanner/scanner_photo1.wav
L 12/06/2024 - 11:40:15: [testprecache.amxx] precaching file
L 12/06/2024 - 11:40:15: [testprecache.amxx] /hl2/cscanner/scanner_blip1.wav
L 12/06/2024 - 11:40:15: [testprecache.amxx] precaching file
L 12/06/2024 - 11:40:15: [testprecache.amxx] /hl2/cscanner/scanner_blip1.wav
L 12/06/2024 - 11:48:08: -------- Mapchange to sandbox --------
L 12/06/2024 - 11:48:08: [testprecache.amxx] precaching file
L 12/06/2024 - 11:48:08: [testprecache.amxx] items/smallmedkit1.wav
L 12/06/2024 - 11:48:08: [testprecache.amxx] precaching file
L 12/06/2024 - 11:48:08: [testprecache.amxx] player/pl_wade1.wav
L 12/06/2024 - 11:48:08: [testprecache.amxx] precaching file
L 12/06/2024 - 11:48:08: [testprecache.amxx] player/pl_wade2.wav
L 12/06/2024 - 11:48:08: [testprecache.amxx] precaching file
L 12/06/2024 - 11:48:08: [testprecache.amxx] hlcoop/shockroach/shock_idle3.wav
L 12/06/2024 - 11:48:08: [testprecache.amxx] precaching file
L 12/06/2024 - 11:48:08: [testprecache.amxx] hlcoop/shockroach/shock_idle2.wav
L 12/06/2024 - 11:48:08: [testprecache.amxx] precaching file
L 12/06/2024 - 11:48:08: [testprecache.amxx] /hl2/cscanner/scanner_scan_loop2.wav
L 12/06/2024 - 11:48:08: [testprecache.amxx] precaching file
L 12/06/2024 - 11:48:08: [testprecache.amxx] /hl2/cscanner/scanner_photo1.wav
L 12/06/2024 - 11:48:08: [testprecache.amxx] precaching file
L 12/06/2024 - 11:48:08: [testprecache.amxx] /hl2/cscanner/scanner_blip1.wav
L 12/06/2024 - 11:48:08: [testprecache.amxx] precaching file
L 12/06/2024 - 11:48:08: [testprecache.amxx] /hl2/cscanner/scanner_blip1.wav
L 12/06/2024 - 11:48:08: [galileo.amxx] 
L 12/06/2024 - 11:48:08: [galileo.amxx] The server is jumping to the next map after the current map due more than 1 restarts on the map "coolrig"
L 12/06/2024 - 11:48:08: [galileo.amxx] 
L 12/06/2024 - 11:48:10: -------- Mapchange to d1_town_01 --------
L 12/06/2024 - 11:48:10: [testprecache.amxx] precaching file
L 12/06/2024 - 11:48:10: [testprecache.amxx] items/smallmedkit1.wav
L 12/06/2024 - 11:48:10: [testprecache.amxx] precaching file
L 12/06/2024 - 11:48:10: [testprecache.amxx] player/pl_wade1.wav
L 12/06/2024 - 11:48:10: [testprecache.amxx] precaching file
L 12/06/2024 - 11:48:10: [testprecache.amxx] player/pl_wade2.wav
L 12/06/2024 - 11:48:10: [testprecache.amxx] precaching file
L 12/06/2024 - 11:48:10: [testprecache.amxx] hlcoop/shockroach/shock_idle3.wav
L 12/06/2024 - 11:48:10: [testprecache.amxx] precaching file
L 12/06/2024 - 11:48:10: [testprecache.amxx] hlcoop/shockroach/shock_idle2.wav
L 12/06/2024 - 11:48:10: [testprecache.amxx] precaching file
L 12/06/2024 - 11:48:10: [testprecache.amxx] /hl2/cscanner/scanner_scan_loop2.wav
L 12/06/2024 - 11:48:10: [testprecache.amxx] precaching file
L 12/06/2024 - 11:48:10: [testprecache.amxx] /hl2/cscanner/scanner_photo1.wav
L 12/06/2024 - 11:48:10: [testprecache.amxx] precaching file
L 12/06/2024 - 11:48:10: [testprecache.amxx] /hl2/cscanner/scanner_blip1.wav
L 12/06/2024 - 11:48:10: [testprecache.amxx] precaching file
L 12/06/2024 - 11:48:10: [testprecache.amxx] /hl2/cscanner/scanner_blip1.wav
L 12/06/2024 - 13:22:57: -------- Mapchange to d1_trainstation_02 --------
L 12/06/2024 - 13:22:57: [testprecache.amxx] precaching file
L 12/06/2024 - 13:22:57: [testprecache.amxx] items/smallmedkit1.wav
L 12/06/2024 - 13:22:57: [testprecache.amxx] precaching file
L 12/06/2024 - 13:22:57: [testprecache.amxx] player/pl_wade1.wav
L 12/06/2024 - 13:22:57: [testprecache.amxx] precaching file
L 12/06/2024 - 13:22:57: [testprecache.amxx] player/pl_wade2.wav
L 12/06/2024 - 13:22:57: [testprecache.amxx] precaching file
L 12/06/2024 - 13:22:57: [testprecache.amxx] hlcoop/shockroach/shock_idle3.wav
L 12/06/2024 - 13:22:57: [testprecache.amxx] precaching file
L 12/06/2024 - 13:22:57: [testprecache.amxx] hlcoop/shockroach/shock_idle2.wav
L 12/06/2024 - 13:22:57: [testprecache.amxx] precaching file
L 12/06/2024 - 13:22:57: [testprecache.amxx] /hl2/cscanner/scanner_scan_loop2.wav
L 12/06/2024 - 13:22:57: [testprecache.amxx] precaching file
L 12/06/2024 - 13:22:57: [testprecache.amxx] /hl2/cscanner/scanner_photo1.wav
L 12/06/2024 - 13:22:57: [testprecache.amxx] precaching file
L 12/06/2024 - 13:22:57: [testprecache.amxx] /hl2/cscanner/scanner_blip1.wav
L 12/06/2024 - 13:22:57: [testprecache.amxx] precaching file
L 12/06/2024 - 13:22:57: [testprecache.amxx] /hl2/cscanner/scanner_blip1.wav
L 12/06/2024 - 16:19:23: -------- Mapchange to sandbox --------
L 12/06/2024 - 16:19:23: [testprecache.amxx] precaching file
L 12/06/2024 - 16:19:23: [testprecache.amxx] items/smallmedkit1.wav
L 12/06/2024 - 16:19:23: [testprecache.amxx] precaching file
L 12/06/2024 - 16:19:23: [testprecache.amxx] player/pl_wade1.wav
L 12/06/2024 - 16:19:23: [testprecache.amxx] precaching file
L 12/06/2024 - 16:19:23: [testprecache.amxx] player/pl_wade2.wav
L 12/06/2024 - 16:19:23: [testprecache.amxx] precaching file
L 12/06/2024 - 16:19:23: [testprecache.amxx] hlcoop/shockroach/shock_idle3.wav
L 12/06/2024 - 16:19:23: [testprecache.amxx] precaching file
L 12/06/2024 - 16:19:23: [testprecache.amxx] hlcoop/shockroach/shock_idle2.wav
L 12/06/2024 - 16:19:23: [testprecache.amxx] precaching file
L 12/06/2024 - 16:19:23: [testprecache.amxx] /hl2/cscanner/scanner_scan_loop2.wav
L 12/06/2024 - 16:19:23: [testprecache.amxx] precaching file
L 12/06/2024 - 16:19:23: [testprecache.amxx] /hl2/cscanner/scanner_photo1.wav
L 12/06/2024 - 16:19:23: [testprecache.amxx] precaching file
L 12/06/2024 - 16:19:23: [testprecache.amxx] /hl2/cscanner/scanner_blip1.wav
L 12/06/2024 - 16:19:23: [testprecache.amxx] precaching file
L 12/06/2024 - 16:19:23: [testprecache.amxx] /hl2/cscanner/scanner_blip1.wav
L 12/06/2024 - 16:19:26: -------- Mapchange to d1_trainstation_02 --------
L 12/06/2024 - 16:19:26: [testprecache.amxx] precaching file
L 12/06/2024 - 16:19:26: [testprecache.amxx] items/smallmedkit1.wav
L 12/06/2024 - 16:19:26: [testprecache.amxx] precaching file
L 12/06/2024 - 16:19:26: [testprecache.amxx] player/pl_wade1.wav
L 12/06/2024 - 16:19:26: [testprecache.amxx] precaching file
L 12/06/2024 - 16:19:26: [testprecache.amxx] player/pl_wade2.wav
L 12/06/2024 - 16:19:26: [testprecache.amxx] precaching file
L 12/06/2024 - 16:19:26: [testprecache.amxx] hlcoop/shockroach/shock_idle3.wav
L 12/06/2024 - 16:19:26: [testprecache.amxx] precaching file
L 12/06/2024 - 16:19:26: [testprecache.amxx] hlcoop/shockroach/shock_idle2.wav
L 12/06/2024 - 16:19:26: [testprecache.amxx] precaching file
L 12/06/2024 - 16:19:26: [testprecache.amxx] /hl2/cscanner/scanner_scan_loop2.wav
L 12/06/2024 - 16:19:26: [testprecache.amxx] precaching file
L 12/06/2024 - 16:19:26: [testprecache.amxx] /hl2/cscanner/scanner_photo1.wav
L 12/06/2024 - 16:19:26: [testprecache.amxx] precaching file
L 12/06/2024 - 16:19:26: [testprecache.amxx] /hl2/cscanner/scanner_blip1.wav
L 12/06/2024 - 16:19:26: [testprecache.amxx] precaching file
L 12/06/2024 - 16:19:26: [testprecache.amxx] /hl2/cscanner/scanner_blip1.wav
L 12/06/2024 - 16:26:05: -------- Mapchange to d1_trainstation_02 --------
L 12/06/2024 - 16:26:05: [testprecache.amxx] precaching file
L 12/06/2024 - 16:26:05: [testprecache.amxx] items/smallmedkit1.wav
L 12/06/2024 - 16:26:05: [testprecache.amxx] precaching file
L 12/06/2024 - 16:26:05: [testprecache.amxx] player/pl_wade1.wav
L 12/06/2024 - 16:26:05: [testprecache.amxx] precaching file
L 12/06/2024 - 16:26:05: [testprecache.amxx] player/pl_wade2.wav
L 12/06/2024 - 16:26:05: [testprecache.amxx] precaching file
L 12/06/2024 - 16:26:05: [testprecache.amxx] hlcoop/shockroach/shock_idle3.wav
L 12/06/2024 - 16:26:05: [testprecache.amxx] precaching file
L 12/06/2024 - 16:26:05: [testprecache.amxx] hlcoop/shockroach/shock_idle2.wav
L 12/06/2024 - 16:26:05: [testprecache.amxx] precaching file
L 12/06/2024 - 16:26:05: [testprecache.amxx] /hl2/cscanner/scanner_scan_loop2.wav
L 12/06/2024 - 16:26:05: [testprecache.amxx] precaching file
L 12/06/2024 - 16:26:05: [testprecache.amxx] /hl2/cscanner/scanner_photo1.wav
L 12/06/2024 - 16:26:05: [testprecache.amxx] precaching file
L 12/06/2024 - 16:26:05: [testprecache.amxx] /hl2/cscanner/scanner_blip1.wav
L 12/06/2024 - 16:26:05: [testprecache.amxx] precaching file
L 12/06/2024 - 16:26:05: [testprecache.amxx] /hl2/cscanner/scanner_blip1.wav
L 12/06/2024 - 16:28:06: -------- Mapchange to sandbox --------
L 12/06/2024 - 16:28:06: [testprecache.amxx] precaching file
L 12/06/2024 - 16:28:06: [testprecache.amxx] items/smallmedkit1.wav
L 12/06/2024 - 16:28:06: [testprecache.amxx] precaching file
L 12/06/2024 - 16:28:06: [testprecache.amxx] player/pl_wade1.wav
L 12/06/2024 - 16:28:06: [testprecache.amxx] precaching file
L 12/06/2024 - 16:28:06: [testprecache.amxx] player/pl_wade2.wav
L 12/06/2024 - 16:28:06: [testprecache.amxx] precaching file
L 12/06/2024 - 16:28:06: [testprecache.amxx] hlcoop/shockroach/shock_idle3.wav
L 12/06/2024 - 16:28:06: [testprecache.amxx] precaching file
L 12/06/2024 - 16:28:06: [testprecache.amxx] hlcoop/shockroach/shock_idle2.wav
L 12/06/2024 - 16:28:06: [testprecache.amxx] precaching file
L 12/06/2024 - 16:28:06: [testprecache.amxx] /hl2/cscanner/scanner_scan_loop2.wav
L 12/06/2024 - 16:28:06: [testprecache.amxx] precaching file
L 12/06/2024 - 16:28:06: [testprecache.amxx] /hl2/cscanner/scanner_photo1.wav
L 12/06/2024 - 16:28:06: [testprecache.amxx] precaching file
L 12/06/2024 - 16:28:06: [testprecache.amxx] /hl2/cscanner/scanner_blip1.wav
L 12/06/2024 - 16:28:06: [testprecache.amxx] precaching file
L 12/06/2024 - 16:28:06: [testprecache.amxx] /hl2/cscanner/scanner_blip1.wav
L 12/06/2024 - 16:28:09: -------- Mapchange to d1_trainstation_02 --------
L 12/06/2024 - 16:28:09: [testprecache.amxx] precaching file
L 12/06/2024 - 16:28:09: [testprecache.amxx] items/smallmedkit1.wav
L 12/06/2024 - 16:28:09: [testprecache.amxx] precaching file
L 12/06/2024 - 16:28:09: [testprecache.amxx] player/pl_wade1.wav
L 12/06/2024 - 16:28:09: [testprecache.amxx] precaching file
L 12/06/2024 - 16:28:09: [testprecache.amxx] player/pl_wade2.wav
L 12/06/2024 - 16:28:09: [testprecache.amxx] precaching file
L 12/06/2024 - 16:28:09: [testprecache.amxx] hlcoop/shockroach/shock_idle3.wav
L 12/06/2024 - 16:28:09: [testprecache.amxx] precaching file
L 12/06/2024 - 16:28:09: [testprecache.amxx] hlcoop/shockroach/shock_idle2.wav
L 12/06/2024 - 16:28:09: [testprecache.amxx] precaching file
L 12/06/2024 - 16:28:09: [testprecache.amxx] /hl2/cscanner/scanner_scan_loop2.wav
L 12/06/2024 - 16:28:09: [testprecache.amxx] precaching file
L 12/06/2024 - 16:28:09: [testprecache.amxx] /hl2/cscanner/scanner_photo1.wav
L 12/06/2024 - 16:28:09: [testprecache.amxx] precaching file
L 12/06/2024 - 16:28:09: [testprecache.amxx] /hl2/cscanner/scanner_blip1.wav
L 12/06/2024 - 16:28:09: [testprecache.amxx] precaching file
L 12/06/2024 - 16:28:09: [testprecache.amxx] /hl2/cscanner/scanner_blip1.wav
L 12/06/2024 - 16:33:51: -------- Mapchange to sandbox --------
L 12/06/2024 - 16:33:51: [testprecache.amxx] precaching file
L 12/06/2024 - 16:33:51: [testprecache.amxx] items/smallmedkit1.wav
L 12/06/2024 - 16:33:51: [testprecache.amxx] precaching file
L 12/06/2024 - 16:33:51: [testprecache.amxx] player/pl_wade1.wav
L 12/06/2024 - 16:33:51: [testprecache.amxx] precaching file
L 12/06/2024 - 16:33:51: [testprecache.amxx] player/pl_wade2.wav
L 12/06/2024 - 16:33:51: [testprecache.amxx] precaching file
L 12/06/2024 - 16:33:51: [testprecache.amxx] hlcoop/shockroach/shock_idle3.wav
L 12/06/2024 - 16:33:51: [testprecache.amxx] precaching file
L 12/06/2024 - 16:33:51: [testprecache.amxx] hlcoop/shockroach/shock_idle2.wav
L 12/06/2024 - 16:33:51: [testprecache.amxx] precaching file
L 12/06/2024 - 16:33:51: [testprecache.amxx] /hl2/cscanner/scanner_scan_loop2.wav
L 12/06/2024 - 16:33:51: [testprecache.amxx] precaching file
L 12/06/2024 - 16:33:51: [testprecache.amxx] /hl2/cscanner/scanner_photo1.wav
L 12/06/2024 - 16:33:51: [testprecache.amxx] precaching file
L 12/06/2024 - 16:33:51: [testprecache.amxx] /hl2/cscanner/scanner_blip1.wav
L 12/06/2024 - 16:33:51: [testprecache.amxx] precaching file
L 12/06/2024 - 16:33:51: [testprecache.amxx] /hl2/cscanner/scanner_blip1.wav
L 12/06/2024 - 16:33:51: [galileo.amxx] 
L 12/06/2024 - 16:33:51: [galileo.amxx] The server is jumping to the next map after the current map due more than 1 restarts on the map "d1_trainstation_02"
L 12/06/2024 - 16:33:51: [galileo.amxx] 
L 12/06/2024 - 16:33:53: -------- Mapchange to d1_town_01 --------
L 12/06/2024 - 16:33:53: [testprecache.amxx] precaching file
L 12/06/2024 - 16:33:53: [testprecache.amxx] items/smallmedkit1.wav
L 12/06/2024 - 16:33:53: [testprecache.amxx] precaching file
L 12/06/2024 - 16:33:53: [testprecache.amxx] player/pl_wade1.wav
L 12/06/2024 - 16:33:53: [testprecache.amxx] precaching file
L 12/06/2024 - 16:33:53: [testprecache.amxx] player/pl_wade2.wav
L 12/06/2024 - 16:33:53: [testprecache.amxx] precaching file
L 12/06/2024 - 16:33:53: [testprecache.amxx] hlcoop/shockroach/shock_idle3.wav
L 12/06/2024 - 16:33:53: [testprecache.amxx] precaching file
L 12/06/2024 - 16:33:53: [testprecache.amxx] hlcoop/shockroach/shock_idle2.wav
L 12/06/2024 - 16:33:53: [testprecache.amxx] precaching file
L 12/06/2024 - 16:33:53: [testprecache.amxx] /hl2/cscanner/scanner_scan_loop2.wav
L 12/06/2024 - 16:33:53: [testprecache.amxx] precaching file
L 12/06/2024 - 16:33:53: [testprecache.amxx] /hl2/cscanner/scanner_photo1.wav
L 12/06/2024 - 16:33:53: [testprecache.amxx] precaching file
L 12/06/2024 - 16:33:53: [testprecache.amxx] /hl2/cscanner/scanner_blip1.wav
L 12/06/2024 - 16:33:53: [testprecache.amxx] precaching file
L 12/06/2024 - 16:33:53: [testprecache.amxx] /hl2/cscanner/scanner_blip1.wav
L 12/06/2024 - 16:34:10: -------- Mapchange to d1_trainstation_02 --------
L 12/06/2024 - 16:34:10: [testprecache.amxx] precaching file
L 12/06/2024 - 16:34:10: [testprecache.amxx] items/smallmedkit1.wav
L 12/06/2024 - 16:34:10: [testprecache.amxx] precaching file
L 12/06/2024 - 16:34:10: [testprecache.amxx] player/pl_wade1.wav
L 12/06/2024 - 16:34:10: [testprecache.amxx] precaching file
L 12/06/2024 - 16:34:10: [testprecache.amxx] player/pl_wade2.wav
L 12/06/2024 - 16:34:10: [testprecache.amxx] precaching file
L 12/06/2024 - 16:34:10: [testprecache.amxx] hlcoop/shockroach/shock_idle3.wav
L 12/06/2024 - 16:34:10: [testprecache.amxx] precaching file
L 12/06/2024 - 16:34:10: [testprecache.amxx] hlcoop/shockroach/shock_idle2.wav
L 12/06/2024 - 16:34:10: [testprecache.amxx] precaching file
L 12/06/2024 - 16:34:10: [testprecache.amxx] /hl2/cscanner/scanner_scan_loop2.wav
L 12/06/2024 - 16:34:10: [testprecache.amxx] precaching file
L 12/06/2024 - 16:34:10: [testprecache.amxx] /hl2/cscanner/scanner_photo1.wav
L 12/06/2024 - 16:34:10: [testprecache.amxx] precaching file
L 12/06/2024 - 16:34:10: [testprecache.amxx] /hl2/cscanner/scanner_blip1.wav
L 12/06/2024 - 16:34:10: [testprecache.amxx] precaching file
L 12/06/2024 - 16:34:10: [testprecache.amxx] /hl2/cscanner/scanner_blip1.wav
