L 01/24/2025 - 18:11:11: -------- Mapchange to sandbox --------
L 01/24/2025 - 18:11:11: [testprecache.amxx] precaching file
L 01/24/2025 - 18:11:11: [testprecache.amxx] items/smallmedkit1.wav
L 01/24/2025 - 18:11:11: [testprecache.amxx] precaching file
L 01/24/2025 - 18:11:11: [testprecache.amxx] player/pl_wade1.wav
L 01/24/2025 - 18:11:11: [testprecache.amxx] precaching file
L 01/24/2025 - 18:11:11: [testprecache.amxx] player/pl_wade2.wav
L 01/24/2025 - 18:11:11: [testprecache.amxx] precaching file
L 01/24/2025 - 18:11:11: [testprecache.amxx] hlcoop/shockroach/shock_idle3.wav
L 01/24/2025 - 18:11:11: [testprecache.amxx] precaching file
L 01/24/2025 - 18:11:11: [testprecache.amxx] hlcoop/shockroach/shock_idle2.wav
L 01/24/2025 - 18:11:11: [testprecache.amxx] precaching file
L 01/24/2025 - 18:11:11: [testprecache.amxx] /hl2/cscanner/scanner_scan_loop2.wav
L 01/24/2025 - 18:11:11: [testprecache.amxx] precaching file
L 01/24/2025 - 18:11:11: [testprecache.amxx] /hl2/cscanner/scanner_photo1.wav
L 01/24/2025 - 18:11:11: [testprecache.amxx] precaching file
L 01/24/2025 - 18:11:11: [testprecache.amxx] /hl2/cscanner/scanner_blip1.wav
L 01/24/2025 - 18:11:11: [testprecache.amxx] precaching file
L 01/24/2025 - 18:11:11: [testprecache.amxx] /hl2/cscanner/scanner_blip1.wav
L 01/24/2025 - 18:11:14: -------- Mapchange to stalkyard --------
L 01/24/2025 - 18:11:14: [testprecache.amxx] precaching file
L 01/24/2025 - 18:11:14: [testprecache.amxx] items/smallmedkit1.wav
L 01/24/2025 - 18:11:14: [testprecache.amxx] precaching file
L 01/24/2025 - 18:11:14: [testprecache.amxx] player/pl_wade1.wav
L 01/24/2025 - 18:11:14: [testprecache.amxx] precaching file
L 01/24/2025 - 18:11:14: [testprecache.amxx] player/pl_wade2.wav
L 01/24/2025 - 18:11:14: [testprecache.amxx] precaching file
L 01/24/2025 - 18:11:14: [testprecache.amxx] hlcoop/shockroach/shock_idle3.wav
L 01/24/2025 - 18:11:14: [testprecache.amxx] precaching file
L 01/24/2025 - 18:11:14: [testprecache.amxx] hlcoop/shockroach/shock_idle2.wav
L 01/24/2025 - 18:11:14: [testprecache.amxx] precaching file
L 01/24/2025 - 18:11:14: [testprecache.amxx] /hl2/cscanner/scanner_scan_loop2.wav
L 01/24/2025 - 18:11:14: [testprecache.amxx] precaching file
L 01/24/2025 - 18:11:14: [testprecache.amxx] /hl2/cscanner/scanner_photo1.wav
L 01/24/2025 - 18:11:14: [testprecache.amxx] precaching file
L 01/24/2025 - 18:11:14: [testprecache.amxx] /hl2/cscanner/scanner_blip1.wav
L 01/24/2025 - 18:11:14: [testprecache.amxx] precaching file
L 01/24/2025 - 18:11:14: [testprecache.amxx] /hl2/cscanner/scanner_blip1.wav
