L 01/22/2025 - 00:07:38: -------- Mapchange to sandbox --------
L 01/22/2025 - 00:07:38: [testprecache.amxx] precaching file
L 01/22/2025 - 00:07:38: [testprecache.amxx] items/smallmedkit1.wav
L 01/22/2025 - 00:07:38: [testprecache.amxx] precaching file
L 01/22/2025 - 00:07:38: [testprecache.amxx] player/pl_wade1.wav
L 01/22/2025 - 00:07:38: [testprecache.amxx] precaching file
L 01/22/2025 - 00:07:38: [testprecache.amxx] player/pl_wade2.wav
L 01/22/2025 - 00:07:38: [testprecache.amxx] precaching file
L 01/22/2025 - 00:07:38: [testprecache.amxx] hlcoop/shockroach/shock_idle3.wav
L 01/22/2025 - 00:07:38: [testprecache.amxx] precaching file
L 01/22/2025 - 00:07:38: [testprecache.amxx] hlcoop/shockroach/shock_idle2.wav
L 01/22/2025 - 00:07:38: [testprecache.amxx] precaching file
L 01/22/2025 - 00:07:38: [testprecache.amxx] /hl2/cscanner/scanner_scan_loop2.wav
L 01/22/2025 - 00:07:38: [testprecache.amxx] precaching file
L 01/22/2025 - 00:07:38: [testprecache.amxx] /hl2/cscanner/scanner_photo1.wav
L 01/22/2025 - 00:07:38: [testprecache.amxx] precaching file
L 01/22/2025 - 00:07:38: [testprecache.amxx] /hl2/cscanner/scanner_blip1.wav
L 01/22/2025 - 00:07:38: [testprecache.amxx] precaching file
L 01/22/2025 - 00:07:38: [testprecache.amxx] /hl2/cscanner/scanner_blip1.wav
L 01/22/2025 - 00:07:42: -------- Mapchange to d1_trainstation_02 --------
L 01/22/2025 - 00:07:42: [testprecache.amxx] precaching file
L 01/22/2025 - 00:07:42: [testprecache.amxx] items/smallmedkit1.wav
L 01/22/2025 - 00:07:42: [testprecache.amxx] precaching file
L 01/22/2025 - 00:07:42: [testprecache.amxx] player/pl_wade1.wav
L 01/22/2025 - 00:07:42: [testprecache.amxx] precaching file
L 01/22/2025 - 00:07:42: [testprecache.amxx] player/pl_wade2.wav
L 01/22/2025 - 00:07:42: [testprecache.amxx] precaching file
L 01/22/2025 - 00:07:42: [testprecache.amxx] hlcoop/shockroach/shock_idle3.wav
L 01/22/2025 - 00:07:42: [testprecache.amxx] precaching file
L 01/22/2025 - 00:07:42: [testprecache.amxx] hlcoop/shockroach/shock_idle2.wav
L 01/22/2025 - 00:07:42: [testprecache.amxx] precaching file
L 01/22/2025 - 00:07:42: [testprecache.amxx] /hl2/cscanner/scanner_scan_loop2.wav
L 01/22/2025 - 00:07:42: [testprecache.amxx] precaching file
L 01/22/2025 - 00:07:42: [testprecache.amxx] /hl2/cscanner/scanner_photo1.wav
L 01/22/2025 - 00:07:42: [testprecache.amxx] precaching file
L 01/22/2025 - 00:07:42: [testprecache.amxx] /hl2/cscanner/scanner_blip1.wav
L 01/22/2025 - 00:07:42: [testprecache.amxx] precaching file
L 01/22/2025 - 00:07:42: [testprecache.amxx] /hl2/cscanner/scanner_blip1.wav
L 01/22/2025 - 16:35:41: -------- Mapchange to stalkyard --------
L 01/22/2025 - 16:35:41: [testprecache.amxx] precaching file
L 01/22/2025 - 16:35:41: [testprecache.amxx] items/smallmedkit1.wav
L 01/22/2025 - 16:35:41: [testprecache.amxx] precaching file
L 01/22/2025 - 16:35:41: [testprecache.amxx] player/pl_wade1.wav
L 01/22/2025 - 16:35:41: [testprecache.amxx] precaching file
L 01/22/2025 - 16:35:41: [testprecache.amxx] player/pl_wade2.wav
L 01/22/2025 - 16:35:41: [testprecache.amxx] precaching file
L 01/22/2025 - 16:35:41: [testprecache.amxx] hlcoop/shockroach/shock_idle3.wav
L 01/22/2025 - 16:35:41: [testprecache.amxx] precaching file
L 01/22/2025 - 16:35:41: [testprecache.amxx] hlcoop/shockroach/shock_idle2.wav
L 01/22/2025 - 16:35:41: [testprecache.amxx] precaching file
L 01/22/2025 - 16:35:41: [testprecache.amxx] /hl2/cscanner/scanner_scan_loop2.wav
L 01/22/2025 - 16:35:41: [testprecache.amxx] precaching file
L 01/22/2025 - 16:35:41: [testprecache.amxx] /hl2/cscanner/scanner_photo1.wav
L 01/22/2025 - 16:35:41: [testprecache.amxx] precaching file
L 01/22/2025 - 16:35:41: [testprecache.amxx] /hl2/cscanner/scanner_blip1.wav
L 01/22/2025 - 16:35:41: [testprecache.amxx] precaching file
L 01/22/2025 - 16:35:41: [testprecache.amxx] /hl2/cscanner/scanner_blip1.wav
