L 12/27/2024 - 00:15:47: -------- Mapchange to sandbox --------
L 12/27/2024 - 00:15:47: [testprecache.amxx] precaching file
L 12/27/2024 - 00:15:47: [testprecache.amxx] items/smallmedkit1.wav
L 12/27/2024 - 00:15:47: [testprecache.amxx] precaching file
L 12/27/2024 - 00:15:47: [testprecache.amxx] player/pl_wade1.wav
L 12/27/2024 - 00:15:47: [testprecache.amxx] precaching file
L 12/27/2024 - 00:15:47: [testprecache.amxx] player/pl_wade2.wav
L 12/27/2024 - 00:15:47: [testprecache.amxx] precaching file
L 12/27/2024 - 00:15:47: [testprecache.amxx] hlcoop/shockroach/shock_idle3.wav
L 12/27/2024 - 00:15:47: [testprecache.amxx] precaching file
L 12/27/2024 - 00:15:47: [testprecache.amxx] hlcoop/shockroach/shock_idle2.wav
L 12/27/2024 - 00:15:47: [testprecache.amxx] precaching file
L 12/27/2024 - 00:15:47: [testprecache.amxx] /hl2/cscanner/scanner_scan_loop2.wav
L 12/27/2024 - 00:15:47: [testprecache.amxx] precaching file
L 12/27/2024 - 00:15:47: [testprecache.amxx] /hl2/cscanner/scanner_photo1.wav
L 12/27/2024 - 00:15:47: [testprecache.amxx] precaching file
L 12/27/2024 - 00:15:47: [testprecache.amxx] /hl2/cscanner/scanner_blip1.wav
L 12/27/2024 - 00:15:47: [testprecache.amxx] precaching file
L 12/27/2024 - 00:15:47: [testprecache.amxx] /hl2/cscanner/scanner_blip1.wav
L 12/27/2024 - 00:15:47: [galileo.amxx] 
L 12/27/2024 - 00:15:47: [galileo.amxx] The server is jumping to the next map after the current map due more than 1 restarts on the map "d1_trainstation_02"
L 12/27/2024 - 00:15:47: [galileo.amxx] 
L 12/27/2024 - 00:15:49: -------- Mapchange to d1_town_01 --------
L 12/27/2024 - 00:15:49: [testprecache.amxx] precaching file
L 12/27/2024 - 00:15:49: [testprecache.amxx] items/smallmedkit1.wav
L 12/27/2024 - 00:15:49: [testprecache.amxx] precaching file
L 12/27/2024 - 00:15:49: [testprecache.amxx] player/pl_wade1.wav
L 12/27/2024 - 00:15:49: [testprecache.amxx] precaching file
L 12/27/2024 - 00:15:49: [testprecache.amxx] player/pl_wade2.wav
L 12/27/2024 - 00:15:49: [testprecache.amxx] precaching file
L 12/27/2024 - 00:15:49: [testprecache.amxx] hlcoop/shockroach/shock_idle3.wav
L 12/27/2024 - 00:15:49: [testprecache.amxx] precaching file
L 12/27/2024 - 00:15:49: [testprecache.amxx] hlcoop/shockroach/shock_idle2.wav
L 12/27/2024 - 00:15:49: [testprecache.amxx] precaching file
L 12/27/2024 - 00:15:49: [testprecache.amxx] /hl2/cscanner/scanner_scan_loop2.wav
L 12/27/2024 - 00:15:49: [testprecache.amxx] precaching file
L 12/27/2024 - 00:15:49: [testprecache.amxx] /hl2/cscanner/scanner_photo1.wav
L 12/27/2024 - 00:15:49: [testprecache.amxx] precaching file
L 12/27/2024 - 00:15:49: [testprecache.amxx] /hl2/cscanner/scanner_blip1.wav
L 12/27/2024 - 00:15:49: [testprecache.amxx] precaching file
L 12/27/2024 - 00:15:49: [testprecache.amxx] /hl2/cscanner/scanner_blip1.wav
