L 12/09/2024 - 00:30:08: -------- Mapchange to sandbox --------
L 12/09/2024 - 00:30:08: [testprecache.amxx] precaching file
L 12/09/2024 - 00:30:08: [testprecache.amxx] items/smallmedkit1.wav
L 12/09/2024 - 00:30:08: [testprecache.amxx] precaching file
L 12/09/2024 - 00:30:08: [testprecache.amxx] player/pl_wade1.wav
L 12/09/2024 - 00:30:08: [testprecache.amxx] precaching file
L 12/09/2024 - 00:30:08: [testprecache.amxx] player/pl_wade2.wav
L 12/09/2024 - 00:30:08: [testprecache.amxx] precaching file
L 12/09/2024 - 00:30:08: [testprecache.amxx] hlcoop/shockroach/shock_idle3.wav
L 12/09/2024 - 00:30:08: [testprecache.amxx] precaching file
L 12/09/2024 - 00:30:08: [testprecache.amxx] hlcoop/shockroach/shock_idle2.wav
L 12/09/2024 - 00:30:08: [testprecache.amxx] precaching file
L 12/09/2024 - 00:30:08: [testprecache.amxx] /hl2/cscanner/scanner_scan_loop2.wav
L 12/09/2024 - 00:30:08: [testprecache.amxx] precaching file
L 12/09/2024 - 00:30:08: [testprecache.amxx] /hl2/cscanner/scanner_photo1.wav
L 12/09/2024 - 00:30:08: [testprecache.amxx] precaching file
L 12/09/2024 - 00:30:08: [testprecache.amxx] /hl2/cscanner/scanner_blip1.wav
L 12/09/2024 - 00:30:08: [testprecache.amxx] precaching file
L 12/09/2024 - 00:30:08: [testprecache.amxx] /hl2/cscanner/scanner_blip1.wav
L 12/09/2024 - 00:30:08: [galileo.amxx] 
L 12/09/2024 - 00:30:08: [galileo.amxx] The server is jumping to the next map after the current map due more than 1 restarts on the map "coolrig"
L 12/09/2024 - 00:30:08: [galileo.amxx] 
L 12/09/2024 - 00:30:10: -------- Mapchange to d1_town_01 --------
L 12/09/2024 - 00:30:10: [testprecache.amxx] precaching file
L 12/09/2024 - 00:30:10: [testprecache.amxx] items/smallmedkit1.wav
L 12/09/2024 - 00:30:10: [testprecache.amxx] precaching file
L 12/09/2024 - 00:30:10: [testprecache.amxx] player/pl_wade1.wav
L 12/09/2024 - 00:30:10: [testprecache.amxx] precaching file
L 12/09/2024 - 00:30:10: [testprecache.amxx] player/pl_wade2.wav
L 12/09/2024 - 00:30:10: [testprecache.amxx] precaching file
L 12/09/2024 - 00:30:10: [testprecache.amxx] hlcoop/shockroach/shock_idle3.wav
L 12/09/2024 - 00:30:10: [testprecache.amxx] precaching file
L 12/09/2024 - 00:30:10: [testprecache.amxx] hlcoop/shockroach/shock_idle2.wav
L 12/09/2024 - 00:30:10: [testprecache.amxx] precaching file
L 12/09/2024 - 00:30:10: [testprecache.amxx] /hl2/cscanner/scanner_scan_loop2.wav
L 12/09/2024 - 00:30:10: [testprecache.amxx] precaching file
L 12/09/2024 - 00:30:10: [testprecache.amxx] /hl2/cscanner/scanner_photo1.wav
L 12/09/2024 - 00:30:10: [testprecache.amxx] precaching file
L 12/09/2024 - 00:30:10: [testprecache.amxx] /hl2/cscanner/scanner_blip1.wav
L 12/09/2024 - 00:30:10: [testprecache.amxx] precaching file
L 12/09/2024 - 00:30:10: [testprecache.amxx] /hl2/cscanner/scanner_blip1.wav
L 12/09/2024 - 12:28:16: -------- Mapchange to sandbox --------
L 12/09/2024 - 12:28:16: [testprecache.amxx] precaching file
L 12/09/2024 - 12:28:16: [testprecache.amxx] items/smallmedkit1.wav
L 12/09/2024 - 12:28:16: [testprecache.amxx] precaching file
L 12/09/2024 - 12:28:16: [testprecache.amxx] player/pl_wade1.wav
L 12/09/2024 - 12:28:16: [testprecache.amxx] precaching file
L 12/09/2024 - 12:28:16: [testprecache.amxx] player/pl_wade2.wav
L 12/09/2024 - 12:28:16: [testprecache.amxx] precaching file
L 12/09/2024 - 12:28:16: [testprecache.amxx] hlcoop/shockroach/shock_idle3.wav
L 12/09/2024 - 12:28:16: [testprecache.amxx] precaching file
L 12/09/2024 - 12:28:16: [testprecache.amxx] hlcoop/shockroach/shock_idle2.wav
L 12/09/2024 - 12:28:16: [testprecache.amxx] precaching file
L 12/09/2024 - 12:28:16: [testprecache.amxx] /hl2/cscanner/scanner_scan_loop2.wav
L 12/09/2024 - 12:28:16: [testprecache.amxx] precaching file
L 12/09/2024 - 12:28:16: [testprecache.amxx] /hl2/cscanner/scanner_photo1.wav
L 12/09/2024 - 12:28:16: [testprecache.amxx] precaching file
L 12/09/2024 - 12:28:16: [testprecache.amxx] /hl2/cscanner/scanner_blip1.wav
L 12/09/2024 - 12:28:16: [testprecache.amxx] precaching file
L 12/09/2024 - 12:28:16: [testprecache.amxx] /hl2/cscanner/scanner_blip1.wav
L 12/09/2024 - 12:28:18: -------- Mapchange to d1_town_01 --------
L 12/09/2024 - 12:28:18: [testprecache.amxx] precaching file
L 12/09/2024 - 12:28:18: [testprecache.amxx] items/smallmedkit1.wav
L 12/09/2024 - 12:28:18: [testprecache.amxx] precaching file
L 12/09/2024 - 12:28:18: [testprecache.amxx] player/pl_wade1.wav
L 12/09/2024 - 12:28:18: [testprecache.amxx] precaching file
L 12/09/2024 - 12:28:18: [testprecache.amxx] player/pl_wade2.wav
L 12/09/2024 - 12:28:18: [testprecache.amxx] precaching file
L 12/09/2024 - 12:28:18: [testprecache.amxx] hlcoop/shockroach/shock_idle3.wav
L 12/09/2024 - 12:28:18: [testprecache.amxx] precaching file
L 12/09/2024 - 12:28:18: [testprecache.amxx] hlcoop/shockroach/shock_idle2.wav
L 12/09/2024 - 12:28:18: [testprecache.amxx] precaching file
L 12/09/2024 - 12:28:18: [testprecache.amxx] /hl2/cscanner/scanner_scan_loop2.wav
L 12/09/2024 - 12:28:18: [testprecache.amxx] precaching file
L 12/09/2024 - 12:28:18: [testprecache.amxx] /hl2/cscanner/scanner_photo1.wav
L 12/09/2024 - 12:28:18: [testprecache.amxx] precaching file
L 12/09/2024 - 12:28:18: [testprecache.amxx] /hl2/cscanner/scanner_blip1.wav
L 12/09/2024 - 12:28:18: [testprecache.amxx] precaching file
L 12/09/2024 - 12:28:18: [testprecache.amxx] /hl2/cscanner/scanner_blip1.wav
L 12/09/2024 - 14:43:50: -------- Mapchange to sandbox --------
L 12/09/2024 - 14:43:50: [testprecache.amxx] precaching file
L 12/09/2024 - 14:43:50: [testprecache.amxx] items/smallmedkit1.wav
L 12/09/2024 - 14:43:50: [testprecache.amxx] precaching file
L 12/09/2024 - 14:43:50: [testprecache.amxx] player/pl_wade1.wav
L 12/09/2024 - 14:43:50: [testprecache.amxx] precaching file
L 12/09/2024 - 14:43:50: [testprecache.amxx] player/pl_wade2.wav
L 12/09/2024 - 14:43:50: [testprecache.amxx] precaching file
L 12/09/2024 - 14:43:50: [testprecache.amxx] hlcoop/shockroach/shock_idle3.wav
L 12/09/2024 - 14:43:50: [testprecache.amxx] precaching file
L 12/09/2024 - 14:43:50: [testprecache.amxx] hlcoop/shockroach/shock_idle2.wav
L 12/09/2024 - 14:43:50: [testprecache.amxx] precaching file
L 12/09/2024 - 14:43:50: [testprecache.amxx] /hl2/cscanner/scanner_scan_loop2.wav
L 12/09/2024 - 14:43:50: [testprecache.amxx] precaching file
L 12/09/2024 - 14:43:50: [testprecache.amxx] /hl2/cscanner/scanner_photo1.wav
L 12/09/2024 - 14:43:50: [testprecache.amxx] precaching file
L 12/09/2024 - 14:43:50: [testprecache.amxx] /hl2/cscanner/scanner_blip1.wav
L 12/09/2024 - 14:43:50: [testprecache.amxx] precaching file
L 12/09/2024 - 14:43:50: [testprecache.amxx] /hl2/cscanner/scanner_blip1.wav
L 12/09/2024 - 14:43:53: -------- Mapchange to d1_town_01 --------
L 12/09/2024 - 14:43:53: [testprecache.amxx] precaching file
L 12/09/2024 - 14:43:53: [testprecache.amxx] items/smallmedkit1.wav
L 12/09/2024 - 14:43:53: [testprecache.amxx] precaching file
L 12/09/2024 - 14:43:53: [testprecache.amxx] player/pl_wade1.wav
L 12/09/2024 - 14:43:53: [testprecache.amxx] precaching file
L 12/09/2024 - 14:43:53: [testprecache.amxx] player/pl_wade2.wav
L 12/09/2024 - 14:43:53: [testprecache.amxx] precaching file
L 12/09/2024 - 14:43:53: [testprecache.amxx] hlcoop/shockroach/shock_idle3.wav
L 12/09/2024 - 14:43:53: [testprecache.amxx] precaching file
L 12/09/2024 - 14:43:53: [testprecache.amxx] hlcoop/shockroach/shock_idle2.wav
L 12/09/2024 - 14:43:53: [testprecache.amxx] precaching file
L 12/09/2024 - 14:43:53: [testprecache.amxx] /hl2/cscanner/scanner_scan_loop2.wav
L 12/09/2024 - 14:43:53: [testprecache.amxx] precaching file
L 12/09/2024 - 14:43:53: [testprecache.amxx] /hl2/cscanner/scanner_photo1.wav
L 12/09/2024 - 14:43:53: [testprecache.amxx] precaching file
L 12/09/2024 - 14:43:53: [testprecache.amxx] /hl2/cscanner/scanner_blip1.wav
L 12/09/2024 - 14:43:53: [testprecache.amxx] precaching file
L 12/09/2024 - 14:43:53: [testprecache.amxx] /hl2/cscanner/scanner_blip1.wav
L 12/09/2024 - 14:44:06: -------- Mapchange to d1_trainstation_02 --------
L 12/09/2024 - 14:44:06: [testprecache.amxx] precaching file
L 12/09/2024 - 14:44:06: [testprecache.amxx] items/smallmedkit1.wav
L 12/09/2024 - 14:44:06: [testprecache.amxx] precaching file
L 12/09/2024 - 14:44:06: [testprecache.amxx] player/pl_wade1.wav
L 12/09/2024 - 14:44:06: [testprecache.amxx] precaching file
L 12/09/2024 - 14:44:06: [testprecache.amxx] player/pl_wade2.wav
L 12/09/2024 - 14:44:06: [testprecache.amxx] precaching file
L 12/09/2024 - 14:44:06: [testprecache.amxx] hlcoop/shockroach/shock_idle3.wav
L 12/09/2024 - 14:44:06: [testprecache.amxx] precaching file
L 12/09/2024 - 14:44:06: [testprecache.amxx] hlcoop/shockroach/shock_idle2.wav
L 12/09/2024 - 14:44:06: [testprecache.amxx] precaching file
L 12/09/2024 - 14:44:06: [testprecache.amxx] /hl2/cscanner/scanner_scan_loop2.wav
L 12/09/2024 - 14:44:06: [testprecache.amxx] precaching file
L 12/09/2024 - 14:44:06: [testprecache.amxx] /hl2/cscanner/scanner_photo1.wav
L 12/09/2024 - 14:44:06: [testprecache.amxx] precaching file
L 12/09/2024 - 14:44:06: [testprecache.amxx] /hl2/cscanner/scanner_blip1.wav
L 12/09/2024 - 14:44:06: [testprecache.amxx] precaching file
L 12/09/2024 - 14:44:06: [testprecache.amxx] /hl2/cscanner/scanner_blip1.wav
L 12/09/2024 - 14:49:57: -------- Mapchange to sandbox --------
L 12/09/2024 - 14:49:57: [testprecache.amxx] precaching file
L 12/09/2024 - 14:49:57: [testprecache.amxx] items/smallmedkit1.wav
L 12/09/2024 - 14:49:57: [testprecache.amxx] precaching file
L 12/09/2024 - 14:49:57: [testprecache.amxx] player/pl_wade1.wav
L 12/09/2024 - 14:49:57: [testprecache.amxx] precaching file
L 12/09/2024 - 14:49:57: [testprecache.amxx] player/pl_wade2.wav
L 12/09/2024 - 14:49:57: [testprecache.amxx] precaching file
L 12/09/2024 - 14:49:57: [testprecache.amxx] hlcoop/shockroach/shock_idle3.wav
L 12/09/2024 - 14:49:57: [testprecache.amxx] precaching file
L 12/09/2024 - 14:49:57: [testprecache.amxx] hlcoop/shockroach/shock_idle2.wav
L 12/09/2024 - 14:49:57: [testprecache.amxx] precaching file
L 12/09/2024 - 14:49:57: [testprecache.amxx] /hl2/cscanner/scanner_scan_loop2.wav
L 12/09/2024 - 14:49:57: [testprecache.amxx] precaching file
L 12/09/2024 - 14:49:57: [testprecache.amxx] /hl2/cscanner/scanner_photo1.wav
L 12/09/2024 - 14:49:57: [testprecache.amxx] precaching file
L 12/09/2024 - 14:49:57: [testprecache.amxx] /hl2/cscanner/scanner_blip1.wav
L 12/09/2024 - 14:49:57: [testprecache.amxx] precaching file
L 12/09/2024 - 14:49:57: [testprecache.amxx] /hl2/cscanner/scanner_blip1.wav
L 12/09/2024 - 14:50:00: -------- Mapchange to d1_trainstation_02 --------
L 12/09/2024 - 14:50:00: [testprecache.amxx] precaching file
L 12/09/2024 - 14:50:00: [testprecache.amxx] items/smallmedkit1.wav
L 12/09/2024 - 14:50:00: [testprecache.amxx] precaching file
L 12/09/2024 - 14:50:00: [testprecache.amxx] player/pl_wade1.wav
L 12/09/2024 - 14:50:00: [testprecache.amxx] precaching file
L 12/09/2024 - 14:50:00: [testprecache.amxx] player/pl_wade2.wav
L 12/09/2024 - 14:50:00: [testprecache.amxx] precaching file
L 12/09/2024 - 14:50:00: [testprecache.amxx] hlcoop/shockroach/shock_idle3.wav
L 12/09/2024 - 14:50:00: [testprecache.amxx] precaching file
L 12/09/2024 - 14:50:00: [testprecache.amxx] hlcoop/shockroach/shock_idle2.wav
L 12/09/2024 - 14:50:00: [testprecache.amxx] precaching file
L 12/09/2024 - 14:50:00: [testprecache.amxx] /hl2/cscanner/scanner_scan_loop2.wav
L 12/09/2024 - 14:50:00: [testprecache.amxx] precaching file
L 12/09/2024 - 14:50:00: [testprecache.amxx] /hl2/cscanner/scanner_photo1.wav
L 12/09/2024 - 14:50:00: [testprecache.amxx] precaching file
L 12/09/2024 - 14:50:00: [testprecache.amxx] /hl2/cscanner/scanner_blip1.wav
L 12/09/2024 - 14:50:00: [testprecache.amxx] precaching file
L 12/09/2024 - 14:50:00: [testprecache.amxx] /hl2/cscanner/scanner_blip1.wav
L 12/09/2024 - 15:00:29: -------- Mapchange to sandbox --------
L 12/09/2024 - 15:00:29: [testprecache.amxx] precaching file
L 12/09/2024 - 15:00:29: [testprecache.amxx] items/smallmedkit1.wav
L 12/09/2024 - 15:00:29: [testprecache.amxx] precaching file
L 12/09/2024 - 15:00:29: [testprecache.amxx] player/pl_wade1.wav
L 12/09/2024 - 15:00:29: [testprecache.amxx] precaching file
L 12/09/2024 - 15:00:29: [testprecache.amxx] player/pl_wade2.wav
L 12/09/2024 - 15:00:29: [testprecache.amxx] precaching file
L 12/09/2024 - 15:00:29: [testprecache.amxx] hlcoop/shockroach/shock_idle3.wav
L 12/09/2024 - 15:00:29: [testprecache.amxx] precaching file
L 12/09/2024 - 15:00:29: [testprecache.amxx] hlcoop/shockroach/shock_idle2.wav
L 12/09/2024 - 15:00:29: [testprecache.amxx] precaching file
L 12/09/2024 - 15:00:29: [testprecache.amxx] /hl2/cscanner/scanner_scan_loop2.wav
L 12/09/2024 - 15:00:29: [testprecache.amxx] precaching file
L 12/09/2024 - 15:00:29: [testprecache.amxx] /hl2/cscanner/scanner_photo1.wav
L 12/09/2024 - 15:00:29: [testprecache.amxx] precaching file
L 12/09/2024 - 15:00:29: [testprecache.amxx] /hl2/cscanner/scanner_blip1.wav
L 12/09/2024 - 15:00:29: [testprecache.amxx] precaching file
L 12/09/2024 - 15:00:29: [testprecache.amxx] /hl2/cscanner/scanner_blip1.wav
L 12/09/2024 - 15:00:31: -------- Mapchange to d1_trainstation_02 --------
L 12/09/2024 - 15:00:31: [testprecache.amxx] precaching file
L 12/09/2024 - 15:00:31: [testprecache.amxx] items/smallmedkit1.wav
L 12/09/2024 - 15:00:31: [testprecache.amxx] precaching file
L 12/09/2024 - 15:00:31: [testprecache.amxx] player/pl_wade1.wav
L 12/09/2024 - 15:00:31: [testprecache.amxx] precaching file
L 12/09/2024 - 15:00:31: [testprecache.amxx] player/pl_wade2.wav
L 12/09/2024 - 15:00:31: [testprecache.amxx] precaching file
L 12/09/2024 - 15:00:31: [testprecache.amxx] hlcoop/shockroach/shock_idle3.wav
L 12/09/2024 - 15:00:31: [testprecache.amxx] precaching file
L 12/09/2024 - 15:00:31: [testprecache.amxx] hlcoop/shockroach/shock_idle2.wav
L 12/09/2024 - 15:00:31: [testprecache.amxx] precaching file
L 12/09/2024 - 15:00:31: [testprecache.amxx] /hl2/cscanner/scanner_scan_loop2.wav
L 12/09/2024 - 15:00:31: [testprecache.amxx] precaching file
L 12/09/2024 - 15:00:31: [testprecache.amxx] /hl2/cscanner/scanner_photo1.wav
L 12/09/2024 - 15:00:31: [testprecache.amxx] precaching file
L 12/09/2024 - 15:00:31: [testprecache.amxx] /hl2/cscanner/scanner_blip1.wav
L 12/09/2024 - 15:00:31: [testprecache.amxx] precaching file
L 12/09/2024 - 15:00:31: [testprecache.amxx] /hl2/cscanner/scanner_blip1.wav
L 12/09/2024 - 15:08:54: -------- Mapchange to sandbox --------
L 12/09/2024 - 15:08:54: [testprecache.amxx] precaching file
L 12/09/2024 - 15:08:54: [testprecache.amxx] items/smallmedkit1.wav
L 12/09/2024 - 15:08:54: [testprecache.amxx] precaching file
L 12/09/2024 - 15:08:54: [testprecache.amxx] player/pl_wade1.wav
L 12/09/2024 - 15:08:54: [testprecache.amxx] precaching file
L 12/09/2024 - 15:08:54: [testprecache.amxx] player/pl_wade2.wav
L 12/09/2024 - 15:08:54: [testprecache.amxx] precaching file
L 12/09/2024 - 15:08:54: [testprecache.amxx] hlcoop/shockroach/shock_idle3.wav
L 12/09/2024 - 15:08:54: [testprecache.amxx] precaching file
L 12/09/2024 - 15:08:54: [testprecache.amxx] hlcoop/shockroach/shock_idle2.wav
L 12/09/2024 - 15:08:54: [testprecache.amxx] precaching file
L 12/09/2024 - 15:08:54: [testprecache.amxx] /hl2/cscanner/scanner_scan_loop2.wav
L 12/09/2024 - 15:08:54: [testprecache.amxx] precaching file
L 12/09/2024 - 15:08:54: [testprecache.amxx] /hl2/cscanner/scanner_photo1.wav
L 12/09/2024 - 15:08:54: [testprecache.amxx] precaching file
L 12/09/2024 - 15:08:54: [testprecache.amxx] /hl2/cscanner/scanner_blip1.wav
L 12/09/2024 - 15:08:54: [testprecache.amxx] precaching file
L 12/09/2024 - 15:08:54: [testprecache.amxx] /hl2/cscanner/scanner_blip1.wav
L 12/09/2024 - 15:08:55: [galileo.amxx] 
L 12/09/2024 - 15:08:55: [galileo.amxx] The server is jumping to the next map after the current map due more than 1 restarts on the map "d1_trainstation_02"
L 12/09/2024 - 15:08:55: [galileo.amxx] 
L 12/09/2024 - 15:08:57: -------- Mapchange to d1_town_01 --------
L 12/09/2024 - 15:08:57: [testprecache.amxx] precaching file
L 12/09/2024 - 15:08:57: [testprecache.amxx] items/smallmedkit1.wav
L 12/09/2024 - 15:08:57: [testprecache.amxx] precaching file
L 12/09/2024 - 15:08:57: [testprecache.amxx] player/pl_wade1.wav
L 12/09/2024 - 15:08:57: [testprecache.amxx] precaching file
L 12/09/2024 - 15:08:57: [testprecache.amxx] player/pl_wade2.wav
L 12/09/2024 - 15:08:57: [testprecache.amxx] precaching file
L 12/09/2024 - 15:08:57: [testprecache.amxx] hlcoop/shockroach/shock_idle3.wav
L 12/09/2024 - 15:08:57: [testprecache.amxx] precaching file
L 12/09/2024 - 15:08:57: [testprecache.amxx] hlcoop/shockroach/shock_idle2.wav
L 12/09/2024 - 15:08:57: [testprecache.amxx] precaching file
L 12/09/2024 - 15:08:57: [testprecache.amxx] /hl2/cscanner/scanner_scan_loop2.wav
L 12/09/2024 - 15:08:57: [testprecache.amxx] precaching file
L 12/09/2024 - 15:08:57: [testprecache.amxx] /hl2/cscanner/scanner_photo1.wav
L 12/09/2024 - 15:08:57: [testprecache.amxx] precaching file
L 12/09/2024 - 15:08:57: [testprecache.amxx] /hl2/cscanner/scanner_blip1.wav
L 12/09/2024 - 15:08:57: [testprecache.amxx] precaching file
L 12/09/2024 - 15:08:57: [testprecache.amxx] /hl2/cscanner/scanner_blip1.wav
L 12/09/2024 - 15:09:27: -------- Mapchange to sandbox --------
L 12/09/2024 - 15:09:27: [testprecache.amxx] precaching file
L 12/09/2024 - 15:09:27: [testprecache.amxx] items/smallmedkit1.wav
L 12/09/2024 - 15:09:27: [testprecache.amxx] precaching file
L 12/09/2024 - 15:09:27: [testprecache.amxx] player/pl_wade1.wav
L 12/09/2024 - 15:09:27: [testprecache.amxx] precaching file
L 12/09/2024 - 15:09:27: [testprecache.amxx] player/pl_wade2.wav
L 12/09/2024 - 15:09:27: [testprecache.amxx] precaching file
L 12/09/2024 - 15:09:27: [testprecache.amxx] hlcoop/shockroach/shock_idle3.wav
L 12/09/2024 - 15:09:27: [testprecache.amxx] precaching file
L 12/09/2024 - 15:09:27: [testprecache.amxx] hlcoop/shockroach/shock_idle2.wav
L 12/09/2024 - 15:09:27: [testprecache.amxx] precaching file
L 12/09/2024 - 15:09:27: [testprecache.amxx] /hl2/cscanner/scanner_scan_loop2.wav
L 12/09/2024 - 15:09:27: [testprecache.amxx] precaching file
L 12/09/2024 - 15:09:27: [testprecache.amxx] /hl2/cscanner/scanner_photo1.wav
L 12/09/2024 - 15:09:27: [testprecache.amxx] precaching file
L 12/09/2024 - 15:09:27: [testprecache.amxx] /hl2/cscanner/scanner_blip1.wav
L 12/09/2024 - 15:09:27: [testprecache.amxx] precaching file
L 12/09/2024 - 15:09:27: [testprecache.amxx] /hl2/cscanner/scanner_blip1.wav
L 12/09/2024 - 15:09:30: -------- Mapchange to d1_town_01 --------
L 12/09/2024 - 15:09:30: [testprecache.amxx] precaching file
L 12/09/2024 - 15:09:30: [testprecache.amxx] items/smallmedkit1.wav
L 12/09/2024 - 15:09:30: [testprecache.amxx] precaching file
L 12/09/2024 - 15:09:30: [testprecache.amxx] player/pl_wade1.wav
L 12/09/2024 - 15:09:30: [testprecache.amxx] precaching file
L 12/09/2024 - 15:09:30: [testprecache.amxx] player/pl_wade2.wav
L 12/09/2024 - 15:09:30: [testprecache.amxx] precaching file
L 12/09/2024 - 15:09:30: [testprecache.amxx] hlcoop/shockroach/shock_idle3.wav
L 12/09/2024 - 15:09:30: [testprecache.amxx] precaching file
L 12/09/2024 - 15:09:30: [testprecache.amxx] hlcoop/shockroach/shock_idle2.wav
L 12/09/2024 - 15:09:30: [testprecache.amxx] precaching file
L 12/09/2024 - 15:09:30: [testprecache.amxx] /hl2/cscanner/scanner_scan_loop2.wav
L 12/09/2024 - 15:09:30: [testprecache.amxx] precaching file
L 12/09/2024 - 15:09:30: [testprecache.amxx] /hl2/cscanner/scanner_photo1.wav
L 12/09/2024 - 15:09:30: [testprecache.amxx] precaching file
L 12/09/2024 - 15:09:30: [testprecache.amxx] /hl2/cscanner/scanner_blip1.wav
L 12/09/2024 - 15:09:30: [testprecache.amxx] precaching file
L 12/09/2024 - 15:09:30: [testprecache.amxx] /hl2/cscanner/scanner_blip1.wav
L 12/09/2024 - 15:09:41: -------- Mapchange to d1_trainstation_02 --------
L 12/09/2024 - 15:09:41: [testprecache.amxx] precaching file
L 12/09/2024 - 15:09:41: [testprecache.amxx] items/smallmedkit1.wav
L 12/09/2024 - 15:09:41: [testprecache.amxx] precaching file
L 12/09/2024 - 15:09:41: [testprecache.amxx] player/pl_wade1.wav
L 12/09/2024 - 15:09:41: [testprecache.amxx] precaching file
L 12/09/2024 - 15:09:41: [testprecache.amxx] player/pl_wade2.wav
L 12/09/2024 - 15:09:41: [testprecache.amxx] precaching file
L 12/09/2024 - 15:09:41: [testprecache.amxx] hlcoop/shockroach/shock_idle3.wav
L 12/09/2024 - 15:09:41: [testprecache.amxx] precaching file
L 12/09/2024 - 15:09:41: [testprecache.amxx] hlcoop/shockroach/shock_idle2.wav
L 12/09/2024 - 15:09:41: [testprecache.amxx] precaching file
L 12/09/2024 - 15:09:41: [testprecache.amxx] /hl2/cscanner/scanner_scan_loop2.wav
L 12/09/2024 - 15:09:41: [testprecache.amxx] precaching file
L 12/09/2024 - 15:09:41: [testprecache.amxx] /hl2/cscanner/scanner_photo1.wav
L 12/09/2024 - 15:09:41: [testprecache.amxx] precaching file
L 12/09/2024 - 15:09:41: [testprecache.amxx] /hl2/cscanner/scanner_blip1.wav
L 12/09/2024 - 15:09:41: [testprecache.amxx] precaching file
L 12/09/2024 - 15:09:41: [testprecache.amxx] /hl2/cscanner/scanner_blip1.wav
L 12/09/2024 - 15:13:56: -------- Mapchange to sandbox --------
L 12/09/2024 - 15:13:56: [testprecache.amxx] precaching file
L 12/09/2024 - 15:13:56: [testprecache.amxx] items/smallmedkit1.wav
L 12/09/2024 - 15:13:56: [testprecache.amxx] precaching file
L 12/09/2024 - 15:13:56: [testprecache.amxx] player/pl_wade1.wav
L 12/09/2024 - 15:13:56: [testprecache.amxx] precaching file
L 12/09/2024 - 15:13:56: [testprecache.amxx] player/pl_wade2.wav
L 12/09/2024 - 15:13:56: [testprecache.amxx] precaching file
L 12/09/2024 - 15:13:56: [testprecache.amxx] hlcoop/shockroach/shock_idle3.wav
L 12/09/2024 - 15:13:56: [testprecache.amxx] precaching file
L 12/09/2024 - 15:13:56: [testprecache.amxx] hlcoop/shockroach/shock_idle2.wav
L 12/09/2024 - 15:13:56: [testprecache.amxx] precaching file
L 12/09/2024 - 15:13:56: [testprecache.amxx] /hl2/cscanner/scanner_scan_loop2.wav
L 12/09/2024 - 15:13:56: [testprecache.amxx] precaching file
L 12/09/2024 - 15:13:56: [testprecache.amxx] /hl2/cscanner/scanner_photo1.wav
L 12/09/2024 - 15:13:56: [testprecache.amxx] precaching file
L 12/09/2024 - 15:13:56: [testprecache.amxx] /hl2/cscanner/scanner_blip1.wav
L 12/09/2024 - 15:13:56: [testprecache.amxx] precaching file
L 12/09/2024 - 15:13:56: [testprecache.amxx] /hl2/cscanner/scanner_blip1.wav
L 12/09/2024 - 15:13:59: -------- Mapchange to d1_trainstation_02 --------
L 12/09/2024 - 15:13:59: [testprecache.amxx] precaching file
L 12/09/2024 - 15:13:59: [testprecache.amxx] items/smallmedkit1.wav
L 12/09/2024 - 15:13:59: [testprecache.amxx] precaching file
L 12/09/2024 - 15:13:59: [testprecache.amxx] player/pl_wade1.wav
L 12/09/2024 - 15:13:59: [testprecache.amxx] precaching file
L 12/09/2024 - 15:13:59: [testprecache.amxx] player/pl_wade2.wav
L 12/09/2024 - 15:13:59: [testprecache.amxx] precaching file
L 12/09/2024 - 15:13:59: [testprecache.amxx] hlcoop/shockroach/shock_idle3.wav
L 12/09/2024 - 15:13:59: [testprecache.amxx] precaching file
L 12/09/2024 - 15:13:59: [testprecache.amxx] hlcoop/shockroach/shock_idle2.wav
L 12/09/2024 - 15:13:59: [testprecache.amxx] precaching file
L 12/09/2024 - 15:13:59: [testprecache.amxx] /hl2/cscanner/scanner_scan_loop2.wav
L 12/09/2024 - 15:13:59: [testprecache.amxx] precaching file
L 12/09/2024 - 15:13:59: [testprecache.amxx] /hl2/cscanner/scanner_photo1.wav
L 12/09/2024 - 15:13:59: [testprecache.amxx] precaching file
L 12/09/2024 - 15:13:59: [testprecache.amxx] /hl2/cscanner/scanner_blip1.wav
L 12/09/2024 - 15:13:59: [testprecache.amxx] precaching file
L 12/09/2024 - 15:13:59: [testprecache.amxx] /hl2/cscanner/scanner_blip1.wav
L 12/09/2024 - 15:58:58: -------- Mapchange to sandbox --------
L 12/09/2024 - 15:58:58: [testprecache.amxx] precaching file
L 12/09/2024 - 15:58:58: [testprecache.amxx] items/smallmedkit1.wav
L 12/09/2024 - 15:58:58: [testprecache.amxx] precaching file
L 12/09/2024 - 15:58:58: [testprecache.amxx] player/pl_wade1.wav
L 12/09/2024 - 15:58:58: [testprecache.amxx] precaching file
L 12/09/2024 - 15:58:58: [testprecache.amxx] player/pl_wade2.wav
L 12/09/2024 - 15:58:58: [testprecache.amxx] precaching file
L 12/09/2024 - 15:58:58: [testprecache.amxx] hlcoop/shockroach/shock_idle3.wav
L 12/09/2024 - 15:58:58: [testprecache.amxx] precaching file
L 12/09/2024 - 15:58:58: [testprecache.amxx] hlcoop/shockroach/shock_idle2.wav
L 12/09/2024 - 15:58:58: [testprecache.amxx] precaching file
L 12/09/2024 - 15:58:58: [testprecache.amxx] /hl2/cscanner/scanner_scan_loop2.wav
L 12/09/2024 - 15:58:58: [testprecache.amxx] precaching file
L 12/09/2024 - 15:58:58: [testprecache.amxx] /hl2/cscanner/scanner_photo1.wav
L 12/09/2024 - 15:58:58: [testprecache.amxx] precaching file
L 12/09/2024 - 15:58:58: [testprecache.amxx] /hl2/cscanner/scanner_blip1.wav
L 12/09/2024 - 15:58:58: [testprecache.amxx] precaching file
L 12/09/2024 - 15:58:58: [testprecache.amxx] /hl2/cscanner/scanner_blip1.wav
L 12/09/2024 - 15:59:00: -------- Mapchange to d1_trainstation_02 --------
L 12/09/2024 - 15:59:00: [testprecache.amxx] precaching file
L 12/09/2024 - 15:59:00: [testprecache.amxx] items/smallmedkit1.wav
L 12/09/2024 - 15:59:00: [testprecache.amxx] precaching file
L 12/09/2024 - 15:59:00: [testprecache.amxx] player/pl_wade1.wav
L 12/09/2024 - 15:59:00: [testprecache.amxx] precaching file
L 12/09/2024 - 15:59:00: [testprecache.amxx] player/pl_wade2.wav
L 12/09/2024 - 15:59:00: [testprecache.amxx] precaching file
L 12/09/2024 - 15:59:00: [testprecache.amxx] hlcoop/shockroach/shock_idle3.wav
L 12/09/2024 - 15:59:00: [testprecache.amxx] precaching file
L 12/09/2024 - 15:59:00: [testprecache.amxx] hlcoop/shockroach/shock_idle2.wav
L 12/09/2024 - 15:59:00: [testprecache.amxx] precaching file
L 12/09/2024 - 15:59:00: [testprecache.amxx] /hl2/cscanner/scanner_scan_loop2.wav
L 12/09/2024 - 15:59:00: [testprecache.amxx] precaching file
L 12/09/2024 - 15:59:00: [testprecache.amxx] /hl2/cscanner/scanner_photo1.wav
L 12/09/2024 - 15:59:00: [testprecache.amxx] precaching file
L 12/09/2024 - 15:59:00: [testprecache.amxx] /hl2/cscanner/scanner_blip1.wav
L 12/09/2024 - 15:59:00: [testprecache.amxx] precaching file
L 12/09/2024 - 15:59:00: [testprecache.amxx] /hl2/cscanner/scanner_blip1.wav
L 12/09/2024 - 16:04:23: -------- Mapchange to sandbox --------
L 12/09/2024 - 16:04:23: [testprecache.amxx] precaching file
L 12/09/2024 - 16:04:23: [testprecache.amxx] items/smallmedkit1.wav
L 12/09/2024 - 16:04:23: [testprecache.amxx] precaching file
L 12/09/2024 - 16:04:23: [testprecache.amxx] player/pl_wade1.wav
L 12/09/2024 - 16:04:23: [testprecache.amxx] precaching file
L 12/09/2024 - 16:04:23: [testprecache.amxx] player/pl_wade2.wav
L 12/09/2024 - 16:04:23: [testprecache.amxx] precaching file
L 12/09/2024 - 16:04:23: [testprecache.amxx] hlcoop/shockroach/shock_idle3.wav
L 12/09/2024 - 16:04:23: [testprecache.amxx] precaching file
L 12/09/2024 - 16:04:23: [testprecache.amxx] hlcoop/shockroach/shock_idle2.wav
L 12/09/2024 - 16:04:23: [testprecache.amxx] precaching file
L 12/09/2024 - 16:04:23: [testprecache.amxx] /hl2/cscanner/scanner_scan_loop2.wav
L 12/09/2024 - 16:04:23: [testprecache.amxx] precaching file
L 12/09/2024 - 16:04:23: [testprecache.amxx] /hl2/cscanner/scanner_photo1.wav
L 12/09/2024 - 16:04:23: [testprecache.amxx] precaching file
L 12/09/2024 - 16:04:23: [testprecache.amxx] /hl2/cscanner/scanner_blip1.wav
L 12/09/2024 - 16:04:23: [testprecache.amxx] precaching file
L 12/09/2024 - 16:04:23: [testprecache.amxx] /hl2/cscanner/scanner_blip1.wav
L 12/09/2024 - 16:04:23: [galileo.amxx] 
L 12/09/2024 - 16:04:23: [galileo.amxx] The server is jumping to the next map after the current map due more than 1 restarts on the map "d1_trainstation_02"
L 12/09/2024 - 16:04:23: [galileo.amxx] 
L 12/09/2024 - 16:04:25: -------- Mapchange to d1_town_01 --------
L 12/09/2024 - 16:04:25: [testprecache.amxx] precaching file
L 12/09/2024 - 16:04:25: [testprecache.amxx] items/smallmedkit1.wav
L 12/09/2024 - 16:04:25: [testprecache.amxx] precaching file
L 12/09/2024 - 16:04:25: [testprecache.amxx] player/pl_wade1.wav
L 12/09/2024 - 16:04:25: [testprecache.amxx] precaching file
L 12/09/2024 - 16:04:25: [testprecache.amxx] player/pl_wade2.wav
L 12/09/2024 - 16:04:25: [testprecache.amxx] precaching file
L 12/09/2024 - 16:04:25: [testprecache.amxx] hlcoop/shockroach/shock_idle3.wav
L 12/09/2024 - 16:04:25: [testprecache.amxx] precaching file
L 12/09/2024 - 16:04:25: [testprecache.amxx] hlcoop/shockroach/shock_idle2.wav
L 12/09/2024 - 16:04:25: [testprecache.amxx] precaching file
L 12/09/2024 - 16:04:25: [testprecache.amxx] /hl2/cscanner/scanner_scan_loop2.wav
L 12/09/2024 - 16:04:25: [testprecache.amxx] precaching file
L 12/09/2024 - 16:04:25: [testprecache.amxx] /hl2/cscanner/scanner_photo1.wav
L 12/09/2024 - 16:04:25: [testprecache.amxx] precaching file
L 12/09/2024 - 16:04:25: [testprecache.amxx] /hl2/cscanner/scanner_blip1.wav
L 12/09/2024 - 16:04:25: [testprecache.amxx] precaching file
L 12/09/2024 - 16:04:25: [testprecache.amxx] /hl2/cscanner/scanner_blip1.wav
L 12/09/2024 - 16:04:36: -------- Mapchange to coolrig --------
L 12/09/2024 - 16:04:36: [testprecache.amxx] precaching file
L 12/09/2024 - 16:04:36: [testprecache.amxx] items/smallmedkit1.wav
L 12/09/2024 - 16:04:36: [testprecache.amxx] precaching file
L 12/09/2024 - 16:04:36: [testprecache.amxx] player/pl_wade1.wav
L 12/09/2024 - 16:04:36: [testprecache.amxx] precaching file
L 12/09/2024 - 16:04:36: [testprecache.amxx] player/pl_wade2.wav
L 12/09/2024 - 16:04:36: [testprecache.amxx] precaching file
L 12/09/2024 - 16:04:36: [testprecache.amxx] hlcoop/shockroach/shock_idle3.wav
L 12/09/2024 - 16:04:36: [testprecache.amxx] precaching file
L 12/09/2024 - 16:04:36: [testprecache.amxx] hlcoop/shockroach/shock_idle2.wav
L 12/09/2024 - 16:04:36: [testprecache.amxx] precaching file
L 12/09/2024 - 16:04:36: [testprecache.amxx] /hl2/cscanner/scanner_scan_loop2.wav
L 12/09/2024 - 16:04:36: [testprecache.amxx] precaching file
L 12/09/2024 - 16:04:36: [testprecache.amxx] /hl2/cscanner/scanner_photo1.wav
L 12/09/2024 - 16:04:36: [testprecache.amxx] precaching file
L 12/09/2024 - 16:04:36: [testprecache.amxx] /hl2/cscanner/scanner_blip1.wav
L 12/09/2024 - 16:04:36: [testprecache.amxx] precaching file
L 12/09/2024 - 16:04:36: [testprecache.amxx] /hl2/cscanner/scanner_blip1.wav
L 12/09/2024 - 16:08:40: -------- Mapchange to sandbox --------
L 12/09/2024 - 16:08:40: [testprecache.amxx] precaching file
L 12/09/2024 - 16:08:40: [testprecache.amxx] items/smallmedkit1.wav
L 12/09/2024 - 16:08:40: [testprecache.amxx] precaching file
L 12/09/2024 - 16:08:40: [testprecache.amxx] player/pl_wade1.wav
L 12/09/2024 - 16:08:40: [testprecache.amxx] precaching file
L 12/09/2024 - 16:08:40: [testprecache.amxx] player/pl_wade2.wav
L 12/09/2024 - 16:08:40: [testprecache.amxx] precaching file
L 12/09/2024 - 16:08:40: [testprecache.amxx] hlcoop/shockroach/shock_idle3.wav
L 12/09/2024 - 16:08:40: [testprecache.amxx] precaching file
L 12/09/2024 - 16:08:40: [testprecache.amxx] hlcoop/shockroach/shock_idle2.wav
L 12/09/2024 - 16:08:40: [testprecache.amxx] precaching file
L 12/09/2024 - 16:08:40: [testprecache.amxx] /hl2/cscanner/scanner_scan_loop2.wav
L 12/09/2024 - 16:08:40: [testprecache.amxx] precaching file
L 12/09/2024 - 16:08:40: [testprecache.amxx] /hl2/cscanner/scanner_photo1.wav
L 12/09/2024 - 16:08:40: [testprecache.amxx] precaching file
L 12/09/2024 - 16:08:40: [testprecache.amxx] /hl2/cscanner/scanner_blip1.wav
L 12/09/2024 - 16:08:40: [testprecache.amxx] precaching file
L 12/09/2024 - 16:08:40: [testprecache.amxx] /hl2/cscanner/scanner_blip1.wav
L 12/09/2024 - 16:08:43: -------- Mapchange to coolrig --------
L 12/09/2024 - 16:08:43: [testprecache.amxx] precaching file
L 12/09/2024 - 16:08:43: [testprecache.amxx] items/smallmedkit1.wav
L 12/09/2024 - 16:08:43: [testprecache.amxx] precaching file
L 12/09/2024 - 16:08:43: [testprecache.amxx] player/pl_wade1.wav
L 12/09/2024 - 16:08:43: [testprecache.amxx] precaching file
L 12/09/2024 - 16:08:43: [testprecache.amxx] player/pl_wade2.wav
L 12/09/2024 - 16:08:43: [testprecache.amxx] precaching file
L 12/09/2024 - 16:08:43: [testprecache.amxx] hlcoop/shockroach/shock_idle3.wav
L 12/09/2024 - 16:08:43: [testprecache.amxx] precaching file
L 12/09/2024 - 16:08:43: [testprecache.amxx] hlcoop/shockroach/shock_idle2.wav
L 12/09/2024 - 16:08:43: [testprecache.amxx] precaching file
L 12/09/2024 - 16:08:43: [testprecache.amxx] /hl2/cscanner/scanner_scan_loop2.wav
L 12/09/2024 - 16:08:43: [testprecache.amxx] precaching file
L 12/09/2024 - 16:08:43: [testprecache.amxx] /hl2/cscanner/scanner_photo1.wav
L 12/09/2024 - 16:08:43: [testprecache.amxx] precaching file
L 12/09/2024 - 16:08:43: [testprecache.amxx] /hl2/cscanner/scanner_blip1.wav
L 12/09/2024 - 16:08:43: [testprecache.amxx] precaching file
L 12/09/2024 - 16:08:43: [testprecache.amxx] /hl2/cscanner/scanner_blip1.wav
L 12/09/2024 - 16:13:25: -------- Mapchange to sandbox --------
L 12/09/2024 - 16:13:25: [testprecache.amxx] precaching file
L 12/09/2024 - 16:13:25: [testprecache.amxx] items/smallmedkit1.wav
L 12/09/2024 - 16:13:25: [testprecache.amxx] precaching file
L 12/09/2024 - 16:13:25: [testprecache.amxx] player/pl_wade1.wav
L 12/09/2024 - 16:13:25: [testprecache.amxx] precaching file
L 12/09/2024 - 16:13:25: [testprecache.amxx] player/pl_wade2.wav
L 12/09/2024 - 16:13:25: [testprecache.amxx] precaching file
L 12/09/2024 - 16:13:25: [testprecache.amxx] hlcoop/shockroach/shock_idle3.wav
L 12/09/2024 - 16:13:25: [testprecache.amxx] precaching file
L 12/09/2024 - 16:13:25: [testprecache.amxx] hlcoop/shockroach/shock_idle2.wav
L 12/09/2024 - 16:13:25: [testprecache.amxx] precaching file
L 12/09/2024 - 16:13:25: [testprecache.amxx] /hl2/cscanner/scanner_scan_loop2.wav
L 12/09/2024 - 16:13:25: [testprecache.amxx] precaching file
L 12/09/2024 - 16:13:25: [testprecache.amxx] /hl2/cscanner/scanner_photo1.wav
L 12/09/2024 - 16:13:25: [testprecache.amxx] precaching file
L 12/09/2024 - 16:13:25: [testprecache.amxx] /hl2/cscanner/scanner_blip1.wav
L 12/09/2024 - 16:13:25: [testprecache.amxx] precaching file
L 12/09/2024 - 16:13:25: [testprecache.amxx] /hl2/cscanner/scanner_blip1.wav
L 12/09/2024 - 16:13:28: -------- Mapchange to coolrig --------
L 12/09/2024 - 16:13:28: [testprecache.amxx] precaching file
L 12/09/2024 - 16:13:28: [testprecache.amxx] items/smallmedkit1.wav
L 12/09/2024 - 16:13:28: [testprecache.amxx] precaching file
L 12/09/2024 - 16:13:28: [testprecache.amxx] player/pl_wade1.wav
L 12/09/2024 - 16:13:28: [testprecache.amxx] precaching file
L 12/09/2024 - 16:13:28: [testprecache.amxx] player/pl_wade2.wav
L 12/09/2024 - 16:13:28: [testprecache.amxx] precaching file
L 12/09/2024 - 16:13:28: [testprecache.amxx] hlcoop/shockroach/shock_idle3.wav
L 12/09/2024 - 16:13:28: [testprecache.amxx] precaching file
L 12/09/2024 - 16:13:28: [testprecache.amxx] hlcoop/shockroach/shock_idle2.wav
L 12/09/2024 - 16:13:28: [testprecache.amxx] precaching file
L 12/09/2024 - 16:13:28: [testprecache.amxx] /hl2/cscanner/scanner_scan_loop2.wav
L 12/09/2024 - 16:13:28: [testprecache.amxx] precaching file
L 12/09/2024 - 16:13:28: [testprecache.amxx] /hl2/cscanner/scanner_photo1.wav
L 12/09/2024 - 16:13:28: [testprecache.amxx] precaching file
L 12/09/2024 - 16:13:28: [testprecache.amxx] /hl2/cscanner/scanner_blip1.wav
L 12/09/2024 - 16:13:28: [testprecache.amxx] precaching file
L 12/09/2024 - 16:13:28: [testprecache.amxx] /hl2/cscanner/scanner_blip1.wav
L 12/09/2024 - 16:18:29: -------- Mapchange to sandbox --------
L 12/09/2024 - 16:18:29: [testprecache.amxx] precaching file
L 12/09/2024 - 16:18:29: [testprecache.amxx] items/smallmedkit1.wav
L 12/09/2024 - 16:18:29: [testprecache.amxx] precaching file
L 12/09/2024 - 16:18:29: [testprecache.amxx] player/pl_wade1.wav
L 12/09/2024 - 16:18:29: [testprecache.amxx] precaching file
L 12/09/2024 - 16:18:29: [testprecache.amxx] player/pl_wade2.wav
L 12/09/2024 - 16:18:29: [testprecache.amxx] precaching file
L 12/09/2024 - 16:18:29: [testprecache.amxx] hlcoop/shockroach/shock_idle3.wav
L 12/09/2024 - 16:18:29: [testprecache.amxx] precaching file
L 12/09/2024 - 16:18:29: [testprecache.amxx] hlcoop/shockroach/shock_idle2.wav
L 12/09/2024 - 16:18:29: [testprecache.amxx] precaching file
L 12/09/2024 - 16:18:29: [testprecache.amxx] /hl2/cscanner/scanner_scan_loop2.wav
L 12/09/2024 - 16:18:29: [testprecache.amxx] precaching file
L 12/09/2024 - 16:18:29: [testprecache.amxx] /hl2/cscanner/scanner_photo1.wav
L 12/09/2024 - 16:18:29: [testprecache.amxx] precaching file
L 12/09/2024 - 16:18:29: [testprecache.amxx] /hl2/cscanner/scanner_blip1.wav
L 12/09/2024 - 16:18:29: [testprecache.amxx] precaching file
L 12/09/2024 - 16:18:29: [testprecache.amxx] /hl2/cscanner/scanner_blip1.wav
L 12/09/2024 - 16:18:29: [galileo.amxx] 
L 12/09/2024 - 16:18:29: [galileo.amxx] The server is jumping to the next map after the current map due more than 1 restarts on the map "coolrig"
L 12/09/2024 - 16:18:29: [galileo.amxx] 
L 12/09/2024 - 16:18:31: -------- Mapchange to d1_town_01 --------
L 12/09/2024 - 16:18:31: [testprecache.amxx] precaching file
L 12/09/2024 - 16:18:31: [testprecache.amxx] items/smallmedkit1.wav
L 12/09/2024 - 16:18:31: [testprecache.amxx] precaching file
L 12/09/2024 - 16:18:31: [testprecache.amxx] player/pl_wade1.wav
L 12/09/2024 - 16:18:31: [testprecache.amxx] precaching file
L 12/09/2024 - 16:18:31: [testprecache.amxx] player/pl_wade2.wav
L 12/09/2024 - 16:18:31: [testprecache.amxx] precaching file
L 12/09/2024 - 16:18:31: [testprecache.amxx] hlcoop/shockroach/shock_idle3.wav
L 12/09/2024 - 16:18:31: [testprecache.amxx] precaching file
L 12/09/2024 - 16:18:31: [testprecache.amxx] hlcoop/shockroach/shock_idle2.wav
L 12/09/2024 - 16:18:31: [testprecache.amxx] precaching file
L 12/09/2024 - 16:18:31: [testprecache.amxx] /hl2/cscanner/scanner_scan_loop2.wav
L 12/09/2024 - 16:18:31: [testprecache.amxx] precaching file
L 12/09/2024 - 16:18:31: [testprecache.amxx] /hl2/cscanner/scanner_photo1.wav
L 12/09/2024 - 16:18:31: [testprecache.amxx] precaching file
L 12/09/2024 - 16:18:31: [testprecache.amxx] /hl2/cscanner/scanner_blip1.wav
L 12/09/2024 - 16:18:31: [testprecache.amxx] precaching file
L 12/09/2024 - 16:18:31: [testprecache.amxx] /hl2/cscanner/scanner_blip1.wav
L 12/09/2024 - 16:18:41: -------- Mapchange to coolrig --------
L 12/09/2024 - 16:18:41: [testprecache.amxx] precaching file
L 12/09/2024 - 16:18:41: [testprecache.amxx] items/smallmedkit1.wav
L 12/09/2024 - 16:18:41: [testprecache.amxx] precaching file
L 12/09/2024 - 16:18:41: [testprecache.amxx] player/pl_wade1.wav
L 12/09/2024 - 16:18:41: [testprecache.amxx] precaching file
L 12/09/2024 - 16:18:41: [testprecache.amxx] player/pl_wade2.wav
L 12/09/2024 - 16:18:41: [testprecache.amxx] precaching file
L 12/09/2024 - 16:18:41: [testprecache.amxx] hlcoop/shockroach/shock_idle3.wav
L 12/09/2024 - 16:18:41: [testprecache.amxx] precaching file
L 12/09/2024 - 16:18:41: [testprecache.amxx] hlcoop/shockroach/shock_idle2.wav
L 12/09/2024 - 16:18:41: [testprecache.amxx] precaching file
L 12/09/2024 - 16:18:41: [testprecache.amxx] /hl2/cscanner/scanner_scan_loop2.wav
L 12/09/2024 - 16:18:41: [testprecache.amxx] precaching file
L 12/09/2024 - 16:18:41: [testprecache.amxx] /hl2/cscanner/scanner_photo1.wav
L 12/09/2024 - 16:18:41: [testprecache.amxx] precaching file
L 12/09/2024 - 16:18:41: [testprecache.amxx] /hl2/cscanner/scanner_blip1.wav
L 12/09/2024 - 16:18:41: [testprecache.amxx] precaching file
L 12/09/2024 - 16:18:41: [testprecache.amxx] /hl2/cscanner/scanner_blip1.wav
L 12/09/2024 - 18:41:00: -------- Mapchange to sandbox --------
L 12/09/2024 - 18:41:00: [testprecache.amxx] precaching file
L 12/09/2024 - 18:41:00: [testprecache.amxx] items/smallmedkit1.wav
L 12/09/2024 - 18:41:00: [testprecache.amxx] precaching file
L 12/09/2024 - 18:41:00: [testprecache.amxx] player/pl_wade1.wav
L 12/09/2024 - 18:41:00: [testprecache.amxx] precaching file
L 12/09/2024 - 18:41:00: [testprecache.amxx] player/pl_wade2.wav
L 12/09/2024 - 18:41:00: [testprecache.amxx] precaching file
L 12/09/2024 - 18:41:00: [testprecache.amxx] hlcoop/shockroach/shock_idle3.wav
L 12/09/2024 - 18:41:00: [testprecache.amxx] precaching file
L 12/09/2024 - 18:41:00: [testprecache.amxx] hlcoop/shockroach/shock_idle2.wav
L 12/09/2024 - 18:41:00: [testprecache.amxx] precaching file
L 12/09/2024 - 18:41:00: [testprecache.amxx] /hl2/cscanner/scanner_scan_loop2.wav
L 12/09/2024 - 18:41:00: [testprecache.amxx] precaching file
L 12/09/2024 - 18:41:00: [testprecache.amxx] /hl2/cscanner/scanner_photo1.wav
L 12/09/2024 - 18:41:00: [testprecache.amxx] precaching file
L 12/09/2024 - 18:41:00: [testprecache.amxx] /hl2/cscanner/scanner_blip1.wav
L 12/09/2024 - 18:41:00: [testprecache.amxx] precaching file
L 12/09/2024 - 18:41:00: [testprecache.amxx] /hl2/cscanner/scanner_blip1.wav
L 12/09/2024 - 18:41:03: -------- Mapchange to coolrig --------
L 12/09/2024 - 18:41:03: [testprecache.amxx] precaching file
L 12/09/2024 - 18:41:03: [testprecache.amxx] items/smallmedkit1.wav
L 12/09/2024 - 18:41:03: [testprecache.amxx] precaching file
L 12/09/2024 - 18:41:03: [testprecache.amxx] player/pl_wade1.wav
L 12/09/2024 - 18:41:03: [testprecache.amxx] precaching file
L 12/09/2024 - 18:41:03: [testprecache.amxx] player/pl_wade2.wav
L 12/09/2024 - 18:41:03: [testprecache.amxx] precaching file
L 12/09/2024 - 18:41:03: [testprecache.amxx] hlcoop/shockroach/shock_idle3.wav
L 12/09/2024 - 18:41:03: [testprecache.amxx] precaching file
L 12/09/2024 - 18:41:03: [testprecache.amxx] hlcoop/shockroach/shock_idle2.wav
L 12/09/2024 - 18:41:03: [testprecache.amxx] precaching file
L 12/09/2024 - 18:41:03: [testprecache.amxx] /hl2/cscanner/scanner_scan_loop2.wav
L 12/09/2024 - 18:41:03: [testprecache.amxx] precaching file
L 12/09/2024 - 18:41:03: [testprecache.amxx] /hl2/cscanner/scanner_photo1.wav
L 12/09/2024 - 18:41:03: [testprecache.amxx] precaching file
L 12/09/2024 - 18:41:03: [testprecache.amxx] /hl2/cscanner/scanner_blip1.wav
L 12/09/2024 - 18:41:03: [testprecache.amxx] precaching file
L 12/09/2024 - 18:41:03: [testprecache.amxx] /hl2/cscanner/scanner_blip1.wav
L 12/09/2024 - 18:47:42: -------- Mapchange to sandbox --------
L 12/09/2024 - 18:47:42: [testprecache.amxx] precaching file
L 12/09/2024 - 18:47:42: [testprecache.amxx] items/smallmedkit1.wav
L 12/09/2024 - 18:47:42: [testprecache.amxx] precaching file
L 12/09/2024 - 18:47:42: [testprecache.amxx] player/pl_wade1.wav
L 12/09/2024 - 18:47:42: [testprecache.amxx] precaching file
L 12/09/2024 - 18:47:42: [testprecache.amxx] player/pl_wade2.wav
L 12/09/2024 - 18:47:42: [testprecache.amxx] precaching file
L 12/09/2024 - 18:47:42: [testprecache.amxx] hlcoop/shockroach/shock_idle3.wav
L 12/09/2024 - 18:47:42: [testprecache.amxx] precaching file
L 12/09/2024 - 18:47:42: [testprecache.amxx] hlcoop/shockroach/shock_idle2.wav
L 12/09/2024 - 18:47:42: [testprecache.amxx] precaching file
L 12/09/2024 - 18:47:42: [testprecache.amxx] /hl2/cscanner/scanner_scan_loop2.wav
L 12/09/2024 - 18:47:42: [testprecache.amxx] precaching file
L 12/09/2024 - 18:47:42: [testprecache.amxx] /hl2/cscanner/scanner_photo1.wav
L 12/09/2024 - 18:47:42: [testprecache.amxx] precaching file
L 12/09/2024 - 18:47:42: [testprecache.amxx] /hl2/cscanner/scanner_blip1.wav
L 12/09/2024 - 18:47:42: [testprecache.amxx] precaching file
L 12/09/2024 - 18:47:42: [testprecache.amxx] /hl2/cscanner/scanner_blip1.wav
L 12/09/2024 - 18:47:45: -------- Mapchange to coolrig --------
L 12/09/2024 - 18:47:45: [testprecache.amxx] precaching file
L 12/09/2024 - 18:47:45: [testprecache.amxx] items/smallmedkit1.wav
L 12/09/2024 - 18:47:45: [testprecache.amxx] precaching file
L 12/09/2024 - 18:47:45: [testprecache.amxx] player/pl_wade1.wav
L 12/09/2024 - 18:47:45: [testprecache.amxx] precaching file
L 12/09/2024 - 18:47:45: [testprecache.amxx] player/pl_wade2.wav
L 12/09/2024 - 18:47:45: [testprecache.amxx] precaching file
L 12/09/2024 - 18:47:45: [testprecache.amxx] hlcoop/shockroach/shock_idle3.wav
L 12/09/2024 - 18:47:45: [testprecache.amxx] precaching file
L 12/09/2024 - 18:47:45: [testprecache.amxx] hlcoop/shockroach/shock_idle2.wav
L 12/09/2024 - 18:47:45: [testprecache.amxx] precaching file
L 12/09/2024 - 18:47:45: [testprecache.amxx] /hl2/cscanner/scanner_scan_loop2.wav
L 12/09/2024 - 18:47:45: [testprecache.amxx] precaching file
L 12/09/2024 - 18:47:45: [testprecache.amxx] /hl2/cscanner/scanner_photo1.wav
L 12/09/2024 - 18:47:45: [testprecache.amxx] precaching file
L 12/09/2024 - 18:47:45: [testprecache.amxx] /hl2/cscanner/scanner_blip1.wav
L 12/09/2024 - 18:47:45: [testprecache.amxx] precaching file
L 12/09/2024 - 18:47:45: [testprecache.amxx] /hl2/cscanner/scanner_blip1.wav
L 12/09/2024 - 18:51:48: -------- Mapchange to sandbox --------
L 12/09/2024 - 18:51:48: [testprecache.amxx] precaching file
L 12/09/2024 - 18:51:48: [testprecache.amxx] items/smallmedkit1.wav
L 12/09/2024 - 18:51:48: [testprecache.amxx] precaching file
L 12/09/2024 - 18:51:48: [testprecache.amxx] player/pl_wade1.wav
L 12/09/2024 - 18:51:48: [testprecache.amxx] precaching file
L 12/09/2024 - 18:51:48: [testprecache.amxx] player/pl_wade2.wav
L 12/09/2024 - 18:51:48: [testprecache.amxx] precaching file
L 12/09/2024 - 18:51:48: [testprecache.amxx] hlcoop/shockroach/shock_idle3.wav
L 12/09/2024 - 18:51:48: [testprecache.amxx] precaching file
L 12/09/2024 - 18:51:48: [testprecache.amxx] hlcoop/shockroach/shock_idle2.wav
L 12/09/2024 - 18:51:48: [testprecache.amxx] precaching file
L 12/09/2024 - 18:51:48: [testprecache.amxx] /hl2/cscanner/scanner_scan_loop2.wav
L 12/09/2024 - 18:51:48: [testprecache.amxx] precaching file
L 12/09/2024 - 18:51:48: [testprecache.amxx] /hl2/cscanner/scanner_photo1.wav
L 12/09/2024 - 18:51:48: [testprecache.amxx] precaching file
L 12/09/2024 - 18:51:48: [testprecache.amxx] /hl2/cscanner/scanner_blip1.wav
L 12/09/2024 - 18:51:48: [testprecache.amxx] precaching file
L 12/09/2024 - 18:51:48: [testprecache.amxx] /hl2/cscanner/scanner_blip1.wav
L 12/09/2024 - 18:51:48: [galileo.amxx] 
L 12/09/2024 - 18:51:48: [galileo.amxx] The server is jumping to the next map after the current map due more than 1 restarts on the map "coolrig"
L 12/09/2024 - 18:51:48: [galileo.amxx] 
L 12/09/2024 - 18:51:50: -------- Mapchange to d1_town_01 --------
L 12/09/2024 - 18:51:50: [testprecache.amxx] precaching file
L 12/09/2024 - 18:51:50: [testprecache.amxx] items/smallmedkit1.wav
L 12/09/2024 - 18:51:50: [testprecache.amxx] precaching file
L 12/09/2024 - 18:51:50: [testprecache.amxx] player/pl_wade1.wav
L 12/09/2024 - 18:51:50: [testprecache.amxx] precaching file
L 12/09/2024 - 18:51:50: [testprecache.amxx] player/pl_wade2.wav
L 12/09/2024 - 18:51:50: [testprecache.amxx] precaching file
L 12/09/2024 - 18:51:50: [testprecache.amxx] hlcoop/shockroach/shock_idle3.wav
L 12/09/2024 - 18:51:50: [testprecache.amxx] precaching file
L 12/09/2024 - 18:51:50: [testprecache.amxx] hlcoop/shockroach/shock_idle2.wav
L 12/09/2024 - 18:51:50: [testprecache.amxx] precaching file
L 12/09/2024 - 18:51:50: [testprecache.amxx] /hl2/cscanner/scanner_scan_loop2.wav
L 12/09/2024 - 18:51:50: [testprecache.amxx] precaching file
L 12/09/2024 - 18:51:50: [testprecache.amxx] /hl2/cscanner/scanner_photo1.wav
L 12/09/2024 - 18:51:50: [testprecache.amxx] precaching file
L 12/09/2024 - 18:51:50: [testprecache.amxx] /hl2/cscanner/scanner_blip1.wav
L 12/09/2024 - 18:51:50: [testprecache.amxx] precaching file
L 12/09/2024 - 18:51:50: [testprecache.amxx] /hl2/cscanner/scanner_blip1.wav
L 12/09/2024 - 18:52:01: -------- Mapchange to coolrig --------
L 12/09/2024 - 18:52:01: [testprecache.amxx] precaching file
L 12/09/2024 - 18:52:01: [testprecache.amxx] items/smallmedkit1.wav
L 12/09/2024 - 18:52:01: [testprecache.amxx] precaching file
L 12/09/2024 - 18:52:01: [testprecache.amxx] player/pl_wade1.wav
L 12/09/2024 - 18:52:01: [testprecache.amxx] precaching file
L 12/09/2024 - 18:52:01: [testprecache.amxx] player/pl_wade2.wav
L 12/09/2024 - 18:52:01: [testprecache.amxx] precaching file
L 12/09/2024 - 18:52:01: [testprecache.amxx] hlcoop/shockroach/shock_idle3.wav
L 12/09/2024 - 18:52:01: [testprecache.amxx] precaching file
L 12/09/2024 - 18:52:01: [testprecache.amxx] hlcoop/shockroach/shock_idle2.wav
L 12/09/2024 - 18:52:01: [testprecache.amxx] precaching file
L 12/09/2024 - 18:52:01: [testprecache.amxx] /hl2/cscanner/scanner_scan_loop2.wav
L 12/09/2024 - 18:52:01: [testprecache.amxx] precaching file
L 12/09/2024 - 18:52:01: [testprecache.amxx] /hl2/cscanner/scanner_photo1.wav
L 12/09/2024 - 18:52:01: [testprecache.amxx] precaching file
L 12/09/2024 - 18:52:01: [testprecache.amxx] /hl2/cscanner/scanner_blip1.wav
L 12/09/2024 - 18:52:01: [testprecache.amxx] precaching file
L 12/09/2024 - 18:52:01: [testprecache.amxx] /hl2/cscanner/scanner_blip1.wav
L 12/09/2024 - 22:12:33: -------- Mapchange to sandbox --------
L 12/09/2024 - 22:12:33: [testprecache.amxx] precaching file
L 12/09/2024 - 22:12:33: [testprecache.amxx] items/smallmedkit1.wav
L 12/09/2024 - 22:12:33: [testprecache.amxx] precaching file
L 12/09/2024 - 22:12:33: [testprecache.amxx] player/pl_wade1.wav
L 12/09/2024 - 22:12:33: [testprecache.amxx] precaching file
L 12/09/2024 - 22:12:33: [testprecache.amxx] player/pl_wade2.wav
L 12/09/2024 - 22:12:33: [testprecache.amxx] precaching file
L 12/09/2024 - 22:12:33: [testprecache.amxx] hlcoop/shockroach/shock_idle3.wav
L 12/09/2024 - 22:12:33: [testprecache.amxx] precaching file
L 12/09/2024 - 22:12:33: [testprecache.amxx] hlcoop/shockroach/shock_idle2.wav
L 12/09/2024 - 22:12:33: [testprecache.amxx] precaching file
L 12/09/2024 - 22:12:33: [testprecache.amxx] /hl2/cscanner/scanner_scan_loop2.wav
L 12/09/2024 - 22:12:33: [testprecache.amxx] precaching file
L 12/09/2024 - 22:12:33: [testprecache.amxx] /hl2/cscanner/scanner_photo1.wav
L 12/09/2024 - 22:12:33: [testprecache.amxx] precaching file
L 12/09/2024 - 22:12:33: [testprecache.amxx] /hl2/cscanner/scanner_blip1.wav
L 12/09/2024 - 22:12:33: [testprecache.amxx] precaching file
L 12/09/2024 - 22:12:33: [testprecache.amxx] /hl2/cscanner/scanner_blip1.wav
L 12/09/2024 - 22:12:36: -------- Mapchange to coolrig --------
L 12/09/2024 - 22:12:36: [testprecache.amxx] precaching file
L 12/09/2024 - 22:12:36: [testprecache.amxx] items/smallmedkit1.wav
L 12/09/2024 - 22:12:36: [testprecache.amxx] precaching file
L 12/09/2024 - 22:12:36: [testprecache.amxx] player/pl_wade1.wav
L 12/09/2024 - 22:12:36: [testprecache.amxx] precaching file
L 12/09/2024 - 22:12:36: [testprecache.amxx] player/pl_wade2.wav
L 12/09/2024 - 22:12:36: [testprecache.amxx] precaching file
L 12/09/2024 - 22:12:36: [testprecache.amxx] hlcoop/shockroach/shock_idle3.wav
L 12/09/2024 - 22:12:36: [testprecache.amxx] precaching file
L 12/09/2024 - 22:12:36: [testprecache.amxx] hlcoop/shockroach/shock_idle2.wav
L 12/09/2024 - 22:12:36: [testprecache.amxx] precaching file
L 12/09/2024 - 22:12:36: [testprecache.amxx] /hl2/cscanner/scanner_scan_loop2.wav
L 12/09/2024 - 22:12:36: [testprecache.amxx] precaching file
L 12/09/2024 - 22:12:36: [testprecache.amxx] /hl2/cscanner/scanner_photo1.wav
L 12/09/2024 - 22:12:36: [testprecache.amxx] precaching file
L 12/09/2024 - 22:12:36: [testprecache.amxx] /hl2/cscanner/scanner_blip1.wav
L 12/09/2024 - 22:12:36: [testprecache.amxx] precaching file
L 12/09/2024 - 22:12:36: [testprecache.amxx] /hl2/cscanner/scanner_blip1.wav
L 12/09/2024 - 22:14:44: -------- Mapchange to sandbox --------
L 12/09/2024 - 22:14:44: [testprecache.amxx] precaching file
L 12/09/2024 - 22:14:44: [testprecache.amxx] items/smallmedkit1.wav
L 12/09/2024 - 22:14:44: [testprecache.amxx] precaching file
L 12/09/2024 - 22:14:44: [testprecache.amxx] player/pl_wade1.wav
L 12/09/2024 - 22:14:44: [testprecache.amxx] precaching file
L 12/09/2024 - 22:14:44: [testprecache.amxx] player/pl_wade2.wav
L 12/09/2024 - 22:14:44: [testprecache.amxx] precaching file
L 12/09/2024 - 22:14:44: [testprecache.amxx] hlcoop/shockroach/shock_idle3.wav
L 12/09/2024 - 22:14:44: [testprecache.amxx] precaching file
L 12/09/2024 - 22:14:44: [testprecache.amxx] hlcoop/shockroach/shock_idle2.wav
L 12/09/2024 - 22:14:44: [testprecache.amxx] precaching file
L 12/09/2024 - 22:14:44: [testprecache.amxx] /hl2/cscanner/scanner_scan_loop2.wav
L 12/09/2024 - 22:14:44: [testprecache.amxx] precaching file
L 12/09/2024 - 22:14:44: [testprecache.amxx] /hl2/cscanner/scanner_photo1.wav
L 12/09/2024 - 22:14:44: [testprecache.amxx] precaching file
L 12/09/2024 - 22:14:44: [testprecache.amxx] /hl2/cscanner/scanner_blip1.wav
L 12/09/2024 - 22:14:44: [testprecache.amxx] precaching file
L 12/09/2024 - 22:14:44: [testprecache.amxx] /hl2/cscanner/scanner_blip1.wav
L 12/09/2024 - 22:14:47: -------- Mapchange to coolrig --------
L 12/09/2024 - 22:14:47: [testprecache.amxx] precaching file
L 12/09/2024 - 22:14:47: [testprecache.amxx] items/smallmedkit1.wav
L 12/09/2024 - 22:14:47: [testprecache.amxx] precaching file
L 12/09/2024 - 22:14:47: [testprecache.amxx] player/pl_wade1.wav
L 12/09/2024 - 22:14:47: [testprecache.amxx] precaching file
L 12/09/2024 - 22:14:47: [testprecache.amxx] player/pl_wade2.wav
L 12/09/2024 - 22:14:47: [testprecache.amxx] precaching file
L 12/09/2024 - 22:14:47: [testprecache.amxx] hlcoop/shockroach/shock_idle3.wav
L 12/09/2024 - 22:14:47: [testprecache.amxx] precaching file
L 12/09/2024 - 22:14:47: [testprecache.amxx] hlcoop/shockroach/shock_idle2.wav
L 12/09/2024 - 22:14:47: [testprecache.amxx] precaching file
L 12/09/2024 - 22:14:47: [testprecache.amxx] /hl2/cscanner/scanner_scan_loop2.wav
L 12/09/2024 - 22:14:47: [testprecache.amxx] precaching file
L 12/09/2024 - 22:14:47: [testprecache.amxx] /hl2/cscanner/scanner_photo1.wav
L 12/09/2024 - 22:14:47: [testprecache.amxx] precaching file
L 12/09/2024 - 22:14:47: [testprecache.amxx] /hl2/cscanner/scanner_blip1.wav
L 12/09/2024 - 22:14:47: [testprecache.amxx] precaching file
L 12/09/2024 - 22:14:47: [testprecache.amxx] /hl2/cscanner/scanner_blip1.wav
L 12/09/2024 - 22:44:17: -------- Mapchange to sandbox --------
L 12/09/2024 - 22:44:17: [testprecache.amxx] precaching file
L 12/09/2024 - 22:44:17: [testprecache.amxx] items/smallmedkit1.wav
L 12/09/2024 - 22:44:17: [testprecache.amxx] precaching file
L 12/09/2024 - 22:44:17: [testprecache.amxx] player/pl_wade1.wav
L 12/09/2024 - 22:44:17: [testprecache.amxx] precaching file
L 12/09/2024 - 22:44:17: [testprecache.amxx] player/pl_wade2.wav
L 12/09/2024 - 22:44:17: [testprecache.amxx] precaching file
L 12/09/2024 - 22:44:17: [testprecache.amxx] hlcoop/shockroach/shock_idle3.wav
L 12/09/2024 - 22:44:17: [testprecache.amxx] precaching file
L 12/09/2024 - 22:44:17: [testprecache.amxx] hlcoop/shockroach/shock_idle2.wav
L 12/09/2024 - 22:44:17: [testprecache.amxx] precaching file
L 12/09/2024 - 22:44:17: [testprecache.amxx] /hl2/cscanner/scanner_scan_loop2.wav
L 12/09/2024 - 22:44:17: [testprecache.amxx] precaching file
L 12/09/2024 - 22:44:17: [testprecache.amxx] /hl2/cscanner/scanner_photo1.wav
L 12/09/2024 - 22:44:17: [testprecache.amxx] precaching file
L 12/09/2024 - 22:44:17: [testprecache.amxx] /hl2/cscanner/scanner_blip1.wav
L 12/09/2024 - 22:44:17: [testprecache.amxx] precaching file
L 12/09/2024 - 22:44:17: [testprecache.amxx] /hl2/cscanner/scanner_blip1.wav
L 12/09/2024 - 22:44:17: [galileo.amxx] 
L 12/09/2024 - 22:44:17: [galileo.amxx] The server is jumping to the next map after the current map due more than 1 restarts on the map "coolrig"
L 12/09/2024 - 22:44:17: [galileo.amxx] 
L 12/09/2024 - 22:44:20: -------- Mapchange to d1_town_01 --------
L 12/09/2024 - 22:44:20: [testprecache.amxx] precaching file
L 12/09/2024 - 22:44:20: [testprecache.amxx] items/smallmedkit1.wav
L 12/09/2024 - 22:44:20: [testprecache.amxx] precaching file
L 12/09/2024 - 22:44:20: [testprecache.amxx] player/pl_wade1.wav
L 12/09/2024 - 22:44:20: [testprecache.amxx] precaching file
L 12/09/2024 - 22:44:20: [testprecache.amxx] player/pl_wade2.wav
L 12/09/2024 - 22:44:20: [testprecache.amxx] precaching file
L 12/09/2024 - 22:44:20: [testprecache.amxx] hlcoop/shockroach/shock_idle3.wav
L 12/09/2024 - 22:44:20: [testprecache.amxx] precaching file
L 12/09/2024 - 22:44:20: [testprecache.amxx] hlcoop/shockroach/shock_idle2.wav
L 12/09/2024 - 22:44:20: [testprecache.amxx] precaching file
L 12/09/2024 - 22:44:20: [testprecache.amxx] /hl2/cscanner/scanner_scan_loop2.wav
L 12/09/2024 - 22:44:20: [testprecache.amxx] precaching file
L 12/09/2024 - 22:44:20: [testprecache.amxx] /hl2/cscanner/scanner_photo1.wav
L 12/09/2024 - 22:44:20: [testprecache.amxx] precaching file
L 12/09/2024 - 22:44:20: [testprecache.amxx] /hl2/cscanner/scanner_blip1.wav
L 12/09/2024 - 22:44:20: [testprecache.amxx] precaching file
L 12/09/2024 - 22:44:20: [testprecache.amxx] /hl2/cscanner/scanner_blip1.wav
L 12/09/2024 - 22:44:35: -------- Mapchange to coolrig --------
L 12/09/2024 - 22:44:35: [testprecache.amxx] precaching file
L 12/09/2024 - 22:44:35: [testprecache.amxx] items/smallmedkit1.wav
L 12/09/2024 - 22:44:35: [testprecache.amxx] precaching file
L 12/09/2024 - 22:44:35: [testprecache.amxx] player/pl_wade1.wav
L 12/09/2024 - 22:44:35: [testprecache.amxx] precaching file
L 12/09/2024 - 22:44:35: [testprecache.amxx] player/pl_wade2.wav
L 12/09/2024 - 22:44:35: [testprecache.amxx] precaching file
L 12/09/2024 - 22:44:35: [testprecache.amxx] hlcoop/shockroach/shock_idle3.wav
L 12/09/2024 - 22:44:35: [testprecache.amxx] precaching file
L 12/09/2024 - 22:44:35: [testprecache.amxx] hlcoop/shockroach/shock_idle2.wav
L 12/09/2024 - 22:44:35: [testprecache.amxx] precaching file
L 12/09/2024 - 22:44:35: [testprecache.amxx] /hl2/cscanner/scanner_scan_loop2.wav
L 12/09/2024 - 22:44:35: [testprecache.amxx] precaching file
L 12/09/2024 - 22:44:35: [testprecache.amxx] /hl2/cscanner/scanner_photo1.wav
L 12/09/2024 - 22:44:35: [testprecache.amxx] precaching file
L 12/09/2024 - 22:44:35: [testprecache.amxx] /hl2/cscanner/scanner_blip1.wav
L 12/09/2024 - 22:44:35: [testprecache.amxx] precaching file
L 12/09/2024 - 22:44:35: [testprecache.amxx] /hl2/cscanner/scanner_blip1.wav
L 12/09/2024 - 22:52:57: -------- Mapchange to sandbox --------
L 12/09/2024 - 22:52:57: [testprecache.amxx] precaching file
L 12/09/2024 - 22:52:57: [testprecache.amxx] items/smallmedkit1.wav
L 12/09/2024 - 22:52:57: [testprecache.amxx] precaching file
L 12/09/2024 - 22:52:57: [testprecache.amxx] player/pl_wade1.wav
L 12/09/2024 - 22:52:57: [testprecache.amxx] precaching file
L 12/09/2024 - 22:52:57: [testprecache.amxx] player/pl_wade2.wav
L 12/09/2024 - 22:52:57: [testprecache.amxx] precaching file
L 12/09/2024 - 22:52:57: [testprecache.amxx] hlcoop/shockroach/shock_idle3.wav
L 12/09/2024 - 22:52:57: [testprecache.amxx] precaching file
L 12/09/2024 - 22:52:57: [testprecache.amxx] hlcoop/shockroach/shock_idle2.wav
L 12/09/2024 - 22:52:57: [testprecache.amxx] precaching file
L 12/09/2024 - 22:52:57: [testprecache.amxx] /hl2/cscanner/scanner_scan_loop2.wav
L 12/09/2024 - 22:52:57: [testprecache.amxx] precaching file
L 12/09/2024 - 22:52:57: [testprecache.amxx] /hl2/cscanner/scanner_photo1.wav
L 12/09/2024 - 22:52:57: [testprecache.amxx] precaching file
L 12/09/2024 - 22:52:57: [testprecache.amxx] /hl2/cscanner/scanner_blip1.wav
L 12/09/2024 - 22:52:57: [testprecache.amxx] precaching file
L 12/09/2024 - 22:52:57: [testprecache.amxx] /hl2/cscanner/scanner_blip1.wav
L 12/09/2024 - 22:53:00: -------- Mapchange to coolrig --------
L 12/09/2024 - 22:53:00: [testprecache.amxx] precaching file
L 12/09/2024 - 22:53:00: [testprecache.amxx] items/smallmedkit1.wav
L 12/09/2024 - 22:53:00: [testprecache.amxx] precaching file
L 12/09/2024 - 22:53:00: [testprecache.amxx] player/pl_wade1.wav
L 12/09/2024 - 22:53:00: [testprecache.amxx] precaching file
L 12/09/2024 - 22:53:00: [testprecache.amxx] player/pl_wade2.wav
L 12/09/2024 - 22:53:00: [testprecache.amxx] precaching file
L 12/09/2024 - 22:53:00: [testprecache.amxx] hlcoop/shockroach/shock_idle3.wav
L 12/09/2024 - 22:53:00: [testprecache.amxx] precaching file
L 12/09/2024 - 22:53:00: [testprecache.amxx] hlcoop/shockroach/shock_idle2.wav
L 12/09/2024 - 22:53:00: [testprecache.amxx] precaching file
L 12/09/2024 - 22:53:00: [testprecache.amxx] /hl2/cscanner/scanner_scan_loop2.wav
L 12/09/2024 - 22:53:00: [testprecache.amxx] precaching file
L 12/09/2024 - 22:53:00: [testprecache.amxx] /hl2/cscanner/scanner_photo1.wav
L 12/09/2024 - 22:53:00: [testprecache.amxx] precaching file
L 12/09/2024 - 22:53:00: [testprecache.amxx] /hl2/cscanner/scanner_blip1.wav
L 12/09/2024 - 22:53:00: [testprecache.amxx] precaching file
L 12/09/2024 - 22:53:00: [testprecache.amxx] /hl2/cscanner/scanner_blip1.wav
L 12/09/2024 - 23:12:17: -------- Mapchange to sandbox --------
L 12/09/2024 - 23:12:17: [testprecache.amxx] precaching file
L 12/09/2024 - 23:12:17: [testprecache.amxx] items/smallmedkit1.wav
L 12/09/2024 - 23:12:17: [testprecache.amxx] precaching file
L 12/09/2024 - 23:12:17: [testprecache.amxx] player/pl_wade1.wav
L 12/09/2024 - 23:12:17: [testprecache.amxx] precaching file
L 12/09/2024 - 23:12:17: [testprecache.amxx] player/pl_wade2.wav
L 12/09/2024 - 23:12:17: [testprecache.amxx] precaching file
L 12/09/2024 - 23:12:17: [testprecache.amxx] hlcoop/shockroach/shock_idle3.wav
L 12/09/2024 - 23:12:17: [testprecache.amxx] precaching file
L 12/09/2024 - 23:12:17: [testprecache.amxx] hlcoop/shockroach/shock_idle2.wav
L 12/09/2024 - 23:12:17: [testprecache.amxx] precaching file
L 12/09/2024 - 23:12:17: [testprecache.amxx] /hl2/cscanner/scanner_scan_loop2.wav
L 12/09/2024 - 23:12:17: [testprecache.amxx] precaching file
L 12/09/2024 - 23:12:17: [testprecache.amxx] /hl2/cscanner/scanner_photo1.wav
L 12/09/2024 - 23:12:17: [testprecache.amxx] precaching file
L 12/09/2024 - 23:12:17: [testprecache.amxx] /hl2/cscanner/scanner_blip1.wav
L 12/09/2024 - 23:12:17: [testprecache.amxx] precaching file
L 12/09/2024 - 23:12:17: [testprecache.amxx] /hl2/cscanner/scanner_blip1.wav
L 12/09/2024 - 23:12:20: -------- Mapchange to coolrig --------
L 12/09/2024 - 23:12:20: [testprecache.amxx] precaching file
L 12/09/2024 - 23:12:20: [testprecache.amxx] items/smallmedkit1.wav
L 12/09/2024 - 23:12:20: [testprecache.amxx] precaching file
L 12/09/2024 - 23:12:20: [testprecache.amxx] player/pl_wade1.wav
L 12/09/2024 - 23:12:20: [testprecache.amxx] precaching file
L 12/09/2024 - 23:12:20: [testprecache.amxx] player/pl_wade2.wav
L 12/09/2024 - 23:12:20: [testprecache.amxx] precaching file
L 12/09/2024 - 23:12:20: [testprecache.amxx] hlcoop/shockroach/shock_idle3.wav
L 12/09/2024 - 23:12:20: [testprecache.amxx] precaching file
L 12/09/2024 - 23:12:20: [testprecache.amxx] hlcoop/shockroach/shock_idle2.wav
L 12/09/2024 - 23:12:20: [testprecache.amxx] precaching file
L 12/09/2024 - 23:12:20: [testprecache.amxx] /hl2/cscanner/scanner_scan_loop2.wav
L 12/09/2024 - 23:12:20: [testprecache.amxx] precaching file
L 12/09/2024 - 23:12:20: [testprecache.amxx] /hl2/cscanner/scanner_photo1.wav
L 12/09/2024 - 23:12:20: [testprecache.amxx] precaching file
L 12/09/2024 - 23:12:20: [testprecache.amxx] /hl2/cscanner/scanner_blip1.wav
L 12/09/2024 - 23:12:20: [testprecache.amxx] precaching file
L 12/09/2024 - 23:12:20: [testprecache.amxx] /hl2/cscanner/scanner_blip1.wav
L 12/09/2024 - 23:17:41: -------- Mapchange to sandbox --------
L 12/09/2024 - 23:17:41: [testprecache.amxx] precaching file
L 12/09/2024 - 23:17:41: [testprecache.amxx] items/smallmedkit1.wav
L 12/09/2024 - 23:17:41: [testprecache.amxx] precaching file
L 12/09/2024 - 23:17:41: [testprecache.amxx] player/pl_wade1.wav
L 12/09/2024 - 23:17:41: [testprecache.amxx] precaching file
L 12/09/2024 - 23:17:41: [testprecache.amxx] player/pl_wade2.wav
L 12/09/2024 - 23:17:41: [testprecache.amxx] precaching file
L 12/09/2024 - 23:17:41: [testprecache.amxx] hlcoop/shockroach/shock_idle3.wav
L 12/09/2024 - 23:17:41: [testprecache.amxx] precaching file
L 12/09/2024 - 23:17:41: [testprecache.amxx] hlcoop/shockroach/shock_idle2.wav
L 12/09/2024 - 23:17:41: [testprecache.amxx] precaching file
L 12/09/2024 - 23:17:41: [testprecache.amxx] /hl2/cscanner/scanner_scan_loop2.wav
L 12/09/2024 - 23:17:41: [testprecache.amxx] precaching file
L 12/09/2024 - 23:17:41: [testprecache.amxx] /hl2/cscanner/scanner_photo1.wav
L 12/09/2024 - 23:17:41: [testprecache.amxx] precaching file
L 12/09/2024 - 23:17:41: [testprecache.amxx] /hl2/cscanner/scanner_blip1.wav
L 12/09/2024 - 23:17:41: [testprecache.amxx] precaching file
L 12/09/2024 - 23:17:41: [testprecache.amxx] /hl2/cscanner/scanner_blip1.wav
L 12/09/2024 - 23:17:42: [galileo.amxx] 
L 12/09/2024 - 23:17:42: [galileo.amxx] The server is jumping to the next map after the current map due more than 1 restarts on the map "coolrig"
L 12/09/2024 - 23:17:42: [galileo.amxx] 
L 12/09/2024 - 23:17:44: -------- Mapchange to d1_town_01 --------
L 12/09/2024 - 23:17:44: [testprecache.amxx] precaching file
L 12/09/2024 - 23:17:44: [testprecache.amxx] items/smallmedkit1.wav
L 12/09/2024 - 23:17:44: [testprecache.amxx] precaching file
L 12/09/2024 - 23:17:44: [testprecache.amxx] player/pl_wade1.wav
L 12/09/2024 - 23:17:44: [testprecache.amxx] precaching file
L 12/09/2024 - 23:17:44: [testprecache.amxx] player/pl_wade2.wav
L 12/09/2024 - 23:17:44: [testprecache.amxx] precaching file
L 12/09/2024 - 23:17:44: [testprecache.amxx] hlcoop/shockroach/shock_idle3.wav
L 12/09/2024 - 23:17:44: [testprecache.amxx] precaching file
L 12/09/2024 - 23:17:44: [testprecache.amxx] hlcoop/shockroach/shock_idle2.wav
L 12/09/2024 - 23:17:44: [testprecache.amxx] precaching file
L 12/09/2024 - 23:17:44: [testprecache.amxx] /hl2/cscanner/scanner_scan_loop2.wav
L 12/09/2024 - 23:17:44: [testprecache.amxx] precaching file
L 12/09/2024 - 23:17:44: [testprecache.amxx] /hl2/cscanner/scanner_photo1.wav
L 12/09/2024 - 23:17:44: [testprecache.amxx] precaching file
L 12/09/2024 - 23:17:44: [testprecache.amxx] /hl2/cscanner/scanner_blip1.wav
L 12/09/2024 - 23:17:44: [testprecache.amxx] precaching file
L 12/09/2024 - 23:17:44: [testprecache.amxx] /hl2/cscanner/scanner_blip1.wav
L 12/09/2024 - 23:19:48: -------- Mapchange to coolrig --------
L 12/09/2024 - 23:19:48: [testprecache.amxx] precaching file
L 12/09/2024 - 23:19:48: [testprecache.amxx] items/smallmedkit1.wav
L 12/09/2024 - 23:19:48: [testprecache.amxx] precaching file
L 12/09/2024 - 23:19:48: [testprecache.amxx] player/pl_wade1.wav
L 12/09/2024 - 23:19:48: [testprecache.amxx] precaching file
L 12/09/2024 - 23:19:48: [testprecache.amxx] player/pl_wade2.wav
L 12/09/2024 - 23:19:48: [testprecache.amxx] precaching file
L 12/09/2024 - 23:19:48: [testprecache.amxx] hlcoop/shockroach/shock_idle3.wav
L 12/09/2024 - 23:19:48: [testprecache.amxx] precaching file
L 12/09/2024 - 23:19:48: [testprecache.amxx] hlcoop/shockroach/shock_idle2.wav
L 12/09/2024 - 23:19:48: [testprecache.amxx] precaching file
L 12/09/2024 - 23:19:48: [testprecache.amxx] /hl2/cscanner/scanner_scan_loop2.wav
L 12/09/2024 - 23:19:48: [testprecache.amxx] precaching file
L 12/09/2024 - 23:19:48: [testprecache.amxx] /hl2/cscanner/scanner_photo1.wav
L 12/09/2024 - 23:19:48: [testprecache.amxx] precaching file
L 12/09/2024 - 23:19:48: [testprecache.amxx] /hl2/cscanner/scanner_blip1.wav
L 12/09/2024 - 23:19:48: [testprecache.amxx] precaching file
L 12/09/2024 - 23:19:48: [testprecache.amxx] /hl2/cscanner/scanner_blip1.wav
L 12/09/2024 - 23:24:44: -------- Mapchange to sandbox --------
L 12/09/2024 - 23:24:44: [testprecache.amxx] precaching file
L 12/09/2024 - 23:24:44: [testprecache.amxx] items/smallmedkit1.wav
L 12/09/2024 - 23:24:44: [testprecache.amxx] precaching file
L 12/09/2024 - 23:24:44: [testprecache.amxx] player/pl_wade1.wav
L 12/09/2024 - 23:24:44: [testprecache.amxx] precaching file
L 12/09/2024 - 23:24:44: [testprecache.amxx] player/pl_wade2.wav
L 12/09/2024 - 23:24:44: [testprecache.amxx] precaching file
L 12/09/2024 - 23:24:44: [testprecache.amxx] hlcoop/shockroach/shock_idle3.wav
L 12/09/2024 - 23:24:44: [testprecache.amxx] precaching file
L 12/09/2024 - 23:24:44: [testprecache.amxx] hlcoop/shockroach/shock_idle2.wav
L 12/09/2024 - 23:24:44: [testprecache.amxx] precaching file
L 12/09/2024 - 23:24:44: [testprecache.amxx] /hl2/cscanner/scanner_scan_loop2.wav
L 12/09/2024 - 23:24:44: [testprecache.amxx] precaching file
L 12/09/2024 - 23:24:44: [testprecache.amxx] /hl2/cscanner/scanner_photo1.wav
L 12/09/2024 - 23:24:44: [testprecache.amxx] precaching file
L 12/09/2024 - 23:24:44: [testprecache.amxx] /hl2/cscanner/scanner_blip1.wav
L 12/09/2024 - 23:24:44: [testprecache.amxx] precaching file
L 12/09/2024 - 23:24:44: [testprecache.amxx] /hl2/cscanner/scanner_blip1.wav
L 12/09/2024 - 23:24:46: -------- Mapchange to coolrig --------
L 12/09/2024 - 23:24:46: [testprecache.amxx] precaching file
L 12/09/2024 - 23:24:46: [testprecache.amxx] items/smallmedkit1.wav
L 12/09/2024 - 23:24:46: [testprecache.amxx] precaching file
L 12/09/2024 - 23:24:46: [testprecache.amxx] player/pl_wade1.wav
L 12/09/2024 - 23:24:46: [testprecache.amxx] precaching file
L 12/09/2024 - 23:24:46: [testprecache.amxx] player/pl_wade2.wav
L 12/09/2024 - 23:24:46: [testprecache.amxx] precaching file
L 12/09/2024 - 23:24:46: [testprecache.amxx] hlcoop/shockroach/shock_idle3.wav
L 12/09/2024 - 23:24:46: [testprecache.amxx] precaching file
L 12/09/2024 - 23:24:46: [testprecache.amxx] hlcoop/shockroach/shock_idle2.wav
L 12/09/2024 - 23:24:46: [testprecache.amxx] precaching file
L 12/09/2024 - 23:24:46: [testprecache.amxx] /hl2/cscanner/scanner_scan_loop2.wav
L 12/09/2024 - 23:24:46: [testprecache.amxx] precaching file
L 12/09/2024 - 23:24:46: [testprecache.amxx] /hl2/cscanner/scanner_photo1.wav
L 12/09/2024 - 23:24:46: [testprecache.amxx] precaching file
L 12/09/2024 - 23:24:46: [testprecache.amxx] /hl2/cscanner/scanner_blip1.wav
L 12/09/2024 - 23:24:46: [testprecache.amxx] precaching file
L 12/09/2024 - 23:24:46: [testprecache.amxx] /hl2/cscanner/scanner_blip1.wav
L 12/09/2024 - 23:33:51: -------- Mapchange to sandbox --------
L 12/09/2024 - 23:33:51: [testprecache.amxx] precaching file
L 12/09/2024 - 23:33:51: [testprecache.amxx] items/smallmedkit1.wav
L 12/09/2024 - 23:33:51: [testprecache.amxx] precaching file
L 12/09/2024 - 23:33:51: [testprecache.amxx] player/pl_wade1.wav
L 12/09/2024 - 23:33:51: [testprecache.amxx] precaching file
L 12/09/2024 - 23:33:51: [testprecache.amxx] player/pl_wade2.wav
L 12/09/2024 - 23:33:51: [testprecache.amxx] precaching file
L 12/09/2024 - 23:33:51: [testprecache.amxx] hlcoop/shockroach/shock_idle3.wav
L 12/09/2024 - 23:33:51: [testprecache.amxx] precaching file
L 12/09/2024 - 23:33:51: [testprecache.amxx] hlcoop/shockroach/shock_idle2.wav
L 12/09/2024 - 23:33:51: [testprecache.amxx] precaching file
L 12/09/2024 - 23:33:51: [testprecache.amxx] /hl2/cscanner/scanner_scan_loop2.wav
L 12/09/2024 - 23:33:51: [testprecache.amxx] precaching file
L 12/09/2024 - 23:33:51: [testprecache.amxx] /hl2/cscanner/scanner_photo1.wav
L 12/09/2024 - 23:33:51: [testprecache.amxx] precaching file
L 12/09/2024 - 23:33:51: [testprecache.amxx] /hl2/cscanner/scanner_blip1.wav
L 12/09/2024 - 23:33:51: [testprecache.amxx] precaching file
L 12/09/2024 - 23:33:51: [testprecache.amxx] /hl2/cscanner/scanner_blip1.wav
L 12/09/2024 - 23:33:53: -------- Mapchange to coolrig --------
L 12/09/2024 - 23:33:53: [testprecache.amxx] precaching file
L 12/09/2024 - 23:33:53: [testprecache.amxx] items/smallmedkit1.wav
L 12/09/2024 - 23:33:53: [testprecache.amxx] precaching file
L 12/09/2024 - 23:33:53: [testprecache.amxx] player/pl_wade1.wav
L 12/09/2024 - 23:33:53: [testprecache.amxx] precaching file
L 12/09/2024 - 23:33:53: [testprecache.amxx] player/pl_wade2.wav
L 12/09/2024 - 23:33:53: [testprecache.amxx] precaching file
L 12/09/2024 - 23:33:53: [testprecache.amxx] hlcoop/shockroach/shock_idle3.wav
L 12/09/2024 - 23:33:53: [testprecache.amxx] precaching file
L 12/09/2024 - 23:33:53: [testprecache.amxx] hlcoop/shockroach/shock_idle2.wav
L 12/09/2024 - 23:33:53: [testprecache.amxx] precaching file
L 12/09/2024 - 23:33:53: [testprecache.amxx] /hl2/cscanner/scanner_scan_loop2.wav
L 12/09/2024 - 23:33:53: [testprecache.amxx] precaching file
L 12/09/2024 - 23:33:53: [testprecache.amxx] /hl2/cscanner/scanner_photo1.wav
L 12/09/2024 - 23:33:53: [testprecache.amxx] precaching file
L 12/09/2024 - 23:33:53: [testprecache.amxx] /hl2/cscanner/scanner_blip1.wav
L 12/09/2024 - 23:33:53: [testprecache.amxx] precaching file
L 12/09/2024 - 23:33:53: [testprecache.amxx] /hl2/cscanner/scanner_blip1.wav
L 12/09/2024 - 23:46:39: -------- Mapchange to sandbox --------
L 12/09/2024 - 23:46:39: [testprecache.amxx] precaching file
L 12/09/2024 - 23:46:39: [testprecache.amxx] items/smallmedkit1.wav
L 12/09/2024 - 23:46:39: [testprecache.amxx] precaching file
L 12/09/2024 - 23:46:39: [testprecache.amxx] player/pl_wade1.wav
L 12/09/2024 - 23:46:39: [testprecache.amxx] precaching file
L 12/09/2024 - 23:46:39: [testprecache.amxx] player/pl_wade2.wav
L 12/09/2024 - 23:46:39: [testprecache.amxx] precaching file
L 12/09/2024 - 23:46:39: [testprecache.amxx] hlcoop/shockroach/shock_idle3.wav
L 12/09/2024 - 23:46:39: [testprecache.amxx] precaching file
L 12/09/2024 - 23:46:39: [testprecache.amxx] hlcoop/shockroach/shock_idle2.wav
L 12/09/2024 - 23:46:39: [testprecache.amxx] precaching file
L 12/09/2024 - 23:46:39: [testprecache.amxx] /hl2/cscanner/scanner_scan_loop2.wav
L 12/09/2024 - 23:46:39: [testprecache.amxx] precaching file
L 12/09/2024 - 23:46:39: [testprecache.amxx] /hl2/cscanner/scanner_photo1.wav
L 12/09/2024 - 23:46:39: [testprecache.amxx] precaching file
L 12/09/2024 - 23:46:39: [testprecache.amxx] /hl2/cscanner/scanner_blip1.wav
L 12/09/2024 - 23:46:39: [testprecache.amxx] precaching file
L 12/09/2024 - 23:46:39: [testprecache.amxx] /hl2/cscanner/scanner_blip1.wav
L 12/09/2024 - 23:46:40: [galileo.amxx] 
L 12/09/2024 - 23:46:40: [galileo.amxx] The server is jumping to the next map after the current map due more than 1 restarts on the map "coolrig"
L 12/09/2024 - 23:46:40: [galileo.amxx] 
L 12/09/2024 - 23:46:42: -------- Mapchange to d1_town_01 --------
L 12/09/2024 - 23:46:42: [testprecache.amxx] precaching file
L 12/09/2024 - 23:46:42: [testprecache.amxx] items/smallmedkit1.wav
L 12/09/2024 - 23:46:42: [testprecache.amxx] precaching file
L 12/09/2024 - 23:46:42: [testprecache.amxx] player/pl_wade1.wav
L 12/09/2024 - 23:46:42: [testprecache.amxx] precaching file
L 12/09/2024 - 23:46:42: [testprecache.amxx] player/pl_wade2.wav
L 12/09/2024 - 23:46:42: [testprecache.amxx] precaching file
L 12/09/2024 - 23:46:42: [testprecache.amxx] hlcoop/shockroach/shock_idle3.wav
L 12/09/2024 - 23:46:42: [testprecache.amxx] precaching file
L 12/09/2024 - 23:46:42: [testprecache.amxx] hlcoop/shockroach/shock_idle2.wav
L 12/09/2024 - 23:46:42: [testprecache.amxx] precaching file
L 12/09/2024 - 23:46:42: [testprecache.amxx] /hl2/cscanner/scanner_scan_loop2.wav
L 12/09/2024 - 23:46:42: [testprecache.amxx] precaching file
L 12/09/2024 - 23:46:42: [testprecache.amxx] /hl2/cscanner/scanner_photo1.wav
L 12/09/2024 - 23:46:42: [testprecache.amxx] precaching file
L 12/09/2024 - 23:46:42: [testprecache.amxx] /hl2/cscanner/scanner_blip1.wav
L 12/09/2024 - 23:46:42: [testprecache.amxx] precaching file
L 12/09/2024 - 23:46:42: [testprecache.amxx] /hl2/cscanner/scanner_blip1.wav
L 12/09/2024 - 23:46:54: -------- Mapchange to coolrig --------
L 12/09/2024 - 23:46:54: [testprecache.amxx] precaching file
L 12/09/2024 - 23:46:54: [testprecache.amxx] items/smallmedkit1.wav
L 12/09/2024 - 23:46:54: [testprecache.amxx] precaching file
L 12/09/2024 - 23:46:54: [testprecache.amxx] player/pl_wade1.wav
L 12/09/2024 - 23:46:54: [testprecache.amxx] precaching file
L 12/09/2024 - 23:46:54: [testprecache.amxx] player/pl_wade2.wav
L 12/09/2024 - 23:46:54: [testprecache.amxx] precaching file
L 12/09/2024 - 23:46:54: [testprecache.amxx] hlcoop/shockroach/shock_idle3.wav
L 12/09/2024 - 23:46:54: [testprecache.amxx] precaching file
L 12/09/2024 - 23:46:54: [testprecache.amxx] hlcoop/shockroach/shock_idle2.wav
L 12/09/2024 - 23:46:54: [testprecache.amxx] precaching file
L 12/09/2024 - 23:46:54: [testprecache.amxx] /hl2/cscanner/scanner_scan_loop2.wav
L 12/09/2024 - 23:46:54: [testprecache.amxx] precaching file
L 12/09/2024 - 23:46:54: [testprecache.amxx] /hl2/cscanner/scanner_photo1.wav
L 12/09/2024 - 23:46:54: [testprecache.amxx] precaching file
L 12/09/2024 - 23:46:54: [testprecache.amxx] /hl2/cscanner/scanner_blip1.wav
L 12/09/2024 - 23:46:54: [testprecache.amxx] precaching file
L 12/09/2024 - 23:46:54: [testprecache.amxx] /hl2/cscanner/scanner_blip1.wav
L 12/09/2024 - 23:53:13: -------- Mapchange to sandbox --------
L 12/09/2024 - 23:53:13: [testprecache.amxx] precaching file
L 12/09/2024 - 23:53:13: [testprecache.amxx] items/smallmedkit1.wav
L 12/09/2024 - 23:53:13: [testprecache.amxx] precaching file
L 12/09/2024 - 23:53:13: [testprecache.amxx] player/pl_wade1.wav
L 12/09/2024 - 23:53:13: [testprecache.amxx] precaching file
L 12/09/2024 - 23:53:13: [testprecache.amxx] player/pl_wade2.wav
L 12/09/2024 - 23:53:13: [testprecache.amxx] precaching file
L 12/09/2024 - 23:53:13: [testprecache.amxx] hlcoop/shockroach/shock_idle3.wav
L 12/09/2024 - 23:53:13: [testprecache.amxx] precaching file
L 12/09/2024 - 23:53:13: [testprecache.amxx] hlcoop/shockroach/shock_idle2.wav
L 12/09/2024 - 23:53:13: [testprecache.amxx] precaching file
L 12/09/2024 - 23:53:13: [testprecache.amxx] /hl2/cscanner/scanner_scan_loop2.wav
L 12/09/2024 - 23:53:13: [testprecache.amxx] precaching file
L 12/09/2024 - 23:53:13: [testprecache.amxx] /hl2/cscanner/scanner_photo1.wav
L 12/09/2024 - 23:53:13: [testprecache.amxx] precaching file
L 12/09/2024 - 23:53:13: [testprecache.amxx] /hl2/cscanner/scanner_blip1.wav
L 12/09/2024 - 23:53:13: [testprecache.amxx] precaching file
L 12/09/2024 - 23:53:13: [testprecache.amxx] /hl2/cscanner/scanner_blip1.wav
L 12/09/2024 - 23:53:15: -------- Mapchange to coolrig --------
L 12/09/2024 - 23:53:15: [testprecache.amxx] precaching file
L 12/09/2024 - 23:53:15: [testprecache.amxx] items/smallmedkit1.wav
L 12/09/2024 - 23:53:15: [testprecache.amxx] precaching file
L 12/09/2024 - 23:53:15: [testprecache.amxx] player/pl_wade1.wav
L 12/09/2024 - 23:53:15: [testprecache.amxx] precaching file
L 12/09/2024 - 23:53:15: [testprecache.amxx] player/pl_wade2.wav
L 12/09/2024 - 23:53:15: [testprecache.amxx] precaching file
L 12/09/2024 - 23:53:15: [testprecache.amxx] hlcoop/shockroach/shock_idle3.wav
L 12/09/2024 - 23:53:15: [testprecache.amxx] precaching file
L 12/09/2024 - 23:53:15: [testprecache.amxx] hlcoop/shockroach/shock_idle2.wav
L 12/09/2024 - 23:53:15: [testprecache.amxx] precaching file
L 12/09/2024 - 23:53:15: [testprecache.amxx] /hl2/cscanner/scanner_scan_loop2.wav
L 12/09/2024 - 23:53:15: [testprecache.amxx] precaching file
L 12/09/2024 - 23:53:15: [testprecache.amxx] /hl2/cscanner/scanner_photo1.wav
L 12/09/2024 - 23:53:15: [testprecache.amxx] precaching file
L 12/09/2024 - 23:53:15: [testprecache.amxx] /hl2/cscanner/scanner_blip1.wav
L 12/09/2024 - 23:53:15: [testprecache.amxx] precaching file
L 12/09/2024 - 23:53:15: [testprecache.amxx] /hl2/cscanner/scanner_blip1.wav
