L 02/06/2025 - 19:12:35: -------- Mapchange to d1_town_01 --------
L 02/06/2025 - 19:12:35: [testprecache.amxx] precaching file
L 02/06/2025 - 19:12:35: [testprecache.amxx] items/smallmedkit1.wav
L 02/06/2025 - 19:12:35: [testprecache.amxx] precaching file
L 02/06/2025 - 19:12:35: [testprecache.amxx] player/pl_wade1.wav
L 02/06/2025 - 19:12:35: [testprecache.amxx] precaching file
L 02/06/2025 - 19:12:35: [testprecache.amxx] player/pl_wade2.wav
L 02/06/2025 - 19:12:35: [testprecache.amxx] precaching file
L 02/06/2025 - 19:12:35: [testprecache.amxx] hlcoop/shockroach/shock_idle3.wav
L 02/06/2025 - 19:12:35: [testprecache.amxx] precaching file
L 02/06/2025 - 19:12:35: [testprecache.amxx] hlcoop/shockroach/shock_idle2.wav
L 02/06/2025 - 19:12:35: [testprecache.amxx] precaching file
L 02/06/2025 - 19:12:35: [testprecache.amxx] /hl2/cscanner/scanner_scan_loop2.wav
L 02/06/2025 - 19:12:35: [testprecache.amxx] precaching file
L 02/06/2025 - 19:12:35: [testprecache.amxx] /hl2/cscanner/scanner_photo1.wav
L 02/06/2025 - 19:12:35: [testprecache.amxx] precaching file
L 02/06/2025 - 19:12:35: [testprecache.amxx] /hl2/cscanner/scanner_blip1.wav
L 02/06/2025 - 19:12:35: [testprecache.amxx] precaching file
L 02/06/2025 - 19:12:35: [testprecache.amxx] /hl2/cscanner/scanner_blip1.wav
L 02/06/2025 - 19:27:14: -------- Mapchange to d1_trainstation_02 --------
L 02/06/2025 - 19:27:14: [testprecache.amxx] precaching file
L 02/06/2025 - 19:27:14: [testprecache.amxx] items/smallmedkit1.wav
L 02/06/2025 - 19:27:14: [testprecache.amxx] precaching file
L 02/06/2025 - 19:27:14: [testprecache.amxx] player/pl_wade1.wav
L 02/06/2025 - 19:27:14: [testprecache.amxx] precaching file
L 02/06/2025 - 19:27:14: [testprecache.amxx] player/pl_wade2.wav
L 02/06/2025 - 19:27:14: [testprecache.amxx] precaching file
L 02/06/2025 - 19:27:14: [testprecache.amxx] hlcoop/shockroach/shock_idle3.wav
L 02/06/2025 - 19:27:14: [testprecache.amxx] precaching file
L 02/06/2025 - 19:27:14: [testprecache.amxx] hlcoop/shockroach/shock_idle2.wav
L 02/06/2025 - 19:27:14: [testprecache.amxx] precaching file
L 02/06/2025 - 19:27:14: [testprecache.amxx] /hl2/cscanner/scanner_scan_loop2.wav
L 02/06/2025 - 19:27:14: [testprecache.amxx] precaching file
L 02/06/2025 - 19:27:14: [testprecache.amxx] /hl2/cscanner/scanner_photo1.wav
L 02/06/2025 - 19:27:14: [testprecache.amxx] precaching file
L 02/06/2025 - 19:27:14: [testprecache.amxx] /hl2/cscanner/scanner_blip1.wav
L 02/06/2025 - 19:27:14: [testprecache.amxx] precaching file
L 02/06/2025 - 19:27:14: [testprecache.amxx] /hl2/cscanner/scanner_blip1.wav
