L 11/01/2024 - 11:09:31: -------- Mapchange to sandbox --------
L 11/01/2024 - 11:09:31: [testprecache.amxx] precaching file
L 11/01/2024 - 11:09:31: [testprecache.amxx] items/smallmedkit1.wav
L 11/01/2024 - 11:09:31: [testprecache.amxx] precaching file
L 11/01/2024 - 11:09:31: [testprecache.amxx] player/pl_wade1.wav
L 11/01/2024 - 11:09:31: [testprecache.amxx] precaching file
L 11/01/2024 - 11:09:31: [testprecache.amxx] player/pl_wade2.wav
L 11/01/2024 - 11:09:31: [testprecache.amxx] precaching file
L 11/01/2024 - 11:09:31: [testprecache.amxx] hlcoop/shockroach/shock_idle3.wav
L 11/01/2024 - 11:09:31: [testprecache.amxx] precaching file
L 11/01/2024 - 11:09:31: [testprecache.amxx] hlcoop/shockroach/shock_idle2.wav
L 11/01/2024 - 11:09:31: [testprecache.amxx] precaching file
L 11/01/2024 - 11:09:31: [testprecache.amxx] /hl2/cscanner/scanner_scan_loop2.wav
L 11/01/2024 - 11:09:31: [testprecache.amxx] precaching file
L 11/01/2024 - 11:09:31: [testprecache.amxx] /hl2/cscanner/scanner_photo1.wav
L 11/01/2024 - 11:09:31: [testprecache.amxx] precaching file
L 11/01/2024 - 11:09:31: [testprecache.amxx] /hl2/cscanner/scanner_blip1.wav
L 11/01/2024 - 11:09:31: [testprecache.amxx] precaching file
L 11/01/2024 - 11:09:31: [testprecache.amxx] /hl2/cscanner/scanner_blip1.wav
L 11/01/2024 - 11:15:37: -------- Mapchange to sandbox --------
L 11/01/2024 - 11:15:37: [testprecache.amxx] precaching file
L 11/01/2024 - 11:15:37: [testprecache.amxx] items/smallmedkit1.wav
L 11/01/2024 - 11:15:37: [testprecache.amxx] precaching file
L 11/01/2024 - 11:15:37: [testprecache.amxx] player/pl_wade1.wav
L 11/01/2024 - 11:15:37: [testprecache.amxx] precaching file
L 11/01/2024 - 11:15:37: [testprecache.amxx] player/pl_wade2.wav
L 11/01/2024 - 11:15:37: [testprecache.amxx] precaching file
L 11/01/2024 - 11:15:37: [testprecache.amxx] hlcoop/shockroach/shock_idle3.wav
L 11/01/2024 - 11:15:37: [testprecache.amxx] precaching file
L 11/01/2024 - 11:15:37: [testprecache.amxx] hlcoop/shockroach/shock_idle2.wav
L 11/01/2024 - 11:15:37: [testprecache.amxx] precaching file
L 11/01/2024 - 11:15:37: [testprecache.amxx] /hl2/cscanner/scanner_scan_loop2.wav
L 11/01/2024 - 11:15:37: [testprecache.amxx] precaching file
L 11/01/2024 - 11:15:37: [testprecache.amxx] /hl2/cscanner/scanner_photo1.wav
L 11/01/2024 - 11:15:37: [testprecache.amxx] precaching file
L 11/01/2024 - 11:15:37: [testprecache.amxx] /hl2/cscanner/scanner_blip1.wav
L 11/01/2024 - 11:15:37: [testprecache.amxx] precaching file
L 11/01/2024 - 11:15:37: [testprecache.amxx] /hl2/cscanner/scanner_blip1.wav
L 11/01/2024 - 11:39:20: -------- Mapchange to sandbox --------
L 11/01/2024 - 11:39:20: [testprecache.amxx] precaching file
L 11/01/2024 - 11:39:20: [testprecache.amxx] items/smallmedkit1.wav
L 11/01/2024 - 11:39:20: [testprecache.amxx] precaching file
L 11/01/2024 - 11:39:20: [testprecache.amxx] player/pl_wade1.wav
L 11/01/2024 - 11:39:20: [testprecache.amxx] precaching file
L 11/01/2024 - 11:39:20: [testprecache.amxx] player/pl_wade2.wav
L 11/01/2024 - 11:39:20: [testprecache.amxx] precaching file
L 11/01/2024 - 11:39:20: [testprecache.amxx] hlcoop/shockroach/shock_idle3.wav
L 11/01/2024 - 11:39:20: [testprecache.amxx] precaching file
L 11/01/2024 - 11:39:20: [testprecache.amxx] hlcoop/shockroach/shock_idle2.wav
L 11/01/2024 - 11:39:20: [testprecache.amxx] precaching file
L 11/01/2024 - 11:39:20: [testprecache.amxx] /hl2/cscanner/scanner_scan_loop2.wav
L 11/01/2024 - 11:39:20: [testprecache.amxx] precaching file
L 11/01/2024 - 11:39:20: [testprecache.amxx] /hl2/cscanner/scanner_photo1.wav
L 11/01/2024 - 11:39:20: [testprecache.amxx] precaching file
L 11/01/2024 - 11:39:20: [testprecache.amxx] /hl2/cscanner/scanner_blip1.wav
L 11/01/2024 - 11:39:20: [testprecache.amxx] precaching file
L 11/01/2024 - 11:39:20: [testprecache.amxx] /hl2/cscanner/scanner_blip1.wav
L 11/01/2024 - 11:39:37: -------- Mapchange to d1_trainstation_02 --------
L 11/01/2024 - 11:39:37: [testprecache.amxx] precaching file
L 11/01/2024 - 11:39:37: [testprecache.amxx] items/smallmedkit1.wav
L 11/01/2024 - 11:39:37: [testprecache.amxx] precaching file
L 11/01/2024 - 11:39:37: [testprecache.amxx] player/pl_wade1.wav
L 11/01/2024 - 11:39:37: [testprecache.amxx] precaching file
L 11/01/2024 - 11:39:37: [testprecache.amxx] player/pl_wade2.wav
L 11/01/2024 - 11:39:37: [testprecache.amxx] precaching file
L 11/01/2024 - 11:39:37: [testprecache.amxx] hlcoop/shockroach/shock_idle3.wav
L 11/01/2024 - 11:39:37: [testprecache.amxx] precaching file
L 11/01/2024 - 11:39:37: [testprecache.amxx] hlcoop/shockroach/shock_idle2.wav
L 11/01/2024 - 11:39:37: [testprecache.amxx] precaching file
L 11/01/2024 - 11:39:37: [testprecache.amxx] /hl2/cscanner/scanner_scan_loop2.wav
L 11/01/2024 - 11:39:37: [testprecache.amxx] precaching file
L 11/01/2024 - 11:39:37: [testprecache.amxx] /hl2/cscanner/scanner_photo1.wav
L 11/01/2024 - 11:39:37: [testprecache.amxx] precaching file
L 11/01/2024 - 11:39:37: [testprecache.amxx] /hl2/cscanner/scanner_blip1.wav
L 11/01/2024 - 11:39:37: [testprecache.amxx] precaching file
L 11/01/2024 - 11:39:37: [testprecache.amxx] /hl2/cscanner/scanner_blip1.wav
L 11/01/2024 - 11:50:46: -------- Mapchange to sandbox --------
L 11/01/2024 - 11:50:46: [testprecache.amxx] precaching file
L 11/01/2024 - 11:50:46: [testprecache.amxx] items/smallmedkit1.wav
L 11/01/2024 - 11:50:46: [testprecache.amxx] precaching file
L 11/01/2024 - 11:50:46: [testprecache.amxx] player/pl_wade1.wav
L 11/01/2024 - 11:50:46: [testprecache.amxx] precaching file
L 11/01/2024 - 11:50:46: [testprecache.amxx] player/pl_wade2.wav
L 11/01/2024 - 11:50:46: [testprecache.amxx] precaching file
L 11/01/2024 - 11:50:46: [testprecache.amxx] hlcoop/shockroach/shock_idle3.wav
L 11/01/2024 - 11:50:46: [testprecache.amxx] precaching file
L 11/01/2024 - 11:50:46: [testprecache.amxx] hlcoop/shockroach/shock_idle2.wav
L 11/01/2024 - 11:50:46: [testprecache.amxx] precaching file
L 11/01/2024 - 11:50:46: [testprecache.amxx] /hl2/cscanner/scanner_scan_loop2.wav
L 11/01/2024 - 11:50:46: [testprecache.amxx] precaching file
L 11/01/2024 - 11:50:46: [testprecache.amxx] /hl2/cscanner/scanner_photo1.wav
L 11/01/2024 - 11:50:46: [testprecache.amxx] precaching file
L 11/01/2024 - 11:50:46: [testprecache.amxx] /hl2/cscanner/scanner_blip1.wav
L 11/01/2024 - 11:50:46: [testprecache.amxx] precaching file
L 11/01/2024 - 11:50:46: [testprecache.amxx] /hl2/cscanner/scanner_blip1.wav
L 11/01/2024 - 11:50:49: -------- Mapchange to d1_trainstation_02 --------
L 11/01/2024 - 11:50:49: [testprecache.amxx] precaching file
L 11/01/2024 - 11:50:49: [testprecache.amxx] items/smallmedkit1.wav
L 11/01/2024 - 11:50:49: [testprecache.amxx] precaching file
L 11/01/2024 - 11:50:49: [testprecache.amxx] player/pl_wade1.wav
L 11/01/2024 - 11:50:49: [testprecache.amxx] precaching file
L 11/01/2024 - 11:50:49: [testprecache.amxx] player/pl_wade2.wav
L 11/01/2024 - 11:50:49: [testprecache.amxx] precaching file
L 11/01/2024 - 11:50:49: [testprecache.amxx] hlcoop/shockroach/shock_idle3.wav
L 11/01/2024 - 11:50:49: [testprecache.amxx] precaching file
L 11/01/2024 - 11:50:49: [testprecache.amxx] hlcoop/shockroach/shock_idle2.wav
L 11/01/2024 - 11:50:49: [testprecache.amxx] precaching file
L 11/01/2024 - 11:50:49: [testprecache.amxx] /hl2/cscanner/scanner_scan_loop2.wav
L 11/01/2024 - 11:50:49: [testprecache.amxx] precaching file
L 11/01/2024 - 11:50:49: [testprecache.amxx] /hl2/cscanner/scanner_photo1.wav
L 11/01/2024 - 11:50:49: [testprecache.amxx] precaching file
L 11/01/2024 - 11:50:49: [testprecache.amxx] /hl2/cscanner/scanner_blip1.wav
L 11/01/2024 - 11:50:49: [testprecache.amxx] precaching file
L 11/01/2024 - 11:50:49: [testprecache.amxx] /hl2/cscanner/scanner_blip1.wav
L 11/01/2024 - 11:57:09: -------- Mapchange to sandbox --------
L 11/01/2024 - 11:57:09: [testprecache.amxx] precaching file
L 11/01/2024 - 11:57:09: [testprecache.amxx] items/smallmedkit1.wav
L 11/01/2024 - 11:57:09: [testprecache.amxx] precaching file
L 11/01/2024 - 11:57:09: [testprecache.amxx] player/pl_wade1.wav
L 11/01/2024 - 11:57:09: [testprecache.amxx] precaching file
L 11/01/2024 - 11:57:09: [testprecache.amxx] player/pl_wade2.wav
L 11/01/2024 - 11:57:09: [testprecache.amxx] precaching file
L 11/01/2024 - 11:57:09: [testprecache.amxx] hlcoop/shockroach/shock_idle3.wav
L 11/01/2024 - 11:57:09: [testprecache.amxx] precaching file
L 11/01/2024 - 11:57:09: [testprecache.amxx] hlcoop/shockroach/shock_idle2.wav
L 11/01/2024 - 11:57:09: [testprecache.amxx] precaching file
L 11/01/2024 - 11:57:09: [testprecache.amxx] /hl2/cscanner/scanner_scan_loop2.wav
L 11/01/2024 - 11:57:09: [testprecache.amxx] precaching file
L 11/01/2024 - 11:57:09: [testprecache.amxx] /hl2/cscanner/scanner_photo1.wav
L 11/01/2024 - 11:57:09: [testprecache.amxx] precaching file
L 11/01/2024 - 11:57:09: [testprecache.amxx] /hl2/cscanner/scanner_blip1.wav
L 11/01/2024 - 11:57:09: [testprecache.amxx] precaching file
L 11/01/2024 - 11:57:09: [testprecache.amxx] /hl2/cscanner/scanner_blip1.wav
L 11/01/2024 - 11:57:11: -------- Mapchange to d1_trainstation_02 --------
L 11/01/2024 - 11:57:11: [testprecache.amxx] precaching file
L 11/01/2024 - 11:57:11: [testprecache.amxx] items/smallmedkit1.wav
L 11/01/2024 - 11:57:11: [testprecache.amxx] precaching file
L 11/01/2024 - 11:57:11: [testprecache.amxx] player/pl_wade1.wav
L 11/01/2024 - 11:57:11: [testprecache.amxx] precaching file
L 11/01/2024 - 11:57:11: [testprecache.amxx] player/pl_wade2.wav
L 11/01/2024 - 11:57:11: [testprecache.amxx] precaching file
L 11/01/2024 - 11:57:11: [testprecache.amxx] hlcoop/shockroach/shock_idle3.wav
L 11/01/2024 - 11:57:11: [testprecache.amxx] precaching file
L 11/01/2024 - 11:57:11: [testprecache.amxx] hlcoop/shockroach/shock_idle2.wav
L 11/01/2024 - 11:57:11: [testprecache.amxx] precaching file
L 11/01/2024 - 11:57:11: [testprecache.amxx] /hl2/cscanner/scanner_scan_loop2.wav
L 11/01/2024 - 11:57:11: [testprecache.amxx] precaching file
L 11/01/2024 - 11:57:11: [testprecache.amxx] /hl2/cscanner/scanner_photo1.wav
L 11/01/2024 - 11:57:11: [testprecache.amxx] precaching file
L 11/01/2024 - 11:57:11: [testprecache.amxx] /hl2/cscanner/scanner_blip1.wav
L 11/01/2024 - 11:57:11: [testprecache.amxx] precaching file
L 11/01/2024 - 11:57:11: [testprecache.amxx] /hl2/cscanner/scanner_blip1.wav
L 11/01/2024 - 12:06:38: -------- Mapchange to sandbox --------
L 11/01/2024 - 12:06:38: [testprecache.amxx] precaching file
L 11/01/2024 - 12:06:38: [testprecache.amxx] items/smallmedkit1.wav
L 11/01/2024 - 12:06:38: [testprecache.amxx] precaching file
L 11/01/2024 - 12:06:38: [testprecache.amxx] player/pl_wade1.wav
L 11/01/2024 - 12:06:38: [testprecache.amxx] precaching file
L 11/01/2024 - 12:06:38: [testprecache.amxx] player/pl_wade2.wav
L 11/01/2024 - 12:06:38: [testprecache.amxx] precaching file
L 11/01/2024 - 12:06:38: [testprecache.amxx] hlcoop/shockroach/shock_idle3.wav
L 11/01/2024 - 12:06:38: [testprecache.amxx] precaching file
L 11/01/2024 - 12:06:38: [testprecache.amxx] hlcoop/shockroach/shock_idle2.wav
L 11/01/2024 - 12:06:38: [testprecache.amxx] precaching file
L 11/01/2024 - 12:06:38: [testprecache.amxx] /hl2/cscanner/scanner_scan_loop2.wav
L 11/01/2024 - 12:06:38: [testprecache.amxx] precaching file
L 11/01/2024 - 12:06:38: [testprecache.amxx] /hl2/cscanner/scanner_photo1.wav
L 11/01/2024 - 12:06:38: [testprecache.amxx] precaching file
L 11/01/2024 - 12:06:38: [testprecache.amxx] /hl2/cscanner/scanner_blip1.wav
L 11/01/2024 - 12:06:38: [testprecache.amxx] precaching file
L 11/01/2024 - 12:06:38: [testprecache.amxx] /hl2/cscanner/scanner_blip1.wav
L 11/01/2024 - 12:06:39: [galileo.amxx] 
L 11/01/2024 - 12:06:39: [galileo.amxx] The server is jumping to the next map after the current map due more than 1 restarts on the map "d1_trainstation_02"
L 11/01/2024 - 12:06:39: [galileo.amxx] 
L 11/01/2024 - 12:06:49: -------- Mapchange to d1_trainstation_02 --------
L 11/01/2024 - 12:06:49: [testprecache.amxx] precaching file
L 11/01/2024 - 12:06:49: [testprecache.amxx] items/smallmedkit1.wav
L 11/01/2024 - 12:06:49: [testprecache.amxx] precaching file
L 11/01/2024 - 12:06:49: [testprecache.amxx] player/pl_wade1.wav
L 11/01/2024 - 12:06:49: [testprecache.amxx] precaching file
L 11/01/2024 - 12:06:49: [testprecache.amxx] player/pl_wade2.wav
L 11/01/2024 - 12:06:49: [testprecache.amxx] precaching file
L 11/01/2024 - 12:06:49: [testprecache.amxx] hlcoop/shockroach/shock_idle3.wav
L 11/01/2024 - 12:06:49: [testprecache.amxx] precaching file
L 11/01/2024 - 12:06:49: [testprecache.amxx] hlcoop/shockroach/shock_idle2.wav
L 11/01/2024 - 12:06:49: [testprecache.amxx] precaching file
L 11/01/2024 - 12:06:49: [testprecache.amxx] /hl2/cscanner/scanner_scan_loop2.wav
L 11/01/2024 - 12:06:49: [testprecache.amxx] precaching file
L 11/01/2024 - 12:06:49: [testprecache.amxx] /hl2/cscanner/scanner_photo1.wav
L 11/01/2024 - 12:06:49: [testprecache.amxx] precaching file
L 11/01/2024 - 12:06:49: [testprecache.amxx] /hl2/cscanner/scanner_blip1.wav
L 11/01/2024 - 12:06:49: [testprecache.amxx] precaching file
L 11/01/2024 - 12:06:49: [testprecache.amxx] /hl2/cscanner/scanner_blip1.wav
L 11/01/2024 - 12:11:04: -------- Mapchange to sandbox --------
L 11/01/2024 - 12:11:04: [testprecache.amxx] precaching file
L 11/01/2024 - 12:11:04: [testprecache.amxx] items/smallmedkit1.wav
L 11/01/2024 - 12:11:04: [testprecache.amxx] precaching file
L 11/01/2024 - 12:11:04: [testprecache.amxx] player/pl_wade1.wav
L 11/01/2024 - 12:11:04: [testprecache.amxx] precaching file
L 11/01/2024 - 12:11:04: [testprecache.amxx] player/pl_wade2.wav
L 11/01/2024 - 12:11:04: [testprecache.amxx] precaching file
L 11/01/2024 - 12:11:04: [testprecache.amxx] hlcoop/shockroach/shock_idle3.wav
L 11/01/2024 - 12:11:04: [testprecache.amxx] precaching file
L 11/01/2024 - 12:11:04: [testprecache.amxx] hlcoop/shockroach/shock_idle2.wav
L 11/01/2024 - 12:11:04: [testprecache.amxx] precaching file
L 11/01/2024 - 12:11:04: [testprecache.amxx] /hl2/cscanner/scanner_scan_loop2.wav
L 11/01/2024 - 12:11:04: [testprecache.amxx] precaching file
L 11/01/2024 - 12:11:04: [testprecache.amxx] /hl2/cscanner/scanner_photo1.wav
L 11/01/2024 - 12:11:04: [testprecache.amxx] precaching file
L 11/01/2024 - 12:11:04: [testprecache.amxx] /hl2/cscanner/scanner_blip1.wav
L 11/01/2024 - 12:11:04: [testprecache.amxx] precaching file
L 11/01/2024 - 12:11:04: [testprecache.amxx] /hl2/cscanner/scanner_blip1.wav
L 11/01/2024 - 12:11:06: -------- Mapchange to d1_trainstation_02 --------
L 11/01/2024 - 12:11:06: [testprecache.amxx] precaching file
L 11/01/2024 - 12:11:06: [testprecache.amxx] items/smallmedkit1.wav
L 11/01/2024 - 12:11:06: [testprecache.amxx] precaching file
L 11/01/2024 - 12:11:06: [testprecache.amxx] player/pl_wade1.wav
L 11/01/2024 - 12:11:06: [testprecache.amxx] precaching file
L 11/01/2024 - 12:11:06: [testprecache.amxx] player/pl_wade2.wav
L 11/01/2024 - 12:11:06: [testprecache.amxx] precaching file
L 11/01/2024 - 12:11:06: [testprecache.amxx] hlcoop/shockroach/shock_idle3.wav
L 11/01/2024 - 12:11:06: [testprecache.amxx] precaching file
L 11/01/2024 - 12:11:06: [testprecache.amxx] hlcoop/shockroach/shock_idle2.wav
L 11/01/2024 - 12:11:06: [testprecache.amxx] precaching file
L 11/01/2024 - 12:11:06: [testprecache.amxx] /hl2/cscanner/scanner_scan_loop2.wav
L 11/01/2024 - 12:11:06: [testprecache.amxx] precaching file
L 11/01/2024 - 12:11:06: [testprecache.amxx] /hl2/cscanner/scanner_photo1.wav
L 11/01/2024 - 12:11:06: [testprecache.amxx] precaching file
L 11/01/2024 - 12:11:06: [testprecache.amxx] /hl2/cscanner/scanner_blip1.wav
L 11/01/2024 - 12:11:06: [testprecache.amxx] precaching file
L 11/01/2024 - 12:11:06: [testprecache.amxx] /hl2/cscanner/scanner_blip1.wav
L 11/01/2024 - 12:19:35: -------- Mapchange to sandbox --------
L 11/01/2024 - 12:19:35: [testprecache.amxx] precaching file
L 11/01/2024 - 12:19:35: [testprecache.amxx] items/smallmedkit1.wav
L 11/01/2024 - 12:19:35: [testprecache.amxx] precaching file
L 11/01/2024 - 12:19:35: [testprecache.amxx] player/pl_wade1.wav
L 11/01/2024 - 12:19:35: [testprecache.amxx] precaching file
L 11/01/2024 - 12:19:35: [testprecache.amxx] player/pl_wade2.wav
L 11/01/2024 - 12:19:35: [testprecache.amxx] precaching file
L 11/01/2024 - 12:19:35: [testprecache.amxx] hlcoop/shockroach/shock_idle3.wav
L 11/01/2024 - 12:19:35: [testprecache.amxx] precaching file
L 11/01/2024 - 12:19:35: [testprecache.amxx] hlcoop/shockroach/shock_idle2.wav
L 11/01/2024 - 12:19:35: [testprecache.amxx] precaching file
L 11/01/2024 - 12:19:35: [testprecache.amxx] /hl2/cscanner/scanner_scan_loop2.wav
L 11/01/2024 - 12:19:35: [testprecache.amxx] precaching file
L 11/01/2024 - 12:19:35: [testprecache.amxx] /hl2/cscanner/scanner_photo1.wav
L 11/01/2024 - 12:19:35: [testprecache.amxx] precaching file
L 11/01/2024 - 12:19:35: [testprecache.amxx] /hl2/cscanner/scanner_blip1.wav
L 11/01/2024 - 12:19:35: [testprecache.amxx] precaching file
L 11/01/2024 - 12:19:35: [testprecache.amxx] /hl2/cscanner/scanner_blip1.wav
L 11/01/2024 - 12:19:38: -------- Mapchange to d1_trainstation_02 --------
L 11/01/2024 - 12:19:38: [testprecache.amxx] precaching file
L 11/01/2024 - 12:19:38: [testprecache.amxx] items/smallmedkit1.wav
L 11/01/2024 - 12:19:38: [testprecache.amxx] precaching file
L 11/01/2024 - 12:19:38: [testprecache.amxx] player/pl_wade1.wav
L 11/01/2024 - 12:19:38: [testprecache.amxx] precaching file
L 11/01/2024 - 12:19:38: [testprecache.amxx] player/pl_wade2.wav
L 11/01/2024 - 12:19:38: [testprecache.amxx] precaching file
L 11/01/2024 - 12:19:38: [testprecache.amxx] hlcoop/shockroach/shock_idle3.wav
L 11/01/2024 - 12:19:38: [testprecache.amxx] precaching file
L 11/01/2024 - 12:19:38: [testprecache.amxx] hlcoop/shockroach/shock_idle2.wav
L 11/01/2024 - 12:19:38: [testprecache.amxx] precaching file
L 11/01/2024 - 12:19:38: [testprecache.amxx] /hl2/cscanner/scanner_scan_loop2.wav
L 11/01/2024 - 12:19:38: [testprecache.amxx] precaching file
L 11/01/2024 - 12:19:38: [testprecache.amxx] /hl2/cscanner/scanner_photo1.wav
L 11/01/2024 - 12:19:38: [testprecache.amxx] precaching file
L 11/01/2024 - 12:19:38: [testprecache.amxx] /hl2/cscanner/scanner_blip1.wav
L 11/01/2024 - 12:19:38: [testprecache.amxx] precaching file
L 11/01/2024 - 12:19:38: [testprecache.amxx] /hl2/cscanner/scanner_blip1.wav
L 11/01/2024 - 12:21:49: -------- Mapchange to sandbox --------
L 11/01/2024 - 12:21:49: [testprecache.amxx] precaching file
L 11/01/2024 - 12:21:49: [testprecache.amxx] items/smallmedkit1.wav
L 11/01/2024 - 12:21:49: [testprecache.amxx] precaching file
L 11/01/2024 - 12:21:49: [testprecache.amxx] player/pl_wade1.wav
L 11/01/2024 - 12:21:49: [testprecache.amxx] precaching file
L 11/01/2024 - 12:21:49: [testprecache.amxx] player/pl_wade2.wav
L 11/01/2024 - 12:21:49: [testprecache.amxx] precaching file
L 11/01/2024 - 12:21:49: [testprecache.amxx] hlcoop/shockroach/shock_idle3.wav
L 11/01/2024 - 12:21:49: [testprecache.amxx] precaching file
L 11/01/2024 - 12:21:49: [testprecache.amxx] hlcoop/shockroach/shock_idle2.wav
L 11/01/2024 - 12:21:49: [testprecache.amxx] precaching file
L 11/01/2024 - 12:21:49: [testprecache.amxx] /hl2/cscanner/scanner_scan_loop2.wav
L 11/01/2024 - 12:21:49: [testprecache.amxx] precaching file
L 11/01/2024 - 12:21:49: [testprecache.amxx] /hl2/cscanner/scanner_photo1.wav
L 11/01/2024 - 12:21:49: [testprecache.amxx] precaching file
L 11/01/2024 - 12:21:49: [testprecache.amxx] /hl2/cscanner/scanner_blip1.wav
L 11/01/2024 - 12:21:49: [testprecache.amxx] precaching file
L 11/01/2024 - 12:21:49: [testprecache.amxx] /hl2/cscanner/scanner_blip1.wav
L 11/01/2024 - 12:30:30: -------- Mapchange to sandbox --------
L 11/01/2024 - 12:30:30: [testprecache.amxx] precaching file
L 11/01/2024 - 12:30:30: [testprecache.amxx] items/smallmedkit1.wav
L 11/01/2024 - 12:30:30: [testprecache.amxx] precaching file
L 11/01/2024 - 12:30:30: [testprecache.amxx] player/pl_wade1.wav
L 11/01/2024 - 12:30:30: [testprecache.amxx] precaching file
L 11/01/2024 - 12:30:30: [testprecache.amxx] player/pl_wade2.wav
L 11/01/2024 - 12:30:30: [testprecache.amxx] precaching file
L 11/01/2024 - 12:30:30: [testprecache.amxx] hlcoop/shockroach/shock_idle3.wav
L 11/01/2024 - 12:30:30: [testprecache.amxx] precaching file
L 11/01/2024 - 12:30:30: [testprecache.amxx] hlcoop/shockroach/shock_idle2.wav
L 11/01/2024 - 12:30:30: [testprecache.amxx] precaching file
L 11/01/2024 - 12:30:30: [testprecache.amxx] /hl2/cscanner/scanner_scan_loop2.wav
L 11/01/2024 - 12:30:30: [testprecache.amxx] precaching file
L 11/01/2024 - 12:30:30: [testprecache.amxx] /hl2/cscanner/scanner_photo1.wav
L 11/01/2024 - 12:30:30: [testprecache.amxx] precaching file
L 11/01/2024 - 12:30:30: [testprecache.amxx] /hl2/cscanner/scanner_blip1.wav
L 11/01/2024 - 12:30:30: [testprecache.amxx] precaching file
L 11/01/2024 - 12:30:30: [testprecache.amxx] /hl2/cscanner/scanner_blip1.wav
L 11/01/2024 - 13:24:41: -------- Mapchange to sandbox --------
L 11/01/2024 - 13:24:41: [testprecache.amxx] precaching file
L 11/01/2024 - 13:24:41: [testprecache.amxx] items/smallmedkit1.wav
L 11/01/2024 - 13:24:41: [testprecache.amxx] precaching file
L 11/01/2024 - 13:24:41: [testprecache.amxx] player/pl_wade1.wav
L 11/01/2024 - 13:24:41: [testprecache.amxx] precaching file
L 11/01/2024 - 13:24:41: [testprecache.amxx] player/pl_wade2.wav
L 11/01/2024 - 13:24:41: [testprecache.amxx] precaching file
L 11/01/2024 - 13:24:41: [testprecache.amxx] hlcoop/shockroach/shock_idle3.wav
L 11/01/2024 - 13:24:41: [testprecache.amxx] precaching file
L 11/01/2024 - 13:24:41: [testprecache.amxx] hlcoop/shockroach/shock_idle2.wav
L 11/01/2024 - 13:24:41: [testprecache.amxx] precaching file
L 11/01/2024 - 13:24:41: [testprecache.amxx] /hl2/cscanner/scanner_scan_loop2.wav
L 11/01/2024 - 13:24:41: [testprecache.amxx] precaching file
L 11/01/2024 - 13:24:41: [testprecache.amxx] /hl2/cscanner/scanner_photo1.wav
L 11/01/2024 - 13:24:41: [testprecache.amxx] precaching file
L 11/01/2024 - 13:24:41: [testprecache.amxx] /hl2/cscanner/scanner_blip1.wav
L 11/01/2024 - 13:24:41: [testprecache.amxx] precaching file
L 11/01/2024 - 13:24:41: [testprecache.amxx] /hl2/cscanner/scanner_blip1.wav
L 11/01/2024 - 13:25:38: -------- Mapchange to infested --------
L 11/01/2024 - 13:25:38: [testprecache.amxx] precaching file
L 11/01/2024 - 13:25:38: [testprecache.amxx] items/smallmedkit1.wav
L 11/01/2024 - 13:25:38: [testprecache.amxx] precaching file
L 11/01/2024 - 13:25:38: [testprecache.amxx] player/pl_wade1.wav
L 11/01/2024 - 13:25:38: [testprecache.amxx] precaching file
L 11/01/2024 - 13:25:38: [testprecache.amxx] player/pl_wade2.wav
L 11/01/2024 - 13:25:38: [testprecache.amxx] precaching file
L 11/01/2024 - 13:25:38: [testprecache.amxx] hlcoop/shockroach/shock_idle3.wav
L 11/01/2024 - 13:25:38: [testprecache.amxx] precaching file
L 11/01/2024 - 13:25:38: [testprecache.amxx] hlcoop/shockroach/shock_idle2.wav
L 11/01/2024 - 13:25:38: [testprecache.amxx] precaching file
L 11/01/2024 - 13:25:38: [testprecache.amxx] /hl2/cscanner/scanner_scan_loop2.wav
L 11/01/2024 - 13:25:38: [testprecache.amxx] precaching file
L 11/01/2024 - 13:25:38: [testprecache.amxx] /hl2/cscanner/scanner_photo1.wav
L 11/01/2024 - 13:25:38: [testprecache.amxx] precaching file
L 11/01/2024 - 13:25:38: [testprecache.amxx] /hl2/cscanner/scanner_blip1.wav
L 11/01/2024 - 13:25:38: [testprecache.amxx] precaching file
L 11/01/2024 - 13:25:38: [testprecache.amxx] /hl2/cscanner/scanner_blip1.wav
L 11/01/2024 - 13:26:46: -------- Mapchange to infested --------
L 11/01/2024 - 13:26:46: [testprecache.amxx] precaching file
L 11/01/2024 - 13:26:46: [testprecache.amxx] items/smallmedkit1.wav
L 11/01/2024 - 13:26:46: [testprecache.amxx] precaching file
L 11/01/2024 - 13:26:46: [testprecache.amxx] player/pl_wade1.wav
L 11/01/2024 - 13:26:46: [testprecache.amxx] precaching file
L 11/01/2024 - 13:26:46: [testprecache.amxx] player/pl_wade2.wav
L 11/01/2024 - 13:26:46: [testprecache.amxx] precaching file
L 11/01/2024 - 13:26:46: [testprecache.amxx] hlcoop/shockroach/shock_idle3.wav
L 11/01/2024 - 13:26:46: [testprecache.amxx] precaching file
L 11/01/2024 - 13:26:46: [testprecache.amxx] hlcoop/shockroach/shock_idle2.wav
L 11/01/2024 - 13:26:46: [testprecache.amxx] precaching file
L 11/01/2024 - 13:26:46: [testprecache.amxx] /hl2/cscanner/scanner_scan_loop2.wav
L 11/01/2024 - 13:26:46: [testprecache.amxx] precaching file
L 11/01/2024 - 13:26:46: [testprecache.amxx] /hl2/cscanner/scanner_photo1.wav
L 11/01/2024 - 13:26:46: [testprecache.amxx] precaching file
L 11/01/2024 - 13:26:46: [testprecache.amxx] /hl2/cscanner/scanner_blip1.wav
L 11/01/2024 - 13:26:46: [testprecache.amxx] precaching file
L 11/01/2024 - 13:26:46: [testprecache.amxx] /hl2/cscanner/scanner_blip1.wav
L 11/01/2024 - 13:39:10: -------- Mapchange to infested --------
L 11/01/2024 - 13:39:10: [testprecache.amxx] precaching file
L 11/01/2024 - 13:39:10: [testprecache.amxx] items/smallmedkit1.wav
L 11/01/2024 - 13:39:10: [testprecache.amxx] precaching file
L 11/01/2024 - 13:39:10: [testprecache.amxx] player/pl_wade1.wav
L 11/01/2024 - 13:39:10: [testprecache.amxx] precaching file
L 11/01/2024 - 13:39:10: [testprecache.amxx] player/pl_wade2.wav
L 11/01/2024 - 13:39:10: [testprecache.amxx] precaching file
L 11/01/2024 - 13:39:10: [testprecache.amxx] hlcoop/shockroach/shock_idle3.wav
L 11/01/2024 - 13:39:10: [testprecache.amxx] precaching file
L 11/01/2024 - 13:39:10: [testprecache.amxx] hlcoop/shockroach/shock_idle2.wav
L 11/01/2024 - 13:39:10: [testprecache.amxx] precaching file
L 11/01/2024 - 13:39:10: [testprecache.amxx] /hl2/cscanner/scanner_scan_loop2.wav
L 11/01/2024 - 13:39:10: [testprecache.amxx] precaching file
L 11/01/2024 - 13:39:10: [testprecache.amxx] /hl2/cscanner/scanner_photo1.wav
L 11/01/2024 - 13:39:10: [testprecache.amxx] precaching file
L 11/01/2024 - 13:39:10: [testprecache.amxx] /hl2/cscanner/scanner_blip1.wav
L 11/01/2024 - 13:39:10: [testprecache.amxx] precaching file
L 11/01/2024 - 13:39:10: [testprecache.amxx] /hl2/cscanner/scanner_blip1.wav
L 11/01/2024 - 13:42:01: -------- Mapchange to d1_town_01 --------
L 11/01/2024 - 13:42:01: [testprecache.amxx] precaching file
L 11/01/2024 - 13:42:01: [testprecache.amxx] items/smallmedkit1.wav
L 11/01/2024 - 13:42:01: [testprecache.amxx] precaching file
L 11/01/2024 - 13:42:01: [testprecache.amxx] player/pl_wade1.wav
L 11/01/2024 - 13:42:01: [testprecache.amxx] precaching file
L 11/01/2024 - 13:42:01: [testprecache.amxx] player/pl_wade2.wav
L 11/01/2024 - 13:42:01: [testprecache.amxx] precaching file
L 11/01/2024 - 13:42:01: [testprecache.amxx] hlcoop/shockroach/shock_idle3.wav
L 11/01/2024 - 13:42:01: [testprecache.amxx] precaching file
L 11/01/2024 - 13:42:01: [testprecache.amxx] hlcoop/shockroach/shock_idle2.wav
L 11/01/2024 - 13:42:01: [testprecache.amxx] precaching file
L 11/01/2024 - 13:42:01: [testprecache.amxx] /hl2/cscanner/scanner_scan_loop2.wav
L 11/01/2024 - 13:42:01: [testprecache.amxx] precaching file
L 11/01/2024 - 13:42:01: [testprecache.amxx] /hl2/cscanner/scanner_photo1.wav
L 11/01/2024 - 13:42:01: [testprecache.amxx] precaching file
L 11/01/2024 - 13:42:01: [testprecache.amxx] /hl2/cscanner/scanner_blip1.wav
L 11/01/2024 - 13:42:01: [testprecache.amxx] precaching file
L 11/01/2024 - 13:42:01: [testprecache.amxx] /hl2/cscanner/scanner_blip1.wav
L 11/01/2024 - 22:07:43: -------- Mapchange to sandbox --------
L 11/01/2024 - 22:07:43: [testprecache.amxx] precaching file
L 11/01/2024 - 22:07:43: [testprecache.amxx] items/smallmedkit1.wav
L 11/01/2024 - 22:07:43: [testprecache.amxx] precaching file
L 11/01/2024 - 22:07:43: [testprecache.amxx] player/pl_wade1.wav
L 11/01/2024 - 22:07:43: [testprecache.amxx] precaching file
L 11/01/2024 - 22:07:43: [testprecache.amxx] player/pl_wade2.wav
L 11/01/2024 - 22:07:43: [testprecache.amxx] precaching file
L 11/01/2024 - 22:07:43: [testprecache.amxx] hlcoop/shockroach/shock_idle3.wav
L 11/01/2024 - 22:07:43: [testprecache.amxx] precaching file
L 11/01/2024 - 22:07:43: [testprecache.amxx] hlcoop/shockroach/shock_idle2.wav
L 11/01/2024 - 22:07:43: [testprecache.amxx] precaching file
L 11/01/2024 - 22:07:43: [testprecache.amxx] /hl2/cscanner/scanner_scan_loop2.wav
L 11/01/2024 - 22:07:43: [testprecache.amxx] precaching file
L 11/01/2024 - 22:07:43: [testprecache.amxx] /hl2/cscanner/scanner_photo1.wav
L 11/01/2024 - 22:07:43: [testprecache.amxx] precaching file
L 11/01/2024 - 22:07:43: [testprecache.amxx] /hl2/cscanner/scanner_blip1.wav
L 11/01/2024 - 22:07:43: [testprecache.amxx] precaching file
L 11/01/2024 - 22:07:43: [testprecache.amxx] /hl2/cscanner/scanner_blip1.wav
L 11/01/2024 - 22:07:46: -------- Mapchange to d1_town_01 --------
L 11/01/2024 - 22:07:46: [testprecache.amxx] precaching file
L 11/01/2024 - 22:07:46: [testprecache.amxx] items/smallmedkit1.wav
L 11/01/2024 - 22:07:46: [testprecache.amxx] precaching file
L 11/01/2024 - 22:07:46: [testprecache.amxx] player/pl_wade1.wav
L 11/01/2024 - 22:07:46: [testprecache.amxx] precaching file
L 11/01/2024 - 22:07:46: [testprecache.amxx] player/pl_wade2.wav
L 11/01/2024 - 22:07:46: [testprecache.amxx] precaching file
L 11/01/2024 - 22:07:46: [testprecache.amxx] hlcoop/shockroach/shock_idle3.wav
L 11/01/2024 - 22:07:46: [testprecache.amxx] precaching file
L 11/01/2024 - 22:07:46: [testprecache.amxx] hlcoop/shockroach/shock_idle2.wav
L 11/01/2024 - 22:07:46: [testprecache.amxx] precaching file
L 11/01/2024 - 22:07:46: [testprecache.amxx] /hl2/cscanner/scanner_scan_loop2.wav
L 11/01/2024 - 22:07:46: [testprecache.amxx] precaching file
L 11/01/2024 - 22:07:46: [testprecache.amxx] /hl2/cscanner/scanner_photo1.wav
L 11/01/2024 - 22:07:46: [testprecache.amxx] precaching file
L 11/01/2024 - 22:07:46: [testprecache.amxx] /hl2/cscanner/scanner_blip1.wav
L 11/01/2024 - 22:07:46: [testprecache.amxx] precaching file
L 11/01/2024 - 22:07:46: [testprecache.amxx] /hl2/cscanner/scanner_blip1.wav
L 11/01/2024 - 15:07:40: -------- Mapchange to sandbox --------
L 11/01/2024 - 15:07:40: [testprecache.amxx] precaching file
L 11/01/2024 - 15:07:40: [testprecache.amxx] items/smallmedkit1.wav
L 11/01/2024 - 15:07:40: [testprecache.amxx] precaching file
L 11/01/2024 - 15:07:40: [testprecache.amxx] player/pl_wade1.wav
L 11/01/2024 - 15:07:40: [testprecache.amxx] precaching file
L 11/01/2024 - 15:07:40: [testprecache.amxx] player/pl_wade2.wav
L 11/01/2024 - 15:07:40: [testprecache.amxx] precaching file
L 11/01/2024 - 15:07:40: [testprecache.amxx] hlcoop/shockroach/shock_idle3.wav
L 11/01/2024 - 15:07:40: [testprecache.amxx] precaching file
L 11/01/2024 - 15:07:40: [testprecache.amxx] hlcoop/shockroach/shock_idle2.wav
L 11/01/2024 - 15:07:40: [testprecache.amxx] precaching file
L 11/01/2024 - 15:07:40: [testprecache.amxx] /hl2/cscanner/scanner_scan_loop2.wav
L 11/01/2024 - 15:07:40: [testprecache.amxx] precaching file
L 11/01/2024 - 15:07:40: [testprecache.amxx] /hl2/cscanner/scanner_photo1.wav
L 11/01/2024 - 15:07:40: [testprecache.amxx] precaching file
L 11/01/2024 - 15:07:40: [testprecache.amxx] /hl2/cscanner/scanner_blip1.wav
L 11/01/2024 - 15:07:40: [testprecache.amxx] precaching file
L 11/01/2024 - 15:07:40: [testprecache.amxx] /hl2/cscanner/scanner_blip1.wav
L 11/01/2024 - 15:07:42: -------- Mapchange to d1_town_01 --------
L 11/01/2024 - 15:07:42: [testprecache.amxx] precaching file
L 11/01/2024 - 15:07:42: [testprecache.amxx] items/smallmedkit1.wav
L 11/01/2024 - 15:07:42: [testprecache.amxx] precaching file
L 11/01/2024 - 15:07:42: [testprecache.amxx] player/pl_wade1.wav
L 11/01/2024 - 15:07:42: [testprecache.amxx] precaching file
L 11/01/2024 - 15:07:42: [testprecache.amxx] player/pl_wade2.wav
L 11/01/2024 - 15:07:42: [testprecache.amxx] precaching file
L 11/01/2024 - 15:07:42: [testprecache.amxx] hlcoop/shockroach/shock_idle3.wav
L 11/01/2024 - 15:07:42: [testprecache.amxx] precaching file
L 11/01/2024 - 15:07:42: [testprecache.amxx] hlcoop/shockroach/shock_idle2.wav
L 11/01/2024 - 15:07:42: [testprecache.amxx] precaching file
L 11/01/2024 - 15:07:42: [testprecache.amxx] /hl2/cscanner/scanner_scan_loop2.wav
L 11/01/2024 - 15:07:42: [testprecache.amxx] precaching file
L 11/01/2024 - 15:07:42: [testprecache.amxx] /hl2/cscanner/scanner_photo1.wav
L 11/01/2024 - 15:07:42: [testprecache.amxx] precaching file
L 11/01/2024 - 15:07:42: [testprecache.amxx] /hl2/cscanner/scanner_blip1.wav
L 11/01/2024 - 15:07:42: [testprecache.amxx] precaching file
L 11/01/2024 - 15:07:42: [testprecache.amxx] /hl2/cscanner/scanner_blip1.wav
L 11/01/2024 - 18:23:43: -------- Mapchange to sandbox --------
L 11/01/2024 - 18:23:43: [testprecache.amxx] precaching file
L 11/01/2024 - 18:23:43: [testprecache.amxx] items/smallmedkit1.wav
L 11/01/2024 - 18:23:43: [testprecache.amxx] precaching file
L 11/01/2024 - 18:23:43: [testprecache.amxx] player/pl_wade1.wav
L 11/01/2024 - 18:23:43: [testprecache.amxx] precaching file
L 11/01/2024 - 18:23:43: [testprecache.amxx] player/pl_wade2.wav
L 11/01/2024 - 18:23:43: [testprecache.amxx] precaching file
L 11/01/2024 - 18:23:43: [testprecache.amxx] hlcoop/shockroach/shock_idle3.wav
L 11/01/2024 - 18:23:43: [testprecache.amxx] precaching file
L 11/01/2024 - 18:23:43: [testprecache.amxx] hlcoop/shockroach/shock_idle2.wav
L 11/01/2024 - 18:23:43: [testprecache.amxx] precaching file
L 11/01/2024 - 18:23:43: [testprecache.amxx] /hl2/cscanner/scanner_scan_loop2.wav
L 11/01/2024 - 18:23:43: [testprecache.amxx] precaching file
L 11/01/2024 - 18:23:43: [testprecache.amxx] /hl2/cscanner/scanner_photo1.wav
L 11/01/2024 - 18:23:43: [testprecache.amxx] precaching file
L 11/01/2024 - 18:23:43: [testprecache.amxx] /hl2/cscanner/scanner_blip1.wav
L 11/01/2024 - 18:23:43: [testprecache.amxx] precaching file
L 11/01/2024 - 18:23:43: [testprecache.amxx] /hl2/cscanner/scanner_blip1.wav
L 11/01/2024 - 18:23:43: [galileo.amxx] 
L 11/01/2024 - 18:23:43: [galileo.amxx] The server is jumping to the next map after the current map due more than 1 restarts on the map "d1_town_01"
L 11/01/2024 - 18:23:43: [galileo.amxx] 
L 11/01/2024 - 18:40:22: -------- Mapchange to sandbox --------
L 11/01/2024 - 18:40:22: [testprecache.amxx] precaching file
L 11/01/2024 - 18:40:22: [testprecache.amxx] items/smallmedkit1.wav
L 11/01/2024 - 18:40:22: [testprecache.amxx] precaching file
L 11/01/2024 - 18:40:22: [testprecache.amxx] player/pl_wade1.wav
L 11/01/2024 - 18:40:22: [testprecache.amxx] precaching file
L 11/01/2024 - 18:40:22: [testprecache.amxx] player/pl_wade2.wav
L 11/01/2024 - 18:40:22: [testprecache.amxx] precaching file
L 11/01/2024 - 18:40:22: [testprecache.amxx] hlcoop/shockroach/shock_idle3.wav
L 11/01/2024 - 18:40:22: [testprecache.amxx] precaching file
L 11/01/2024 - 18:40:22: [testprecache.amxx] hlcoop/shockroach/shock_idle2.wav
L 11/01/2024 - 18:40:22: [testprecache.amxx] precaching file
L 11/01/2024 - 18:40:22: [testprecache.amxx] /hl2/cscanner/scanner_scan_loop2.wav
L 11/01/2024 - 18:40:22: [testprecache.amxx] precaching file
L 11/01/2024 - 18:40:22: [testprecache.amxx] /hl2/cscanner/scanner_photo1.wav
L 11/01/2024 - 18:40:22: [testprecache.amxx] precaching file
L 11/01/2024 - 18:40:22: [testprecache.amxx] /hl2/cscanner/scanner_blip1.wav
L 11/01/2024 - 18:40:22: [testprecache.amxx] precaching file
L 11/01/2024 - 18:40:22: [testprecache.amxx] /hl2/cscanner/scanner_blip1.wav
