L 10/07/2024 - 00:25:35: -------- Mapchange to sandbox --------
L 10/07/2024 - 00:25:35: [testprecache.amxx] precaching file
L 10/07/2024 - 00:25:35: [testprecache.amxx] items/smallmedkit1.wav
L 10/07/2024 - 00:25:35: [testprecache.amxx] precaching file
L 10/07/2024 - 00:25:35: [testprecache.amxx] player/pl_wade1.wav
L 10/07/2024 - 00:25:35: [testprecache.amxx] precaching file
L 10/07/2024 - 00:25:35: [testprecache.amxx] player/pl_wade2.wav
L 10/07/2024 - 00:25:35: [testprecache.amxx] precaching file
L 10/07/2024 - 00:25:35: [testprecache.amxx] hlcoop/shockroach/shock_idle3.wav
L 10/07/2024 - 00:25:35: [testprecache.amxx] precaching file
L 10/07/2024 - 00:25:35: [testprecache.amxx] hlcoop/shockroach/shock_idle2.wav
L 10/07/2024 - 00:25:35: [testprecache.amxx] precaching file
L 10/07/2024 - 00:25:35: [testprecache.amxx] hlcoop/shockroach/shock_idle2.wav
L 10/07/2024 - 00:25:35: [testprecache.amxx] precaching file
L 10/07/2024 - 00:25:35: [testprecache.amxx] hlcoop/shockroach/shock_idle2.wav
L 10/07/2024 - 00:25:38: -------- Mapchange to d1_trainstation_02 --------
L 10/07/2024 - 00:25:38: [testprecache.amxx] precaching file
L 10/07/2024 - 00:25:38: [testprecache.amxx] items/smallmedkit1.wav
L 10/07/2024 - 00:25:38: [testprecache.amxx] precaching file
L 10/07/2024 - 00:25:38: [testprecache.amxx] player/pl_wade1.wav
L 10/07/2024 - 00:25:38: [testprecache.amxx] precaching file
L 10/07/2024 - 00:25:38: [testprecache.amxx] player/pl_wade2.wav
L 10/07/2024 - 00:25:38: [testprecache.amxx] precaching file
L 10/07/2024 - 00:25:38: [testprecache.amxx] hlcoop/shockroach/shock_idle3.wav
L 10/07/2024 - 00:25:38: [testprecache.amxx] precaching file
L 10/07/2024 - 00:25:38: [testprecache.amxx] hlcoop/shockroach/shock_idle2.wav
L 10/07/2024 - 00:25:38: [testprecache.amxx] precaching file
L 10/07/2024 - 00:25:38: [testprecache.amxx] hlcoop/shockroach/shock_idle2.wav
L 10/07/2024 - 00:25:38: [testprecache.amxx] precaching file
L 10/07/2024 - 00:25:38: [testprecache.amxx] hlcoop/shockroach/shock_idle2.wav
L 10/07/2024 - 00:26:33: -------- Mapchange to sandbox --------
L 10/07/2024 - 00:26:33: [testprecache.amxx] precaching file
L 10/07/2024 - 00:26:33: [testprecache.amxx] items/smallmedkit1.wav
L 10/07/2024 - 00:26:33: [testprecache.amxx] precaching file
L 10/07/2024 - 00:26:33: [testprecache.amxx] player/pl_wade1.wav
L 10/07/2024 - 00:26:33: [testprecache.amxx] precaching file
L 10/07/2024 - 00:26:33: [testprecache.amxx] player/pl_wade2.wav
L 10/07/2024 - 00:26:33: [testprecache.amxx] precaching file
L 10/07/2024 - 00:26:33: [testprecache.amxx] hlcoop/shockroach/shock_idle3.wav
L 10/07/2024 - 00:26:33: [testprecache.amxx] precaching file
L 10/07/2024 - 00:26:33: [testprecache.amxx] hlcoop/shockroach/shock_idle2.wav
L 10/07/2024 - 00:26:33: [testprecache.amxx] precaching file
L 10/07/2024 - 00:26:33: [testprecache.amxx] hlcoop/shockroach/shock_idle2.wav
L 10/07/2024 - 00:26:33: [testprecache.amxx] precaching file
L 10/07/2024 - 00:26:33: [testprecache.amxx] hlcoop/shockroach/shock_idle2.wav
L 10/07/2024 - 00:26:36: -------- Mapchange to d1_trainstation_02 --------
L 10/07/2024 - 00:26:36: [testprecache.amxx] precaching file
L 10/07/2024 - 00:26:36: [testprecache.amxx] items/smallmedkit1.wav
L 10/07/2024 - 00:26:36: [testprecache.amxx] precaching file
L 10/07/2024 - 00:26:36: [testprecache.amxx] player/pl_wade1.wav
L 10/07/2024 - 00:26:36: [testprecache.amxx] precaching file
L 10/07/2024 - 00:26:36: [testprecache.amxx] player/pl_wade2.wav
L 10/07/2024 - 00:26:36: [testprecache.amxx] precaching file
L 10/07/2024 - 00:26:36: [testprecache.amxx] hlcoop/shockroach/shock_idle3.wav
L 10/07/2024 - 00:26:36: [testprecache.amxx] precaching file
L 10/07/2024 - 00:26:36: [testprecache.amxx] hlcoop/shockroach/shock_idle2.wav
L 10/07/2024 - 00:26:36: [testprecache.amxx] precaching file
L 10/07/2024 - 00:26:36: [testprecache.amxx] hlcoop/shockroach/shock_idle2.wav
L 10/07/2024 - 00:26:36: [testprecache.amxx] precaching file
L 10/07/2024 - 00:26:36: [testprecache.amxx] hlcoop/shockroach/shock_idle2.wav
L 10/07/2024 - 00:37:53: -------- Mapchange to sandbox --------
L 10/07/2024 - 00:37:53: [testprecache.amxx] precaching file
L 10/07/2024 - 00:37:53: [testprecache.amxx] items/smallmedkit1.wav
L 10/07/2024 - 00:37:53: [testprecache.amxx] precaching file
L 10/07/2024 - 00:37:53: [testprecache.amxx] player/pl_wade1.wav
L 10/07/2024 - 00:37:53: [testprecache.amxx] precaching file
L 10/07/2024 - 00:37:53: [testprecache.amxx] player/pl_wade2.wav
L 10/07/2024 - 00:37:53: [testprecache.amxx] precaching file
L 10/07/2024 - 00:37:53: [testprecache.amxx] hlcoop/shockroach/shock_idle3.wav
L 10/07/2024 - 00:37:53: [testprecache.amxx] precaching file
L 10/07/2024 - 00:37:53: [testprecache.amxx] hlcoop/shockroach/shock_idle2.wav
L 10/07/2024 - 00:37:53: [testprecache.amxx] precaching file
L 10/07/2024 - 00:37:53: [testprecache.amxx] hlcoop/shockroach/shock_idle2.wav
L 10/07/2024 - 00:37:53: [testprecache.amxx] precaching file
L 10/07/2024 - 00:37:53: [testprecache.amxx] hlcoop/shockroach/shock_idle2.wav
L 10/07/2024 - 00:37:54: [galileo.amxx] 
L 10/07/2024 - 00:37:54: [galileo.amxx] The server is jumping to the next map after the current map due more than 1 restarts on the map "d1_trainstation_02"
L 10/07/2024 - 00:37:54: [galileo.amxx] 
L 10/07/2024 - 00:37:56: -------- Mapchange to c1a0 --------
L 10/07/2024 - 00:37:56: [testprecache.amxx] precaching file
L 10/07/2024 - 00:37:56: [testprecache.amxx] items/smallmedkit1.wav
L 10/07/2024 - 00:37:56: [testprecache.amxx] precaching file
L 10/07/2024 - 00:37:56: [testprecache.amxx] player/pl_wade1.wav
L 10/07/2024 - 00:37:56: [testprecache.amxx] precaching file
L 10/07/2024 - 00:37:56: [testprecache.amxx] player/pl_wade2.wav
L 10/07/2024 - 00:37:56: [testprecache.amxx] precaching file
L 10/07/2024 - 00:37:56: [testprecache.amxx] hlcoop/shockroach/shock_idle3.wav
L 10/07/2024 - 00:37:56: [testprecache.amxx] precaching file
L 10/07/2024 - 00:37:56: [testprecache.amxx] hlcoop/shockroach/shock_idle2.wav
L 10/07/2024 - 00:37:56: [testprecache.amxx] precaching file
L 10/07/2024 - 00:37:56: [testprecache.amxx] hlcoop/shockroach/shock_idle2.wav
L 10/07/2024 - 00:37:56: [testprecache.amxx] precaching file
L 10/07/2024 - 00:37:56: [testprecache.amxx] hlcoop/shockroach/shock_idle2.wav
L 10/07/2024 - 00:38:15: -------- Mapchange to sandbox --------
L 10/07/2024 - 00:38:15: [testprecache.amxx] precaching file
L 10/07/2024 - 00:38:15: [testprecache.amxx] items/smallmedkit1.wav
L 10/07/2024 - 00:38:15: [testprecache.amxx] precaching file
L 10/07/2024 - 00:38:15: [testprecache.amxx] player/pl_wade1.wav
L 10/07/2024 - 00:38:15: [testprecache.amxx] precaching file
L 10/07/2024 - 00:38:15: [testprecache.amxx] player/pl_wade2.wav
L 10/07/2024 - 00:38:15: [testprecache.amxx] precaching file
L 10/07/2024 - 00:38:15: [testprecache.amxx] hlcoop/shockroach/shock_idle3.wav
L 10/07/2024 - 00:38:15: [testprecache.amxx] precaching file
L 10/07/2024 - 00:38:15: [testprecache.amxx] hlcoop/shockroach/shock_idle2.wav
L 10/07/2024 - 00:38:15: [testprecache.amxx] precaching file
L 10/07/2024 - 00:38:15: [testprecache.amxx] hlcoop/shockroach/shock_idle2.wav
L 10/07/2024 - 00:38:15: [testprecache.amxx] precaching file
L 10/07/2024 - 00:38:15: [testprecache.amxx] hlcoop/shockroach/shock_idle2.wav
L 10/07/2024 - 00:38:17: -------- Mapchange to c1a0 --------
L 10/07/2024 - 00:38:18: [testprecache.amxx] precaching file
L 10/07/2024 - 00:38:18: [testprecache.amxx] items/smallmedkit1.wav
L 10/07/2024 - 00:38:18: [testprecache.amxx] precaching file
L 10/07/2024 - 00:38:18: [testprecache.amxx] player/pl_wade1.wav
L 10/07/2024 - 00:38:18: [testprecache.amxx] precaching file
L 10/07/2024 - 00:38:18: [testprecache.amxx] player/pl_wade2.wav
L 10/07/2024 - 00:38:18: [testprecache.amxx] precaching file
L 10/07/2024 - 00:38:18: [testprecache.amxx] hlcoop/shockroach/shock_idle3.wav
L 10/07/2024 - 00:38:18: [testprecache.amxx] precaching file
L 10/07/2024 - 00:38:18: [testprecache.amxx] hlcoop/shockroach/shock_idle2.wav
L 10/07/2024 - 00:38:18: [testprecache.amxx] precaching file
L 10/07/2024 - 00:38:18: [testprecache.amxx] hlcoop/shockroach/shock_idle2.wav
L 10/07/2024 - 00:38:18: [testprecache.amxx] precaching file
L 10/07/2024 - 00:38:18: [testprecache.amxx] hlcoop/shockroach/shock_idle2.wav
L 10/07/2024 - 00:46:33: -------- Mapchange to d1_town_04 --------
L 10/07/2024 - 00:46:33: [testprecache.amxx] precaching file
L 10/07/2024 - 00:46:33: [testprecache.amxx] items/smallmedkit1.wav
L 10/07/2024 - 00:46:33: [testprecache.amxx] precaching file
L 10/07/2024 - 00:46:33: [testprecache.amxx] player/pl_wade1.wav
L 10/07/2024 - 00:46:33: [testprecache.amxx] precaching file
L 10/07/2024 - 00:46:33: [testprecache.amxx] player/pl_wade2.wav
L 10/07/2024 - 00:46:33: [testprecache.amxx] precaching file
L 10/07/2024 - 00:46:33: [testprecache.amxx] hlcoop/shockroach/shock_idle3.wav
L 10/07/2024 - 00:46:33: [testprecache.amxx] precaching file
L 10/07/2024 - 00:46:33: [testprecache.amxx] hlcoop/shockroach/shock_idle2.wav
L 10/07/2024 - 00:46:33: [testprecache.amxx] precaching file
L 10/07/2024 - 00:46:33: [testprecache.amxx] hlcoop/shockroach/shock_idle2.wav
L 10/07/2024 - 00:46:33: [testprecache.amxx] precaching file
L 10/07/2024 - 00:46:33: [testprecache.amxx] hlcoop/shockroach/shock_idle2.wav
L 10/07/2024 - 00:47:19: -------- Mapchange to sandbox --------
L 10/07/2024 - 00:47:19: [testprecache.amxx] precaching file
L 10/07/2024 - 00:47:19: [testprecache.amxx] items/smallmedkit1.wav
L 10/07/2024 - 00:47:19: [testprecache.amxx] precaching file
L 10/07/2024 - 00:47:19: [testprecache.amxx] player/pl_wade1.wav
L 10/07/2024 - 00:47:19: [testprecache.amxx] precaching file
L 10/07/2024 - 00:47:19: [testprecache.amxx] player/pl_wade2.wav
L 10/07/2024 - 00:47:19: [testprecache.amxx] precaching file
L 10/07/2024 - 00:47:19: [testprecache.amxx] hlcoop/shockroach/shock_idle3.wav
L 10/07/2024 - 00:47:19: [testprecache.amxx] precaching file
L 10/07/2024 - 00:47:19: [testprecache.amxx] hlcoop/shockroach/shock_idle2.wav
L 10/07/2024 - 00:47:19: [testprecache.amxx] precaching file
L 10/07/2024 - 00:47:19: [testprecache.amxx] hlcoop/shockroach/shock_idle2.wav
L 10/07/2024 - 00:47:19: [testprecache.amxx] precaching file
L 10/07/2024 - 00:47:19: [testprecache.amxx] hlcoop/shockroach/shock_idle2.wav
L 10/07/2024 - 01:12:04: -------- Mapchange to sandbox --------
L 10/07/2024 - 01:12:04: [testprecache.amxx] precaching file
L 10/07/2024 - 01:12:04: [testprecache.amxx] items/smallmedkit1.wav
L 10/07/2024 - 01:12:04: [testprecache.amxx] precaching file
L 10/07/2024 - 01:12:04: [testprecache.amxx] player/pl_wade1.wav
L 10/07/2024 - 01:12:04: [testprecache.amxx] precaching file
L 10/07/2024 - 01:12:04: [testprecache.amxx] player/pl_wade2.wav
L 10/07/2024 - 01:12:04: [testprecache.amxx] precaching file
L 10/07/2024 - 01:12:04: [testprecache.amxx] hlcoop/shockroach/shock_idle3.wav
L 10/07/2024 - 01:12:04: [testprecache.amxx] precaching file
L 10/07/2024 - 01:12:04: [testprecache.amxx] hlcoop/shockroach/shock_idle2.wav
L 10/07/2024 - 01:12:04: [testprecache.amxx] precaching file
L 10/07/2024 - 01:12:04: [testprecache.amxx] hlcoop/shockroach/shock_idle2.wav
L 10/07/2024 - 01:12:04: [testprecache.amxx] precaching file
L 10/07/2024 - 01:12:04: [testprecache.amxx] hlcoop/shockroach/shock_idle2.wav
L 10/07/2024 - 01:15:32: -------- Mapchange to sandbox --------
L 10/07/2024 - 01:15:32: [testprecache.amxx] precaching file
L 10/07/2024 - 01:15:32: [testprecache.amxx] items/smallmedkit1.wav
L 10/07/2024 - 01:15:32: [testprecache.amxx] precaching file
L 10/07/2024 - 01:15:32: [testprecache.amxx] player/pl_wade1.wav
L 10/07/2024 - 01:15:32: [testprecache.amxx] precaching file
L 10/07/2024 - 01:15:32: [testprecache.amxx] player/pl_wade2.wav
L 10/07/2024 - 01:15:32: [testprecache.amxx] precaching file
L 10/07/2024 - 01:15:32: [testprecache.amxx] hlcoop/shockroach/shock_idle3.wav
L 10/07/2024 - 01:15:32: [testprecache.amxx] precaching file
L 10/07/2024 - 01:15:32: [testprecache.amxx] hlcoop/shockroach/shock_idle2.wav
L 10/07/2024 - 01:15:32: [testprecache.amxx] precaching file
L 10/07/2024 - 01:15:32: [testprecache.amxx] hlcoop/shockroach/shock_idle2.wav
L 10/07/2024 - 01:15:32: [testprecache.amxx] precaching file
L 10/07/2024 - 01:15:32: [testprecache.amxx] hlcoop/shockroach/shock_idle2.wav
L 10/07/2024 - 01:40:43: -------- Mapchange to sandbox --------
L 10/07/2024 - 01:40:43: [testprecache.amxx] precaching file
L 10/07/2024 - 01:40:43: [testprecache.amxx] items/smallmedkit1.wav
L 10/07/2024 - 01:40:43: [testprecache.amxx] precaching file
L 10/07/2024 - 01:40:43: [testprecache.amxx] player/pl_wade1.wav
L 10/07/2024 - 01:40:43: [testprecache.amxx] precaching file
L 10/07/2024 - 01:40:43: [testprecache.amxx] player/pl_wade2.wav
L 10/07/2024 - 01:40:43: [testprecache.amxx] precaching file
L 10/07/2024 - 01:40:43: [testprecache.amxx] hlcoop/shockroach/shock_idle3.wav
L 10/07/2024 - 01:40:43: [testprecache.amxx] precaching file
L 10/07/2024 - 01:40:43: [testprecache.amxx] hlcoop/shockroach/shock_idle2.wav
L 10/07/2024 - 01:40:43: [testprecache.amxx] precaching file
L 10/07/2024 - 01:40:43: [testprecache.amxx] hlcoop/shockroach/shock_idle2.wav
L 10/07/2024 - 01:40:43: [testprecache.amxx] precaching file
L 10/07/2024 - 01:40:43: [testprecache.amxx] hlcoop/shockroach/shock_idle2.wav
L 10/07/2024 - 01:40:44: [galileo.amxx] 
L 10/07/2024 - 01:40:44: [galileo.amxx] The server is jumping to the next map after the current map due more than 1 restarts on the map "sandbox"
L 10/07/2024 - 01:40:44: [galileo.amxx] 
L 10/07/2024 - 01:40:46: -------- Mapchange to sc_test --------
L 10/07/2024 - 01:40:46: [testprecache.amxx] precaching file
L 10/07/2024 - 01:40:46: [testprecache.amxx] items/smallmedkit1.wav
L 10/07/2024 - 01:40:46: [testprecache.amxx] precaching file
L 10/07/2024 - 01:40:46: [testprecache.amxx] player/pl_wade1.wav
L 10/07/2024 - 01:40:46: [testprecache.amxx] precaching file
L 10/07/2024 - 01:40:46: [testprecache.amxx] player/pl_wade2.wav
L 10/07/2024 - 01:40:46: [testprecache.amxx] precaching file
L 10/07/2024 - 01:40:46: [testprecache.amxx] hlcoop/shockroach/shock_idle3.wav
L 10/07/2024 - 01:40:46: [testprecache.amxx] precaching file
L 10/07/2024 - 01:40:46: [testprecache.amxx] hlcoop/shockroach/shock_idle2.wav
L 10/07/2024 - 01:40:46: [testprecache.amxx] precaching file
L 10/07/2024 - 01:40:46: [testprecache.amxx] hlcoop/shockroach/shock_idle2.wav
L 10/07/2024 - 01:40:46: [testprecache.amxx] precaching file
L 10/07/2024 - 01:40:46: [testprecache.amxx] hlcoop/shockroach/shock_idle2.wav
L 10/07/2024 - 01:42:51: -------- Mapchange to c1a0 --------
L 10/07/2024 - 01:42:51: [testprecache.amxx] precaching file
L 10/07/2024 - 01:42:51: [testprecache.amxx] items/smallmedkit1.wav
L 10/07/2024 - 01:42:51: [testprecache.amxx] precaching file
L 10/07/2024 - 01:42:51: [testprecache.amxx] player/pl_wade1.wav
L 10/07/2024 - 01:42:51: [testprecache.amxx] precaching file
L 10/07/2024 - 01:42:51: [testprecache.amxx] player/pl_wade2.wav
L 10/07/2024 - 01:42:51: [testprecache.amxx] precaching file
L 10/07/2024 - 01:42:51: [testprecache.amxx] hlcoop/shockroach/shock_idle3.wav
L 10/07/2024 - 01:42:51: [testprecache.amxx] precaching file
L 10/07/2024 - 01:42:51: [testprecache.amxx] hlcoop/shockroach/shock_idle2.wav
L 10/07/2024 - 01:42:51: [testprecache.amxx] precaching file
L 10/07/2024 - 01:42:51: [testprecache.amxx] hlcoop/shockroach/shock_idle2.wav
L 10/07/2024 - 01:42:51: [testprecache.amxx] precaching file
L 10/07/2024 - 01:42:51: [testprecache.amxx] hlcoop/shockroach/shock_idle2.wav
L 10/07/2024 - 01:43:38: -------- Mapchange to e1m1 --------
L 10/07/2024 - 01:43:38: [testprecache.amxx] precaching file
L 10/07/2024 - 01:43:38: [testprecache.amxx] items/smallmedkit1.wav
L 10/07/2024 - 01:43:38: [testprecache.amxx] precaching file
L 10/07/2024 - 01:43:38: [testprecache.amxx] player/pl_wade1.wav
L 10/07/2024 - 01:43:38: [testprecache.amxx] precaching file
L 10/07/2024 - 01:43:38: [testprecache.amxx] player/pl_wade2.wav
L 10/07/2024 - 01:43:38: [testprecache.amxx] precaching file
L 10/07/2024 - 01:43:38: [testprecache.amxx] hlcoop/shockroach/shock_idle3.wav
L 10/07/2024 - 01:43:38: [testprecache.amxx] precaching file
L 10/07/2024 - 01:43:38: [testprecache.amxx] hlcoop/shockroach/shock_idle2.wav
L 10/07/2024 - 01:43:38: [testprecache.amxx] precaching file
L 10/07/2024 - 01:43:38: [testprecache.amxx] hlcoop/shockroach/shock_idle2.wav
L 10/07/2024 - 01:43:38: [testprecache.amxx] precaching file
L 10/07/2024 - 01:43:38: [testprecache.amxx] hlcoop/shockroach/shock_idle2.wav
L 10/07/2024 - 01:47:39: -------- Mapchange to sandbox --------
L 10/07/2024 - 01:47:39: [testprecache.amxx] precaching file
L 10/07/2024 - 01:47:39: [testprecache.amxx] items/smallmedkit1.wav
L 10/07/2024 - 01:47:39: [testprecache.amxx] precaching file
L 10/07/2024 - 01:47:39: [testprecache.amxx] player/pl_wade1.wav
L 10/07/2024 - 01:47:39: [testprecache.amxx] precaching file
L 10/07/2024 - 01:47:39: [testprecache.amxx] player/pl_wade2.wav
L 10/07/2024 - 01:47:39: [testprecache.amxx] precaching file
L 10/07/2024 - 01:47:39: [testprecache.amxx] hlcoop/shockroach/shock_idle3.wav
L 10/07/2024 - 01:47:39: [testprecache.amxx] precaching file
L 10/07/2024 - 01:47:39: [testprecache.amxx] hlcoop/shockroach/shock_idle2.wav
L 10/07/2024 - 01:47:39: [testprecache.amxx] precaching file
L 10/07/2024 - 01:47:39: [testprecache.amxx] hlcoop/shockroach/shock_idle2.wav
L 10/07/2024 - 01:47:39: [testprecache.amxx] precaching file
L 10/07/2024 - 01:47:39: [testprecache.amxx] hlcoop/shockroach/shock_idle2.wav
L 10/07/2024 - 01:57:11: -------- Mapchange to sandbox --------
L 10/07/2024 - 01:57:11: [testprecache.amxx] precaching file
L 10/07/2024 - 01:57:11: [testprecache.amxx] items/smallmedkit1.wav
L 10/07/2024 - 01:57:11: [testprecache.amxx] precaching file
L 10/07/2024 - 01:57:11: [testprecache.amxx] player/pl_wade1.wav
L 10/07/2024 - 01:57:11: [testprecache.amxx] precaching file
L 10/07/2024 - 01:57:11: [testprecache.amxx] player/pl_wade2.wav
L 10/07/2024 - 01:57:11: [testprecache.amxx] precaching file
L 10/07/2024 - 01:57:11: [testprecache.amxx] hlcoop/shockroach/shock_idle3.wav
L 10/07/2024 - 01:57:11: [testprecache.amxx] precaching file
L 10/07/2024 - 01:57:11: [testprecache.amxx] hlcoop/shockroach/shock_idle2.wav
L 10/07/2024 - 01:57:11: [testprecache.amxx] precaching file
L 10/07/2024 - 01:57:11: [testprecache.amxx] hlcoop/shockroach/shock_idle2.wav
L 10/07/2024 - 01:57:11: [testprecache.amxx] precaching file
L 10/07/2024 - 01:57:11: [testprecache.amxx] hlcoop/shockroach/shock_idle2.wav
L 10/07/2024 - 02:06:29: -------- Mapchange to sandbox --------
L 10/07/2024 - 02:06:29: [testprecache.amxx] precaching file
L 10/07/2024 - 02:06:29: [testprecache.amxx] items/smallmedkit1.wav
L 10/07/2024 - 02:06:29: [testprecache.amxx] precaching file
L 10/07/2024 - 02:06:29: [testprecache.amxx] player/pl_wade1.wav
L 10/07/2024 - 02:06:29: [testprecache.amxx] precaching file
L 10/07/2024 - 02:06:29: [testprecache.amxx] player/pl_wade2.wav
L 10/07/2024 - 02:06:29: [testprecache.amxx] precaching file
L 10/07/2024 - 02:06:29: [testprecache.amxx] hlcoop/shockroach/shock_idle3.wav
L 10/07/2024 - 02:06:29: [testprecache.amxx] precaching file
L 10/07/2024 - 02:06:29: [testprecache.amxx] hlcoop/shockroach/shock_idle2.wav
L 10/07/2024 - 02:06:29: [testprecache.amxx] precaching file
L 10/07/2024 - 02:06:29: [testprecache.amxx] hlcoop/shockroach/shock_idle2.wav
L 10/07/2024 - 02:06:29: [testprecache.amxx] precaching file
L 10/07/2024 - 02:06:29: [testprecache.amxx] hlcoop/shockroach/shock_idle2.wav
L 10/07/2024 - 02:06:29: [galileo.amxx] 
L 10/07/2024 - 02:06:29: [galileo.amxx] The server is jumping to the next map after the current map due more than 1 restarts on the map "sandbox"
L 10/07/2024 - 02:06:29: [galileo.amxx] 
L 10/07/2024 - 02:06:32: -------- Mapchange to sc_test --------
L 10/07/2024 - 02:06:32: [testprecache.amxx] precaching file
L 10/07/2024 - 02:06:32: [testprecache.amxx] items/smallmedkit1.wav
L 10/07/2024 - 02:06:32: [testprecache.amxx] precaching file
L 10/07/2024 - 02:06:32: [testprecache.amxx] player/pl_wade1.wav
L 10/07/2024 - 02:06:32: [testprecache.amxx] precaching file
L 10/07/2024 - 02:06:32: [testprecache.amxx] player/pl_wade2.wav
L 10/07/2024 - 02:06:32: [testprecache.amxx] precaching file
L 10/07/2024 - 02:06:32: [testprecache.amxx] hlcoop/shockroach/shock_idle3.wav
L 10/07/2024 - 02:06:32: [testprecache.amxx] precaching file
L 10/07/2024 - 02:06:32: [testprecache.amxx] hlcoop/shockroach/shock_idle2.wav
L 10/07/2024 - 02:06:32: [testprecache.amxx] precaching file
L 10/07/2024 - 02:06:32: [testprecache.amxx] hlcoop/shockroach/shock_idle2.wav
L 10/07/2024 - 02:06:32: [testprecache.amxx] precaching file
L 10/07/2024 - 02:06:32: [testprecache.amxx] hlcoop/shockroach/shock_idle2.wav
L 10/07/2024 - 02:07:40: -------- Mapchange to sandbox --------
L 10/07/2024 - 02:07:40: [testprecache.amxx] precaching file
L 10/07/2024 - 02:07:40: [testprecache.amxx] items/smallmedkit1.wav
L 10/07/2024 - 02:07:40: [testprecache.amxx] precaching file
L 10/07/2024 - 02:07:40: [testprecache.amxx] player/pl_wade1.wav
L 10/07/2024 - 02:07:40: [testprecache.amxx] precaching file
L 10/07/2024 - 02:07:40: [testprecache.amxx] player/pl_wade2.wav
L 10/07/2024 - 02:07:40: [testprecache.amxx] precaching file
L 10/07/2024 - 02:07:40: [testprecache.amxx] hlcoop/shockroach/shock_idle3.wav
L 10/07/2024 - 02:07:40: [testprecache.amxx] precaching file
L 10/07/2024 - 02:07:40: [testprecache.amxx] hlcoop/shockroach/shock_idle2.wav
L 10/07/2024 - 02:07:40: [testprecache.amxx] precaching file
L 10/07/2024 - 02:07:40: [testprecache.amxx] hlcoop/shockroach/shock_idle2.wav
L 10/07/2024 - 02:07:40: [testprecache.amxx] precaching file
L 10/07/2024 - 02:07:40: [testprecache.amxx] hlcoop/shockroach/shock_idle2.wav
L 10/07/2024 - 02:07:43: -------- Mapchange to sc_test --------
L 10/07/2024 - 02:07:43: [testprecache.amxx] precaching file
L 10/07/2024 - 02:07:43: [testprecache.amxx] items/smallmedkit1.wav
L 10/07/2024 - 02:07:43: [testprecache.amxx] precaching file
L 10/07/2024 - 02:07:43: [testprecache.amxx] player/pl_wade1.wav
L 10/07/2024 - 02:07:43: [testprecache.amxx] precaching file
L 10/07/2024 - 02:07:43: [testprecache.amxx] player/pl_wade2.wav
L 10/07/2024 - 02:07:43: [testprecache.amxx] precaching file
L 10/07/2024 - 02:07:43: [testprecache.amxx] hlcoop/shockroach/shock_idle3.wav
L 10/07/2024 - 02:07:43: [testprecache.amxx] precaching file
L 10/07/2024 - 02:07:43: [testprecache.amxx] hlcoop/shockroach/shock_idle2.wav
L 10/07/2024 - 02:07:43: [testprecache.amxx] precaching file
L 10/07/2024 - 02:07:43: [testprecache.amxx] hlcoop/shockroach/shock_idle2.wav
L 10/07/2024 - 02:07:43: [testprecache.amxx] precaching file
L 10/07/2024 - 02:07:43: [testprecache.amxx] hlcoop/shockroach/shock_idle2.wav
L 10/07/2024 - 02:09:16: -------- Mapchange to d1_town_04 --------
L 10/07/2024 - 02:09:16: [testprecache.amxx] precaching file
L 10/07/2024 - 02:09:16: [testprecache.amxx] items/smallmedkit1.wav
L 10/07/2024 - 02:09:16: [testprecache.amxx] precaching file
L 10/07/2024 - 02:09:16: [testprecache.amxx] player/pl_wade1.wav
L 10/07/2024 - 02:09:16: [testprecache.amxx] precaching file
L 10/07/2024 - 02:09:16: [testprecache.amxx] player/pl_wade2.wav
L 10/07/2024 - 02:09:16: [testprecache.amxx] precaching file
L 10/07/2024 - 02:09:16: [testprecache.amxx] hlcoop/shockroach/shock_idle3.wav
L 10/07/2024 - 02:09:16: [testprecache.amxx] precaching file
L 10/07/2024 - 02:09:16: [testprecache.amxx] hlcoop/shockroach/shock_idle2.wav
L 10/07/2024 - 02:09:16: [testprecache.amxx] precaching file
L 10/07/2024 - 02:09:16: [testprecache.amxx] hlcoop/shockroach/shock_idle2.wav
L 10/07/2024 - 02:09:16: [testprecache.amxx] precaching file
L 10/07/2024 - 02:09:16: [testprecache.amxx] hlcoop/shockroach/shock_idle2.wav
L 10/07/2024 - 02:10:10: -------- Mapchange to e1m1 --------
L 10/07/2024 - 02:10:10: [testprecache.amxx] precaching file
L 10/07/2024 - 02:10:10: [testprecache.amxx] items/smallmedkit1.wav
L 10/07/2024 - 02:10:10: [testprecache.amxx] precaching file
L 10/07/2024 - 02:10:10: [testprecache.amxx] player/pl_wade1.wav
L 10/07/2024 - 02:10:10: [testprecache.amxx] precaching file
L 10/07/2024 - 02:10:10: [testprecache.amxx] player/pl_wade2.wav
L 10/07/2024 - 02:10:10: [testprecache.amxx] precaching file
L 10/07/2024 - 02:10:10: [testprecache.amxx] hlcoop/shockroach/shock_idle3.wav
L 10/07/2024 - 02:10:10: [testprecache.amxx] precaching file
L 10/07/2024 - 02:10:10: [testprecache.amxx] hlcoop/shockroach/shock_idle2.wav
L 10/07/2024 - 02:10:10: [testprecache.amxx] precaching file
L 10/07/2024 - 02:10:10: [testprecache.amxx] hlcoop/shockroach/shock_idle2.wav
L 10/07/2024 - 02:10:10: [testprecache.amxx] precaching file
L 10/07/2024 - 02:10:10: [testprecache.amxx] hlcoop/shockroach/shock_idle2.wav
L 10/07/2024 - 02:11:00: -------- Mapchange to d1_town_01 --------
L 10/07/2024 - 02:11:00: [testprecache.amxx] precaching file
L 10/07/2024 - 02:11:00: [testprecache.amxx] items/smallmedkit1.wav
L 10/07/2024 - 02:11:00: [testprecache.amxx] precaching file
L 10/07/2024 - 02:11:00: [testprecache.amxx] player/pl_wade1.wav
L 10/07/2024 - 02:11:00: [testprecache.amxx] precaching file
L 10/07/2024 - 02:11:00: [testprecache.amxx] player/pl_wade2.wav
L 10/07/2024 - 02:11:00: [testprecache.amxx] precaching file
L 10/07/2024 - 02:11:00: [testprecache.amxx] hlcoop/shockroach/shock_idle3.wav
L 10/07/2024 - 02:11:00: [testprecache.amxx] precaching file
L 10/07/2024 - 02:11:00: [testprecache.amxx] hlcoop/shockroach/shock_idle2.wav
L 10/07/2024 - 02:11:00: [testprecache.amxx] precaching file
L 10/07/2024 - 02:11:00: [testprecache.amxx] hlcoop/shockroach/shock_idle2.wav
L 10/07/2024 - 02:11:00: [testprecache.amxx] precaching file
L 10/07/2024 - 02:11:00: [testprecache.amxx] hlcoop/shockroach/shock_idle2.wav
L 10/07/2024 - 02:26:05: -------- Mapchange to sandbox --------
L 10/07/2024 - 02:26:05: [testprecache.amxx] precaching file
L 10/07/2024 - 02:26:05: [testprecache.amxx] items/smallmedkit1.wav
L 10/07/2024 - 02:26:05: [testprecache.amxx] precaching file
L 10/07/2024 - 02:26:05: [testprecache.amxx] player/pl_wade1.wav
L 10/07/2024 - 02:26:05: [testprecache.amxx] precaching file
L 10/07/2024 - 02:26:05: [testprecache.amxx] player/pl_wade2.wav
L 10/07/2024 - 02:26:05: [testprecache.amxx] precaching file
L 10/07/2024 - 02:26:05: [testprecache.amxx] hlcoop/shockroach/shock_idle3.wav
L 10/07/2024 - 02:26:05: [testprecache.amxx] precaching file
L 10/07/2024 - 02:26:05: [testprecache.amxx] hlcoop/shockroach/shock_idle2.wav
L 10/07/2024 - 02:26:05: [testprecache.amxx] precaching file
L 10/07/2024 - 02:26:05: [testprecache.amxx] hlcoop/shockroach/shock_idle2.wav
L 10/07/2024 - 02:26:05: [testprecache.amxx] precaching file
L 10/07/2024 - 02:26:05: [testprecache.amxx] hlcoop/shockroach/shock_idle2.wav
L 10/07/2024 - 02:26:08: -------- Mapchange to d1_town_01 --------
L 10/07/2024 - 02:26:08: [testprecache.amxx] precaching file
L 10/07/2024 - 02:26:08: [testprecache.amxx] items/smallmedkit1.wav
L 10/07/2024 - 02:26:08: [testprecache.amxx] precaching file
L 10/07/2024 - 02:26:08: [testprecache.amxx] player/pl_wade1.wav
L 10/07/2024 - 02:26:08: [testprecache.amxx] precaching file
L 10/07/2024 - 02:26:08: [testprecache.amxx] player/pl_wade2.wav
L 10/07/2024 - 02:26:08: [testprecache.amxx] precaching file
L 10/07/2024 - 02:26:08: [testprecache.amxx] hlcoop/shockroach/shock_idle3.wav
L 10/07/2024 - 02:26:08: [testprecache.amxx] precaching file
L 10/07/2024 - 02:26:08: [testprecache.amxx] hlcoop/shockroach/shock_idle2.wav
L 10/07/2024 - 02:26:08: [testprecache.amxx] precaching file
L 10/07/2024 - 02:26:08: [testprecache.amxx] hlcoop/shockroach/shock_idle2.wav
L 10/07/2024 - 02:26:08: [testprecache.amxx] precaching file
L 10/07/2024 - 02:26:08: [testprecache.amxx] hlcoop/shockroach/shock_idle2.wav
L 10/07/2024 - 02:28:21: -------- Mapchange to sandbox --------
L 10/07/2024 - 02:28:21: [testprecache.amxx] precaching file
L 10/07/2024 - 02:28:21: [testprecache.amxx] items/smallmedkit1.wav
L 10/07/2024 - 02:28:21: [testprecache.amxx] precaching file
L 10/07/2024 - 02:28:21: [testprecache.amxx] player/pl_wade1.wav
L 10/07/2024 - 02:28:21: [testprecache.amxx] precaching file
L 10/07/2024 - 02:28:21: [testprecache.amxx] player/pl_wade2.wav
L 10/07/2024 - 02:28:21: [testprecache.amxx] precaching file
L 10/07/2024 - 02:28:21: [testprecache.amxx] hlcoop/shockroach/shock_idle3.wav
L 10/07/2024 - 02:28:21: [testprecache.amxx] precaching file
L 10/07/2024 - 02:28:21: [testprecache.amxx] hlcoop/shockroach/shock_idle2.wav
L 10/07/2024 - 02:28:21: [testprecache.amxx] precaching file
L 10/07/2024 - 02:28:21: [testprecache.amxx] hlcoop/shockroach/shock_idle2.wav
L 10/07/2024 - 02:28:21: [testprecache.amxx] precaching file
L 10/07/2024 - 02:28:21: [testprecache.amxx] hlcoop/shockroach/shock_idle2.wav
L 10/07/2024 - 02:28:24: -------- Mapchange to d1_town_01 --------
L 10/07/2024 - 02:28:24: [testprecache.amxx] precaching file
L 10/07/2024 - 02:28:24: [testprecache.amxx] items/smallmedkit1.wav
L 10/07/2024 - 02:28:24: [testprecache.amxx] precaching file
L 10/07/2024 - 02:28:24: [testprecache.amxx] player/pl_wade1.wav
L 10/07/2024 - 02:28:24: [testprecache.amxx] precaching file
L 10/07/2024 - 02:28:24: [testprecache.amxx] player/pl_wade2.wav
L 10/07/2024 - 02:28:24: [testprecache.amxx] precaching file
L 10/07/2024 - 02:28:24: [testprecache.amxx] hlcoop/shockroach/shock_idle3.wav
L 10/07/2024 - 02:28:24: [testprecache.amxx] precaching file
L 10/07/2024 - 02:28:24: [testprecache.amxx] hlcoop/shockroach/shock_idle2.wav
L 10/07/2024 - 02:28:24: [testprecache.amxx] precaching file
L 10/07/2024 - 02:28:24: [testprecache.amxx] hlcoop/shockroach/shock_idle2.wav
L 10/07/2024 - 02:28:24: [testprecache.amxx] precaching file
L 10/07/2024 - 02:28:24: [testprecache.amxx] hlcoop/shockroach/shock_idle2.wav
L 10/07/2024 - 02:30:26: -------- Mapchange to sandbox --------
L 10/07/2024 - 02:30:26: [testprecache.amxx] precaching file
L 10/07/2024 - 02:30:26: [testprecache.amxx] items/smallmedkit1.wav
L 10/07/2024 - 02:30:26: [testprecache.amxx] precaching file
L 10/07/2024 - 02:30:26: [testprecache.amxx] player/pl_wade1.wav
L 10/07/2024 - 02:30:26: [testprecache.amxx] precaching file
L 10/07/2024 - 02:30:26: [testprecache.amxx] player/pl_wade2.wav
L 10/07/2024 - 02:30:26: [testprecache.amxx] precaching file
L 10/07/2024 - 02:30:26: [testprecache.amxx] hlcoop/shockroach/shock_idle3.wav
L 10/07/2024 - 02:30:26: [testprecache.amxx] precaching file
L 10/07/2024 - 02:30:26: [testprecache.amxx] hlcoop/shockroach/shock_idle2.wav
L 10/07/2024 - 02:30:26: [testprecache.amxx] precaching file
L 10/07/2024 - 02:30:26: [testprecache.amxx] hlcoop/shockroach/shock_idle2.wav
L 10/07/2024 - 02:30:26: [testprecache.amxx] precaching file
L 10/07/2024 - 02:30:26: [testprecache.amxx] hlcoop/shockroach/shock_idle2.wav
L 10/07/2024 - 03:08:29: -------- Mapchange to sandbox --------
L 10/07/2024 - 03:08:29: [testprecache.amxx] precaching file
L 10/07/2024 - 03:08:29: [testprecache.amxx] items/smallmedkit1.wav
L 10/07/2024 - 03:08:29: [testprecache.amxx] precaching file
L 10/07/2024 - 03:08:29: [testprecache.amxx] player/pl_wade1.wav
L 10/07/2024 - 03:08:29: [testprecache.amxx] precaching file
L 10/07/2024 - 03:08:29: [testprecache.amxx] player/pl_wade2.wav
L 10/07/2024 - 03:08:29: [testprecache.amxx] precaching file
L 10/07/2024 - 03:08:29: [testprecache.amxx] hlcoop/shockroach/shock_idle3.wav
L 10/07/2024 - 03:08:29: [testprecache.amxx] precaching file
L 10/07/2024 - 03:08:29: [testprecache.amxx] hlcoop/shockroach/shock_idle2.wav
L 10/07/2024 - 03:08:29: [testprecache.amxx] precaching file
L 10/07/2024 - 03:08:29: [testprecache.amxx] hlcoop/shockroach/shock_idle2.wav
L 10/07/2024 - 03:08:29: [testprecache.amxx] precaching file
L 10/07/2024 - 03:08:29: [testprecache.amxx] hlcoop/shockroach/shock_idle2.wav
L 10/07/2024 - 03:22:59: -------- Mapchange to sandbox --------
L 10/07/2024 - 03:22:59: [testprecache.amxx] precaching file
L 10/07/2024 - 03:22:59: [testprecache.amxx] items/smallmedkit1.wav
L 10/07/2024 - 03:22:59: [testprecache.amxx] precaching file
L 10/07/2024 - 03:22:59: [testprecache.amxx] player/pl_wade1.wav
L 10/07/2024 - 03:22:59: [testprecache.amxx] precaching file
L 10/07/2024 - 03:22:59: [testprecache.amxx] player/pl_wade2.wav
L 10/07/2024 - 03:22:59: [testprecache.amxx] precaching file
L 10/07/2024 - 03:22:59: [testprecache.amxx] hlcoop/shockroach/shock_idle3.wav
L 10/07/2024 - 03:22:59: [testprecache.amxx] precaching file
L 10/07/2024 - 03:22:59: [testprecache.amxx] hlcoop/shockroach/shock_idle2.wav
L 10/07/2024 - 03:22:59: [testprecache.amxx] precaching file
L 10/07/2024 - 03:22:59: [testprecache.amxx] hlcoop/shockroach/shock_idle2.wav
L 10/07/2024 - 03:22:59: [testprecache.amxx] precaching file
L 10/07/2024 - 03:22:59: [testprecache.amxx] hlcoop/shockroach/shock_idle2.wav
L 10/07/2024 - 03:23:53: -------- Mapchange to d1_town_01 --------
L 10/07/2024 - 03:23:53: [testprecache.amxx] precaching file
L 10/07/2024 - 03:23:53: [testprecache.amxx] items/smallmedkit1.wav
L 10/07/2024 - 03:23:53: [testprecache.amxx] precaching file
L 10/07/2024 - 03:23:53: [testprecache.amxx] player/pl_wade1.wav
L 10/07/2024 - 03:23:53: [testprecache.amxx] precaching file
L 10/07/2024 - 03:23:53: [testprecache.amxx] player/pl_wade2.wav
L 10/07/2024 - 03:23:53: [testprecache.amxx] precaching file
L 10/07/2024 - 03:23:53: [testprecache.amxx] hlcoop/shockroach/shock_idle3.wav
L 10/07/2024 - 03:23:53: [testprecache.amxx] precaching file
L 10/07/2024 - 03:23:53: [testprecache.amxx] hlcoop/shockroach/shock_idle2.wav
L 10/07/2024 - 03:23:53: [testprecache.amxx] precaching file
L 10/07/2024 - 03:23:53: [testprecache.amxx] hlcoop/shockroach/shock_idle2.wav
L 10/07/2024 - 03:23:53: [testprecache.amxx] precaching file
L 10/07/2024 - 03:23:53: [testprecache.amxx] hlcoop/shockroach/shock_idle2.wav
L 10/07/2024 - 18:00:20: -------- Mapchange to sandbox --------
L 10/07/2024 - 18:00:20: [testprecache.amxx] precaching file
L 10/07/2024 - 18:00:20: [testprecache.amxx] items/smallmedkit1.wav
L 10/07/2024 - 18:00:20: [testprecache.amxx] precaching file
L 10/07/2024 - 18:00:20: [testprecache.amxx] player/pl_wade1.wav
L 10/07/2024 - 18:00:20: [testprecache.amxx] precaching file
L 10/07/2024 - 18:00:20: [testprecache.amxx] player/pl_wade2.wav
L 10/07/2024 - 18:00:20: [testprecache.amxx] precaching file
L 10/07/2024 - 18:00:20: [testprecache.amxx] hlcoop/shockroach/shock_idle3.wav
L 10/07/2024 - 18:00:20: [testprecache.amxx] precaching file
L 10/07/2024 - 18:00:20: [testprecache.amxx] hlcoop/shockroach/shock_idle2.wav
L 10/07/2024 - 18:00:20: [testprecache.amxx] precaching file
L 10/07/2024 - 18:00:20: [testprecache.amxx] hlcoop/shockroach/shock_idle2.wav
L 10/07/2024 - 18:00:20: [testprecache.amxx] precaching file
L 10/07/2024 - 18:00:20: [testprecache.amxx] hlcoop/shockroach/shock_idle2.wav
L 10/07/2024 - 18:00:23: -------- Mapchange to d1_town_01 --------
L 10/07/2024 - 18:00:23: [testprecache.amxx] precaching file
L 10/07/2024 - 18:00:23: [testprecache.amxx] items/smallmedkit1.wav
L 10/07/2024 - 18:00:23: [testprecache.amxx] precaching file
L 10/07/2024 - 18:00:23: [testprecache.amxx] player/pl_wade1.wav
L 10/07/2024 - 18:00:23: [testprecache.amxx] precaching file
L 10/07/2024 - 18:00:23: [testprecache.amxx] player/pl_wade2.wav
L 10/07/2024 - 18:00:23: [testprecache.amxx] precaching file
L 10/07/2024 - 18:00:23: [testprecache.amxx] hlcoop/shockroach/shock_idle3.wav
L 10/07/2024 - 18:00:23: [testprecache.amxx] precaching file
L 10/07/2024 - 18:00:23: [testprecache.amxx] hlcoop/shockroach/shock_idle2.wav
L 10/07/2024 - 18:00:23: [testprecache.amxx] precaching file
L 10/07/2024 - 18:00:23: [testprecache.amxx] hlcoop/shockroach/shock_idle2.wav
L 10/07/2024 - 18:00:23: [testprecache.amxx] precaching file
L 10/07/2024 - 18:00:23: [testprecache.amxx] hlcoop/shockroach/shock_idle2.wav
L 10/07/2024 - 18:21:24: -------- Mapchange to sandbox --------
L 10/07/2024 - 18:21:24: [testprecache.amxx] precaching file
L 10/07/2024 - 18:21:24: [testprecache.amxx] items/smallmedkit1.wav
L 10/07/2024 - 18:21:24: [testprecache.amxx] precaching file
L 10/07/2024 - 18:21:24: [testprecache.amxx] player/pl_wade1.wav
L 10/07/2024 - 18:21:24: [testprecache.amxx] precaching file
L 10/07/2024 - 18:21:24: [testprecache.amxx] player/pl_wade2.wav
L 10/07/2024 - 18:21:24: [testprecache.amxx] precaching file
L 10/07/2024 - 18:21:24: [testprecache.amxx] hlcoop/shockroach/shock_idle3.wav
L 10/07/2024 - 18:21:24: [testprecache.amxx] precaching file
L 10/07/2024 - 18:21:24: [testprecache.amxx] hlcoop/shockroach/shock_idle2.wav
L 10/07/2024 - 18:21:24: [testprecache.amxx] precaching file
L 10/07/2024 - 18:21:24: [testprecache.amxx] hlcoop/shockroach/shock_idle2.wav
L 10/07/2024 - 18:21:24: [testprecache.amxx] precaching file
L 10/07/2024 - 18:21:24: [testprecache.amxx] hlcoop/shockroach/shock_idle2.wav
L 10/07/2024 - 18:21:27: -------- Mapchange to d1_town_01 --------
L 10/07/2024 - 18:21:27: [testprecache.amxx] precaching file
L 10/07/2024 - 18:21:27: [testprecache.amxx] items/smallmedkit1.wav
L 10/07/2024 - 18:21:27: [testprecache.amxx] precaching file
L 10/07/2024 - 18:21:27: [testprecache.amxx] player/pl_wade1.wav
L 10/07/2024 - 18:21:27: [testprecache.amxx] precaching file
L 10/07/2024 - 18:21:27: [testprecache.amxx] player/pl_wade2.wav
L 10/07/2024 - 18:21:27: [testprecache.amxx] precaching file
L 10/07/2024 - 18:21:27: [testprecache.amxx] hlcoop/shockroach/shock_idle3.wav
L 10/07/2024 - 18:21:27: [testprecache.amxx] precaching file
L 10/07/2024 - 18:21:27: [testprecache.amxx] hlcoop/shockroach/shock_idle2.wav
L 10/07/2024 - 18:21:27: [testprecache.amxx] precaching file
L 10/07/2024 - 18:21:27: [testprecache.amxx] hlcoop/shockroach/shock_idle2.wav
L 10/07/2024 - 18:21:27: [testprecache.amxx] precaching file
L 10/07/2024 - 18:21:27: [testprecache.amxx] hlcoop/shockroach/shock_idle2.wav
L 10/07/2024 - 18:35:00: -------- Mapchange to d1_trainstation_02 --------
L 10/07/2024 - 18:35:00: [testprecache.amxx] precaching file
L 10/07/2024 - 18:35:00: [testprecache.amxx] items/smallmedkit1.wav
L 10/07/2024 - 18:35:00: [testprecache.amxx] precaching file
L 10/07/2024 - 18:35:00: [testprecache.amxx] player/pl_wade1.wav
L 10/07/2024 - 18:35:00: [testprecache.amxx] precaching file
L 10/07/2024 - 18:35:00: [testprecache.amxx] player/pl_wade2.wav
L 10/07/2024 - 18:35:00: [testprecache.amxx] precaching file
L 10/07/2024 - 18:35:00: [testprecache.amxx] hlcoop/shockroach/shock_idle3.wav
L 10/07/2024 - 18:35:00: [testprecache.amxx] precaching file
L 10/07/2024 - 18:35:00: [testprecache.amxx] hlcoop/shockroach/shock_idle2.wav
L 10/07/2024 - 18:35:00: [testprecache.amxx] precaching file
L 10/07/2024 - 18:35:00: [testprecache.amxx] hlcoop/shockroach/shock_idle2.wav
L 10/07/2024 - 18:35:00: [testprecache.amxx] precaching file
L 10/07/2024 - 18:35:00: [testprecache.amxx] hlcoop/shockroach/shock_idle2.wav
L 10/07/2024 - 20:16:46: -------- Mapchange to sc_test --------
L 10/07/2024 - 20:16:46: [testprecache.amxx] precaching file
L 10/07/2024 - 20:16:46: [testprecache.amxx] items/smallmedkit1.wav
L 10/07/2024 - 20:16:46: [testprecache.amxx] precaching file
L 10/07/2024 - 20:16:46: [testprecache.amxx] player/pl_wade1.wav
L 10/07/2024 - 20:16:46: [testprecache.amxx] precaching file
L 10/07/2024 - 20:16:46: [testprecache.amxx] player/pl_wade2.wav
L 10/07/2024 - 20:16:46: [testprecache.amxx] precaching file
L 10/07/2024 - 20:16:46: [testprecache.amxx] hlcoop/shockroach/shock_idle3.wav
L 10/07/2024 - 20:16:46: [testprecache.amxx] precaching file
L 10/07/2024 - 20:16:46: [testprecache.amxx] hlcoop/shockroach/shock_idle2.wav
L 10/07/2024 - 20:16:46: [testprecache.amxx] precaching file
L 10/07/2024 - 20:16:46: [testprecache.amxx] hlcoop/shockroach/shock_idle2.wav
L 10/07/2024 - 20:16:46: [testprecache.amxx] precaching file
L 10/07/2024 - 20:16:46: [testprecache.amxx] hlcoop/shockroach/shock_idle2.wav
L 10/07/2024 - 20:23:41: -------- Mapchange to crossfireXL --------
L 10/07/2024 - 20:23:41: [testprecache.amxx] precaching file
L 10/07/2024 - 20:23:41: [testprecache.amxx] items/smallmedkit1.wav
L 10/07/2024 - 20:23:41: [testprecache.amxx] precaching file
L 10/07/2024 - 20:23:41: [testprecache.amxx] player/pl_wade1.wav
L 10/07/2024 - 20:23:41: [testprecache.amxx] precaching file
L 10/07/2024 - 20:23:41: [testprecache.amxx] player/pl_wade2.wav
L 10/07/2024 - 20:23:41: [testprecache.amxx] precaching file
L 10/07/2024 - 20:23:41: [testprecache.amxx] hlcoop/shockroach/shock_idle3.wav
L 10/07/2024 - 20:23:41: [testprecache.amxx] precaching file
L 10/07/2024 - 20:23:41: [testprecache.amxx] hlcoop/shockroach/shock_idle2.wav
L 10/07/2024 - 20:23:41: [testprecache.amxx] precaching file
L 10/07/2024 - 20:23:41: [testprecache.amxx] hlcoop/shockroach/shock_idle2.wav
L 10/07/2024 - 20:23:41: [testprecache.amxx] precaching file
L 10/07/2024 - 20:23:41: [testprecache.amxx] hlcoop/shockroach/shock_idle2.wav
