L 12/02/2024 - 00:17:16: -------- Mapchange to d1_trainstation_02 --------
L 12/02/2024 - 00:17:16: [testprecache.amxx] precaching file
L 12/02/2024 - 00:17:16: [testprecache.amxx] items/smallmedkit1.wav
L 12/02/2024 - 00:17:16: [testprecache.amxx] precaching file
L 12/02/2024 - 00:17:16: [testprecache.amxx] player/pl_wade1.wav
L 12/02/2024 - 00:17:16: [testprecache.amxx] precaching file
L 12/02/2024 - 00:17:16: [testprecache.amxx] player/pl_wade2.wav
L 12/02/2024 - 00:17:16: [testprecache.amxx] precaching file
L 12/02/2024 - 00:17:16: [testprecache.amxx] hlcoop/shockroach/shock_idle3.wav
L 12/02/2024 - 00:17:16: [testprecache.amxx] precaching file
L 12/02/2024 - 00:17:16: [testprecache.amxx] hlcoop/shockroach/shock_idle2.wav
L 12/02/2024 - 00:17:16: [testprecache.amxx] precaching file
L 12/02/2024 - 00:17:16: [testprecache.amxx] /hl2/cscanner/scanner_scan_loop2.wav
L 12/02/2024 - 00:17:16: [testprecache.amxx] precaching file
L 12/02/2024 - 00:17:16: [testprecache.amxx] /hl2/cscanner/scanner_photo1.wav
L 12/02/2024 - 00:17:16: [testprecache.amxx] precaching file
L 12/02/2024 - 00:17:16: [testprecache.amxx] /hl2/cscanner/scanner_blip1.wav
L 12/02/2024 - 00:17:16: [testprecache.amxx] precaching file
L 12/02/2024 - 00:17:16: [testprecache.amxx] /hl2/cscanner/scanner_blip1.wav
L 12/02/2024 - 10:49:19: -------- Mapchange to sandbox --------
L 12/02/2024 - 10:49:19: [testprecache.amxx] precaching file
L 12/02/2024 - 10:49:19: [testprecache.amxx] items/smallmedkit1.wav
L 12/02/2024 - 10:49:19: [testprecache.amxx] precaching file
L 12/02/2024 - 10:49:19: [testprecache.amxx] player/pl_wade1.wav
L 12/02/2024 - 10:49:19: [testprecache.amxx] precaching file
L 12/02/2024 - 10:49:19: [testprecache.amxx] player/pl_wade2.wav
L 12/02/2024 - 10:49:19: [testprecache.amxx] precaching file
L 12/02/2024 - 10:49:19: [testprecache.amxx] hlcoop/shockroach/shock_idle3.wav
L 12/02/2024 - 10:49:19: [testprecache.amxx] precaching file
L 12/02/2024 - 10:49:19: [testprecache.amxx] hlcoop/shockroach/shock_idle2.wav
L 12/02/2024 - 10:49:19: [testprecache.amxx] precaching file
L 12/02/2024 - 10:49:19: [testprecache.amxx] /hl2/cscanner/scanner_scan_loop2.wav
L 12/02/2024 - 10:49:19: [testprecache.amxx] precaching file
L 12/02/2024 - 10:49:19: [testprecache.amxx] /hl2/cscanner/scanner_photo1.wav
L 12/02/2024 - 10:49:19: [testprecache.amxx] precaching file
L 12/02/2024 - 10:49:19: [testprecache.amxx] /hl2/cscanner/scanner_blip1.wav
L 12/02/2024 - 10:49:19: [testprecache.amxx] precaching file
L 12/02/2024 - 10:49:19: [testprecache.amxx] /hl2/cscanner/scanner_blip1.wav
L 12/02/2024 - 10:49:21: -------- Mapchange to d1_trainstation_02 --------
L 12/02/2024 - 10:49:21: [testprecache.amxx] precaching file
L 12/02/2024 - 10:49:21: [testprecache.amxx] items/smallmedkit1.wav
L 12/02/2024 - 10:49:21: [testprecache.amxx] precaching file
L 12/02/2024 - 10:49:21: [testprecache.amxx] player/pl_wade1.wav
L 12/02/2024 - 10:49:21: [testprecache.amxx] precaching file
L 12/02/2024 - 10:49:21: [testprecache.amxx] player/pl_wade2.wav
L 12/02/2024 - 10:49:21: [testprecache.amxx] precaching file
L 12/02/2024 - 10:49:21: [testprecache.amxx] hlcoop/shockroach/shock_idle3.wav
L 12/02/2024 - 10:49:21: [testprecache.amxx] precaching file
L 12/02/2024 - 10:49:21: [testprecache.amxx] hlcoop/shockroach/shock_idle2.wav
L 12/02/2024 - 10:49:21: [testprecache.amxx] precaching file
L 12/02/2024 - 10:49:21: [testprecache.amxx] /hl2/cscanner/scanner_scan_loop2.wav
L 12/02/2024 - 10:49:21: [testprecache.amxx] precaching file
L 12/02/2024 - 10:49:21: [testprecache.amxx] /hl2/cscanner/scanner_photo1.wav
L 12/02/2024 - 10:49:21: [testprecache.amxx] precaching file
L 12/02/2024 - 10:49:21: [testprecache.amxx] /hl2/cscanner/scanner_blip1.wav
L 12/02/2024 - 10:49:21: [testprecache.amxx] precaching file
L 12/02/2024 - 10:49:21: [testprecache.amxx] /hl2/cscanner/scanner_blip1.wav
L 12/02/2024 - 11:45:48: -------- Mapchange to sandbox --------
L 12/02/2024 - 11:45:48: [testprecache.amxx] precaching file
L 12/02/2024 - 11:45:48: [testprecache.amxx] items/smallmedkit1.wav
L 12/02/2024 - 11:45:48: [testprecache.amxx] precaching file
L 12/02/2024 - 11:45:48: [testprecache.amxx] player/pl_wade1.wav
L 12/02/2024 - 11:45:48: [testprecache.amxx] precaching file
L 12/02/2024 - 11:45:48: [testprecache.amxx] player/pl_wade2.wav
L 12/02/2024 - 11:45:48: [testprecache.amxx] precaching file
L 12/02/2024 - 11:45:48: [testprecache.amxx] hlcoop/shockroach/shock_idle3.wav
L 12/02/2024 - 11:45:48: [testprecache.amxx] precaching file
L 12/02/2024 - 11:45:48: [testprecache.amxx] hlcoop/shockroach/shock_idle2.wav
L 12/02/2024 - 11:45:48: [testprecache.amxx] precaching file
L 12/02/2024 - 11:45:48: [testprecache.amxx] /hl2/cscanner/scanner_scan_loop2.wav
L 12/02/2024 - 11:45:48: [testprecache.amxx] precaching file
L 12/02/2024 - 11:45:48: [testprecache.amxx] /hl2/cscanner/scanner_photo1.wav
L 12/02/2024 - 11:45:48: [testprecache.amxx] precaching file
L 12/02/2024 - 11:45:48: [testprecache.amxx] /hl2/cscanner/scanner_blip1.wav
L 12/02/2024 - 11:45:48: [testprecache.amxx] precaching file
L 12/02/2024 - 11:45:48: [testprecache.amxx] /hl2/cscanner/scanner_blip1.wav
L 12/02/2024 - 11:45:51: -------- Mapchange to d1_trainstation_02 --------
L 12/02/2024 - 11:45:51: [testprecache.amxx] precaching file
L 12/02/2024 - 11:45:51: [testprecache.amxx] items/smallmedkit1.wav
L 12/02/2024 - 11:45:51: [testprecache.amxx] precaching file
L 12/02/2024 - 11:45:51: [testprecache.amxx] player/pl_wade1.wav
L 12/02/2024 - 11:45:51: [testprecache.amxx] precaching file
L 12/02/2024 - 11:45:51: [testprecache.amxx] player/pl_wade2.wav
L 12/02/2024 - 11:45:51: [testprecache.amxx] precaching file
L 12/02/2024 - 11:45:51: [testprecache.amxx] hlcoop/shockroach/shock_idle3.wav
L 12/02/2024 - 11:45:51: [testprecache.amxx] precaching file
L 12/02/2024 - 11:45:51: [testprecache.amxx] hlcoop/shockroach/shock_idle2.wav
L 12/02/2024 - 11:45:51: [testprecache.amxx] precaching file
L 12/02/2024 - 11:45:51: [testprecache.amxx] /hl2/cscanner/scanner_scan_loop2.wav
L 12/02/2024 - 11:45:51: [testprecache.amxx] precaching file
L 12/02/2024 - 11:45:51: [testprecache.amxx] /hl2/cscanner/scanner_photo1.wav
L 12/02/2024 - 11:45:51: [testprecache.amxx] precaching file
L 12/02/2024 - 11:45:51: [testprecache.amxx] /hl2/cscanner/scanner_blip1.wav
L 12/02/2024 - 11:45:51: [testprecache.amxx] precaching file
L 12/02/2024 - 11:45:51: [testprecache.amxx] /hl2/cscanner/scanner_blip1.wav
L 12/02/2024 - 11:51:42: -------- Mapchange to sandbox --------
L 12/02/2024 - 11:51:42: [testprecache.amxx] precaching file
L 12/02/2024 - 11:51:42: [testprecache.amxx] items/smallmedkit1.wav
L 12/02/2024 - 11:51:42: [testprecache.amxx] precaching file
L 12/02/2024 - 11:51:42: [testprecache.amxx] player/pl_wade1.wav
L 12/02/2024 - 11:51:42: [testprecache.amxx] precaching file
L 12/02/2024 - 11:51:42: [testprecache.amxx] player/pl_wade2.wav
L 12/02/2024 - 11:51:42: [testprecache.amxx] precaching file
L 12/02/2024 - 11:51:42: [testprecache.amxx] hlcoop/shockroach/shock_idle3.wav
L 12/02/2024 - 11:51:42: [testprecache.amxx] precaching file
L 12/02/2024 - 11:51:42: [testprecache.amxx] hlcoop/shockroach/shock_idle2.wav
L 12/02/2024 - 11:51:42: [testprecache.amxx] precaching file
L 12/02/2024 - 11:51:42: [testprecache.amxx] /hl2/cscanner/scanner_scan_loop2.wav
L 12/02/2024 - 11:51:42: [testprecache.amxx] precaching file
L 12/02/2024 - 11:51:42: [testprecache.amxx] /hl2/cscanner/scanner_photo1.wav
L 12/02/2024 - 11:51:42: [testprecache.amxx] precaching file
L 12/02/2024 - 11:51:42: [testprecache.amxx] /hl2/cscanner/scanner_blip1.wav
L 12/02/2024 - 11:51:42: [testprecache.amxx] precaching file
L 12/02/2024 - 11:51:42: [testprecache.amxx] /hl2/cscanner/scanner_blip1.wav
L 12/02/2024 - 11:51:42: [galileo.amxx] 
L 12/02/2024 - 11:51:42: [galileo.amxx] The server is jumping to the next map after the current map due more than 1 restarts on the map "d1_trainstation_02"
L 12/02/2024 - 11:51:42: [galileo.amxx] 
L 12/02/2024 - 11:51:44: -------- Mapchange to e1m1 --------
L 12/02/2024 - 11:51:44: [testprecache.amxx] precaching file
L 12/02/2024 - 11:51:44: [testprecache.amxx] items/smallmedkit1.wav
L 12/02/2024 - 11:51:44: [testprecache.amxx] precaching file
L 12/02/2024 - 11:51:44: [testprecache.amxx] player/pl_wade1.wav
L 12/02/2024 - 11:51:44: [testprecache.amxx] precaching file
L 12/02/2024 - 11:51:44: [testprecache.amxx] player/pl_wade2.wav
L 12/02/2024 - 11:51:44: [testprecache.amxx] precaching file
L 12/02/2024 - 11:51:44: [testprecache.amxx] hlcoop/shockroach/shock_idle3.wav
L 12/02/2024 - 11:51:44: [testprecache.amxx] precaching file
L 12/02/2024 - 11:51:44: [testprecache.amxx] hlcoop/shockroach/shock_idle2.wav
L 12/02/2024 - 11:51:44: [testprecache.amxx] precaching file
L 12/02/2024 - 11:51:44: [testprecache.amxx] /hl2/cscanner/scanner_scan_loop2.wav
L 12/02/2024 - 11:51:44: [testprecache.amxx] precaching file
L 12/02/2024 - 11:51:44: [testprecache.amxx] /hl2/cscanner/scanner_photo1.wav
L 12/02/2024 - 11:51:44: [testprecache.amxx] precaching file
L 12/02/2024 - 11:51:44: [testprecache.amxx] /hl2/cscanner/scanner_blip1.wav
L 12/02/2024 - 11:51:44: [testprecache.amxx] precaching file
L 12/02/2024 - 11:51:44: [testprecache.amxx] /hl2/cscanner/scanner_blip1.wav
L 12/02/2024 - 11:54:21: -------- Mapchange to coolrig --------
L 12/02/2024 - 11:54:21: [testprecache.amxx] precaching file
L 12/02/2024 - 11:54:21: [testprecache.amxx] items/smallmedkit1.wav
L 12/02/2024 - 11:54:21: [testprecache.amxx] precaching file
L 12/02/2024 - 11:54:21: [testprecache.amxx] player/pl_wade1.wav
L 12/02/2024 - 11:54:21: [testprecache.amxx] precaching file
L 12/02/2024 - 11:54:21: [testprecache.amxx] player/pl_wade2.wav
L 12/02/2024 - 11:54:21: [testprecache.amxx] precaching file
L 12/02/2024 - 11:54:21: [testprecache.amxx] hlcoop/shockroach/shock_idle3.wav
L 12/02/2024 - 11:54:21: [testprecache.amxx] precaching file
L 12/02/2024 - 11:54:21: [testprecache.amxx] hlcoop/shockroach/shock_idle2.wav
L 12/02/2024 - 11:54:21: [testprecache.amxx] precaching file
L 12/02/2024 - 11:54:21: [testprecache.amxx] /hl2/cscanner/scanner_scan_loop2.wav
L 12/02/2024 - 11:54:21: [testprecache.amxx] precaching file
L 12/02/2024 - 11:54:21: [testprecache.amxx] /hl2/cscanner/scanner_photo1.wav
L 12/02/2024 - 11:54:21: [testprecache.amxx] precaching file
L 12/02/2024 - 11:54:21: [testprecache.amxx] /hl2/cscanner/scanner_blip1.wav
L 12/02/2024 - 11:54:21: [testprecache.amxx] precaching file
L 12/02/2024 - 11:54:21: [testprecache.amxx] /hl2/cscanner/scanner_blip1.wav
L 12/02/2024 - 12:02:29: -------- Mapchange to coolrig --------
L 12/02/2024 - 12:02:29: [testprecache.amxx] precaching file
L 12/02/2024 - 12:02:29: [testprecache.amxx] items/smallmedkit1.wav
L 12/02/2024 - 12:02:29: [testprecache.amxx] precaching file
L 12/02/2024 - 12:02:29: [testprecache.amxx] player/pl_wade1.wav
L 12/02/2024 - 12:02:29: [testprecache.amxx] precaching file
L 12/02/2024 - 12:02:29: [testprecache.amxx] player/pl_wade2.wav
L 12/02/2024 - 12:02:29: [testprecache.amxx] precaching file
L 12/02/2024 - 12:02:29: [testprecache.amxx] hlcoop/shockroach/shock_idle3.wav
L 12/02/2024 - 12:02:29: [testprecache.amxx] precaching file
L 12/02/2024 - 12:02:29: [testprecache.amxx] hlcoop/shockroach/shock_idle2.wav
L 12/02/2024 - 12:02:29: [testprecache.amxx] precaching file
L 12/02/2024 - 12:02:29: [testprecache.amxx] /hl2/cscanner/scanner_scan_loop2.wav
L 12/02/2024 - 12:02:29: [testprecache.amxx] precaching file
L 12/02/2024 - 12:02:29: [testprecache.amxx] /hl2/cscanner/scanner_photo1.wav
L 12/02/2024 - 12:02:29: [testprecache.amxx] precaching file
L 12/02/2024 - 12:02:29: [testprecache.amxx] /hl2/cscanner/scanner_blip1.wav
L 12/02/2024 - 12:02:29: [testprecache.amxx] precaching file
L 12/02/2024 - 12:02:29: [testprecache.amxx] /hl2/cscanner/scanner_blip1.wav
L 12/02/2024 - 12:05:46: -------- Mapchange to sandbox --------
L 12/02/2024 - 12:05:46: [testprecache.amxx] precaching file
L 12/02/2024 - 12:05:46: [testprecache.amxx] items/smallmedkit1.wav
L 12/02/2024 - 12:05:46: [testprecache.amxx] precaching file
L 12/02/2024 - 12:05:46: [testprecache.amxx] player/pl_wade1.wav
L 12/02/2024 - 12:05:46: [testprecache.amxx] precaching file
L 12/02/2024 - 12:05:46: [testprecache.amxx] player/pl_wade2.wav
L 12/02/2024 - 12:05:46: [testprecache.amxx] precaching file
L 12/02/2024 - 12:05:46: [testprecache.amxx] hlcoop/shockroach/shock_idle3.wav
L 12/02/2024 - 12:05:46: [testprecache.amxx] precaching file
L 12/02/2024 - 12:05:46: [testprecache.amxx] hlcoop/shockroach/shock_idle2.wav
L 12/02/2024 - 12:05:46: [testprecache.amxx] precaching file
L 12/02/2024 - 12:05:46: [testprecache.amxx] /hl2/cscanner/scanner_scan_loop2.wav
L 12/02/2024 - 12:05:46: [testprecache.amxx] precaching file
L 12/02/2024 - 12:05:46: [testprecache.amxx] /hl2/cscanner/scanner_photo1.wav
L 12/02/2024 - 12:05:46: [testprecache.amxx] precaching file
L 12/02/2024 - 12:05:46: [testprecache.amxx] /hl2/cscanner/scanner_blip1.wav
L 12/02/2024 - 12:05:46: [testprecache.amxx] precaching file
L 12/02/2024 - 12:05:46: [testprecache.amxx] /hl2/cscanner/scanner_blip1.wav
L 12/02/2024 - 12:05:48: -------- Mapchange to coolrig --------
L 12/02/2024 - 12:05:48: [testprecache.amxx] precaching file
L 12/02/2024 - 12:05:48: [testprecache.amxx] items/smallmedkit1.wav
L 12/02/2024 - 12:05:48: [testprecache.amxx] precaching file
L 12/02/2024 - 12:05:48: [testprecache.amxx] player/pl_wade1.wav
L 12/02/2024 - 12:05:48: [testprecache.amxx] precaching file
L 12/02/2024 - 12:05:48: [testprecache.amxx] player/pl_wade2.wav
L 12/02/2024 - 12:05:48: [testprecache.amxx] precaching file
L 12/02/2024 - 12:05:48: [testprecache.amxx] hlcoop/shockroach/shock_idle3.wav
L 12/02/2024 - 12:05:48: [testprecache.amxx] precaching file
L 12/02/2024 - 12:05:48: [testprecache.amxx] hlcoop/shockroach/shock_idle2.wav
L 12/02/2024 - 12:05:48: [testprecache.amxx] precaching file
L 12/02/2024 - 12:05:48: [testprecache.amxx] /hl2/cscanner/scanner_scan_loop2.wav
L 12/02/2024 - 12:05:48: [testprecache.amxx] precaching file
L 12/02/2024 - 12:05:48: [testprecache.amxx] /hl2/cscanner/scanner_photo1.wav
L 12/02/2024 - 12:05:48: [testprecache.amxx] precaching file
L 12/02/2024 - 12:05:48: [testprecache.amxx] /hl2/cscanner/scanner_blip1.wav
L 12/02/2024 - 12:05:48: [testprecache.amxx] precaching file
L 12/02/2024 - 12:05:48: [testprecache.amxx] /hl2/cscanner/scanner_blip1.wav
L 12/02/2024 - 21:23:21: -------- Mapchange to sandbox --------
L 12/02/2024 - 21:23:21: [testprecache.amxx] precaching file
L 12/02/2024 - 21:23:21: [testprecache.amxx] items/smallmedkit1.wav
L 12/02/2024 - 21:23:21: [testprecache.amxx] precaching file
L 12/02/2024 - 21:23:21: [testprecache.amxx] player/pl_wade1.wav
L 12/02/2024 - 21:23:21: [testprecache.amxx] precaching file
L 12/02/2024 - 21:23:21: [testprecache.amxx] player/pl_wade2.wav
L 12/02/2024 - 21:23:21: [testprecache.amxx] precaching file
L 12/02/2024 - 21:23:21: [testprecache.amxx] hlcoop/shockroach/shock_idle3.wav
L 12/02/2024 - 21:23:21: [testprecache.amxx] precaching file
L 12/02/2024 - 21:23:21: [testprecache.amxx] hlcoop/shockroach/shock_idle2.wav
L 12/02/2024 - 21:23:21: [testprecache.amxx] precaching file
L 12/02/2024 - 21:23:21: [testprecache.amxx] /hl2/cscanner/scanner_scan_loop2.wav
L 12/02/2024 - 21:23:21: [testprecache.amxx] precaching file
L 12/02/2024 - 21:23:21: [testprecache.amxx] /hl2/cscanner/scanner_photo1.wav
L 12/02/2024 - 21:23:21: [testprecache.amxx] precaching file
L 12/02/2024 - 21:23:21: [testprecache.amxx] /hl2/cscanner/scanner_blip1.wav
L 12/02/2024 - 21:23:21: [testprecache.amxx] precaching file
L 12/02/2024 - 21:23:21: [testprecache.amxx] /hl2/cscanner/scanner_blip1.wav
L 12/02/2024 - 21:23:23: -------- Mapchange to coolrig --------
L 12/02/2024 - 21:23:23: [testprecache.amxx] precaching file
L 12/02/2024 - 21:23:23: [testprecache.amxx] items/smallmedkit1.wav
L 12/02/2024 - 21:23:23: [testprecache.amxx] precaching file
L 12/02/2024 - 21:23:23: [testprecache.amxx] player/pl_wade1.wav
L 12/02/2024 - 21:23:23: [testprecache.amxx] precaching file
L 12/02/2024 - 21:23:23: [testprecache.amxx] player/pl_wade2.wav
L 12/02/2024 - 21:23:23: [testprecache.amxx] precaching file
L 12/02/2024 - 21:23:23: [testprecache.amxx] hlcoop/shockroach/shock_idle3.wav
L 12/02/2024 - 21:23:23: [testprecache.amxx] precaching file
L 12/02/2024 - 21:23:23: [testprecache.amxx] hlcoop/shockroach/shock_idle2.wav
L 12/02/2024 - 21:23:23: [testprecache.amxx] precaching file
L 12/02/2024 - 21:23:23: [testprecache.amxx] /hl2/cscanner/scanner_scan_loop2.wav
L 12/02/2024 - 21:23:23: [testprecache.amxx] precaching file
L 12/02/2024 - 21:23:23: [testprecache.amxx] /hl2/cscanner/scanner_photo1.wav
L 12/02/2024 - 21:23:23: [testprecache.amxx] precaching file
L 12/02/2024 - 21:23:23: [testprecache.amxx] /hl2/cscanner/scanner_blip1.wav
L 12/02/2024 - 21:23:23: [testprecache.amxx] precaching file
L 12/02/2024 - 21:23:23: [testprecache.amxx] /hl2/cscanner/scanner_blip1.wav
