L 09/30/2024 - 02:46:32: -------- Mapchange to sandbox --------
L 09/30/2024 - 02:46:32: [AMXX] Module "valve/addons/amxmodx/modules/cstrike_amxx_i386.so" (version "1.8.2") reported that it cannot load on game "valve"
L 09/30/2024 - 02:46:32: Error:
L 09/30/2024 - 02:46:32: [AMXX] Module "valve/addons/amxmodx/modules/cstrike_amxx_i386.so" cannot load on game "valve"
L 09/30/2024 - 02:46:32: [AMXX] Plugin "amx_adminpush.amxx" failed to load: Module/Library "cstrike" required for plugin.  Check modules.ini.
L 09/30/2024 - 02:46:32: [testprecache.amxx] precaching file
L 09/30/2024 - 02:46:32: [testprecache.amxx] items/smallmedkit1.wav
L 09/30/2024 - 02:46:32: [testprecache.amxx] precaching file
L 09/30/2024 - 02:46:32: [testprecache.amxx] player/pl_wade1.wav
L 09/30/2024 - 02:46:32: [testprecache.amxx] precaching file
L 09/30/2024 - 02:46:32: [testprecache.amxx] player/pl_wade2.wav
L 09/30/2024 - 02:46:32: [testprecache.amxx] precaching file
L 09/30/2024 - 02:46:32: [testprecache.amxx] player/pl_wade2.wav
L 09/30/2024 - 02:46:32: [testprecache.amxx] precaching file
L 09/30/2024 - 02:46:32: [testprecache.amxx] player/pl_wade2.wav
L 09/30/2024 - 02:46:35: -------- Mapchange to d1_town_01 --------
L 09/30/2024 - 02:46:35: [AMXX] Plugin "amx_adminpush.amxx" failed to load: Module/Library "cstrike" required for plugin.  Check modules.ini.
L 09/30/2024 - 02:46:35: [testprecache.amxx] precaching file
L 09/30/2024 - 02:46:35: [testprecache.amxx] items/smallmedkit1.wav
L 09/30/2024 - 02:46:35: [testprecache.amxx] precaching file
L 09/30/2024 - 02:46:35: [testprecache.amxx] player/pl_wade1.wav
L 09/30/2024 - 02:46:35: [testprecache.amxx] precaching file
L 09/30/2024 - 02:46:35: [testprecache.amxx] player/pl_wade2.wav
L 09/30/2024 - 02:46:35: [testprecache.amxx] precaching file
L 09/30/2024 - 02:46:35: [testprecache.amxx] player/pl_wade2.wav
L 09/30/2024 - 02:46:35: [testprecache.amxx] precaching file
L 09/30/2024 - 02:46:35: [testprecache.amxx] player/pl_wade2.wav
L 09/30/2024 - 02:51:24: -------- Mapchange to sandbox --------
L 09/30/2024 - 02:51:24: [AMXX] Module "valve/addons/amxmodx/modules/cstrike_amxx_i386.so" (version "1.8.2") reported that it cannot load on game "valve"
L 09/30/2024 - 02:51:24: Error:
L 09/30/2024 - 02:51:24: [AMXX] Module "valve/addons/amxmodx/modules/cstrike_amxx_i386.so" cannot load on game "valve"
L 09/30/2024 - 02:51:24: [AMXX] Plugin "amx_adminpush.amxx" failed to load: Module/Library "cstrike" required for plugin.  Check modules.ini.
L 09/30/2024 - 02:51:24: [testprecache.amxx] precaching file
L 09/30/2024 - 02:51:24: [testprecache.amxx] items/smallmedkit1.wav
L 09/30/2024 - 02:51:24: [testprecache.amxx] precaching file
L 09/30/2024 - 02:51:24: [testprecache.amxx] player/pl_wade1.wav
L 09/30/2024 - 02:51:24: [testprecache.amxx] precaching file
L 09/30/2024 - 02:51:24: [testprecache.amxx] player/pl_wade2.wav
L 09/30/2024 - 02:51:24: [testprecache.amxx] precaching file
L 09/30/2024 - 02:51:24: [testprecache.amxx] player/pl_wade2.wav
L 09/30/2024 - 02:51:24: [testprecache.amxx] precaching file
L 09/30/2024 - 02:51:24: [testprecache.amxx] player/pl_wade2.wav
L 09/30/2024 - 02:51:26: -------- Mapchange to d1_town_01 --------
L 09/30/2024 - 02:51:26: [AMXX] Plugin "amx_adminpush.amxx" failed to load: Module/Library "cstrike" required for plugin.  Check modules.ini.
L 09/30/2024 - 02:51:26: [testprecache.amxx] precaching file
L 09/30/2024 - 02:51:26: [testprecache.amxx] items/smallmedkit1.wav
L 09/30/2024 - 02:51:26: [testprecache.amxx] precaching file
L 09/30/2024 - 02:51:26: [testprecache.amxx] player/pl_wade1.wav
L 09/30/2024 - 02:51:26: [testprecache.amxx] precaching file
L 09/30/2024 - 02:51:26: [testprecache.amxx] player/pl_wade2.wav
L 09/30/2024 - 02:51:26: [testprecache.amxx] precaching file
L 09/30/2024 - 02:51:26: [testprecache.amxx] player/pl_wade2.wav
L 09/30/2024 - 02:51:26: [testprecache.amxx] precaching file
L 09/30/2024 - 02:51:26: [testprecache.amxx] player/pl_wade2.wav
L 09/30/2024 - 02:54:57: -------- Mapchange to sandbox --------
L 09/30/2024 - 02:54:57: [AMXX] Module "valve/addons/amxmodx/modules/cstrike_amxx_i386.so" (version "1.8.2") reported that it cannot load on game "valve"
L 09/30/2024 - 02:54:57: Error:
L 09/30/2024 - 02:54:57: [AMXX] Module "valve/addons/amxmodx/modules/cstrike_amxx_i386.so" cannot load on game "valve"
L 09/30/2024 - 02:54:57: [AMXX] Plugin "amx_adminpush.amxx" failed to load: Module/Library "cstrike" required for plugin.  Check modules.ini.
L 09/30/2024 - 02:54:57: [testprecache.amxx] precaching file
L 09/30/2024 - 02:54:57: [testprecache.amxx] items/smallmedkit1.wav
L 09/30/2024 - 02:54:57: [testprecache.amxx] precaching file
L 09/30/2024 - 02:54:57: [testprecache.amxx] player/pl_wade1.wav
L 09/30/2024 - 02:54:57: [testprecache.amxx] precaching file
L 09/30/2024 - 02:54:57: [testprecache.amxx] player/pl_wade2.wav
L 09/30/2024 - 02:54:57: [testprecache.amxx] precaching file
L 09/30/2024 - 02:54:57: [testprecache.amxx] player/pl_wade2.wav
L 09/30/2024 - 02:54:57: [testprecache.amxx] precaching file
L 09/30/2024 - 02:54:57: [testprecache.amxx] player/pl_wade2.wav
L 09/30/2024 - 02:54:57: [galileo.amxx] 
L 09/30/2024 - 02:54:57: [galileo.amxx] The server is jumping to the next map after the current map due more than 1 restarts on the map "d1_town_01"
L 09/30/2024 - 02:54:57: [galileo.amxx] 
L 09/30/2024 - 02:54:59: -------- Mapchange to c1a0 --------
L 09/30/2024 - 02:54:59: [AMXX] Plugin "amx_adminpush.amxx" failed to load: Module/Library "cstrike" required for plugin.  Check modules.ini.
L 09/30/2024 - 02:54:59: [testprecache.amxx] precaching file
L 09/30/2024 - 02:54:59: [testprecache.amxx] items/smallmedkit1.wav
L 09/30/2024 - 02:54:59: [testprecache.amxx] precaching file
L 09/30/2024 - 02:54:59: [testprecache.amxx] player/pl_wade1.wav
L 09/30/2024 - 02:54:59: [testprecache.amxx] precaching file
L 09/30/2024 - 02:54:59: [testprecache.amxx] player/pl_wade2.wav
L 09/30/2024 - 02:54:59: [testprecache.amxx] precaching file
L 09/30/2024 - 02:54:59: [testprecache.amxx] player/pl_wade2.wav
L 09/30/2024 - 02:54:59: [testprecache.amxx] precaching file
L 09/30/2024 - 02:54:59: [testprecache.amxx] player/pl_wade2.wav
L 09/30/2024 - 02:56:15: -------- Mapchange to sandbox --------
L 09/30/2024 - 02:56:15: [AMXX] Module "valve/addons/amxmodx/modules/cstrike_amxx_i386.so" (version "1.8.2") reported that it cannot load on game "valve"
L 09/30/2024 - 02:56:15: Error:
L 09/30/2024 - 02:56:15: [AMXX] Module "valve/addons/amxmodx/modules/cstrike_amxx_i386.so" cannot load on game "valve"
L 09/30/2024 - 02:56:15: [AMXX] Plugin "amx_adminpush.amxx" failed to load: Module/Library "cstrike" required for plugin.  Check modules.ini.
L 09/30/2024 - 02:56:15: [testprecache.amxx] precaching file
L 09/30/2024 - 02:56:15: [testprecache.amxx] items/smallmedkit1.wav
L 09/30/2024 - 02:56:15: [testprecache.amxx] precaching file
L 09/30/2024 - 02:56:15: [testprecache.amxx] player/pl_wade1.wav
L 09/30/2024 - 02:56:15: [testprecache.amxx] precaching file
L 09/30/2024 - 02:56:15: [testprecache.amxx] player/pl_wade2.wav
L 09/30/2024 - 02:56:15: [testprecache.amxx] precaching file
L 09/30/2024 - 02:56:15: [testprecache.amxx] player/pl_wade2.wav
L 09/30/2024 - 02:56:15: [testprecache.amxx] precaching file
L 09/30/2024 - 02:56:15: [testprecache.amxx] player/pl_wade2.wav
L 09/30/2024 - 02:56:17: -------- Mapchange to c1a0 --------
L 09/30/2024 - 02:56:17: [AMXX] Plugin "amx_adminpush.amxx" failed to load: Module/Library "cstrike" required for plugin.  Check modules.ini.
L 09/30/2024 - 02:56:17: [testprecache.amxx] precaching file
L 09/30/2024 - 02:56:17: [testprecache.amxx] items/smallmedkit1.wav
L 09/30/2024 - 02:56:17: [testprecache.amxx] precaching file
L 09/30/2024 - 02:56:17: [testprecache.amxx] player/pl_wade1.wav
L 09/30/2024 - 02:56:17: [testprecache.amxx] precaching file
L 09/30/2024 - 02:56:17: [testprecache.amxx] player/pl_wade2.wav
L 09/30/2024 - 02:56:17: [testprecache.amxx] precaching file
L 09/30/2024 - 02:56:17: [testprecache.amxx] player/pl_wade2.wav
L 09/30/2024 - 02:56:17: [testprecache.amxx] precaching file
L 09/30/2024 - 02:56:17: [testprecache.amxx] player/pl_wade2.wav
L 09/30/2024 - 03:01:21: -------- Mapchange to sandbox --------
L 09/30/2024 - 03:01:21: [AMXX] Module "valve/addons/amxmodx/modules/cstrike_amxx_i386.so" (version "1.8.2") reported that it cannot load on game "valve"
L 09/30/2024 - 03:01:21: Error:
L 09/30/2024 - 03:01:21: [AMXX] Module "valve/addons/amxmodx/modules/cstrike_amxx_i386.so" cannot load on game "valve"
L 09/30/2024 - 03:01:21: [AMXX] Plugin "amx_adminpush.amxx" failed to load: Module/Library "cstrike" required for plugin.  Check modules.ini.
L 09/30/2024 - 03:01:21: [testprecache.amxx] precaching file
L 09/30/2024 - 03:01:21: [testprecache.amxx] items/smallmedkit1.wav
L 09/30/2024 - 03:01:21: [testprecache.amxx] precaching file
L 09/30/2024 - 03:01:21: [testprecache.amxx] player/pl_wade1.wav
L 09/30/2024 - 03:01:21: [testprecache.amxx] precaching file
L 09/30/2024 - 03:01:21: [testprecache.amxx] player/pl_wade2.wav
L 09/30/2024 - 03:01:21: [testprecache.amxx] precaching file
L 09/30/2024 - 03:01:21: [testprecache.amxx] player/pl_wade2.wav
L 09/30/2024 - 03:01:21: [testprecache.amxx] precaching file
L 09/30/2024 - 03:01:21: [testprecache.amxx] player/pl_wade2.wav
L 09/30/2024 - 03:01:24: -------- Mapchange to c1a0 --------
L 09/30/2024 - 03:01:24: [AMXX] Plugin "amx_adminpush.amxx" failed to load: Module/Library "cstrike" required for plugin.  Check modules.ini.
L 09/30/2024 - 03:01:24: [testprecache.amxx] precaching file
L 09/30/2024 - 03:01:24: [testprecache.amxx] items/smallmedkit1.wav
L 09/30/2024 - 03:01:24: [testprecache.amxx] precaching file
L 09/30/2024 - 03:01:24: [testprecache.amxx] player/pl_wade1.wav
L 09/30/2024 - 03:01:24: [testprecache.amxx] precaching file
L 09/30/2024 - 03:01:24: [testprecache.amxx] player/pl_wade2.wav
L 09/30/2024 - 03:01:24: [testprecache.amxx] precaching file
L 09/30/2024 - 03:01:24: [testprecache.amxx] player/pl_wade2.wav
L 09/30/2024 - 03:01:24: [testprecache.amxx] precaching file
L 09/30/2024 - 03:01:24: [testprecache.amxx] player/pl_wade2.wav
L 09/30/2024 - 03:03:01: -------- Mapchange to sandbox --------
L 09/30/2024 - 03:03:01: [AMXX] Module "valve/addons/amxmodx/modules/cstrike_amxx_i386.so" (version "1.8.2") reported that it cannot load on game "valve"
L 09/30/2024 - 03:03:01: Error:
L 09/30/2024 - 03:03:01: [AMXX] Module "valve/addons/amxmodx/modules/cstrike_amxx_i386.so" cannot load on game "valve"
L 09/30/2024 - 03:03:01: [AMXX] Plugin "amx_adminpush.amxx" failed to load: Module/Library "cstrike" required for plugin.  Check modules.ini.
L 09/30/2024 - 03:03:01: [testprecache.amxx] precaching file
L 09/30/2024 - 03:03:01: [testprecache.amxx] items/smallmedkit1.wav
L 09/30/2024 - 03:03:01: [testprecache.amxx] precaching file
L 09/30/2024 - 03:03:01: [testprecache.amxx] player/pl_wade1.wav
L 09/30/2024 - 03:03:01: [testprecache.amxx] precaching file
L 09/30/2024 - 03:03:01: [testprecache.amxx] player/pl_wade2.wav
L 09/30/2024 - 03:03:01: [testprecache.amxx] precaching file
L 09/30/2024 - 03:03:01: [testprecache.amxx] player/pl_wade2.wav
L 09/30/2024 - 03:03:01: [testprecache.amxx] precaching file
L 09/30/2024 - 03:03:01: [testprecache.amxx] player/pl_wade2.wav
L 09/30/2024 - 03:03:01: [galileo.amxx] 
L 09/30/2024 - 03:03:01: [galileo.amxx] The server is jumping to the next map after the current map due more than 1 restarts on the map "c1a0"
L 09/30/2024 - 03:03:01: [galileo.amxx] 
L 09/30/2024 - 03:03:03: -------- Mapchange to c1a1 --------
L 09/30/2024 - 03:03:03: [AMXX] Plugin "amx_adminpush.amxx" failed to load: Module/Library "cstrike" required for plugin.  Check modules.ini.
L 09/30/2024 - 03:03:03: [testprecache.amxx] precaching file
L 09/30/2024 - 03:03:03: [testprecache.amxx] items/smallmedkit1.wav
L 09/30/2024 - 03:03:03: [testprecache.amxx] precaching file
L 09/30/2024 - 03:03:03: [testprecache.amxx] player/pl_wade1.wav
L 09/30/2024 - 03:03:03: [testprecache.amxx] precaching file
L 09/30/2024 - 03:03:03: [testprecache.amxx] player/pl_wade2.wav
L 09/30/2024 - 03:03:03: [testprecache.amxx] precaching file
L 09/30/2024 - 03:03:03: [testprecache.amxx] player/pl_wade2.wav
L 09/30/2024 - 03:03:03: [testprecache.amxx] precaching file
L 09/30/2024 - 03:03:03: [testprecache.amxx] player/pl_wade2.wav
L 09/30/2024 - 03:04:52: -------- Mapchange to sandbox --------
L 09/30/2024 - 03:04:52: [AMXX] Module "valve/addons/amxmodx/modules/cstrike_amxx_i386.so" (version "1.8.2") reported that it cannot load on game "valve"
L 09/30/2024 - 03:04:52: Error:
L 09/30/2024 - 03:04:52: [AMXX] Module "valve/addons/amxmodx/modules/cstrike_amxx_i386.so" cannot load on game "valve"
L 09/30/2024 - 03:04:52: [AMXX] Plugin "amx_adminpush.amxx" failed to load: Module/Library "cstrike" required for plugin.  Check modules.ini.
L 09/30/2024 - 03:04:52: [testprecache.amxx] precaching file
L 09/30/2024 - 03:04:52: [testprecache.amxx] items/smallmedkit1.wav
L 09/30/2024 - 03:04:52: [testprecache.amxx] precaching file
L 09/30/2024 - 03:04:52: [testprecache.amxx] player/pl_wade1.wav
L 09/30/2024 - 03:04:52: [testprecache.amxx] precaching file
L 09/30/2024 - 03:04:52: [testprecache.amxx] player/pl_wade2.wav
L 09/30/2024 - 03:04:52: [testprecache.amxx] precaching file
L 09/30/2024 - 03:04:52: [testprecache.amxx] player/pl_wade2.wav
L 09/30/2024 - 03:04:52: [testprecache.amxx] precaching file
L 09/30/2024 - 03:04:52: [testprecache.amxx] player/pl_wade2.wav
L 09/30/2024 - 03:04:54: -------- Mapchange to c1a1 --------
L 09/30/2024 - 03:04:54: [AMXX] Plugin "amx_adminpush.amxx" failed to load: Module/Library "cstrike" required for plugin.  Check modules.ini.
L 09/30/2024 - 03:04:54: [testprecache.amxx] precaching file
L 09/30/2024 - 03:04:54: [testprecache.amxx] items/smallmedkit1.wav
L 09/30/2024 - 03:04:54: [testprecache.amxx] precaching file
L 09/30/2024 - 03:04:54: [testprecache.amxx] player/pl_wade1.wav
L 09/30/2024 - 03:04:54: [testprecache.amxx] precaching file
L 09/30/2024 - 03:04:54: [testprecache.amxx] player/pl_wade2.wav
L 09/30/2024 - 03:04:54: [testprecache.amxx] precaching file
L 09/30/2024 - 03:04:54: [testprecache.amxx] player/pl_wade2.wav
L 09/30/2024 - 03:04:54: [testprecache.amxx] precaching file
L 09/30/2024 - 03:04:54: [testprecache.amxx] player/pl_wade2.wav
L 09/30/2024 - 03:05:12: -------- Mapchange to sandbox --------
L 09/30/2024 - 03:05:12: [AMXX] Module "valve/addons/amxmodx/modules/cstrike_amxx_i386.so" (version "1.8.2") reported that it cannot load on game "valve"
L 09/30/2024 - 03:05:12: Error:
L 09/30/2024 - 03:05:12: [AMXX] Module "valve/addons/amxmodx/modules/cstrike_amxx_i386.so" cannot load on game "valve"
L 09/30/2024 - 03:05:12: [AMXX] Plugin "amx_adminpush.amxx" failed to load: Module/Library "cstrike" required for plugin.  Check modules.ini.
L 09/30/2024 - 03:05:12: [testprecache.amxx] precaching file
L 09/30/2024 - 03:05:12: [testprecache.amxx] items/smallmedkit1.wav
L 09/30/2024 - 03:05:12: [testprecache.amxx] precaching file
L 09/30/2024 - 03:05:12: [testprecache.amxx] player/pl_wade1.wav
L 09/30/2024 - 03:05:12: [testprecache.amxx] precaching file
L 09/30/2024 - 03:05:12: [testprecache.amxx] player/pl_wade2.wav
L 09/30/2024 - 03:05:12: [testprecache.amxx] precaching file
L 09/30/2024 - 03:05:12: [testprecache.amxx] player/pl_wade2.wav
L 09/30/2024 - 03:05:12: [testprecache.amxx] precaching file
L 09/30/2024 - 03:05:12: [testprecache.amxx] player/pl_wade2.wav
L 09/30/2024 - 03:05:14: -------- Mapchange to c1a1 --------
L 09/30/2024 - 03:05:14: [AMXX] Plugin "amx_adminpush.amxx" failed to load: Module/Library "cstrike" required for plugin.  Check modules.ini.
L 09/30/2024 - 03:05:14: [testprecache.amxx] precaching file
L 09/30/2024 - 03:05:14: [testprecache.amxx] items/smallmedkit1.wav
L 09/30/2024 - 03:05:14: [testprecache.amxx] precaching file
L 09/30/2024 - 03:05:14: [testprecache.amxx] player/pl_wade1.wav
L 09/30/2024 - 03:05:14: [testprecache.amxx] precaching file
L 09/30/2024 - 03:05:14: [testprecache.amxx] player/pl_wade2.wav
L 09/30/2024 - 03:05:14: [testprecache.amxx] precaching file
L 09/30/2024 - 03:05:14: [testprecache.amxx] player/pl_wade2.wav
L 09/30/2024 - 03:05:14: [testprecache.amxx] precaching file
L 09/30/2024 - 03:05:14: [testprecache.amxx] player/pl_wade2.wav
L 09/30/2024 - 03:09:49: -------- Mapchange to sandbox --------
L 09/30/2024 - 03:09:49: [AMXX] Module "valve/addons/amxmodx/modules/cstrike_amxx_i386.so" (version "1.8.2") reported that it cannot load on game "valve"
L 09/30/2024 - 03:09:49: Error:
L 09/30/2024 - 03:09:49: [AMXX] Module "valve/addons/amxmodx/modules/cstrike_amxx_i386.so" cannot load on game "valve"
L 09/30/2024 - 03:09:49: [AMXX] Plugin "amx_adminpush.amxx" failed to load: Module/Library "cstrike" required for plugin.  Check modules.ini.
L 09/30/2024 - 03:09:49: [testprecache.amxx] precaching file
L 09/30/2024 - 03:09:49: [testprecache.amxx] items/smallmedkit1.wav
L 09/30/2024 - 03:09:49: [testprecache.amxx] precaching file
L 09/30/2024 - 03:09:49: [testprecache.amxx] player/pl_wade1.wav
L 09/30/2024 - 03:09:49: [testprecache.amxx] precaching file
L 09/30/2024 - 03:09:49: [testprecache.amxx] player/pl_wade2.wav
L 09/30/2024 - 03:09:49: [testprecache.amxx] precaching file
L 09/30/2024 - 03:09:49: [testprecache.amxx] player/pl_wade2.wav
L 09/30/2024 - 03:09:49: [testprecache.amxx] precaching file
L 09/30/2024 - 03:09:49: [testprecache.amxx] player/pl_wade2.wav
L 09/30/2024 - 03:09:49: [galileo.amxx] 
L 09/30/2024 - 03:09:49: [galileo.amxx] The server is jumping to the next map after the current map due more than 1 restarts on the map "c1a1"
L 09/30/2024 - 03:09:49: [galileo.amxx] 
L 09/30/2024 - 03:09:51: -------- Mapchange to c1a0 --------
L 09/30/2024 - 03:09:51: [AMXX] Plugin "amx_adminpush.amxx" failed to load: Module/Library "cstrike" required for plugin.  Check modules.ini.
L 09/30/2024 - 03:09:51: [testprecache.amxx] precaching file
L 09/30/2024 - 03:09:51: [testprecache.amxx] items/smallmedkit1.wav
L 09/30/2024 - 03:09:51: [testprecache.amxx] precaching file
L 09/30/2024 - 03:09:51: [testprecache.amxx] player/pl_wade1.wav
L 09/30/2024 - 03:09:51: [testprecache.amxx] precaching file
L 09/30/2024 - 03:09:51: [testprecache.amxx] player/pl_wade2.wav
L 09/30/2024 - 03:09:51: [testprecache.amxx] precaching file
L 09/30/2024 - 03:09:51: [testprecache.amxx] player/pl_wade2.wav
L 09/30/2024 - 03:09:51: [testprecache.amxx] precaching file
L 09/30/2024 - 03:09:51: [testprecache.amxx] player/pl_wade2.wav
L 09/30/2024 - 03:10:32: -------- Mapchange to sandbox --------
L 09/30/2024 - 03:10:32: [AMXX] Module "valve/addons/amxmodx/modules/cstrike_amxx_i386.so" (version "1.8.2") reported that it cannot load on game "valve"
L 09/30/2024 - 03:10:32: Error:
L 09/30/2024 - 03:10:32: [AMXX] Module "valve/addons/amxmodx/modules/cstrike_amxx_i386.so" cannot load on game "valve"
L 09/30/2024 - 03:10:32: [AMXX] Plugin "amx_adminpush.amxx" failed to load: Module/Library "cstrike" required for plugin.  Check modules.ini.
L 09/30/2024 - 03:10:32: [testprecache.amxx] precaching file
L 09/30/2024 - 03:10:32: [testprecache.amxx] items/smallmedkit1.wav
L 09/30/2024 - 03:10:32: [testprecache.amxx] precaching file
L 09/30/2024 - 03:10:32: [testprecache.amxx] player/pl_wade1.wav
L 09/30/2024 - 03:10:32: [testprecache.amxx] precaching file
L 09/30/2024 - 03:10:32: [testprecache.amxx] player/pl_wade2.wav
L 09/30/2024 - 03:10:32: [testprecache.amxx] precaching file
L 09/30/2024 - 03:10:32: [testprecache.amxx] player/pl_wade2.wav
L 09/30/2024 - 03:10:32: [testprecache.amxx] precaching file
L 09/30/2024 - 03:10:32: [testprecache.amxx] player/pl_wade2.wav
L 09/30/2024 - 03:10:34: -------- Mapchange to c1a0 --------
L 09/30/2024 - 03:10:34: [AMXX] Plugin "amx_adminpush.amxx" failed to load: Module/Library "cstrike" required for plugin.  Check modules.ini.
L 09/30/2024 - 03:10:34: [testprecache.amxx] precaching file
L 09/30/2024 - 03:10:34: [testprecache.amxx] items/smallmedkit1.wav
L 09/30/2024 - 03:10:34: [testprecache.amxx] precaching file
L 09/30/2024 - 03:10:34: [testprecache.amxx] player/pl_wade1.wav
L 09/30/2024 - 03:10:34: [testprecache.amxx] precaching file
L 09/30/2024 - 03:10:34: [testprecache.amxx] player/pl_wade2.wav
L 09/30/2024 - 03:10:34: [testprecache.amxx] precaching file
L 09/30/2024 - 03:10:34: [testprecache.amxx] player/pl_wade2.wav
L 09/30/2024 - 03:10:34: [testprecache.amxx] precaching file
L 09/30/2024 - 03:10:34: [testprecache.amxx] player/pl_wade2.wav
L 09/30/2024 - 09:26:15: -------- Mapchange to d1_town_01 --------
L 09/30/2024 - 09:26:15: [AMXX] Plugin "amx_adminpush.amxx" failed to load: Module/Library "cstrike" required for plugin.  Check modules.ini.
L 09/30/2024 - 09:26:15: [testprecache.amxx] precaching file
L 09/30/2024 - 09:26:15: [testprecache.amxx] items/smallmedkit1.wav
L 09/30/2024 - 09:26:15: [testprecache.amxx] precaching file
L 09/30/2024 - 09:26:15: [testprecache.amxx] player/pl_wade1.wav
L 09/30/2024 - 09:26:15: [testprecache.amxx] precaching file
L 09/30/2024 - 09:26:15: [testprecache.amxx] player/pl_wade2.wav
L 09/30/2024 - 09:26:15: [testprecache.amxx] precaching file
L 09/30/2024 - 09:26:15: [testprecache.amxx] player/pl_wade2.wav
L 09/30/2024 - 09:26:15: [testprecache.amxx] precaching file
L 09/30/2024 - 09:26:15: [testprecache.amxx] player/pl_wade2.wav
L 09/30/2024 - 16:13:16: -------- Mapchange to sandbox --------
L 09/30/2024 - 16:13:16: [AMXX] Module "valve/addons/amxmodx/modules/cstrike_amxx_i386.so" (version "1.8.2") reported that it cannot load on game "valve"
L 09/30/2024 - 16:13:16: Error:
L 09/30/2024 - 16:13:16: [AMXX] Module "valve/addons/amxmodx/modules/cstrike_amxx_i386.so" cannot load on game "valve"
L 09/30/2024 - 16:13:16: [AMXX] Plugin "amx_adminpush.amxx" failed to load: Module/Library "cstrike" required for plugin.  Check modules.ini.
L 09/30/2024 - 16:13:16: [testprecache.amxx] precaching file
L 09/30/2024 - 16:13:16: [testprecache.amxx] items/smallmedkit1.wav
L 09/30/2024 - 16:13:16: [testprecache.amxx] precaching file
L 09/30/2024 - 16:13:16: [testprecache.amxx] player/pl_wade1.wav
L 09/30/2024 - 16:13:16: [testprecache.amxx] precaching file
L 09/30/2024 - 16:13:16: [testprecache.amxx] player/pl_wade2.wav
L 09/30/2024 - 16:13:16: [testprecache.amxx] precaching file
L 09/30/2024 - 16:13:16: [testprecache.amxx] player/pl_wade2.wav
L 09/30/2024 - 16:13:16: [testprecache.amxx] precaching file
L 09/30/2024 - 16:13:16: [testprecache.amxx] player/pl_wade2.wav
L 09/30/2024 - 16:13:19: -------- Mapchange to d1_town_01 --------
L 09/30/2024 - 16:13:19: [AMXX] Plugin "amx_adminpush.amxx" failed to load: Module/Library "cstrike" required for plugin.  Check modules.ini.
L 09/30/2024 - 16:13:19: [testprecache.amxx] precaching file
L 09/30/2024 - 16:13:19: [testprecache.amxx] items/smallmedkit1.wav
L 09/30/2024 - 16:13:19: [testprecache.amxx] precaching file
L 09/30/2024 - 16:13:19: [testprecache.amxx] player/pl_wade1.wav
L 09/30/2024 - 16:13:19: [testprecache.amxx] precaching file
L 09/30/2024 - 16:13:19: [testprecache.amxx] player/pl_wade2.wav
L 09/30/2024 - 16:13:19: [testprecache.amxx] precaching file
L 09/30/2024 - 16:13:19: [testprecache.amxx] player/pl_wade2.wav
L 09/30/2024 - 16:13:19: [testprecache.amxx] precaching file
L 09/30/2024 - 16:13:19: [testprecache.amxx] player/pl_wade2.wav
L 09/30/2024 - 16:15:02: -------- Mapchange to sc_test --------
L 09/30/2024 - 16:15:02: [AMXX] Plugin "amx_adminpush.amxx" failed to load: Module/Library "cstrike" required for plugin.  Check modules.ini.
L 09/30/2024 - 16:15:02: [testprecache.amxx] precaching file
L 09/30/2024 - 16:15:02: [testprecache.amxx] items/smallmedkit1.wav
L 09/30/2024 - 16:15:02: [testprecache.amxx] precaching file
L 09/30/2024 - 16:15:02: [testprecache.amxx] player/pl_wade1.wav
L 09/30/2024 - 16:15:02: [testprecache.amxx] precaching file
L 09/30/2024 - 16:15:02: [testprecache.amxx] player/pl_wade2.wav
L 09/30/2024 - 16:15:02: [testprecache.amxx] precaching file
L 09/30/2024 - 16:15:02: [testprecache.amxx] player/pl_wade2.wav
L 09/30/2024 - 16:15:02: [testprecache.amxx] precaching file
L 09/30/2024 - 16:15:02: [testprecache.amxx] player/pl_wade2.wav
L 09/30/2024 - 16:15:28: -------- Mapchange to boot_camp --------
L 09/30/2024 - 16:15:28: [AMXX] Plugin "amx_adminpush.amxx" failed to load: Module/Library "cstrike" required for plugin.  Check modules.ini.
L 09/30/2024 - 16:15:28: [testprecache.amxx] precaching file
L 09/30/2024 - 16:15:28: [testprecache.amxx] items/smallmedkit1.wav
L 09/30/2024 - 16:15:28: [testprecache.amxx] precaching file
L 09/30/2024 - 16:15:28: [testprecache.amxx] player/pl_wade1.wav
L 09/30/2024 - 16:15:28: [testprecache.amxx] precaching file
L 09/30/2024 - 16:15:28: [testprecache.amxx] player/pl_wade2.wav
L 09/30/2024 - 16:15:28: [testprecache.amxx] precaching file
L 09/30/2024 - 16:15:28: [testprecache.amxx] player/pl_wade2.wav
L 09/30/2024 - 16:15:28: [testprecache.amxx] precaching file
L 09/30/2024 - 16:15:28: [testprecache.amxx] player/pl_wade2.wav
L 09/30/2024 - 16:15:53: -------- Mapchange to c1a0 --------
L 09/30/2024 - 16:15:53: [AMXX] Plugin "amx_adminpush.amxx" failed to load: Module/Library "cstrike" required for plugin.  Check modules.ini.
L 09/30/2024 - 16:15:53: [testprecache.amxx] precaching file
L 09/30/2024 - 16:15:53: [testprecache.amxx] items/smallmedkit1.wav
L 09/30/2024 - 16:15:53: [testprecache.amxx] precaching file
L 09/30/2024 - 16:15:53: [testprecache.amxx] player/pl_wade1.wav
L 09/30/2024 - 16:15:53: [testprecache.amxx] precaching file
L 09/30/2024 - 16:15:53: [testprecache.amxx] player/pl_wade2.wav
L 09/30/2024 - 16:15:53: [testprecache.amxx] precaching file
L 09/30/2024 - 16:15:53: [testprecache.amxx] player/pl_wade2.wav
L 09/30/2024 - 16:15:53: [testprecache.amxx] precaching file
L 09/30/2024 - 16:15:53: [testprecache.amxx] player/pl_wade2.wav
L 09/30/2024 - 16:17:34: -------- Mapchange to sandbox --------
L 09/30/2024 - 16:17:34: [AMXX] Module "valve/addons/amxmodx/modules/cstrike_amxx_i386.so" (version "1.8.2") reported that it cannot load on game "valve"
L 09/30/2024 - 16:17:34: Error:
L 09/30/2024 - 16:17:34: [AMXX] Module "valve/addons/amxmodx/modules/cstrike_amxx_i386.so" cannot load on game "valve"
L 09/30/2024 - 16:17:34: [AMXX] Plugin "amx_adminpush.amxx" failed to load: Module/Library "cstrike" required for plugin.  Check modules.ini.
L 09/30/2024 - 16:17:34: [testprecache.amxx] precaching file
L 09/30/2024 - 16:17:34: [testprecache.amxx] items/smallmedkit1.wav
L 09/30/2024 - 16:17:34: [testprecache.amxx] precaching file
L 09/30/2024 - 16:17:34: [testprecache.amxx] player/pl_wade1.wav
L 09/30/2024 - 16:17:34: [testprecache.amxx] precaching file
L 09/30/2024 - 16:17:34: [testprecache.amxx] player/pl_wade2.wav
L 09/30/2024 - 16:17:34: [testprecache.amxx] precaching file
L 09/30/2024 - 16:17:34: [testprecache.amxx] player/pl_wade2.wav
L 09/30/2024 - 16:17:34: [testprecache.amxx] precaching file
L 09/30/2024 - 16:17:34: [testprecache.amxx] player/pl_wade2.wav
L 09/30/2024 - 16:17:36: -------- Mapchange to c1a0 --------
L 09/30/2024 - 16:17:36: [AMXX] Plugin "amx_adminpush.amxx" failed to load: Module/Library "cstrike" required for plugin.  Check modules.ini.
L 09/30/2024 - 16:17:36: [testprecache.amxx] precaching file
L 09/30/2024 - 16:17:36: [testprecache.amxx] items/smallmedkit1.wav
L 09/30/2024 - 16:17:36: [testprecache.amxx] precaching file
L 09/30/2024 - 16:17:36: [testprecache.amxx] player/pl_wade1.wav
L 09/30/2024 - 16:17:36: [testprecache.amxx] precaching file
L 09/30/2024 - 16:17:36: [testprecache.amxx] player/pl_wade2.wav
L 09/30/2024 - 16:17:36: [testprecache.amxx] precaching file
L 09/30/2024 - 16:17:36: [testprecache.amxx] player/pl_wade2.wav
L 09/30/2024 - 16:17:36: [testprecache.amxx] precaching file
L 09/30/2024 - 16:17:36: [testprecache.amxx] player/pl_wade2.wav
L 09/30/2024 - 16:21:17: -------- Mapchange to sandbox --------
L 09/30/2024 - 16:21:17: [AMXX] Module "valve/addons/amxmodx/modules/cstrike_amxx_i386.so" (version "1.8.2") reported that it cannot load on game "valve"
L 09/30/2024 - 16:21:17: Error:
L 09/30/2024 - 16:21:17: [AMXX] Module "valve/addons/amxmodx/modules/cstrike_amxx_i386.so" cannot load on game "valve"
L 09/30/2024 - 16:21:17: [AMXX] Plugin "amx_adminpush.amxx" failed to load: Module/Library "cstrike" required for plugin.  Check modules.ini.
L 09/30/2024 - 16:21:17: [testprecache.amxx] precaching file
L 09/30/2024 - 16:21:17: [testprecache.amxx] items/smallmedkit1.wav
L 09/30/2024 - 16:21:17: [testprecache.amxx] precaching file
L 09/30/2024 - 16:21:17: [testprecache.amxx] player/pl_wade1.wav
L 09/30/2024 - 16:21:17: [testprecache.amxx] precaching file
L 09/30/2024 - 16:21:17: [testprecache.amxx] player/pl_wade2.wav
L 09/30/2024 - 16:21:17: [testprecache.amxx] precaching file
L 09/30/2024 - 16:21:17: [testprecache.amxx] player/pl_wade2.wav
L 09/30/2024 - 16:21:17: [testprecache.amxx] precaching file
L 09/30/2024 - 16:21:17: [testprecache.amxx] player/pl_wade2.wav
L 09/30/2024 - 16:21:19: -------- Mapchange to c1a0 --------
L 09/30/2024 - 16:21:19: [AMXX] Plugin "amx_adminpush.amxx" failed to load: Module/Library "cstrike" required for plugin.  Check modules.ini.
L 09/30/2024 - 16:21:19: [testprecache.amxx] precaching file
L 09/30/2024 - 16:21:19: [testprecache.amxx] items/smallmedkit1.wav
L 09/30/2024 - 16:21:19: [testprecache.amxx] precaching file
L 09/30/2024 - 16:21:19: [testprecache.amxx] player/pl_wade1.wav
L 09/30/2024 - 16:21:19: [testprecache.amxx] precaching file
L 09/30/2024 - 16:21:19: [testprecache.amxx] player/pl_wade2.wav
L 09/30/2024 - 16:21:19: [testprecache.amxx] precaching file
L 09/30/2024 - 16:21:19: [testprecache.amxx] player/pl_wade2.wav
L 09/30/2024 - 16:21:19: [testprecache.amxx] precaching file
L 09/30/2024 - 16:21:19: [testprecache.amxx] player/pl_wade2.wav
L 09/30/2024 - 16:24:13: -------- Mapchange to sandbox --------
L 09/30/2024 - 16:24:13: [AMXX] Module "valve/addons/amxmodx/modules/cstrike_amxx_i386.so" (version "1.8.2") reported that it cannot load on game "valve"
L 09/30/2024 - 16:24:13: Error:
L 09/30/2024 - 16:24:13: [AMXX] Module "valve/addons/amxmodx/modules/cstrike_amxx_i386.so" cannot load on game "valve"
L 09/30/2024 - 16:24:13: [AMXX] Plugin "amx_adminpush.amxx" failed to load: Module/Library "cstrike" required for plugin.  Check modules.ini.
L 09/30/2024 - 16:24:13: [testprecache.amxx] precaching file
L 09/30/2024 - 16:24:13: [testprecache.amxx] items/smallmedkit1.wav
L 09/30/2024 - 16:24:13: [testprecache.amxx] precaching file
L 09/30/2024 - 16:24:13: [testprecache.amxx] player/pl_wade1.wav
L 09/30/2024 - 16:24:13: [testprecache.amxx] precaching file
L 09/30/2024 - 16:24:13: [testprecache.amxx] player/pl_wade2.wav
L 09/30/2024 - 16:24:13: [testprecache.amxx] precaching file
L 09/30/2024 - 16:24:13: [testprecache.amxx] player/pl_wade2.wav
L 09/30/2024 - 16:24:13: [testprecache.amxx] precaching file
L 09/30/2024 - 16:24:13: [testprecache.amxx] player/pl_wade2.wav
L 09/30/2024 - 16:24:14: [galileo.amxx] 
L 09/30/2024 - 16:24:14: [galileo.amxx] The server is jumping to the next map after the current map due more than 1 restarts on the map "c1a0"
L 09/30/2024 - 16:24:14: [galileo.amxx] 
L 09/30/2024 - 16:24:16: -------- Mapchange to c1a1 --------
L 09/30/2024 - 16:24:16: [AMXX] Plugin "amx_adminpush.amxx" failed to load: Module/Library "cstrike" required for plugin.  Check modules.ini.
L 09/30/2024 - 16:24:16: [testprecache.amxx] precaching file
L 09/30/2024 - 16:24:16: [testprecache.amxx] items/smallmedkit1.wav
L 09/30/2024 - 16:24:16: [testprecache.amxx] precaching file
L 09/30/2024 - 16:24:16: [testprecache.amxx] player/pl_wade1.wav
L 09/30/2024 - 16:24:16: [testprecache.amxx] precaching file
L 09/30/2024 - 16:24:16: [testprecache.amxx] player/pl_wade2.wav
L 09/30/2024 - 16:24:16: [testprecache.amxx] precaching file
L 09/30/2024 - 16:24:16: [testprecache.amxx] player/pl_wade2.wav
L 09/30/2024 - 16:24:16: [testprecache.amxx] precaching file
L 09/30/2024 - 16:24:16: [testprecache.amxx] player/pl_wade2.wav
L 09/30/2024 - 16:33:32: -------- Mapchange to sandbox --------
L 09/30/2024 - 16:33:32: [AMXX] Module "valve/addons/amxmodx/modules/cstrike_amxx_i386.so" (version "1.8.2") reported that it cannot load on game "valve"
L 09/30/2024 - 16:33:32: Error:
L 09/30/2024 - 16:33:32: [AMXX] Module "valve/addons/amxmodx/modules/cstrike_amxx_i386.so" cannot load on game "valve"
L 09/30/2024 - 16:33:32: [AMXX] Plugin "amx_adminpush.amxx" failed to load: Module/Library "cstrike" required for plugin.  Check modules.ini.
L 09/30/2024 - 16:33:32: [testprecache.amxx] precaching file
L 09/30/2024 - 16:33:32: [testprecache.amxx] items/smallmedkit1.wav
L 09/30/2024 - 16:33:32: [testprecache.amxx] precaching file
L 09/30/2024 - 16:33:32: [testprecache.amxx] player/pl_wade1.wav
L 09/30/2024 - 16:33:32: [testprecache.amxx] precaching file
L 09/30/2024 - 16:33:32: [testprecache.amxx] player/pl_wade2.wav
L 09/30/2024 - 16:33:32: [testprecache.amxx] precaching file
L 09/30/2024 - 16:33:32: [testprecache.amxx] player/pl_wade2.wav
L 09/30/2024 - 16:33:32: [testprecache.amxx] precaching file
L 09/30/2024 - 16:33:32: [testprecache.amxx] player/pl_wade2.wav
L 09/30/2024 - 16:33:35: -------- Mapchange to c1a1 --------
L 09/30/2024 - 16:33:35: [AMXX] Plugin "amx_adminpush.amxx" failed to load: Module/Library "cstrike" required for plugin.  Check modules.ini.
L 09/30/2024 - 16:33:35: [testprecache.amxx] precaching file
L 09/30/2024 - 16:33:35: [testprecache.amxx] items/smallmedkit1.wav
L 09/30/2024 - 16:33:35: [testprecache.amxx] precaching file
L 09/30/2024 - 16:33:35: [testprecache.amxx] player/pl_wade1.wav
L 09/30/2024 - 16:33:35: [testprecache.amxx] precaching file
L 09/30/2024 - 16:33:35: [testprecache.amxx] player/pl_wade2.wav
L 09/30/2024 - 16:33:35: [testprecache.amxx] precaching file
L 09/30/2024 - 16:33:35: [testprecache.amxx] player/pl_wade2.wav
L 09/30/2024 - 16:33:35: [testprecache.amxx] precaching file
L 09/30/2024 - 16:33:35: [testprecache.amxx] player/pl_wade2.wav
L 09/30/2024 - 21:48:07: -------- Mapchange to d1_town_04 --------
L 09/30/2024 - 21:48:07: [AMXX] Plugin "amx_adminpush.amxx" failed to load: Module/Library "cstrike" required for plugin.  Check modules.ini.
L 09/30/2024 - 21:48:07: [testprecache.amxx] precaching file
L 09/30/2024 - 21:48:07: [testprecache.amxx] items/smallmedkit1.wav
L 09/30/2024 - 21:48:07: [testprecache.amxx] precaching file
L 09/30/2024 - 21:48:07: [testprecache.amxx] player/pl_wade1.wav
L 09/30/2024 - 21:48:07: [testprecache.amxx] precaching file
L 09/30/2024 - 21:48:07: [testprecache.amxx] player/pl_wade2.wav
L 09/30/2024 - 21:48:07: [testprecache.amxx] precaching file
L 09/30/2024 - 21:48:07: [testprecache.amxx] player/pl_wade2.wav
L 09/30/2024 - 21:48:07: [testprecache.amxx] precaching file
L 09/30/2024 - 21:48:07: [testprecache.amxx] player/pl_wade2.wav
