L 10/23/2024 - 12:01:35: -------- Mapchange to sandbox --------
L 10/23/2024 - 12:01:35: [testprecache.amxx] precaching file
L 10/23/2024 - 12:01:35: [testprecache.amxx] items/smallmedkit1.wav
L 10/23/2024 - 12:01:35: [testprecache.amxx] precaching file
L 10/23/2024 - 12:01:35: [testprecache.amxx] player/pl_wade1.wav
L 10/23/2024 - 12:01:35: [testprecache.amxx] precaching file
L 10/23/2024 - 12:01:35: [testprecache.amxx] player/pl_wade2.wav
L 10/23/2024 - 12:01:35: [testprecache.amxx] precaching file
L 10/23/2024 - 12:01:35: [testprecache.amxx] hlcoop/shockroach/shock_idle3.wav
L 10/23/2024 - 12:01:35: [testprecache.amxx] precaching file
L 10/23/2024 - 12:01:35: [testprecache.amxx] hlcoop/shockroach/shock_idle2.wav
L 10/23/2024 - 12:01:35: [testprecache.amxx] precaching file
L 10/23/2024 - 12:01:35: [testprecache.amxx] /hl2/cscanner/scanner_scan_loop2.wav
L 10/23/2024 - 12:01:35: [testprecache.amxx] precaching file
L 10/23/2024 - 12:01:35: [testprecache.amxx] /hl2/cscanner/scanner_photo1.wav
L 10/23/2024 - 12:01:35: [testprecache.amxx] precaching file
L 10/23/2024 - 12:01:35: [testprecache.amxx] /hl2/cscanner/scanner_blip1.wav
L 10/23/2024 - 12:01:35: [testprecache.amxx] precaching file
L 10/23/2024 - 12:01:35: [testprecache.amxx] /hl2/cscanner/scanner_blip1.wav
L 10/23/2024 - 12:01:38: -------- Mapchange to d1_trainstation_02 --------
L 10/23/2024 - 12:01:38: [testprecache.amxx] precaching file
L 10/23/2024 - 12:01:38: [testprecache.amxx] items/smallmedkit1.wav
L 10/23/2024 - 12:01:38: [testprecache.amxx] precaching file
L 10/23/2024 - 12:01:38: [testprecache.amxx] player/pl_wade1.wav
L 10/23/2024 - 12:01:38: [testprecache.amxx] precaching file
L 10/23/2024 - 12:01:38: [testprecache.amxx] player/pl_wade2.wav
L 10/23/2024 - 12:01:38: [testprecache.amxx] precaching file
L 10/23/2024 - 12:01:38: [testprecache.amxx] hlcoop/shockroach/shock_idle3.wav
L 10/23/2024 - 12:01:38: [testprecache.amxx] precaching file
L 10/23/2024 - 12:01:38: [testprecache.amxx] hlcoop/shockroach/shock_idle2.wav
L 10/23/2024 - 12:01:38: [testprecache.amxx] precaching file
L 10/23/2024 - 12:01:38: [testprecache.amxx] /hl2/cscanner/scanner_scan_loop2.wav
L 10/23/2024 - 12:01:38: [testprecache.amxx] precaching file
L 10/23/2024 - 12:01:38: [testprecache.amxx] /hl2/cscanner/scanner_photo1.wav
L 10/23/2024 - 12:01:38: [testprecache.amxx] precaching file
L 10/23/2024 - 12:01:38: [testprecache.amxx] /hl2/cscanner/scanner_blip1.wav
L 10/23/2024 - 12:01:38: [testprecache.amxx] precaching file
L 10/23/2024 - 12:01:38: [testprecache.amxx] /hl2/cscanner/scanner_blip1.wav
L 10/23/2024 - 14:39:43: -------- Mapchange to sandbox --------
L 10/23/2024 - 14:39:43: [testprecache.amxx] precaching file
L 10/23/2024 - 14:39:43: [testprecache.amxx] items/smallmedkit1.wav
L 10/23/2024 - 14:39:43: [testprecache.amxx] precaching file
L 10/23/2024 - 14:39:43: [testprecache.amxx] player/pl_wade1.wav
L 10/23/2024 - 14:39:43: [testprecache.amxx] precaching file
L 10/23/2024 - 14:39:43: [testprecache.amxx] player/pl_wade2.wav
L 10/23/2024 - 14:39:43: [testprecache.amxx] precaching file
L 10/23/2024 - 14:39:43: [testprecache.amxx] hlcoop/shockroach/shock_idle3.wav
L 10/23/2024 - 14:39:43: [testprecache.amxx] precaching file
L 10/23/2024 - 14:39:43: [testprecache.amxx] hlcoop/shockroach/shock_idle2.wav
L 10/23/2024 - 14:39:43: [testprecache.amxx] precaching file
L 10/23/2024 - 14:39:43: [testprecache.amxx] /hl2/cscanner/scanner_scan_loop2.wav
L 10/23/2024 - 14:39:43: [testprecache.amxx] precaching file
L 10/23/2024 - 14:39:43: [testprecache.amxx] /hl2/cscanner/scanner_photo1.wav
L 10/23/2024 - 14:39:43: [testprecache.amxx] precaching file
L 10/23/2024 - 14:39:43: [testprecache.amxx] /hl2/cscanner/scanner_blip1.wav
L 10/23/2024 - 14:39:43: [testprecache.amxx] precaching file
L 10/23/2024 - 14:39:43: [testprecache.amxx] /hl2/cscanner/scanner_blip1.wav
L 10/23/2024 - 14:39:44: [galileo.amxx] 
L 10/23/2024 - 14:39:44: [galileo.amxx] The server is jumping to the next map after the current map due more than 1 restarts on the map "d1_trainstation_02"
L 10/23/2024 - 14:39:44: [galileo.amxx] 
L 10/23/2024 - 14:39:47: -------- Mapchange to d1_town_04 --------
L 10/23/2024 - 14:39:47: [testprecache.amxx] precaching file
L 10/23/2024 - 14:39:47: [testprecache.amxx] items/smallmedkit1.wav
L 10/23/2024 - 14:39:47: [testprecache.amxx] precaching file
L 10/23/2024 - 14:39:47: [testprecache.amxx] player/pl_wade1.wav
L 10/23/2024 - 14:39:47: [testprecache.amxx] precaching file
L 10/23/2024 - 14:39:47: [testprecache.amxx] player/pl_wade2.wav
L 10/23/2024 - 14:39:47: [testprecache.amxx] precaching file
L 10/23/2024 - 14:39:47: [testprecache.amxx] hlcoop/shockroach/shock_idle3.wav
L 10/23/2024 - 14:39:47: [testprecache.amxx] precaching file
L 10/23/2024 - 14:39:47: [testprecache.amxx] hlcoop/shockroach/shock_idle2.wav
L 10/23/2024 - 14:39:47: [testprecache.amxx] precaching file
L 10/23/2024 - 14:39:47: [testprecache.amxx] /hl2/cscanner/scanner_scan_loop2.wav
L 10/23/2024 - 14:39:47: [testprecache.amxx] precaching file
L 10/23/2024 - 14:39:47: [testprecache.amxx] /hl2/cscanner/scanner_photo1.wav
L 10/23/2024 - 14:39:47: [testprecache.amxx] precaching file
L 10/23/2024 - 14:39:47: [testprecache.amxx] /hl2/cscanner/scanner_blip1.wav
L 10/23/2024 - 14:39:47: [testprecache.amxx] precaching file
L 10/23/2024 - 14:39:47: [testprecache.amxx] /hl2/cscanner/scanner_blip1.wav
L 10/23/2024 - 14:40:19: -------- Mapchange to d1_trainstation_02 --------
L 10/23/2024 - 14:40:19: [testprecache.amxx] precaching file
L 10/23/2024 - 14:40:19: [testprecache.amxx] items/smallmedkit1.wav
L 10/23/2024 - 14:40:19: [testprecache.amxx] precaching file
L 10/23/2024 - 14:40:19: [testprecache.amxx] player/pl_wade1.wav
L 10/23/2024 - 14:40:19: [testprecache.amxx] precaching file
L 10/23/2024 - 14:40:19: [testprecache.amxx] player/pl_wade2.wav
L 10/23/2024 - 14:40:19: [testprecache.amxx] precaching file
L 10/23/2024 - 14:40:19: [testprecache.amxx] hlcoop/shockroach/shock_idle3.wav
L 10/23/2024 - 14:40:19: [testprecache.amxx] precaching file
L 10/23/2024 - 14:40:19: [testprecache.amxx] hlcoop/shockroach/shock_idle2.wav
L 10/23/2024 - 14:40:19: [testprecache.amxx] precaching file
L 10/23/2024 - 14:40:19: [testprecache.amxx] /hl2/cscanner/scanner_scan_loop2.wav
L 10/23/2024 - 14:40:19: [testprecache.amxx] precaching file
L 10/23/2024 - 14:40:19: [testprecache.amxx] /hl2/cscanner/scanner_photo1.wav
L 10/23/2024 - 14:40:19: [testprecache.amxx] precaching file
L 10/23/2024 - 14:40:19: [testprecache.amxx] /hl2/cscanner/scanner_blip1.wav
L 10/23/2024 - 14:40:19: [testprecache.amxx] precaching file
L 10/23/2024 - 14:40:19: [testprecache.amxx] /hl2/cscanner/scanner_blip1.wav
L 10/23/2024 - 17:41:13: -------- Mapchange to sandbox --------
L 10/23/2024 - 17:41:13: [testprecache.amxx] precaching file
L 10/23/2024 - 17:41:13: [testprecache.amxx] items/smallmedkit1.wav
L 10/23/2024 - 17:41:13: [testprecache.amxx] precaching file
L 10/23/2024 - 17:41:13: [testprecache.amxx] player/pl_wade1.wav
L 10/23/2024 - 17:41:13: [testprecache.amxx] precaching file
L 10/23/2024 - 17:41:13: [testprecache.amxx] player/pl_wade2.wav
L 10/23/2024 - 17:41:13: [testprecache.amxx] precaching file
L 10/23/2024 - 17:41:13: [testprecache.amxx] hlcoop/shockroach/shock_idle3.wav
L 10/23/2024 - 17:41:13: [testprecache.amxx] precaching file
L 10/23/2024 - 17:41:13: [testprecache.amxx] hlcoop/shockroach/shock_idle2.wav
L 10/23/2024 - 17:41:13: [testprecache.amxx] precaching file
L 10/23/2024 - 17:41:13: [testprecache.amxx] /hl2/cscanner/scanner_scan_loop2.wav
L 10/23/2024 - 17:41:13: [testprecache.amxx] precaching file
L 10/23/2024 - 17:41:13: [testprecache.amxx] /hl2/cscanner/scanner_photo1.wav
L 10/23/2024 - 17:41:13: [testprecache.amxx] precaching file
L 10/23/2024 - 17:41:13: [testprecache.amxx] /hl2/cscanner/scanner_blip1.wav
L 10/23/2024 - 17:41:13: [testprecache.amxx] precaching file
L 10/23/2024 - 17:41:13: [testprecache.amxx] /hl2/cscanner/scanner_blip1.wav
L 10/23/2024 - 17:41:16: -------- Mapchange to d1_trainstation_02 --------
L 10/23/2024 - 17:41:16: [testprecache.amxx] precaching file
L 10/23/2024 - 17:41:16: [testprecache.amxx] items/smallmedkit1.wav
L 10/23/2024 - 17:41:16: [testprecache.amxx] precaching file
L 10/23/2024 - 17:41:16: [testprecache.amxx] player/pl_wade1.wav
L 10/23/2024 - 17:41:16: [testprecache.amxx] precaching file
L 10/23/2024 - 17:41:16: [testprecache.amxx] player/pl_wade2.wav
L 10/23/2024 - 17:41:16: [testprecache.amxx] precaching file
L 10/23/2024 - 17:41:16: [testprecache.amxx] hlcoop/shockroach/shock_idle3.wav
L 10/23/2024 - 17:41:16: [testprecache.amxx] precaching file
L 10/23/2024 - 17:41:16: [testprecache.amxx] hlcoop/shockroach/shock_idle2.wav
L 10/23/2024 - 17:41:16: [testprecache.amxx] precaching file
L 10/23/2024 - 17:41:16: [testprecache.amxx] /hl2/cscanner/scanner_scan_loop2.wav
L 10/23/2024 - 17:41:16: [testprecache.amxx] precaching file
L 10/23/2024 - 17:41:16: [testprecache.amxx] /hl2/cscanner/scanner_photo1.wav
L 10/23/2024 - 17:41:16: [testprecache.amxx] precaching file
L 10/23/2024 - 17:41:16: [testprecache.amxx] /hl2/cscanner/scanner_blip1.wav
L 10/23/2024 - 17:41:16: [testprecache.amxx] precaching file
L 10/23/2024 - 17:41:16: [testprecache.amxx] /hl2/cscanner/scanner_blip1.wav
L 10/23/2024 - 17:47:54: -------- Mapchange to sandbox --------
L 10/23/2024 - 17:47:54: [testprecache.amxx] precaching file
L 10/23/2024 - 17:47:54: [testprecache.amxx] items/smallmedkit1.wav
L 10/23/2024 - 17:47:54: [testprecache.amxx] precaching file
L 10/23/2024 - 17:47:54: [testprecache.amxx] player/pl_wade1.wav
L 10/23/2024 - 17:47:54: [testprecache.amxx] precaching file
L 10/23/2024 - 17:47:54: [testprecache.amxx] player/pl_wade2.wav
L 10/23/2024 - 17:47:54: [testprecache.amxx] precaching file
L 10/23/2024 - 17:47:54: [testprecache.amxx] hlcoop/shockroach/shock_idle3.wav
L 10/23/2024 - 17:47:54: [testprecache.amxx] precaching file
L 10/23/2024 - 17:47:54: [testprecache.amxx] hlcoop/shockroach/shock_idle2.wav
L 10/23/2024 - 17:47:54: [testprecache.amxx] precaching file
L 10/23/2024 - 17:47:54: [testprecache.amxx] /hl2/cscanner/scanner_scan_loop2.wav
L 10/23/2024 - 17:47:54: [testprecache.amxx] precaching file
L 10/23/2024 - 17:47:54: [testprecache.amxx] /hl2/cscanner/scanner_photo1.wav
L 10/23/2024 - 17:47:54: [testprecache.amxx] precaching file
L 10/23/2024 - 17:47:54: [testprecache.amxx] /hl2/cscanner/scanner_blip1.wav
L 10/23/2024 - 17:47:54: [testprecache.amxx] precaching file
L 10/23/2024 - 17:47:54: [testprecache.amxx] /hl2/cscanner/scanner_blip1.wav
L 10/23/2024 - 17:47:57: -------- Mapchange to d1_trainstation_02 --------
L 10/23/2024 - 17:47:57: [testprecache.amxx] precaching file
L 10/23/2024 - 17:47:57: [testprecache.amxx] items/smallmedkit1.wav
L 10/23/2024 - 17:47:57: [testprecache.amxx] precaching file
L 10/23/2024 - 17:47:57: [testprecache.amxx] player/pl_wade1.wav
L 10/23/2024 - 17:47:57: [testprecache.amxx] precaching file
L 10/23/2024 - 17:47:57: [testprecache.amxx] player/pl_wade2.wav
L 10/23/2024 - 17:47:57: [testprecache.amxx] precaching file
L 10/23/2024 - 17:47:57: [testprecache.amxx] hlcoop/shockroach/shock_idle3.wav
L 10/23/2024 - 17:47:57: [testprecache.amxx] precaching file
L 10/23/2024 - 17:47:57: [testprecache.amxx] hlcoop/shockroach/shock_idle2.wav
L 10/23/2024 - 17:47:57: [testprecache.amxx] precaching file
L 10/23/2024 - 17:47:57: [testprecache.amxx] /hl2/cscanner/scanner_scan_loop2.wav
L 10/23/2024 - 17:47:57: [testprecache.amxx] precaching file
L 10/23/2024 - 17:47:57: [testprecache.amxx] /hl2/cscanner/scanner_photo1.wav
L 10/23/2024 - 17:47:57: [testprecache.amxx] precaching file
L 10/23/2024 - 17:47:57: [testprecache.amxx] /hl2/cscanner/scanner_blip1.wav
L 10/23/2024 - 17:47:57: [testprecache.amxx] precaching file
L 10/23/2024 - 17:47:57: [testprecache.amxx] /hl2/cscanner/scanner_blip1.wav
L 10/23/2024 - 21:48:45: -------- Mapchange to sandbox --------
L 10/23/2024 - 21:48:45: [testprecache.amxx] precaching file
L 10/23/2024 - 21:48:45: [testprecache.amxx] items/smallmedkit1.wav
L 10/23/2024 - 21:48:45: [testprecache.amxx] precaching file
L 10/23/2024 - 21:48:45: [testprecache.amxx] player/pl_wade1.wav
L 10/23/2024 - 21:48:45: [testprecache.amxx] precaching file
L 10/23/2024 - 21:48:45: [testprecache.amxx] player/pl_wade2.wav
L 10/23/2024 - 21:48:45: [testprecache.amxx] precaching file
L 10/23/2024 - 21:48:45: [testprecache.amxx] hlcoop/shockroach/shock_idle3.wav
L 10/23/2024 - 21:48:45: [testprecache.amxx] precaching file
L 10/23/2024 - 21:48:45: [testprecache.amxx] hlcoop/shockroach/shock_idle2.wav
L 10/23/2024 - 21:48:45: [testprecache.amxx] precaching file
L 10/23/2024 - 21:48:45: [testprecache.amxx] /hl2/cscanner/scanner_scan_loop2.wav
L 10/23/2024 - 21:48:45: [testprecache.amxx] precaching file
L 10/23/2024 - 21:48:45: [testprecache.amxx] /hl2/cscanner/scanner_photo1.wav
L 10/23/2024 - 21:48:45: [testprecache.amxx] precaching file
L 10/23/2024 - 21:48:45: [testprecache.amxx] /hl2/cscanner/scanner_blip1.wav
L 10/23/2024 - 21:48:45: [testprecache.amxx] precaching file
L 10/23/2024 - 21:48:45: [testprecache.amxx] /hl2/cscanner/scanner_blip1.wav
L 10/23/2024 - 21:48:46: [galileo.amxx] 
L 10/23/2024 - 21:48:46: [galileo.amxx] The server is jumping to the next map after the current map due more than 1 restarts on the map "d1_trainstation_02"
L 10/23/2024 - 21:48:46: [galileo.amxx] 
L 10/23/2024 - 21:48:48: -------- Mapchange to e1m1 --------
L 10/23/2024 - 21:48:48: [testprecache.amxx] precaching file
L 10/23/2024 - 21:48:48: [testprecache.amxx] items/smallmedkit1.wav
L 10/23/2024 - 21:48:48: [testprecache.amxx] precaching file
L 10/23/2024 - 21:48:48: [testprecache.amxx] player/pl_wade1.wav
L 10/23/2024 - 21:48:48: [testprecache.amxx] precaching file
L 10/23/2024 - 21:48:48: [testprecache.amxx] player/pl_wade2.wav
L 10/23/2024 - 21:48:48: [testprecache.amxx] precaching file
L 10/23/2024 - 21:48:48: [testprecache.amxx] hlcoop/shockroach/shock_idle3.wav
L 10/23/2024 - 21:48:48: [testprecache.amxx] precaching file
L 10/23/2024 - 21:48:48: [testprecache.amxx] hlcoop/shockroach/shock_idle2.wav
L 10/23/2024 - 21:48:48: [testprecache.amxx] precaching file
L 10/23/2024 - 21:48:48: [testprecache.amxx] /hl2/cscanner/scanner_scan_loop2.wav
L 10/23/2024 - 21:48:48: [testprecache.amxx] precaching file
L 10/23/2024 - 21:48:48: [testprecache.amxx] /hl2/cscanner/scanner_photo1.wav
L 10/23/2024 - 21:48:48: [testprecache.amxx] precaching file
L 10/23/2024 - 21:48:48: [testprecache.amxx] /hl2/cscanner/scanner_blip1.wav
L 10/23/2024 - 21:48:48: [testprecache.amxx] precaching file
L 10/23/2024 - 21:48:48: [testprecache.amxx] /hl2/cscanner/scanner_blip1.wav
L 10/23/2024 - 21:49:07: -------- Mapchange to sandbox --------
L 10/23/2024 - 21:49:07: [testprecache.amxx] precaching file
L 10/23/2024 - 21:49:07: [testprecache.amxx] items/smallmedkit1.wav
L 10/23/2024 - 21:49:07: [testprecache.amxx] precaching file
L 10/23/2024 - 21:49:07: [testprecache.amxx] player/pl_wade1.wav
L 10/23/2024 - 21:49:07: [testprecache.amxx] precaching file
L 10/23/2024 - 21:49:07: [testprecache.amxx] player/pl_wade2.wav
L 10/23/2024 - 21:49:07: [testprecache.amxx] precaching file
L 10/23/2024 - 21:49:07: [testprecache.amxx] hlcoop/shockroach/shock_idle3.wav
L 10/23/2024 - 21:49:07: [testprecache.amxx] precaching file
L 10/23/2024 - 21:49:07: [testprecache.amxx] hlcoop/shockroach/shock_idle2.wav
L 10/23/2024 - 21:49:07: [testprecache.amxx] precaching file
L 10/23/2024 - 21:49:07: [testprecache.amxx] /hl2/cscanner/scanner_scan_loop2.wav
L 10/23/2024 - 21:49:07: [testprecache.amxx] precaching file
L 10/23/2024 - 21:49:07: [testprecache.amxx] /hl2/cscanner/scanner_photo1.wav
L 10/23/2024 - 21:49:07: [testprecache.amxx] precaching file
L 10/23/2024 - 21:49:07: [testprecache.amxx] /hl2/cscanner/scanner_blip1.wav
L 10/23/2024 - 21:49:07: [testprecache.amxx] precaching file
L 10/23/2024 - 21:49:07: [testprecache.amxx] /hl2/cscanner/scanner_blip1.wav
L 10/23/2024 - 21:49:10: -------- Mapchange to e1m1 --------
L 10/23/2024 - 21:49:10: [testprecache.amxx] precaching file
L 10/23/2024 - 21:49:10: [testprecache.amxx] items/smallmedkit1.wav
L 10/23/2024 - 21:49:10: [testprecache.amxx] precaching file
L 10/23/2024 - 21:49:10: [testprecache.amxx] player/pl_wade1.wav
L 10/23/2024 - 21:49:10: [testprecache.amxx] precaching file
L 10/23/2024 - 21:49:10: [testprecache.amxx] player/pl_wade2.wav
L 10/23/2024 - 21:49:10: [testprecache.amxx] precaching file
L 10/23/2024 - 21:49:10: [testprecache.amxx] hlcoop/shockroach/shock_idle3.wav
L 10/23/2024 - 21:49:10: [testprecache.amxx] precaching file
L 10/23/2024 - 21:49:10: [testprecache.amxx] hlcoop/shockroach/shock_idle2.wav
L 10/23/2024 - 21:49:10: [testprecache.amxx] precaching file
L 10/23/2024 - 21:49:10: [testprecache.amxx] /hl2/cscanner/scanner_scan_loop2.wav
L 10/23/2024 - 21:49:10: [testprecache.amxx] precaching file
L 10/23/2024 - 21:49:10: [testprecache.amxx] /hl2/cscanner/scanner_photo1.wav
L 10/23/2024 - 21:49:10: [testprecache.amxx] precaching file
L 10/23/2024 - 21:49:10: [testprecache.amxx] /hl2/cscanner/scanner_blip1.wav
L 10/23/2024 - 21:49:10: [testprecache.amxx] precaching file
L 10/23/2024 - 21:49:10: [testprecache.amxx] /hl2/cscanner/scanner_blip1.wav
