L 02/20/2025 - 14:38:22: -------- Mapchange to sandbox --------
L 02/20/2025 - 14:38:22: [testprecache.amxx] precaching file
L 02/20/2025 - 14:38:22: [testprecache.amxx] items/smallmedkit1.wav
L 02/20/2025 - 14:38:22: [testprecache.amxx] precaching file
L 02/20/2025 - 14:38:22: [testprecache.amxx] player/pl_wade1.wav
L 02/20/2025 - 14:38:22: [testprecache.amxx] precaching file
L 02/20/2025 - 14:38:22: [testprecache.amxx] player/pl_wade2.wav
L 02/20/2025 - 14:38:22: [testprecache.amxx] precaching file
L 02/20/2025 - 14:38:22: [testprecache.amxx] hlcoop/shockroach/shock_idle3.wav
L 02/20/2025 - 14:38:22: [testprecache.amxx] precaching file
L 02/20/2025 - 14:38:22: [testprecache.amxx] hlcoop/shockroach/shock_idle2.wav
L 02/20/2025 - 14:38:22: [testprecache.amxx] precaching file
L 02/20/2025 - 14:38:22: [testprecache.amxx] /hl2/cscanner/scanner_scan_loop2.wav
L 02/20/2025 - 14:38:22: [testprecache.amxx] precaching file
L 02/20/2025 - 14:38:22: [testprecache.amxx] /hl2/cscanner/scanner_photo1.wav
L 02/20/2025 - 14:38:22: [testprecache.amxx] precaching file
L 02/20/2025 - 14:38:22: [testprecache.amxx] /hl2/cscanner/scanner_blip1.wav
L 02/20/2025 - 14:38:22: [testprecache.amxx] precaching file
L 02/20/2025 - 14:38:22: [testprecache.amxx] /hl2/cscanner/scanner_blip1.wav
L 02/20/2025 - 14:38:25: -------- Mapchange to d1_trainstation_02 --------
L 02/20/2025 - 14:38:25: [testprecache.amxx] precaching file
L 02/20/2025 - 14:38:25: [testprecache.amxx] items/smallmedkit1.wav
L 02/20/2025 - 14:38:25: [testprecache.amxx] precaching file
L 02/20/2025 - 14:38:25: [testprecache.amxx] player/pl_wade1.wav
L 02/20/2025 - 14:38:25: [testprecache.amxx] precaching file
L 02/20/2025 - 14:38:25: [testprecache.amxx] player/pl_wade2.wav
L 02/20/2025 - 14:38:25: [testprecache.amxx] precaching file
L 02/20/2025 - 14:38:25: [testprecache.amxx] hlcoop/shockroach/shock_idle3.wav
L 02/20/2025 - 14:38:25: [testprecache.amxx] precaching file
L 02/20/2025 - 14:38:25: [testprecache.amxx] hlcoop/shockroach/shock_idle2.wav
L 02/20/2025 - 14:38:25: [testprecache.amxx] precaching file
L 02/20/2025 - 14:38:25: [testprecache.amxx] /hl2/cscanner/scanner_scan_loop2.wav
L 02/20/2025 - 14:38:25: [testprecache.amxx] precaching file
L 02/20/2025 - 14:38:25: [testprecache.amxx] /hl2/cscanner/scanner_photo1.wav
L 02/20/2025 - 14:38:25: [testprecache.amxx] precaching file
L 02/20/2025 - 14:38:25: [testprecache.amxx] /hl2/cscanner/scanner_blip1.wav
L 02/20/2025 - 14:38:25: [testprecache.amxx] precaching file
L 02/20/2025 - 14:38:25: [testprecache.amxx] /hl2/cscanner/scanner_blip1.wav
L 02/20/2025 - 14:43:17: -------- Mapchange to d1_trainstation_02 --------
L 02/20/2025 - 14:43:17: [testprecache.amxx] precaching file
L 02/20/2025 - 14:43:17: [testprecache.amxx] items/smallmedkit1.wav
L 02/20/2025 - 14:43:17: [testprecache.amxx] precaching file
L 02/20/2025 - 14:43:17: [testprecache.amxx] player/pl_wade1.wav
L 02/20/2025 - 14:43:17: [testprecache.amxx] precaching file
L 02/20/2025 - 14:43:17: [testprecache.amxx] player/pl_wade2.wav
L 02/20/2025 - 14:43:17: [testprecache.amxx] precaching file
L 02/20/2025 - 14:43:17: [testprecache.amxx] hlcoop/shockroach/shock_idle3.wav
L 02/20/2025 - 14:43:17: [testprecache.amxx] precaching file
L 02/20/2025 - 14:43:17: [testprecache.amxx] hlcoop/shockroach/shock_idle2.wav
L 02/20/2025 - 14:43:17: [testprecache.amxx] precaching file
L 02/20/2025 - 14:43:17: [testprecache.amxx] /hl2/cscanner/scanner_scan_loop2.wav
L 02/20/2025 - 14:43:17: [testprecache.amxx] precaching file
L 02/20/2025 - 14:43:17: [testprecache.amxx] /hl2/cscanner/scanner_photo1.wav
L 02/20/2025 - 14:43:17: [testprecache.amxx] precaching file
L 02/20/2025 - 14:43:17: [testprecache.amxx] /hl2/cscanner/scanner_blip1.wav
L 02/20/2025 - 14:43:17: [testprecache.amxx] precaching file
L 02/20/2025 - 14:43:17: [testprecache.amxx] /hl2/cscanner/scanner_blip1.wav
L 02/20/2025 - 14:43:28: -------- Mapchange to base_attack1 --------
L 02/20/2025 - 14:43:28: [testprecache.amxx] precaching file
L 02/20/2025 - 14:43:28: [testprecache.amxx] items/smallmedkit1.wav
L 02/20/2025 - 14:43:28: [testprecache.amxx] precaching file
L 02/20/2025 - 14:43:28: [testprecache.amxx] player/pl_wade1.wav
L 02/20/2025 - 14:43:28: [testprecache.amxx] precaching file
L 02/20/2025 - 14:43:28: [testprecache.amxx] player/pl_wade2.wav
L 02/20/2025 - 14:43:28: [testprecache.amxx] precaching file
L 02/20/2025 - 14:43:28: [testprecache.amxx] hlcoop/shockroach/shock_idle3.wav
L 02/20/2025 - 14:43:28: [testprecache.amxx] precaching file
L 02/20/2025 - 14:43:28: [testprecache.amxx] hlcoop/shockroach/shock_idle2.wav
L 02/20/2025 - 14:43:28: [testprecache.amxx] precaching file
L 02/20/2025 - 14:43:28: [testprecache.amxx] /hl2/cscanner/scanner_scan_loop2.wav
L 02/20/2025 - 14:43:28: [testprecache.amxx] precaching file
L 02/20/2025 - 14:43:28: [testprecache.amxx] /hl2/cscanner/scanner_photo1.wav
L 02/20/2025 - 14:43:28: [testprecache.amxx] precaching file
L 02/20/2025 - 14:43:28: [testprecache.amxx] /hl2/cscanner/scanner_blip1.wav
L 02/20/2025 - 14:43:28: [testprecache.amxx] precaching file
L 02/20/2025 - 14:43:28: [testprecache.amxx] /hl2/cscanner/scanner_blip1.wav
L 02/20/2025 - 14:43:49: -------- Mapchange to sandbox --------
L 02/20/2025 - 14:43:49: [testprecache.amxx] precaching file
L 02/20/2025 - 14:43:49: [testprecache.amxx] items/smallmedkit1.wav
L 02/20/2025 - 14:43:49: [testprecache.amxx] precaching file
L 02/20/2025 - 14:43:49: [testprecache.amxx] player/pl_wade1.wav
L 02/20/2025 - 14:43:49: [testprecache.amxx] precaching file
L 02/20/2025 - 14:43:49: [testprecache.amxx] player/pl_wade2.wav
L 02/20/2025 - 14:43:49: [testprecache.amxx] precaching file
L 02/20/2025 - 14:43:49: [testprecache.amxx] hlcoop/shockroach/shock_idle3.wav
L 02/20/2025 - 14:43:49: [testprecache.amxx] precaching file
L 02/20/2025 - 14:43:49: [testprecache.amxx] hlcoop/shockroach/shock_idle2.wav
L 02/20/2025 - 14:43:49: [testprecache.amxx] precaching file
L 02/20/2025 - 14:43:49: [testprecache.amxx] /hl2/cscanner/scanner_scan_loop2.wav
L 02/20/2025 - 14:43:49: [testprecache.amxx] precaching file
L 02/20/2025 - 14:43:49: [testprecache.amxx] /hl2/cscanner/scanner_photo1.wav
L 02/20/2025 - 14:43:49: [testprecache.amxx] precaching file
L 02/20/2025 - 14:43:49: [testprecache.amxx] /hl2/cscanner/scanner_blip1.wav
L 02/20/2025 - 14:43:49: [testprecache.amxx] precaching file
L 02/20/2025 - 14:43:49: [testprecache.amxx] /hl2/cscanner/scanner_blip1.wav
L 02/20/2025 - 14:43:51: -------- Mapchange to e1m1 --------
L 02/20/2025 - 14:43:51: [testprecache.amxx] precaching file
L 02/20/2025 - 14:43:51: [testprecache.amxx] items/smallmedkit1.wav
L 02/20/2025 - 14:43:51: [testprecache.amxx] precaching file
L 02/20/2025 - 14:43:51: [testprecache.amxx] player/pl_wade1.wav
L 02/20/2025 - 14:43:51: [testprecache.amxx] precaching file
L 02/20/2025 - 14:43:51: [testprecache.amxx] player/pl_wade2.wav
L 02/20/2025 - 14:43:51: [testprecache.amxx] precaching file
L 02/20/2025 - 14:43:51: [testprecache.amxx] hlcoop/shockroach/shock_idle3.wav
L 02/20/2025 - 14:43:51: [testprecache.amxx] precaching file
L 02/20/2025 - 14:43:51: [testprecache.amxx] hlcoop/shockroach/shock_idle2.wav
L 02/20/2025 - 14:43:51: [testprecache.amxx] precaching file
L 02/20/2025 - 14:43:51: [testprecache.amxx] /hl2/cscanner/scanner_scan_loop2.wav
L 02/20/2025 - 14:43:51: [testprecache.amxx] precaching file
L 02/20/2025 - 14:43:51: [testprecache.amxx] /hl2/cscanner/scanner_photo1.wav
L 02/20/2025 - 14:43:51: [testprecache.amxx] precaching file
L 02/20/2025 - 14:43:51: [testprecache.amxx] /hl2/cscanner/scanner_blip1.wav
L 02/20/2025 - 14:43:51: [testprecache.amxx] precaching file
L 02/20/2025 - 14:43:51: [testprecache.amxx] /hl2/cscanner/scanner_blip1.wav
L 02/20/2025 - 14:44:12: -------- Mapchange to sandbox --------
L 02/20/2025 - 14:44:12: [testprecache.amxx] precaching file
L 02/20/2025 - 14:44:12: [testprecache.amxx] items/smallmedkit1.wav
L 02/20/2025 - 14:44:12: [testprecache.amxx] precaching file
L 02/20/2025 - 14:44:12: [testprecache.amxx] player/pl_wade1.wav
L 02/20/2025 - 14:44:12: [testprecache.amxx] precaching file
L 02/20/2025 - 14:44:12: [testprecache.amxx] player/pl_wade2.wav
L 02/20/2025 - 14:44:12: [testprecache.amxx] precaching file
L 02/20/2025 - 14:44:12: [testprecache.amxx] hlcoop/shockroach/shock_idle3.wav
L 02/20/2025 - 14:44:12: [testprecache.amxx] precaching file
L 02/20/2025 - 14:44:12: [testprecache.amxx] hlcoop/shockroach/shock_idle2.wav
L 02/20/2025 - 14:44:12: [testprecache.amxx] precaching file
L 02/20/2025 - 14:44:12: [testprecache.amxx] /hl2/cscanner/scanner_scan_loop2.wav
L 02/20/2025 - 14:44:12: [testprecache.amxx] precaching file
L 02/20/2025 - 14:44:12: [testprecache.amxx] /hl2/cscanner/scanner_photo1.wav
L 02/20/2025 - 14:44:12: [testprecache.amxx] precaching file
L 02/20/2025 - 14:44:12: [testprecache.amxx] /hl2/cscanner/scanner_blip1.wav
L 02/20/2025 - 14:44:12: [testprecache.amxx] precaching file
L 02/20/2025 - 14:44:12: [testprecache.amxx] /hl2/cscanner/scanner_blip1.wav
L 02/20/2025 - 14:44:14: -------- Mapchange to e1m1 --------
L 02/20/2025 - 14:44:14: [testprecache.amxx] precaching file
L 02/20/2025 - 14:44:14: [testprecache.amxx] items/smallmedkit1.wav
L 02/20/2025 - 14:44:14: [testprecache.amxx] precaching file
L 02/20/2025 - 14:44:14: [testprecache.amxx] player/pl_wade1.wav
L 02/20/2025 - 14:44:14: [testprecache.amxx] precaching file
L 02/20/2025 - 14:44:14: [testprecache.amxx] player/pl_wade2.wav
L 02/20/2025 - 14:44:14: [testprecache.amxx] precaching file
L 02/20/2025 - 14:44:14: [testprecache.amxx] hlcoop/shockroach/shock_idle3.wav
L 02/20/2025 - 14:44:14: [testprecache.amxx] precaching file
L 02/20/2025 - 14:44:14: [testprecache.amxx] hlcoop/shockroach/shock_idle2.wav
L 02/20/2025 - 14:44:14: [testprecache.amxx] precaching file
L 02/20/2025 - 14:44:14: [testprecache.amxx] /hl2/cscanner/scanner_scan_loop2.wav
L 02/20/2025 - 14:44:14: [testprecache.amxx] precaching file
L 02/20/2025 - 14:44:14: [testprecache.amxx] /hl2/cscanner/scanner_photo1.wav
L 02/20/2025 - 14:44:14: [testprecache.amxx] precaching file
L 02/20/2025 - 14:44:14: [testprecache.amxx] /hl2/cscanner/scanner_blip1.wav
L 02/20/2025 - 14:44:14: [testprecache.amxx] precaching file
L 02/20/2025 - 14:44:14: [testprecache.amxx] /hl2/cscanner/scanner_blip1.wav
L 02/20/2025 - 14:44:30: -------- Mapchange to sandbox --------
L 02/20/2025 - 14:44:30: [testprecache.amxx] precaching file
L 02/20/2025 - 14:44:30: [testprecache.amxx] items/smallmedkit1.wav
L 02/20/2025 - 14:44:30: [testprecache.amxx] precaching file
L 02/20/2025 - 14:44:30: [testprecache.amxx] player/pl_wade1.wav
L 02/20/2025 - 14:44:30: [testprecache.amxx] precaching file
L 02/20/2025 - 14:44:30: [testprecache.amxx] player/pl_wade2.wav
L 02/20/2025 - 14:44:30: [testprecache.amxx] precaching file
L 02/20/2025 - 14:44:30: [testprecache.amxx] hlcoop/shockroach/shock_idle3.wav
L 02/20/2025 - 14:44:30: [testprecache.amxx] precaching file
L 02/20/2025 - 14:44:30: [testprecache.amxx] hlcoop/shockroach/shock_idle2.wav
L 02/20/2025 - 14:44:30: [testprecache.amxx] precaching file
L 02/20/2025 - 14:44:30: [testprecache.amxx] /hl2/cscanner/scanner_scan_loop2.wav
L 02/20/2025 - 14:44:30: [testprecache.amxx] precaching file
L 02/20/2025 - 14:44:30: [testprecache.amxx] /hl2/cscanner/scanner_photo1.wav
L 02/20/2025 - 14:44:30: [testprecache.amxx] precaching file
L 02/20/2025 - 14:44:30: [testprecache.amxx] /hl2/cscanner/scanner_blip1.wav
L 02/20/2025 - 14:44:30: [testprecache.amxx] precaching file
L 02/20/2025 - 14:44:30: [testprecache.amxx] /hl2/cscanner/scanner_blip1.wav
L 02/20/2025 - 14:44:30: [galileo.amxx] 
L 02/20/2025 - 14:44:30: [galileo.amxx] The server is jumping to the next map after the current map due more than 1 restarts on the map "e1m1"
L 02/20/2025 - 14:44:30: [galileo.amxx] 
L 02/20/2025 - 15:37:42: -------- Mapchange to hldm_2fort --------
L 02/20/2025 - 15:37:42: [testprecache.amxx] precaching file
L 02/20/2025 - 15:37:42: [testprecache.amxx] items/smallmedkit1.wav
L 02/20/2025 - 15:37:42: [testprecache.amxx] precaching file
L 02/20/2025 - 15:37:42: [testprecache.amxx] player/pl_wade1.wav
L 02/20/2025 - 15:37:42: [testprecache.amxx] precaching file
L 02/20/2025 - 15:37:42: [testprecache.amxx] player/pl_wade2.wav
L 02/20/2025 - 15:37:42: [testprecache.amxx] precaching file
L 02/20/2025 - 15:37:42: [testprecache.amxx] hlcoop/shockroach/shock_idle3.wav
L 02/20/2025 - 15:37:42: [testprecache.amxx] precaching file
L 02/20/2025 - 15:37:42: [testprecache.amxx] hlcoop/shockroach/shock_idle2.wav
L 02/20/2025 - 15:37:42: [testprecache.amxx] precaching file
L 02/20/2025 - 15:37:42: [testprecache.amxx] /hl2/cscanner/scanner_scan_loop2.wav
L 02/20/2025 - 15:37:42: [testprecache.amxx] precaching file
L 02/20/2025 - 15:37:42: [testprecache.amxx] /hl2/cscanner/scanner_photo1.wav
L 02/20/2025 - 15:37:42: [testprecache.amxx] precaching file
L 02/20/2025 - 15:37:42: [testprecache.amxx] /hl2/cscanner/scanner_blip1.wav
L 02/20/2025 - 15:37:42: [testprecache.amxx] precaching file
L 02/20/2025 - 15:37:42: [testprecache.amxx] /hl2/cscanner/scanner_blip1.wav
L 02/20/2025 - 15:49:25: -------- Mapchange to hldm_2fort --------
L 02/20/2025 - 15:49:25: [testprecache.amxx] precaching file
L 02/20/2025 - 15:49:25: [testprecache.amxx] items/smallmedkit1.wav
L 02/20/2025 - 15:49:25: [testprecache.amxx] precaching file
L 02/20/2025 - 15:49:25: [testprecache.amxx] player/pl_wade1.wav
L 02/20/2025 - 15:49:25: [testprecache.amxx] precaching file
L 02/20/2025 - 15:49:25: [testprecache.amxx] player/pl_wade2.wav
L 02/20/2025 - 15:49:25: [testprecache.amxx] precaching file
L 02/20/2025 - 15:49:25: [testprecache.amxx] hlcoop/shockroach/shock_idle3.wav
L 02/20/2025 - 15:49:25: [testprecache.amxx] precaching file
L 02/20/2025 - 15:49:25: [testprecache.amxx] hlcoop/shockroach/shock_idle2.wav
L 02/20/2025 - 15:49:25: [testprecache.amxx] precaching file
L 02/20/2025 - 15:49:25: [testprecache.amxx] /hl2/cscanner/scanner_scan_loop2.wav
L 02/20/2025 - 15:49:25: [testprecache.amxx] precaching file
L 02/20/2025 - 15:49:25: [testprecache.amxx] /hl2/cscanner/scanner_photo1.wav
L 02/20/2025 - 15:49:25: [testprecache.amxx] precaching file
L 02/20/2025 - 15:49:25: [testprecache.amxx] /hl2/cscanner/scanner_blip1.wav
L 02/20/2025 - 15:49:25: [testprecache.amxx] precaching file
L 02/20/2025 - 15:49:25: [testprecache.amxx] /hl2/cscanner/scanner_blip1.wav
