L 09/29/2024 - 00:10:25: -------- Mapchange to sc_persia --------
L 09/29/2024 - 00:10:25: [AMXX] Plugin "amx_adminpush.amxx" failed to load: Module/Library "cstrike" required for plugin.  Check modules.ini.
L 09/29/2024 - 00:15:52: -------- Mapchange to e1m1 --------
L 09/29/2024 - 00:15:52: [AMXX] Plugin "amx_adminpush.amxx" failed to load: Module/Library "cstrike" required for plugin.  Check modules.ini.
L 09/29/2024 - 00:23:36: -------- Mapchange to sandbox --------
L 09/29/2024 - 00:23:36: [AMXX] Plugin "amx_adminpush.amxx" failed to load: Module/Library "cstrike" required for plugin.  Check modules.ini.
L 09/29/2024 - 00:31:47: -------- Mapchange to sandbox --------
L 09/29/2024 - 00:31:47: [AMXX] Module "valve/addons/amxmodx/modules/cstrike_amxx_i386.so" (version "1.8.2") reported that it cannot load on game "valve"
L 09/29/2024 - 00:31:47: Error:
L 09/29/2024 - 00:31:47: [AMXX] Module "valve/addons/amxmodx/modules/cstrike_amxx_i386.so" cannot load on game "valve"
L 09/29/2024 - 00:31:47: [AMXX] Plugin "amx_adminpush.amxx" failed to load: Module/Library "cstrike" required for plugin.  Check modules.ini.
L 09/29/2024 - 00:57:43: -------- Mapchange to crossfireXL --------
L 09/29/2024 - 00:57:43: [AMXX] Plugin "amx_adminpush.amxx" failed to load: Module/Library "cstrike" required for plugin.  Check modules.ini.
L 09/29/2024 - 01:00:15: -------- Mapchange to sandbox --------
L 09/29/2024 - 01:00:15: [AMXX] Module "valve/addons/amxmodx/modules/cstrike_amxx_i386.so" (version "1.8.2") reported that it cannot load on game "valve"
L 09/29/2024 - 01:00:15: Error:
L 09/29/2024 - 01:00:15: [AMXX] Module "valve/addons/amxmodx/modules/cstrike_amxx_i386.so" cannot load on game "valve"
L 09/29/2024 - 01:00:15: [AMXX] Plugin "amx_adminpush.amxx" failed to load: Module/Library "cstrike" required for plugin.  Check modules.ini.
L 09/29/2024 - 01:00:17: -------- Mapchange to crossfireXL --------
L 09/29/2024 - 01:00:17: [AMXX] Plugin "amx_adminpush.amxx" failed to load: Module/Library "cstrike" required for plugin.  Check modules.ini.
L 09/29/2024 - 01:00:41: -------- Mapchange to sandbox --------
L 09/29/2024 - 01:00:41: [AMXX] Module "valve/addons/amxmodx/modules/cstrike_amxx_i386.so" (version "1.8.2") reported that it cannot load on game "valve"
L 09/29/2024 - 01:00:41: Error:
L 09/29/2024 - 01:00:41: [AMXX] Module "valve/addons/amxmodx/modules/cstrike_amxx_i386.so" cannot load on game "valve"
L 09/29/2024 - 01:00:41: [AMXX] Plugin "amx_adminpush.amxx" failed to load: Module/Library "cstrike" required for plugin.  Check modules.ini.
L 09/29/2024 - 01:00:43: -------- Mapchange to crossfireXL --------
L 09/29/2024 - 01:00:43: [AMXX] Plugin "amx_adminpush.amxx" failed to load: Module/Library "cstrike" required for plugin.  Check modules.ini.
L 09/29/2024 - 01:03:07: -------- Mapchange to sandbox --------
L 09/29/2024 - 01:03:07: [AMXX] Module "valve/addons/amxmodx/modules/cstrike_amxx_i386.so" (version "1.8.2") reported that it cannot load on game "valve"
L 09/29/2024 - 01:03:07: Error:
L 09/29/2024 - 01:03:07: [AMXX] Module "valve/addons/amxmodx/modules/cstrike_amxx_i386.so" cannot load on game "valve"
L 09/29/2024 - 01:03:07: [AMXX] Plugin "amx_adminpush.amxx" failed to load: Module/Library "cstrike" required for plugin.  Check modules.ini.
L 09/29/2024 - 01:03:07: [galileo.amxx] 
L 09/29/2024 - 01:03:07: [galileo.amxx] The server is jumping to the next map after the current map due more than 1 restarts on the map "crossfireXL"
L 09/29/2024 - 01:03:07: [galileo.amxx] 
L 09/29/2024 - 01:03:09: -------- Mapchange to sc_test --------
L 09/29/2024 - 01:03:09: [AMXX] Plugin "amx_adminpush.amxx" failed to load: Module/Library "cstrike" required for plugin.  Check modules.ini.
L 09/29/2024 - 01:03:38: -------- Mapchange to crossfireXL --------
L 09/29/2024 - 01:03:38: [AMXX] Plugin "amx_adminpush.amxx" failed to load: Module/Library "cstrike" required for plugin.  Check modules.ini.
L 09/29/2024 - 01:12:55: -------- Mapchange to sc_subsurface --------
L 09/29/2024 - 01:12:55: [AMXX] Plugin "amx_adminpush.amxx" failed to load: Module/Library "cstrike" required for plugin.  Check modules.ini.
L 09/29/2024 - 01:13:31: -------- Mapchange to sandbox --------
L 09/29/2024 - 01:13:31: [AMXX] Module "valve/addons/amxmodx/modules/cstrike_amxx_i386.so" (version "1.8.2") reported that it cannot load on game "valve"
L 09/29/2024 - 01:13:31: Error:
L 09/29/2024 - 01:13:31: [AMXX] Module "valve/addons/amxmodx/modules/cstrike_amxx_i386.so" cannot load on game "valve"
L 09/29/2024 - 01:13:31: [AMXX] Plugin "amx_adminpush.amxx" failed to load: Module/Library "cstrike" required for plugin.  Check modules.ini.
L 09/29/2024 - 01:13:33: -------- Mapchange to sc_subsurface --------
L 09/29/2024 - 01:13:33: [AMXX] Plugin "amx_adminpush.amxx" failed to load: Module/Library "cstrike" required for plugin.  Check modules.ini.
L 09/29/2024 - 01:20:36: -------- Mapchange to sandbox --------
L 09/29/2024 - 01:20:36: [AMXX] Module "valve/addons/amxmodx/modules/cstrike_amxx_i386.so" (version "1.8.2") reported that it cannot load on game "valve"
L 09/29/2024 - 01:20:36: Error:
L 09/29/2024 - 01:20:36: [AMXX] Module "valve/addons/amxmodx/modules/cstrike_amxx_i386.so" cannot load on game "valve"
L 09/29/2024 - 01:20:36: [AMXX] Plugin "amx_adminpush.amxx" failed to load: Module/Library "cstrike" required for plugin.  Check modules.ini.
L 09/29/2024 - 01:20:39: -------- Mapchange to sc_subsurface --------
L 09/29/2024 - 01:20:39: [AMXX] Plugin "amx_adminpush.amxx" failed to load: Module/Library "cstrike" required for plugin.  Check modules.ini.
L 09/29/2024 - 01:21:54: -------- Mapchange to sandbox --------
L 09/29/2024 - 01:21:54: [AMXX] Module "valve/addons/amxmodx/modules/cstrike_amxx_i386.so" (version "1.8.2") reported that it cannot load on game "valve"
L 09/29/2024 - 01:21:54: Error:
L 09/29/2024 - 01:21:54: [AMXX] Module "valve/addons/amxmodx/modules/cstrike_amxx_i386.so" cannot load on game "valve"
L 09/29/2024 - 01:21:54: [AMXX] Plugin "amx_adminpush.amxx" failed to load: Module/Library "cstrike" required for plugin.  Check modules.ini.
L 09/29/2024 - 01:21:54: [galileo.amxx] 
L 09/29/2024 - 01:21:54: [galileo.amxx] The server is jumping to the next map after the current map due more than 1 restarts on the map "sc_subsurface"
L 09/29/2024 - 01:21:54: [galileo.amxx] 
L 09/29/2024 - 01:21:56: -------- Mapchange to sc_persia --------
L 09/29/2024 - 01:21:56: [AMXX] Plugin "amx_adminpush.amxx" failed to load: Module/Library "cstrike" required for plugin.  Check modules.ini.
L 09/29/2024 - 01:22:31: -------- Mapchange to crossfireXL --------
L 09/29/2024 - 01:22:31: [AMXX] Plugin "amx_adminpush.amxx" failed to load: Module/Library "cstrike" required for plugin.  Check modules.ini.
L 09/29/2024 - 01:27:23: -------- Mapchange to sandbox --------
L 09/29/2024 - 01:27:23: [AMXX] Module "valve/addons/amxmodx/modules/cstrike_amxx_i386.so" (version "1.8.2") reported that it cannot load on game "valve"
L 09/29/2024 - 01:27:23: Error:
L 09/29/2024 - 01:27:23: [AMXX] Module "valve/addons/amxmodx/modules/cstrike_amxx_i386.so" cannot load on game "valve"
L 09/29/2024 - 01:27:23: [AMXX] Plugin "amx_adminpush.amxx" failed to load: Module/Library "cstrike" required for plugin.  Check modules.ini.
L 09/29/2024 - 01:27:25: -------- Mapchange to crossfireXL --------
L 09/29/2024 - 01:27:25: [AMXX] Plugin "amx_adminpush.amxx" failed to load: Module/Library "cstrike" required for plugin.  Check modules.ini.
L 09/29/2024 - 01:41:22: -------- Mapchange to sandbox --------
L 09/29/2024 - 01:41:22: [AMXX] Module "valve/addons/amxmodx/modules/cstrike_amxx_i386.so" (version "1.8.2") reported that it cannot load on game "valve"
L 09/29/2024 - 01:41:22: Error:
L 09/29/2024 - 01:41:22: [AMXX] Module "valve/addons/amxmodx/modules/cstrike_amxx_i386.so" cannot load on game "valve"
L 09/29/2024 - 01:41:22: [AMXX] Plugin "amx_adminpush.amxx" failed to load: Module/Library "cstrike" required for plugin.  Check modules.ini.
L 09/29/2024 - 01:41:24: -------- Mapchange to crossfireXL --------
L 09/29/2024 - 01:41:24: [AMXX] Plugin "amx_adminpush.amxx" failed to load: Module/Library "cstrike" required for plugin.  Check modules.ini.
L 09/29/2024 - 01:43:25: -------- Mapchange to sandbox --------
L 09/29/2024 - 01:43:25: [AMXX] Module "valve/addons/amxmodx/modules/cstrike_amxx_i386.so" (version "1.8.2") reported that it cannot load on game "valve"
L 09/29/2024 - 01:43:25: Error:
L 09/29/2024 - 01:43:25: [AMXX] Module "valve/addons/amxmodx/modules/cstrike_amxx_i386.so" cannot load on game "valve"
L 09/29/2024 - 01:43:25: [AMXX] Plugin "amx_adminpush.amxx" failed to load: Module/Library "cstrike" required for plugin.  Check modules.ini.
L 09/29/2024 - 01:43:25: [galileo.amxx] 
L 09/29/2024 - 01:43:25: [galileo.amxx] The server is jumping to the next map after the current map due more than 1 restarts on the map "crossfireXL"
L 09/29/2024 - 01:43:25: [galileo.amxx] 
L 09/29/2024 - 01:43:50: -------- Mapchange to crossfireXL --------
L 09/29/2024 - 01:43:50: [AMXX] Plugin "amx_adminpush.amxx" failed to load: Module/Library "cstrike" required for plugin.  Check modules.ini.
L 09/29/2024 - 01:45:08: -------- Mapchange to sandbox --------
L 09/29/2024 - 01:45:08: [AMXX] Module "valve/addons/amxmodx/modules/cstrike_amxx_i386.so" (version "1.8.2") reported that it cannot load on game "valve"
L 09/29/2024 - 01:45:08: Error:
L 09/29/2024 - 01:45:08: [AMXX] Module "valve/addons/amxmodx/modules/cstrike_amxx_i386.so" cannot load on game "valve"
L 09/29/2024 - 01:45:08: [AMXX] Plugin "amx_adminpush.amxx" failed to load: Module/Library "cstrike" required for plugin.  Check modules.ini.
L 09/29/2024 - 01:45:10: -------- Mapchange to crossfireXL --------
L 09/29/2024 - 01:45:10: [AMXX] Plugin "amx_adminpush.amxx" failed to load: Module/Library "cstrike" required for plugin.  Check modules.ini.
L 09/29/2024 - 01:58:33: -------- Mapchange to sandbox --------
L 09/29/2024 - 01:58:33: [AMXX] Module "valve/addons/amxmodx/modules/cstrike_amxx_i386.so" (version "1.8.2") reported that it cannot load on game "valve"
L 09/29/2024 - 01:58:33: Error:
L 09/29/2024 - 01:58:33: [AMXX] Module "valve/addons/amxmodx/modules/cstrike_amxx_i386.so" cannot load on game "valve"
L 09/29/2024 - 01:58:33: [AMXX] Plugin "amx_adminpush.amxx" failed to load: Module/Library "cstrike" required for plugin.  Check modules.ini.
L 09/29/2024 - 01:58:36: -------- Mapchange to crossfireXL --------
L 09/29/2024 - 01:58:36: [AMXX] Plugin "amx_adminpush.amxx" failed to load: Module/Library "cstrike" required for plugin.  Check modules.ini.
L 09/29/2024 - 03:41:17: -------- Mapchange to sandbox --------
L 09/29/2024 - 03:41:17: [AMXX] Module "valve/addons/amxmodx/modules/cstrike_amxx_i386.so" (version "1.8.2") reported that it cannot load on game "valve"
L 09/29/2024 - 03:41:17: Error:
L 09/29/2024 - 03:41:17: [AMXX] Module "valve/addons/amxmodx/modules/cstrike_amxx_i386.so" cannot load on game "valve"
L 09/29/2024 - 03:41:17: [AMXX] Plugin "amx_adminpush.amxx" failed to load: Module/Library "cstrike" required for plugin.  Check modules.ini.
L 09/29/2024 - 03:47:08: -------- Mapchange to sandbox --------
L 09/29/2024 - 03:47:08: [AMXX] Module "valve/addons/amxmodx/modules/cstrike_amxx_i386.so" (version "1.8.2") reported that it cannot load on game "valve"
L 09/29/2024 - 03:47:08: Error:
L 09/29/2024 - 03:47:08: [AMXX] Module "valve/addons/amxmodx/modules/cstrike_amxx_i386.so" cannot load on game "valve"
L 09/29/2024 - 03:47:09: [AMXX] Plugin "amx_adminpush.amxx" failed to load: Module/Library "cstrike" required for plugin.  Check modules.ini.
L 09/29/2024 - 03:47:11: -------- Mapchange to sc_persia --------
L 09/29/2024 - 03:47:11: [AMXX] Plugin "amx_adminpush.amxx" failed to load: Module/Library "cstrike" required for plugin.  Check modules.ini.
L 09/29/2024 - 03:48:59: -------- Mapchange to sandbox --------
L 09/29/2024 - 03:48:59: [AMXX] Module "valve/addons/amxmodx/modules/cstrike_amxx_i386.so" (version "1.8.2") reported that it cannot load on game "valve"
L 09/29/2024 - 03:48:59: Error:
L 09/29/2024 - 03:48:59: [AMXX] Module "valve/addons/amxmodx/modules/cstrike_amxx_i386.so" cannot load on game "valve"
L 09/29/2024 - 03:48:59: [AMXX] Plugin "amx_adminpush.amxx" failed to load: Module/Library "cstrike" required for plugin.  Check modules.ini.
L 09/29/2024 - 03:49:01: -------- Mapchange to sc_test --------
L 09/29/2024 - 03:49:01: [AMXX] Plugin "amx_adminpush.amxx" failed to load: Module/Library "cstrike" required for plugin.  Check modules.ini.
L 09/29/2024 - 03:49:28: -------- Mapchange to sandbox --------
L 09/29/2024 - 03:49:28: [AMXX] Module "valve/addons/amxmodx/modules/cstrike_amxx_i386.so" (version "1.8.2") reported that it cannot load on game "valve"
L 09/29/2024 - 03:49:28: Error:
L 09/29/2024 - 03:49:28: [AMXX] Module "valve/addons/amxmodx/modules/cstrike_amxx_i386.so" cannot load on game "valve"
L 09/29/2024 - 03:49:28: [AMXX] Plugin "amx_adminpush.amxx" failed to load: Module/Library "cstrike" required for plugin.  Check modules.ini.
L 09/29/2024 - 03:49:30: -------- Mapchange to crossfireXL --------
L 09/29/2024 - 03:49:30: [AMXX] Plugin "amx_adminpush.amxx" failed to load: Module/Library "cstrike" required for plugin.  Check modules.ini.
L 09/29/2024 - 03:51:07: -------- Mapchange to sc_psyko --------
L 09/29/2024 - 03:51:07: [AMXX] Plugin "amx_adminpush.amxx" failed to load: Module/Library "cstrike" required for plugin.  Check modules.ini.
L 09/29/2024 - 03:53:02: -------- Mapchange to e1m1 --------
L 09/29/2024 - 03:53:02: [AMXX] Plugin "amx_adminpush.amxx" failed to load: Module/Library "cstrike" required for plugin.  Check modules.ini.
L 09/29/2024 - 04:02:15: -------- Mapchange to sandbox --------
L 09/29/2024 - 04:02:15: [AMXX] Module "valve/addons/amxmodx/modules/cstrike_amxx_i386.so" (version "1.8.2") reported that it cannot load on game "valve"
L 09/29/2024 - 04:02:15: Error:
L 09/29/2024 - 04:02:15: [AMXX] Module "valve/addons/amxmodx/modules/cstrike_amxx_i386.so" cannot load on game "valve"
L 09/29/2024 - 04:02:15: [AMXX] Plugin "amx_adminpush.amxx" failed to load: Module/Library "cstrike" required for plugin.  Check modules.ini.
L 09/29/2024 - 04:02:18: -------- Mapchange to e1m1 --------
L 09/29/2024 - 04:02:18: [AMXX] Plugin "amx_adminpush.amxx" failed to load: Module/Library "cstrike" required for plugin.  Check modules.ini.
L 09/29/2024 - 04:08:57: -------- Mapchange to sandbox --------
L 09/29/2024 - 04:08:57: [AMXX] Module "valve/addons/amxmodx/modules/cstrike_amxx_i386.so" (version "1.8.2") reported that it cannot load on game "valve"
L 09/29/2024 - 04:08:57: Error:
L 09/29/2024 - 04:08:57: [AMXX] Module "valve/addons/amxmodx/modules/cstrike_amxx_i386.so" cannot load on game "valve"
L 09/29/2024 - 04:08:57: [AMXX] Plugin "amx_adminpush.amxx" failed to load: Module/Library "cstrike" required for plugin.  Check modules.ini.
L 09/29/2024 - 04:09:00: -------- Mapchange to e1m1 --------
L 09/29/2024 - 04:09:00: [AMXX] Plugin "amx_adminpush.amxx" failed to load: Module/Library "cstrike" required for plugin.  Check modules.ini.
L 09/29/2024 - 04:09:29: -------- Mapchange to sandbox --------
L 09/29/2024 - 04:09:29: [AMXX] Module "valve/addons/amxmodx/modules/cstrike_amxx_i386.so" (version "1.8.2") reported that it cannot load on game "valve"
L 09/29/2024 - 04:09:29: Error:
L 09/29/2024 - 04:09:29: [AMXX] Module "valve/addons/amxmodx/modules/cstrike_amxx_i386.so" cannot load on game "valve"
L 09/29/2024 - 04:09:29: [AMXX] Plugin "amx_adminpush.amxx" failed to load: Module/Library "cstrike" required for plugin.  Check modules.ini.
L 09/29/2024 - 04:09:32: -------- Mapchange to sc_test --------
L 09/29/2024 - 04:09:32: [AMXX] Plugin "amx_adminpush.amxx" failed to load: Module/Library "cstrike" required for plugin.  Check modules.ini.
L 09/29/2024 - 04:10:16: -------- Mapchange to sc_caget --------
L 09/29/2024 - 04:10:16: [AMXX] Plugin "amx_adminpush.amxx" failed to load: Module/Library "cstrike" required for plugin.  Check modules.ini.
L 09/29/2024 - 04:14:26: -------- Mapchange to c1a0 --------
L 09/29/2024 - 04:14:26: [AMXX] Plugin "amx_adminpush.amxx" failed to load: Module/Library "cstrike" required for plugin.  Check modules.ini.
L 09/29/2024 - 04:15:23: -------- Mapchange to boot_camp --------
L 09/29/2024 - 04:15:23: [AMXX] Plugin "amx_adminpush.amxx" failed to load: Module/Library "cstrike" required for plugin.  Check modules.ini.
L 09/29/2024 - 04:17:39: -------- Mapchange to cs_office --------
L 09/29/2024 - 04:17:39: [AMXX] Plugin "amx_adminpush.amxx" failed to load: Module/Library "cstrike" required for plugin.  Check modules.ini.
L 09/29/2024 - 04:30:58: -------- Mapchange to sandbox --------
L 09/29/2024 - 04:30:58: [AMXX] Module "valve/addons/amxmodx/modules/cstrike_amxx_i386.so" (version "1.8.2") reported that it cannot load on game "valve"
L 09/29/2024 - 04:30:58: Error:
L 09/29/2024 - 04:30:58: [AMXX] Module "valve/addons/amxmodx/modules/cstrike_amxx_i386.so" cannot load on game "valve"
L 09/29/2024 - 04:30:58: [AMXX] Plugin "amx_adminpush.amxx" failed to load: Module/Library "cstrike" required for plugin.  Check modules.ini.
L 09/29/2024 - 04:31:01: -------- Mapchange to cs_office --------
L 09/29/2024 - 04:31:01: [AMXX] Plugin "amx_adminpush.amxx" failed to load: Module/Library "cstrike" required for plugin.  Check modules.ini.
L 09/29/2024 - 04:42:01: -------- Mapchange to sandbox --------
L 09/29/2024 - 04:42:01: [AMXX] Module "valve/addons/amxmodx/modules/cstrike_amxx_i386.so" (version "1.8.2") reported that it cannot load on game "valve"
L 09/29/2024 - 04:42:01: Error:
L 09/29/2024 - 04:42:01: [AMXX] Module "valve/addons/amxmodx/modules/cstrike_amxx_i386.so" cannot load on game "valve"
L 09/29/2024 - 04:42:01: [AMXX] Plugin "amx_adminpush.amxx" failed to load: Module/Library "cstrike" required for plugin.  Check modules.ini.
L 09/29/2024 - 04:42:04: -------- Mapchange to cs_office --------
L 09/29/2024 - 04:42:04: [AMXX] Plugin "amx_adminpush.amxx" failed to load: Module/Library "cstrike" required for plugin.  Check modules.ini.
L 09/29/2024 - 04:47:39: -------- Mapchange to sandbox --------
L 09/29/2024 - 04:47:39: [AMXX] Module "valve/addons/amxmodx/modules/cstrike_amxx_i386.so" (version "1.8.2") reported that it cannot load on game "valve"
L 09/29/2024 - 04:47:39: Error:
L 09/29/2024 - 04:47:39: [AMXX] Module "valve/addons/amxmodx/modules/cstrike_amxx_i386.so" cannot load on game "valve"
L 09/29/2024 - 04:47:39: [AMXX] Plugin "amx_adminpush.amxx" failed to load: Module/Library "cstrike" required for plugin.  Check modules.ini.
L 09/29/2024 - 04:47:39: [galileo.amxx] 
L 09/29/2024 - 04:47:39: [galileo.amxx] The server is jumping to the next map after the current map due more than 1 restarts on the map "cs_office"
L 09/29/2024 - 04:47:39: [galileo.amxx] 
L 09/29/2024 - 04:47:42: -------- Mapchange to c1a0 --------
L 09/29/2024 - 04:47:42: [AMXX] Plugin "amx_adminpush.amxx" failed to load: Module/Library "cstrike" required for plugin.  Check modules.ini.
L 09/29/2024 - 04:52:01: -------- Mapchange to sandbox --------
L 09/29/2024 - 04:52:01: [AMXX] Module "valve/addons/amxmodx/modules/cstrike_amxx_i386.so" (version "1.8.2") reported that it cannot load on game "valve"
L 09/29/2024 - 04:52:01: Error:
L 09/29/2024 - 04:52:01: [AMXX] Module "valve/addons/amxmodx/modules/cstrike_amxx_i386.so" cannot load on game "valve"
L 09/29/2024 - 04:52:01: [AMXX] Plugin "amx_adminpush.amxx" failed to load: Module/Library "cstrike" required for plugin.  Check modules.ini.
L 09/29/2024 - 04:52:03: -------- Mapchange to c1a0 --------
L 09/29/2024 - 04:52:03: [AMXX] Plugin "amx_adminpush.amxx" failed to load: Module/Library "cstrike" required for plugin.  Check modules.ini.
L 09/29/2024 - 05:00:43: -------- Mapchange to c1a0 --------
L 09/29/2024 - 05:00:43: [AMXX] Plugin "amx_adminpush.amxx" failed to load: Module/Library "cstrike" required for plugin.  Check modules.ini.
L 09/29/2024 - 05:09:46: -------- Mapchange to sandbox --------
L 09/29/2024 - 05:09:46: [AMXX] Module "valve/addons/amxmodx/modules/cstrike_amxx_i386.so" (version "1.8.2") reported that it cannot load on game "valve"
L 09/29/2024 - 05:09:46: Error:
L 09/29/2024 - 05:09:46: [AMXX] Module "valve/addons/amxmodx/modules/cstrike_amxx_i386.so" cannot load on game "valve"
L 09/29/2024 - 05:09:46: [AMXX] Plugin "amx_adminpush.amxx" failed to load: Module/Library "cstrike" required for plugin.  Check modules.ini.
L 09/29/2024 - 05:09:48: -------- Mapchange to c1a0 --------
L 09/29/2024 - 05:09:48: [AMXX] Plugin "amx_adminpush.amxx" failed to load: Module/Library "cstrike" required for plugin.  Check modules.ini.
L 09/29/2024 - 05:14:26: -------- Mapchange to sandbox --------
L 09/29/2024 - 05:14:26: [AMXX] Module "valve/addons/amxmodx/modules/cstrike_amxx_i386.so" (version "1.8.2") reported that it cannot load on game "valve"
L 09/29/2024 - 05:14:26: Error:
L 09/29/2024 - 05:14:26: [AMXX] Module "valve/addons/amxmodx/modules/cstrike_amxx_i386.so" cannot load on game "valve"
L 09/29/2024 - 05:14:26: [AMXX] Plugin "amx_adminpush.amxx" failed to load: Module/Library "cstrike" required for plugin.  Check modules.ini.
L 09/29/2024 - 05:14:26: [galileo.amxx] 
L 09/29/2024 - 05:14:26: [galileo.amxx] The server is jumping to the next map after the current map due more than 1 restarts on the map "c1a0"
L 09/29/2024 - 05:14:26: [galileo.amxx] 
L 09/29/2024 - 05:14:28: -------- Mapchange to c1a1 --------
L 09/29/2024 - 05:14:28: [AMXX] Plugin "amx_adminpush.amxx" failed to load: Module/Library "cstrike" required for plugin.  Check modules.ini.
L 09/29/2024 - 05:22:51: -------- Mapchange to sandbox --------
L 09/29/2024 - 05:22:51: [AMXX] Module "valve/addons/amxmodx/modules/cstrike_amxx_i386.so" (version "1.8.2") reported that it cannot load on game "valve"
L 09/29/2024 - 05:22:51: Error:
L 09/29/2024 - 05:22:51: [AMXX] Module "valve/addons/amxmodx/modules/cstrike_amxx_i386.so" cannot load on game "valve"
L 09/29/2024 - 05:22:51: [AMXX] Plugin "amx_adminpush.amxx" failed to load: Module/Library "cstrike" required for plugin.  Check modules.ini.
L 09/29/2024 - 05:22:53: -------- Mapchange to c1a1 --------
L 09/29/2024 - 05:22:53: [AMXX] Plugin "amx_adminpush.amxx" failed to load: Module/Library "cstrike" required for plugin.  Check modules.ini.
L 09/29/2024 - 13:22:16: -------- Mapchange to c1a0 --------
L 09/29/2024 - 13:22:16: [AMXX] Plugin "amx_adminpush.amxx" failed to load: Module/Library "cstrike" required for plugin.  Check modules.ini.
L 09/29/2024 - 14:01:38: -------- Mapchange to sandbox --------
L 09/29/2024 - 14:01:38: [AMXX] Module "valve/addons/amxmodx/modules/cstrike_amxx_i386.so" (version "1.8.2") reported that it cannot load on game "valve"
L 09/29/2024 - 14:01:38: Error:
L 09/29/2024 - 14:01:38: [AMXX] Module "valve/addons/amxmodx/modules/cstrike_amxx_i386.so" cannot load on game "valve"
L 09/29/2024 - 14:01:38: [AMXX] Plugin "amx_adminpush.amxx" failed to load: Module/Library "cstrike" required for plugin.  Check modules.ini.
L 09/29/2024 - 14:01:41: -------- Mapchange to c1a0 --------
L 09/29/2024 - 14:01:41: [AMXX] Plugin "amx_adminpush.amxx" failed to load: Module/Library "cstrike" required for plugin.  Check modules.ini.
L 09/29/2024 - 15:34:08: -------- Mapchange to sandbox --------
L 09/29/2024 - 15:34:08: [AMXX] Module "valve/addons/amxmodx/modules/cstrike_amxx_i386.so" (version "1.8.2") reported that it cannot load on game "valve"
L 09/29/2024 - 15:34:08: Error:
L 09/29/2024 - 15:34:08: [AMXX] Module "valve/addons/amxmodx/modules/cstrike_amxx_i386.so" cannot load on game "valve"
L 09/29/2024 - 15:34:08: [AMXX] Plugin "amx_adminpush.amxx" failed to load: Module/Library "cstrike" required for plugin.  Check modules.ini.
L 09/29/2024 - 15:34:08: [testprecache.amxx] precaching file
L 09/29/2024 - 15:34:08: [testprecache.amxx] items/smallmedkit1.wav
L 09/29/2024 - 15:34:08: [testprecache.amxx] precaching file
L 09/29/2024 - 15:34:08: [testprecache.amxx] player/pl_wade1.wav
L 09/29/2024 - 15:34:08: [testprecache.amxx] precaching file
L 09/29/2024 - 15:34:08: [testprecache.amxx] player/pl_wade2.wav
L 09/29/2024 - 15:34:08: [testprecache.amxx] precaching file
L 09/29/2024 - 15:34:08: [testprecache.amxx] player/pl_wade2.wav
L 09/29/2024 - 15:34:08: [testprecache.amxx] precaching file
L 09/29/2024 - 15:34:08: [testprecache.amxx] player/pl_wade2.wav
L 09/29/2024 - 15:34:10: -------- Mapchange to c1a0 --------
L 09/29/2024 - 15:34:10: [AMXX] Plugin "amx_adminpush.amxx" failed to load: Module/Library "cstrike" required for plugin.  Check modules.ini.
L 09/29/2024 - 15:34:10: [testprecache.amxx] precaching file
L 09/29/2024 - 15:34:10: [testprecache.amxx] items/smallmedkit1.wav
L 09/29/2024 - 15:34:10: [testprecache.amxx] precaching file
L 09/29/2024 - 15:34:10: [testprecache.amxx] player/pl_wade1.wav
L 09/29/2024 - 15:34:10: [testprecache.amxx] precaching file
L 09/29/2024 - 15:34:10: [testprecache.amxx] player/pl_wade2.wav
L 09/29/2024 - 15:34:10: [testprecache.amxx] precaching file
L 09/29/2024 - 15:34:10: [testprecache.amxx] player/pl_wade2.wav
L 09/29/2024 - 15:34:10: [testprecache.amxx] precaching file
L 09/29/2024 - 15:34:10: [testprecache.amxx] player/pl_wade2.wav
L 09/29/2024 - 15:38:05: -------- Mapchange to sandbox --------
L 09/29/2024 - 15:38:05: [AMXX] Plugin "amx_adminpush.amxx" failed to load: Module/Library "cstrike" required for plugin.  Check modules.ini.
L 09/29/2024 - 15:38:05: [testprecache.amxx] precaching file
L 09/29/2024 - 15:38:05: [testprecache.amxx] items/smallmedkit1.wav
L 09/29/2024 - 15:38:05: [testprecache.amxx] precaching file
L 09/29/2024 - 15:38:05: [testprecache.amxx] player/pl_wade1.wav
L 09/29/2024 - 15:38:05: [testprecache.amxx] precaching file
L 09/29/2024 - 15:38:05: [testprecache.amxx] player/pl_wade2.wav
L 09/29/2024 - 15:38:05: [testprecache.amxx] precaching file
L 09/29/2024 - 15:38:05: [testprecache.amxx] player/pl_wade2.wav
L 09/29/2024 - 15:38:05: [testprecache.amxx] precaching file
L 09/29/2024 - 15:38:05: [testprecache.amxx] player/pl_wade2.wav
L 09/29/2024 - 15:43:46: -------- Mapchange to sandbox --------
L 09/29/2024 - 15:43:46: [AMXX] Module "valve/addons/amxmodx/modules/cstrike_amxx_i386.so" (version "1.8.2") reported that it cannot load on game "valve"
L 09/29/2024 - 15:43:46: Error:
L 09/29/2024 - 15:43:46: [AMXX] Module "valve/addons/amxmodx/modules/cstrike_amxx_i386.so" cannot load on game "valve"
L 09/29/2024 - 15:43:46: [AMXX] Plugin "amx_adminpush.amxx" failed to load: Module/Library "cstrike" required for plugin.  Check modules.ini.
L 09/29/2024 - 15:43:46: [testprecache.amxx] precaching file
L 09/29/2024 - 15:43:46: [testprecache.amxx] items/smallmedkit1.wav
L 09/29/2024 - 15:43:46: [testprecache.amxx] precaching file
L 09/29/2024 - 15:43:46: [testprecache.amxx] player/pl_wade1.wav
L 09/29/2024 - 15:43:46: [testprecache.amxx] precaching file
L 09/29/2024 - 15:43:46: [testprecache.amxx] player/pl_wade2.wav
L 09/29/2024 - 15:43:46: [testprecache.amxx] precaching file
L 09/29/2024 - 15:43:46: [testprecache.amxx] player/pl_wade2.wav
L 09/29/2024 - 15:43:46: [testprecache.amxx] precaching file
L 09/29/2024 - 15:43:46: [testprecache.amxx] player/pl_wade2.wav
L 09/29/2024 - 15:52:37: -------- Mapchange to sandbox --------
L 09/29/2024 - 15:52:37: [AMXX] Module "valve/addons/amxmodx/modules/cstrike_amxx_i386.so" (version "1.8.2") reported that it cannot load on game "valve"
L 09/29/2024 - 15:52:37: Error:
L 09/29/2024 - 15:52:37: [AMXX] Module "valve/addons/amxmodx/modules/cstrike_amxx_i386.so" cannot load on game "valve"
L 09/29/2024 - 15:52:37: [AMXX] Plugin "amx_adminpush.amxx" failed to load: Module/Library "cstrike" required for plugin.  Check modules.ini.
L 09/29/2024 - 15:52:37: [testprecache.amxx] precaching file
L 09/29/2024 - 15:52:37: [testprecache.amxx] items/smallmedkit1.wav
L 09/29/2024 - 15:52:37: [testprecache.amxx] precaching file
L 09/29/2024 - 15:52:37: [testprecache.amxx] player/pl_wade1.wav
L 09/29/2024 - 15:52:37: [testprecache.amxx] precaching file
L 09/29/2024 - 15:52:37: [testprecache.amxx] player/pl_wade2.wav
L 09/29/2024 - 15:52:37: [testprecache.amxx] precaching file
L 09/29/2024 - 15:52:37: [testprecache.amxx] player/pl_wade2.wav
L 09/29/2024 - 15:52:37: [testprecache.amxx] precaching file
L 09/29/2024 - 15:52:37: [testprecache.amxx] player/pl_wade2.wav
L 09/29/2024 - 15:56:34: -------- Mapchange to sandbox --------
L 09/29/2024 - 15:56:34: [AMXX] Module "valve/addons/amxmodx/modules/cstrike_amxx_i386.so" (version "1.8.2") reported that it cannot load on game "valve"
L 09/29/2024 - 15:56:34: Error:
L 09/29/2024 - 15:56:34: [AMXX] Module "valve/addons/amxmodx/modules/cstrike_amxx_i386.so" cannot load on game "valve"
L 09/29/2024 - 15:56:34: [AMXX] Plugin "amx_adminpush.amxx" failed to load: Module/Library "cstrike" required for plugin.  Check modules.ini.
L 09/29/2024 - 15:56:34: [testprecache.amxx] precaching file
L 09/29/2024 - 15:56:34: [testprecache.amxx] items/smallmedkit1.wav
L 09/29/2024 - 15:56:34: [testprecache.amxx] precaching file
L 09/29/2024 - 15:56:34: [testprecache.amxx] player/pl_wade1.wav
L 09/29/2024 - 15:56:34: [testprecache.amxx] precaching file
L 09/29/2024 - 15:56:34: [testprecache.amxx] player/pl_wade2.wav
L 09/29/2024 - 15:56:34: [testprecache.amxx] precaching file
L 09/29/2024 - 15:56:34: [testprecache.amxx] player/pl_wade2.wav
L 09/29/2024 - 15:56:34: [testprecache.amxx] precaching file
L 09/29/2024 - 15:56:34: [testprecache.amxx] player/pl_wade2.wav
L 09/29/2024 - 15:56:34: [galileo.amxx] 
L 09/29/2024 - 15:56:34: [galileo.amxx] The server is jumping to the next map after the current map due more than 1 restarts on the map "sandbox"
L 09/29/2024 - 15:56:34: [galileo.amxx] 
L 09/29/2024 - 15:56:36: -------- Mapchange to sc_test --------
L 09/29/2024 - 15:56:36: [AMXX] Plugin "amx_adminpush.amxx" failed to load: Module/Library "cstrike" required for plugin.  Check modules.ini.
L 09/29/2024 - 15:56:36: [testprecache.amxx] precaching file
L 09/29/2024 - 15:56:36: [testprecache.amxx] items/smallmedkit1.wav
L 09/29/2024 - 15:56:36: [testprecache.amxx] precaching file
L 09/29/2024 - 15:56:36: [testprecache.amxx] player/pl_wade1.wav
L 09/29/2024 - 15:56:36: [testprecache.amxx] precaching file
L 09/29/2024 - 15:56:36: [testprecache.amxx] player/pl_wade2.wav
L 09/29/2024 - 15:56:36: [testprecache.amxx] precaching file
L 09/29/2024 - 15:56:36: [testprecache.amxx] player/pl_wade2.wav
L 09/29/2024 - 15:56:36: [testprecache.amxx] precaching file
L 09/29/2024 - 15:56:36: [testprecache.amxx] player/pl_wade2.wav
L 09/29/2024 - 16:03:06: -------- Mapchange to c1a0 --------
L 09/29/2024 - 16:03:06: [AMXX] Plugin "amx_adminpush.amxx" failed to load: Module/Library "cstrike" required for plugin.  Check modules.ini.
L 09/29/2024 - 16:03:06: [testprecache.amxx] precaching file
L 09/29/2024 - 16:03:06: [testprecache.amxx] items/smallmedkit1.wav
L 09/29/2024 - 16:03:06: [testprecache.amxx] precaching file
L 09/29/2024 - 16:03:06: [testprecache.amxx] player/pl_wade1.wav
L 09/29/2024 - 16:03:06: [testprecache.amxx] precaching file
L 09/29/2024 - 16:03:06: [testprecache.amxx] player/pl_wade2.wav
L 09/29/2024 - 16:03:06: [testprecache.amxx] precaching file
L 09/29/2024 - 16:03:06: [testprecache.amxx] player/pl_wade2.wav
L 09/29/2024 - 16:03:06: [testprecache.amxx] precaching file
L 09/29/2024 - 16:03:06: [testprecache.amxx] player/pl_wade2.wav
L 09/29/2024 - 16:09:05: -------- Mapchange to c1a1 --------
L 09/29/2024 - 16:09:05: [AMXX] Plugin "amx_adminpush.amxx" failed to load: Module/Library "cstrike" required for plugin.  Check modules.ini.
L 09/29/2024 - 16:09:05: [testprecache.amxx] precaching file
L 09/29/2024 - 16:09:05: [testprecache.amxx] items/smallmedkit1.wav
L 09/29/2024 - 16:09:05: [testprecache.amxx] precaching file
L 09/29/2024 - 16:09:05: [testprecache.amxx] player/pl_wade1.wav
L 09/29/2024 - 16:09:05: [testprecache.amxx] precaching file
L 09/29/2024 - 16:09:05: [testprecache.amxx] player/pl_wade2.wav
L 09/29/2024 - 16:09:05: [testprecache.amxx] precaching file
L 09/29/2024 - 16:09:05: [testprecache.amxx] player/pl_wade2.wav
L 09/29/2024 - 16:09:05: [testprecache.amxx] precaching file
L 09/29/2024 - 16:09:05: [testprecache.amxx] player/pl_wade2.wav
L 09/29/2024 - 16:10:19: -------- Mapchange to c1a0 --------
L 09/29/2024 - 16:10:19: [AMXX] Plugin "amx_adminpush.amxx" failed to load: Module/Library "cstrike" required for plugin.  Check modules.ini.
L 09/29/2024 - 16:10:19: [testprecache.amxx] precaching file
L 09/29/2024 - 16:10:19: [testprecache.amxx] items/smallmedkit1.wav
L 09/29/2024 - 16:10:19: [testprecache.amxx] precaching file
L 09/29/2024 - 16:10:19: [testprecache.amxx] player/pl_wade1.wav
L 09/29/2024 - 16:10:19: [testprecache.amxx] precaching file
L 09/29/2024 - 16:10:19: [testprecache.amxx] player/pl_wade2.wav
L 09/29/2024 - 16:10:19: [testprecache.amxx] precaching file
L 09/29/2024 - 16:10:19: [testprecache.amxx] player/pl_wade2.wav
L 09/29/2024 - 16:10:19: [testprecache.amxx] precaching file
L 09/29/2024 - 16:10:19: [testprecache.amxx] player/pl_wade2.wav
L 09/29/2024 - 21:13:30: -------- Mapchange to c5a1 --------
L 09/29/2024 - 21:13:30: [AMXX] Plugin "amx_adminpush.amxx" failed to load: Module/Library "cstrike" required for plugin.  Check modules.ini.
L 09/29/2024 - 21:13:30: [testprecache.amxx] precaching file
L 09/29/2024 - 21:13:30: [testprecache.amxx] items/smallmedkit1.wav
L 09/29/2024 - 21:13:30: [testprecache.amxx] precaching file
L 09/29/2024 - 21:13:30: [testprecache.amxx] player/pl_wade1.wav
L 09/29/2024 - 21:13:30: [testprecache.amxx] precaching file
L 09/29/2024 - 21:13:30: [testprecache.amxx] player/pl_wade2.wav
L 09/29/2024 - 21:13:30: [testprecache.amxx] precaching file
L 09/29/2024 - 21:13:30: [testprecache.amxx] player/pl_wade2.wav
L 09/29/2024 - 21:13:30: [testprecache.amxx] precaching file
L 09/29/2024 - 21:13:30: [testprecache.amxx] player/pl_wade2.wav
L 09/29/2024 - 21:13:54: -------- Mapchange to c4a3 --------
L 09/29/2024 - 21:13:54: [AMXX] Plugin "amx_adminpush.amxx" failed to load: Module/Library "cstrike" required for plugin.  Check modules.ini.
L 09/29/2024 - 21:13:54: [testprecache.amxx] precaching file
L 09/29/2024 - 21:13:54: [testprecache.amxx] items/smallmedkit1.wav
L 09/29/2024 - 21:13:54: [testprecache.amxx] precaching file
L 09/29/2024 - 21:13:54: [testprecache.amxx] player/pl_wade1.wav
L 09/29/2024 - 21:13:54: [testprecache.amxx] precaching file
L 09/29/2024 - 21:13:54: [testprecache.amxx] player/pl_wade2.wav
L 09/29/2024 - 21:13:54: [testprecache.amxx] precaching file
L 09/29/2024 - 21:13:54: [testprecache.amxx] player/pl_wade2.wav
L 09/29/2024 - 21:13:54: [testprecache.amxx] precaching file
L 09/29/2024 - 21:13:54: [testprecache.amxx] player/pl_wade2.wav
L 09/29/2024 - 21:21:00: -------- Mapchange to crossfireXL --------
L 09/29/2024 - 21:21:00: [AMXX] Plugin "amx_adminpush.amxx" failed to load: Module/Library "cstrike" required for plugin.  Check modules.ini.
L 09/29/2024 - 21:21:00: [testprecache.amxx] precaching file
L 09/29/2024 - 21:21:00: [testprecache.amxx] items/smallmedkit1.wav
L 09/29/2024 - 21:21:00: [testprecache.amxx] precaching file
L 09/29/2024 - 21:21:00: [testprecache.amxx] player/pl_wade1.wav
L 09/29/2024 - 21:21:00: [testprecache.amxx] precaching file
L 09/29/2024 - 21:21:00: [testprecache.amxx] player/pl_wade2.wav
L 09/29/2024 - 21:21:00: [testprecache.amxx] precaching file
L 09/29/2024 - 21:21:00: [testprecache.amxx] player/pl_wade2.wav
L 09/29/2024 - 21:21:00: [testprecache.amxx] precaching file
L 09/29/2024 - 21:21:00: [testprecache.amxx] player/pl_wade2.wav
L 09/29/2024 - 21:38:28: -------- Mapchange to sandbox --------
L 09/29/2024 - 21:38:28: [AMXX] Module "valve/addons/amxmodx/modules/cstrike_amxx_i386.so" (version "1.8.2") reported that it cannot load on game "valve"
L 09/29/2024 - 21:38:28: Error:
L 09/29/2024 - 21:38:28: [AMXX] Module "valve/addons/amxmodx/modules/cstrike_amxx_i386.so" cannot load on game "valve"
L 09/29/2024 - 21:38:28: [AMXX] Plugin "amx_adminpush.amxx" failed to load: Module/Library "cstrike" required for plugin.  Check modules.ini.
L 09/29/2024 - 21:38:28: [testprecache.amxx] precaching file
L 09/29/2024 - 21:38:28: [testprecache.amxx] items/smallmedkit1.wav
L 09/29/2024 - 21:38:28: [testprecache.amxx] precaching file
L 09/29/2024 - 21:38:28: [testprecache.amxx] player/pl_wade1.wav
L 09/29/2024 - 21:38:28: [testprecache.amxx] precaching file
L 09/29/2024 - 21:38:28: [testprecache.amxx] player/pl_wade2.wav
L 09/29/2024 - 21:38:28: [testprecache.amxx] precaching file
L 09/29/2024 - 21:38:28: [testprecache.amxx] player/pl_wade2.wav
L 09/29/2024 - 21:38:28: [testprecache.amxx] precaching file
L 09/29/2024 - 21:38:28: [testprecache.amxx] player/pl_wade2.wav
L 09/29/2024 - 21:38:30: -------- Mapchange to crossfireXL --------
L 09/29/2024 - 21:38:30: [AMXX] Plugin "amx_adminpush.amxx" failed to load: Module/Library "cstrike" required for plugin.  Check modules.ini.
L 09/29/2024 - 21:38:30: [testprecache.amxx] precaching file
L 09/29/2024 - 21:38:30: [testprecache.amxx] items/smallmedkit1.wav
L 09/29/2024 - 21:38:30: [testprecache.amxx] precaching file
L 09/29/2024 - 21:38:30: [testprecache.amxx] player/pl_wade1.wav
L 09/29/2024 - 21:38:30: [testprecache.amxx] precaching file
L 09/29/2024 - 21:38:30: [testprecache.amxx] player/pl_wade2.wav
L 09/29/2024 - 21:38:30: [testprecache.amxx] precaching file
L 09/29/2024 - 21:38:30: [testprecache.amxx] player/pl_wade2.wav
L 09/29/2024 - 21:38:30: [testprecache.amxx] precaching file
L 09/29/2024 - 21:38:30: [testprecache.amxx] player/pl_wade2.wav
L 09/29/2024 - 21:39:17: -------- Mapchange to sandbox --------
L 09/29/2024 - 21:39:17: [AMXX] Module "valve/addons/amxmodx/modules/cstrike_amxx_i386.so" (version "1.8.2") reported that it cannot load on game "valve"
L 09/29/2024 - 21:39:17: Error:
L 09/29/2024 - 21:39:17: [AMXX] Module "valve/addons/amxmodx/modules/cstrike_amxx_i386.so" cannot load on game "valve"
L 09/29/2024 - 21:39:17: [AMXX] Plugin "amx_adminpush.amxx" failed to load: Module/Library "cstrike" required for plugin.  Check modules.ini.
L 09/29/2024 - 21:39:17: [testprecache.amxx] precaching file
L 09/29/2024 - 21:39:17: [testprecache.amxx] items/smallmedkit1.wav
L 09/29/2024 - 21:39:17: [testprecache.amxx] precaching file
L 09/29/2024 - 21:39:17: [testprecache.amxx] player/pl_wade1.wav
L 09/29/2024 - 21:39:17: [testprecache.amxx] precaching file
L 09/29/2024 - 21:39:17: [testprecache.amxx] player/pl_wade2.wav
L 09/29/2024 - 21:39:17: [testprecache.amxx] precaching file
L 09/29/2024 - 21:39:17: [testprecache.amxx] player/pl_wade2.wav
L 09/29/2024 - 21:39:17: [testprecache.amxx] precaching file
L 09/29/2024 - 21:39:17: [testprecache.amxx] player/pl_wade2.wav
L 09/29/2024 - 21:39:19: -------- Mapchange to crossfireXL --------
L 09/29/2024 - 21:39:19: [AMXX] Plugin "amx_adminpush.amxx" failed to load: Module/Library "cstrike" required for plugin.  Check modules.ini.
L 09/29/2024 - 21:39:19: [testprecache.amxx] precaching file
L 09/29/2024 - 21:39:19: [testprecache.amxx] items/smallmedkit1.wav
L 09/29/2024 - 21:39:19: [testprecache.amxx] precaching file
L 09/29/2024 - 21:39:19: [testprecache.amxx] player/pl_wade1.wav
L 09/29/2024 - 21:39:19: [testprecache.amxx] precaching file
L 09/29/2024 - 21:39:19: [testprecache.amxx] player/pl_wade2.wav
L 09/29/2024 - 21:39:19: [testprecache.amxx] precaching file
L 09/29/2024 - 21:39:19: [testprecache.amxx] player/pl_wade2.wav
L 09/29/2024 - 21:39:19: [testprecache.amxx] precaching file
L 09/29/2024 - 21:39:19: [testprecache.amxx] player/pl_wade2.wav
L 09/29/2024 - 21:39:39: -------- Mapchange to d1_trainstation_01 --------
L 09/29/2024 - 21:39:39: [AMXX] Plugin "amx_adminpush.amxx" failed to load: Module/Library "cstrike" required for plugin.  Check modules.ini.
L 09/29/2024 - 21:39:39: [testprecache.amxx] precaching file
L 09/29/2024 - 21:39:39: [testprecache.amxx] items/smallmedkit1.wav
L 09/29/2024 - 21:39:39: [testprecache.amxx] precaching file
L 09/29/2024 - 21:39:39: [testprecache.amxx] player/pl_wade1.wav
L 09/29/2024 - 21:39:39: [testprecache.amxx] precaching file
L 09/29/2024 - 21:39:39: [testprecache.amxx] player/pl_wade2.wav
L 09/29/2024 - 21:39:39: [testprecache.amxx] precaching file
L 09/29/2024 - 21:39:39: [testprecache.amxx] player/pl_wade2.wav
L 09/29/2024 - 21:39:39: [testprecache.amxx] precaching file
L 09/29/2024 - 21:39:39: [testprecache.amxx] player/pl_wade2.wav
L 09/29/2024 - 21:40:43: -------- Mapchange to sandbox --------
L 09/29/2024 - 21:40:43: [AMXX] Module "valve/addons/amxmodx/modules/cstrike_amxx_i386.so" (version "1.8.2") reported that it cannot load on game "valve"
L 09/29/2024 - 21:40:43: Error:
L 09/29/2024 - 21:40:43: [AMXX] Module "valve/addons/amxmodx/modules/cstrike_amxx_i386.so" cannot load on game "valve"
L 09/29/2024 - 21:40:43: [AMXX] Plugin "amx_adminpush.amxx" failed to load: Module/Library "cstrike" required for plugin.  Check modules.ini.
L 09/29/2024 - 21:40:43: [testprecache.amxx] precaching file
L 09/29/2024 - 21:40:43: [testprecache.amxx] items/smallmedkit1.wav
L 09/29/2024 - 21:40:43: [testprecache.amxx] precaching file
L 09/29/2024 - 21:40:43: [testprecache.amxx] player/pl_wade1.wav
L 09/29/2024 - 21:40:43: [testprecache.amxx] precaching file
L 09/29/2024 - 21:40:43: [testprecache.amxx] player/pl_wade2.wav
L 09/29/2024 - 21:40:43: [testprecache.amxx] precaching file
L 09/29/2024 - 21:40:43: [testprecache.amxx] player/pl_wade2.wav
L 09/29/2024 - 21:40:43: [testprecache.amxx] precaching file
L 09/29/2024 - 21:40:43: [testprecache.amxx] player/pl_wade2.wav
L 09/29/2024 - 21:40:45: -------- Mapchange to d1_trainstation_01 --------
L 09/29/2024 - 21:40:45: [AMXX] Plugin "amx_adminpush.amxx" failed to load: Module/Library "cstrike" required for plugin.  Check modules.ini.
L 09/29/2024 - 21:40:45: [testprecache.amxx] precaching file
L 09/29/2024 - 21:40:45: [testprecache.amxx] items/smallmedkit1.wav
L 09/29/2024 - 21:40:45: [testprecache.amxx] precaching file
L 09/29/2024 - 21:40:45: [testprecache.amxx] player/pl_wade1.wav
L 09/29/2024 - 21:40:45: [testprecache.amxx] precaching file
L 09/29/2024 - 21:40:45: [testprecache.amxx] player/pl_wade2.wav
L 09/29/2024 - 21:40:45: [testprecache.amxx] precaching file
L 09/29/2024 - 21:40:45: [testprecache.amxx] player/pl_wade2.wav
L 09/29/2024 - 21:40:45: [testprecache.amxx] precaching file
L 09/29/2024 - 21:40:45: [testprecache.amxx] player/pl_wade2.wav
L 09/29/2024 - 21:41:00: -------- Mapchange to sandbox --------
L 09/29/2024 - 21:41:00: [AMXX] Module "valve/addons/amxmodx/modules/cstrike_amxx_i386.so" (version "1.8.2") reported that it cannot load on game "valve"
L 09/29/2024 - 21:41:00: Error:
L 09/29/2024 - 21:41:00: [AMXX] Module "valve/addons/amxmodx/modules/cstrike_amxx_i386.so" cannot load on game "valve"
L 09/29/2024 - 21:41:00: [AMXX] Plugin "amx_adminpush.amxx" failed to load: Module/Library "cstrike" required for plugin.  Check modules.ini.
L 09/29/2024 - 21:41:00: [testprecache.amxx] precaching file
L 09/29/2024 - 21:41:00: [testprecache.amxx] items/smallmedkit1.wav
L 09/29/2024 - 21:41:00: [testprecache.amxx] precaching file
L 09/29/2024 - 21:41:00: [testprecache.amxx] player/pl_wade1.wav
L 09/29/2024 - 21:41:00: [testprecache.amxx] precaching file
L 09/29/2024 - 21:41:00: [testprecache.amxx] player/pl_wade2.wav
L 09/29/2024 - 21:41:00: [testprecache.amxx] precaching file
L 09/29/2024 - 21:41:00: [testprecache.amxx] player/pl_wade2.wav
L 09/29/2024 - 21:41:00: [testprecache.amxx] precaching file
L 09/29/2024 - 21:41:00: [testprecache.amxx] player/pl_wade2.wav
L 09/29/2024 - 21:41:02: -------- Mapchange to d1_trainstation_01 --------
L 09/29/2024 - 21:41:02: [AMXX] Plugin "amx_adminpush.amxx" failed to load: Module/Library "cstrike" required for plugin.  Check modules.ini.
L 09/29/2024 - 21:41:02: [testprecache.amxx] precaching file
L 09/29/2024 - 21:41:02: [testprecache.amxx] items/smallmedkit1.wav
L 09/29/2024 - 21:41:02: [testprecache.amxx] precaching file
L 09/29/2024 - 21:41:02: [testprecache.amxx] player/pl_wade1.wav
L 09/29/2024 - 21:41:02: [testprecache.amxx] precaching file
L 09/29/2024 - 21:41:02: [testprecache.amxx] player/pl_wade2.wav
L 09/29/2024 - 21:41:02: [testprecache.amxx] precaching file
L 09/29/2024 - 21:41:02: [testprecache.amxx] player/pl_wade2.wav
L 09/29/2024 - 21:41:02: [testprecache.amxx] precaching file
L 09/29/2024 - 21:41:02: [testprecache.amxx] player/pl_wade2.wav
L 09/29/2024 - 21:42:12: -------- Mapchange to d1_trainstation_02 --------
L 09/29/2024 - 21:42:12: [AMXX] Plugin "amx_adminpush.amxx" failed to load: Module/Library "cstrike" required for plugin.  Check modules.ini.
L 09/29/2024 - 21:42:12: [testprecache.amxx] precaching file
L 09/29/2024 - 21:42:12: [testprecache.amxx] items/smallmedkit1.wav
L 09/29/2024 - 21:42:12: [testprecache.amxx] precaching file
L 09/29/2024 - 21:42:12: [testprecache.amxx] player/pl_wade1.wav
L 09/29/2024 - 21:42:12: [testprecache.amxx] precaching file
L 09/29/2024 - 21:42:12: [testprecache.amxx] player/pl_wade2.wav
L 09/29/2024 - 21:42:12: [testprecache.amxx] precaching file
L 09/29/2024 - 21:42:12: [testprecache.amxx] player/pl_wade2.wav
L 09/29/2024 - 21:42:12: [testprecache.amxx] precaching file
L 09/29/2024 - 21:42:12: [testprecache.amxx] player/pl_wade2.wav
L 09/29/2024 - 21:45:13: -------- Mapchange to d1_trainstation_01 --------
L 09/29/2024 - 21:45:13: [AMXX] Plugin "amx_adminpush.amxx" failed to load: Module/Library "cstrike" required for plugin.  Check modules.ini.
L 09/29/2024 - 21:45:13: [testprecache.amxx] precaching file
L 09/29/2024 - 21:45:13: [testprecache.amxx] items/smallmedkit1.wav
L 09/29/2024 - 21:45:13: [testprecache.amxx] precaching file
L 09/29/2024 - 21:45:13: [testprecache.amxx] player/pl_wade1.wav
L 09/29/2024 - 21:45:13: [testprecache.amxx] precaching file
L 09/29/2024 - 21:45:13: [testprecache.amxx] player/pl_wade2.wav
L 09/29/2024 - 21:45:13: [testprecache.amxx] precaching file
L 09/29/2024 - 21:45:13: [testprecache.amxx] player/pl_wade2.wav
L 09/29/2024 - 21:45:13: [testprecache.amxx] precaching file
L 09/29/2024 - 21:45:13: [testprecache.amxx] player/pl_wade2.wav
L 09/29/2024 - 21:47:09: -------- Mapchange to d1_trainstation_03 --------
L 09/29/2024 - 21:47:09: [AMXX] Plugin "amx_adminpush.amxx" failed to load: Module/Library "cstrike" required for plugin.  Check modules.ini.
L 09/29/2024 - 21:47:09: [testprecache.amxx] precaching file
L 09/29/2024 - 21:47:09: [testprecache.amxx] items/smallmedkit1.wav
L 09/29/2024 - 21:47:09: [testprecache.amxx] precaching file
L 09/29/2024 - 21:47:09: [testprecache.amxx] player/pl_wade1.wav
L 09/29/2024 - 21:47:09: [testprecache.amxx] precaching file
L 09/29/2024 - 21:47:09: [testprecache.amxx] player/pl_wade2.wav
L 09/29/2024 - 21:47:09: [testprecache.amxx] precaching file
L 09/29/2024 - 21:47:09: [testprecache.amxx] player/pl_wade2.wav
L 09/29/2024 - 21:47:09: [testprecache.amxx] precaching file
L 09/29/2024 - 21:47:09: [testprecache.amxx] player/pl_wade2.wav
L 09/29/2024 - 21:47:44: -------- Mapchange to d1_trainstation_04 --------
L 09/29/2024 - 21:47:44: [AMXX] Plugin "amx_adminpush.amxx" failed to load: Module/Library "cstrike" required for plugin.  Check modules.ini.
L 09/29/2024 - 21:47:44: [testprecache.amxx] precaching file
L 09/29/2024 - 21:47:44: [testprecache.amxx] items/smallmedkit1.wav
L 09/29/2024 - 21:47:44: [testprecache.amxx] precaching file
L 09/29/2024 - 21:47:44: [testprecache.amxx] player/pl_wade1.wav
L 09/29/2024 - 21:47:44: [testprecache.amxx] precaching file
L 09/29/2024 - 21:47:44: [testprecache.amxx] player/pl_wade2.wav
L 09/29/2024 - 21:47:44: [testprecache.amxx] precaching file
L 09/29/2024 - 21:47:44: [testprecache.amxx] player/pl_wade2.wav
L 09/29/2024 - 21:47:44: [testprecache.amxx] precaching file
L 09/29/2024 - 21:47:44: [testprecache.amxx] player/pl_wade2.wav
L 09/29/2024 - 21:52:46: -------- Mapchange to sandbox --------
L 09/29/2024 - 21:52:46: [AMXX] Module "valve/addons/amxmodx/modules/cstrike_amxx_i386.so" (version "1.8.2") reported that it cannot load on game "valve"
L 09/29/2024 - 21:52:46: Error:
L 09/29/2024 - 21:52:46: [AMXX] Module "valve/addons/amxmodx/modules/cstrike_amxx_i386.so" cannot load on game "valve"
L 09/29/2024 - 21:52:46: [AMXX] Plugin "amx_adminpush.amxx" failed to load: Module/Library "cstrike" required for plugin.  Check modules.ini.
L 09/29/2024 - 21:52:46: [testprecache.amxx] precaching file
L 09/29/2024 - 21:52:46: [testprecache.amxx] items/smallmedkit1.wav
L 09/29/2024 - 21:52:46: [testprecache.amxx] precaching file
L 09/29/2024 - 21:52:46: [testprecache.amxx] player/pl_wade1.wav
L 09/29/2024 - 21:52:46: [testprecache.amxx] precaching file
L 09/29/2024 - 21:52:46: [testprecache.amxx] player/pl_wade2.wav
L 09/29/2024 - 21:52:46: [testprecache.amxx] precaching file
L 09/29/2024 - 21:52:46: [testprecache.amxx] player/pl_wade2.wav
L 09/29/2024 - 21:52:46: [testprecache.amxx] precaching file
L 09/29/2024 - 21:52:46: [testprecache.amxx] player/pl_wade2.wav
L 09/29/2024 - 21:52:48: -------- Mapchange to d1_trainstation_04 --------
L 09/29/2024 - 21:52:48: [AMXX] Plugin "amx_adminpush.amxx" failed to load: Module/Library "cstrike" required for plugin.  Check modules.ini.
L 09/29/2024 - 21:52:48: [testprecache.amxx] precaching file
L 09/29/2024 - 21:52:48: [testprecache.amxx] items/smallmedkit1.wav
L 09/29/2024 - 21:52:48: [testprecache.amxx] precaching file
L 09/29/2024 - 21:52:48: [testprecache.amxx] player/pl_wade1.wav
L 09/29/2024 - 21:52:48: [testprecache.amxx] precaching file
L 09/29/2024 - 21:52:48: [testprecache.amxx] player/pl_wade2.wav
L 09/29/2024 - 21:52:48: [testprecache.amxx] precaching file
L 09/29/2024 - 21:52:48: [testprecache.amxx] player/pl_wade2.wav
L 09/29/2024 - 21:52:48: [testprecache.amxx] precaching file
L 09/29/2024 - 21:52:48: [testprecache.amxx] player/pl_wade2.wav
L 09/29/2024 - 21:53:50: -------- Mapchange to d1_town_01 --------
L 09/29/2024 - 21:53:50: [AMXX] Plugin "amx_adminpush.amxx" failed to load: Module/Library "cstrike" required for plugin.  Check modules.ini.
L 09/29/2024 - 21:53:50: [testprecache.amxx] precaching file
L 09/29/2024 - 21:53:50: [testprecache.amxx] items/smallmedkit1.wav
L 09/29/2024 - 21:53:50: [testprecache.amxx] precaching file
L 09/29/2024 - 21:53:50: [testprecache.amxx] player/pl_wade1.wav
L 09/29/2024 - 21:53:50: [testprecache.amxx] precaching file
L 09/29/2024 - 21:53:50: [testprecache.amxx] player/pl_wade2.wav
L 09/29/2024 - 21:53:50: [testprecache.amxx] precaching file
L 09/29/2024 - 21:53:50: [testprecache.amxx] player/pl_wade2.wav
L 09/29/2024 - 21:53:50: [testprecache.amxx] precaching file
L 09/29/2024 - 21:53:50: [testprecache.amxx] player/pl_wade2.wav
L 09/29/2024 - 21:58:25: -------- Mapchange to d1_town_01a --------
L 09/29/2024 - 21:58:25: [AMXX] Plugin "amx_adminpush.amxx" failed to load: Module/Library "cstrike" required for plugin.  Check modules.ini.
L 09/29/2024 - 21:58:25: [testprecache.amxx] precaching file
L 09/29/2024 - 21:58:25: [testprecache.amxx] items/smallmedkit1.wav
L 09/29/2024 - 21:58:25: [testprecache.amxx] precaching file
L 09/29/2024 - 21:58:25: [testprecache.amxx] player/pl_wade1.wav
L 09/29/2024 - 21:58:25: [testprecache.amxx] precaching file
L 09/29/2024 - 21:58:25: [testprecache.amxx] player/pl_wade2.wav
L 09/29/2024 - 21:58:25: [testprecache.amxx] precaching file
L 09/29/2024 - 21:58:25: [testprecache.amxx] player/pl_wade2.wav
L 09/29/2024 - 21:58:25: [testprecache.amxx] precaching file
L 09/29/2024 - 21:58:25: [testprecache.amxx] player/pl_wade2.wav
L 09/29/2024 - 22:00:16: -------- Mapchange to d1_town_01 --------
L 09/29/2024 - 22:00:16: [AMXX] Plugin "amx_adminpush.amxx" failed to load: Module/Library "cstrike" required for plugin.  Check modules.ini.
L 09/29/2024 - 22:00:16: [testprecache.amxx] precaching file
L 09/29/2024 - 22:00:16: [testprecache.amxx] items/smallmedkit1.wav
L 09/29/2024 - 22:00:16: [testprecache.amxx] precaching file
L 09/29/2024 - 22:00:16: [testprecache.amxx] player/pl_wade1.wav
L 09/29/2024 - 22:00:16: [testprecache.amxx] precaching file
L 09/29/2024 - 22:00:16: [testprecache.amxx] player/pl_wade2.wav
L 09/29/2024 - 22:00:16: [testprecache.amxx] precaching file
L 09/29/2024 - 22:00:16: [testprecache.amxx] player/pl_wade2.wav
L 09/29/2024 - 22:00:16: [testprecache.amxx] precaching file
L 09/29/2024 - 22:00:16: [testprecache.amxx] player/pl_wade2.wav
L 09/29/2024 - 22:11:11: -------- Mapchange to d1_town_01a --------
L 09/29/2024 - 22:11:11: [AMXX] Plugin "amx_adminpush.amxx" failed to load: Module/Library "cstrike" required for plugin.  Check modules.ini.
L 09/29/2024 - 22:11:11: [testprecache.amxx] precaching file
L 09/29/2024 - 22:11:11: [testprecache.amxx] items/smallmedkit1.wav
L 09/29/2024 - 22:11:11: [testprecache.amxx] precaching file
L 09/29/2024 - 22:11:11: [testprecache.amxx] player/pl_wade1.wav
L 09/29/2024 - 22:11:11: [testprecache.amxx] precaching file
L 09/29/2024 - 22:11:11: [testprecache.amxx] player/pl_wade2.wav
L 09/29/2024 - 22:11:11: [testprecache.amxx] precaching file
L 09/29/2024 - 22:11:11: [testprecache.amxx] player/pl_wade2.wav
L 09/29/2024 - 22:11:11: [testprecache.amxx] precaching file
L 09/29/2024 - 22:11:11: [testprecache.amxx] player/pl_wade2.wav
L 09/29/2024 - 22:13:39: -------- Mapchange to d1_town_02 --------
L 09/29/2024 - 22:13:39: [AMXX] Plugin "amx_adminpush.amxx" failed to load: Module/Library "cstrike" required for plugin.  Check modules.ini.
L 09/29/2024 - 22:13:39: [testprecache.amxx] precaching file
L 09/29/2024 - 22:13:39: [testprecache.amxx] items/smallmedkit1.wav
L 09/29/2024 - 22:13:39: [testprecache.amxx] precaching file
L 09/29/2024 - 22:13:39: [testprecache.amxx] player/pl_wade1.wav
L 09/29/2024 - 22:13:39: [testprecache.amxx] precaching file
L 09/29/2024 - 22:13:39: [testprecache.amxx] player/pl_wade2.wav
L 09/29/2024 - 22:13:39: [testprecache.amxx] precaching file
L 09/29/2024 - 22:13:39: [testprecache.amxx] player/pl_wade2.wav
L 09/29/2024 - 22:13:39: [testprecache.amxx] precaching file
L 09/29/2024 - 22:13:39: [testprecache.amxx] player/pl_wade2.wav
L 09/29/2024 - 22:15:38: -------- Mapchange to d1_town_02a --------
L 09/29/2024 - 22:15:38: [AMXX] Plugin "amx_adminpush.amxx" failed to load: Module/Library "cstrike" required for plugin.  Check modules.ini.
L 09/29/2024 - 22:15:38: [testprecache.amxx] precaching file
L 09/29/2024 - 22:15:38: [testprecache.amxx] items/smallmedkit1.wav
L 09/29/2024 - 22:15:38: [testprecache.amxx] precaching file
L 09/29/2024 - 22:15:38: [testprecache.amxx] player/pl_wade1.wav
L 09/29/2024 - 22:15:38: [testprecache.amxx] precaching file
L 09/29/2024 - 22:15:38: [testprecache.amxx] player/pl_wade2.wav
L 09/29/2024 - 22:15:38: [testprecache.amxx] precaching file
L 09/29/2024 - 22:15:38: [testprecache.amxx] player/pl_wade2.wav
L 09/29/2024 - 22:15:38: [testprecache.amxx] precaching file
L 09/29/2024 - 22:15:38: [testprecache.amxx] player/pl_wade2.wav
L 09/29/2024 - 22:17:38: -------- Mapchange to d1_town_03 --------
L 09/29/2024 - 22:17:38: [AMXX] Plugin "amx_adminpush.amxx" failed to load: Module/Library "cstrike" required for plugin.  Check modules.ini.
L 09/29/2024 - 22:17:38: [testprecache.amxx] precaching file
L 09/29/2024 - 22:17:38: [testprecache.amxx] items/smallmedkit1.wav
L 09/29/2024 - 22:17:38: [testprecache.amxx] precaching file
L 09/29/2024 - 22:17:38: [testprecache.amxx] player/pl_wade1.wav
L 09/29/2024 - 22:17:38: [testprecache.amxx] precaching file
L 09/29/2024 - 22:17:38: [testprecache.amxx] player/pl_wade2.wav
L 09/29/2024 - 22:17:38: [testprecache.amxx] precaching file
L 09/29/2024 - 22:17:38: [testprecache.amxx] player/pl_wade2.wav
L 09/29/2024 - 22:17:38: [testprecache.amxx] precaching file
L 09/29/2024 - 22:17:38: [testprecache.amxx] player/pl_wade2.wav
L 09/29/2024 - 22:19:28: -------- Mapchange to d1_town_04 --------
L 09/29/2024 - 22:19:29: [AMXX] Plugin "amx_adminpush.amxx" failed to load: Module/Library "cstrike" required for plugin.  Check modules.ini.
L 09/29/2024 - 22:19:29: [testprecache.amxx] precaching file
L 09/29/2024 - 22:19:29: [testprecache.amxx] items/smallmedkit1.wav
L 09/29/2024 - 22:19:29: [testprecache.amxx] precaching file
L 09/29/2024 - 22:19:29: [testprecache.amxx] player/pl_wade1.wav
L 09/29/2024 - 22:19:29: [testprecache.amxx] precaching file
L 09/29/2024 - 22:19:29: [testprecache.amxx] player/pl_wade2.wav
L 09/29/2024 - 22:19:29: [testprecache.amxx] precaching file
L 09/29/2024 - 22:19:29: [testprecache.amxx] player/pl_wade2.wav
L 09/29/2024 - 22:19:29: [testprecache.amxx] precaching file
L 09/29/2024 - 22:19:29: [testprecache.amxx] player/pl_wade2.wav
L 09/29/2024 - 22:22:27: -------- Mapchange to sandbox --------
L 09/29/2024 - 22:22:27: [AMXX] Module "valve/addons/amxmodx/modules/cstrike_amxx_i386.so" (version "1.8.2") reported that it cannot load on game "valve"
L 09/29/2024 - 22:22:27: Error:
L 09/29/2024 - 22:22:27: [AMXX] Module "valve/addons/amxmodx/modules/cstrike_amxx_i386.so" cannot load on game "valve"
L 09/29/2024 - 22:22:27: [AMXX] Plugin "amx_adminpush.amxx" failed to load: Module/Library "cstrike" required for plugin.  Check modules.ini.
L 09/29/2024 - 22:22:27: [testprecache.amxx] precaching file
L 09/29/2024 - 22:22:27: [testprecache.amxx] items/smallmedkit1.wav
L 09/29/2024 - 22:22:27: [testprecache.amxx] precaching file
L 09/29/2024 - 22:22:27: [testprecache.amxx] player/pl_wade1.wav
L 09/29/2024 - 22:22:27: [testprecache.amxx] precaching file
L 09/29/2024 - 22:22:27: [testprecache.amxx] player/pl_wade2.wav
L 09/29/2024 - 22:22:27: [testprecache.amxx] precaching file
L 09/29/2024 - 22:22:27: [testprecache.amxx] player/pl_wade2.wav
L 09/29/2024 - 22:22:27: [testprecache.amxx] precaching file
L 09/29/2024 - 22:22:27: [testprecache.amxx] player/pl_wade2.wav
L 09/29/2024 - 22:22:29: -------- Mapchange to d1_town_04 --------
L 09/29/2024 - 22:22:29: [AMXX] Plugin "amx_adminpush.amxx" failed to load: Module/Library "cstrike" required for plugin.  Check modules.ini.
L 09/29/2024 - 22:22:29: [testprecache.amxx] precaching file
L 09/29/2024 - 22:22:29: [testprecache.amxx] items/smallmedkit1.wav
L 09/29/2024 - 22:22:29: [testprecache.amxx] precaching file
L 09/29/2024 - 22:22:29: [testprecache.amxx] player/pl_wade1.wav
L 09/29/2024 - 22:22:29: [testprecache.amxx] precaching file
L 09/29/2024 - 22:22:29: [testprecache.amxx] player/pl_wade2.wav
L 09/29/2024 - 22:22:29: [testprecache.amxx] precaching file
L 09/29/2024 - 22:22:29: [testprecache.amxx] player/pl_wade2.wav
L 09/29/2024 - 22:22:29: [testprecache.amxx] precaching file
L 09/29/2024 - 22:22:29: [testprecache.amxx] player/pl_wade2.wav
L 09/29/2024 - 23:12:58: -------- Mapchange to crossfireXL --------
L 09/29/2024 - 23:12:58: [AMXX] Plugin "amx_adminpush.amxx" failed to load: Module/Library "cstrike" required for plugin.  Check modules.ini.
L 09/29/2024 - 23:12:58: [testprecache.amxx] precaching file
L 09/29/2024 - 23:12:58: [testprecache.amxx] items/smallmedkit1.wav
L 09/29/2024 - 23:12:58: [testprecache.amxx] precaching file
L 09/29/2024 - 23:12:58: [testprecache.amxx] player/pl_wade1.wav
L 09/29/2024 - 23:12:58: [testprecache.amxx] precaching file
L 09/29/2024 - 23:12:58: [testprecache.amxx] player/pl_wade2.wav
L 09/29/2024 - 23:12:58: [testprecache.amxx] precaching file
L 09/29/2024 - 23:12:58: [testprecache.amxx] player/pl_wade2.wav
L 09/29/2024 - 23:12:58: [testprecache.amxx] precaching file
L 09/29/2024 - 23:12:58: [testprecache.amxx] player/pl_wade2.wav
L 09/29/2024 - 23:13:10: -------- Mapchange to d1_town_01 --------
L 09/29/2024 - 23:13:10: [AMXX] Plugin "amx_adminpush.amxx" failed to load: Module/Library "cstrike" required for plugin.  Check modules.ini.
L 09/29/2024 - 23:13:10: [testprecache.amxx] precaching file
L 09/29/2024 - 23:13:10: [testprecache.amxx] items/smallmedkit1.wav
L 09/29/2024 - 23:13:10: [testprecache.amxx] precaching file
L 09/29/2024 - 23:13:10: [testprecache.amxx] player/pl_wade1.wav
L 09/29/2024 - 23:13:10: [testprecache.amxx] precaching file
L 09/29/2024 - 23:13:10: [testprecache.amxx] player/pl_wade2.wav
L 09/29/2024 - 23:13:10: [testprecache.amxx] precaching file
L 09/29/2024 - 23:13:10: [testprecache.amxx] player/pl_wade2.wav
L 09/29/2024 - 23:13:10: [testprecache.amxx] precaching file
L 09/29/2024 - 23:13:10: [testprecache.amxx] player/pl_wade2.wav
L 09/29/2024 - 23:13:19: -------- Mapchange to d1_trainstation_02 --------
L 09/29/2024 - 23:13:19: [AMXX] Plugin "amx_adminpush.amxx" failed to load: Module/Library "cstrike" required for plugin.  Check modules.ini.
L 09/29/2024 - 23:13:19: [testprecache.amxx] precaching file
L 09/29/2024 - 23:13:19: [testprecache.amxx] items/smallmedkit1.wav
L 09/29/2024 - 23:13:19: [testprecache.amxx] precaching file
L 09/29/2024 - 23:13:19: [testprecache.amxx] player/pl_wade1.wav
L 09/29/2024 - 23:13:19: [testprecache.amxx] precaching file
L 09/29/2024 - 23:13:19: [testprecache.amxx] player/pl_wade2.wav
L 09/29/2024 - 23:13:19: [testprecache.amxx] precaching file
L 09/29/2024 - 23:13:19: [testprecache.amxx] player/pl_wade2.wav
L 09/29/2024 - 23:13:19: [testprecache.amxx] precaching file
L 09/29/2024 - 23:13:19: [testprecache.amxx] player/pl_wade2.wav
L 09/29/2024 - 23:16:09: -------- Mapchange to d1_trainstation_03 --------
L 09/29/2024 - 23:16:09: [AMXX] Plugin "amx_adminpush.amxx" failed to load: Module/Library "cstrike" required for plugin.  Check modules.ini.
L 09/29/2024 - 23:16:09: [testprecache.amxx] precaching file
L 09/29/2024 - 23:16:09: [testprecache.amxx] items/smallmedkit1.wav
L 09/29/2024 - 23:16:09: [testprecache.amxx] precaching file
L 09/29/2024 - 23:16:09: [testprecache.amxx] player/pl_wade1.wav
L 09/29/2024 - 23:16:09: [testprecache.amxx] precaching file
L 09/29/2024 - 23:16:09: [testprecache.amxx] player/pl_wade2.wav
L 09/29/2024 - 23:16:09: [testprecache.amxx] precaching file
L 09/29/2024 - 23:16:09: [testprecache.amxx] player/pl_wade2.wav
L 09/29/2024 - 23:16:09: [testprecache.amxx] precaching file
L 09/29/2024 - 23:16:09: [testprecache.amxx] player/pl_wade2.wav
L 09/29/2024 - 23:18:31: -------- Mapchange to d1_trainstation_04 --------
L 09/29/2024 - 23:18:31: [AMXX] Plugin "amx_adminpush.amxx" failed to load: Module/Library "cstrike" required for plugin.  Check modules.ini.
L 09/29/2024 - 23:18:31: [testprecache.amxx] precaching file
L 09/29/2024 - 23:18:31: [testprecache.amxx] items/smallmedkit1.wav
L 09/29/2024 - 23:18:31: [testprecache.amxx] precaching file
L 09/29/2024 - 23:18:31: [testprecache.amxx] player/pl_wade1.wav
L 09/29/2024 - 23:18:31: [testprecache.amxx] precaching file
L 09/29/2024 - 23:18:31: [testprecache.amxx] player/pl_wade2.wav
L 09/29/2024 - 23:18:31: [testprecache.amxx] precaching file
L 09/29/2024 - 23:18:31: [testprecache.amxx] player/pl_wade2.wav
L 09/29/2024 - 23:18:31: [testprecache.amxx] precaching file
L 09/29/2024 - 23:18:31: [testprecache.amxx] player/pl_wade2.wav
L 09/29/2024 - 23:20:10: -------- Mapchange to d1_trainstation_02 --------
L 09/29/2024 - 23:20:11: [AMXX] Plugin "amx_adminpush.amxx" failed to load: Module/Library "cstrike" required for plugin.  Check modules.ini.
L 09/29/2024 - 23:20:11: [testprecache.amxx] precaching file
L 09/29/2024 - 23:20:11: [testprecache.amxx] items/smallmedkit1.wav
L 09/29/2024 - 23:20:11: [testprecache.amxx] precaching file
L 09/29/2024 - 23:20:11: [testprecache.amxx] player/pl_wade1.wav
L 09/29/2024 - 23:20:11: [testprecache.amxx] precaching file
L 09/29/2024 - 23:20:11: [testprecache.amxx] player/pl_wade2.wav
L 09/29/2024 - 23:20:11: [testprecache.amxx] precaching file
L 09/29/2024 - 23:20:11: [testprecache.amxx] player/pl_wade2.wav
L 09/29/2024 - 23:20:11: [testprecache.amxx] precaching file
L 09/29/2024 - 23:20:11: [testprecache.amxx] player/pl_wade2.wav
L 09/29/2024 - 23:20:38: -------- Mapchange to d1_town_01 --------
L 09/29/2024 - 23:20:38: [AMXX] Plugin "amx_adminpush.amxx" failed to load: Module/Library "cstrike" required for plugin.  Check modules.ini.
L 09/29/2024 - 23:20:38: [testprecache.amxx] precaching file
L 09/29/2024 - 23:20:38: [testprecache.amxx] items/smallmedkit1.wav
L 09/29/2024 - 23:20:38: [testprecache.amxx] precaching file
L 09/29/2024 - 23:20:38: [testprecache.amxx] player/pl_wade1.wav
L 09/29/2024 - 23:20:38: [testprecache.amxx] precaching file
L 09/29/2024 - 23:20:38: [testprecache.amxx] player/pl_wade2.wav
L 09/29/2024 - 23:20:38: [testprecache.amxx] precaching file
L 09/29/2024 - 23:20:38: [testprecache.amxx] player/pl_wade2.wav
L 09/29/2024 - 23:20:38: [testprecache.amxx] precaching file
L 09/29/2024 - 23:20:38: [testprecache.amxx] player/pl_wade2.wav
