L 12/19/2024 - 02:09:56: -------- Mapchange to sandbox --------
L 12/19/2024 - 02:09:56: [testprecache.amxx] precaching file
L 12/19/2024 - 02:09:56: [testprecache.amxx] items/smallmedkit1.wav
L 12/19/2024 - 02:09:56: [testprecache.amxx] precaching file
L 12/19/2024 - 02:09:56: [testprecache.amxx] player/pl_wade1.wav
L 12/19/2024 - 02:09:56: [testprecache.amxx] precaching file
L 12/19/2024 - 02:09:56: [testprecache.amxx] player/pl_wade2.wav
L 12/19/2024 - 02:09:56: [testprecache.amxx] precaching file
L 12/19/2024 - 02:09:56: [testprecache.amxx] hlcoop/shockroach/shock_idle3.wav
L 12/19/2024 - 02:09:56: [testprecache.amxx] precaching file
L 12/19/2024 - 02:09:56: [testprecache.amxx] hlcoop/shockroach/shock_idle2.wav
L 12/19/2024 - 02:09:56: [testprecache.amxx] precaching file
L 12/19/2024 - 02:09:56: [testprecache.amxx] /hl2/cscanner/scanner_scan_loop2.wav
L 12/19/2024 - 02:09:56: [testprecache.amxx] precaching file
L 12/19/2024 - 02:09:56: [testprecache.amxx] /hl2/cscanner/scanner_photo1.wav
L 12/19/2024 - 02:09:56: [testprecache.amxx] precaching file
L 12/19/2024 - 02:09:56: [testprecache.amxx] /hl2/cscanner/scanner_blip1.wav
L 12/19/2024 - 02:09:56: [testprecache.amxx] precaching file
L 12/19/2024 - 02:09:56: [testprecache.amxx] /hl2/cscanner/scanner_blip1.wav
L 12/19/2024 - 02:09:58: -------- Mapchange to sc_test --------
L 12/19/2024 - 02:09:58: [testprecache.amxx] precaching file
L 12/19/2024 - 02:09:58: [testprecache.amxx] items/smallmedkit1.wav
L 12/19/2024 - 02:09:58: [testprecache.amxx] precaching file
L 12/19/2024 - 02:09:58: [testprecache.amxx] player/pl_wade1.wav
L 12/19/2024 - 02:09:58: [testprecache.amxx] precaching file
L 12/19/2024 - 02:09:58: [testprecache.amxx] player/pl_wade2.wav
L 12/19/2024 - 02:09:58: [testprecache.amxx] precaching file
L 12/19/2024 - 02:09:58: [testprecache.amxx] hlcoop/shockroach/shock_idle3.wav
L 12/19/2024 - 02:09:58: [testprecache.amxx] precaching file
L 12/19/2024 - 02:09:58: [testprecache.amxx] hlcoop/shockroach/shock_idle2.wav
L 12/19/2024 - 02:09:58: [testprecache.amxx] precaching file
L 12/19/2024 - 02:09:58: [testprecache.amxx] /hl2/cscanner/scanner_scan_loop2.wav
L 12/19/2024 - 02:09:58: [testprecache.amxx] precaching file
L 12/19/2024 - 02:09:58: [testprecache.amxx] /hl2/cscanner/scanner_photo1.wav
L 12/19/2024 - 02:09:58: [testprecache.amxx] precaching file
L 12/19/2024 - 02:09:58: [testprecache.amxx] /hl2/cscanner/scanner_blip1.wav
L 12/19/2024 - 02:09:58: [testprecache.amxx] precaching file
L 12/19/2024 - 02:09:58: [testprecache.amxx] /hl2/cscanner/scanner_blip1.wav
L 12/19/2024 - 19:45:09: -------- Mapchange to sandbox --------
L 12/19/2024 - 19:45:09: [testprecache.amxx] precaching file
L 12/19/2024 - 19:45:09: [testprecache.amxx] items/smallmedkit1.wav
L 12/19/2024 - 19:45:09: [testprecache.amxx] precaching file
L 12/19/2024 - 19:45:09: [testprecache.amxx] player/pl_wade1.wav
L 12/19/2024 - 19:45:09: [testprecache.amxx] precaching file
L 12/19/2024 - 19:45:09: [testprecache.amxx] player/pl_wade2.wav
L 12/19/2024 - 19:45:09: [testprecache.amxx] precaching file
L 12/19/2024 - 19:45:09: [testprecache.amxx] hlcoop/shockroach/shock_idle3.wav
L 12/19/2024 - 19:45:09: [testprecache.amxx] precaching file
L 12/19/2024 - 19:45:09: [testprecache.amxx] hlcoop/shockroach/shock_idle2.wav
L 12/19/2024 - 19:45:09: [testprecache.amxx] precaching file
L 12/19/2024 - 19:45:09: [testprecache.amxx] /hl2/cscanner/scanner_scan_loop2.wav
L 12/19/2024 - 19:45:09: [testprecache.amxx] precaching file
L 12/19/2024 - 19:45:09: [testprecache.amxx] /hl2/cscanner/scanner_photo1.wav
L 12/19/2024 - 19:45:09: [testprecache.amxx] precaching file
L 12/19/2024 - 19:45:09: [testprecache.amxx] /hl2/cscanner/scanner_blip1.wav
L 12/19/2024 - 19:45:09: [testprecache.amxx] precaching file
L 12/19/2024 - 19:45:09: [testprecache.amxx] /hl2/cscanner/scanner_blip1.wav
L 12/19/2024 - 19:45:11: -------- Mapchange to sc_test --------
L 12/19/2024 - 19:45:11: [testprecache.amxx] precaching file
L 12/19/2024 - 19:45:11: [testprecache.amxx] items/smallmedkit1.wav
L 12/19/2024 - 19:45:11: [testprecache.amxx] precaching file
L 12/19/2024 - 19:45:11: [testprecache.amxx] player/pl_wade1.wav
L 12/19/2024 - 19:45:11: [testprecache.amxx] precaching file
L 12/19/2024 - 19:45:11: [testprecache.amxx] player/pl_wade2.wav
L 12/19/2024 - 19:45:11: [testprecache.amxx] precaching file
L 12/19/2024 - 19:45:11: [testprecache.amxx] hlcoop/shockroach/shock_idle3.wav
L 12/19/2024 - 19:45:11: [testprecache.amxx] precaching file
L 12/19/2024 - 19:45:11: [testprecache.amxx] hlcoop/shockroach/shock_idle2.wav
L 12/19/2024 - 19:45:11: [testprecache.amxx] precaching file
L 12/19/2024 - 19:45:11: [testprecache.amxx] /hl2/cscanner/scanner_scan_loop2.wav
L 12/19/2024 - 19:45:11: [testprecache.amxx] precaching file
L 12/19/2024 - 19:45:11: [testprecache.amxx] /hl2/cscanner/scanner_photo1.wav
L 12/19/2024 - 19:45:11: [testprecache.amxx] precaching file
L 12/19/2024 - 19:45:11: [testprecache.amxx] /hl2/cscanner/scanner_blip1.wav
L 12/19/2024 - 19:45:11: [testprecache.amxx] precaching file
L 12/19/2024 - 19:45:11: [testprecache.amxx] /hl2/cscanner/scanner_blip1.wav
