L 02/24/2025 - 16:05:20: -------- Mapchange to sandbox --------
L 02/24/2025 - 16:05:20: [testprecache.amxx] precaching file
L 02/24/2025 - 16:05:20: [testprecache.amxx] items/smallmedkit1.wav
L 02/24/2025 - 16:05:20: [testprecache.amxx] precaching file
L 02/24/2025 - 16:05:20: [testprecache.amxx] player/pl_wade1.wav
L 02/24/2025 - 16:05:20: [testprecache.amxx] precaching file
L 02/24/2025 - 16:05:20: [testprecache.amxx] player/pl_wade2.wav
L 02/24/2025 - 16:05:20: [testprecache.amxx] precaching file
L 02/24/2025 - 16:05:20: [testprecache.amxx] hlcoop/shockroach/shock_idle3.wav
L 02/24/2025 - 16:05:20: [testprecache.amxx] precaching file
L 02/24/2025 - 16:05:20: [testprecache.amxx] hlcoop/shockroach/shock_idle2.wav
L 02/24/2025 - 16:05:20: [testprecache.amxx] precaching file
L 02/24/2025 - 16:05:20: [testprecache.amxx] /hl2/cscanner/scanner_scan_loop2.wav
L 02/24/2025 - 16:05:20: [testprecache.amxx] precaching file
L 02/24/2025 - 16:05:20: [testprecache.amxx] /hl2/cscanner/scanner_photo1.wav
L 02/24/2025 - 16:05:20: [testprecache.amxx] precaching file
L 02/24/2025 - 16:05:20: [testprecache.amxx] /hl2/cscanner/scanner_blip1.wav
L 02/24/2025 - 16:05:20: [testprecache.amxx] precaching file
L 02/24/2025 - 16:05:20: [testprecache.amxx] /hl2/cscanner/scanner_blip1.wav
L 02/24/2025 - 16:05:23: -------- Mapchange to hldm_2fort --------
L 02/24/2025 - 16:05:23: [testprecache.amxx] precaching file
L 02/24/2025 - 16:05:23: [testprecache.amxx] items/smallmedkit1.wav
L 02/24/2025 - 16:05:23: [testprecache.amxx] precaching file
L 02/24/2025 - 16:05:23: [testprecache.amxx] player/pl_wade1.wav
L 02/24/2025 - 16:05:23: [testprecache.amxx] precaching file
L 02/24/2025 - 16:05:23: [testprecache.amxx] player/pl_wade2.wav
L 02/24/2025 - 16:05:23: [testprecache.amxx] precaching file
L 02/24/2025 - 16:05:23: [testprecache.amxx] hlcoop/shockroach/shock_idle3.wav
L 02/24/2025 - 16:05:23: [testprecache.amxx] precaching file
L 02/24/2025 - 16:05:23: [testprecache.amxx] hlcoop/shockroach/shock_idle2.wav
L 02/24/2025 - 16:05:23: [testprecache.amxx] precaching file
L 02/24/2025 - 16:05:23: [testprecache.amxx] /hl2/cscanner/scanner_scan_loop2.wav
L 02/24/2025 - 16:05:23: [testprecache.amxx] precaching file
L 02/24/2025 - 16:05:23: [testprecache.amxx] /hl2/cscanner/scanner_photo1.wav
L 02/24/2025 - 16:05:23: [testprecache.amxx] precaching file
L 02/24/2025 - 16:05:23: [testprecache.amxx] /hl2/cscanner/scanner_blip1.wav
L 02/24/2025 - 16:05:23: [testprecache.amxx] precaching file
L 02/24/2025 - 16:05:23: [testprecache.amxx] /hl2/cscanner/scanner_blip1.wav
