L 10/16/2024 - 04:27:48: -------- Mapchange to d1_trainstation_02 --------
L 10/16/2024 - 04:27:48: [testprecache.amxx] precaching file
L 10/16/2024 - 04:27:48: [testprecache.amxx] items/smallmedkit1.wav
L 10/16/2024 - 04:27:48: [testprecache.amxx] precaching file
L 10/16/2024 - 04:27:48: [testprecache.amxx] player/pl_wade1.wav
L 10/16/2024 - 04:27:48: [testprecache.amxx] precaching file
L 10/16/2024 - 04:27:48: [testprecache.amxx] player/pl_wade2.wav
L 10/16/2024 - 04:27:48: [testprecache.amxx] precaching file
L 10/16/2024 - 04:27:48: [testprecache.amxx] hlcoop/shockroach/shock_idle3.wav
L 10/16/2024 - 04:27:48: [testprecache.amxx] precaching file
L 10/16/2024 - 04:27:48: [testprecache.amxx] hlcoop/shockroach/shock_idle2.wav
L 10/16/2024 - 04:27:48: [testprecache.amxx] precaching file
L 10/16/2024 - 04:27:48: [testprecache.amxx] hl2/cscanner/scanner_scan_loop2.wav
L 10/16/2024 - 04:27:48: [testprecache.amxx] precaching file
L 10/16/2024 - 04:27:48: [testprecache.amxx] hl2/cscanner/scanner_photo1.wav
L 10/16/2024 - 04:27:48: [testprecache.amxx] precaching file
L 10/16/2024 - 04:27:48: [testprecache.amxx] hl2/cscanner/scanner_blip1.wav
L 10/16/2024 - 04:27:48: [testprecache.amxx] precaching file
L 10/16/2024 - 04:27:48: [testprecache.amxx] hl2/cscanner/scanner_blip1.wav
L 10/16/2024 - 04:28:24: -------- Mapchange to d1_trainstation_02 --------
L 10/16/2024 - 04:28:24: [testprecache.amxx] precaching file
L 10/16/2024 - 04:28:24: [testprecache.amxx] items/smallmedkit1.wav
L 10/16/2024 - 04:28:24: [testprecache.amxx] precaching file
L 10/16/2024 - 04:28:24: [testprecache.amxx] player/pl_wade1.wav
L 10/16/2024 - 04:28:24: [testprecache.amxx] precaching file
L 10/16/2024 - 04:28:24: [testprecache.amxx] player/pl_wade2.wav
L 10/16/2024 - 04:28:24: [testprecache.amxx] precaching file
L 10/16/2024 - 04:28:24: [testprecache.amxx] hlcoop/shockroach/shock_idle3.wav
L 10/16/2024 - 04:28:24: [testprecache.amxx] precaching file
L 10/16/2024 - 04:28:24: [testprecache.amxx] hlcoop/shockroach/shock_idle2.wav
L 10/16/2024 - 04:28:24: [testprecache.amxx] precaching file
L 10/16/2024 - 04:28:24: [testprecache.amxx] hl2/cscanner/scanner_scan_loop2.wav
L 10/16/2024 - 04:28:24: [testprecache.amxx] precaching file
L 10/16/2024 - 04:28:24: [testprecache.amxx] hl2/cscanner/scanner_photo1.wav
L 10/16/2024 - 04:28:24: [testprecache.amxx] precaching file
L 10/16/2024 - 04:28:24: [testprecache.amxx] hl2/cscanner/scanner_blip1.wav
L 10/16/2024 - 04:28:24: [testprecache.amxx] precaching file
L 10/16/2024 - 04:28:24: [testprecache.amxx] hl2/cscanner/scanner_blip1.wav
L 10/16/2024 - 20:07:51: -------- Mapchange to d1_trainstation_02 --------
L 10/16/2024 - 20:07:51: [testprecache.amxx] precaching file
L 10/16/2024 - 20:07:51: [testprecache.amxx] items/smallmedkit1.wav
L 10/16/2024 - 20:07:51: [testprecache.amxx] precaching file
L 10/16/2024 - 20:07:51: [testprecache.amxx] player/pl_wade1.wav
L 10/16/2024 - 20:07:51: [testprecache.amxx] precaching file
L 10/16/2024 - 20:07:51: [testprecache.amxx] player/pl_wade2.wav
L 10/16/2024 - 20:07:51: [testprecache.amxx] precaching file
L 10/16/2024 - 20:07:51: [testprecache.amxx] hlcoop/shockroach/shock_idle3.wav
L 10/16/2024 - 20:07:51: [testprecache.amxx] precaching file
L 10/16/2024 - 20:07:51: [testprecache.amxx] hlcoop/shockroach/shock_idle2.wav
L 10/16/2024 - 20:07:51: [testprecache.amxx] precaching file
L 10/16/2024 - 20:07:51: [testprecache.amxx] hl2/cscanner/scanner_scan_loop2.wav
L 10/16/2024 - 20:07:51: [testprecache.amxx] precaching file
L 10/16/2024 - 20:07:51: [testprecache.amxx] hl2/cscanner/scanner_photo1.wav
L 10/16/2024 - 20:07:51: [testprecache.amxx] precaching file
L 10/16/2024 - 20:07:51: [testprecache.amxx] hl2/cscanner/scanner_blip1.wav
L 10/16/2024 - 20:07:51: [testprecache.amxx] precaching file
L 10/16/2024 - 20:07:51: [testprecache.amxx] hl2/cscanner/scanner_blip1.wav
L 10/16/2024 - 21:27:35: -------- Mapchange to sandbox --------
L 10/16/2024 - 21:27:35: [testprecache.amxx] precaching file
L 10/16/2024 - 21:27:35: [testprecache.amxx] items/smallmedkit1.wav
L 10/16/2024 - 21:27:35: [testprecache.amxx] precaching file
L 10/16/2024 - 21:27:35: [testprecache.amxx] player/pl_wade1.wav
L 10/16/2024 - 21:27:35: [testprecache.amxx] precaching file
L 10/16/2024 - 21:27:35: [testprecache.amxx] player/pl_wade2.wav
L 10/16/2024 - 21:27:35: [testprecache.amxx] precaching file
L 10/16/2024 - 21:27:35: [testprecache.amxx] hlcoop/shockroach/shock_idle3.wav
L 10/16/2024 - 21:27:35: [testprecache.amxx] precaching file
L 10/16/2024 - 21:27:35: [testprecache.amxx] hlcoop/shockroach/shock_idle2.wav
L 10/16/2024 - 21:27:35: [testprecache.amxx] precaching file
L 10/16/2024 - 21:27:35: [testprecache.amxx] /hl2/cscanner/scanner_scan_loop2.wav
L 10/16/2024 - 21:27:35: [testprecache.amxx] precaching file
L 10/16/2024 - 21:27:35: [testprecache.amxx] /hl2/cscanner/scanner_photo1.wav
L 10/16/2024 - 21:27:35: [testprecache.amxx] precaching file
L 10/16/2024 - 21:27:35: [testprecache.amxx] /hl2/cscanner/scanner_blip1.wav
L 10/16/2024 - 21:27:35: [testprecache.amxx] precaching file
L 10/16/2024 - 21:27:35: [testprecache.amxx] /hl2/cscanner/scanner_blip1.wav
L 10/16/2024 - 21:27:38: -------- Mapchange to d1_trainstation_02 --------
L 10/16/2024 - 21:27:38: [testprecache.amxx] precaching file
L 10/16/2024 - 21:27:38: [testprecache.amxx] items/smallmedkit1.wav
L 10/16/2024 - 21:27:38: [testprecache.amxx] precaching file
L 10/16/2024 - 21:27:38: [testprecache.amxx] player/pl_wade1.wav
L 10/16/2024 - 21:27:38: [testprecache.amxx] precaching file
L 10/16/2024 - 21:27:38: [testprecache.amxx] player/pl_wade2.wav
L 10/16/2024 - 21:27:38: [testprecache.amxx] precaching file
L 10/16/2024 - 21:27:38: [testprecache.amxx] hlcoop/shockroach/shock_idle3.wav
L 10/16/2024 - 21:27:38: [testprecache.amxx] precaching file
L 10/16/2024 - 21:27:38: [testprecache.amxx] hlcoop/shockroach/shock_idle2.wav
L 10/16/2024 - 21:27:38: [testprecache.amxx] precaching file
L 10/16/2024 - 21:27:38: [testprecache.amxx] /hl2/cscanner/scanner_scan_loop2.wav
L 10/16/2024 - 21:27:38: [testprecache.amxx] precaching file
L 10/16/2024 - 21:27:38: [testprecache.amxx] /hl2/cscanner/scanner_photo1.wav
L 10/16/2024 - 21:27:38: [testprecache.amxx] precaching file
L 10/16/2024 - 21:27:38: [testprecache.amxx] /hl2/cscanner/scanner_blip1.wav
L 10/16/2024 - 21:27:38: [testprecache.amxx] precaching file
L 10/16/2024 - 21:27:38: [testprecache.amxx] /hl2/cscanner/scanner_blip1.wav
