L 02/08/2025 - 12:21:13: -------- Mapchange to sandbox --------
L 02/08/2025 - 12:21:13: [testprecache.amxx] precaching file
L 02/08/2025 - 12:21:13: [testprecache.amxx] items/smallmedkit1.wav
L 02/08/2025 - 12:21:13: [testprecache.amxx] precaching file
L 02/08/2025 - 12:21:13: [testprecache.amxx] player/pl_wade1.wav
L 02/08/2025 - 12:21:13: [testprecache.amxx] precaching file
L 02/08/2025 - 12:21:13: [testprecache.amxx] player/pl_wade2.wav
L 02/08/2025 - 12:21:13: [testprecache.amxx] precaching file
L 02/08/2025 - 12:21:13: [testprecache.amxx] hlcoop/shockroach/shock_idle3.wav
L 02/08/2025 - 12:21:13: [testprecache.amxx] precaching file
L 02/08/2025 - 12:21:13: [testprecache.amxx] hlcoop/shockroach/shock_idle2.wav
L 02/08/2025 - 12:21:13: [testprecache.amxx] precaching file
L 02/08/2025 - 12:21:13: [testprecache.amxx] /hl2/cscanner/scanner_scan_loop2.wav
L 02/08/2025 - 12:21:13: [testprecache.amxx] precaching file
L 02/08/2025 - 12:21:13: [testprecache.amxx] /hl2/cscanner/scanner_photo1.wav
L 02/08/2025 - 12:21:13: [testprecache.amxx] precaching file
L 02/08/2025 - 12:21:13: [testprecache.amxx] /hl2/cscanner/scanner_blip1.wav
L 02/08/2025 - 12:21:13: [testprecache.amxx] precaching file
L 02/08/2025 - 12:21:13: [testprecache.amxx] /hl2/cscanner/scanner_blip1.wav
L 02/08/2025 - 12:21:14: [galileo.amxx] 
L 02/08/2025 - 12:21:14: [galileo.amxx] The server is jumping to the next map after the current map due more than 1 restarts on the map "d1_trainstation_02"
L 02/08/2025 - 12:21:14: [galileo.amxx] 
L 02/08/2025 - 12:22:15: -------- Mapchange to sandbox --------
L 02/08/2025 - 12:22:15: [testprecache.amxx] precaching file
L 02/08/2025 - 12:22:15: [testprecache.amxx] items/smallmedkit1.wav
L 02/08/2025 - 12:22:15: [testprecache.amxx] precaching file
L 02/08/2025 - 12:22:15: [testprecache.amxx] player/pl_wade1.wav
L 02/08/2025 - 12:22:15: [testprecache.amxx] precaching file
L 02/08/2025 - 12:22:15: [testprecache.amxx] player/pl_wade2.wav
L 02/08/2025 - 12:22:15: [testprecache.amxx] precaching file
L 02/08/2025 - 12:22:15: [testprecache.amxx] hlcoop/shockroach/shock_idle3.wav
L 02/08/2025 - 12:22:15: [testprecache.amxx] precaching file
L 02/08/2025 - 12:22:15: [testprecache.amxx] hlcoop/shockroach/shock_idle2.wav
L 02/08/2025 - 12:22:15: [testprecache.amxx] precaching file
L 02/08/2025 - 12:22:15: [testprecache.amxx] /hl2/cscanner/scanner_scan_loop2.wav
L 02/08/2025 - 12:22:15: [testprecache.amxx] precaching file
L 02/08/2025 - 12:22:15: [testprecache.amxx] /hl2/cscanner/scanner_photo1.wav
L 02/08/2025 - 12:22:15: [testprecache.amxx] precaching file
L 02/08/2025 - 12:22:15: [testprecache.amxx] /hl2/cscanner/scanner_blip1.wav
L 02/08/2025 - 12:22:15: [testprecache.amxx] precaching file
L 02/08/2025 - 12:22:15: [testprecache.amxx] /hl2/cscanner/scanner_blip1.wav
L 02/08/2025 - 12:24:59: -------- Mapchange to sandbox --------
L 02/08/2025 - 12:24:59: [testprecache.amxx] precaching file
L 02/08/2025 - 12:24:59: [testprecache.amxx] items/smallmedkit1.wav
L 02/08/2025 - 12:24:59: [testprecache.amxx] precaching file
L 02/08/2025 - 12:24:59: [testprecache.amxx] player/pl_wade1.wav
L 02/08/2025 - 12:24:59: [testprecache.amxx] precaching file
L 02/08/2025 - 12:24:59: [testprecache.amxx] player/pl_wade2.wav
L 02/08/2025 - 12:24:59: [testprecache.amxx] precaching file
L 02/08/2025 - 12:24:59: [testprecache.amxx] hlcoop/shockroach/shock_idle3.wav
L 02/08/2025 - 12:24:59: [testprecache.amxx] precaching file
L 02/08/2025 - 12:24:59: [testprecache.amxx] hlcoop/shockroach/shock_idle2.wav
L 02/08/2025 - 12:24:59: [testprecache.amxx] precaching file
L 02/08/2025 - 12:24:59: [testprecache.amxx] /hl2/cscanner/scanner_scan_loop2.wav
L 02/08/2025 - 12:24:59: [testprecache.amxx] precaching file
L 02/08/2025 - 12:24:59: [testprecache.amxx] /hl2/cscanner/scanner_photo1.wav
L 02/08/2025 - 12:24:59: [testprecache.amxx] precaching file
L 02/08/2025 - 12:24:59: [testprecache.amxx] /hl2/cscanner/scanner_blip1.wav
L 02/08/2025 - 12:24:59: [testprecache.amxx] precaching file
L 02/08/2025 - 12:24:59: [testprecache.amxx] /hl2/cscanner/scanner_blip1.wav
L 02/08/2025 - 12:25:26: -------- Mapchange to sandbox --------
L 02/08/2025 - 12:25:26: [testprecache.amxx] precaching file
L 02/08/2025 - 12:25:26: [testprecache.amxx] items/smallmedkit1.wav
L 02/08/2025 - 12:25:26: [testprecache.amxx] precaching file
L 02/08/2025 - 12:25:26: [testprecache.amxx] player/pl_wade1.wav
L 02/08/2025 - 12:25:26: [testprecache.amxx] precaching file
L 02/08/2025 - 12:25:26: [testprecache.amxx] player/pl_wade2.wav
L 02/08/2025 - 12:25:26: [testprecache.amxx] precaching file
L 02/08/2025 - 12:25:26: [testprecache.amxx] hlcoop/shockroach/shock_idle3.wav
L 02/08/2025 - 12:25:26: [testprecache.amxx] precaching file
L 02/08/2025 - 12:25:26: [testprecache.amxx] hlcoop/shockroach/shock_idle2.wav
L 02/08/2025 - 12:25:26: [testprecache.amxx] precaching file
L 02/08/2025 - 12:25:26: [testprecache.amxx] /hl2/cscanner/scanner_scan_loop2.wav
L 02/08/2025 - 12:25:26: [testprecache.amxx] precaching file
L 02/08/2025 - 12:25:26: [testprecache.amxx] /hl2/cscanner/scanner_photo1.wav
L 02/08/2025 - 12:25:26: [testprecache.amxx] precaching file
L 02/08/2025 - 12:25:26: [testprecache.amxx] /hl2/cscanner/scanner_blip1.wav
L 02/08/2025 - 12:25:26: [testprecache.amxx] precaching file
L 02/08/2025 - 12:25:26: [testprecache.amxx] /hl2/cscanner/scanner_blip1.wav
L 02/08/2025 - 12:25:26: [galileo.amxx] 
L 02/08/2025 - 12:25:26: [galileo.amxx] The server is jumping to the next map after the current map due more than 1 restarts on the map "sandbox"
L 02/08/2025 - 12:25:26: [galileo.amxx] 
L 02/08/2025 - 12:25:29: -------- Mapchange to d1_trainstation_02 --------
L 02/08/2025 - 12:25:29: [testprecache.amxx] precaching file
L 02/08/2025 - 12:25:29: [testprecache.amxx] items/smallmedkit1.wav
L 02/08/2025 - 12:25:29: [testprecache.amxx] precaching file
L 02/08/2025 - 12:25:29: [testprecache.amxx] player/pl_wade1.wav
L 02/08/2025 - 12:25:29: [testprecache.amxx] precaching file
L 02/08/2025 - 12:25:29: [testprecache.amxx] player/pl_wade2.wav
L 02/08/2025 - 12:25:29: [testprecache.amxx] precaching file
L 02/08/2025 - 12:25:29: [testprecache.amxx] hlcoop/shockroach/shock_idle3.wav
L 02/08/2025 - 12:25:29: [testprecache.amxx] precaching file
L 02/08/2025 - 12:25:29: [testprecache.amxx] hlcoop/shockroach/shock_idle2.wav
L 02/08/2025 - 12:25:29: [testprecache.amxx] precaching file
L 02/08/2025 - 12:25:29: [testprecache.amxx] /hl2/cscanner/scanner_scan_loop2.wav
L 02/08/2025 - 12:25:29: [testprecache.amxx] precaching file
L 02/08/2025 - 12:25:29: [testprecache.amxx] /hl2/cscanner/scanner_photo1.wav
L 02/08/2025 - 12:25:29: [testprecache.amxx] precaching file
L 02/08/2025 - 12:25:29: [testprecache.amxx] /hl2/cscanner/scanner_blip1.wav
L 02/08/2025 - 12:25:29: [testprecache.amxx] precaching file
L 02/08/2025 - 12:25:29: [testprecache.amxx] /hl2/cscanner/scanner_blip1.wav
L 02/08/2025 - 21:03:35: -------- Mapchange to d1_trainstation_02 --------
L 02/08/2025 - 21:03:35: [testprecache.amxx] precaching file
L 02/08/2025 - 21:03:35: [testprecache.amxx] items/smallmedkit1.wav
L 02/08/2025 - 21:03:35: [testprecache.amxx] precaching file
L 02/08/2025 - 21:03:35: [testprecache.amxx] player/pl_wade1.wav
L 02/08/2025 - 21:03:35: [testprecache.amxx] precaching file
L 02/08/2025 - 21:03:35: [testprecache.amxx] player/pl_wade2.wav
L 02/08/2025 - 21:03:35: [testprecache.amxx] precaching file
L 02/08/2025 - 21:03:35: [testprecache.amxx] hlcoop/shockroach/shock_idle3.wav
L 02/08/2025 - 21:03:35: [testprecache.amxx] precaching file
L 02/08/2025 - 21:03:35: [testprecache.amxx] hlcoop/shockroach/shock_idle2.wav
L 02/08/2025 - 21:03:35: [testprecache.amxx] precaching file
L 02/08/2025 - 21:03:35: [testprecache.amxx] /hl2/cscanner/scanner_scan_loop2.wav
L 02/08/2025 - 21:03:35: [testprecache.amxx] precaching file
L 02/08/2025 - 21:03:35: [testprecache.amxx] /hl2/cscanner/scanner_photo1.wav
L 02/08/2025 - 21:03:35: [testprecache.amxx] precaching file
L 02/08/2025 - 21:03:35: [testprecache.amxx] /hl2/cscanner/scanner_blip1.wav
L 02/08/2025 - 21:03:35: [testprecache.amxx] precaching file
L 02/08/2025 - 21:03:35: [testprecache.amxx] /hl2/cscanner/scanner_blip1.wav
