L 12/30/2024 - 22:38:32: -------- Mapchange to sandbox --------
L 12/30/2024 - 22:38:32: [testprecache.amxx] precaching file
L 12/30/2024 - 22:38:32: [testprecache.amxx] items/smallmedkit1.wav
L 12/30/2024 - 22:38:32: [testprecache.amxx] precaching file
L 12/30/2024 - 22:38:32: [testprecache.amxx] player/pl_wade1.wav
L 12/30/2024 - 22:38:32: [testprecache.amxx] precaching file
L 12/30/2024 - 22:38:32: [testprecache.amxx] player/pl_wade2.wav
L 12/30/2024 - 22:38:32: [testprecache.amxx] precaching file
L 12/30/2024 - 22:38:32: [testprecache.amxx] hlcoop/shockroach/shock_idle3.wav
L 12/30/2024 - 22:38:32: [testprecache.amxx] precaching file
L 12/30/2024 - 22:38:32: [testprecache.amxx] hlcoop/shockroach/shock_idle2.wav
L 12/30/2024 - 22:38:32: [testprecache.amxx] precaching file
L 12/30/2024 - 22:38:32: [testprecache.amxx] /hl2/cscanner/scanner_scan_loop2.wav
L 12/30/2024 - 22:38:32: [testprecache.amxx] precaching file
L 12/30/2024 - 22:38:32: [testprecache.amxx] /hl2/cscanner/scanner_photo1.wav
L 12/30/2024 - 22:38:32: [testprecache.amxx] precaching file
L 12/30/2024 - 22:38:32: [testprecache.amxx] /hl2/cscanner/scanner_blip1.wav
L 12/30/2024 - 22:38:32: [testprecache.amxx] precaching file
L 12/30/2024 - 22:38:32: [testprecache.amxx] /hl2/cscanner/scanner_blip1.wav
L 12/30/2024 - 22:38:35: -------- Mapchange to d1_trainstation_02 --------
L 12/30/2024 - 22:38:35: [testprecache.amxx] precaching file
L 12/30/2024 - 22:38:35: [testprecache.amxx] items/smallmedkit1.wav
L 12/30/2024 - 22:38:35: [testprecache.amxx] precaching file
L 12/30/2024 - 22:38:35: [testprecache.amxx] player/pl_wade1.wav
L 12/30/2024 - 22:38:35: [testprecache.amxx] precaching file
L 12/30/2024 - 22:38:35: [testprecache.amxx] player/pl_wade2.wav
L 12/30/2024 - 22:38:35: [testprecache.amxx] precaching file
L 12/30/2024 - 22:38:35: [testprecache.amxx] hlcoop/shockroach/shock_idle3.wav
L 12/30/2024 - 22:38:35: [testprecache.amxx] precaching file
L 12/30/2024 - 22:38:35: [testprecache.amxx] hlcoop/shockroach/shock_idle2.wav
L 12/30/2024 - 22:38:35: [testprecache.amxx] precaching file
L 12/30/2024 - 22:38:35: [testprecache.amxx] /hl2/cscanner/scanner_scan_loop2.wav
L 12/30/2024 - 22:38:35: [testprecache.amxx] precaching file
L 12/30/2024 - 22:38:35: [testprecache.amxx] /hl2/cscanner/scanner_photo1.wav
L 12/30/2024 - 22:38:35: [testprecache.amxx] precaching file
L 12/30/2024 - 22:38:35: [testprecache.amxx] /hl2/cscanner/scanner_blip1.wav
L 12/30/2024 - 22:38:35: [testprecache.amxx] precaching file
L 12/30/2024 - 22:38:35: [testprecache.amxx] /hl2/cscanner/scanner_blip1.wav
