L 01/23/2025 - 22:07:43: -------- Mapchange to sandbox --------
L 01/23/2025 - 22:07:43: [testprecache.amxx] precaching file
L 01/23/2025 - 22:07:43: [testprecache.amxx] items/smallmedkit1.wav
L 01/23/2025 - 22:07:43: [testprecache.amxx] precaching file
L 01/23/2025 - 22:07:43: [testprecache.amxx] player/pl_wade1.wav
L 01/23/2025 - 22:07:43: [testprecache.amxx] precaching file
L 01/23/2025 - 22:07:43: [testprecache.amxx] player/pl_wade2.wav
L 01/23/2025 - 22:07:43: [testprecache.amxx] precaching file
L 01/23/2025 - 22:07:43: [testprecache.amxx] hlcoop/shockroach/shock_idle3.wav
L 01/23/2025 - 22:07:43: [testprecache.amxx] precaching file
L 01/23/2025 - 22:07:43: [testprecache.amxx] hlcoop/shockroach/shock_idle2.wav
L 01/23/2025 - 22:07:43: [testprecache.amxx] precaching file
L 01/23/2025 - 22:07:43: [testprecache.amxx] /hl2/cscanner/scanner_scan_loop2.wav
L 01/23/2025 - 22:07:43: [testprecache.amxx] precaching file
L 01/23/2025 - 22:07:43: [testprecache.amxx] /hl2/cscanner/scanner_photo1.wav
L 01/23/2025 - 22:07:43: [testprecache.amxx] precaching file
L 01/23/2025 - 22:07:43: [testprecache.amxx] /hl2/cscanner/scanner_blip1.wav
L 01/23/2025 - 22:07:43: [testprecache.amxx] precaching file
L 01/23/2025 - 22:07:43: [testprecache.amxx] /hl2/cscanner/scanner_blip1.wav
L 01/23/2025 - 22:07:46: -------- Mapchange to stalkyard --------
L 01/23/2025 - 22:07:46: [testprecache.amxx] precaching file
L 01/23/2025 - 22:07:46: [testprecache.amxx] items/smallmedkit1.wav
L 01/23/2025 - 22:07:46: [testprecache.amxx] precaching file
L 01/23/2025 - 22:07:46: [testprecache.amxx] player/pl_wade1.wav
L 01/23/2025 - 22:07:46: [testprecache.amxx] precaching file
L 01/23/2025 - 22:07:46: [testprecache.amxx] player/pl_wade2.wav
L 01/23/2025 - 22:07:46: [testprecache.amxx] precaching file
L 01/23/2025 - 22:07:46: [testprecache.amxx] hlcoop/shockroach/shock_idle3.wav
L 01/23/2025 - 22:07:46: [testprecache.amxx] precaching file
L 01/23/2025 - 22:07:46: [testprecache.amxx] hlcoop/shockroach/shock_idle2.wav
L 01/23/2025 - 22:07:46: [testprecache.amxx] precaching file
L 01/23/2025 - 22:07:46: [testprecache.amxx] /hl2/cscanner/scanner_scan_loop2.wav
L 01/23/2025 - 22:07:46: [testprecache.amxx] precaching file
L 01/23/2025 - 22:07:46: [testprecache.amxx] /hl2/cscanner/scanner_photo1.wav
L 01/23/2025 - 22:07:46: [testprecache.amxx] precaching file
L 01/23/2025 - 22:07:46: [testprecache.amxx] /hl2/cscanner/scanner_blip1.wav
L 01/23/2025 - 22:07:46: [testprecache.amxx] precaching file
L 01/23/2025 - 22:07:46: [testprecache.amxx] /hl2/cscanner/scanner_blip1.wav
