L 01/30/2025 - 14:56:35: -------- Mapchange to sandbox --------
L 01/30/2025 - 14:56:35: [testprecache.amxx] precaching file
L 01/30/2025 - 14:56:35: [testprecache.amxx] items/smallmedkit1.wav
L 01/30/2025 - 14:56:35: [testprecache.amxx] precaching file
L 01/30/2025 - 14:56:35: [testprecache.amxx] player/pl_wade1.wav
L 01/30/2025 - 14:56:35: [testprecache.amxx] precaching file
L 01/30/2025 - 14:56:35: [testprecache.amxx] player/pl_wade2.wav
L 01/30/2025 - 14:56:35: [testprecache.amxx] precaching file
L 01/30/2025 - 14:56:35: [testprecache.amxx] hlcoop/shockroach/shock_idle3.wav
L 01/30/2025 - 14:56:35: [testprecache.amxx] precaching file
L 01/30/2025 - 14:56:35: [testprecache.amxx] hlcoop/shockroach/shock_idle2.wav
L 01/30/2025 - 14:56:35: [testprecache.amxx] precaching file
L 01/30/2025 - 14:56:35: [testprecache.amxx] /hl2/cscanner/scanner_scan_loop2.wav
L 01/30/2025 - 14:56:35: [testprecache.amxx] precaching file
L 01/30/2025 - 14:56:35: [testprecache.amxx] /hl2/cscanner/scanner_photo1.wav
L 01/30/2025 - 14:56:35: [testprecache.amxx] precaching file
L 01/30/2025 - 14:56:35: [testprecache.amxx] /hl2/cscanner/scanner_blip1.wav
L 01/30/2025 - 14:56:35: [testprecache.amxx] precaching file
L 01/30/2025 - 14:56:35: [testprecache.amxx] /hl2/cscanner/scanner_blip1.wav
L 01/30/2025 - 14:56:38: -------- Mapchange to e1m1 --------
L 01/30/2025 - 14:56:38: [testprecache.amxx] precaching file
L 01/30/2025 - 14:56:38: [testprecache.amxx] items/smallmedkit1.wav
L 01/30/2025 - 14:56:38: [testprecache.amxx] precaching file
L 01/30/2025 - 14:56:38: [testprecache.amxx] player/pl_wade1.wav
L 01/30/2025 - 14:56:38: [testprecache.amxx] precaching file
L 01/30/2025 - 14:56:38: [testprecache.amxx] player/pl_wade2.wav
L 01/30/2025 - 14:56:38: [testprecache.amxx] precaching file
L 01/30/2025 - 14:56:38: [testprecache.amxx] hlcoop/shockroach/shock_idle3.wav
L 01/30/2025 - 14:56:38: [testprecache.amxx] precaching file
L 01/30/2025 - 14:56:38: [testprecache.amxx] hlcoop/shockroach/shock_idle2.wav
L 01/30/2025 - 14:56:38: [testprecache.amxx] precaching file
L 01/30/2025 - 14:56:38: [testprecache.amxx] /hl2/cscanner/scanner_scan_loop2.wav
L 01/30/2025 - 14:56:38: [testprecache.amxx] precaching file
L 01/30/2025 - 14:56:38: [testprecache.amxx] /hl2/cscanner/scanner_photo1.wav
L 01/30/2025 - 14:56:38: [testprecache.amxx] precaching file
L 01/30/2025 - 14:56:38: [testprecache.amxx] /hl2/cscanner/scanner_blip1.wav
L 01/30/2025 - 14:56:38: [testprecache.amxx] precaching file
L 01/30/2025 - 14:56:38: [testprecache.amxx] /hl2/cscanner/scanner_blip1.wav
L 01/30/2025 - 16:57:32: -------- Mapchange to sandbox --------
L 01/30/2025 - 16:57:32: [testprecache.amxx] precaching file
L 01/30/2025 - 16:57:32: [testprecache.amxx] items/smallmedkit1.wav
L 01/30/2025 - 16:57:32: [testprecache.amxx] precaching file
L 01/30/2025 - 16:57:32: [testprecache.amxx] player/pl_wade1.wav
L 01/30/2025 - 16:57:32: [testprecache.amxx] precaching file
L 01/30/2025 - 16:57:32: [testprecache.amxx] player/pl_wade2.wav
L 01/30/2025 - 16:57:32: [testprecache.amxx] precaching file
L 01/30/2025 - 16:57:32: [testprecache.amxx] hlcoop/shockroach/shock_idle3.wav
L 01/30/2025 - 16:57:32: [testprecache.amxx] precaching file
L 01/30/2025 - 16:57:32: [testprecache.amxx] hlcoop/shockroach/shock_idle2.wav
L 01/30/2025 - 16:57:32: [testprecache.amxx] precaching file
L 01/30/2025 - 16:57:32: [testprecache.amxx] /hl2/cscanner/scanner_scan_loop2.wav
L 01/30/2025 - 16:57:32: [testprecache.amxx] precaching file
L 01/30/2025 - 16:57:32: [testprecache.amxx] /hl2/cscanner/scanner_photo1.wav
L 01/30/2025 - 16:57:32: [testprecache.amxx] precaching file
L 01/30/2025 - 16:57:32: [testprecache.amxx] /hl2/cscanner/scanner_blip1.wav
L 01/30/2025 - 16:57:32: [testprecache.amxx] precaching file
L 01/30/2025 - 16:57:32: [testprecache.amxx] /hl2/cscanner/scanner_blip1.wav
L 01/30/2025 - 16:57:35: -------- Mapchange to e1m1 --------
L 01/30/2025 - 16:57:35: [testprecache.amxx] precaching file
L 01/30/2025 - 16:57:35: [testprecache.amxx] items/smallmedkit1.wav
L 01/30/2025 - 16:57:35: [testprecache.amxx] precaching file
L 01/30/2025 - 16:57:35: [testprecache.amxx] player/pl_wade1.wav
L 01/30/2025 - 16:57:35: [testprecache.amxx] precaching file
L 01/30/2025 - 16:57:35: [testprecache.amxx] player/pl_wade2.wav
L 01/30/2025 - 16:57:35: [testprecache.amxx] precaching file
L 01/30/2025 - 16:57:35: [testprecache.amxx] hlcoop/shockroach/shock_idle3.wav
L 01/30/2025 - 16:57:35: [testprecache.amxx] precaching file
L 01/30/2025 - 16:57:35: [testprecache.amxx] hlcoop/shockroach/shock_idle2.wav
L 01/30/2025 - 16:57:35: [testprecache.amxx] precaching file
L 01/30/2025 - 16:57:35: [testprecache.amxx] /hl2/cscanner/scanner_scan_loop2.wav
L 01/30/2025 - 16:57:35: [testprecache.amxx] precaching file
L 01/30/2025 - 16:57:35: [testprecache.amxx] /hl2/cscanner/scanner_photo1.wav
L 01/30/2025 - 16:57:35: [testprecache.amxx] precaching file
L 01/30/2025 - 16:57:35: [testprecache.amxx] /hl2/cscanner/scanner_blip1.wav
L 01/30/2025 - 16:57:35: [testprecache.amxx] precaching file
L 01/30/2025 - 16:57:35: [testprecache.amxx] /hl2/cscanner/scanner_blip1.wav
L 01/30/2025 - 16:59:39: -------- Mapchange to sandbox --------
L 01/30/2025 - 16:59:39: [testprecache.amxx] precaching file
L 01/30/2025 - 16:59:39: [testprecache.amxx] items/smallmedkit1.wav
L 01/30/2025 - 16:59:39: [testprecache.amxx] precaching file
L 01/30/2025 - 16:59:39: [testprecache.amxx] player/pl_wade1.wav
L 01/30/2025 - 16:59:39: [testprecache.amxx] precaching file
L 01/30/2025 - 16:59:39: [testprecache.amxx] player/pl_wade2.wav
L 01/30/2025 - 16:59:39: [testprecache.amxx] precaching file
L 01/30/2025 - 16:59:39: [testprecache.amxx] hlcoop/shockroach/shock_idle3.wav
L 01/30/2025 - 16:59:39: [testprecache.amxx] precaching file
L 01/30/2025 - 16:59:39: [testprecache.amxx] hlcoop/shockroach/shock_idle2.wav
L 01/30/2025 - 16:59:39: [testprecache.amxx] precaching file
L 01/30/2025 - 16:59:39: [testprecache.amxx] /hl2/cscanner/scanner_scan_loop2.wav
L 01/30/2025 - 16:59:39: [testprecache.amxx] precaching file
L 01/30/2025 - 16:59:39: [testprecache.amxx] /hl2/cscanner/scanner_photo1.wav
L 01/30/2025 - 16:59:39: [testprecache.amxx] precaching file
L 01/30/2025 - 16:59:39: [testprecache.amxx] /hl2/cscanner/scanner_blip1.wav
L 01/30/2025 - 16:59:39: [testprecache.amxx] precaching file
L 01/30/2025 - 16:59:39: [testprecache.amxx] /hl2/cscanner/scanner_blip1.wav
L 01/30/2025 - 16:59:39: [galileo.amxx] 
L 01/30/2025 - 16:59:39: [galileo.amxx] The server is jumping to the next map after the current map due more than 1 restarts on the map "e1m1"
L 01/30/2025 - 16:59:39: [galileo.amxx] 
L 01/30/2025 - 16:59:41: -------- Mapchange to d1_trainstation_02 --------
L 01/30/2025 - 16:59:41: [testprecache.amxx] precaching file
L 01/30/2025 - 16:59:41: [testprecache.amxx] items/smallmedkit1.wav
L 01/30/2025 - 16:59:41: [testprecache.amxx] precaching file
L 01/30/2025 - 16:59:41: [testprecache.amxx] player/pl_wade1.wav
L 01/30/2025 - 16:59:41: [testprecache.amxx] precaching file
L 01/30/2025 - 16:59:41: [testprecache.amxx] player/pl_wade2.wav
L 01/30/2025 - 16:59:41: [testprecache.amxx] precaching file
L 01/30/2025 - 16:59:41: [testprecache.amxx] hlcoop/shockroach/shock_idle3.wav
L 01/30/2025 - 16:59:41: [testprecache.amxx] precaching file
L 01/30/2025 - 16:59:41: [testprecache.amxx] hlcoop/shockroach/shock_idle2.wav
L 01/30/2025 - 16:59:41: [testprecache.amxx] precaching file
L 01/30/2025 - 16:59:41: [testprecache.amxx] /hl2/cscanner/scanner_scan_loop2.wav
L 01/30/2025 - 16:59:41: [testprecache.amxx] precaching file
L 01/30/2025 - 16:59:41: [testprecache.amxx] /hl2/cscanner/scanner_photo1.wav
L 01/30/2025 - 16:59:41: [testprecache.amxx] precaching file
L 01/30/2025 - 16:59:41: [testprecache.amxx] /hl2/cscanner/scanner_blip1.wav
L 01/30/2025 - 16:59:41: [testprecache.amxx] precaching file
L 01/30/2025 - 16:59:41: [testprecache.amxx] /hl2/cscanner/scanner_blip1.wav
L 01/30/2025 - 20:35:31: -------- Mapchange to sandbox --------
L 01/30/2025 - 20:35:31: [testprecache.amxx] precaching file
L 01/30/2025 - 20:35:31: [testprecache.amxx] items/smallmedkit1.wav
L 01/30/2025 - 20:35:31: [testprecache.amxx] precaching file
L 01/30/2025 - 20:35:31: [testprecache.amxx] player/pl_wade1.wav
L 01/30/2025 - 20:35:31: [testprecache.amxx] precaching file
L 01/30/2025 - 20:35:31: [testprecache.amxx] player/pl_wade2.wav
L 01/30/2025 - 20:35:31: [testprecache.amxx] precaching file
L 01/30/2025 - 20:35:31: [testprecache.amxx] hlcoop/shockroach/shock_idle3.wav
L 01/30/2025 - 20:35:31: [testprecache.amxx] precaching file
L 01/30/2025 - 20:35:31: [testprecache.amxx] hlcoop/shockroach/shock_idle2.wav
L 01/30/2025 - 20:35:31: [testprecache.amxx] precaching file
L 01/30/2025 - 20:35:31: [testprecache.amxx] /hl2/cscanner/scanner_scan_loop2.wav
L 01/30/2025 - 20:35:31: [testprecache.amxx] precaching file
L 01/30/2025 - 20:35:31: [testprecache.amxx] /hl2/cscanner/scanner_photo1.wav
L 01/30/2025 - 20:35:31: [testprecache.amxx] precaching file
L 01/30/2025 - 20:35:31: [testprecache.amxx] /hl2/cscanner/scanner_blip1.wav
L 01/30/2025 - 20:35:31: [testprecache.amxx] precaching file
L 01/30/2025 - 20:35:31: [testprecache.amxx] /hl2/cscanner/scanner_blip1.wav
L 01/30/2025 - 20:35:34: -------- Mapchange to d1_trainstation_02 --------
L 01/30/2025 - 20:35:34: [testprecache.amxx] precaching file
L 01/30/2025 - 20:35:34: [testprecache.amxx] items/smallmedkit1.wav
L 01/30/2025 - 20:35:34: [testprecache.amxx] precaching file
L 01/30/2025 - 20:35:34: [testprecache.amxx] player/pl_wade1.wav
L 01/30/2025 - 20:35:34: [testprecache.amxx] precaching file
L 01/30/2025 - 20:35:34: [testprecache.amxx] player/pl_wade2.wav
L 01/30/2025 - 20:35:34: [testprecache.amxx] precaching file
L 01/30/2025 - 20:35:34: [testprecache.amxx] hlcoop/shockroach/shock_idle3.wav
L 01/30/2025 - 20:35:34: [testprecache.amxx] precaching file
L 01/30/2025 - 20:35:34: [testprecache.amxx] hlcoop/shockroach/shock_idle2.wav
L 01/30/2025 - 20:35:34: [testprecache.amxx] precaching file
L 01/30/2025 - 20:35:34: [testprecache.amxx] /hl2/cscanner/scanner_scan_loop2.wav
L 01/30/2025 - 20:35:34: [testprecache.amxx] precaching file
L 01/30/2025 - 20:35:34: [testprecache.amxx] /hl2/cscanner/scanner_photo1.wav
L 01/30/2025 - 20:35:34: [testprecache.amxx] precaching file
L 01/30/2025 - 20:35:34: [testprecache.amxx] /hl2/cscanner/scanner_blip1.wav
L 01/30/2025 - 20:35:34: [testprecache.amxx] precaching file
L 01/30/2025 - 20:35:34: [testprecache.amxx] /hl2/cscanner/scanner_blip1.wav
L 01/30/2025 - 22:10:09: -------- Mapchange to sandbox --------
L 01/30/2025 - 22:10:09: [testprecache.amxx] precaching file
L 01/30/2025 - 22:10:09: [testprecache.amxx] items/smallmedkit1.wav
L 01/30/2025 - 22:10:09: [testprecache.amxx] precaching file
L 01/30/2025 - 22:10:09: [testprecache.amxx] player/pl_wade1.wav
L 01/30/2025 - 22:10:09: [testprecache.amxx] precaching file
L 01/30/2025 - 22:10:09: [testprecache.amxx] player/pl_wade2.wav
L 01/30/2025 - 22:10:09: [testprecache.amxx] precaching file
L 01/30/2025 - 22:10:09: [testprecache.amxx] hlcoop/shockroach/shock_idle3.wav
L 01/30/2025 - 22:10:09: [testprecache.amxx] precaching file
L 01/30/2025 - 22:10:09: [testprecache.amxx] hlcoop/shockroach/shock_idle2.wav
L 01/30/2025 - 22:10:09: [testprecache.amxx] precaching file
L 01/30/2025 - 22:10:09: [testprecache.amxx] /hl2/cscanner/scanner_scan_loop2.wav
L 01/30/2025 - 22:10:09: [testprecache.amxx] precaching file
L 01/30/2025 - 22:10:09: [testprecache.amxx] /hl2/cscanner/scanner_photo1.wav
L 01/30/2025 - 22:10:09: [testprecache.amxx] precaching file
L 01/30/2025 - 22:10:09: [testprecache.amxx] /hl2/cscanner/scanner_blip1.wav
L 01/30/2025 - 22:10:09: [testprecache.amxx] precaching file
L 01/30/2025 - 22:10:09: [testprecache.amxx] /hl2/cscanner/scanner_blip1.wav
L 01/30/2025 - 22:10:31: -------- Mapchange to sandbox --------
L 01/30/2025 - 22:10:31: [testprecache.amxx] precaching file
L 01/30/2025 - 22:10:31: [testprecache.amxx] items/smallmedkit1.wav
L 01/30/2025 - 22:10:31: [testprecache.amxx] precaching file
L 01/30/2025 - 22:10:31: [testprecache.amxx] player/pl_wade1.wav
L 01/30/2025 - 22:10:31: [testprecache.amxx] precaching file
L 01/30/2025 - 22:10:31: [testprecache.amxx] player/pl_wade2.wav
L 01/30/2025 - 22:10:31: [testprecache.amxx] precaching file
L 01/30/2025 - 22:10:31: [testprecache.amxx] hlcoop/shockroach/shock_idle3.wav
L 01/30/2025 - 22:10:31: [testprecache.amxx] precaching file
L 01/30/2025 - 22:10:31: [testprecache.amxx] hlcoop/shockroach/shock_idle2.wav
L 01/30/2025 - 22:10:31: [testprecache.amxx] precaching file
L 01/30/2025 - 22:10:31: [testprecache.amxx] /hl2/cscanner/scanner_scan_loop2.wav
L 01/30/2025 - 22:10:31: [testprecache.amxx] precaching file
L 01/30/2025 - 22:10:31: [testprecache.amxx] /hl2/cscanner/scanner_photo1.wav
L 01/30/2025 - 22:10:31: [testprecache.amxx] precaching file
L 01/30/2025 - 22:10:31: [testprecache.amxx] /hl2/cscanner/scanner_blip1.wav
L 01/30/2025 - 22:10:31: [testprecache.amxx] precaching file
L 01/30/2025 - 22:10:31: [testprecache.amxx] /hl2/cscanner/scanner_blip1.wav
L 01/30/2025 - 22:10:32: [galileo.amxx] 
L 01/30/2025 - 22:10:32: [galileo.amxx] The server is jumping to the next map after the current map due more than 1 restarts on the map "d1_trainstation_02"
L 01/30/2025 - 22:10:32: [galileo.amxx] 
L 01/30/2025 - 22:17:56: -------- Mapchange to sandbox --------
L 01/30/2025 - 22:17:56: [testprecache.amxx] precaching file
L 01/30/2025 - 22:17:56: [testprecache.amxx] items/smallmedkit1.wav
L 01/30/2025 - 22:17:56: [testprecache.amxx] precaching file
L 01/30/2025 - 22:17:56: [testprecache.amxx] player/pl_wade1.wav
L 01/30/2025 - 22:17:56: [testprecache.amxx] precaching file
L 01/30/2025 - 22:17:56: [testprecache.amxx] player/pl_wade2.wav
L 01/30/2025 - 22:17:56: [testprecache.amxx] precaching file
L 01/30/2025 - 22:17:56: [testprecache.amxx] hlcoop/shockroach/shock_idle3.wav
L 01/30/2025 - 22:17:56: [testprecache.amxx] precaching file
L 01/30/2025 - 22:17:56: [testprecache.amxx] hlcoop/shockroach/shock_idle2.wav
L 01/30/2025 - 22:17:56: [testprecache.amxx] precaching file
L 01/30/2025 - 22:17:56: [testprecache.amxx] /hl2/cscanner/scanner_scan_loop2.wav
L 01/30/2025 - 22:17:56: [testprecache.amxx] precaching file
L 01/30/2025 - 22:17:56: [testprecache.amxx] /hl2/cscanner/scanner_photo1.wav
L 01/30/2025 - 22:17:56: [testprecache.amxx] precaching file
L 01/30/2025 - 22:17:56: [testprecache.amxx] /hl2/cscanner/scanner_blip1.wav
L 01/30/2025 - 22:17:56: [testprecache.amxx] precaching file
L 01/30/2025 - 22:17:56: [testprecache.amxx] /hl2/cscanner/scanner_blip1.wav
L 01/30/2025 - 22:17:58: -------- Mapchange to d1_town_01 --------
L 01/30/2025 - 22:17:58: [testprecache.amxx] precaching file
L 01/30/2025 - 22:17:58: [testprecache.amxx] items/smallmedkit1.wav
L 01/30/2025 - 22:17:58: [testprecache.amxx] precaching file
L 01/30/2025 - 22:17:58: [testprecache.amxx] player/pl_wade1.wav
L 01/30/2025 - 22:17:58: [testprecache.amxx] precaching file
L 01/30/2025 - 22:17:58: [testprecache.amxx] player/pl_wade2.wav
L 01/30/2025 - 22:17:58: [testprecache.amxx] precaching file
L 01/30/2025 - 22:17:58: [testprecache.amxx] hlcoop/shockroach/shock_idle3.wav
L 01/30/2025 - 22:17:58: [testprecache.amxx] precaching file
L 01/30/2025 - 22:17:58: [testprecache.amxx] hlcoop/shockroach/shock_idle2.wav
L 01/30/2025 - 22:17:58: [testprecache.amxx] precaching file
L 01/30/2025 - 22:17:58: [testprecache.amxx] /hl2/cscanner/scanner_scan_loop2.wav
L 01/30/2025 - 22:17:58: [testprecache.amxx] precaching file
L 01/30/2025 - 22:17:58: [testprecache.amxx] /hl2/cscanner/scanner_photo1.wav
L 01/30/2025 - 22:17:58: [testprecache.amxx] precaching file
L 01/30/2025 - 22:17:58: [testprecache.amxx] /hl2/cscanner/scanner_blip1.wav
L 01/30/2025 - 22:17:58: [testprecache.amxx] precaching file
L 01/30/2025 - 22:17:58: [testprecache.amxx] /hl2/cscanner/scanner_blip1.wav
L 01/30/2025 - 22:19:31: -------- Mapchange to sandbox --------
L 01/30/2025 - 22:19:31: [testprecache.amxx] precaching file
L 01/30/2025 - 22:19:31: [testprecache.amxx] items/smallmedkit1.wav
L 01/30/2025 - 22:19:31: [testprecache.amxx] precaching file
L 01/30/2025 - 22:19:31: [testprecache.amxx] player/pl_wade1.wav
L 01/30/2025 - 22:19:31: [testprecache.amxx] precaching file
L 01/30/2025 - 22:19:31: [testprecache.amxx] player/pl_wade2.wav
L 01/30/2025 - 22:19:31: [testprecache.amxx] precaching file
L 01/30/2025 - 22:19:31: [testprecache.amxx] hlcoop/shockroach/shock_idle3.wav
L 01/30/2025 - 22:19:31: [testprecache.amxx] precaching file
L 01/30/2025 - 22:19:31: [testprecache.amxx] hlcoop/shockroach/shock_idle2.wav
L 01/30/2025 - 22:19:31: [testprecache.amxx] precaching file
L 01/30/2025 - 22:19:31: [testprecache.amxx] /hl2/cscanner/scanner_scan_loop2.wav
L 01/30/2025 - 22:19:31: [testprecache.amxx] precaching file
L 01/30/2025 - 22:19:31: [testprecache.amxx] /hl2/cscanner/scanner_photo1.wav
L 01/30/2025 - 22:19:31: [testprecache.amxx] precaching file
L 01/30/2025 - 22:19:31: [testprecache.amxx] /hl2/cscanner/scanner_blip1.wav
L 01/30/2025 - 22:19:31: [testprecache.amxx] precaching file
L 01/30/2025 - 22:19:31: [testprecache.amxx] /hl2/cscanner/scanner_blip1.wav
L 01/30/2025 - 22:19:33: -------- Mapchange to d1_town_01 --------
L 01/30/2025 - 22:19:33: [testprecache.amxx] precaching file
L 01/30/2025 - 22:19:33: [testprecache.amxx] items/smallmedkit1.wav
L 01/30/2025 - 22:19:33: [testprecache.amxx] precaching file
L 01/30/2025 - 22:19:33: [testprecache.amxx] player/pl_wade1.wav
L 01/30/2025 - 22:19:33: [testprecache.amxx] precaching file
L 01/30/2025 - 22:19:33: [testprecache.amxx] player/pl_wade2.wav
L 01/30/2025 - 22:19:33: [testprecache.amxx] precaching file
L 01/30/2025 - 22:19:33: [testprecache.amxx] hlcoop/shockroach/shock_idle3.wav
L 01/30/2025 - 22:19:33: [testprecache.amxx] precaching file
L 01/30/2025 - 22:19:33: [testprecache.amxx] hlcoop/shockroach/shock_idle2.wav
L 01/30/2025 - 22:19:33: [testprecache.amxx] precaching file
L 01/30/2025 - 22:19:33: [testprecache.amxx] /hl2/cscanner/scanner_scan_loop2.wav
L 01/30/2025 - 22:19:33: [testprecache.amxx] precaching file
L 01/30/2025 - 22:19:33: [testprecache.amxx] /hl2/cscanner/scanner_photo1.wav
L 01/30/2025 - 22:19:33: [testprecache.amxx] precaching file
L 01/30/2025 - 22:19:33: [testprecache.amxx] /hl2/cscanner/scanner_blip1.wav
L 01/30/2025 - 22:19:33: [testprecache.amxx] precaching file
L 01/30/2025 - 22:19:33: [testprecache.amxx] /hl2/cscanner/scanner_blip1.wav
