L 01/21/2025 - 20:57:22: -------- Mapchange to sandbox --------
L 01/21/2025 - 20:57:22: [testprecache.amxx] precaching file
L 01/21/2025 - 20:57:22: [testprecache.amxx] items/smallmedkit1.wav
L 01/21/2025 - 20:57:22: [testprecache.amxx] precaching file
L 01/21/2025 - 20:57:22: [testprecache.amxx] player/pl_wade1.wav
L 01/21/2025 - 20:57:22: [testprecache.amxx] precaching file
L 01/21/2025 - 20:57:22: [testprecache.amxx] player/pl_wade2.wav
L 01/21/2025 - 20:57:22: [testprecache.amxx] precaching file
L 01/21/2025 - 20:57:22: [testprecache.amxx] hlcoop/shockroach/shock_idle3.wav
L 01/21/2025 - 20:57:22: [testprecache.amxx] precaching file
L 01/21/2025 - 20:57:22: [testprecache.amxx] hlcoop/shockroach/shock_idle2.wav
L 01/21/2025 - 20:57:22: [testprecache.amxx] precaching file
L 01/21/2025 - 20:57:22: [testprecache.amxx] /hl2/cscanner/scanner_scan_loop2.wav
L 01/21/2025 - 20:57:22: [testprecache.amxx] precaching file
L 01/21/2025 - 20:57:22: [testprecache.amxx] /hl2/cscanner/scanner_photo1.wav
L 01/21/2025 - 20:57:22: [testprecache.amxx] precaching file
L 01/21/2025 - 20:57:22: [testprecache.amxx] /hl2/cscanner/scanner_blip1.wav
L 01/21/2025 - 20:57:22: [testprecache.amxx] precaching file
L 01/21/2025 - 20:57:22: [testprecache.amxx] /hl2/cscanner/scanner_blip1.wav
L 01/21/2025 - 20:57:25: -------- Mapchange to d1_trainstation_02 --------
L 01/21/2025 - 20:57:25: [testprecache.amxx] precaching file
L 01/21/2025 - 20:57:25: [testprecache.amxx] items/smallmedkit1.wav
L 01/21/2025 - 20:57:25: [testprecache.amxx] precaching file
L 01/21/2025 - 20:57:25: [testprecache.amxx] player/pl_wade1.wav
L 01/21/2025 - 20:57:25: [testprecache.amxx] precaching file
L 01/21/2025 - 20:57:25: [testprecache.amxx] player/pl_wade2.wav
L 01/21/2025 - 20:57:25: [testprecache.amxx] precaching file
L 01/21/2025 - 20:57:25: [testprecache.amxx] hlcoop/shockroach/shock_idle3.wav
L 01/21/2025 - 20:57:25: [testprecache.amxx] precaching file
L 01/21/2025 - 20:57:25: [testprecache.amxx] hlcoop/shockroach/shock_idle2.wav
L 01/21/2025 - 20:57:25: [testprecache.amxx] precaching file
L 01/21/2025 - 20:57:25: [testprecache.amxx] /hl2/cscanner/scanner_scan_loop2.wav
L 01/21/2025 - 20:57:25: [testprecache.amxx] precaching file
L 01/21/2025 - 20:57:25: [testprecache.amxx] /hl2/cscanner/scanner_photo1.wav
L 01/21/2025 - 20:57:25: [testprecache.amxx] precaching file
L 01/21/2025 - 20:57:25: [testprecache.amxx] /hl2/cscanner/scanner_blip1.wav
L 01/21/2025 - 20:57:25: [testprecache.amxx] precaching file
L 01/21/2025 - 20:57:25: [testprecache.amxx] /hl2/cscanner/scanner_blip1.wav
