L 02/12/2025 - 00:09:48: -------- Mapchange to sandbox --------
L 02/12/2025 - 00:09:48: [testprecache.amxx] precaching file
L 02/12/2025 - 00:09:48: [testprecache.amxx] items/smallmedkit1.wav
L 02/12/2025 - 00:09:48: [testprecache.amxx] precaching file
L 02/12/2025 - 00:09:48: [testprecache.amxx] player/pl_wade1.wav
L 02/12/2025 - 00:09:48: [testprecache.amxx] precaching file
L 02/12/2025 - 00:09:48: [testprecache.amxx] player/pl_wade2.wav
L 02/12/2025 - 00:09:48: [testprecache.amxx] precaching file
L 02/12/2025 - 00:09:48: [testprecache.amxx] hlcoop/shockroach/shock_idle3.wav
L 02/12/2025 - 00:09:48: [testprecache.amxx] precaching file
L 02/12/2025 - 00:09:48: [testprecache.amxx] hlcoop/shockroach/shock_idle2.wav
L 02/12/2025 - 00:09:48: [testprecache.amxx] precaching file
L 02/12/2025 - 00:09:48: [testprecache.amxx] /hl2/cscanner/scanner_scan_loop2.wav
L 02/12/2025 - 00:09:48: [testprecache.amxx] precaching file
L 02/12/2025 - 00:09:48: [testprecache.amxx] /hl2/cscanner/scanner_photo1.wav
L 02/12/2025 - 00:09:48: [testprecache.amxx] precaching file
L 02/12/2025 - 00:09:48: [testprecache.amxx] /hl2/cscanner/scanner_blip1.wav
L 02/12/2025 - 00:09:48: [testprecache.amxx] precaching file
L 02/12/2025 - 00:09:48: [testprecache.amxx] /hl2/cscanner/scanner_blip1.wav
L 02/12/2025 - 00:09:51: -------- Mapchange to d1_trainstation_02 --------
L 02/12/2025 - 00:09:51: [testprecache.amxx] precaching file
L 02/12/2025 - 00:09:51: [testprecache.amxx] items/smallmedkit1.wav
L 02/12/2025 - 00:09:51: [testprecache.amxx] precaching file
L 02/12/2025 - 00:09:51: [testprecache.amxx] player/pl_wade1.wav
L 02/12/2025 - 00:09:51: [testprecache.amxx] precaching file
L 02/12/2025 - 00:09:51: [testprecache.amxx] player/pl_wade2.wav
L 02/12/2025 - 00:09:51: [testprecache.amxx] precaching file
L 02/12/2025 - 00:09:51: [testprecache.amxx] hlcoop/shockroach/shock_idle3.wav
L 02/12/2025 - 00:09:51: [testprecache.amxx] precaching file
L 02/12/2025 - 00:09:51: [testprecache.amxx] hlcoop/shockroach/shock_idle2.wav
L 02/12/2025 - 00:09:51: [testprecache.amxx] precaching file
L 02/12/2025 - 00:09:51: [testprecache.amxx] /hl2/cscanner/scanner_scan_loop2.wav
L 02/12/2025 - 00:09:51: [testprecache.amxx] precaching file
L 02/12/2025 - 00:09:51: [testprecache.amxx] /hl2/cscanner/scanner_photo1.wav
L 02/12/2025 - 00:09:51: [testprecache.amxx] precaching file
L 02/12/2025 - 00:09:51: [testprecache.amxx] /hl2/cscanner/scanner_blip1.wav
L 02/12/2025 - 00:09:51: [testprecache.amxx] precaching file
L 02/12/2025 - 00:09:51: [testprecache.amxx] /hl2/cscanner/scanner_blip1.wav
