L 02/25/2025 - 19:26:34: -------- Mapchange to sandbox --------
L 02/25/2025 - 19:26:34: [testprecache.amxx] precaching file
L 02/25/2025 - 19:26:34: [testprecache.amxx] items/smallmedkit1.wav
L 02/25/2025 - 19:26:34: [testprecache.amxx] precaching file
L 02/25/2025 - 19:26:34: [testprecache.amxx] player/pl_wade1.wav
L 02/25/2025 - 19:26:34: [testprecache.amxx] precaching file
L 02/25/2025 - 19:26:34: [testprecache.amxx] player/pl_wade2.wav
L 02/25/2025 - 19:26:34: [testprecache.amxx] precaching file
L 02/25/2025 - 19:26:34: [testprecache.amxx] hlcoop/shockroach/shock_idle3.wav
L 02/25/2025 - 19:26:34: [testprecache.amxx] precaching file
L 02/25/2025 - 19:26:34: [testprecache.amxx] hlcoop/shockroach/shock_idle2.wav
L 02/25/2025 - 19:26:34: [testprecache.amxx] precaching file
L 02/25/2025 - 19:26:34: [testprecache.amxx] /hl2/cscanner/scanner_scan_loop2.wav
L 02/25/2025 - 19:26:34: [testprecache.amxx] precaching file
L 02/25/2025 - 19:26:34: [testprecache.amxx] /hl2/cscanner/scanner_photo1.wav
L 02/25/2025 - 19:26:34: [testprecache.amxx] precaching file
L 02/25/2025 - 19:26:34: [testprecache.amxx] /hl2/cscanner/scanner_blip1.wav
L 02/25/2025 - 19:26:34: [testprecache.amxx] precaching file
L 02/25/2025 - 19:26:34: [testprecache.amxx] /hl2/cscanner/scanner_blip1.wav
L 02/25/2025 - 19:26:37: -------- Mapchange to hldm_2fort --------
L 02/25/2025 - 19:26:37: [testprecache.amxx] precaching file
L 02/25/2025 - 19:26:37: [testprecache.amxx] items/smallmedkit1.wav
L 02/25/2025 - 19:26:37: [testprecache.amxx] precaching file
L 02/25/2025 - 19:26:37: [testprecache.amxx] player/pl_wade1.wav
L 02/25/2025 - 19:26:37: [testprecache.amxx] precaching file
L 02/25/2025 - 19:26:37: [testprecache.amxx] player/pl_wade2.wav
L 02/25/2025 - 19:26:37: [testprecache.amxx] precaching file
L 02/25/2025 - 19:26:37: [testprecache.amxx] hlcoop/shockroach/shock_idle3.wav
L 02/25/2025 - 19:26:37: [testprecache.amxx] precaching file
L 02/25/2025 - 19:26:37: [testprecache.amxx] hlcoop/shockroach/shock_idle2.wav
L 02/25/2025 - 19:26:37: [testprecache.amxx] precaching file
L 02/25/2025 - 19:26:37: [testprecache.amxx] /hl2/cscanner/scanner_scan_loop2.wav
L 02/25/2025 - 19:26:37: [testprecache.amxx] precaching file
L 02/25/2025 - 19:26:37: [testprecache.amxx] /hl2/cscanner/scanner_photo1.wav
L 02/25/2025 - 19:26:37: [testprecache.amxx] precaching file
L 02/25/2025 - 19:26:37: [testprecache.amxx] /hl2/cscanner/scanner_blip1.wav
L 02/25/2025 - 19:26:37: [testprecache.amxx] precaching file
L 02/25/2025 - 19:26:37: [testprecache.amxx] /hl2/cscanner/scanner_blip1.wav
