L 12/11/2024 - 01:03:39: -------- Mapchange to d1_trainstation_02 --------
L 12/11/2024 - 01:03:39: [testprecache.amxx] precaching file
L 12/11/2024 - 01:03:39: [testprecache.amxx] items/smallmedkit1.wav
L 12/11/2024 - 01:03:39: [testprecache.amxx] precaching file
L 12/11/2024 - 01:03:39: [testprecache.amxx] player/pl_wade1.wav
L 12/11/2024 - 01:03:39: [testprecache.amxx] precaching file
L 12/11/2024 - 01:03:39: [testprecache.amxx] player/pl_wade2.wav
L 12/11/2024 - 01:03:39: [testprecache.amxx] precaching file
L 12/11/2024 - 01:03:39: [testprecache.amxx] hlcoop/shockroach/shock_idle3.wav
L 12/11/2024 - 01:03:39: [testprecache.amxx] precaching file
L 12/11/2024 - 01:03:39: [testprecache.amxx] hlcoop/shockroach/shock_idle2.wav
L 12/11/2024 - 01:03:39: [testprecache.amxx] precaching file
L 12/11/2024 - 01:03:39: [testprecache.amxx] /hl2/cscanner/scanner_scan_loop2.wav
L 12/11/2024 - 01:03:39: [testprecache.amxx] precaching file
L 12/11/2024 - 01:03:39: [testprecache.amxx] /hl2/cscanner/scanner_photo1.wav
L 12/11/2024 - 01:03:39: [testprecache.amxx] precaching file
L 12/11/2024 - 01:03:39: [testprecache.amxx] /hl2/cscanner/scanner_blip1.wav
L 12/11/2024 - 01:03:39: [testprecache.amxx] precaching file
L 12/11/2024 - 01:03:39: [testprecache.amxx] /hl2/cscanner/scanner_blip1.wav
L 12/11/2024 - 12:07:01: -------- Mapchange to d1_trainstation_02 --------
L 12/11/2024 - 12:07:02: [testprecache.amxx] precaching file
L 12/11/2024 - 12:07:02: [testprecache.amxx] items/smallmedkit1.wav
L 12/11/2024 - 12:07:02: [testprecache.amxx] precaching file
L 12/11/2024 - 12:07:02: [testprecache.amxx] player/pl_wade1.wav
L 12/11/2024 - 12:07:02: [testprecache.amxx] precaching file
L 12/11/2024 - 12:07:02: [testprecache.amxx] player/pl_wade2.wav
L 12/11/2024 - 12:07:02: [testprecache.amxx] precaching file
L 12/11/2024 - 12:07:02: [testprecache.amxx] hlcoop/shockroach/shock_idle3.wav
L 12/11/2024 - 12:07:02: [testprecache.amxx] precaching file
L 12/11/2024 - 12:07:02: [testprecache.amxx] hlcoop/shockroach/shock_idle2.wav
L 12/11/2024 - 12:07:02: [testprecache.amxx] precaching file
L 12/11/2024 - 12:07:02: [testprecache.amxx] /hl2/cscanner/scanner_scan_loop2.wav
L 12/11/2024 - 12:07:02: [testprecache.amxx] precaching file
L 12/11/2024 - 12:07:02: [testprecache.amxx] /hl2/cscanner/scanner_photo1.wav
L 12/11/2024 - 12:07:02: [testprecache.amxx] precaching file
L 12/11/2024 - 12:07:02: [testprecache.amxx] /hl2/cscanner/scanner_blip1.wav
L 12/11/2024 - 12:07:02: [testprecache.amxx] precaching file
L 12/11/2024 - 12:07:02: [testprecache.amxx] /hl2/cscanner/scanner_blip1.wav
L 12/11/2024 - 12:26:47: -------- Mapchange to d1_trainstation_02 --------
L 12/11/2024 - 12:26:47: [testprecache.amxx] precaching file
L 12/11/2024 - 12:26:47: [testprecache.amxx] items/smallmedkit1.wav
L 12/11/2024 - 12:26:47: [testprecache.amxx] precaching file
L 12/11/2024 - 12:26:47: [testprecache.amxx] player/pl_wade1.wav
L 12/11/2024 - 12:26:47: [testprecache.amxx] precaching file
L 12/11/2024 - 12:26:47: [testprecache.amxx] player/pl_wade2.wav
L 12/11/2024 - 12:26:47: [testprecache.amxx] precaching file
L 12/11/2024 - 12:26:47: [testprecache.amxx] hlcoop/shockroach/shock_idle3.wav
L 12/11/2024 - 12:26:47: [testprecache.amxx] precaching file
L 12/11/2024 - 12:26:47: [testprecache.amxx] hlcoop/shockroach/shock_idle2.wav
L 12/11/2024 - 12:26:47: [testprecache.amxx] precaching file
L 12/11/2024 - 12:26:47: [testprecache.amxx] /hl2/cscanner/scanner_scan_loop2.wav
L 12/11/2024 - 12:26:47: [testprecache.amxx] precaching file
L 12/11/2024 - 12:26:47: [testprecache.amxx] /hl2/cscanner/scanner_photo1.wav
L 12/11/2024 - 12:26:47: [testprecache.amxx] precaching file
L 12/11/2024 - 12:26:47: [testprecache.amxx] /hl2/cscanner/scanner_blip1.wav
L 12/11/2024 - 12:26:47: [testprecache.amxx] precaching file
L 12/11/2024 - 12:26:47: [testprecache.amxx] /hl2/cscanner/scanner_blip1.wav
L 12/11/2024 - 12:33:42: -------- Mapchange to d1_trainstation_02 --------
L 12/11/2024 - 12:33:42: [testprecache.amxx] precaching file
L 12/11/2024 - 12:33:42: [testprecache.amxx] items/smallmedkit1.wav
L 12/11/2024 - 12:33:42: [testprecache.amxx] precaching file
L 12/11/2024 - 12:33:42: [testprecache.amxx] player/pl_wade1.wav
L 12/11/2024 - 12:33:42: [testprecache.amxx] precaching file
L 12/11/2024 - 12:33:42: [testprecache.amxx] player/pl_wade2.wav
L 12/11/2024 - 12:33:42: [testprecache.amxx] precaching file
L 12/11/2024 - 12:33:42: [testprecache.amxx] hlcoop/shockroach/shock_idle3.wav
L 12/11/2024 - 12:33:42: [testprecache.amxx] precaching file
L 12/11/2024 - 12:33:42: [testprecache.amxx] hlcoop/shockroach/shock_idle2.wav
L 12/11/2024 - 12:33:42: [testprecache.amxx] precaching file
L 12/11/2024 - 12:33:42: [testprecache.amxx] /hl2/cscanner/scanner_scan_loop2.wav
L 12/11/2024 - 12:33:42: [testprecache.amxx] precaching file
L 12/11/2024 - 12:33:42: [testprecache.amxx] /hl2/cscanner/scanner_photo1.wav
L 12/11/2024 - 12:33:42: [testprecache.amxx] precaching file
L 12/11/2024 - 12:33:42: [testprecache.amxx] /hl2/cscanner/scanner_blip1.wav
L 12/11/2024 - 12:33:42: [testprecache.amxx] precaching file
L 12/11/2024 - 12:33:42: [testprecache.amxx] /hl2/cscanner/scanner_blip1.wav
L 12/11/2024 - 12:36:31: -------- Mapchange to d1_town_01 --------
L 12/11/2024 - 12:36:31: [testprecache.amxx] precaching file
L 12/11/2024 - 12:36:31: [testprecache.amxx] items/smallmedkit1.wav
L 12/11/2024 - 12:36:31: [testprecache.amxx] precaching file
L 12/11/2024 - 12:36:31: [testprecache.amxx] player/pl_wade1.wav
L 12/11/2024 - 12:36:31: [testprecache.amxx] precaching file
L 12/11/2024 - 12:36:31: [testprecache.amxx] player/pl_wade2.wav
L 12/11/2024 - 12:36:31: [testprecache.amxx] precaching file
L 12/11/2024 - 12:36:31: [testprecache.amxx] hlcoop/shockroach/shock_idle3.wav
L 12/11/2024 - 12:36:31: [testprecache.amxx] precaching file
L 12/11/2024 - 12:36:31: [testprecache.amxx] hlcoop/shockroach/shock_idle2.wav
L 12/11/2024 - 12:36:31: [testprecache.amxx] precaching file
L 12/11/2024 - 12:36:31: [testprecache.amxx] /hl2/cscanner/scanner_scan_loop2.wav
L 12/11/2024 - 12:36:31: [testprecache.amxx] precaching file
L 12/11/2024 - 12:36:31: [testprecache.amxx] /hl2/cscanner/scanner_photo1.wav
L 12/11/2024 - 12:36:31: [testprecache.amxx] precaching file
L 12/11/2024 - 12:36:31: [testprecache.amxx] /hl2/cscanner/scanner_blip1.wav
L 12/11/2024 - 12:36:31: [testprecache.amxx] precaching file
L 12/11/2024 - 12:36:31: [testprecache.amxx] /hl2/cscanner/scanner_blip1.wav
L 12/11/2024 - 12:43:18: -------- Mapchange to d1_town_01 --------
L 12/11/2024 - 12:43:18: [testprecache.amxx] precaching file
L 12/11/2024 - 12:43:18: [testprecache.amxx] items/smallmedkit1.wav
L 12/11/2024 - 12:43:18: [testprecache.amxx] precaching file
L 12/11/2024 - 12:43:18: [testprecache.amxx] player/pl_wade1.wav
L 12/11/2024 - 12:43:18: [testprecache.amxx] precaching file
L 12/11/2024 - 12:43:18: [testprecache.amxx] player/pl_wade2.wav
L 12/11/2024 - 12:43:18: [testprecache.amxx] precaching file
L 12/11/2024 - 12:43:18: [testprecache.amxx] hlcoop/shockroach/shock_idle3.wav
L 12/11/2024 - 12:43:18: [testprecache.amxx] precaching file
L 12/11/2024 - 12:43:18: [testprecache.amxx] hlcoop/shockroach/shock_idle2.wav
L 12/11/2024 - 12:43:18: [testprecache.amxx] precaching file
L 12/11/2024 - 12:43:18: [testprecache.amxx] /hl2/cscanner/scanner_scan_loop2.wav
L 12/11/2024 - 12:43:18: [testprecache.amxx] precaching file
L 12/11/2024 - 12:43:18: [testprecache.amxx] /hl2/cscanner/scanner_photo1.wav
L 12/11/2024 - 12:43:18: [testprecache.amxx] precaching file
L 12/11/2024 - 12:43:18: [testprecache.amxx] /hl2/cscanner/scanner_blip1.wav
L 12/11/2024 - 12:43:18: [testprecache.amxx] precaching file
L 12/11/2024 - 12:43:18: [testprecache.amxx] /hl2/cscanner/scanner_blip1.wav
L 12/11/2024 - 12:44:18: -------- Mapchange to d1_town_01 --------
L 12/11/2024 - 12:44:18: [testprecache.amxx] precaching file
L 12/11/2024 - 12:44:18: [testprecache.amxx] items/smallmedkit1.wav
L 12/11/2024 - 12:44:18: [testprecache.amxx] precaching file
L 12/11/2024 - 12:44:18: [testprecache.amxx] player/pl_wade1.wav
L 12/11/2024 - 12:44:18: [testprecache.amxx] precaching file
L 12/11/2024 - 12:44:18: [testprecache.amxx] player/pl_wade2.wav
L 12/11/2024 - 12:44:18: [testprecache.amxx] precaching file
L 12/11/2024 - 12:44:18: [testprecache.amxx] hlcoop/shockroach/shock_idle3.wav
L 12/11/2024 - 12:44:18: [testprecache.amxx] precaching file
L 12/11/2024 - 12:44:18: [testprecache.amxx] hlcoop/shockroach/shock_idle2.wav
L 12/11/2024 - 12:44:18: [testprecache.amxx] precaching file
L 12/11/2024 - 12:44:18: [testprecache.amxx] /hl2/cscanner/scanner_scan_loop2.wav
L 12/11/2024 - 12:44:18: [testprecache.amxx] precaching file
L 12/11/2024 - 12:44:18: [testprecache.amxx] /hl2/cscanner/scanner_photo1.wav
L 12/11/2024 - 12:44:18: [testprecache.amxx] precaching file
L 12/11/2024 - 12:44:18: [testprecache.amxx] /hl2/cscanner/scanner_blip1.wav
L 12/11/2024 - 12:44:18: [testprecache.amxx] precaching file
L 12/11/2024 - 12:44:18: [testprecache.amxx] /hl2/cscanner/scanner_blip1.wav
L 12/11/2024 - 14:05:55: -------- Mapchange to d1_town_02 --------
L 12/11/2024 - 14:05:55: [testprecache.amxx] precaching file
L 12/11/2024 - 14:05:55: [testprecache.amxx] items/smallmedkit1.wav
L 12/11/2024 - 14:05:55: [testprecache.amxx] precaching file
L 12/11/2024 - 14:05:55: [testprecache.amxx] player/pl_wade1.wav
L 12/11/2024 - 14:05:55: [testprecache.amxx] precaching file
L 12/11/2024 - 14:05:55: [testprecache.amxx] player/pl_wade2.wav
L 12/11/2024 - 14:05:55: [testprecache.amxx] precaching file
L 12/11/2024 - 14:05:55: [testprecache.amxx] hlcoop/shockroach/shock_idle3.wav
L 12/11/2024 - 14:05:55: [testprecache.amxx] precaching file
L 12/11/2024 - 14:05:55: [testprecache.amxx] hlcoop/shockroach/shock_idle2.wav
L 12/11/2024 - 14:05:55: [testprecache.amxx] precaching file
L 12/11/2024 - 14:05:55: [testprecache.amxx] /hl2/cscanner/scanner_scan_loop2.wav
L 12/11/2024 - 14:05:55: [testprecache.amxx] precaching file
L 12/11/2024 - 14:05:55: [testprecache.amxx] /hl2/cscanner/scanner_photo1.wav
L 12/11/2024 - 14:05:55: [testprecache.amxx] precaching file
L 12/11/2024 - 14:05:55: [testprecache.amxx] /hl2/cscanner/scanner_blip1.wav
L 12/11/2024 - 14:05:55: [testprecache.amxx] precaching file
L 12/11/2024 - 14:05:55: [testprecache.amxx] /hl2/cscanner/scanner_blip1.wav
L 12/11/2024 - 14:08:23: -------- Mapchange to d1_town_03 --------
L 12/11/2024 - 14:08:23: [testprecache.amxx] precaching file
L 12/11/2024 - 14:08:23: [testprecache.amxx] items/smallmedkit1.wav
L 12/11/2024 - 14:08:23: [testprecache.amxx] precaching file
L 12/11/2024 - 14:08:23: [testprecache.amxx] player/pl_wade1.wav
L 12/11/2024 - 14:08:23: [testprecache.amxx] precaching file
L 12/11/2024 - 14:08:23: [testprecache.amxx] player/pl_wade2.wav
L 12/11/2024 - 14:08:23: [testprecache.amxx] precaching file
L 12/11/2024 - 14:08:23: [testprecache.amxx] hlcoop/shockroach/shock_idle3.wav
L 12/11/2024 - 14:08:23: [testprecache.amxx] precaching file
L 12/11/2024 - 14:08:23: [testprecache.amxx] hlcoop/shockroach/shock_idle2.wav
L 12/11/2024 - 14:08:23: [testprecache.amxx] precaching file
L 12/11/2024 - 14:08:23: [testprecache.amxx] /hl2/cscanner/scanner_scan_loop2.wav
L 12/11/2024 - 14:08:23: [testprecache.amxx] precaching file
L 12/11/2024 - 14:08:23: [testprecache.amxx] /hl2/cscanner/scanner_photo1.wav
L 12/11/2024 - 14:08:23: [testprecache.amxx] precaching file
L 12/11/2024 - 14:08:23: [testprecache.amxx] /hl2/cscanner/scanner_blip1.wav
L 12/11/2024 - 14:08:23: [testprecache.amxx] precaching file
L 12/11/2024 - 14:08:23: [testprecache.amxx] /hl2/cscanner/scanner_blip1.wav
L 12/11/2024 - 14:09:17: -------- Mapchange to d1_town_04 --------
L 12/11/2024 - 14:09:18: [testprecache.amxx] precaching file
L 12/11/2024 - 14:09:18: [testprecache.amxx] items/smallmedkit1.wav
L 12/11/2024 - 14:09:18: [testprecache.amxx] precaching file
L 12/11/2024 - 14:09:18: [testprecache.amxx] player/pl_wade1.wav
L 12/11/2024 - 14:09:18: [testprecache.amxx] precaching file
L 12/11/2024 - 14:09:18: [testprecache.amxx] player/pl_wade2.wav
L 12/11/2024 - 14:09:18: [testprecache.amxx] precaching file
L 12/11/2024 - 14:09:18: [testprecache.amxx] hlcoop/shockroach/shock_idle3.wav
L 12/11/2024 - 14:09:18: [testprecache.amxx] precaching file
L 12/11/2024 - 14:09:18: [testprecache.amxx] hlcoop/shockroach/shock_idle2.wav
L 12/11/2024 - 14:09:18: [testprecache.amxx] precaching file
L 12/11/2024 - 14:09:18: [testprecache.amxx] /hl2/cscanner/scanner_scan_loop2.wav
L 12/11/2024 - 14:09:18: [testprecache.amxx] precaching file
L 12/11/2024 - 14:09:18: [testprecache.amxx] /hl2/cscanner/scanner_photo1.wav
L 12/11/2024 - 14:09:18: [testprecache.amxx] precaching file
L 12/11/2024 - 14:09:18: [testprecache.amxx] /hl2/cscanner/scanner_blip1.wav
L 12/11/2024 - 14:09:18: [testprecache.amxx] precaching file
L 12/11/2024 - 14:09:18: [testprecache.amxx] /hl2/cscanner/scanner_blip1.wav
L 12/11/2024 - 14:09:28: -------- Mapchange to d1_town_02 --------
L 12/11/2024 - 14:09:28: [testprecache.amxx] precaching file
L 12/11/2024 - 14:09:28: [testprecache.amxx] items/smallmedkit1.wav
L 12/11/2024 - 14:09:28: [testprecache.amxx] precaching file
L 12/11/2024 - 14:09:28: [testprecache.amxx] player/pl_wade1.wav
L 12/11/2024 - 14:09:28: [testprecache.amxx] precaching file
L 12/11/2024 - 14:09:28: [testprecache.amxx] player/pl_wade2.wav
L 12/11/2024 - 14:09:28: [testprecache.amxx] precaching file
L 12/11/2024 - 14:09:28: [testprecache.amxx] hlcoop/shockroach/shock_idle3.wav
L 12/11/2024 - 14:09:28: [testprecache.amxx] precaching file
L 12/11/2024 - 14:09:28: [testprecache.amxx] hlcoop/shockroach/shock_idle2.wav
L 12/11/2024 - 14:09:28: [testprecache.amxx] precaching file
L 12/11/2024 - 14:09:28: [testprecache.amxx] /hl2/cscanner/scanner_scan_loop2.wav
L 12/11/2024 - 14:09:28: [testprecache.amxx] precaching file
L 12/11/2024 - 14:09:28: [testprecache.amxx] /hl2/cscanner/scanner_photo1.wav
L 12/11/2024 - 14:09:28: [testprecache.amxx] precaching file
L 12/11/2024 - 14:09:28: [testprecache.amxx] /hl2/cscanner/scanner_blip1.wav
L 12/11/2024 - 14:09:28: [testprecache.amxx] precaching file
L 12/11/2024 - 14:09:28: [testprecache.amxx] /hl2/cscanner/scanner_blip1.wav
L 12/11/2024 - 14:14:45: -------- Mapchange to d1_trainstation_03 --------
L 12/11/2024 - 14:14:45: [testprecache.amxx] precaching file
L 12/11/2024 - 14:14:45: [testprecache.amxx] items/smallmedkit1.wav
L 12/11/2024 - 14:14:45: [testprecache.amxx] precaching file
L 12/11/2024 - 14:14:45: [testprecache.amxx] player/pl_wade1.wav
L 12/11/2024 - 14:14:45: [testprecache.amxx] precaching file
L 12/11/2024 - 14:14:45: [testprecache.amxx] player/pl_wade2.wav
L 12/11/2024 - 14:14:45: [testprecache.amxx] precaching file
L 12/11/2024 - 14:14:45: [testprecache.amxx] hlcoop/shockroach/shock_idle3.wav
L 12/11/2024 - 14:14:45: [testprecache.amxx] precaching file
L 12/11/2024 - 14:14:45: [testprecache.amxx] hlcoop/shockroach/shock_idle2.wav
L 12/11/2024 - 14:14:45: [testprecache.amxx] precaching file
L 12/11/2024 - 14:14:45: [testprecache.amxx] /hl2/cscanner/scanner_scan_loop2.wav
L 12/11/2024 - 14:14:45: [testprecache.amxx] precaching file
L 12/11/2024 - 14:14:45: [testprecache.amxx] /hl2/cscanner/scanner_photo1.wav
L 12/11/2024 - 14:14:45: [testprecache.amxx] precaching file
L 12/11/2024 - 14:14:45: [testprecache.amxx] /hl2/cscanner/scanner_blip1.wav
L 12/11/2024 - 14:14:45: [testprecache.amxx] precaching file
L 12/11/2024 - 14:14:45: [testprecache.amxx] /hl2/cscanner/scanner_blip1.wav
L 12/11/2024 - 14:15:09: -------- Mapchange to d1_trainstation_03 --------
L 12/11/2024 - 14:15:09: [testprecache.amxx] precaching file
L 12/11/2024 - 14:15:09: [testprecache.amxx] items/smallmedkit1.wav
L 12/11/2024 - 14:15:09: [testprecache.amxx] precaching file
L 12/11/2024 - 14:15:09: [testprecache.amxx] player/pl_wade1.wav
L 12/11/2024 - 14:15:09: [testprecache.amxx] precaching file
L 12/11/2024 - 14:15:09: [testprecache.amxx] player/pl_wade2.wav
L 12/11/2024 - 14:15:09: [testprecache.amxx] precaching file
L 12/11/2024 - 14:15:09: [testprecache.amxx] hlcoop/shockroach/shock_idle3.wav
L 12/11/2024 - 14:15:09: [testprecache.amxx] precaching file
L 12/11/2024 - 14:15:09: [testprecache.amxx] hlcoop/shockroach/shock_idle2.wav
L 12/11/2024 - 14:15:09: [testprecache.amxx] precaching file
L 12/11/2024 - 14:15:09: [testprecache.amxx] /hl2/cscanner/scanner_scan_loop2.wav
L 12/11/2024 - 14:15:09: [testprecache.amxx] precaching file
L 12/11/2024 - 14:15:09: [testprecache.amxx] /hl2/cscanner/scanner_photo1.wav
L 12/11/2024 - 14:15:09: [testprecache.amxx] precaching file
L 12/11/2024 - 14:15:09: [testprecache.amxx] /hl2/cscanner/scanner_blip1.wav
L 12/11/2024 - 14:15:09: [testprecache.amxx] precaching file
L 12/11/2024 - 14:15:09: [testprecache.amxx] /hl2/cscanner/scanner_blip1.wav
L 12/11/2024 - 14:22:37: -------- Mapchange to e1m1 --------
L 12/11/2024 - 14:22:37: [testprecache.amxx] precaching file
L 12/11/2024 - 14:22:37: [testprecache.amxx] items/smallmedkit1.wav
L 12/11/2024 - 14:22:37: [testprecache.amxx] precaching file
L 12/11/2024 - 14:22:37: [testprecache.amxx] player/pl_wade1.wav
L 12/11/2024 - 14:22:37: [testprecache.amxx] precaching file
L 12/11/2024 - 14:22:37: [testprecache.amxx] player/pl_wade2.wav
L 12/11/2024 - 14:22:37: [testprecache.amxx] precaching file
L 12/11/2024 - 14:22:37: [testprecache.amxx] hlcoop/shockroach/shock_idle3.wav
L 12/11/2024 - 14:22:37: [testprecache.amxx] precaching file
L 12/11/2024 - 14:22:37: [testprecache.amxx] hlcoop/shockroach/shock_idle2.wav
L 12/11/2024 - 14:22:37: [testprecache.amxx] precaching file
L 12/11/2024 - 14:22:37: [testprecache.amxx] /hl2/cscanner/scanner_scan_loop2.wav
L 12/11/2024 - 14:22:37: [testprecache.amxx] precaching file
L 12/11/2024 - 14:22:37: [testprecache.amxx] /hl2/cscanner/scanner_photo1.wav
L 12/11/2024 - 14:22:37: [testprecache.amxx] precaching file
L 12/11/2024 - 14:22:37: [testprecache.amxx] /hl2/cscanner/scanner_blip1.wav
L 12/11/2024 - 14:22:37: [testprecache.amxx] precaching file
L 12/11/2024 - 14:22:37: [testprecache.amxx] /hl2/cscanner/scanner_blip1.wav
L 12/11/2024 - 14:26:37: -------- Mapchange to d1_town_01 --------
L 12/11/2024 - 14:26:37: [testprecache.amxx] precaching file
L 12/11/2024 - 14:26:37: [testprecache.amxx] items/smallmedkit1.wav
L 12/11/2024 - 14:26:37: [testprecache.amxx] precaching file
L 12/11/2024 - 14:26:37: [testprecache.amxx] player/pl_wade1.wav
L 12/11/2024 - 14:26:37: [testprecache.amxx] precaching file
L 12/11/2024 - 14:26:37: [testprecache.amxx] player/pl_wade2.wav
L 12/11/2024 - 14:26:37: [testprecache.amxx] precaching file
L 12/11/2024 - 14:26:37: [testprecache.amxx] hlcoop/shockroach/shock_idle3.wav
L 12/11/2024 - 14:26:37: [testprecache.amxx] precaching file
L 12/11/2024 - 14:26:37: [testprecache.amxx] hlcoop/shockroach/shock_idle2.wav
L 12/11/2024 - 14:26:37: [testprecache.amxx] precaching file
L 12/11/2024 - 14:26:37: [testprecache.amxx] /hl2/cscanner/scanner_scan_loop2.wav
L 12/11/2024 - 14:26:37: [testprecache.amxx] precaching file
L 12/11/2024 - 14:26:37: [testprecache.amxx] /hl2/cscanner/scanner_photo1.wav
L 12/11/2024 - 14:26:37: [testprecache.amxx] precaching file
L 12/11/2024 - 14:26:37: [testprecache.amxx] /hl2/cscanner/scanner_blip1.wav
L 12/11/2024 - 14:26:37: [testprecache.amxx] precaching file
L 12/11/2024 - 14:26:37: [testprecache.amxx] /hl2/cscanner/scanner_blip1.wav
L 12/11/2024 - 14:26:51: -------- Mapchange to d1_trainstation_02 --------
L 12/11/2024 - 14:26:51: [testprecache.amxx] precaching file
L 12/11/2024 - 14:26:51: [testprecache.amxx] items/smallmedkit1.wav
L 12/11/2024 - 14:26:51: [testprecache.amxx] precaching file
L 12/11/2024 - 14:26:51: [testprecache.amxx] player/pl_wade1.wav
L 12/11/2024 - 14:26:51: [testprecache.amxx] precaching file
L 12/11/2024 - 14:26:51: [testprecache.amxx] player/pl_wade2.wav
L 12/11/2024 - 14:26:51: [testprecache.amxx] precaching file
L 12/11/2024 - 14:26:51: [testprecache.amxx] hlcoop/shockroach/shock_idle3.wav
L 12/11/2024 - 14:26:51: [testprecache.amxx] precaching file
L 12/11/2024 - 14:26:51: [testprecache.amxx] hlcoop/shockroach/shock_idle2.wav
L 12/11/2024 - 14:26:51: [testprecache.amxx] precaching file
L 12/11/2024 - 14:26:51: [testprecache.amxx] /hl2/cscanner/scanner_scan_loop2.wav
L 12/11/2024 - 14:26:51: [testprecache.amxx] precaching file
L 12/11/2024 - 14:26:51: [testprecache.amxx] /hl2/cscanner/scanner_photo1.wav
L 12/11/2024 - 14:26:51: [testprecache.amxx] precaching file
L 12/11/2024 - 14:26:51: [testprecache.amxx] /hl2/cscanner/scanner_blip1.wav
L 12/11/2024 - 14:26:51: [testprecache.amxx] precaching file
L 12/11/2024 - 14:26:51: [testprecache.amxx] /hl2/cscanner/scanner_blip1.wav
L 12/11/2024 - 14:47:18: -------- Mapchange to sandbox --------
L 12/11/2024 - 14:47:18: [testprecache.amxx] precaching file
L 12/11/2024 - 14:47:18: [testprecache.amxx] items/smallmedkit1.wav
L 12/11/2024 - 14:47:18: [testprecache.amxx] precaching file
L 12/11/2024 - 14:47:18: [testprecache.amxx] player/pl_wade1.wav
L 12/11/2024 - 14:47:18: [testprecache.amxx] precaching file
L 12/11/2024 - 14:47:18: [testprecache.amxx] player/pl_wade2.wav
L 12/11/2024 - 14:47:18: [testprecache.amxx] precaching file
L 12/11/2024 - 14:47:18: [testprecache.amxx] hlcoop/shockroach/shock_idle3.wav
L 12/11/2024 - 14:47:18: [testprecache.amxx] precaching file
L 12/11/2024 - 14:47:18: [testprecache.amxx] hlcoop/shockroach/shock_idle2.wav
L 12/11/2024 - 14:47:18: [testprecache.amxx] precaching file
L 12/11/2024 - 14:47:18: [testprecache.amxx] /hl2/cscanner/scanner_scan_loop2.wav
L 12/11/2024 - 14:47:18: [testprecache.amxx] precaching file
L 12/11/2024 - 14:47:18: [testprecache.amxx] /hl2/cscanner/scanner_photo1.wav
L 12/11/2024 - 14:47:18: [testprecache.amxx] precaching file
L 12/11/2024 - 14:47:18: [testprecache.amxx] /hl2/cscanner/scanner_blip1.wav
L 12/11/2024 - 14:47:18: [testprecache.amxx] precaching file
L 12/11/2024 - 14:47:18: [testprecache.amxx] /hl2/cscanner/scanner_blip1.wav
L 12/11/2024 - 14:47:21: -------- Mapchange to d1_trainstation_02 --------
L 12/11/2024 - 14:47:21: [testprecache.amxx] precaching file
L 12/11/2024 - 14:47:21: [testprecache.amxx] items/smallmedkit1.wav
L 12/11/2024 - 14:47:21: [testprecache.amxx] precaching file
L 12/11/2024 - 14:47:21: [testprecache.amxx] player/pl_wade1.wav
L 12/11/2024 - 14:47:21: [testprecache.amxx] precaching file
L 12/11/2024 - 14:47:21: [testprecache.amxx] player/pl_wade2.wav
L 12/11/2024 - 14:47:21: [testprecache.amxx] precaching file
L 12/11/2024 - 14:47:21: [testprecache.amxx] hlcoop/shockroach/shock_idle3.wav
L 12/11/2024 - 14:47:21: [testprecache.amxx] precaching file
L 12/11/2024 - 14:47:21: [testprecache.amxx] hlcoop/shockroach/shock_idle2.wav
L 12/11/2024 - 14:47:21: [testprecache.amxx] precaching file
L 12/11/2024 - 14:47:21: [testprecache.amxx] /hl2/cscanner/scanner_scan_loop2.wav
L 12/11/2024 - 14:47:21: [testprecache.amxx] precaching file
L 12/11/2024 - 14:47:21: [testprecache.amxx] /hl2/cscanner/scanner_photo1.wav
L 12/11/2024 - 14:47:21: [testprecache.amxx] precaching file
L 12/11/2024 - 14:47:21: [testprecache.amxx] /hl2/cscanner/scanner_blip1.wav
L 12/11/2024 - 14:47:21: [testprecache.amxx] precaching file
L 12/11/2024 - 14:47:21: [testprecache.amxx] /hl2/cscanner/scanner_blip1.wav
L 12/11/2024 - 14:56:22: -------- Mapchange to sandbox --------
L 12/11/2024 - 14:56:22: [testprecache.amxx] precaching file
L 12/11/2024 - 14:56:22: [testprecache.amxx] items/smallmedkit1.wav
L 12/11/2024 - 14:56:22: [testprecache.amxx] precaching file
L 12/11/2024 - 14:56:22: [testprecache.amxx] player/pl_wade1.wav
L 12/11/2024 - 14:56:22: [testprecache.amxx] precaching file
L 12/11/2024 - 14:56:22: [testprecache.amxx] player/pl_wade2.wav
L 12/11/2024 - 14:56:22: [testprecache.amxx] precaching file
L 12/11/2024 - 14:56:22: [testprecache.amxx] hlcoop/shockroach/shock_idle3.wav
L 12/11/2024 - 14:56:22: [testprecache.amxx] precaching file
L 12/11/2024 - 14:56:22: [testprecache.amxx] hlcoop/shockroach/shock_idle2.wav
L 12/11/2024 - 14:56:22: [testprecache.amxx] precaching file
L 12/11/2024 - 14:56:22: [testprecache.amxx] /hl2/cscanner/scanner_scan_loop2.wav
L 12/11/2024 - 14:56:22: [testprecache.amxx] precaching file
L 12/11/2024 - 14:56:22: [testprecache.amxx] /hl2/cscanner/scanner_photo1.wav
L 12/11/2024 - 14:56:22: [testprecache.amxx] precaching file
L 12/11/2024 - 14:56:22: [testprecache.amxx] /hl2/cscanner/scanner_blip1.wav
L 12/11/2024 - 14:56:22: [testprecache.amxx] precaching file
L 12/11/2024 - 14:56:22: [testprecache.amxx] /hl2/cscanner/scanner_blip1.wav
L 12/11/2024 - 14:56:25: -------- Mapchange to d1_trainstation_02 --------
L 12/11/2024 - 14:56:25: [testprecache.amxx] precaching file
L 12/11/2024 - 14:56:25: [testprecache.amxx] items/smallmedkit1.wav
L 12/11/2024 - 14:56:25: [testprecache.amxx] precaching file
L 12/11/2024 - 14:56:25: [testprecache.amxx] player/pl_wade1.wav
L 12/11/2024 - 14:56:25: [testprecache.amxx] precaching file
L 12/11/2024 - 14:56:25: [testprecache.amxx] player/pl_wade2.wav
L 12/11/2024 - 14:56:25: [testprecache.amxx] precaching file
L 12/11/2024 - 14:56:25: [testprecache.amxx] hlcoop/shockroach/shock_idle3.wav
L 12/11/2024 - 14:56:25: [testprecache.amxx] precaching file
L 12/11/2024 - 14:56:25: [testprecache.amxx] hlcoop/shockroach/shock_idle2.wav
L 12/11/2024 - 14:56:25: [testprecache.amxx] precaching file
L 12/11/2024 - 14:56:25: [testprecache.amxx] /hl2/cscanner/scanner_scan_loop2.wav
L 12/11/2024 - 14:56:25: [testprecache.amxx] precaching file
L 12/11/2024 - 14:56:25: [testprecache.amxx] /hl2/cscanner/scanner_photo1.wav
L 12/11/2024 - 14:56:25: [testprecache.amxx] precaching file
L 12/11/2024 - 14:56:25: [testprecache.amxx] /hl2/cscanner/scanner_blip1.wav
L 12/11/2024 - 14:56:25: [testprecache.amxx] precaching file
L 12/11/2024 - 14:56:25: [testprecache.amxx] /hl2/cscanner/scanner_blip1.wav
L 12/11/2024 - 15:06:20: -------- Mapchange to d1_trainstation_02 --------
L 12/11/2024 - 15:06:20: [testprecache.amxx] precaching file
L 12/11/2024 - 15:06:20: [testprecache.amxx] items/smallmedkit1.wav
L 12/11/2024 - 15:06:20: [testprecache.amxx] precaching file
L 12/11/2024 - 15:06:20: [testprecache.amxx] player/pl_wade1.wav
L 12/11/2024 - 15:06:20: [testprecache.amxx] precaching file
L 12/11/2024 - 15:06:20: [testprecache.amxx] player/pl_wade2.wav
L 12/11/2024 - 15:06:20: [testprecache.amxx] precaching file
L 12/11/2024 - 15:06:20: [testprecache.amxx] hlcoop/shockroach/shock_idle3.wav
L 12/11/2024 - 15:06:20: [testprecache.amxx] precaching file
L 12/11/2024 - 15:06:20: [testprecache.amxx] hlcoop/shockroach/shock_idle2.wav
L 12/11/2024 - 15:06:20: [testprecache.amxx] precaching file
L 12/11/2024 - 15:06:20: [testprecache.amxx] /hl2/cscanner/scanner_scan_loop2.wav
L 12/11/2024 - 15:06:20: [testprecache.amxx] precaching file
L 12/11/2024 - 15:06:20: [testprecache.amxx] /hl2/cscanner/scanner_photo1.wav
L 12/11/2024 - 15:06:20: [testprecache.amxx] precaching file
L 12/11/2024 - 15:06:20: [testprecache.amxx] /hl2/cscanner/scanner_blip1.wav
L 12/11/2024 - 15:06:20: [testprecache.amxx] precaching file
L 12/11/2024 - 15:06:20: [testprecache.amxx] /hl2/cscanner/scanner_blip1.wav
L 12/11/2024 - 16:57:18: -------- Mapchange to sandbox --------
L 12/11/2024 - 16:57:18: [testprecache.amxx] precaching file
L 12/11/2024 - 16:57:18: [testprecache.amxx] items/smallmedkit1.wav
L 12/11/2024 - 16:57:18: [testprecache.amxx] precaching file
L 12/11/2024 - 16:57:18: [testprecache.amxx] player/pl_wade1.wav
L 12/11/2024 - 16:57:18: [testprecache.amxx] precaching file
L 12/11/2024 - 16:57:18: [testprecache.amxx] player/pl_wade2.wav
L 12/11/2024 - 16:57:18: [testprecache.amxx] precaching file
L 12/11/2024 - 16:57:18: [testprecache.amxx] hlcoop/shockroach/shock_idle3.wav
L 12/11/2024 - 16:57:18: [testprecache.amxx] precaching file
L 12/11/2024 - 16:57:18: [testprecache.amxx] hlcoop/shockroach/shock_idle2.wav
L 12/11/2024 - 16:57:18: [testprecache.amxx] precaching file
L 12/11/2024 - 16:57:18: [testprecache.amxx] /hl2/cscanner/scanner_scan_loop2.wav
L 12/11/2024 - 16:57:18: [testprecache.amxx] precaching file
L 12/11/2024 - 16:57:18: [testprecache.amxx] /hl2/cscanner/scanner_photo1.wav
L 12/11/2024 - 16:57:18: [testprecache.amxx] precaching file
L 12/11/2024 - 16:57:18: [testprecache.amxx] /hl2/cscanner/scanner_blip1.wav
L 12/11/2024 - 16:57:18: [testprecache.amxx] precaching file
L 12/11/2024 - 16:57:18: [testprecache.amxx] /hl2/cscanner/scanner_blip1.wav
L 12/11/2024 - 16:57:18: [galileo.amxx] 
L 12/11/2024 - 16:57:18: [galileo.amxx] The server is jumping to the next map after the current map due more than 1 restarts on the map "d1_trainstation_02"
L 12/11/2024 - 16:57:18: [galileo.amxx] 
L 12/11/2024 - 16:57:21: -------- Mapchange to c1a0 --------
L 12/11/2024 - 16:57:21: [testprecache.amxx] precaching file
L 12/11/2024 - 16:57:21: [testprecache.amxx] items/smallmedkit1.wav
L 12/11/2024 - 16:57:21: [testprecache.amxx] precaching file
L 12/11/2024 - 16:57:21: [testprecache.amxx] player/pl_wade1.wav
L 12/11/2024 - 16:57:21: [testprecache.amxx] precaching file
L 12/11/2024 - 16:57:21: [testprecache.amxx] player/pl_wade2.wav
L 12/11/2024 - 16:57:21: [testprecache.amxx] precaching file
L 12/11/2024 - 16:57:21: [testprecache.amxx] hlcoop/shockroach/shock_idle3.wav
L 12/11/2024 - 16:57:21: [testprecache.amxx] precaching file
L 12/11/2024 - 16:57:21: [testprecache.amxx] hlcoop/shockroach/shock_idle2.wav
L 12/11/2024 - 16:57:21: [testprecache.amxx] precaching file
L 12/11/2024 - 16:57:21: [testprecache.amxx] /hl2/cscanner/scanner_scan_loop2.wav
L 12/11/2024 - 16:57:21: [testprecache.amxx] precaching file
L 12/11/2024 - 16:57:21: [testprecache.amxx] /hl2/cscanner/scanner_photo1.wav
L 12/11/2024 - 16:57:21: [testprecache.amxx] precaching file
L 12/11/2024 - 16:57:21: [testprecache.amxx] /hl2/cscanner/scanner_blip1.wav
L 12/11/2024 - 16:57:21: [testprecache.amxx] precaching file
L 12/11/2024 - 16:57:21: [testprecache.amxx] /hl2/cscanner/scanner_blip1.wav
L 12/11/2024 - 16:58:46: -------- Mapchange to d1_trainstation_02 --------
L 12/11/2024 - 16:58:46: [testprecache.amxx] precaching file
L 12/11/2024 - 16:58:46: [testprecache.amxx] items/smallmedkit1.wav
L 12/11/2024 - 16:58:46: [testprecache.amxx] precaching file
L 12/11/2024 - 16:58:46: [testprecache.amxx] player/pl_wade1.wav
L 12/11/2024 - 16:58:46: [testprecache.amxx] precaching file
L 12/11/2024 - 16:58:46: [testprecache.amxx] player/pl_wade2.wav
L 12/11/2024 - 16:58:46: [testprecache.amxx] precaching file
L 12/11/2024 - 16:58:46: [testprecache.amxx] hlcoop/shockroach/shock_idle3.wav
L 12/11/2024 - 16:58:46: [testprecache.amxx] precaching file
L 12/11/2024 - 16:58:46: [testprecache.amxx] hlcoop/shockroach/shock_idle2.wav
L 12/11/2024 - 16:58:46: [testprecache.amxx] precaching file
L 12/11/2024 - 16:58:46: [testprecache.amxx] /hl2/cscanner/scanner_scan_loop2.wav
L 12/11/2024 - 16:58:46: [testprecache.amxx] precaching file
L 12/11/2024 - 16:58:46: [testprecache.amxx] /hl2/cscanner/scanner_photo1.wav
L 12/11/2024 - 16:58:46: [testprecache.amxx] precaching file
L 12/11/2024 - 16:58:46: [testprecache.amxx] /hl2/cscanner/scanner_blip1.wav
L 12/11/2024 - 16:58:46: [testprecache.amxx] precaching file
L 12/11/2024 - 16:58:46: [testprecache.amxx] /hl2/cscanner/scanner_blip1.wav
L 12/11/2024 - 17:12:53: -------- Mapchange to crossfire --------
L 12/11/2024 - 17:12:53: [testprecache.amxx] precaching file
L 12/11/2024 - 17:12:53: [testprecache.amxx] items/smallmedkit1.wav
L 12/11/2024 - 17:12:53: [testprecache.amxx] precaching file
L 12/11/2024 - 17:12:53: [testprecache.amxx] player/pl_wade1.wav
L 12/11/2024 - 17:12:53: [testprecache.amxx] precaching file
L 12/11/2024 - 17:12:53: [testprecache.amxx] player/pl_wade2.wav
L 12/11/2024 - 17:12:53: [testprecache.amxx] precaching file
L 12/11/2024 - 17:12:53: [testprecache.amxx] hlcoop/shockroach/shock_idle3.wav
L 12/11/2024 - 17:12:53: [testprecache.amxx] precaching file
L 12/11/2024 - 17:12:53: [testprecache.amxx] hlcoop/shockroach/shock_idle2.wav
L 12/11/2024 - 17:12:53: [testprecache.amxx] precaching file
L 12/11/2024 - 17:12:53: [testprecache.amxx] /hl2/cscanner/scanner_scan_loop2.wav
L 12/11/2024 - 17:12:53: [testprecache.amxx] precaching file
L 12/11/2024 - 17:12:53: [testprecache.amxx] /hl2/cscanner/scanner_photo1.wav
L 12/11/2024 - 17:12:53: [testprecache.amxx] precaching file
L 12/11/2024 - 17:12:53: [testprecache.amxx] /hl2/cscanner/scanner_blip1.wav
L 12/11/2024 - 17:12:53: [testprecache.amxx] precaching file
L 12/11/2024 - 17:12:53: [testprecache.amxx] /hl2/cscanner/scanner_blip1.wav
L 12/11/2024 - 17:55:52: -------- Mapchange to sandbox --------
L 12/11/2024 - 17:55:52: [testprecache.amxx] precaching file
L 12/11/2024 - 17:55:52: [testprecache.amxx] items/smallmedkit1.wav
L 12/11/2024 - 17:55:52: [testprecache.amxx] precaching file
L 12/11/2024 - 17:55:52: [testprecache.amxx] player/pl_wade1.wav
L 12/11/2024 - 17:55:52: [testprecache.amxx] precaching file
L 12/11/2024 - 17:55:52: [testprecache.amxx] player/pl_wade2.wav
L 12/11/2024 - 17:55:52: [testprecache.amxx] precaching file
L 12/11/2024 - 17:55:52: [testprecache.amxx] hlcoop/shockroach/shock_idle3.wav
L 12/11/2024 - 17:55:52: [testprecache.amxx] precaching file
L 12/11/2024 - 17:55:52: [testprecache.amxx] hlcoop/shockroach/shock_idle2.wav
L 12/11/2024 - 17:55:52: [testprecache.amxx] precaching file
L 12/11/2024 - 17:55:52: [testprecache.amxx] /hl2/cscanner/scanner_scan_loop2.wav
L 12/11/2024 - 17:55:52: [testprecache.amxx] precaching file
L 12/11/2024 - 17:55:52: [testprecache.amxx] /hl2/cscanner/scanner_photo1.wav
L 12/11/2024 - 17:55:52: [testprecache.amxx] precaching file
L 12/11/2024 - 17:55:52: [testprecache.amxx] /hl2/cscanner/scanner_blip1.wav
L 12/11/2024 - 17:55:52: [testprecache.amxx] precaching file
L 12/11/2024 - 17:55:52: [testprecache.amxx] /hl2/cscanner/scanner_blip1.wav
L 12/11/2024 - 17:55:54: -------- Mapchange to crossfire --------
L 12/11/2024 - 17:55:54: [testprecache.amxx] precaching file
L 12/11/2024 - 17:55:54: [testprecache.amxx] items/smallmedkit1.wav
L 12/11/2024 - 17:55:54: [testprecache.amxx] precaching file
L 12/11/2024 - 17:55:54: [testprecache.amxx] player/pl_wade1.wav
L 12/11/2024 - 17:55:54: [testprecache.amxx] precaching file
L 12/11/2024 - 17:55:54: [testprecache.amxx] player/pl_wade2.wav
L 12/11/2024 - 17:55:54: [testprecache.amxx] precaching file
L 12/11/2024 - 17:55:54: [testprecache.amxx] hlcoop/shockroach/shock_idle3.wav
L 12/11/2024 - 17:55:54: [testprecache.amxx] precaching file
L 12/11/2024 - 17:55:54: [testprecache.amxx] hlcoop/shockroach/shock_idle2.wav
L 12/11/2024 - 17:55:54: [testprecache.amxx] precaching file
L 12/11/2024 - 17:55:54: [testprecache.amxx] /hl2/cscanner/scanner_scan_loop2.wav
L 12/11/2024 - 17:55:54: [testprecache.amxx] precaching file
L 12/11/2024 - 17:55:54: [testprecache.amxx] /hl2/cscanner/scanner_photo1.wav
L 12/11/2024 - 17:55:54: [testprecache.amxx] precaching file
L 12/11/2024 - 17:55:54: [testprecache.amxx] /hl2/cscanner/scanner_blip1.wav
L 12/11/2024 - 17:55:54: [testprecache.amxx] precaching file
L 12/11/2024 - 17:55:54: [testprecache.amxx] /hl2/cscanner/scanner_blip1.wav
L 12/11/2024 - 17:58:35: -------- Mapchange to d1_trainstation_02 --------
L 12/11/2024 - 17:58:35: [testprecache.amxx] precaching file
L 12/11/2024 - 17:58:35: [testprecache.amxx] items/smallmedkit1.wav
L 12/11/2024 - 17:58:35: [testprecache.amxx] precaching file
L 12/11/2024 - 17:58:35: [testprecache.amxx] player/pl_wade1.wav
L 12/11/2024 - 17:58:35: [testprecache.amxx] precaching file
L 12/11/2024 - 17:58:35: [testprecache.amxx] player/pl_wade2.wav
L 12/11/2024 - 17:58:35: [testprecache.amxx] precaching file
L 12/11/2024 - 17:58:35: [testprecache.amxx] hlcoop/shockroach/shock_idle3.wav
L 12/11/2024 - 17:58:35: [testprecache.amxx] precaching file
L 12/11/2024 - 17:58:35: [testprecache.amxx] hlcoop/shockroach/shock_idle2.wav
L 12/11/2024 - 17:58:35: [testprecache.amxx] precaching file
L 12/11/2024 - 17:58:35: [testprecache.amxx] /hl2/cscanner/scanner_scan_loop2.wav
L 12/11/2024 - 17:58:35: [testprecache.amxx] precaching file
L 12/11/2024 - 17:58:35: [testprecache.amxx] /hl2/cscanner/scanner_photo1.wav
L 12/11/2024 - 17:58:35: [testprecache.amxx] precaching file
L 12/11/2024 - 17:58:35: [testprecache.amxx] /hl2/cscanner/scanner_blip1.wav
L 12/11/2024 - 17:58:35: [testprecache.amxx] precaching file
L 12/11/2024 - 17:58:35: [testprecache.amxx] /hl2/cscanner/scanner_blip1.wav
L 12/11/2024 - 17:59:11: -------- Mapchange to sandbox --------
L 12/11/2024 - 17:59:11: [testprecache.amxx] precaching file
L 12/11/2024 - 17:59:11: [testprecache.amxx] items/smallmedkit1.wav
L 12/11/2024 - 17:59:11: [testprecache.amxx] precaching file
L 12/11/2024 - 17:59:11: [testprecache.amxx] player/pl_wade1.wav
L 12/11/2024 - 17:59:11: [testprecache.amxx] precaching file
L 12/11/2024 - 17:59:11: [testprecache.amxx] player/pl_wade2.wav
L 12/11/2024 - 17:59:11: [testprecache.amxx] precaching file
L 12/11/2024 - 17:59:11: [testprecache.amxx] hlcoop/shockroach/shock_idle3.wav
L 12/11/2024 - 17:59:11: [testprecache.amxx] precaching file
L 12/11/2024 - 17:59:11: [testprecache.amxx] hlcoop/shockroach/shock_idle2.wav
L 12/11/2024 - 17:59:11: [testprecache.amxx] precaching file
L 12/11/2024 - 17:59:11: [testprecache.amxx] /hl2/cscanner/scanner_scan_loop2.wav
L 12/11/2024 - 17:59:11: [testprecache.amxx] precaching file
L 12/11/2024 - 17:59:11: [testprecache.amxx] /hl2/cscanner/scanner_photo1.wav
L 12/11/2024 - 17:59:11: [testprecache.amxx] precaching file
L 12/11/2024 - 17:59:11: [testprecache.amxx] /hl2/cscanner/scanner_blip1.wav
L 12/11/2024 - 17:59:11: [testprecache.amxx] precaching file
L 12/11/2024 - 17:59:11: [testprecache.amxx] /hl2/cscanner/scanner_blip1.wav
L 12/11/2024 - 19:50:57: -------- Mapchange to sandbox --------
L 12/11/2024 - 19:50:57: [testprecache.amxx] precaching file
L 12/11/2024 - 19:50:57: [testprecache.amxx] items/smallmedkit1.wav
L 12/11/2024 - 19:50:57: [testprecache.amxx] precaching file
L 12/11/2024 - 19:50:57: [testprecache.amxx] player/pl_wade1.wav
L 12/11/2024 - 19:50:57: [testprecache.amxx] precaching file
L 12/11/2024 - 19:50:57: [testprecache.amxx] player/pl_wade2.wav
L 12/11/2024 - 19:50:57: [testprecache.amxx] precaching file
L 12/11/2024 - 19:50:57: [testprecache.amxx] hlcoop/shockroach/shock_idle3.wav
L 12/11/2024 - 19:50:57: [testprecache.amxx] precaching file
L 12/11/2024 - 19:50:57: [testprecache.amxx] hlcoop/shockroach/shock_idle2.wav
L 12/11/2024 - 19:50:57: [testprecache.amxx] precaching file
L 12/11/2024 - 19:50:57: [testprecache.amxx] /hl2/cscanner/scanner_scan_loop2.wav
L 12/11/2024 - 19:50:57: [testprecache.amxx] precaching file
L 12/11/2024 - 19:50:57: [testprecache.amxx] /hl2/cscanner/scanner_photo1.wav
L 12/11/2024 - 19:50:57: [testprecache.amxx] precaching file
L 12/11/2024 - 19:50:57: [testprecache.amxx] /hl2/cscanner/scanner_blip1.wav
L 12/11/2024 - 19:50:57: [testprecache.amxx] precaching file
L 12/11/2024 - 19:50:57: [testprecache.amxx] /hl2/cscanner/scanner_blip1.wav
L 12/11/2024 - 20:15:32: -------- Mapchange to sandbox --------
L 12/11/2024 - 20:15:32: [testprecache.amxx] precaching file
L 12/11/2024 - 20:15:32: [testprecache.amxx] items/smallmedkit1.wav
L 12/11/2024 - 20:15:32: [testprecache.amxx] precaching file
L 12/11/2024 - 20:15:32: [testprecache.amxx] player/pl_wade1.wav
L 12/11/2024 - 20:15:32: [testprecache.amxx] precaching file
L 12/11/2024 - 20:15:32: [testprecache.amxx] player/pl_wade2.wav
L 12/11/2024 - 20:15:32: [testprecache.amxx] precaching file
L 12/11/2024 - 20:15:32: [testprecache.amxx] hlcoop/shockroach/shock_idle3.wav
L 12/11/2024 - 20:15:32: [testprecache.amxx] precaching file
L 12/11/2024 - 20:15:32: [testprecache.amxx] hlcoop/shockroach/shock_idle2.wav
L 12/11/2024 - 20:15:32: [testprecache.amxx] precaching file
L 12/11/2024 - 20:15:32: [testprecache.amxx] /hl2/cscanner/scanner_scan_loop2.wav
L 12/11/2024 - 20:15:32: [testprecache.amxx] precaching file
L 12/11/2024 - 20:15:32: [testprecache.amxx] /hl2/cscanner/scanner_photo1.wav
L 12/11/2024 - 20:15:32: [testprecache.amxx] precaching file
L 12/11/2024 - 20:15:32: [testprecache.amxx] /hl2/cscanner/scanner_blip1.wav
L 12/11/2024 - 20:15:32: [testprecache.amxx] precaching file
L 12/11/2024 - 20:15:32: [testprecache.amxx] /hl2/cscanner/scanner_blip1.wav
L 12/11/2024 - 21:06:28: -------- Mapchange to sandbox --------
L 12/11/2024 - 21:06:28: [testprecache.amxx] precaching file
L 12/11/2024 - 21:06:28: [testprecache.amxx] items/smallmedkit1.wav
L 12/11/2024 - 21:06:28: [testprecache.amxx] precaching file
L 12/11/2024 - 21:06:28: [testprecache.amxx] player/pl_wade1.wav
L 12/11/2024 - 21:06:28: [testprecache.amxx] precaching file
L 12/11/2024 - 21:06:28: [testprecache.amxx] player/pl_wade2.wav
L 12/11/2024 - 21:06:28: [testprecache.amxx] precaching file
L 12/11/2024 - 21:06:28: [testprecache.amxx] hlcoop/shockroach/shock_idle3.wav
L 12/11/2024 - 21:06:28: [testprecache.amxx] precaching file
L 12/11/2024 - 21:06:28: [testprecache.amxx] hlcoop/shockroach/shock_idle2.wav
L 12/11/2024 - 21:06:28: [testprecache.amxx] precaching file
L 12/11/2024 - 21:06:28: [testprecache.amxx] /hl2/cscanner/scanner_scan_loop2.wav
L 12/11/2024 - 21:06:28: [testprecache.amxx] precaching file
L 12/11/2024 - 21:06:28: [testprecache.amxx] /hl2/cscanner/scanner_photo1.wav
L 12/11/2024 - 21:06:28: [testprecache.amxx] precaching file
L 12/11/2024 - 21:06:28: [testprecache.amxx] /hl2/cscanner/scanner_blip1.wav
L 12/11/2024 - 21:06:28: [testprecache.amxx] precaching file
L 12/11/2024 - 21:06:28: [testprecache.amxx] /hl2/cscanner/scanner_blip1.wav
L 12/11/2024 - 21:06:28: [galileo.amxx] 
L 12/11/2024 - 21:06:28: [galileo.amxx] The server is jumping to the next map after the current map due more than 1 restarts on the map "sandbox"
L 12/11/2024 - 21:06:28: [galileo.amxx] 
L 12/11/2024 - 21:06:30: -------- Mapchange to sc_test --------
L 12/11/2024 - 21:06:30: [testprecache.amxx] precaching file
L 12/11/2024 - 21:06:30: [testprecache.amxx] items/smallmedkit1.wav
L 12/11/2024 - 21:06:30: [testprecache.amxx] precaching file
L 12/11/2024 - 21:06:30: [testprecache.amxx] player/pl_wade1.wav
L 12/11/2024 - 21:06:30: [testprecache.amxx] precaching file
L 12/11/2024 - 21:06:30: [testprecache.amxx] player/pl_wade2.wav
L 12/11/2024 - 21:06:30: [testprecache.amxx] precaching file
L 12/11/2024 - 21:06:30: [testprecache.amxx] hlcoop/shockroach/shock_idle3.wav
L 12/11/2024 - 21:06:30: [testprecache.amxx] precaching file
L 12/11/2024 - 21:06:30: [testprecache.amxx] hlcoop/shockroach/shock_idle2.wav
L 12/11/2024 - 21:06:30: [testprecache.amxx] precaching file
L 12/11/2024 - 21:06:30: [testprecache.amxx] /hl2/cscanner/scanner_scan_loop2.wav
L 12/11/2024 - 21:06:30: [testprecache.amxx] precaching file
L 12/11/2024 - 21:06:30: [testprecache.amxx] /hl2/cscanner/scanner_photo1.wav
L 12/11/2024 - 21:06:30: [testprecache.amxx] precaching file
L 12/11/2024 - 21:06:30: [testprecache.amxx] /hl2/cscanner/scanner_blip1.wav
L 12/11/2024 - 21:06:30: [testprecache.amxx] precaching file
L 12/11/2024 - 21:06:30: [testprecache.amxx] /hl2/cscanner/scanner_blip1.wav
L 12/11/2024 - 21:10:37: -------- Mapchange to coolrig --------
L 12/11/2024 - 21:10:37: [testprecache.amxx] precaching file
L 12/11/2024 - 21:10:37: [testprecache.amxx] items/smallmedkit1.wav
L 12/11/2024 - 21:10:37: [testprecache.amxx] precaching file
L 12/11/2024 - 21:10:37: [testprecache.amxx] player/pl_wade1.wav
L 12/11/2024 - 21:10:37: [testprecache.amxx] precaching file
L 12/11/2024 - 21:10:37: [testprecache.amxx] player/pl_wade2.wav
L 12/11/2024 - 21:10:37: [testprecache.amxx] precaching file
L 12/11/2024 - 21:10:37: [testprecache.amxx] hlcoop/shockroach/shock_idle3.wav
L 12/11/2024 - 21:10:37: [testprecache.amxx] precaching file
L 12/11/2024 - 21:10:37: [testprecache.amxx] hlcoop/shockroach/shock_idle2.wav
L 12/11/2024 - 21:10:37: [testprecache.amxx] precaching file
L 12/11/2024 - 21:10:37: [testprecache.amxx] /hl2/cscanner/scanner_scan_loop2.wav
L 12/11/2024 - 21:10:37: [testprecache.amxx] precaching file
L 12/11/2024 - 21:10:37: [testprecache.amxx] /hl2/cscanner/scanner_photo1.wav
L 12/11/2024 - 21:10:37: [testprecache.amxx] precaching file
L 12/11/2024 - 21:10:37: [testprecache.amxx] /hl2/cscanner/scanner_blip1.wav
L 12/11/2024 - 21:10:37: [testprecache.amxx] precaching file
L 12/11/2024 - 21:10:37: [testprecache.amxx] /hl2/cscanner/scanner_blip1.wav
L 12/11/2024 - 21:13:59: -------- Mapchange to sandbox --------
L 12/11/2024 - 21:13:59: [testprecache.amxx] precaching file
L 12/11/2024 - 21:13:59: [testprecache.amxx] items/smallmedkit1.wav
L 12/11/2024 - 21:13:59: [testprecache.amxx] precaching file
L 12/11/2024 - 21:13:59: [testprecache.amxx] player/pl_wade1.wav
L 12/11/2024 - 21:13:59: [testprecache.amxx] precaching file
L 12/11/2024 - 21:13:59: [testprecache.amxx] player/pl_wade2.wav
L 12/11/2024 - 21:13:59: [testprecache.amxx] precaching file
L 12/11/2024 - 21:13:59: [testprecache.amxx] hlcoop/shockroach/shock_idle3.wav
L 12/11/2024 - 21:13:59: [testprecache.amxx] precaching file
L 12/11/2024 - 21:13:59: [testprecache.amxx] hlcoop/shockroach/shock_idle2.wav
L 12/11/2024 - 21:13:59: [testprecache.amxx] precaching file
L 12/11/2024 - 21:13:59: [testprecache.amxx] /hl2/cscanner/scanner_scan_loop2.wav
L 12/11/2024 - 21:13:59: [testprecache.amxx] precaching file
L 12/11/2024 - 21:13:59: [testprecache.amxx] /hl2/cscanner/scanner_photo1.wav
L 12/11/2024 - 21:13:59: [testprecache.amxx] precaching file
L 12/11/2024 - 21:13:59: [testprecache.amxx] /hl2/cscanner/scanner_blip1.wav
L 12/11/2024 - 21:13:59: [testprecache.amxx] precaching file
L 12/11/2024 - 21:13:59: [testprecache.amxx] /hl2/cscanner/scanner_blip1.wav
