L 10/10/2024 - 02:12:48: -------- Mapchange to sandbox --------
L 10/10/2024 - 02:12:48: [testprecache.amxx] precaching file
L 10/10/2024 - 02:12:48: [testprecache.amxx] items/smallmedkit1.wav
L 10/10/2024 - 02:12:48: [testprecache.amxx] precaching file
L 10/10/2024 - 02:12:48: [testprecache.amxx] player/pl_wade1.wav
L 10/10/2024 - 02:12:48: [testprecache.amxx] precaching file
L 10/10/2024 - 02:12:48: [testprecache.amxx] player/pl_wade2.wav
L 10/10/2024 - 02:12:48: [testprecache.amxx] precaching file
L 10/10/2024 - 02:12:48: [testprecache.amxx] hlcoop/shockroach/shock_idle3.wav
L 10/10/2024 - 02:12:48: [testprecache.amxx] precaching file
L 10/10/2024 - 02:12:48: [testprecache.amxx] hlcoop/shockroach/shock_idle2.wav
L 10/10/2024 - 02:12:48: [testprecache.amxx] precaching file
L 10/10/2024 - 02:12:48: [testprecache.amxx] hlcoop/shockroach/shock_idle2.wav
L 10/10/2024 - 02:12:48: [testprecache.amxx] precaching file
L 10/10/2024 - 02:12:48: [testprecache.amxx] hlcoop/shockroach/shock_idle2.wav
L 10/10/2024 - 02:12:51: -------- Mapchange to d1_town_01 --------
L 10/10/2024 - 02:12:51: [testprecache.amxx] precaching file
L 10/10/2024 - 02:12:51: [testprecache.amxx] items/smallmedkit1.wav
L 10/10/2024 - 02:12:51: [testprecache.amxx] precaching file
L 10/10/2024 - 02:12:51: [testprecache.amxx] player/pl_wade1.wav
L 10/10/2024 - 02:12:51: [testprecache.amxx] precaching file
L 10/10/2024 - 02:12:51: [testprecache.amxx] player/pl_wade2.wav
L 10/10/2024 - 02:12:51: [testprecache.amxx] precaching file
L 10/10/2024 - 02:12:51: [testprecache.amxx] hlcoop/shockroach/shock_idle3.wav
L 10/10/2024 - 02:12:51: [testprecache.amxx] precaching file
L 10/10/2024 - 02:12:51: [testprecache.amxx] hlcoop/shockroach/shock_idle2.wav
L 10/10/2024 - 02:12:51: [testprecache.amxx] precaching file
L 10/10/2024 - 02:12:51: [testprecache.amxx] hlcoop/shockroach/shock_idle2.wav
L 10/10/2024 - 02:12:51: [testprecache.amxx] precaching file
L 10/10/2024 - 02:12:51: [testprecache.amxx] hlcoop/shockroach/shock_idle2.wav
L 10/10/2024 - 02:21:58: -------- Mapchange to sandbox --------
L 10/10/2024 - 02:21:58: [testprecache.amxx] precaching file
L 10/10/2024 - 02:21:58: [testprecache.amxx] items/smallmedkit1.wav
L 10/10/2024 - 02:21:58: [testprecache.amxx] precaching file
L 10/10/2024 - 02:21:58: [testprecache.amxx] player/pl_wade1.wav
L 10/10/2024 - 02:21:58: [testprecache.amxx] precaching file
L 10/10/2024 - 02:21:58: [testprecache.amxx] player/pl_wade2.wav
L 10/10/2024 - 02:21:58: [testprecache.amxx] precaching file
L 10/10/2024 - 02:21:58: [testprecache.amxx] hlcoop/shockroach/shock_idle3.wav
L 10/10/2024 - 02:21:58: [testprecache.amxx] precaching file
L 10/10/2024 - 02:21:58: [testprecache.amxx] hlcoop/shockroach/shock_idle2.wav
L 10/10/2024 - 02:21:58: [testprecache.amxx] precaching file
L 10/10/2024 - 02:21:58: [testprecache.amxx] hlcoop/shockroach/shock_idle2.wav
L 10/10/2024 - 02:21:58: [testprecache.amxx] precaching file
L 10/10/2024 - 02:21:58: [testprecache.amxx] hlcoop/shockroach/shock_idle2.wav
L 10/10/2024 - 02:43:59: -------- Mapchange to sandbox --------
L 10/10/2024 - 02:43:59: [testprecache.amxx] precaching file
L 10/10/2024 - 02:43:59: [testprecache.amxx] items/smallmedkit1.wav
L 10/10/2024 - 02:43:59: [testprecache.amxx] precaching file
L 10/10/2024 - 02:43:59: [testprecache.amxx] player/pl_wade1.wav
L 10/10/2024 - 02:43:59: [testprecache.amxx] precaching file
L 10/10/2024 - 02:43:59: [testprecache.amxx] player/pl_wade2.wav
L 10/10/2024 - 02:43:59: [testprecache.amxx] precaching file
L 10/10/2024 - 02:43:59: [testprecache.amxx] hlcoop/shockroach/shock_idle3.wav
L 10/10/2024 - 02:43:59: [testprecache.amxx] precaching file
L 10/10/2024 - 02:43:59: [testprecache.amxx] hlcoop/shockroach/shock_idle2.wav
L 10/10/2024 - 02:43:59: [testprecache.amxx] precaching file
L 10/10/2024 - 02:43:59: [testprecache.amxx] hlcoop/shockroach/shock_idle2.wav
L 10/10/2024 - 02:43:59: [testprecache.amxx] precaching file
L 10/10/2024 - 02:43:59: [testprecache.amxx] hlcoop/shockroach/shock_idle2.wav
L 10/10/2024 - 02:57:44: -------- Mapchange to sandbox --------
L 10/10/2024 - 02:57:44: [testprecache.amxx] precaching file
L 10/10/2024 - 02:57:44: [testprecache.amxx] items/smallmedkit1.wav
L 10/10/2024 - 02:57:44: [testprecache.amxx] precaching file
L 10/10/2024 - 02:57:44: [testprecache.amxx] player/pl_wade1.wav
L 10/10/2024 - 02:57:44: [testprecache.amxx] precaching file
L 10/10/2024 - 02:57:44: [testprecache.amxx] player/pl_wade2.wav
L 10/10/2024 - 02:57:44: [testprecache.amxx] precaching file
L 10/10/2024 - 02:57:44: [testprecache.amxx] hlcoop/shockroach/shock_idle3.wav
L 10/10/2024 - 02:57:44: [testprecache.amxx] precaching file
L 10/10/2024 - 02:57:44: [testprecache.amxx] hlcoop/shockroach/shock_idle2.wav
L 10/10/2024 - 02:57:44: [testprecache.amxx] precaching file
L 10/10/2024 - 02:57:44: [testprecache.amxx] hlcoop/shockroach/shock_idle2.wav
L 10/10/2024 - 02:57:44: [testprecache.amxx] precaching file
L 10/10/2024 - 02:57:44: [testprecache.amxx] hlcoop/shockroach/shock_idle2.wav
L 10/10/2024 - 02:58:17: -------- Mapchange to d1_town_01 --------
L 10/10/2024 - 02:58:17: [testprecache.amxx] precaching file
L 10/10/2024 - 02:58:17: [testprecache.amxx] items/smallmedkit1.wav
L 10/10/2024 - 02:58:17: [testprecache.amxx] precaching file
L 10/10/2024 - 02:58:17: [testprecache.amxx] player/pl_wade1.wav
L 10/10/2024 - 02:58:17: [testprecache.amxx] precaching file
L 10/10/2024 - 02:58:17: [testprecache.amxx] player/pl_wade2.wav
L 10/10/2024 - 02:58:17: [testprecache.amxx] precaching file
L 10/10/2024 - 02:58:17: [testprecache.amxx] hlcoop/shockroach/shock_idle3.wav
L 10/10/2024 - 02:58:17: [testprecache.amxx] precaching file
L 10/10/2024 - 02:58:17: [testprecache.amxx] hlcoop/shockroach/shock_idle2.wav
L 10/10/2024 - 02:58:17: [testprecache.amxx] precaching file
L 10/10/2024 - 02:58:17: [testprecache.amxx] hlcoop/shockroach/shock_idle2.wav
L 10/10/2024 - 02:58:17: [testprecache.amxx] precaching file
L 10/10/2024 - 02:58:17: [testprecache.amxx] hlcoop/shockroach/shock_idle2.wav
L 10/10/2024 - 11:22:08: -------- Mapchange to sandbox --------
L 10/10/2024 - 11:22:08: [testprecache.amxx] precaching file
L 10/10/2024 - 11:22:08: [testprecache.amxx] items/smallmedkit1.wav
L 10/10/2024 - 11:22:08: [testprecache.amxx] precaching file
L 10/10/2024 - 11:22:08: [testprecache.amxx] player/pl_wade1.wav
L 10/10/2024 - 11:22:08: [testprecache.amxx] precaching file
L 10/10/2024 - 11:22:08: [testprecache.amxx] player/pl_wade2.wav
L 10/10/2024 - 11:22:08: [testprecache.amxx] precaching file
L 10/10/2024 - 11:22:08: [testprecache.amxx] hlcoop/shockroach/shock_idle3.wav
L 10/10/2024 - 11:22:08: [testprecache.amxx] precaching file
L 10/10/2024 - 11:22:08: [testprecache.amxx] hlcoop/shockroach/shock_idle2.wav
L 10/10/2024 - 11:22:08: [testprecache.amxx] precaching file
L 10/10/2024 - 11:22:08: [testprecache.amxx] hlcoop/shockroach/shock_idle2.wav
L 10/10/2024 - 11:22:08: [testprecache.amxx] precaching file
L 10/10/2024 - 11:22:08: [testprecache.amxx] hlcoop/shockroach/shock_idle2.wav
L 10/10/2024 - 11:22:10: -------- Mapchange to d1_town_01 --------
L 10/10/2024 - 11:22:11: [testprecache.amxx] precaching file
L 10/10/2024 - 11:22:11: [testprecache.amxx] items/smallmedkit1.wav
L 10/10/2024 - 11:22:11: [testprecache.amxx] precaching file
L 10/10/2024 - 11:22:11: [testprecache.amxx] player/pl_wade1.wav
L 10/10/2024 - 11:22:11: [testprecache.amxx] precaching file
L 10/10/2024 - 11:22:11: [testprecache.amxx] player/pl_wade2.wav
L 10/10/2024 - 11:22:11: [testprecache.amxx] precaching file
L 10/10/2024 - 11:22:11: [testprecache.amxx] hlcoop/shockroach/shock_idle3.wav
L 10/10/2024 - 11:22:11: [testprecache.amxx] precaching file
L 10/10/2024 - 11:22:11: [testprecache.amxx] hlcoop/shockroach/shock_idle2.wav
L 10/10/2024 - 11:22:11: [testprecache.amxx] precaching file
L 10/10/2024 - 11:22:11: [testprecache.amxx] hlcoop/shockroach/shock_idle2.wav
L 10/10/2024 - 11:22:11: [testprecache.amxx] precaching file
L 10/10/2024 - 11:22:11: [testprecache.amxx] hlcoop/shockroach/shock_idle2.wav
L 10/10/2024 - 11:30:16: -------- Mapchange to sandbox --------
L 10/10/2024 - 11:30:16: [testprecache.amxx] precaching file
L 10/10/2024 - 11:30:16: [testprecache.amxx] items/smallmedkit1.wav
L 10/10/2024 - 11:30:16: [testprecache.amxx] precaching file
L 10/10/2024 - 11:30:16: [testprecache.amxx] player/pl_wade1.wav
L 10/10/2024 - 11:30:16: [testprecache.amxx] precaching file
L 10/10/2024 - 11:30:16: [testprecache.amxx] player/pl_wade2.wav
L 10/10/2024 - 11:30:16: [testprecache.amxx] precaching file
L 10/10/2024 - 11:30:16: [testprecache.amxx] hlcoop/shockroach/shock_idle3.wav
L 10/10/2024 - 11:30:16: [testprecache.amxx] precaching file
L 10/10/2024 - 11:30:16: [testprecache.amxx] hlcoop/shockroach/shock_idle2.wav
L 10/10/2024 - 11:30:16: [testprecache.amxx] precaching file
L 10/10/2024 - 11:30:16: [testprecache.amxx] hlcoop/shockroach/shock_idle2.wav
L 10/10/2024 - 11:30:16: [testprecache.amxx] precaching file
L 10/10/2024 - 11:30:16: [testprecache.amxx] hlcoop/shockroach/shock_idle2.wav
L 10/10/2024 - 11:41:55: -------- Mapchange to sandbox --------
L 10/10/2024 - 11:41:55: [testprecache.amxx] precaching file
L 10/10/2024 - 11:41:55: [testprecache.amxx] items/smallmedkit1.wav
L 10/10/2024 - 11:41:55: [testprecache.amxx] precaching file
L 10/10/2024 - 11:41:55: [testprecache.amxx] player/pl_wade1.wav
L 10/10/2024 - 11:41:55: [testprecache.amxx] precaching file
L 10/10/2024 - 11:41:55: [testprecache.amxx] player/pl_wade2.wav
L 10/10/2024 - 11:41:55: [testprecache.amxx] precaching file
L 10/10/2024 - 11:41:55: [testprecache.amxx] hlcoop/shockroach/shock_idle3.wav
L 10/10/2024 - 11:41:55: [testprecache.amxx] precaching file
L 10/10/2024 - 11:41:55: [testprecache.amxx] hlcoop/shockroach/shock_idle2.wav
L 10/10/2024 - 11:41:55: [testprecache.amxx] precaching file
L 10/10/2024 - 11:41:55: [testprecache.amxx] hlcoop/shockroach/shock_idle2.wav
L 10/10/2024 - 11:41:55: [testprecache.amxx] precaching file
L 10/10/2024 - 11:41:55: [testprecache.amxx] hlcoop/shockroach/shock_idle2.wav
L 10/10/2024 - 11:48:00: -------- Mapchange to d1_trainstation_02 --------
L 10/10/2024 - 11:48:00: [testprecache.amxx] precaching file
L 10/10/2024 - 11:48:00: [testprecache.amxx] items/smallmedkit1.wav
L 10/10/2024 - 11:48:00: [testprecache.amxx] precaching file
L 10/10/2024 - 11:48:00: [testprecache.amxx] player/pl_wade1.wav
L 10/10/2024 - 11:48:00: [testprecache.amxx] precaching file
L 10/10/2024 - 11:48:00: [testprecache.amxx] player/pl_wade2.wav
L 10/10/2024 - 11:48:00: [testprecache.amxx] precaching file
L 10/10/2024 - 11:48:00: [testprecache.amxx] hlcoop/shockroach/shock_idle3.wav
L 10/10/2024 - 11:48:00: [testprecache.amxx] precaching file
L 10/10/2024 - 11:48:00: [testprecache.amxx] hlcoop/shockroach/shock_idle2.wav
L 10/10/2024 - 11:48:00: [testprecache.amxx] precaching file
L 10/10/2024 - 11:48:00: [testprecache.amxx] hlcoop/shockroach/shock_idle2.wav
L 10/10/2024 - 11:48:00: [testprecache.amxx] precaching file
L 10/10/2024 - 11:48:00: [testprecache.amxx] hlcoop/shockroach/shock_idle2.wav
L 10/10/2024 - 12:18:25: -------- Mapchange to c1a0 --------
L 10/10/2024 - 12:18:25: [testprecache.amxx] precaching file
L 10/10/2024 - 12:18:25: [testprecache.amxx] items/smallmedkit1.wav
L 10/10/2024 - 12:18:25: [testprecache.amxx] precaching file
L 10/10/2024 - 12:18:25: [testprecache.amxx] player/pl_wade1.wav
L 10/10/2024 - 12:18:25: [testprecache.amxx] precaching file
L 10/10/2024 - 12:18:25: [testprecache.amxx] player/pl_wade2.wav
L 10/10/2024 - 12:18:25: [testprecache.amxx] precaching file
L 10/10/2024 - 12:18:25: [testprecache.amxx] hlcoop/shockroach/shock_idle3.wav
L 10/10/2024 - 12:18:25: [testprecache.amxx] precaching file
L 10/10/2024 - 12:18:25: [testprecache.amxx] hlcoop/shockroach/shock_idle2.wav
L 10/10/2024 - 12:18:25: [testprecache.amxx] precaching file
L 10/10/2024 - 12:18:25: [testprecache.amxx] hlcoop/shockroach/shock_idle2.wav
L 10/10/2024 - 12:18:25: [testprecache.amxx] precaching file
L 10/10/2024 - 12:18:25: [testprecache.amxx] hlcoop/shockroach/shock_idle2.wav
L 10/10/2024 - 13:36:04: -------- Mapchange to sc_test --------
L 10/10/2024 - 13:36:04: [testprecache.amxx] precaching file
L 10/10/2024 - 13:36:04: [testprecache.amxx] items/smallmedkit1.wav
L 10/10/2024 - 13:36:04: [testprecache.amxx] precaching file
L 10/10/2024 - 13:36:04: [testprecache.amxx] player/pl_wade1.wav
L 10/10/2024 - 13:36:04: [testprecache.amxx] precaching file
L 10/10/2024 - 13:36:04: [testprecache.amxx] player/pl_wade2.wav
L 10/10/2024 - 13:36:04: [testprecache.amxx] precaching file
L 10/10/2024 - 13:36:04: [testprecache.amxx] hlcoop/shockroach/shock_idle3.wav
L 10/10/2024 - 13:36:04: [testprecache.amxx] precaching file
L 10/10/2024 - 13:36:04: [testprecache.amxx] hlcoop/shockroach/shock_idle2.wav
L 10/10/2024 - 13:36:04: [testprecache.amxx] precaching file
L 10/10/2024 - 13:36:04: [testprecache.amxx] hlcoop/shockroach/shock_idle2.wav
L 10/10/2024 - 13:36:04: [testprecache.amxx] precaching file
L 10/10/2024 - 13:36:04: [testprecache.amxx] hlcoop/shockroach/shock_idle2.wav
L 10/10/2024 - 13:37:53: -------- Mapchange to crossfireXL --------
L 10/10/2024 - 13:37:53: [testprecache.amxx] precaching file
L 10/10/2024 - 13:37:53: [testprecache.amxx] items/smallmedkit1.wav
L 10/10/2024 - 13:37:53: [testprecache.amxx] precaching file
L 10/10/2024 - 13:37:53: [testprecache.amxx] player/pl_wade1.wav
L 10/10/2024 - 13:37:53: [testprecache.amxx] precaching file
L 10/10/2024 - 13:37:53: [testprecache.amxx] player/pl_wade2.wav
L 10/10/2024 - 13:37:53: [testprecache.amxx] precaching file
L 10/10/2024 - 13:37:53: [testprecache.amxx] hlcoop/shockroach/shock_idle3.wav
L 10/10/2024 - 13:37:53: [testprecache.amxx] precaching file
L 10/10/2024 - 13:37:53: [testprecache.amxx] hlcoop/shockroach/shock_idle2.wav
L 10/10/2024 - 13:37:53: [testprecache.amxx] precaching file
L 10/10/2024 - 13:37:53: [testprecache.amxx] hlcoop/shockroach/shock_idle2.wav
L 10/10/2024 - 13:37:53: [testprecache.amxx] precaching file
L 10/10/2024 - 13:37:53: [testprecache.amxx] hlcoop/shockroach/shock_idle2.wav
L 10/10/2024 - 13:50:01: -------- Mapchange to sandbox --------
L 10/10/2024 - 13:50:01: [testprecache.amxx] precaching file
L 10/10/2024 - 13:50:01: [testprecache.amxx] items/smallmedkit1.wav
L 10/10/2024 - 13:50:01: [testprecache.amxx] precaching file
L 10/10/2024 - 13:50:01: [testprecache.amxx] player/pl_wade1.wav
L 10/10/2024 - 13:50:01: [testprecache.amxx] precaching file
L 10/10/2024 - 13:50:01: [testprecache.amxx] player/pl_wade2.wav
L 10/10/2024 - 13:50:01: [testprecache.amxx] precaching file
L 10/10/2024 - 13:50:01: [testprecache.amxx] hlcoop/shockroach/shock_idle3.wav
L 10/10/2024 - 13:50:01: [testprecache.amxx] precaching file
L 10/10/2024 - 13:50:01: [testprecache.amxx] hlcoop/shockroach/shock_idle2.wav
L 10/10/2024 - 13:50:01: [testprecache.amxx] precaching file
L 10/10/2024 - 13:50:01: [testprecache.amxx] hlcoop/shockroach/shock_idle2.wav
L 10/10/2024 - 13:50:01: [testprecache.amxx] precaching file
L 10/10/2024 - 13:50:01: [testprecache.amxx] hlcoop/shockroach/shock_idle2.wav
L 10/10/2024 - 13:50:04: -------- Mapchange to crossfireXL --------
L 10/10/2024 - 13:50:04: [testprecache.amxx] precaching file
L 10/10/2024 - 13:50:04: [testprecache.amxx] items/smallmedkit1.wav
L 10/10/2024 - 13:50:04: [testprecache.amxx] precaching file
L 10/10/2024 - 13:50:04: [testprecache.amxx] player/pl_wade1.wav
L 10/10/2024 - 13:50:04: [testprecache.amxx] precaching file
L 10/10/2024 - 13:50:04: [testprecache.amxx] player/pl_wade2.wav
L 10/10/2024 - 13:50:04: [testprecache.amxx] precaching file
L 10/10/2024 - 13:50:04: [testprecache.amxx] hlcoop/shockroach/shock_idle3.wav
L 10/10/2024 - 13:50:04: [testprecache.amxx] precaching file
L 10/10/2024 - 13:50:04: [testprecache.amxx] hlcoop/shockroach/shock_idle2.wav
L 10/10/2024 - 13:50:04: [testprecache.amxx] precaching file
L 10/10/2024 - 13:50:04: [testprecache.amxx] hlcoop/shockroach/shock_idle2.wav
L 10/10/2024 - 13:50:04: [testprecache.amxx] precaching file
L 10/10/2024 - 13:50:04: [testprecache.amxx] hlcoop/shockroach/shock_idle2.wav
L 10/10/2024 - 13:55:02: -------- Mapchange to sandbox --------
L 10/10/2024 - 13:55:02: [testprecache.amxx] precaching file
L 10/10/2024 - 13:55:02: [testprecache.amxx] items/smallmedkit1.wav
L 10/10/2024 - 13:55:02: [testprecache.amxx] precaching file
L 10/10/2024 - 13:55:02: [testprecache.amxx] player/pl_wade1.wav
L 10/10/2024 - 13:55:02: [testprecache.amxx] precaching file
L 10/10/2024 - 13:55:02: [testprecache.amxx] player/pl_wade2.wav
L 10/10/2024 - 13:55:02: [testprecache.amxx] precaching file
L 10/10/2024 - 13:55:02: [testprecache.amxx] hlcoop/shockroach/shock_idle3.wav
L 10/10/2024 - 13:55:02: [testprecache.amxx] precaching file
L 10/10/2024 - 13:55:02: [testprecache.amxx] hlcoop/shockroach/shock_idle2.wav
L 10/10/2024 - 13:55:02: [testprecache.amxx] precaching file
L 10/10/2024 - 13:55:02: [testprecache.amxx] hlcoop/shockroach/shock_idle2.wav
L 10/10/2024 - 13:55:02: [testprecache.amxx] precaching file
L 10/10/2024 - 13:55:02: [testprecache.amxx] hlcoop/shockroach/shock_idle2.wav
L 10/10/2024 - 13:55:04: -------- Mapchange to crossfireXL --------
L 10/10/2024 - 13:55:04: [testprecache.amxx] precaching file
L 10/10/2024 - 13:55:04: [testprecache.amxx] items/smallmedkit1.wav
L 10/10/2024 - 13:55:04: [testprecache.amxx] precaching file
L 10/10/2024 - 13:55:04: [testprecache.amxx] player/pl_wade1.wav
L 10/10/2024 - 13:55:04: [testprecache.amxx] precaching file
L 10/10/2024 - 13:55:04: [testprecache.amxx] player/pl_wade2.wav
L 10/10/2024 - 13:55:04: [testprecache.amxx] precaching file
L 10/10/2024 - 13:55:04: [testprecache.amxx] hlcoop/shockroach/shock_idle3.wav
L 10/10/2024 - 13:55:04: [testprecache.amxx] precaching file
L 10/10/2024 - 13:55:04: [testprecache.amxx] hlcoop/shockroach/shock_idle2.wav
L 10/10/2024 - 13:55:04: [testprecache.amxx] precaching file
L 10/10/2024 - 13:55:04: [testprecache.amxx] hlcoop/shockroach/shock_idle2.wav
L 10/10/2024 - 13:55:04: [testprecache.amxx] precaching file
L 10/10/2024 - 13:55:04: [testprecache.amxx] hlcoop/shockroach/shock_idle2.wav
L 10/10/2024 - 13:55:54: -------- Mapchange to sandbox --------
L 10/10/2024 - 13:55:54: [testprecache.amxx] precaching file
L 10/10/2024 - 13:55:54: [testprecache.amxx] items/smallmedkit1.wav
L 10/10/2024 - 13:55:54: [testprecache.amxx] precaching file
L 10/10/2024 - 13:55:54: [testprecache.amxx] player/pl_wade1.wav
L 10/10/2024 - 13:55:54: [testprecache.amxx] precaching file
L 10/10/2024 - 13:55:54: [testprecache.amxx] player/pl_wade2.wav
L 10/10/2024 - 13:55:54: [testprecache.amxx] precaching file
L 10/10/2024 - 13:55:54: [testprecache.amxx] hlcoop/shockroach/shock_idle3.wav
L 10/10/2024 - 13:55:54: [testprecache.amxx] precaching file
L 10/10/2024 - 13:55:54: [testprecache.amxx] hlcoop/shockroach/shock_idle2.wav
L 10/10/2024 - 13:55:54: [testprecache.amxx] precaching file
L 10/10/2024 - 13:55:54: [testprecache.amxx] hlcoop/shockroach/shock_idle2.wav
L 10/10/2024 - 13:55:54: [testprecache.amxx] precaching file
L 10/10/2024 - 13:55:54: [testprecache.amxx] hlcoop/shockroach/shock_idle2.wav
L 10/10/2024 - 13:55:55: [galileo.amxx] 
L 10/10/2024 - 13:55:55: [galileo.amxx] The server is jumping to the next map after the current map due more than 1 restarts on the map "crossfireXL"
L 10/10/2024 - 13:55:55: [galileo.amxx] 
L 10/10/2024 - 13:55:57: -------- Mapchange to stalkyard --------
L 10/10/2024 - 13:55:57: [testprecache.amxx] precaching file
L 10/10/2024 - 13:55:57: [testprecache.amxx] items/smallmedkit1.wav
L 10/10/2024 - 13:55:57: [testprecache.amxx] precaching file
L 10/10/2024 - 13:55:57: [testprecache.amxx] player/pl_wade1.wav
L 10/10/2024 - 13:55:57: [testprecache.amxx] precaching file
L 10/10/2024 - 13:55:57: [testprecache.amxx] player/pl_wade2.wav
L 10/10/2024 - 13:55:57: [testprecache.amxx] precaching file
L 10/10/2024 - 13:55:57: [testprecache.amxx] hlcoop/shockroach/shock_idle3.wav
L 10/10/2024 - 13:55:57: [testprecache.amxx] precaching file
L 10/10/2024 - 13:55:57: [testprecache.amxx] hlcoop/shockroach/shock_idle2.wav
L 10/10/2024 - 13:55:57: [testprecache.amxx] precaching file
L 10/10/2024 - 13:55:57: [testprecache.amxx] hlcoop/shockroach/shock_idle2.wav
L 10/10/2024 - 13:55:57: [testprecache.amxx] precaching file
L 10/10/2024 - 13:55:57: [testprecache.amxx] hlcoop/shockroach/shock_idle2.wav
L 10/10/2024 - 14:07:11: -------- Mapchange to c1a0 --------
L 10/10/2024 - 14:07:11: [testprecache.amxx] precaching file
L 10/10/2024 - 14:07:11: [testprecache.amxx] items/smallmedkit1.wav
L 10/10/2024 - 14:07:11: [testprecache.amxx] precaching file
L 10/10/2024 - 14:07:11: [testprecache.amxx] player/pl_wade1.wav
L 10/10/2024 - 14:07:11: [testprecache.amxx] precaching file
L 10/10/2024 - 14:07:11: [testprecache.amxx] player/pl_wade2.wav
L 10/10/2024 - 14:07:11: [testprecache.amxx] precaching file
L 10/10/2024 - 14:07:11: [testprecache.amxx] hlcoop/shockroach/shock_idle3.wav
L 10/10/2024 - 14:07:11: [testprecache.amxx] precaching file
L 10/10/2024 - 14:07:11: [testprecache.amxx] hlcoop/shockroach/shock_idle2.wav
L 10/10/2024 - 14:07:11: [testprecache.amxx] precaching file
L 10/10/2024 - 14:07:11: [testprecache.amxx] hlcoop/shockroach/shock_idle2.wav
L 10/10/2024 - 14:07:11: [testprecache.amxx] precaching file
L 10/10/2024 - 14:07:11: [testprecache.amxx] hlcoop/shockroach/shock_idle2.wav
L 10/10/2024 - 14:13:02: -------- Mapchange to d1_town_01 --------
L 10/10/2024 - 14:13:02: [testprecache.amxx] precaching file
L 10/10/2024 - 14:13:02: [testprecache.amxx] items/smallmedkit1.wav
L 10/10/2024 - 14:13:02: [testprecache.amxx] precaching file
L 10/10/2024 - 14:13:02: [testprecache.amxx] player/pl_wade1.wav
L 10/10/2024 - 14:13:02: [testprecache.amxx] precaching file
L 10/10/2024 - 14:13:02: [testprecache.amxx] player/pl_wade2.wav
L 10/10/2024 - 14:13:02: [testprecache.amxx] precaching file
L 10/10/2024 - 14:13:02: [testprecache.amxx] hlcoop/shockroach/shock_idle3.wav
L 10/10/2024 - 14:13:02: [testprecache.amxx] precaching file
L 10/10/2024 - 14:13:02: [testprecache.amxx] hlcoop/shockroach/shock_idle2.wav
L 10/10/2024 - 14:13:02: [testprecache.amxx] precaching file
L 10/10/2024 - 14:13:02: [testprecache.amxx] hlcoop/shockroach/shock_idle2.wav
L 10/10/2024 - 14:13:02: [testprecache.amxx] precaching file
L 10/10/2024 - 14:13:02: [testprecache.amxx] hlcoop/shockroach/shock_idle2.wav
L 10/10/2024 - 14:41:18: -------- Mapchange to e1m1 --------
L 10/10/2024 - 14:41:18: [testprecache.amxx] precaching file
L 10/10/2024 - 14:41:18: [testprecache.amxx] items/smallmedkit1.wav
L 10/10/2024 - 14:41:18: [testprecache.amxx] precaching file
L 10/10/2024 - 14:41:18: [testprecache.amxx] player/pl_wade1.wav
L 10/10/2024 - 14:41:18: [testprecache.amxx] precaching file
L 10/10/2024 - 14:41:18: [testprecache.amxx] player/pl_wade2.wav
L 10/10/2024 - 14:41:18: [testprecache.amxx] precaching file
L 10/10/2024 - 14:41:18: [testprecache.amxx] hlcoop/shockroach/shock_idle3.wav
L 10/10/2024 - 14:41:18: [testprecache.amxx] precaching file
L 10/10/2024 - 14:41:18: [testprecache.amxx] hlcoop/shockroach/shock_idle2.wav
L 10/10/2024 - 14:41:18: [testprecache.amxx] precaching file
L 10/10/2024 - 14:41:18: [testprecache.amxx] hlcoop/shockroach/shock_idle2.wav
L 10/10/2024 - 14:41:18: [testprecache.amxx] precaching file
L 10/10/2024 - 14:41:18: [testprecache.amxx] hlcoop/shockroach/shock_idle2.wav
L 10/10/2024 - 14:48:02: -------- Mapchange to hl_c01_a1 --------
L 10/10/2024 - 14:48:02: [testprecache.amxx] precaching file
L 10/10/2024 - 14:48:02: [testprecache.amxx] items/smallmedkit1.wav
L 10/10/2024 - 14:48:02: [testprecache.amxx] precaching file
L 10/10/2024 - 14:48:02: [testprecache.amxx] player/pl_wade1.wav
L 10/10/2024 - 14:48:02: [testprecache.amxx] precaching file
L 10/10/2024 - 14:48:02: [testprecache.amxx] player/pl_wade2.wav
L 10/10/2024 - 14:48:02: [testprecache.amxx] precaching file
L 10/10/2024 - 14:48:02: [testprecache.amxx] hlcoop/shockroach/shock_idle3.wav
L 10/10/2024 - 14:48:02: [testprecache.amxx] precaching file
L 10/10/2024 - 14:48:02: [testprecache.amxx] hlcoop/shockroach/shock_idle2.wav
L 10/10/2024 - 14:48:02: [testprecache.amxx] precaching file
L 10/10/2024 - 14:48:02: [testprecache.amxx] hlcoop/shockroach/shock_idle2.wav
L 10/10/2024 - 14:48:02: [testprecache.amxx] precaching file
L 10/10/2024 - 14:48:02: [testprecache.amxx] hlcoop/shockroach/shock_idle2.wav
L 10/10/2024 - 14:48:13: -------- Mapchange to sandbox --------
L 10/10/2024 - 14:48:13: [testprecache.amxx] precaching file
L 10/10/2024 - 14:48:13: [testprecache.amxx] items/smallmedkit1.wav
L 10/10/2024 - 14:48:13: [testprecache.amxx] precaching file
L 10/10/2024 - 14:48:13: [testprecache.amxx] player/pl_wade1.wav
L 10/10/2024 - 14:48:13: [testprecache.amxx] precaching file
L 10/10/2024 - 14:48:13: [testprecache.amxx] player/pl_wade2.wav
L 10/10/2024 - 14:48:13: [testprecache.amxx] precaching file
L 10/10/2024 - 14:48:13: [testprecache.amxx] hlcoop/shockroach/shock_idle3.wav
L 10/10/2024 - 14:48:13: [testprecache.amxx] precaching file
L 10/10/2024 - 14:48:13: [testprecache.amxx] hlcoop/shockroach/shock_idle2.wav
L 10/10/2024 - 14:48:13: [testprecache.amxx] precaching file
L 10/10/2024 - 14:48:13: [testprecache.amxx] hlcoop/shockroach/shock_idle2.wav
L 10/10/2024 - 14:48:13: [testprecache.amxx] precaching file
L 10/10/2024 - 14:48:13: [testprecache.amxx] hlcoop/shockroach/shock_idle2.wav
L 10/10/2024 - 15:06:42: -------- Mapchange to sandbox --------
L 10/10/2024 - 15:06:42: [testprecache.amxx] precaching file
L 10/10/2024 - 15:06:42: [testprecache.amxx] items/smallmedkit1.wav
L 10/10/2024 - 15:06:42: [testprecache.amxx] precaching file
L 10/10/2024 - 15:06:42: [testprecache.amxx] player/pl_wade1.wav
L 10/10/2024 - 15:06:42: [testprecache.amxx] precaching file
L 10/10/2024 - 15:06:42: [testprecache.amxx] player/pl_wade2.wav
L 10/10/2024 - 15:06:42: [testprecache.amxx] precaching file
L 10/10/2024 - 15:06:42: [testprecache.amxx] hlcoop/shockroach/shock_idle3.wav
L 10/10/2024 - 15:06:42: [testprecache.amxx] precaching file
L 10/10/2024 - 15:06:42: [testprecache.amxx] hlcoop/shockroach/shock_idle2.wav
L 10/10/2024 - 15:06:42: [testprecache.amxx] precaching file
L 10/10/2024 - 15:06:42: [testprecache.amxx] hlcoop/shockroach/shock_idle2.wav
L 10/10/2024 - 15:06:42: [testprecache.amxx] precaching file
L 10/10/2024 - 15:06:42: [testprecache.amxx] hlcoop/shockroach/shock_idle2.wav
L 10/10/2024 - 15:26:38: -------- Mapchange to c1a0 --------
L 10/10/2024 - 15:26:38: [testprecache.amxx] precaching file
L 10/10/2024 - 15:26:38: [testprecache.amxx] items/smallmedkit1.wav
L 10/10/2024 - 15:26:38: [testprecache.amxx] precaching file
L 10/10/2024 - 15:26:38: [testprecache.amxx] player/pl_wade1.wav
L 10/10/2024 - 15:26:38: [testprecache.amxx] precaching file
L 10/10/2024 - 15:26:38: [testprecache.amxx] player/pl_wade2.wav
L 10/10/2024 - 15:26:38: [testprecache.amxx] precaching file
L 10/10/2024 - 15:26:38: [testprecache.amxx] hlcoop/shockroach/shock_idle3.wav
L 10/10/2024 - 15:26:38: [testprecache.amxx] precaching file
L 10/10/2024 - 15:26:38: [testprecache.amxx] hlcoop/shockroach/shock_idle2.wav
L 10/10/2024 - 15:26:38: [testprecache.amxx] precaching file
L 10/10/2024 - 15:26:38: [testprecache.amxx] hlcoop/shockroach/shock_idle2.wav
L 10/10/2024 - 15:26:38: [testprecache.amxx] precaching file
L 10/10/2024 - 15:26:38: [testprecache.amxx] hlcoop/shockroach/shock_idle2.wav
L 10/10/2024 - 18:31:15: -------- Mapchange to sandbox --------
L 10/10/2024 - 18:31:15: [testprecache.amxx] precaching file
L 10/10/2024 - 18:31:15: [testprecache.amxx] items/smallmedkit1.wav
L 10/10/2024 - 18:31:15: [testprecache.amxx] precaching file
L 10/10/2024 - 18:31:15: [testprecache.amxx] player/pl_wade1.wav
L 10/10/2024 - 18:31:15: [testprecache.amxx] precaching file
L 10/10/2024 - 18:31:15: [testprecache.amxx] player/pl_wade2.wav
L 10/10/2024 - 18:31:15: [testprecache.amxx] precaching file
L 10/10/2024 - 18:31:15: [testprecache.amxx] hlcoop/shockroach/shock_idle3.wav
L 10/10/2024 - 18:31:15: [testprecache.amxx] precaching file
L 10/10/2024 - 18:31:15: [testprecache.amxx] hlcoop/shockroach/shock_idle2.wav
L 10/10/2024 - 18:31:15: [testprecache.amxx] precaching file
L 10/10/2024 - 18:31:15: [testprecache.amxx] hlcoop/shockroach/shock_idle2.wav
L 10/10/2024 - 18:31:15: [testprecache.amxx] precaching file
L 10/10/2024 - 18:31:15: [testprecache.amxx] hlcoop/shockroach/shock_idle2.wav
L 10/10/2024 - 18:31:18: -------- Mapchange to c1a0 --------
L 10/10/2024 - 18:31:18: [testprecache.amxx] precaching file
L 10/10/2024 - 18:31:18: [testprecache.amxx] items/smallmedkit1.wav
L 10/10/2024 - 18:31:18: [testprecache.amxx] precaching file
L 10/10/2024 - 18:31:18: [testprecache.amxx] player/pl_wade1.wav
L 10/10/2024 - 18:31:18: [testprecache.amxx] precaching file
L 10/10/2024 - 18:31:18: [testprecache.amxx] player/pl_wade2.wav
L 10/10/2024 - 18:31:18: [testprecache.amxx] precaching file
L 10/10/2024 - 18:31:18: [testprecache.amxx] hlcoop/shockroach/shock_idle3.wav
L 10/10/2024 - 18:31:18: [testprecache.amxx] precaching file
L 10/10/2024 - 18:31:18: [testprecache.amxx] hlcoop/shockroach/shock_idle2.wav
L 10/10/2024 - 18:31:18: [testprecache.amxx] precaching file
L 10/10/2024 - 18:31:18: [testprecache.amxx] hlcoop/shockroach/shock_idle2.wav
L 10/10/2024 - 18:31:18: [testprecache.amxx] precaching file
L 10/10/2024 - 18:31:18: [testprecache.amxx] hlcoop/shockroach/shock_idle2.wav
L 10/10/2024 - 18:43:07: -------- Mapchange to sandbox --------
L 10/10/2024 - 18:43:07: [testprecache.amxx] precaching file
L 10/10/2024 - 18:43:07: [testprecache.amxx] items/smallmedkit1.wav
L 10/10/2024 - 18:43:07: [testprecache.amxx] precaching file
L 10/10/2024 - 18:43:07: [testprecache.amxx] player/pl_wade1.wav
L 10/10/2024 - 18:43:07: [testprecache.amxx] precaching file
L 10/10/2024 - 18:43:07: [testprecache.amxx] player/pl_wade2.wav
L 10/10/2024 - 18:43:07: [testprecache.amxx] precaching file
L 10/10/2024 - 18:43:07: [testprecache.amxx] hlcoop/shockroach/shock_idle3.wav
L 10/10/2024 - 18:43:07: [testprecache.amxx] precaching file
L 10/10/2024 - 18:43:07: [testprecache.amxx] hlcoop/shockroach/shock_idle2.wav
L 10/10/2024 - 18:43:07: [testprecache.amxx] precaching file
L 10/10/2024 - 18:43:07: [testprecache.amxx] hlcoop/shockroach/shock_idle2.wav
L 10/10/2024 - 18:43:07: [testprecache.amxx] precaching file
L 10/10/2024 - 18:43:07: [testprecache.amxx] hlcoop/shockroach/shock_idle2.wav
L 10/10/2024 - 18:43:09: -------- Mapchange to c1a0 --------
L 10/10/2024 - 18:43:09: [testprecache.amxx] precaching file
L 10/10/2024 - 18:43:09: [testprecache.amxx] items/smallmedkit1.wav
L 10/10/2024 - 18:43:09: [testprecache.amxx] precaching file
L 10/10/2024 - 18:43:09: [testprecache.amxx] player/pl_wade1.wav
L 10/10/2024 - 18:43:09: [testprecache.amxx] precaching file
L 10/10/2024 - 18:43:09: [testprecache.amxx] player/pl_wade2.wav
L 10/10/2024 - 18:43:09: [testprecache.amxx] precaching file
L 10/10/2024 - 18:43:09: [testprecache.amxx] hlcoop/shockroach/shock_idle3.wav
L 10/10/2024 - 18:43:09: [testprecache.amxx] precaching file
L 10/10/2024 - 18:43:09: [testprecache.amxx] hlcoop/shockroach/shock_idle2.wav
L 10/10/2024 - 18:43:09: [testprecache.amxx] precaching file
L 10/10/2024 - 18:43:09: [testprecache.amxx] hlcoop/shockroach/shock_idle2.wav
L 10/10/2024 - 18:43:09: [testprecache.amxx] precaching file
L 10/10/2024 - 18:43:09: [testprecache.amxx] hlcoop/shockroach/shock_idle2.wav
L 10/10/2024 - 18:43:27: -------- Mapchange to sandbox --------
L 10/10/2024 - 18:43:27: [testprecache.amxx] precaching file
L 10/10/2024 - 18:43:27: [testprecache.amxx] items/smallmedkit1.wav
L 10/10/2024 - 18:43:27: [testprecache.amxx] precaching file
L 10/10/2024 - 18:43:27: [testprecache.amxx] player/pl_wade1.wav
L 10/10/2024 - 18:43:27: [testprecache.amxx] precaching file
L 10/10/2024 - 18:43:27: [testprecache.amxx] player/pl_wade2.wav
L 10/10/2024 - 18:43:27: [testprecache.amxx] precaching file
L 10/10/2024 - 18:43:27: [testprecache.amxx] hlcoop/shockroach/shock_idle3.wav
L 10/10/2024 - 18:43:27: [testprecache.amxx] precaching file
L 10/10/2024 - 18:43:27: [testprecache.amxx] hlcoop/shockroach/shock_idle2.wav
L 10/10/2024 - 18:43:27: [testprecache.amxx] precaching file
L 10/10/2024 - 18:43:27: [testprecache.amxx] hlcoop/shockroach/shock_idle2.wav
L 10/10/2024 - 18:43:27: [testprecache.amxx] precaching file
L 10/10/2024 - 18:43:27: [testprecache.amxx] hlcoop/shockroach/shock_idle2.wav
L 10/10/2024 - 18:43:28: [galileo.amxx] 
L 10/10/2024 - 18:43:28: [galileo.amxx] The server is jumping to the next map after the current map due more than 1 restarts on the map "c1a0"
L 10/10/2024 - 18:43:28: [galileo.amxx] 
L 10/10/2024 - 18:43:30: -------- Mapchange to c1a1 --------
L 10/10/2024 - 18:43:30: [testprecache.amxx] precaching file
L 10/10/2024 - 18:43:30: [testprecache.amxx] items/smallmedkit1.wav
L 10/10/2024 - 18:43:30: [testprecache.amxx] precaching file
L 10/10/2024 - 18:43:30: [testprecache.amxx] player/pl_wade1.wav
L 10/10/2024 - 18:43:30: [testprecache.amxx] precaching file
L 10/10/2024 - 18:43:30: [testprecache.amxx] player/pl_wade2.wav
L 10/10/2024 - 18:43:30: [testprecache.amxx] precaching file
L 10/10/2024 - 18:43:30: [testprecache.amxx] hlcoop/shockroach/shock_idle3.wav
L 10/10/2024 - 18:43:30: [testprecache.amxx] precaching file
L 10/10/2024 - 18:43:30: [testprecache.amxx] hlcoop/shockroach/shock_idle2.wav
L 10/10/2024 - 18:43:30: [testprecache.amxx] precaching file
L 10/10/2024 - 18:43:30: [testprecache.amxx] hlcoop/shockroach/shock_idle2.wav
L 10/10/2024 - 18:43:30: [testprecache.amxx] precaching file
L 10/10/2024 - 18:43:30: [testprecache.amxx] hlcoop/shockroach/shock_idle2.wav
L 10/10/2024 - 18:46:07: -------- Mapchange to sandbox --------
L 10/10/2024 - 18:46:07: [testprecache.amxx] precaching file
L 10/10/2024 - 18:46:07: [testprecache.amxx] items/smallmedkit1.wav
L 10/10/2024 - 18:46:07: [testprecache.amxx] precaching file
L 10/10/2024 - 18:46:07: [testprecache.amxx] player/pl_wade1.wav
L 10/10/2024 - 18:46:07: [testprecache.amxx] precaching file
L 10/10/2024 - 18:46:07: [testprecache.amxx] player/pl_wade2.wav
L 10/10/2024 - 18:46:07: [testprecache.amxx] precaching file
L 10/10/2024 - 18:46:07: [testprecache.amxx] hlcoop/shockroach/shock_idle3.wav
L 10/10/2024 - 18:46:07: [testprecache.amxx] precaching file
L 10/10/2024 - 18:46:07: [testprecache.amxx] hlcoop/shockroach/shock_idle2.wav
L 10/10/2024 - 18:46:07: [testprecache.amxx] precaching file
L 10/10/2024 - 18:46:07: [testprecache.amxx] hlcoop/shockroach/shock_idle2.wav
L 10/10/2024 - 18:46:07: [testprecache.amxx] precaching file
L 10/10/2024 - 18:46:07: [testprecache.amxx] hlcoop/shockroach/shock_idle2.wav
L 10/10/2024 - 18:55:04: -------- Mapchange to sandbox --------
L 10/10/2024 - 18:55:04: [testprecache.amxx] precaching file
L 10/10/2024 - 18:55:04: [testprecache.amxx] items/smallmedkit1.wav
L 10/10/2024 - 18:55:04: [testprecache.amxx] precaching file
L 10/10/2024 - 18:55:04: [testprecache.amxx] player/pl_wade1.wav
L 10/10/2024 - 18:55:04: [testprecache.amxx] precaching file
L 10/10/2024 - 18:55:04: [testprecache.amxx] player/pl_wade2.wav
L 10/10/2024 - 18:55:04: [testprecache.amxx] precaching file
L 10/10/2024 - 18:55:04: [testprecache.amxx] hlcoop/shockroach/shock_idle3.wav
L 10/10/2024 - 18:55:04: [testprecache.amxx] precaching file
L 10/10/2024 - 18:55:04: [testprecache.amxx] hlcoop/shockroach/shock_idle2.wav
L 10/10/2024 - 18:55:04: [testprecache.amxx] precaching file
L 10/10/2024 - 18:55:04: [testprecache.amxx] hlcoop/shockroach/shock_idle2.wav
L 10/10/2024 - 18:55:04: [testprecache.amxx] precaching file
L 10/10/2024 - 18:55:04: [testprecache.amxx] hlcoop/shockroach/shock_idle2.wav
L 10/10/2024 - 18:58:46: -------- Mapchange to sandbox --------
L 10/10/2024 - 18:58:46: [testprecache.amxx] precaching file
L 10/10/2024 - 18:58:46: [testprecache.amxx] items/smallmedkit1.wav
L 10/10/2024 - 18:58:46: [testprecache.amxx] precaching file
L 10/10/2024 - 18:58:46: [testprecache.amxx] player/pl_wade1.wav
L 10/10/2024 - 18:58:46: [testprecache.amxx] precaching file
L 10/10/2024 - 18:58:46: [testprecache.amxx] player/pl_wade2.wav
L 10/10/2024 - 18:58:46: [testprecache.amxx] precaching file
L 10/10/2024 - 18:58:46: [testprecache.amxx] hlcoop/shockroach/shock_idle3.wav
L 10/10/2024 - 18:58:46: [testprecache.amxx] precaching file
L 10/10/2024 - 18:58:46: [testprecache.amxx] hlcoop/shockroach/shock_idle2.wav
L 10/10/2024 - 18:58:46: [testprecache.amxx] precaching file
L 10/10/2024 - 18:58:46: [testprecache.amxx] hlcoop/shockroach/shock_idle2.wav
L 10/10/2024 - 18:58:46: [testprecache.amxx] precaching file
L 10/10/2024 - 18:58:46: [testprecache.amxx] hlcoop/shockroach/shock_idle2.wav
L 10/10/2024 - 18:59:43: -------- Mapchange to crossfireXL --------
L 10/10/2024 - 18:59:43: [testprecache.amxx] precaching file
L 10/10/2024 - 18:59:43: [testprecache.amxx] items/smallmedkit1.wav
L 10/10/2024 - 18:59:43: [testprecache.amxx] precaching file
L 10/10/2024 - 18:59:43: [testprecache.amxx] player/pl_wade1.wav
L 10/10/2024 - 18:59:43: [testprecache.amxx] precaching file
L 10/10/2024 - 18:59:43: [testprecache.amxx] player/pl_wade2.wav
L 10/10/2024 - 18:59:43: [testprecache.amxx] precaching file
L 10/10/2024 - 18:59:43: [testprecache.amxx] hlcoop/shockroach/shock_idle3.wav
L 10/10/2024 - 18:59:43: [testprecache.amxx] precaching file
L 10/10/2024 - 18:59:43: [testprecache.amxx] hlcoop/shockroach/shock_idle2.wav
L 10/10/2024 - 18:59:43: [testprecache.amxx] precaching file
L 10/10/2024 - 18:59:43: [testprecache.amxx] hlcoop/shockroach/shock_idle2.wav
L 10/10/2024 - 18:59:43: [testprecache.amxx] precaching file
L 10/10/2024 - 18:59:43: [testprecache.amxx] hlcoop/shockroach/shock_idle2.wav
L 10/10/2024 - 19:07:36: -------- Mapchange to d1_trainstation_02 --------
L 10/10/2024 - 19:07:36: [testprecache.amxx] precaching file
L 10/10/2024 - 19:07:36: [testprecache.amxx] items/smallmedkit1.wav
L 10/10/2024 - 19:07:36: [testprecache.amxx] precaching file
L 10/10/2024 - 19:07:36: [testprecache.amxx] player/pl_wade1.wav
L 10/10/2024 - 19:07:36: [testprecache.amxx] precaching file
L 10/10/2024 - 19:07:36: [testprecache.amxx] player/pl_wade2.wav
L 10/10/2024 - 19:07:36: [testprecache.amxx] precaching file
L 10/10/2024 - 19:07:36: [testprecache.amxx] hlcoop/shockroach/shock_idle3.wav
L 10/10/2024 - 19:07:36: [testprecache.amxx] precaching file
L 10/10/2024 - 19:07:36: [testprecache.amxx] hlcoop/shockroach/shock_idle2.wav
L 10/10/2024 - 19:07:36: [testprecache.amxx] precaching file
L 10/10/2024 - 19:07:36: [testprecache.amxx] hlcoop/shockroach/shock_idle2.wav
L 10/10/2024 - 19:07:36: [testprecache.amxx] precaching file
L 10/10/2024 - 19:07:36: [testprecache.amxx] hlcoop/shockroach/shock_idle2.wav
L 10/10/2024 - 22:17:34: -------- Mapchange to d1_town_01 --------
L 10/10/2024 - 22:17:34: [testprecache.amxx] precaching file
L 10/10/2024 - 22:17:34: [testprecache.amxx] items/smallmedkit1.wav
L 10/10/2024 - 22:17:34: [testprecache.amxx] precaching file
L 10/10/2024 - 22:17:34: [testprecache.amxx] player/pl_wade1.wav
L 10/10/2024 - 22:17:34: [testprecache.amxx] precaching file
L 10/10/2024 - 22:17:34: [testprecache.amxx] player/pl_wade2.wav
L 10/10/2024 - 22:17:34: [testprecache.amxx] precaching file
L 10/10/2024 - 22:17:34: [testprecache.amxx] hlcoop/shockroach/shock_idle3.wav
L 10/10/2024 - 22:17:34: [testprecache.amxx] precaching file
L 10/10/2024 - 22:17:34: [testprecache.amxx] hlcoop/shockroach/shock_idle2.wav
L 10/10/2024 - 22:17:34: [testprecache.amxx] precaching file
L 10/10/2024 - 22:17:34: [testprecache.amxx] hlcoop/shockroach/shock_idle2.wav
L 10/10/2024 - 22:17:34: [testprecache.amxx] precaching file
L 10/10/2024 - 22:17:34: [testprecache.amxx] hlcoop/shockroach/shock_idle2.wav
L 10/10/2024 - 22:17:51: -------- Mapchange to d1_trainstation_02 --------
L 10/10/2024 - 22:17:51: [testprecache.amxx] precaching file
L 10/10/2024 - 22:17:51: [testprecache.amxx] items/smallmedkit1.wav
L 10/10/2024 - 22:17:51: [testprecache.amxx] precaching file
L 10/10/2024 - 22:17:51: [testprecache.amxx] player/pl_wade1.wav
L 10/10/2024 - 22:17:51: [testprecache.amxx] precaching file
L 10/10/2024 - 22:17:51: [testprecache.amxx] player/pl_wade2.wav
L 10/10/2024 - 22:17:51: [testprecache.amxx] precaching file
L 10/10/2024 - 22:17:51: [testprecache.amxx] hlcoop/shockroach/shock_idle3.wav
L 10/10/2024 - 22:17:51: [testprecache.amxx] precaching file
L 10/10/2024 - 22:17:51: [testprecache.amxx] hlcoop/shockroach/shock_idle2.wav
L 10/10/2024 - 22:17:51: [testprecache.amxx] precaching file
L 10/10/2024 - 22:17:51: [testprecache.amxx] hlcoop/shockroach/shock_idle2.wav
L 10/10/2024 - 22:17:51: [testprecache.amxx] precaching file
L 10/10/2024 - 22:17:51: [testprecache.amxx] hlcoop/shockroach/shock_idle2.wav
L 10/10/2024 - 23:51:41: -------- Mapchange to sandbox --------
L 10/10/2024 - 23:51:41: [testprecache.amxx] precaching file
L 10/10/2024 - 23:51:41: [testprecache.amxx] items/smallmedkit1.wav
L 10/10/2024 - 23:51:41: [testprecache.amxx] precaching file
L 10/10/2024 - 23:51:41: [testprecache.amxx] player/pl_wade1.wav
L 10/10/2024 - 23:51:41: [testprecache.amxx] precaching file
L 10/10/2024 - 23:51:41: [testprecache.amxx] player/pl_wade2.wav
L 10/10/2024 - 23:51:41: [testprecache.amxx] precaching file
L 10/10/2024 - 23:51:41: [testprecache.amxx] hlcoop/shockroach/shock_idle3.wav
L 10/10/2024 - 23:51:41: [testprecache.amxx] precaching file
L 10/10/2024 - 23:51:41: [testprecache.amxx] hlcoop/shockroach/shock_idle2.wav
L 10/10/2024 - 23:51:41: [testprecache.amxx] precaching file
L 10/10/2024 - 23:51:41: [testprecache.amxx] hlcoop/shockroach/shock_idle2.wav
L 10/10/2024 - 23:51:41: [testprecache.amxx] precaching file
L 10/10/2024 - 23:51:41: [testprecache.amxx] hlcoop/shockroach/shock_idle2.wav
L 10/10/2024 - 23:51:43: -------- Mapchange to d1_trainstation_02 --------
L 10/10/2024 - 23:51:43: [testprecache.amxx] precaching file
L 10/10/2024 - 23:51:43: [testprecache.amxx] items/smallmedkit1.wav
L 10/10/2024 - 23:51:43: [testprecache.amxx] precaching file
L 10/10/2024 - 23:51:43: [testprecache.amxx] player/pl_wade1.wav
L 10/10/2024 - 23:51:43: [testprecache.amxx] precaching file
L 10/10/2024 - 23:51:43: [testprecache.amxx] player/pl_wade2.wav
L 10/10/2024 - 23:51:43: [testprecache.amxx] precaching file
L 10/10/2024 - 23:51:43: [testprecache.amxx] hlcoop/shockroach/shock_idle3.wav
L 10/10/2024 - 23:51:43: [testprecache.amxx] precaching file
L 10/10/2024 - 23:51:43: [testprecache.amxx] hlcoop/shockroach/shock_idle2.wav
L 10/10/2024 - 23:51:43: [testprecache.amxx] precaching file
L 10/10/2024 - 23:51:43: [testprecache.amxx] hlcoop/shockroach/shock_idle2.wav
L 10/10/2024 - 23:51:43: [testprecache.amxx] precaching file
L 10/10/2024 - 23:51:43: [testprecache.amxx] hlcoop/shockroach/shock_idle2.wav
L 10/10/2024 - 23:52:56: -------- Mapchange to c1a0 --------
L 10/10/2024 - 23:52:56: [testprecache.amxx] precaching file
L 10/10/2024 - 23:52:56: [testprecache.amxx] items/smallmedkit1.wav
L 10/10/2024 - 23:52:56: [testprecache.amxx] precaching file
L 10/10/2024 - 23:52:56: [testprecache.amxx] player/pl_wade1.wav
L 10/10/2024 - 23:52:56: [testprecache.amxx] precaching file
L 10/10/2024 - 23:52:56: [testprecache.amxx] player/pl_wade2.wav
L 10/10/2024 - 23:52:56: [testprecache.amxx] precaching file
L 10/10/2024 - 23:52:56: [testprecache.amxx] hlcoop/shockroach/shock_idle3.wav
L 10/10/2024 - 23:52:56: [testprecache.amxx] precaching file
L 10/10/2024 - 23:52:56: [testprecache.amxx] hlcoop/shockroach/shock_idle2.wav
L 10/10/2024 - 23:52:56: [testprecache.amxx] precaching file
L 10/10/2024 - 23:52:56: [testprecache.amxx] hlcoop/shockroach/shock_idle2.wav
L 10/10/2024 - 23:52:56: [testprecache.amxx] precaching file
L 10/10/2024 - 23:52:56: [testprecache.amxx] hlcoop/shockroach/shock_idle2.wav
L 10/10/2024 - 23:53:13: -------- Mapchange to c1a0d --------
L 10/10/2024 - 23:53:13: [testprecache.amxx] precaching file
L 10/10/2024 - 23:53:13: [testprecache.amxx] items/smallmedkit1.wav
L 10/10/2024 - 23:53:13: [testprecache.amxx] precaching file
L 10/10/2024 - 23:53:13: [testprecache.amxx] player/pl_wade1.wav
L 10/10/2024 - 23:53:13: [testprecache.amxx] precaching file
L 10/10/2024 - 23:53:13: [testprecache.amxx] player/pl_wade2.wav
L 10/10/2024 - 23:53:13: [testprecache.amxx] precaching file
L 10/10/2024 - 23:53:13: [testprecache.amxx] hlcoop/shockroach/shock_idle3.wav
L 10/10/2024 - 23:53:13: [testprecache.amxx] precaching file
L 10/10/2024 - 23:53:13: [testprecache.amxx] hlcoop/shockroach/shock_idle2.wav
L 10/10/2024 - 23:53:13: [testprecache.amxx] precaching file
L 10/10/2024 - 23:53:13: [testprecache.amxx] hlcoop/shockroach/shock_idle2.wav
L 10/10/2024 - 23:53:13: [testprecache.amxx] precaching file
L 10/10/2024 - 23:53:13: [testprecache.amxx] hlcoop/shockroach/shock_idle2.wav
L 10/10/2024 - 23:53:33: -------- Mapchange to c1a0a --------
L 10/10/2024 - 23:53:33: [testprecache.amxx] precaching file
L 10/10/2024 - 23:53:33: [testprecache.amxx] items/smallmedkit1.wav
L 10/10/2024 - 23:53:33: [testprecache.amxx] precaching file
L 10/10/2024 - 23:53:33: [testprecache.amxx] player/pl_wade1.wav
L 10/10/2024 - 23:53:33: [testprecache.amxx] precaching file
L 10/10/2024 - 23:53:33: [testprecache.amxx] player/pl_wade2.wav
L 10/10/2024 - 23:53:33: [testprecache.amxx] precaching file
L 10/10/2024 - 23:53:33: [testprecache.amxx] hlcoop/shockroach/shock_idle3.wav
L 10/10/2024 - 23:53:33: [testprecache.amxx] precaching file
L 10/10/2024 - 23:53:33: [testprecache.amxx] hlcoop/shockroach/shock_idle2.wav
L 10/10/2024 - 23:53:33: [testprecache.amxx] precaching file
L 10/10/2024 - 23:53:33: [testprecache.amxx] hlcoop/shockroach/shock_idle2.wav
L 10/10/2024 - 23:53:33: [testprecache.amxx] precaching file
L 10/10/2024 - 23:53:33: [testprecache.amxx] hlcoop/shockroach/shock_idle2.wav
L 10/10/2024 - 23:53:53: -------- Mapchange to c1a0b --------
L 10/10/2024 - 23:53:53: [testprecache.amxx] precaching file
L 10/10/2024 - 23:53:53: [testprecache.amxx] items/smallmedkit1.wav
L 10/10/2024 - 23:53:53: [testprecache.amxx] precaching file
L 10/10/2024 - 23:53:53: [testprecache.amxx] player/pl_wade1.wav
L 10/10/2024 - 23:53:53: [testprecache.amxx] precaching file
L 10/10/2024 - 23:53:53: [testprecache.amxx] player/pl_wade2.wav
L 10/10/2024 - 23:53:53: [testprecache.amxx] precaching file
L 10/10/2024 - 23:53:53: [testprecache.amxx] hlcoop/shockroach/shock_idle3.wav
L 10/10/2024 - 23:53:53: [testprecache.amxx] precaching file
L 10/10/2024 - 23:53:53: [testprecache.amxx] hlcoop/shockroach/shock_idle2.wav
L 10/10/2024 - 23:53:53: [testprecache.amxx] precaching file
L 10/10/2024 - 23:53:53: [testprecache.amxx] hlcoop/shockroach/shock_idle2.wav
L 10/10/2024 - 23:53:53: [testprecache.amxx] precaching file
L 10/10/2024 - 23:53:53: [testprecache.amxx] hlcoop/shockroach/shock_idle2.wav
L 10/10/2024 - 23:54:32: -------- Mapchange to c1a0e --------
L 10/10/2024 - 23:54:32: [testprecache.amxx] precaching file
L 10/10/2024 - 23:54:32: [testprecache.amxx] items/smallmedkit1.wav
L 10/10/2024 - 23:54:32: [testprecache.amxx] precaching file
L 10/10/2024 - 23:54:32: [testprecache.amxx] player/pl_wade1.wav
L 10/10/2024 - 23:54:32: [testprecache.amxx] precaching file
L 10/10/2024 - 23:54:32: [testprecache.amxx] player/pl_wade2.wav
L 10/10/2024 - 23:54:32: [testprecache.amxx] precaching file
L 10/10/2024 - 23:54:32: [testprecache.amxx] hlcoop/shockroach/shock_idle3.wav
L 10/10/2024 - 23:54:32: [testprecache.amxx] precaching file
L 10/10/2024 - 23:54:32: [testprecache.amxx] hlcoop/shockroach/shock_idle2.wav
L 10/10/2024 - 23:54:32: [testprecache.amxx] precaching file
L 10/10/2024 - 23:54:32: [testprecache.amxx] hlcoop/shockroach/shock_idle2.wav
L 10/10/2024 - 23:54:32: [testprecache.amxx] precaching file
L 10/10/2024 - 23:54:32: [testprecache.amxx] hlcoop/shockroach/shock_idle2.wav
L 10/10/2024 - 23:54:43: -------- Mapchange to c1a0b --------
L 10/10/2024 - 23:54:43: [testprecache.amxx] precaching file
L 10/10/2024 - 23:54:43: [testprecache.amxx] items/smallmedkit1.wav
L 10/10/2024 - 23:54:43: [testprecache.amxx] precaching file
L 10/10/2024 - 23:54:43: [testprecache.amxx] player/pl_wade1.wav
L 10/10/2024 - 23:54:43: [testprecache.amxx] precaching file
L 10/10/2024 - 23:54:43: [testprecache.amxx] player/pl_wade2.wav
L 10/10/2024 - 23:54:43: [testprecache.amxx] precaching file
L 10/10/2024 - 23:54:43: [testprecache.amxx] hlcoop/shockroach/shock_idle3.wav
L 10/10/2024 - 23:54:43: [testprecache.amxx] precaching file
L 10/10/2024 - 23:54:43: [testprecache.amxx] hlcoop/shockroach/shock_idle2.wav
L 10/10/2024 - 23:54:43: [testprecache.amxx] precaching file
L 10/10/2024 - 23:54:43: [testprecache.amxx] hlcoop/shockroach/shock_idle2.wav
L 10/10/2024 - 23:54:43: [testprecache.amxx] precaching file
L 10/10/2024 - 23:54:43: [testprecache.amxx] hlcoop/shockroach/shock_idle2.wav
L 10/10/2024 - 23:55:40: -------- Mapchange to c1a0e --------
L 10/10/2024 - 23:55:40: [testprecache.amxx] precaching file
L 10/10/2024 - 23:55:40: [testprecache.amxx] items/smallmedkit1.wav
L 10/10/2024 - 23:55:40: [testprecache.amxx] precaching file
L 10/10/2024 - 23:55:40: [testprecache.amxx] player/pl_wade1.wav
L 10/10/2024 - 23:55:40: [testprecache.amxx] precaching file
L 10/10/2024 - 23:55:40: [testprecache.amxx] player/pl_wade2.wav
L 10/10/2024 - 23:55:40: [testprecache.amxx] precaching file
L 10/10/2024 - 23:55:40: [testprecache.amxx] hlcoop/shockroach/shock_idle3.wav
L 10/10/2024 - 23:55:40: [testprecache.amxx] precaching file
L 10/10/2024 - 23:55:40: [testprecache.amxx] hlcoop/shockroach/shock_idle2.wav
L 10/10/2024 - 23:55:40: [testprecache.amxx] precaching file
L 10/10/2024 - 23:55:40: [testprecache.amxx] hlcoop/shockroach/shock_idle2.wav
L 10/10/2024 - 23:55:40: [testprecache.amxx] precaching file
L 10/10/2024 - 23:55:40: [testprecache.amxx] hlcoop/shockroach/shock_idle2.wav
