L 12/18/2024 - 15:00:35: -------- Mapchange to hldm_2fort --------
L 12/18/2024 - 15:00:35: [testprecache.amxx] precaching file
L 12/18/2024 - 15:00:35: [testprecache.amxx] items/smallmedkit1.wav
L 12/18/2024 - 15:00:35: [testprecache.amxx] precaching file
L 12/18/2024 - 15:00:35: [testprecache.amxx] player/pl_wade1.wav
L 12/18/2024 - 15:00:35: [testprecache.amxx] precaching file
L 12/18/2024 - 15:00:35: [testprecache.amxx] player/pl_wade2.wav
L 12/18/2024 - 15:00:35: [testprecache.amxx] precaching file
L 12/18/2024 - 15:00:35: [testprecache.amxx] hlcoop/shockroach/shock_idle3.wav
L 12/18/2024 - 15:00:35: [testprecache.amxx] precaching file
L 12/18/2024 - 15:00:35: [testprecache.amxx] hlcoop/shockroach/shock_idle2.wav
L 12/18/2024 - 15:00:35: [testprecache.amxx] precaching file
L 12/18/2024 - 15:00:35: [testprecache.amxx] /hl2/cscanner/scanner_scan_loop2.wav
L 12/18/2024 - 15:00:35: [testprecache.amxx] precaching file
L 12/18/2024 - 15:00:35: [testprecache.amxx] /hl2/cscanner/scanner_photo1.wav
L 12/18/2024 - 15:00:35: [testprecache.amxx] precaching file
L 12/18/2024 - 15:00:35: [testprecache.amxx] /hl2/cscanner/scanner_blip1.wav
L 12/18/2024 - 15:00:35: [testprecache.amxx] precaching file
L 12/18/2024 - 15:00:35: [testprecache.amxx] /hl2/cscanner/scanner_blip1.wav
L 12/18/2024 - 16:49:05: -------- Mapchange to sandbox --------
L 12/18/2024 - 16:49:05: [testprecache.amxx] precaching file
L 12/18/2024 - 16:49:05: [testprecache.amxx] items/smallmedkit1.wav
L 12/18/2024 - 16:49:05: [testprecache.amxx] precaching file
L 12/18/2024 - 16:49:05: [testprecache.amxx] player/pl_wade1.wav
L 12/18/2024 - 16:49:05: [testprecache.amxx] precaching file
L 12/18/2024 - 16:49:05: [testprecache.amxx] player/pl_wade2.wav
L 12/18/2024 - 16:49:05: [testprecache.amxx] precaching file
L 12/18/2024 - 16:49:05: [testprecache.amxx] hlcoop/shockroach/shock_idle3.wav
L 12/18/2024 - 16:49:05: [testprecache.amxx] precaching file
L 12/18/2024 - 16:49:05: [testprecache.amxx] hlcoop/shockroach/shock_idle2.wav
L 12/18/2024 - 16:49:05: [testprecache.amxx] precaching file
L 12/18/2024 - 16:49:05: [testprecache.amxx] /hl2/cscanner/scanner_scan_loop2.wav
L 12/18/2024 - 16:49:05: [testprecache.amxx] precaching file
L 12/18/2024 - 16:49:05: [testprecache.amxx] /hl2/cscanner/scanner_photo1.wav
L 12/18/2024 - 16:49:05: [testprecache.amxx] precaching file
L 12/18/2024 - 16:49:05: [testprecache.amxx] /hl2/cscanner/scanner_blip1.wav
L 12/18/2024 - 16:49:05: [testprecache.amxx] precaching file
L 12/18/2024 - 16:49:05: [testprecache.amxx] /hl2/cscanner/scanner_blip1.wav
L 12/18/2024 - 16:49:07: -------- Mapchange to hldm_2fort --------
L 12/18/2024 - 16:49:07: [testprecache.amxx] precaching file
L 12/18/2024 - 16:49:07: [testprecache.amxx] items/smallmedkit1.wav
L 12/18/2024 - 16:49:07: [testprecache.amxx] precaching file
L 12/18/2024 - 16:49:07: [testprecache.amxx] player/pl_wade1.wav
L 12/18/2024 - 16:49:07: [testprecache.amxx] precaching file
L 12/18/2024 - 16:49:07: [testprecache.amxx] player/pl_wade2.wav
L 12/18/2024 - 16:49:07: [testprecache.amxx] precaching file
L 12/18/2024 - 16:49:07: [testprecache.amxx] hlcoop/shockroach/shock_idle3.wav
L 12/18/2024 - 16:49:07: [testprecache.amxx] precaching file
L 12/18/2024 - 16:49:07: [testprecache.amxx] hlcoop/shockroach/shock_idle2.wav
L 12/18/2024 - 16:49:07: [testprecache.amxx] precaching file
L 12/18/2024 - 16:49:07: [testprecache.amxx] /hl2/cscanner/scanner_scan_loop2.wav
L 12/18/2024 - 16:49:07: [testprecache.amxx] precaching file
L 12/18/2024 - 16:49:07: [testprecache.amxx] /hl2/cscanner/scanner_photo1.wav
L 12/18/2024 - 16:49:07: [testprecache.amxx] precaching file
L 12/18/2024 - 16:49:07: [testprecache.amxx] /hl2/cscanner/scanner_blip1.wav
L 12/18/2024 - 16:49:07: [testprecache.amxx] precaching file
L 12/18/2024 - 16:49:07: [testprecache.amxx] /hl2/cscanner/scanner_blip1.wav
L 12/18/2024 - 16:57:02: -------- Mapchange to hldm_2fort --------
L 12/18/2024 - 16:57:02: [testprecache.amxx] precaching file
L 12/18/2024 - 16:57:02: [testprecache.amxx] items/smallmedkit1.wav
L 12/18/2024 - 16:57:02: [testprecache.amxx] precaching file
L 12/18/2024 - 16:57:02: [testprecache.amxx] player/pl_wade1.wav
L 12/18/2024 - 16:57:02: [testprecache.amxx] precaching file
L 12/18/2024 - 16:57:02: [testprecache.amxx] player/pl_wade2.wav
L 12/18/2024 - 16:57:02: [testprecache.amxx] precaching file
L 12/18/2024 - 16:57:02: [testprecache.amxx] hlcoop/shockroach/shock_idle3.wav
L 12/18/2024 - 16:57:02: [testprecache.amxx] precaching file
L 12/18/2024 - 16:57:02: [testprecache.amxx] hlcoop/shockroach/shock_idle2.wav
L 12/18/2024 - 16:57:02: [testprecache.amxx] precaching file
L 12/18/2024 - 16:57:02: [testprecache.amxx] /hl2/cscanner/scanner_scan_loop2.wav
L 12/18/2024 - 16:57:02: [testprecache.amxx] precaching file
L 12/18/2024 - 16:57:02: [testprecache.amxx] /hl2/cscanner/scanner_photo1.wav
L 12/18/2024 - 16:57:02: [testprecache.amxx] precaching file
L 12/18/2024 - 16:57:02: [testprecache.amxx] /hl2/cscanner/scanner_blip1.wav
L 12/18/2024 - 16:57:02: [testprecache.amxx] precaching file
L 12/18/2024 - 16:57:02: [testprecache.amxx] /hl2/cscanner/scanner_blip1.wav
L 12/18/2024 - 19:31:57: -------- Mapchange to sandbox --------
L 12/18/2024 - 19:31:57: [testprecache.amxx] precaching file
L 12/18/2024 - 19:31:57: [testprecache.amxx] items/smallmedkit1.wav
L 12/18/2024 - 19:31:57: [testprecache.amxx] precaching file
L 12/18/2024 - 19:31:57: [testprecache.amxx] player/pl_wade1.wav
L 12/18/2024 - 19:31:57: [testprecache.amxx] precaching file
L 12/18/2024 - 19:31:57: [testprecache.amxx] player/pl_wade2.wav
L 12/18/2024 - 19:31:57: [testprecache.amxx] precaching file
L 12/18/2024 - 19:31:57: [testprecache.amxx] hlcoop/shockroach/shock_idle3.wav
L 12/18/2024 - 19:31:57: [testprecache.amxx] precaching file
L 12/18/2024 - 19:31:57: [testprecache.amxx] hlcoop/shockroach/shock_idle2.wav
L 12/18/2024 - 19:31:57: [testprecache.amxx] precaching file
L 12/18/2024 - 19:31:57: [testprecache.amxx] /hl2/cscanner/scanner_scan_loop2.wav
L 12/18/2024 - 19:31:57: [testprecache.amxx] precaching file
L 12/18/2024 - 19:31:57: [testprecache.amxx] /hl2/cscanner/scanner_photo1.wav
L 12/18/2024 - 19:31:57: [testprecache.amxx] precaching file
L 12/18/2024 - 19:31:57: [testprecache.amxx] /hl2/cscanner/scanner_blip1.wav
L 12/18/2024 - 19:31:57: [testprecache.amxx] precaching file
L 12/18/2024 - 19:31:57: [testprecache.amxx] /hl2/cscanner/scanner_blip1.wav
L 12/18/2024 - 19:31:57: [galileo.amxx] 
L 12/18/2024 - 19:31:57: [galileo.amxx] The server is jumping to the next map after the current map due more than 1 restarts on the map "hldm_2fort"
L 12/18/2024 - 19:31:57: [galileo.amxx] 
L 12/18/2024 - 19:31:59: -------- Mapchange to sc_test --------
L 12/18/2024 - 19:31:59: [testprecache.amxx] precaching file
L 12/18/2024 - 19:31:59: [testprecache.amxx] items/smallmedkit1.wav
L 12/18/2024 - 19:31:59: [testprecache.amxx] precaching file
L 12/18/2024 - 19:31:59: [testprecache.amxx] player/pl_wade1.wav
L 12/18/2024 - 19:31:59: [testprecache.amxx] precaching file
L 12/18/2024 - 19:31:59: [testprecache.amxx] player/pl_wade2.wav
L 12/18/2024 - 19:31:59: [testprecache.amxx] precaching file
L 12/18/2024 - 19:31:59: [testprecache.amxx] hlcoop/shockroach/shock_idle3.wav
L 12/18/2024 - 19:31:59: [testprecache.amxx] precaching file
L 12/18/2024 - 19:31:59: [testprecache.amxx] hlcoop/shockroach/shock_idle2.wav
L 12/18/2024 - 19:31:59: [testprecache.amxx] precaching file
L 12/18/2024 - 19:31:59: [testprecache.amxx] /hl2/cscanner/scanner_scan_loop2.wav
L 12/18/2024 - 19:31:59: [testprecache.amxx] precaching file
L 12/18/2024 - 19:31:59: [testprecache.amxx] /hl2/cscanner/scanner_photo1.wav
L 12/18/2024 - 19:31:59: [testprecache.amxx] precaching file
L 12/18/2024 - 19:31:59: [testprecache.amxx] /hl2/cscanner/scanner_blip1.wav
L 12/18/2024 - 19:31:59: [testprecache.amxx] precaching file
L 12/18/2024 - 19:31:59: [testprecache.amxx] /hl2/cscanner/scanner_blip1.wav
