L 12/28/2024 - 02:33:27: -------- Mapchange to sandbox --------
L 12/28/2024 - 02:33:27: [testprecache.amxx] precaching file
L 12/28/2024 - 02:33:27: [testprecache.amxx] items/smallmedkit1.wav
L 12/28/2024 - 02:33:27: [testprecache.amxx] precaching file
L 12/28/2024 - 02:33:27: [testprecache.amxx] player/pl_wade1.wav
L 12/28/2024 - 02:33:27: [testprecache.amxx] precaching file
L 12/28/2024 - 02:33:27: [testprecache.amxx] player/pl_wade2.wav
L 12/28/2024 - 02:33:27: [testprecache.amxx] precaching file
L 12/28/2024 - 02:33:27: [testprecache.amxx] hlcoop/shockroach/shock_idle3.wav
L 12/28/2024 - 02:33:27: [testprecache.amxx] precaching file
L 12/28/2024 - 02:33:27: [testprecache.amxx] hlcoop/shockroach/shock_idle2.wav
L 12/28/2024 - 02:33:27: [testprecache.amxx] precaching file
L 12/28/2024 - 02:33:27: [testprecache.amxx] /hl2/cscanner/scanner_scan_loop2.wav
L 12/28/2024 - 02:33:27: [testprecache.amxx] precaching file
L 12/28/2024 - 02:33:27: [testprecache.amxx] /hl2/cscanner/scanner_photo1.wav
L 12/28/2024 - 02:33:27: [testprecache.amxx] precaching file
L 12/28/2024 - 02:33:27: [testprecache.amxx] /hl2/cscanner/scanner_blip1.wav
L 12/28/2024 - 02:33:27: [testprecache.amxx] precaching file
L 12/28/2024 - 02:33:27: [testprecache.amxx] /hl2/cscanner/scanner_blip1.wav
L 12/28/2024 - 02:33:30: -------- Mapchange to d1_town_01 --------
L 12/28/2024 - 02:33:30: [testprecache.amxx] precaching file
L 12/28/2024 - 02:33:30: [testprecache.amxx] items/smallmedkit1.wav
L 12/28/2024 - 02:33:30: [testprecache.amxx] precaching file
L 12/28/2024 - 02:33:30: [testprecache.amxx] player/pl_wade1.wav
L 12/28/2024 - 02:33:30: [testprecache.amxx] precaching file
L 12/28/2024 - 02:33:30: [testprecache.amxx] player/pl_wade2.wav
L 12/28/2024 - 02:33:30: [testprecache.amxx] precaching file
L 12/28/2024 - 02:33:30: [testprecache.amxx] hlcoop/shockroach/shock_idle3.wav
L 12/28/2024 - 02:33:30: [testprecache.amxx] precaching file
L 12/28/2024 - 02:33:30: [testprecache.amxx] hlcoop/shockroach/shock_idle2.wav
L 12/28/2024 - 02:33:30: [testprecache.amxx] precaching file
L 12/28/2024 - 02:33:30: [testprecache.amxx] /hl2/cscanner/scanner_scan_loop2.wav
L 12/28/2024 - 02:33:30: [testprecache.amxx] precaching file
L 12/28/2024 - 02:33:30: [testprecache.amxx] /hl2/cscanner/scanner_photo1.wav
L 12/28/2024 - 02:33:30: [testprecache.amxx] precaching file
L 12/28/2024 - 02:33:30: [testprecache.amxx] /hl2/cscanner/scanner_blip1.wav
L 12/28/2024 - 02:33:30: [testprecache.amxx] precaching file
L 12/28/2024 - 02:33:30: [testprecache.amxx] /hl2/cscanner/scanner_blip1.wav
L 12/28/2024 - 02:38:55: -------- Mapchange to sandbox --------
L 12/28/2024 - 02:38:55: [testprecache.amxx] precaching file
L 12/28/2024 - 02:38:55: [testprecache.amxx] items/smallmedkit1.wav
L 12/28/2024 - 02:38:55: [testprecache.amxx] precaching file
L 12/28/2024 - 02:38:55: [testprecache.amxx] player/pl_wade1.wav
L 12/28/2024 - 02:38:55: [testprecache.amxx] precaching file
L 12/28/2024 - 02:38:55: [testprecache.amxx] player/pl_wade2.wav
L 12/28/2024 - 02:38:55: [testprecache.amxx] precaching file
L 12/28/2024 - 02:38:55: [testprecache.amxx] hlcoop/shockroach/shock_idle3.wav
L 12/28/2024 - 02:38:55: [testprecache.amxx] precaching file
L 12/28/2024 - 02:38:55: [testprecache.amxx] hlcoop/shockroach/shock_idle2.wav
L 12/28/2024 - 02:38:55: [testprecache.amxx] precaching file
L 12/28/2024 - 02:38:55: [testprecache.amxx] /hl2/cscanner/scanner_scan_loop2.wav
L 12/28/2024 - 02:38:55: [testprecache.amxx] precaching file
L 12/28/2024 - 02:38:55: [testprecache.amxx] /hl2/cscanner/scanner_photo1.wav
L 12/28/2024 - 02:38:55: [testprecache.amxx] precaching file
L 12/28/2024 - 02:38:55: [testprecache.amxx] /hl2/cscanner/scanner_blip1.wav
L 12/28/2024 - 02:38:55: [testprecache.amxx] precaching file
L 12/28/2024 - 02:38:55: [testprecache.amxx] /hl2/cscanner/scanner_blip1.wav
L 12/28/2024 - 02:38:57: -------- Mapchange to d1_town_01 --------
L 12/28/2024 - 02:38:57: [testprecache.amxx] precaching file
L 12/28/2024 - 02:38:57: [testprecache.amxx] items/smallmedkit1.wav
L 12/28/2024 - 02:38:57: [testprecache.amxx] precaching file
L 12/28/2024 - 02:38:57: [testprecache.amxx] player/pl_wade1.wav
L 12/28/2024 - 02:38:57: [testprecache.amxx] precaching file
L 12/28/2024 - 02:38:57: [testprecache.amxx] player/pl_wade2.wav
L 12/28/2024 - 02:38:57: [testprecache.amxx] precaching file
L 12/28/2024 - 02:38:57: [testprecache.amxx] hlcoop/shockroach/shock_idle3.wav
L 12/28/2024 - 02:38:57: [testprecache.amxx] precaching file
L 12/28/2024 - 02:38:57: [testprecache.amxx] hlcoop/shockroach/shock_idle2.wav
L 12/28/2024 - 02:38:57: [testprecache.amxx] precaching file
L 12/28/2024 - 02:38:57: [testprecache.amxx] /hl2/cscanner/scanner_scan_loop2.wav
L 12/28/2024 - 02:38:57: [testprecache.amxx] precaching file
L 12/28/2024 - 02:38:57: [testprecache.amxx] /hl2/cscanner/scanner_photo1.wav
L 12/28/2024 - 02:38:57: [testprecache.amxx] precaching file
L 12/28/2024 - 02:38:57: [testprecache.amxx] /hl2/cscanner/scanner_blip1.wav
L 12/28/2024 - 02:38:57: [testprecache.amxx] precaching file
L 12/28/2024 - 02:38:57: [testprecache.amxx] /hl2/cscanner/scanner_blip1.wav
L 12/28/2024 - 20:23:12: -------- Mapchange to sandbox --------
L 12/28/2024 - 20:23:12: [testprecache.amxx] precaching file
L 12/28/2024 - 20:23:12: [testprecache.amxx] items/smallmedkit1.wav
L 12/28/2024 - 20:23:12: [testprecache.amxx] precaching file
L 12/28/2024 - 20:23:12: [testprecache.amxx] player/pl_wade1.wav
L 12/28/2024 - 20:23:12: [testprecache.amxx] precaching file
L 12/28/2024 - 20:23:12: [testprecache.amxx] player/pl_wade2.wav
L 12/28/2024 - 20:23:12: [testprecache.amxx] precaching file
L 12/28/2024 - 20:23:12: [testprecache.amxx] hlcoop/shockroach/shock_idle3.wav
L 12/28/2024 - 20:23:12: [testprecache.amxx] precaching file
L 12/28/2024 - 20:23:12: [testprecache.amxx] hlcoop/shockroach/shock_idle2.wav
L 12/28/2024 - 20:23:12: [testprecache.amxx] precaching file
L 12/28/2024 - 20:23:12: [testprecache.amxx] /hl2/cscanner/scanner_scan_loop2.wav
L 12/28/2024 - 20:23:12: [testprecache.amxx] precaching file
L 12/28/2024 - 20:23:12: [testprecache.amxx] /hl2/cscanner/scanner_photo1.wav
L 12/28/2024 - 20:23:12: [testprecache.amxx] precaching file
L 12/28/2024 - 20:23:12: [testprecache.amxx] /hl2/cscanner/scanner_blip1.wav
L 12/28/2024 - 20:23:12: [testprecache.amxx] precaching file
L 12/28/2024 - 20:23:12: [testprecache.amxx] /hl2/cscanner/scanner_blip1.wav
L 12/28/2024 - 20:23:13: [galileo.amxx] 
L 12/28/2024 - 20:23:13: [galileo.amxx] The server is jumping to the next map after the current map due more than 1 restarts on the map "d1_town_01"
L 12/28/2024 - 20:23:13: [galileo.amxx] 
L 12/28/2024 - 20:23:15: -------- Mapchange to d1_trainstation_02 --------
L 12/28/2024 - 20:23:15: [testprecache.amxx] precaching file
L 12/28/2024 - 20:23:15: [testprecache.amxx] items/smallmedkit1.wav
L 12/28/2024 - 20:23:15: [testprecache.amxx] precaching file
L 12/28/2024 - 20:23:15: [testprecache.amxx] player/pl_wade1.wav
L 12/28/2024 - 20:23:15: [testprecache.amxx] precaching file
L 12/28/2024 - 20:23:15: [testprecache.amxx] player/pl_wade2.wav
L 12/28/2024 - 20:23:15: [testprecache.amxx] precaching file
L 12/28/2024 - 20:23:15: [testprecache.amxx] hlcoop/shockroach/shock_idle3.wav
L 12/28/2024 - 20:23:15: [testprecache.amxx] precaching file
L 12/28/2024 - 20:23:15: [testprecache.amxx] hlcoop/shockroach/shock_idle2.wav
L 12/28/2024 - 20:23:15: [testprecache.amxx] precaching file
L 12/28/2024 - 20:23:15: [testprecache.amxx] /hl2/cscanner/scanner_scan_loop2.wav
L 12/28/2024 - 20:23:15: [testprecache.amxx] precaching file
L 12/28/2024 - 20:23:15: [testprecache.amxx] /hl2/cscanner/scanner_photo1.wav
L 12/28/2024 - 20:23:15: [testprecache.amxx] precaching file
L 12/28/2024 - 20:23:15: [testprecache.amxx] /hl2/cscanner/scanner_blip1.wav
L 12/28/2024 - 20:23:15: [testprecache.amxx] precaching file
L 12/28/2024 - 20:23:15: [testprecache.amxx] /hl2/cscanner/scanner_blip1.wav
