L 10/17/2024 - 00:15:34: -------- Mapchange to sandbox --------
L 10/17/2024 - 00:15:34: [testprecache.amxx] precaching file
L 10/17/2024 - 00:15:34: [testprecache.amxx] items/smallmedkit1.wav
L 10/17/2024 - 00:15:34: [testprecache.amxx] precaching file
L 10/17/2024 - 00:15:34: [testprecache.amxx] player/pl_wade1.wav
L 10/17/2024 - 00:15:34: [testprecache.amxx] precaching file
L 10/17/2024 - 00:15:34: [testprecache.amxx] player/pl_wade2.wav
L 10/17/2024 - 00:15:34: [testprecache.amxx] precaching file
L 10/17/2024 - 00:15:34: [testprecache.amxx] hlcoop/shockroach/shock_idle3.wav
L 10/17/2024 - 00:15:34: [testprecache.amxx] precaching file
L 10/17/2024 - 00:15:34: [testprecache.amxx] hlcoop/shockroach/shock_idle2.wav
L 10/17/2024 - 00:15:34: [testprecache.amxx] precaching file
L 10/17/2024 - 00:15:34: [testprecache.amxx] /hl2/cscanner/scanner_scan_loop2.wav
L 10/17/2024 - 00:15:34: [testprecache.amxx] precaching file
L 10/17/2024 - 00:15:34: [testprecache.amxx] /hl2/cscanner/scanner_photo1.wav
L 10/17/2024 - 00:15:34: [testprecache.amxx] precaching file
L 10/17/2024 - 00:15:34: [testprecache.amxx] /hl2/cscanner/scanner_blip1.wav
L 10/17/2024 - 00:15:34: [testprecache.amxx] precaching file
L 10/17/2024 - 00:15:34: [testprecache.amxx] /hl2/cscanner/scanner_blip1.wav
L 10/17/2024 - 00:15:35: -------- Mapchange to sandbox --------
L 10/17/2024 - 00:15:35: [testprecache.amxx] precaching file
L 10/17/2024 - 00:15:35: [testprecache.amxx] items/smallmedkit1.wav
L 10/17/2024 - 00:15:35: [testprecache.amxx] precaching file
L 10/17/2024 - 00:15:35: [testprecache.amxx] player/pl_wade1.wav
L 10/17/2024 - 00:15:35: [testprecache.amxx] precaching file
L 10/17/2024 - 00:15:35: [testprecache.amxx] player/pl_wade2.wav
L 10/17/2024 - 00:15:35: [testprecache.amxx] precaching file
L 10/17/2024 - 00:15:35: [testprecache.amxx] hlcoop/shockroach/shock_idle3.wav
L 10/17/2024 - 00:15:35: [testprecache.amxx] precaching file
L 10/17/2024 - 00:15:35: [testprecache.amxx] hlcoop/shockroach/shock_idle2.wav
L 10/17/2024 - 00:15:35: [testprecache.amxx] precaching file
L 10/17/2024 - 00:15:35: [testprecache.amxx] /hl2/cscanner/scanner_scan_loop2.wav
L 10/17/2024 - 00:15:35: [testprecache.amxx] precaching file
L 10/17/2024 - 00:15:35: [testprecache.amxx] /hl2/cscanner/scanner_photo1.wav
L 10/17/2024 - 00:15:35: [testprecache.amxx] precaching file
L 10/17/2024 - 00:15:35: [testprecache.amxx] /hl2/cscanner/scanner_blip1.wav
L 10/17/2024 - 00:15:35: [testprecache.amxx] precaching file
L 10/17/2024 - 00:15:35: [testprecache.amxx] /hl2/cscanner/scanner_blip1.wav
L 10/17/2024 - 00:15:36: [galileo.amxx] 
L 10/17/2024 - 00:15:36: [galileo.amxx] The server is jumping to the next map after the current map due more than 1 restarts on the map "d1_trainstation_02"
L 10/17/2024 - 00:15:36: [galileo.amxx] 
L 10/17/2024 - 00:15:38: -------- Mapchange to boot_camp --------
L 10/17/2024 - 00:15:38: [testprecache.amxx] precaching file
L 10/17/2024 - 00:15:38: [testprecache.amxx] items/smallmedkit1.wav
L 10/17/2024 - 00:15:38: [testprecache.amxx] precaching file
L 10/17/2024 - 00:15:38: [testprecache.amxx] player/pl_wade1.wav
L 10/17/2024 - 00:15:38: [testprecache.amxx] precaching file
L 10/17/2024 - 00:15:38: [testprecache.amxx] player/pl_wade2.wav
L 10/17/2024 - 00:15:38: [testprecache.amxx] precaching file
L 10/17/2024 - 00:15:38: [testprecache.amxx] hlcoop/shockroach/shock_idle3.wav
L 10/17/2024 - 00:15:38: [testprecache.amxx] precaching file
L 10/17/2024 - 00:15:38: [testprecache.amxx] hlcoop/shockroach/shock_idle2.wav
L 10/17/2024 - 00:15:38: [testprecache.amxx] precaching file
L 10/17/2024 - 00:15:38: [testprecache.amxx] /hl2/cscanner/scanner_scan_loop2.wav
L 10/17/2024 - 00:15:38: [testprecache.amxx] precaching file
L 10/17/2024 - 00:15:38: [testprecache.amxx] /hl2/cscanner/scanner_photo1.wav
L 10/17/2024 - 00:15:38: [testprecache.amxx] precaching file
L 10/17/2024 - 00:15:38: [testprecache.amxx] /hl2/cscanner/scanner_blip1.wav
L 10/17/2024 - 00:15:38: [testprecache.amxx] precaching file
L 10/17/2024 - 00:15:38: [testprecache.amxx] /hl2/cscanner/scanner_blip1.wav
L 10/17/2024 - 00:20:23: -------- Mapchange to de_dust2 --------
L 10/17/2024 - 00:20:23: [testprecache.amxx] precaching file
L 10/17/2024 - 00:20:23: [testprecache.amxx] items/smallmedkit1.wav
L 10/17/2024 - 00:20:23: [testprecache.amxx] precaching file
L 10/17/2024 - 00:20:23: [testprecache.amxx] player/pl_wade1.wav
L 10/17/2024 - 00:20:23: [testprecache.amxx] precaching file
L 10/17/2024 - 00:20:23: [testprecache.amxx] player/pl_wade2.wav
L 10/17/2024 - 00:20:23: [testprecache.amxx] precaching file
L 10/17/2024 - 00:20:23: [testprecache.amxx] hlcoop/shockroach/shock_idle3.wav
L 10/17/2024 - 00:20:23: [testprecache.amxx] precaching file
L 10/17/2024 - 00:20:23: [testprecache.amxx] hlcoop/shockroach/shock_idle2.wav
L 10/17/2024 - 00:20:23: [testprecache.amxx] precaching file
L 10/17/2024 - 00:20:23: [testprecache.amxx] /hl2/cscanner/scanner_scan_loop2.wav
L 10/17/2024 - 00:20:23: [testprecache.amxx] precaching file
L 10/17/2024 - 00:20:23: [testprecache.amxx] /hl2/cscanner/scanner_photo1.wav
L 10/17/2024 - 00:20:23: [testprecache.amxx] precaching file
L 10/17/2024 - 00:20:23: [testprecache.amxx] /hl2/cscanner/scanner_blip1.wav
L 10/17/2024 - 00:20:23: [testprecache.amxx] precaching file
L 10/17/2024 - 00:20:23: [testprecache.amxx] /hl2/cscanner/scanner_blip1.wav
L 10/17/2024 - 00:34:10: -------- Mapchange to sandbox --------
L 10/17/2024 - 00:34:10: [testprecache.amxx] precaching file
L 10/17/2024 - 00:34:10: [testprecache.amxx] items/smallmedkit1.wav
L 10/17/2024 - 00:34:10: [testprecache.amxx] precaching file
L 10/17/2024 - 00:34:10: [testprecache.amxx] player/pl_wade1.wav
L 10/17/2024 - 00:34:10: [testprecache.amxx] precaching file
L 10/17/2024 - 00:34:10: [testprecache.amxx] player/pl_wade2.wav
L 10/17/2024 - 00:34:10: [testprecache.amxx] precaching file
L 10/17/2024 - 00:34:10: [testprecache.amxx] hlcoop/shockroach/shock_idle3.wav
L 10/17/2024 - 00:34:10: [testprecache.amxx] precaching file
L 10/17/2024 - 00:34:10: [testprecache.amxx] hlcoop/shockroach/shock_idle2.wav
L 10/17/2024 - 00:34:10: [testprecache.amxx] precaching file
L 10/17/2024 - 00:34:10: [testprecache.amxx] /hl2/cscanner/scanner_scan_loop2.wav
L 10/17/2024 - 00:34:10: [testprecache.amxx] precaching file
L 10/17/2024 - 00:34:10: [testprecache.amxx] /hl2/cscanner/scanner_photo1.wav
L 10/17/2024 - 00:34:10: [testprecache.amxx] precaching file
L 10/17/2024 - 00:34:10: [testprecache.amxx] /hl2/cscanner/scanner_blip1.wav
L 10/17/2024 - 00:34:10: [testprecache.amxx] precaching file
L 10/17/2024 - 00:34:10: [testprecache.amxx] /hl2/cscanner/scanner_blip1.wav
L 10/17/2024 - 00:34:13: -------- Mapchange to de_dust2 --------
L 10/17/2024 - 00:34:13: [testprecache.amxx] precaching file
L 10/17/2024 - 00:34:13: [testprecache.amxx] items/smallmedkit1.wav
L 10/17/2024 - 00:34:13: [testprecache.amxx] precaching file
L 10/17/2024 - 00:34:13: [testprecache.amxx] player/pl_wade1.wav
L 10/17/2024 - 00:34:13: [testprecache.amxx] precaching file
L 10/17/2024 - 00:34:13: [testprecache.amxx] player/pl_wade2.wav
L 10/17/2024 - 00:34:13: [testprecache.amxx] precaching file
L 10/17/2024 - 00:34:13: [testprecache.amxx] hlcoop/shockroach/shock_idle3.wav
L 10/17/2024 - 00:34:13: [testprecache.amxx] precaching file
L 10/17/2024 - 00:34:13: [testprecache.amxx] hlcoop/shockroach/shock_idle2.wav
L 10/17/2024 - 00:34:13: [testprecache.amxx] precaching file
L 10/17/2024 - 00:34:13: [testprecache.amxx] /hl2/cscanner/scanner_scan_loop2.wav
L 10/17/2024 - 00:34:13: [testprecache.amxx] precaching file
L 10/17/2024 - 00:34:13: [testprecache.amxx] /hl2/cscanner/scanner_photo1.wav
L 10/17/2024 - 00:34:13: [testprecache.amxx] precaching file
L 10/17/2024 - 00:34:13: [testprecache.amxx] /hl2/cscanner/scanner_blip1.wav
L 10/17/2024 - 00:34:13: [testprecache.amxx] precaching file
L 10/17/2024 - 00:34:13: [testprecache.amxx] /hl2/cscanner/scanner_blip1.wav
L 10/17/2024 - 00:35:26: -------- Mapchange to e1m1 --------
L 10/17/2024 - 00:35:26: [testprecache.amxx] precaching file
L 10/17/2024 - 00:35:26: [testprecache.amxx] items/smallmedkit1.wav
L 10/17/2024 - 00:35:26: [testprecache.amxx] precaching file
L 10/17/2024 - 00:35:26: [testprecache.amxx] player/pl_wade1.wav
L 10/17/2024 - 00:35:26: [testprecache.amxx] precaching file
L 10/17/2024 - 00:35:26: [testprecache.amxx] player/pl_wade2.wav
L 10/17/2024 - 00:35:26: [testprecache.amxx] precaching file
L 10/17/2024 - 00:35:26: [testprecache.amxx] hlcoop/shockroach/shock_idle3.wav
L 10/17/2024 - 00:35:26: [testprecache.amxx] precaching file
L 10/17/2024 - 00:35:26: [testprecache.amxx] hlcoop/shockroach/shock_idle2.wav
L 10/17/2024 - 00:35:26: [testprecache.amxx] precaching file
L 10/17/2024 - 00:35:26: [testprecache.amxx] /hl2/cscanner/scanner_scan_loop2.wav
L 10/17/2024 - 00:35:26: [testprecache.amxx] precaching file
L 10/17/2024 - 00:35:26: [testprecache.amxx] /hl2/cscanner/scanner_photo1.wav
L 10/17/2024 - 00:35:26: [testprecache.amxx] precaching file
L 10/17/2024 - 00:35:26: [testprecache.amxx] /hl2/cscanner/scanner_blip1.wav
L 10/17/2024 - 00:35:26: [testprecache.amxx] precaching file
L 10/17/2024 - 00:35:26: [testprecache.amxx] /hl2/cscanner/scanner_blip1.wav
L 10/17/2024 - 00:40:29: -------- Mapchange to d1_trainstation_02 --------
L 10/17/2024 - 00:40:29: [testprecache.amxx] precaching file
L 10/17/2024 - 00:40:29: [testprecache.amxx] items/smallmedkit1.wav
L 10/17/2024 - 00:40:29: [testprecache.amxx] precaching file
L 10/17/2024 - 00:40:29: [testprecache.amxx] player/pl_wade1.wav
L 10/17/2024 - 00:40:29: [testprecache.amxx] precaching file
L 10/17/2024 - 00:40:29: [testprecache.amxx] player/pl_wade2.wav
L 10/17/2024 - 00:40:29: [testprecache.amxx] precaching file
L 10/17/2024 - 00:40:29: [testprecache.amxx] hlcoop/shockroach/shock_idle3.wav
L 10/17/2024 - 00:40:29: [testprecache.amxx] precaching file
L 10/17/2024 - 00:40:29: [testprecache.amxx] hlcoop/shockroach/shock_idle2.wav
L 10/17/2024 - 00:40:29: [testprecache.amxx] precaching file
L 10/17/2024 - 00:40:29: [testprecache.amxx] /hl2/cscanner/scanner_scan_loop2.wav
L 10/17/2024 - 00:40:29: [testprecache.amxx] precaching file
L 10/17/2024 - 00:40:29: [testprecache.amxx] /hl2/cscanner/scanner_photo1.wav
L 10/17/2024 - 00:40:29: [testprecache.amxx] precaching file
L 10/17/2024 - 00:40:29: [testprecache.amxx] /hl2/cscanner/scanner_blip1.wav
L 10/17/2024 - 00:40:29: [testprecache.amxx] precaching file
L 10/17/2024 - 00:40:29: [testprecache.amxx] /hl2/cscanner/scanner_blip1.wav
L 10/17/2024 - 01:54:58: -------- Mapchange to sandbox --------
L 10/17/2024 - 01:54:58: [testprecache.amxx] precaching file
L 10/17/2024 - 01:54:58: [testprecache.amxx] items/smallmedkit1.wav
L 10/17/2024 - 01:54:58: [testprecache.amxx] precaching file
L 10/17/2024 - 01:54:58: [testprecache.amxx] player/pl_wade1.wav
L 10/17/2024 - 01:54:58: [testprecache.amxx] precaching file
L 10/17/2024 - 01:54:58: [testprecache.amxx] player/pl_wade2.wav
L 10/17/2024 - 01:54:58: [testprecache.amxx] precaching file
L 10/17/2024 - 01:54:58: [testprecache.amxx] hlcoop/shockroach/shock_idle3.wav
L 10/17/2024 - 01:54:58: [testprecache.amxx] precaching file
L 10/17/2024 - 01:54:58: [testprecache.amxx] hlcoop/shockroach/shock_idle2.wav
L 10/17/2024 - 01:54:58: [testprecache.amxx] precaching file
L 10/17/2024 - 01:54:58: [testprecache.amxx] /hl2/cscanner/scanner_scan_loop2.wav
L 10/17/2024 - 01:54:58: [testprecache.amxx] precaching file
L 10/17/2024 - 01:54:58: [testprecache.amxx] /hl2/cscanner/scanner_photo1.wav
L 10/17/2024 - 01:54:58: [testprecache.amxx] precaching file
L 10/17/2024 - 01:54:58: [testprecache.amxx] /hl2/cscanner/scanner_blip1.wav
L 10/17/2024 - 01:54:58: [testprecache.amxx] precaching file
L 10/17/2024 - 01:54:58: [testprecache.amxx] /hl2/cscanner/scanner_blip1.wav
L 10/17/2024 - 01:55:01: -------- Mapchange to d1_trainstation_02 --------
L 10/17/2024 - 01:55:01: [testprecache.amxx] precaching file
L 10/17/2024 - 01:55:01: [testprecache.amxx] items/smallmedkit1.wav
L 10/17/2024 - 01:55:01: [testprecache.amxx] precaching file
L 10/17/2024 - 01:55:01: [testprecache.amxx] player/pl_wade1.wav
L 10/17/2024 - 01:55:01: [testprecache.amxx] precaching file
L 10/17/2024 - 01:55:01: [testprecache.amxx] player/pl_wade2.wav
L 10/17/2024 - 01:55:01: [testprecache.amxx] precaching file
L 10/17/2024 - 01:55:01: [testprecache.amxx] hlcoop/shockroach/shock_idle3.wav
L 10/17/2024 - 01:55:01: [testprecache.amxx] precaching file
L 10/17/2024 - 01:55:01: [testprecache.amxx] hlcoop/shockroach/shock_idle2.wav
L 10/17/2024 - 01:55:01: [testprecache.amxx] precaching file
L 10/17/2024 - 01:55:01: [testprecache.amxx] /hl2/cscanner/scanner_scan_loop2.wav
L 10/17/2024 - 01:55:01: [testprecache.amxx] precaching file
L 10/17/2024 - 01:55:01: [testprecache.amxx] /hl2/cscanner/scanner_photo1.wav
L 10/17/2024 - 01:55:01: [testprecache.amxx] precaching file
L 10/17/2024 - 01:55:01: [testprecache.amxx] /hl2/cscanner/scanner_blip1.wav
L 10/17/2024 - 01:55:01: [testprecache.amxx] precaching file
L 10/17/2024 - 01:55:01: [testprecache.amxx] /hl2/cscanner/scanner_blip1.wav
L 10/17/2024 - 02:02:04: -------- Mapchange to sandbox --------
L 10/17/2024 - 02:02:04: [testprecache.amxx] precaching file
L 10/17/2024 - 02:02:04: [testprecache.amxx] items/smallmedkit1.wav
L 10/17/2024 - 02:02:04: [testprecache.amxx] precaching file
L 10/17/2024 - 02:02:04: [testprecache.amxx] player/pl_wade1.wav
L 10/17/2024 - 02:02:04: [testprecache.amxx] precaching file
L 10/17/2024 - 02:02:04: [testprecache.amxx] player/pl_wade2.wav
L 10/17/2024 - 02:02:04: [testprecache.amxx] precaching file
L 10/17/2024 - 02:02:04: [testprecache.amxx] hlcoop/shockroach/shock_idle3.wav
L 10/17/2024 - 02:02:04: [testprecache.amxx] precaching file
L 10/17/2024 - 02:02:04: [testprecache.amxx] hlcoop/shockroach/shock_idle2.wav
L 10/17/2024 - 02:02:04: [testprecache.amxx] precaching file
L 10/17/2024 - 02:02:04: [testprecache.amxx] /hl2/cscanner/scanner_scan_loop2.wav
L 10/17/2024 - 02:02:04: [testprecache.amxx] precaching file
L 10/17/2024 - 02:02:04: [testprecache.amxx] /hl2/cscanner/scanner_photo1.wav
L 10/17/2024 - 02:02:04: [testprecache.amxx] precaching file
L 10/17/2024 - 02:02:04: [testprecache.amxx] /hl2/cscanner/scanner_blip1.wav
L 10/17/2024 - 02:02:04: [testprecache.amxx] precaching file
L 10/17/2024 - 02:02:04: [testprecache.amxx] /hl2/cscanner/scanner_blip1.wav
L 10/17/2024 - 02:02:07: -------- Mapchange to d1_trainstation_02 --------
L 10/17/2024 - 02:02:07: [testprecache.amxx] precaching file
L 10/17/2024 - 02:02:07: [testprecache.amxx] items/smallmedkit1.wav
L 10/17/2024 - 02:02:07: [testprecache.amxx] precaching file
L 10/17/2024 - 02:02:07: [testprecache.amxx] player/pl_wade1.wav
L 10/17/2024 - 02:02:07: [testprecache.amxx] precaching file
L 10/17/2024 - 02:02:07: [testprecache.amxx] player/pl_wade2.wav
L 10/17/2024 - 02:02:07: [testprecache.amxx] precaching file
L 10/17/2024 - 02:02:07: [testprecache.amxx] hlcoop/shockroach/shock_idle3.wav
L 10/17/2024 - 02:02:07: [testprecache.amxx] precaching file
L 10/17/2024 - 02:02:07: [testprecache.amxx] hlcoop/shockroach/shock_idle2.wav
L 10/17/2024 - 02:02:07: [testprecache.amxx] precaching file
L 10/17/2024 - 02:02:07: [testprecache.amxx] /hl2/cscanner/scanner_scan_loop2.wav
L 10/17/2024 - 02:02:07: [testprecache.amxx] precaching file
L 10/17/2024 - 02:02:07: [testprecache.amxx] /hl2/cscanner/scanner_photo1.wav
L 10/17/2024 - 02:02:07: [testprecache.amxx] precaching file
L 10/17/2024 - 02:02:07: [testprecache.amxx] /hl2/cscanner/scanner_blip1.wav
L 10/17/2024 - 02:02:07: [testprecache.amxx] precaching file
L 10/17/2024 - 02:02:07: [testprecache.amxx] /hl2/cscanner/scanner_blip1.wav
L 10/17/2024 - 02:04:28: -------- Mapchange to sandbox --------
L 10/17/2024 - 02:04:28: [testprecache.amxx] precaching file
L 10/17/2024 - 02:04:28: [testprecache.amxx] items/smallmedkit1.wav
L 10/17/2024 - 02:04:28: [testprecache.amxx] precaching file
L 10/17/2024 - 02:04:28: [testprecache.amxx] player/pl_wade1.wav
L 10/17/2024 - 02:04:28: [testprecache.amxx] precaching file
L 10/17/2024 - 02:04:28: [testprecache.amxx] player/pl_wade2.wav
L 10/17/2024 - 02:04:28: [testprecache.amxx] precaching file
L 10/17/2024 - 02:04:28: [testprecache.amxx] hlcoop/shockroach/shock_idle3.wav
L 10/17/2024 - 02:04:28: [testprecache.amxx] precaching file
L 10/17/2024 - 02:04:28: [testprecache.amxx] hlcoop/shockroach/shock_idle2.wav
L 10/17/2024 - 02:04:28: [testprecache.amxx] precaching file
L 10/17/2024 - 02:04:28: [testprecache.amxx] /hl2/cscanner/scanner_scan_loop2.wav
L 10/17/2024 - 02:04:28: [testprecache.amxx] precaching file
L 10/17/2024 - 02:04:28: [testprecache.amxx] /hl2/cscanner/scanner_photo1.wav
L 10/17/2024 - 02:04:28: [testprecache.amxx] precaching file
L 10/17/2024 - 02:04:28: [testprecache.amxx] /hl2/cscanner/scanner_blip1.wav
L 10/17/2024 - 02:04:28: [testprecache.amxx] precaching file
L 10/17/2024 - 02:04:28: [testprecache.amxx] /hl2/cscanner/scanner_blip1.wav
L 10/17/2024 - 02:04:28: [galileo.amxx] 
L 10/17/2024 - 02:04:28: [galileo.amxx] The server is jumping to the next map after the current map due more than 1 restarts on the map "d1_trainstation_02"
L 10/17/2024 - 02:04:28: [galileo.amxx] 
L 10/17/2024 - 02:04:30: -------- Mapchange to sc_test --------
L 10/17/2024 - 02:04:31: [testprecache.amxx] precaching file
L 10/17/2024 - 02:04:31: [testprecache.amxx] items/smallmedkit1.wav
L 10/17/2024 - 02:04:31: [testprecache.amxx] precaching file
L 10/17/2024 - 02:04:31: [testprecache.amxx] player/pl_wade1.wav
L 10/17/2024 - 02:04:31: [testprecache.amxx] precaching file
L 10/17/2024 - 02:04:31: [testprecache.amxx] player/pl_wade2.wav
L 10/17/2024 - 02:04:31: [testprecache.amxx] precaching file
L 10/17/2024 - 02:04:31: [testprecache.amxx] hlcoop/shockroach/shock_idle3.wav
L 10/17/2024 - 02:04:31: [testprecache.amxx] precaching file
L 10/17/2024 - 02:04:31: [testprecache.amxx] hlcoop/shockroach/shock_idle2.wav
L 10/17/2024 - 02:04:31: [testprecache.amxx] precaching file
L 10/17/2024 - 02:04:31: [testprecache.amxx] /hl2/cscanner/scanner_scan_loop2.wav
L 10/17/2024 - 02:04:31: [testprecache.amxx] precaching file
L 10/17/2024 - 02:04:31: [testprecache.amxx] /hl2/cscanner/scanner_photo1.wav
L 10/17/2024 - 02:04:31: [testprecache.amxx] precaching file
L 10/17/2024 - 02:04:31: [testprecache.amxx] /hl2/cscanner/scanner_blip1.wav
L 10/17/2024 - 02:04:31: [testprecache.amxx] precaching file
L 10/17/2024 - 02:04:31: [testprecache.amxx] /hl2/cscanner/scanner_blip1.wav
L 10/17/2024 - 02:08:44: -------- Mapchange to d1_trainstation_02 --------
L 10/17/2024 - 02:08:44: [testprecache.amxx] precaching file
L 10/17/2024 - 02:08:44: [testprecache.amxx] items/smallmedkit1.wav
L 10/17/2024 - 02:08:44: [testprecache.amxx] precaching file
L 10/17/2024 - 02:08:44: [testprecache.amxx] player/pl_wade1.wav
L 10/17/2024 - 02:08:44: [testprecache.amxx] precaching file
L 10/17/2024 - 02:08:44: [testprecache.amxx] player/pl_wade2.wav
L 10/17/2024 - 02:08:44: [testprecache.amxx] precaching file
L 10/17/2024 - 02:08:44: [testprecache.amxx] hlcoop/shockroach/shock_idle3.wav
L 10/17/2024 - 02:08:44: [testprecache.amxx] precaching file
L 10/17/2024 - 02:08:44: [testprecache.amxx] hlcoop/shockroach/shock_idle2.wav
L 10/17/2024 - 02:08:44: [testprecache.amxx] precaching file
L 10/17/2024 - 02:08:44: [testprecache.amxx] /hl2/cscanner/scanner_scan_loop2.wav
L 10/17/2024 - 02:08:44: [testprecache.amxx] precaching file
L 10/17/2024 - 02:08:44: [testprecache.amxx] /hl2/cscanner/scanner_photo1.wav
L 10/17/2024 - 02:08:44: [testprecache.amxx] precaching file
L 10/17/2024 - 02:08:44: [testprecache.amxx] /hl2/cscanner/scanner_blip1.wav
L 10/17/2024 - 02:08:44: [testprecache.amxx] precaching file
L 10/17/2024 - 02:08:44: [testprecache.amxx] /hl2/cscanner/scanner_blip1.wav
L 10/17/2024 - 09:29:42: -------- Mapchange to sandbox --------
L 10/17/2024 - 09:29:42: [testprecache.amxx] precaching file
L 10/17/2024 - 09:29:42: [testprecache.amxx] items/smallmedkit1.wav
L 10/17/2024 - 09:29:42: [testprecache.amxx] precaching file
L 10/17/2024 - 09:29:42: [testprecache.amxx] player/pl_wade1.wav
L 10/17/2024 - 09:29:42: [testprecache.amxx] precaching file
L 10/17/2024 - 09:29:42: [testprecache.amxx] player/pl_wade2.wav
L 10/17/2024 - 09:29:42: [testprecache.amxx] precaching file
L 10/17/2024 - 09:29:42: [testprecache.amxx] hlcoop/shockroach/shock_idle3.wav
L 10/17/2024 - 09:29:42: [testprecache.amxx] precaching file
L 10/17/2024 - 09:29:42: [testprecache.amxx] hlcoop/shockroach/shock_idle2.wav
L 10/17/2024 - 09:29:42: [testprecache.amxx] precaching file
L 10/17/2024 - 09:29:42: [testprecache.amxx] /hl2/cscanner/scanner_scan_loop2.wav
L 10/17/2024 - 09:29:42: [testprecache.amxx] precaching file
L 10/17/2024 - 09:29:42: [testprecache.amxx] /hl2/cscanner/scanner_photo1.wav
L 10/17/2024 - 09:29:42: [testprecache.amxx] precaching file
L 10/17/2024 - 09:29:42: [testprecache.amxx] /hl2/cscanner/scanner_blip1.wav
L 10/17/2024 - 09:29:42: [testprecache.amxx] precaching file
L 10/17/2024 - 09:29:42: [testprecache.amxx] /hl2/cscanner/scanner_blip1.wav
L 10/17/2024 - 09:29:46: -------- Mapchange to d1_trainstation_02 --------
L 10/17/2024 - 09:29:46: [testprecache.amxx] precaching file
L 10/17/2024 - 09:29:46: [testprecache.amxx] items/smallmedkit1.wav
L 10/17/2024 - 09:29:46: [testprecache.amxx] precaching file
L 10/17/2024 - 09:29:46: [testprecache.amxx] player/pl_wade1.wav
L 10/17/2024 - 09:29:46: [testprecache.amxx] precaching file
L 10/17/2024 - 09:29:46: [testprecache.amxx] player/pl_wade2.wav
L 10/17/2024 - 09:29:46: [testprecache.amxx] precaching file
L 10/17/2024 - 09:29:46: [testprecache.amxx] hlcoop/shockroach/shock_idle3.wav
L 10/17/2024 - 09:29:46: [testprecache.amxx] precaching file
L 10/17/2024 - 09:29:46: [testprecache.amxx] hlcoop/shockroach/shock_idle2.wav
L 10/17/2024 - 09:29:46: [testprecache.amxx] precaching file
L 10/17/2024 - 09:29:46: [testprecache.amxx] /hl2/cscanner/scanner_scan_loop2.wav
L 10/17/2024 - 09:29:46: [testprecache.amxx] precaching file
L 10/17/2024 - 09:29:46: [testprecache.amxx] /hl2/cscanner/scanner_photo1.wav
L 10/17/2024 - 09:29:46: [testprecache.amxx] precaching file
L 10/17/2024 - 09:29:46: [testprecache.amxx] /hl2/cscanner/scanner_blip1.wav
L 10/17/2024 - 09:29:46: [testprecache.amxx] precaching file
L 10/17/2024 - 09:29:46: [testprecache.amxx] /hl2/cscanner/scanner_blip1.wav
L 10/17/2024 - 09:33:53: -------- Mapchange to sandbox --------
L 10/17/2024 - 09:33:53: [testprecache.amxx] precaching file
L 10/17/2024 - 09:33:53: [testprecache.amxx] items/smallmedkit1.wav
L 10/17/2024 - 09:33:53: [testprecache.amxx] precaching file
L 10/17/2024 - 09:33:53: [testprecache.amxx] player/pl_wade1.wav
L 10/17/2024 - 09:33:53: [testprecache.amxx] precaching file
L 10/17/2024 - 09:33:53: [testprecache.amxx] player/pl_wade2.wav
L 10/17/2024 - 09:33:53: [testprecache.amxx] precaching file
L 10/17/2024 - 09:33:53: [testprecache.amxx] hlcoop/shockroach/shock_idle3.wav
L 10/17/2024 - 09:33:53: [testprecache.amxx] precaching file
L 10/17/2024 - 09:33:53: [testprecache.amxx] hlcoop/shockroach/shock_idle2.wav
L 10/17/2024 - 09:33:53: [testprecache.amxx] precaching file
L 10/17/2024 - 09:33:53: [testprecache.amxx] /hl2/cscanner/scanner_scan_loop2.wav
L 10/17/2024 - 09:33:53: [testprecache.amxx] precaching file
L 10/17/2024 - 09:33:53: [testprecache.amxx] /hl2/cscanner/scanner_photo1.wav
L 10/17/2024 - 09:33:53: [testprecache.amxx] precaching file
L 10/17/2024 - 09:33:53: [testprecache.amxx] /hl2/cscanner/scanner_blip1.wav
L 10/17/2024 - 09:33:53: [testprecache.amxx] precaching file
L 10/17/2024 - 09:33:53: [testprecache.amxx] /hl2/cscanner/scanner_blip1.wav
L 10/17/2024 - 09:33:56: -------- Mapchange to d1_trainstation_02 --------
L 10/17/2024 - 09:33:56: [testprecache.amxx] precaching file
L 10/17/2024 - 09:33:56: [testprecache.amxx] items/smallmedkit1.wav
L 10/17/2024 - 09:33:56: [testprecache.amxx] precaching file
L 10/17/2024 - 09:33:56: [testprecache.amxx] player/pl_wade1.wav
L 10/17/2024 - 09:33:56: [testprecache.amxx] precaching file
L 10/17/2024 - 09:33:56: [testprecache.amxx] player/pl_wade2.wav
L 10/17/2024 - 09:33:56: [testprecache.amxx] precaching file
L 10/17/2024 - 09:33:56: [testprecache.amxx] hlcoop/shockroach/shock_idle3.wav
L 10/17/2024 - 09:33:56: [testprecache.amxx] precaching file
L 10/17/2024 - 09:33:56: [testprecache.amxx] hlcoop/shockroach/shock_idle2.wav
L 10/17/2024 - 09:33:56: [testprecache.amxx] precaching file
L 10/17/2024 - 09:33:56: [testprecache.amxx] /hl2/cscanner/scanner_scan_loop2.wav
L 10/17/2024 - 09:33:56: [testprecache.amxx] precaching file
L 10/17/2024 - 09:33:56: [testprecache.amxx] /hl2/cscanner/scanner_photo1.wav
L 10/17/2024 - 09:33:56: [testprecache.amxx] precaching file
L 10/17/2024 - 09:33:56: [testprecache.amxx] /hl2/cscanner/scanner_blip1.wav
L 10/17/2024 - 09:33:56: [testprecache.amxx] precaching file
L 10/17/2024 - 09:33:56: [testprecache.amxx] /hl2/cscanner/scanner_blip1.wav
L 10/17/2024 - 13:20:15: -------- Mapchange to e1m1 --------
L 10/17/2024 - 13:20:15: [testprecache.amxx] precaching file
L 10/17/2024 - 13:20:15: [testprecache.amxx] items/smallmedkit1.wav
L 10/17/2024 - 13:20:15: [testprecache.amxx] precaching file
L 10/17/2024 - 13:20:15: [testprecache.amxx] player/pl_wade1.wav
L 10/17/2024 - 13:20:15: [testprecache.amxx] precaching file
L 10/17/2024 - 13:20:15: [testprecache.amxx] player/pl_wade2.wav
L 10/17/2024 - 13:20:15: [testprecache.amxx] precaching file
L 10/17/2024 - 13:20:15: [testprecache.amxx] hlcoop/shockroach/shock_idle3.wav
L 10/17/2024 - 13:20:15: [testprecache.amxx] precaching file
L 10/17/2024 - 13:20:15: [testprecache.amxx] hlcoop/shockroach/shock_idle2.wav
L 10/17/2024 - 13:20:15: [testprecache.amxx] precaching file
L 10/17/2024 - 13:20:15: [testprecache.amxx] /hl2/cscanner/scanner_scan_loop2.wav
L 10/17/2024 - 13:20:15: [testprecache.amxx] precaching file
L 10/17/2024 - 13:20:15: [testprecache.amxx] /hl2/cscanner/scanner_photo1.wav
L 10/17/2024 - 13:20:15: [testprecache.amxx] precaching file
L 10/17/2024 - 13:20:15: [testprecache.amxx] /hl2/cscanner/scanner_blip1.wav
L 10/17/2024 - 13:20:15: [testprecache.amxx] precaching file
L 10/17/2024 - 13:20:15: [testprecache.amxx] /hl2/cscanner/scanner_blip1.wav
L 10/17/2024 - 13:24:57: -------- Mapchange to sandbox --------
L 10/17/2024 - 13:24:57: [testprecache.amxx] precaching file
L 10/17/2024 - 13:24:57: [testprecache.amxx] items/smallmedkit1.wav
L 10/17/2024 - 13:24:57: [testprecache.amxx] precaching file
L 10/17/2024 - 13:24:57: [testprecache.amxx] player/pl_wade1.wav
L 10/17/2024 - 13:24:57: [testprecache.amxx] precaching file
L 10/17/2024 - 13:24:57: [testprecache.amxx] player/pl_wade2.wav
L 10/17/2024 - 13:24:57: [testprecache.amxx] precaching file
L 10/17/2024 - 13:24:57: [testprecache.amxx] hlcoop/shockroach/shock_idle3.wav
L 10/17/2024 - 13:24:57: [testprecache.amxx] precaching file
L 10/17/2024 - 13:24:57: [testprecache.amxx] hlcoop/shockroach/shock_idle2.wav
L 10/17/2024 - 13:24:57: [testprecache.amxx] precaching file
L 10/17/2024 - 13:24:57: [testprecache.amxx] /hl2/cscanner/scanner_scan_loop2.wav
L 10/17/2024 - 13:24:57: [testprecache.amxx] precaching file
L 10/17/2024 - 13:24:57: [testprecache.amxx] /hl2/cscanner/scanner_photo1.wav
L 10/17/2024 - 13:24:57: [testprecache.amxx] precaching file
L 10/17/2024 - 13:24:57: [testprecache.amxx] /hl2/cscanner/scanner_blip1.wav
L 10/17/2024 - 13:24:57: [testprecache.amxx] precaching file
L 10/17/2024 - 13:24:57: [testprecache.amxx] /hl2/cscanner/scanner_blip1.wav
L 10/17/2024 - 13:26:51: -------- Mapchange to sandbox --------
L 10/17/2024 - 13:26:51: [testprecache.amxx] precaching file
L 10/17/2024 - 13:26:51: [testprecache.amxx] items/smallmedkit1.wav
L 10/17/2024 - 13:26:51: [testprecache.amxx] precaching file
L 10/17/2024 - 13:26:51: [testprecache.amxx] player/pl_wade1.wav
L 10/17/2024 - 13:26:51: [testprecache.amxx] precaching file
L 10/17/2024 - 13:26:51: [testprecache.amxx] player/pl_wade2.wav
L 10/17/2024 - 13:26:51: [testprecache.amxx] precaching file
L 10/17/2024 - 13:26:51: [testprecache.amxx] hlcoop/shockroach/shock_idle3.wav
L 10/17/2024 - 13:26:51: [testprecache.amxx] precaching file
L 10/17/2024 - 13:26:51: [testprecache.amxx] hlcoop/shockroach/shock_idle2.wav
L 10/17/2024 - 13:26:51: [testprecache.amxx] precaching file
L 10/17/2024 - 13:26:51: [testprecache.amxx] /hl2/cscanner/scanner_scan_loop2.wav
L 10/17/2024 - 13:26:51: [testprecache.amxx] precaching file
L 10/17/2024 - 13:26:51: [testprecache.amxx] /hl2/cscanner/scanner_photo1.wav
L 10/17/2024 - 13:26:51: [testprecache.amxx] precaching file
L 10/17/2024 - 13:26:51: [testprecache.amxx] /hl2/cscanner/scanner_blip1.wav
L 10/17/2024 - 13:26:51: [testprecache.amxx] precaching file
L 10/17/2024 - 13:26:51: [testprecache.amxx] /hl2/cscanner/scanner_blip1.wav
L 10/17/2024 - 15:15:14: -------- Mapchange to sandbox --------
L 10/17/2024 - 15:15:14: [testprecache.amxx] precaching file
L 10/17/2024 - 15:15:14: [testprecache.amxx] items/smallmedkit1.wav
L 10/17/2024 - 15:15:14: [testprecache.amxx] precaching file
L 10/17/2024 - 15:15:14: [testprecache.amxx] player/pl_wade1.wav
L 10/17/2024 - 15:15:14: [testprecache.amxx] precaching file
L 10/17/2024 - 15:15:14: [testprecache.amxx] player/pl_wade2.wav
L 10/17/2024 - 15:15:14: [testprecache.amxx] precaching file
L 10/17/2024 - 15:15:14: [testprecache.amxx] hlcoop/shockroach/shock_idle3.wav
L 10/17/2024 - 15:15:14: [testprecache.amxx] precaching file
L 10/17/2024 - 15:15:14: [testprecache.amxx] hlcoop/shockroach/shock_idle2.wav
L 10/17/2024 - 15:15:14: [testprecache.amxx] precaching file
L 10/17/2024 - 15:15:14: [testprecache.amxx] /hl2/cscanner/scanner_scan_loop2.wav
L 10/17/2024 - 15:15:14: [testprecache.amxx] precaching file
L 10/17/2024 - 15:15:14: [testprecache.amxx] /hl2/cscanner/scanner_photo1.wav
L 10/17/2024 - 15:15:14: [testprecache.amxx] precaching file
L 10/17/2024 - 15:15:14: [testprecache.amxx] /hl2/cscanner/scanner_blip1.wav
L 10/17/2024 - 15:15:14: [testprecache.amxx] precaching file
L 10/17/2024 - 15:15:14: [testprecache.amxx] /hl2/cscanner/scanner_blip1.wav
L 10/17/2024 - 15:22:32: -------- Mapchange to sandbox --------
L 10/17/2024 - 15:22:32: [testprecache.amxx] precaching file
L 10/17/2024 - 15:22:32: [testprecache.amxx] items/smallmedkit1.wav
L 10/17/2024 - 15:22:32: [testprecache.amxx] precaching file
L 10/17/2024 - 15:22:32: [testprecache.amxx] player/pl_wade1.wav
L 10/17/2024 - 15:22:32: [testprecache.amxx] precaching file
L 10/17/2024 - 15:22:32: [testprecache.amxx] player/pl_wade2.wav
L 10/17/2024 - 15:22:32: [testprecache.amxx] precaching file
L 10/17/2024 - 15:22:32: [testprecache.amxx] hlcoop/shockroach/shock_idle3.wav
L 10/17/2024 - 15:22:32: [testprecache.amxx] precaching file
L 10/17/2024 - 15:22:32: [testprecache.amxx] hlcoop/shockroach/shock_idle2.wav
L 10/17/2024 - 15:22:32: [testprecache.amxx] precaching file
L 10/17/2024 - 15:22:32: [testprecache.amxx] /hl2/cscanner/scanner_scan_loop2.wav
L 10/17/2024 - 15:22:32: [testprecache.amxx] precaching file
L 10/17/2024 - 15:22:32: [testprecache.amxx] /hl2/cscanner/scanner_photo1.wav
L 10/17/2024 - 15:22:32: [testprecache.amxx] precaching file
L 10/17/2024 - 15:22:32: [testprecache.amxx] /hl2/cscanner/scanner_blip1.wav
L 10/17/2024 - 15:22:32: [testprecache.amxx] precaching file
L 10/17/2024 - 15:22:32: [testprecache.amxx] /hl2/cscanner/scanner_blip1.wav
L 10/17/2024 - 15:23:58: -------- Mapchange to d1_trainstation_02 --------
L 10/17/2024 - 15:23:58: [testprecache.amxx] precaching file
L 10/17/2024 - 15:23:58: [testprecache.amxx] items/smallmedkit1.wav
L 10/17/2024 - 15:23:58: [testprecache.amxx] precaching file
L 10/17/2024 - 15:23:58: [testprecache.amxx] player/pl_wade1.wav
L 10/17/2024 - 15:23:58: [testprecache.amxx] precaching file
L 10/17/2024 - 15:23:58: [testprecache.amxx] player/pl_wade2.wav
L 10/17/2024 - 15:23:58: [testprecache.amxx] precaching file
L 10/17/2024 - 15:23:58: [testprecache.amxx] hlcoop/shockroach/shock_idle3.wav
L 10/17/2024 - 15:23:58: [testprecache.amxx] precaching file
L 10/17/2024 - 15:23:58: [testprecache.amxx] hlcoop/shockroach/shock_idle2.wav
L 10/17/2024 - 15:23:58: [testprecache.amxx] precaching file
L 10/17/2024 - 15:23:58: [testprecache.amxx] /hl2/cscanner/scanner_scan_loop2.wav
L 10/17/2024 - 15:23:58: [testprecache.amxx] precaching file
L 10/17/2024 - 15:23:58: [testprecache.amxx] /hl2/cscanner/scanner_photo1.wav
L 10/17/2024 - 15:23:58: [testprecache.amxx] precaching file
L 10/17/2024 - 15:23:58: [testprecache.amxx] /hl2/cscanner/scanner_blip1.wav
L 10/17/2024 - 15:23:58: [testprecache.amxx] precaching file
L 10/17/2024 - 15:23:58: [testprecache.amxx] /hl2/cscanner/scanner_blip1.wav
L 10/17/2024 - 23:09:53: -------- Mapchange to d1_trainstation_02 --------
L 10/17/2024 - 23:09:53: [testprecache.amxx] precaching file
L 10/17/2024 - 23:09:53: [testprecache.amxx] items/smallmedkit1.wav
L 10/17/2024 - 23:09:53: [testprecache.amxx] precaching file
L 10/17/2024 - 23:09:53: [testprecache.amxx] player/pl_wade1.wav
L 10/17/2024 - 23:09:53: [testprecache.amxx] precaching file
L 10/17/2024 - 23:09:53: [testprecache.amxx] player/pl_wade2.wav
L 10/17/2024 - 23:09:53: [testprecache.amxx] precaching file
L 10/17/2024 - 23:09:53: [testprecache.amxx] hlcoop/shockroach/shock_idle3.wav
L 10/17/2024 - 23:09:53: [testprecache.amxx] precaching file
L 10/17/2024 - 23:09:53: [testprecache.amxx] hlcoop/shockroach/shock_idle2.wav
L 10/17/2024 - 23:09:53: [testprecache.amxx] precaching file
L 10/17/2024 - 23:09:53: [testprecache.amxx] /hl2/cscanner/scanner_scan_loop2.wav
L 10/17/2024 - 23:09:53: [testprecache.amxx] precaching file
L 10/17/2024 - 23:09:53: [testprecache.amxx] /hl2/cscanner/scanner_photo1.wav
L 10/17/2024 - 23:09:53: [testprecache.amxx] precaching file
L 10/17/2024 - 23:09:53: [testprecache.amxx] /hl2/cscanner/scanner_blip1.wav
L 10/17/2024 - 23:09:53: [testprecache.amxx] precaching file
L 10/17/2024 - 23:09:53: [testprecache.amxx] /hl2/cscanner/scanner_blip1.wav
