L 12/07/2024 - 01:20:38: -------- Mapchange to sandbox --------
L 12/07/2024 - 01:20:38: [testprecache.amxx] precaching file
L 12/07/2024 - 01:20:38: [testprecache.amxx] items/smallmedkit1.wav
L 12/07/2024 - 01:20:38: [testprecache.amxx] precaching file
L 12/07/2024 - 01:20:38: [testprecache.amxx] player/pl_wade1.wav
L 12/07/2024 - 01:20:38: [testprecache.amxx] precaching file
L 12/07/2024 - 01:20:38: [testprecache.amxx] player/pl_wade2.wav
L 12/07/2024 - 01:20:38: [testprecache.amxx] precaching file
L 12/07/2024 - 01:20:38: [testprecache.amxx] hlcoop/shockroach/shock_idle3.wav
L 12/07/2024 - 01:20:38: [testprecache.amxx] precaching file
L 12/07/2024 - 01:20:38: [testprecache.amxx] hlcoop/shockroach/shock_idle2.wav
L 12/07/2024 - 01:20:38: [testprecache.amxx] precaching file
L 12/07/2024 - 01:20:38: [testprecache.amxx] /hl2/cscanner/scanner_scan_loop2.wav
L 12/07/2024 - 01:20:38: [testprecache.amxx] precaching file
L 12/07/2024 - 01:20:38: [testprecache.amxx] /hl2/cscanner/scanner_photo1.wav
L 12/07/2024 - 01:20:38: [testprecache.amxx] precaching file
L 12/07/2024 - 01:20:38: [testprecache.amxx] /hl2/cscanner/scanner_blip1.wav
L 12/07/2024 - 01:20:38: [testprecache.amxx] precaching file
L 12/07/2024 - 01:20:38: [testprecache.amxx] /hl2/cscanner/scanner_blip1.wav
L 12/07/2024 - 01:20:41: -------- Mapchange to d1_trainstation_02 --------
L 12/07/2024 - 01:20:41: [testprecache.amxx] precaching file
L 12/07/2024 - 01:20:41: [testprecache.amxx] items/smallmedkit1.wav
L 12/07/2024 - 01:20:41: [testprecache.amxx] precaching file
L 12/07/2024 - 01:20:41: [testprecache.amxx] player/pl_wade1.wav
L 12/07/2024 - 01:20:41: [testprecache.amxx] precaching file
L 12/07/2024 - 01:20:41: [testprecache.amxx] player/pl_wade2.wav
L 12/07/2024 - 01:20:41: [testprecache.amxx] precaching file
L 12/07/2024 - 01:20:41: [testprecache.amxx] hlcoop/shockroach/shock_idle3.wav
L 12/07/2024 - 01:20:41: [testprecache.amxx] precaching file
L 12/07/2024 - 01:20:41: [testprecache.amxx] hlcoop/shockroach/shock_idle2.wav
L 12/07/2024 - 01:20:41: [testprecache.amxx] precaching file
L 12/07/2024 - 01:20:41: [testprecache.amxx] /hl2/cscanner/scanner_scan_loop2.wav
L 12/07/2024 - 01:20:41: [testprecache.amxx] precaching file
L 12/07/2024 - 01:20:41: [testprecache.amxx] /hl2/cscanner/scanner_photo1.wav
L 12/07/2024 - 01:20:41: [testprecache.amxx] precaching file
L 12/07/2024 - 01:20:41: [testprecache.amxx] /hl2/cscanner/scanner_blip1.wav
L 12/07/2024 - 01:20:41: [testprecache.amxx] precaching file
L 12/07/2024 - 01:20:41: [testprecache.amxx] /hl2/cscanner/scanner_blip1.wav
L 12/07/2024 - 01:32:44: -------- Mapchange to sandbox --------
L 12/07/2024 - 01:32:44: [testprecache.amxx] precaching file
L 12/07/2024 - 01:32:44: [testprecache.amxx] items/smallmedkit1.wav
L 12/07/2024 - 01:32:44: [testprecache.amxx] precaching file
L 12/07/2024 - 01:32:44: [testprecache.amxx] player/pl_wade1.wav
L 12/07/2024 - 01:32:44: [testprecache.amxx] precaching file
L 12/07/2024 - 01:32:44: [testprecache.amxx] player/pl_wade2.wav
L 12/07/2024 - 01:32:44: [testprecache.amxx] precaching file
L 12/07/2024 - 01:32:44: [testprecache.amxx] hlcoop/shockroach/shock_idle3.wav
L 12/07/2024 - 01:32:44: [testprecache.amxx] precaching file
L 12/07/2024 - 01:32:44: [testprecache.amxx] hlcoop/shockroach/shock_idle2.wav
L 12/07/2024 - 01:32:44: [testprecache.amxx] precaching file
L 12/07/2024 - 01:32:44: [testprecache.amxx] /hl2/cscanner/scanner_scan_loop2.wav
L 12/07/2024 - 01:32:44: [testprecache.amxx] precaching file
L 12/07/2024 - 01:32:44: [testprecache.amxx] /hl2/cscanner/scanner_photo1.wav
L 12/07/2024 - 01:32:44: [testprecache.amxx] precaching file
L 12/07/2024 - 01:32:44: [testprecache.amxx] /hl2/cscanner/scanner_blip1.wav
L 12/07/2024 - 01:32:44: [testprecache.amxx] precaching file
L 12/07/2024 - 01:32:44: [testprecache.amxx] /hl2/cscanner/scanner_blip1.wav
L 12/07/2024 - 01:32:47: -------- Mapchange to d1_trainstation_02 --------
L 12/07/2024 - 01:32:47: [testprecache.amxx] precaching file
L 12/07/2024 - 01:32:47: [testprecache.amxx] items/smallmedkit1.wav
L 12/07/2024 - 01:32:47: [testprecache.amxx] precaching file
L 12/07/2024 - 01:32:47: [testprecache.amxx] player/pl_wade1.wav
L 12/07/2024 - 01:32:47: [testprecache.amxx] precaching file
L 12/07/2024 - 01:32:47: [testprecache.amxx] player/pl_wade2.wav
L 12/07/2024 - 01:32:47: [testprecache.amxx] precaching file
L 12/07/2024 - 01:32:47: [testprecache.amxx] hlcoop/shockroach/shock_idle3.wav
L 12/07/2024 - 01:32:47: [testprecache.amxx] precaching file
L 12/07/2024 - 01:32:47: [testprecache.amxx] hlcoop/shockroach/shock_idle2.wav
L 12/07/2024 - 01:32:47: [testprecache.amxx] precaching file
L 12/07/2024 - 01:32:47: [testprecache.amxx] /hl2/cscanner/scanner_scan_loop2.wav
L 12/07/2024 - 01:32:47: [testprecache.amxx] precaching file
L 12/07/2024 - 01:32:47: [testprecache.amxx] /hl2/cscanner/scanner_photo1.wav
L 12/07/2024 - 01:32:47: [testprecache.amxx] precaching file
L 12/07/2024 - 01:32:47: [testprecache.amxx] /hl2/cscanner/scanner_blip1.wav
L 12/07/2024 - 01:32:47: [testprecache.amxx] precaching file
L 12/07/2024 - 01:32:47: [testprecache.amxx] /hl2/cscanner/scanner_blip1.wav
L 12/07/2024 - 01:46:24: -------- Mapchange to d1_trainstation_02 --------
L 12/07/2024 - 01:46:24: [testprecache.amxx] precaching file
L 12/07/2024 - 01:46:24: [testprecache.amxx] items/smallmedkit1.wav
L 12/07/2024 - 01:46:24: [testprecache.amxx] precaching file
L 12/07/2024 - 01:46:24: [testprecache.amxx] player/pl_wade1.wav
L 12/07/2024 - 01:46:24: [testprecache.amxx] precaching file
L 12/07/2024 - 01:46:24: [testprecache.amxx] player/pl_wade2.wav
L 12/07/2024 - 01:46:24: [testprecache.amxx] precaching file
L 12/07/2024 - 01:46:24: [testprecache.amxx] hlcoop/shockroach/shock_idle3.wav
L 12/07/2024 - 01:46:24: [testprecache.amxx] precaching file
L 12/07/2024 - 01:46:24: [testprecache.amxx] hlcoop/shockroach/shock_idle2.wav
L 12/07/2024 - 01:46:24: [testprecache.amxx] precaching file
L 12/07/2024 - 01:46:24: [testprecache.amxx] /hl2/cscanner/scanner_scan_loop2.wav
L 12/07/2024 - 01:46:24: [testprecache.amxx] precaching file
L 12/07/2024 - 01:46:24: [testprecache.amxx] /hl2/cscanner/scanner_photo1.wav
L 12/07/2024 - 01:46:24: [testprecache.amxx] precaching file
L 12/07/2024 - 01:46:24: [testprecache.amxx] /hl2/cscanner/scanner_blip1.wav
L 12/07/2024 - 01:46:24: [testprecache.amxx] precaching file
L 12/07/2024 - 01:46:24: [testprecache.amxx] /hl2/cscanner/scanner_blip1.wav
L 12/07/2024 - 03:15:09: -------- Mapchange to coolrig --------
L 12/07/2024 - 03:15:09: [testprecache.amxx] precaching file
L 12/07/2024 - 03:15:09: [testprecache.amxx] items/smallmedkit1.wav
L 12/07/2024 - 03:15:09: [testprecache.amxx] precaching file
L 12/07/2024 - 03:15:09: [testprecache.amxx] player/pl_wade1.wav
L 12/07/2024 - 03:15:09: [testprecache.amxx] precaching file
L 12/07/2024 - 03:15:09: [testprecache.amxx] player/pl_wade2.wav
L 12/07/2024 - 03:15:09: [testprecache.amxx] precaching file
L 12/07/2024 - 03:15:09: [testprecache.amxx] hlcoop/shockroach/shock_idle3.wav
L 12/07/2024 - 03:15:09: [testprecache.amxx] precaching file
L 12/07/2024 - 03:15:09: [testprecache.amxx] hlcoop/shockroach/shock_idle2.wav
L 12/07/2024 - 03:15:09: [testprecache.amxx] precaching file
L 12/07/2024 - 03:15:09: [testprecache.amxx] /hl2/cscanner/scanner_scan_loop2.wav
L 12/07/2024 - 03:15:09: [testprecache.amxx] precaching file
L 12/07/2024 - 03:15:09: [testprecache.amxx] /hl2/cscanner/scanner_photo1.wav
L 12/07/2024 - 03:15:09: [testprecache.amxx] precaching file
L 12/07/2024 - 03:15:09: [testprecache.amxx] /hl2/cscanner/scanner_blip1.wav
L 12/07/2024 - 03:15:09: [testprecache.amxx] precaching file
L 12/07/2024 - 03:15:09: [testprecache.amxx] /hl2/cscanner/scanner_blip1.wav
L 12/07/2024 - 03:23:35: -------- Mapchange to sandbox --------
L 12/07/2024 - 03:23:35: [testprecache.amxx] precaching file
L 12/07/2024 - 03:23:35: [testprecache.amxx] items/smallmedkit1.wav
L 12/07/2024 - 03:23:35: [testprecache.amxx] precaching file
L 12/07/2024 - 03:23:35: [testprecache.amxx] player/pl_wade1.wav
L 12/07/2024 - 03:23:35: [testprecache.amxx] precaching file
L 12/07/2024 - 03:23:35: [testprecache.amxx] player/pl_wade2.wav
L 12/07/2024 - 03:23:35: [testprecache.amxx] precaching file
L 12/07/2024 - 03:23:35: [testprecache.amxx] hlcoop/shockroach/shock_idle3.wav
L 12/07/2024 - 03:23:35: [testprecache.amxx] precaching file
L 12/07/2024 - 03:23:35: [testprecache.amxx] hlcoop/shockroach/shock_idle2.wav
L 12/07/2024 - 03:23:35: [testprecache.amxx] precaching file
L 12/07/2024 - 03:23:35: [testprecache.amxx] /hl2/cscanner/scanner_scan_loop2.wav
L 12/07/2024 - 03:23:35: [testprecache.amxx] precaching file
L 12/07/2024 - 03:23:35: [testprecache.amxx] /hl2/cscanner/scanner_photo1.wav
L 12/07/2024 - 03:23:35: [testprecache.amxx] precaching file
L 12/07/2024 - 03:23:35: [testprecache.amxx] /hl2/cscanner/scanner_blip1.wav
L 12/07/2024 - 03:23:35: [testprecache.amxx] precaching file
L 12/07/2024 - 03:23:35: [testprecache.amxx] /hl2/cscanner/scanner_blip1.wav
L 12/07/2024 - 03:23:38: -------- Mapchange to coolrig --------
L 12/07/2024 - 03:23:38: [testprecache.amxx] precaching file
L 12/07/2024 - 03:23:38: [testprecache.amxx] items/smallmedkit1.wav
L 12/07/2024 - 03:23:38: [testprecache.amxx] precaching file
L 12/07/2024 - 03:23:38: [testprecache.amxx] player/pl_wade1.wav
L 12/07/2024 - 03:23:38: [testprecache.amxx] precaching file
L 12/07/2024 - 03:23:38: [testprecache.amxx] player/pl_wade2.wav
L 12/07/2024 - 03:23:38: [testprecache.amxx] precaching file
L 12/07/2024 - 03:23:38: [testprecache.amxx] hlcoop/shockroach/shock_idle3.wav
L 12/07/2024 - 03:23:38: [testprecache.amxx] precaching file
L 12/07/2024 - 03:23:38: [testprecache.amxx] hlcoop/shockroach/shock_idle2.wav
L 12/07/2024 - 03:23:38: [testprecache.amxx] precaching file
L 12/07/2024 - 03:23:38: [testprecache.amxx] /hl2/cscanner/scanner_scan_loop2.wav
L 12/07/2024 - 03:23:38: [testprecache.amxx] precaching file
L 12/07/2024 - 03:23:38: [testprecache.amxx] /hl2/cscanner/scanner_photo1.wav
L 12/07/2024 - 03:23:38: [testprecache.amxx] precaching file
L 12/07/2024 - 03:23:38: [testprecache.amxx] /hl2/cscanner/scanner_blip1.wav
L 12/07/2024 - 03:23:38: [testprecache.amxx] precaching file
L 12/07/2024 - 03:23:38: [testprecache.amxx] /hl2/cscanner/scanner_blip1.wav
L 12/07/2024 - 03:52:15: -------- Mapchange to sandbox --------
L 12/07/2024 - 03:52:15: [testprecache.amxx] precaching file
L 12/07/2024 - 03:52:15: [testprecache.amxx] items/smallmedkit1.wav
L 12/07/2024 - 03:52:15: [testprecache.amxx] precaching file
L 12/07/2024 - 03:52:15: [testprecache.amxx] player/pl_wade1.wav
L 12/07/2024 - 03:52:15: [testprecache.amxx] precaching file
L 12/07/2024 - 03:52:15: [testprecache.amxx] player/pl_wade2.wav
L 12/07/2024 - 03:52:15: [testprecache.amxx] precaching file
L 12/07/2024 - 03:52:15: [testprecache.amxx] hlcoop/shockroach/shock_idle3.wav
L 12/07/2024 - 03:52:15: [testprecache.amxx] precaching file
L 12/07/2024 - 03:52:15: [testprecache.amxx] hlcoop/shockroach/shock_idle2.wav
L 12/07/2024 - 03:52:15: [testprecache.amxx] precaching file
L 12/07/2024 - 03:52:15: [testprecache.amxx] /hl2/cscanner/scanner_scan_loop2.wav
L 12/07/2024 - 03:52:15: [testprecache.amxx] precaching file
L 12/07/2024 - 03:52:15: [testprecache.amxx] /hl2/cscanner/scanner_photo1.wav
L 12/07/2024 - 03:52:15: [testprecache.amxx] precaching file
L 12/07/2024 - 03:52:15: [testprecache.amxx] /hl2/cscanner/scanner_blip1.wav
L 12/07/2024 - 03:52:15: [testprecache.amxx] precaching file
L 12/07/2024 - 03:52:15: [testprecache.amxx] /hl2/cscanner/scanner_blip1.wav
L 12/07/2024 - 03:52:18: -------- Mapchange to coolrig --------
L 12/07/2024 - 03:52:18: [testprecache.amxx] precaching file
L 12/07/2024 - 03:52:18: [testprecache.amxx] items/smallmedkit1.wav
L 12/07/2024 - 03:52:18: [testprecache.amxx] precaching file
L 12/07/2024 - 03:52:18: [testprecache.amxx] player/pl_wade1.wav
L 12/07/2024 - 03:52:18: [testprecache.amxx] precaching file
L 12/07/2024 - 03:52:18: [testprecache.amxx] player/pl_wade2.wav
L 12/07/2024 - 03:52:18: [testprecache.amxx] precaching file
L 12/07/2024 - 03:52:18: [testprecache.amxx] hlcoop/shockroach/shock_idle3.wav
L 12/07/2024 - 03:52:18: [testprecache.amxx] precaching file
L 12/07/2024 - 03:52:18: [testprecache.amxx] hlcoop/shockroach/shock_idle2.wav
L 12/07/2024 - 03:52:18: [testprecache.amxx] precaching file
L 12/07/2024 - 03:52:18: [testprecache.amxx] /hl2/cscanner/scanner_scan_loop2.wav
L 12/07/2024 - 03:52:18: [testprecache.amxx] precaching file
L 12/07/2024 - 03:52:18: [testprecache.amxx] /hl2/cscanner/scanner_photo1.wav
L 12/07/2024 - 03:52:18: [testprecache.amxx] precaching file
L 12/07/2024 - 03:52:18: [testprecache.amxx] /hl2/cscanner/scanner_blip1.wav
L 12/07/2024 - 03:52:18: [testprecache.amxx] precaching file
L 12/07/2024 - 03:52:18: [testprecache.amxx] /hl2/cscanner/scanner_blip1.wav
L 12/07/2024 - 04:10:00: -------- Mapchange to sandbox --------
L 12/07/2024 - 04:10:00: [testprecache.amxx] precaching file
L 12/07/2024 - 04:10:00: [testprecache.amxx] items/smallmedkit1.wav
L 12/07/2024 - 04:10:00: [testprecache.amxx] precaching file
L 12/07/2024 - 04:10:00: [testprecache.amxx] player/pl_wade1.wav
L 12/07/2024 - 04:10:00: [testprecache.amxx] precaching file
L 12/07/2024 - 04:10:00: [testprecache.amxx] player/pl_wade2.wav
L 12/07/2024 - 04:10:00: [testprecache.amxx] precaching file
L 12/07/2024 - 04:10:00: [testprecache.amxx] hlcoop/shockroach/shock_idle3.wav
L 12/07/2024 - 04:10:00: [testprecache.amxx] precaching file
L 12/07/2024 - 04:10:00: [testprecache.amxx] hlcoop/shockroach/shock_idle2.wav
L 12/07/2024 - 04:10:00: [testprecache.amxx] precaching file
L 12/07/2024 - 04:10:00: [testprecache.amxx] /hl2/cscanner/scanner_scan_loop2.wav
L 12/07/2024 - 04:10:00: [testprecache.amxx] precaching file
L 12/07/2024 - 04:10:00: [testprecache.amxx] /hl2/cscanner/scanner_photo1.wav
L 12/07/2024 - 04:10:00: [testprecache.amxx] precaching file
L 12/07/2024 - 04:10:00: [testprecache.amxx] /hl2/cscanner/scanner_blip1.wav
L 12/07/2024 - 04:10:00: [testprecache.amxx] precaching file
L 12/07/2024 - 04:10:00: [testprecache.amxx] /hl2/cscanner/scanner_blip1.wav
L 12/07/2024 - 04:10:00: [galileo.amxx] 
L 12/07/2024 - 04:10:00: [galileo.amxx] The server is jumping to the next map after the current map due more than 1 restarts on the map "coolrig"
L 12/07/2024 - 04:10:00: [galileo.amxx] 
L 12/07/2024 - 04:10:02: -------- Mapchange to e1m1 --------
L 12/07/2024 - 04:10:02: [testprecache.amxx] precaching file
L 12/07/2024 - 04:10:02: [testprecache.amxx] items/smallmedkit1.wav
L 12/07/2024 - 04:10:02: [testprecache.amxx] precaching file
L 12/07/2024 - 04:10:02: [testprecache.amxx] player/pl_wade1.wav
L 12/07/2024 - 04:10:02: [testprecache.amxx] precaching file
L 12/07/2024 - 04:10:02: [testprecache.amxx] player/pl_wade2.wav
L 12/07/2024 - 04:10:02: [testprecache.amxx] precaching file
L 12/07/2024 - 04:10:02: [testprecache.amxx] hlcoop/shockroach/shock_idle3.wav
L 12/07/2024 - 04:10:02: [testprecache.amxx] precaching file
L 12/07/2024 - 04:10:02: [testprecache.amxx] hlcoop/shockroach/shock_idle2.wav
L 12/07/2024 - 04:10:02: [testprecache.amxx] precaching file
L 12/07/2024 - 04:10:02: [testprecache.amxx] /hl2/cscanner/scanner_scan_loop2.wav
L 12/07/2024 - 04:10:02: [testprecache.amxx] precaching file
L 12/07/2024 - 04:10:02: [testprecache.amxx] /hl2/cscanner/scanner_photo1.wav
L 12/07/2024 - 04:10:02: [testprecache.amxx] precaching file
L 12/07/2024 - 04:10:02: [testprecache.amxx] /hl2/cscanner/scanner_blip1.wav
L 12/07/2024 - 04:10:02: [testprecache.amxx] precaching file
L 12/07/2024 - 04:10:02: [testprecache.amxx] /hl2/cscanner/scanner_blip1.wav
L 12/07/2024 - 04:10:22: -------- Mapchange to coolrig --------
L 12/07/2024 - 04:10:22: [testprecache.amxx] precaching file
L 12/07/2024 - 04:10:22: [testprecache.amxx] items/smallmedkit1.wav
L 12/07/2024 - 04:10:22: [testprecache.amxx] precaching file
L 12/07/2024 - 04:10:22: [testprecache.amxx] player/pl_wade1.wav
L 12/07/2024 - 04:10:22: [testprecache.amxx] precaching file
L 12/07/2024 - 04:10:22: [testprecache.amxx] player/pl_wade2.wav
L 12/07/2024 - 04:10:22: [testprecache.amxx] precaching file
L 12/07/2024 - 04:10:22: [testprecache.amxx] hlcoop/shockroach/shock_idle3.wav
L 12/07/2024 - 04:10:22: [testprecache.amxx] precaching file
L 12/07/2024 - 04:10:22: [testprecache.amxx] hlcoop/shockroach/shock_idle2.wav
L 12/07/2024 - 04:10:22: [testprecache.amxx] precaching file
L 12/07/2024 - 04:10:22: [testprecache.amxx] /hl2/cscanner/scanner_scan_loop2.wav
L 12/07/2024 - 04:10:22: [testprecache.amxx] precaching file
L 12/07/2024 - 04:10:22: [testprecache.amxx] /hl2/cscanner/scanner_photo1.wav
L 12/07/2024 - 04:10:22: [testprecache.amxx] precaching file
L 12/07/2024 - 04:10:22: [testprecache.amxx] /hl2/cscanner/scanner_blip1.wav
L 12/07/2024 - 04:10:22: [testprecache.amxx] precaching file
L 12/07/2024 - 04:10:22: [testprecache.amxx] /hl2/cscanner/scanner_blip1.wav
L 12/07/2024 - 04:12:36: -------- Mapchange to sandbox --------
L 12/07/2024 - 04:12:36: [testprecache.amxx] precaching file
L 12/07/2024 - 04:12:36: [testprecache.amxx] items/smallmedkit1.wav
L 12/07/2024 - 04:12:36: [testprecache.amxx] precaching file
L 12/07/2024 - 04:12:36: [testprecache.amxx] player/pl_wade1.wav
L 12/07/2024 - 04:12:36: [testprecache.amxx] precaching file
L 12/07/2024 - 04:12:36: [testprecache.amxx] player/pl_wade2.wav
L 12/07/2024 - 04:12:36: [testprecache.amxx] precaching file
L 12/07/2024 - 04:12:36: [testprecache.amxx] hlcoop/shockroach/shock_idle3.wav
L 12/07/2024 - 04:12:36: [testprecache.amxx] precaching file
L 12/07/2024 - 04:12:36: [testprecache.amxx] hlcoop/shockroach/shock_idle2.wav
L 12/07/2024 - 04:12:36: [testprecache.amxx] precaching file
L 12/07/2024 - 04:12:36: [testprecache.amxx] /hl2/cscanner/scanner_scan_loop2.wav
L 12/07/2024 - 04:12:36: [testprecache.amxx] precaching file
L 12/07/2024 - 04:12:36: [testprecache.amxx] /hl2/cscanner/scanner_photo1.wav
L 12/07/2024 - 04:12:36: [testprecache.amxx] precaching file
L 12/07/2024 - 04:12:36: [testprecache.amxx] /hl2/cscanner/scanner_blip1.wav
L 12/07/2024 - 04:12:36: [testprecache.amxx] precaching file
L 12/07/2024 - 04:12:36: [testprecache.amxx] /hl2/cscanner/scanner_blip1.wav
L 12/07/2024 - 04:12:39: -------- Mapchange to coolrig --------
L 12/07/2024 - 04:12:39: [testprecache.amxx] precaching file
L 12/07/2024 - 04:12:39: [testprecache.amxx] items/smallmedkit1.wav
L 12/07/2024 - 04:12:39: [testprecache.amxx] precaching file
L 12/07/2024 - 04:12:39: [testprecache.amxx] player/pl_wade1.wav
L 12/07/2024 - 04:12:39: [testprecache.amxx] precaching file
L 12/07/2024 - 04:12:39: [testprecache.amxx] player/pl_wade2.wav
L 12/07/2024 - 04:12:39: [testprecache.amxx] precaching file
L 12/07/2024 - 04:12:39: [testprecache.amxx] hlcoop/shockroach/shock_idle3.wav
L 12/07/2024 - 04:12:39: [testprecache.amxx] precaching file
L 12/07/2024 - 04:12:39: [testprecache.amxx] hlcoop/shockroach/shock_idle2.wav
L 12/07/2024 - 04:12:39: [testprecache.amxx] precaching file
L 12/07/2024 - 04:12:39: [testprecache.amxx] /hl2/cscanner/scanner_scan_loop2.wav
L 12/07/2024 - 04:12:39: [testprecache.amxx] precaching file
L 12/07/2024 - 04:12:39: [testprecache.amxx] /hl2/cscanner/scanner_photo1.wav
L 12/07/2024 - 04:12:39: [testprecache.amxx] precaching file
L 12/07/2024 - 04:12:39: [testprecache.amxx] /hl2/cscanner/scanner_blip1.wav
L 12/07/2024 - 04:12:39: [testprecache.amxx] precaching file
L 12/07/2024 - 04:12:39: [testprecache.amxx] /hl2/cscanner/scanner_blip1.wav
L 12/07/2024 - 04:16:21: -------- Mapchange to sandbox --------
L 12/07/2024 - 04:16:21: [testprecache.amxx] precaching file
L 12/07/2024 - 04:16:21: [testprecache.amxx] items/smallmedkit1.wav
L 12/07/2024 - 04:16:21: [testprecache.amxx] precaching file
L 12/07/2024 - 04:16:21: [testprecache.amxx] player/pl_wade1.wav
L 12/07/2024 - 04:16:21: [testprecache.amxx] precaching file
L 12/07/2024 - 04:16:21: [testprecache.amxx] player/pl_wade2.wav
L 12/07/2024 - 04:16:21: [testprecache.amxx] precaching file
L 12/07/2024 - 04:16:21: [testprecache.amxx] hlcoop/shockroach/shock_idle3.wav
L 12/07/2024 - 04:16:21: [testprecache.amxx] precaching file
L 12/07/2024 - 04:16:21: [testprecache.amxx] hlcoop/shockroach/shock_idle2.wav
L 12/07/2024 - 04:16:21: [testprecache.amxx] precaching file
L 12/07/2024 - 04:16:21: [testprecache.amxx] /hl2/cscanner/scanner_scan_loop2.wav
L 12/07/2024 - 04:16:21: [testprecache.amxx] precaching file
L 12/07/2024 - 04:16:21: [testprecache.amxx] /hl2/cscanner/scanner_photo1.wav
L 12/07/2024 - 04:16:21: [testprecache.amxx] precaching file
L 12/07/2024 - 04:16:21: [testprecache.amxx] /hl2/cscanner/scanner_blip1.wav
L 12/07/2024 - 04:16:21: [testprecache.amxx] precaching file
L 12/07/2024 - 04:16:21: [testprecache.amxx] /hl2/cscanner/scanner_blip1.wav
L 12/07/2024 - 04:16:24: -------- Mapchange to coolrig --------
L 12/07/2024 - 04:16:24: [testprecache.amxx] precaching file
L 12/07/2024 - 04:16:24: [testprecache.amxx] items/smallmedkit1.wav
L 12/07/2024 - 04:16:24: [testprecache.amxx] precaching file
L 12/07/2024 - 04:16:24: [testprecache.amxx] player/pl_wade1.wav
L 12/07/2024 - 04:16:24: [testprecache.amxx] precaching file
L 12/07/2024 - 04:16:24: [testprecache.amxx] player/pl_wade2.wav
L 12/07/2024 - 04:16:24: [testprecache.amxx] precaching file
L 12/07/2024 - 04:16:24: [testprecache.amxx] hlcoop/shockroach/shock_idle3.wav
L 12/07/2024 - 04:16:24: [testprecache.amxx] precaching file
L 12/07/2024 - 04:16:24: [testprecache.amxx] hlcoop/shockroach/shock_idle2.wav
L 12/07/2024 - 04:16:24: [testprecache.amxx] precaching file
L 12/07/2024 - 04:16:24: [testprecache.amxx] /hl2/cscanner/scanner_scan_loop2.wav
L 12/07/2024 - 04:16:24: [testprecache.amxx] precaching file
L 12/07/2024 - 04:16:24: [testprecache.amxx] /hl2/cscanner/scanner_photo1.wav
L 12/07/2024 - 04:16:24: [testprecache.amxx] precaching file
L 12/07/2024 - 04:16:24: [testprecache.amxx] /hl2/cscanner/scanner_blip1.wav
L 12/07/2024 - 04:16:24: [testprecache.amxx] precaching file
L 12/07/2024 - 04:16:24: [testprecache.amxx] /hl2/cscanner/scanner_blip1.wav
L 12/07/2024 - 14:19:43: -------- Mapchange to sandbox --------
L 12/07/2024 - 14:19:43: [testprecache.amxx] precaching file
L 12/07/2024 - 14:19:43: [testprecache.amxx] items/smallmedkit1.wav
L 12/07/2024 - 14:19:43: [testprecache.amxx] precaching file
L 12/07/2024 - 14:19:43: [testprecache.amxx] player/pl_wade1.wav
L 12/07/2024 - 14:19:43: [testprecache.amxx] precaching file
L 12/07/2024 - 14:19:43: [testprecache.amxx] player/pl_wade2.wav
L 12/07/2024 - 14:19:43: [testprecache.amxx] precaching file
L 12/07/2024 - 14:19:43: [testprecache.amxx] hlcoop/shockroach/shock_idle3.wav
L 12/07/2024 - 14:19:43: [testprecache.amxx] precaching file
L 12/07/2024 - 14:19:43: [testprecache.amxx] hlcoop/shockroach/shock_idle2.wav
L 12/07/2024 - 14:19:43: [testprecache.amxx] precaching file
L 12/07/2024 - 14:19:43: [testprecache.amxx] /hl2/cscanner/scanner_scan_loop2.wav
L 12/07/2024 - 14:19:43: [testprecache.amxx] precaching file
L 12/07/2024 - 14:19:43: [testprecache.amxx] /hl2/cscanner/scanner_photo1.wav
L 12/07/2024 - 14:19:43: [testprecache.amxx] precaching file
L 12/07/2024 - 14:19:43: [testprecache.amxx] /hl2/cscanner/scanner_blip1.wav
L 12/07/2024 - 14:19:43: [testprecache.amxx] precaching file
L 12/07/2024 - 14:19:43: [testprecache.amxx] /hl2/cscanner/scanner_blip1.wav
L 12/07/2024 - 14:19:43: [galileo.amxx] 
L 12/07/2024 - 14:19:43: [galileo.amxx] The server is jumping to the next map after the current map due more than 1 restarts on the map "coolrig"
L 12/07/2024 - 14:19:43: [galileo.amxx] 
L 12/07/2024 - 14:19:45: -------- Mapchange to d1_town_01 --------
L 12/07/2024 - 14:19:45: [testprecache.amxx] precaching file
L 12/07/2024 - 14:19:45: [testprecache.amxx] items/smallmedkit1.wav
L 12/07/2024 - 14:19:45: [testprecache.amxx] precaching file
L 12/07/2024 - 14:19:45: [testprecache.amxx] player/pl_wade1.wav
L 12/07/2024 - 14:19:45: [testprecache.amxx] precaching file
L 12/07/2024 - 14:19:45: [testprecache.amxx] player/pl_wade2.wav
L 12/07/2024 - 14:19:45: [testprecache.amxx] precaching file
L 12/07/2024 - 14:19:45: [testprecache.amxx] hlcoop/shockroach/shock_idle3.wav
L 12/07/2024 - 14:19:45: [testprecache.amxx] precaching file
L 12/07/2024 - 14:19:45: [testprecache.amxx] hlcoop/shockroach/shock_idle2.wav
L 12/07/2024 - 14:19:45: [testprecache.amxx] precaching file
L 12/07/2024 - 14:19:45: [testprecache.amxx] /hl2/cscanner/scanner_scan_loop2.wav
L 12/07/2024 - 14:19:45: [testprecache.amxx] precaching file
L 12/07/2024 - 14:19:45: [testprecache.amxx] /hl2/cscanner/scanner_photo1.wav
L 12/07/2024 - 14:19:45: [testprecache.amxx] precaching file
L 12/07/2024 - 14:19:45: [testprecache.amxx] /hl2/cscanner/scanner_blip1.wav
L 12/07/2024 - 14:19:45: [testprecache.amxx] precaching file
L 12/07/2024 - 14:19:45: [testprecache.amxx] /hl2/cscanner/scanner_blip1.wav
L 12/07/2024 - 14:19:59: -------- Mapchange to coolrig --------
L 12/07/2024 - 14:19:59: [testprecache.amxx] precaching file
L 12/07/2024 - 14:19:59: [testprecache.amxx] items/smallmedkit1.wav
L 12/07/2024 - 14:19:59: [testprecache.amxx] precaching file
L 12/07/2024 - 14:19:59: [testprecache.amxx] player/pl_wade1.wav
L 12/07/2024 - 14:19:59: [testprecache.amxx] precaching file
L 12/07/2024 - 14:19:59: [testprecache.amxx] player/pl_wade2.wav
L 12/07/2024 - 14:19:59: [testprecache.amxx] precaching file
L 12/07/2024 - 14:19:59: [testprecache.amxx] hlcoop/shockroach/shock_idle3.wav
L 12/07/2024 - 14:19:59: [testprecache.amxx] precaching file
L 12/07/2024 - 14:19:59: [testprecache.amxx] hlcoop/shockroach/shock_idle2.wav
L 12/07/2024 - 14:19:59: [testprecache.amxx] precaching file
L 12/07/2024 - 14:19:59: [testprecache.amxx] /hl2/cscanner/scanner_scan_loop2.wav
L 12/07/2024 - 14:19:59: [testprecache.amxx] precaching file
L 12/07/2024 - 14:19:59: [testprecache.amxx] /hl2/cscanner/scanner_photo1.wav
L 12/07/2024 - 14:19:59: [testprecache.amxx] precaching file
L 12/07/2024 - 14:19:59: [testprecache.amxx] /hl2/cscanner/scanner_blip1.wav
L 12/07/2024 - 14:19:59: [testprecache.amxx] precaching file
L 12/07/2024 - 14:19:59: [testprecache.amxx] /hl2/cscanner/scanner_blip1.wav
L 12/07/2024 - 14:35:59: -------- Mapchange to sandbox --------
L 12/07/2024 - 14:35:59: [testprecache.amxx] precaching file
L 12/07/2024 - 14:35:59: [testprecache.amxx] items/smallmedkit1.wav
L 12/07/2024 - 14:35:59: [testprecache.amxx] precaching file
L 12/07/2024 - 14:35:59: [testprecache.amxx] player/pl_wade1.wav
L 12/07/2024 - 14:35:59: [testprecache.amxx] precaching file
L 12/07/2024 - 14:35:59: [testprecache.amxx] player/pl_wade2.wav
L 12/07/2024 - 14:35:59: [testprecache.amxx] precaching file
L 12/07/2024 - 14:35:59: [testprecache.amxx] hlcoop/shockroach/shock_idle3.wav
L 12/07/2024 - 14:35:59: [testprecache.amxx] precaching file
L 12/07/2024 - 14:35:59: [testprecache.amxx] hlcoop/shockroach/shock_idle2.wav
L 12/07/2024 - 14:35:59: [testprecache.amxx] precaching file
L 12/07/2024 - 14:35:59: [testprecache.amxx] /hl2/cscanner/scanner_scan_loop2.wav
L 12/07/2024 - 14:35:59: [testprecache.amxx] precaching file
L 12/07/2024 - 14:35:59: [testprecache.amxx] /hl2/cscanner/scanner_photo1.wav
L 12/07/2024 - 14:35:59: [testprecache.amxx] precaching file
L 12/07/2024 - 14:35:59: [testprecache.amxx] /hl2/cscanner/scanner_blip1.wav
L 12/07/2024 - 14:35:59: [testprecache.amxx] precaching file
L 12/07/2024 - 14:35:59: [testprecache.amxx] /hl2/cscanner/scanner_blip1.wav
L 12/07/2024 - 14:36:01: -------- Mapchange to coolrig --------
L 12/07/2024 - 14:36:01: [testprecache.amxx] precaching file
L 12/07/2024 - 14:36:01: [testprecache.amxx] items/smallmedkit1.wav
L 12/07/2024 - 14:36:01: [testprecache.amxx] precaching file
L 12/07/2024 - 14:36:01: [testprecache.amxx] player/pl_wade1.wav
L 12/07/2024 - 14:36:01: [testprecache.amxx] precaching file
L 12/07/2024 - 14:36:01: [testprecache.amxx] player/pl_wade2.wav
L 12/07/2024 - 14:36:01: [testprecache.amxx] precaching file
L 12/07/2024 - 14:36:01: [testprecache.amxx] hlcoop/shockroach/shock_idle3.wav
L 12/07/2024 - 14:36:01: [testprecache.amxx] precaching file
L 12/07/2024 - 14:36:01: [testprecache.amxx] hlcoop/shockroach/shock_idle2.wav
L 12/07/2024 - 14:36:01: [testprecache.amxx] precaching file
L 12/07/2024 - 14:36:01: [testprecache.amxx] /hl2/cscanner/scanner_scan_loop2.wav
L 12/07/2024 - 14:36:01: [testprecache.amxx] precaching file
L 12/07/2024 - 14:36:01: [testprecache.amxx] /hl2/cscanner/scanner_photo1.wav
L 12/07/2024 - 14:36:01: [testprecache.amxx] precaching file
L 12/07/2024 - 14:36:01: [testprecache.amxx] /hl2/cscanner/scanner_blip1.wav
L 12/07/2024 - 14:36:01: [testprecache.amxx] precaching file
L 12/07/2024 - 14:36:01: [testprecache.amxx] /hl2/cscanner/scanner_blip1.wav
