L 10/08/2024 - 00:21:19: -------- Mapchange to c1a0 --------
L 10/08/2024 - 00:21:19: [testprecache.amxx] precaching file
L 10/08/2024 - 00:21:19: [testprecache.amxx] items/smallmedkit1.wav
L 10/08/2024 - 00:21:19: [testprecache.amxx] precaching file
L 10/08/2024 - 00:21:19: [testprecache.amxx] player/pl_wade1.wav
L 10/08/2024 - 00:21:19: [testprecache.amxx] precaching file
L 10/08/2024 - 00:21:19: [testprecache.amxx] player/pl_wade2.wav
L 10/08/2024 - 00:21:19: [testprecache.amxx] precaching file
L 10/08/2024 - 00:21:19: [testprecache.amxx] hlcoop/shockroach/shock_idle3.wav
L 10/08/2024 - 00:21:19: [testprecache.amxx] precaching file
L 10/08/2024 - 00:21:19: [testprecache.amxx] hlcoop/shockroach/shock_idle2.wav
L 10/08/2024 - 00:21:19: [testprecache.amxx] precaching file
L 10/08/2024 - 00:21:19: [testprecache.amxx] hlcoop/shockroach/shock_idle2.wav
L 10/08/2024 - 00:21:19: [testprecache.amxx] precaching file
L 10/08/2024 - 00:21:19: [testprecache.amxx] hlcoop/shockroach/shock_idle2.wav
L 10/08/2024 - 00:22:09: -------- Mapchange to c1a0a --------
L 10/08/2024 - 00:22:09: [testprecache.amxx] precaching file
L 10/08/2024 - 00:22:09: [testprecache.amxx] items/smallmedkit1.wav
L 10/08/2024 - 00:22:09: [testprecache.amxx] precaching file
L 10/08/2024 - 00:22:09: [testprecache.amxx] player/pl_wade1.wav
L 10/08/2024 - 00:22:09: [testprecache.amxx] precaching file
L 10/08/2024 - 00:22:09: [testprecache.amxx] player/pl_wade2.wav
L 10/08/2024 - 00:22:09: [testprecache.amxx] precaching file
L 10/08/2024 - 00:22:09: [testprecache.amxx] hlcoop/shockroach/shock_idle3.wav
L 10/08/2024 - 00:22:09: [testprecache.amxx] precaching file
L 10/08/2024 - 00:22:09: [testprecache.amxx] hlcoop/shockroach/shock_idle2.wav
L 10/08/2024 - 00:22:09: [testprecache.amxx] precaching file
L 10/08/2024 - 00:22:09: [testprecache.amxx] hlcoop/shockroach/shock_idle2.wav
L 10/08/2024 - 00:22:09: [testprecache.amxx] precaching file
L 10/08/2024 - 00:22:09: [testprecache.amxx] hlcoop/shockroach/shock_idle2.wav
L 10/08/2024 - 00:23:41: -------- Mapchange to d1_town_01 --------
L 10/08/2024 - 00:23:41: [testprecache.amxx] precaching file
L 10/08/2024 - 00:23:41: [testprecache.amxx] items/smallmedkit1.wav
L 10/08/2024 - 00:23:41: [testprecache.amxx] precaching file
L 10/08/2024 - 00:23:41: [testprecache.amxx] player/pl_wade1.wav
L 10/08/2024 - 00:23:41: [testprecache.amxx] precaching file
L 10/08/2024 - 00:23:41: [testprecache.amxx] player/pl_wade2.wav
L 10/08/2024 - 00:23:41: [testprecache.amxx] precaching file
L 10/08/2024 - 00:23:41: [testprecache.amxx] hlcoop/shockroach/shock_idle3.wav
L 10/08/2024 - 00:23:41: [testprecache.amxx] precaching file
L 10/08/2024 - 00:23:41: [testprecache.amxx] hlcoop/shockroach/shock_idle2.wav
L 10/08/2024 - 00:23:41: [testprecache.amxx] precaching file
L 10/08/2024 - 00:23:41: [testprecache.amxx] hlcoop/shockroach/shock_idle2.wav
L 10/08/2024 - 00:23:41: [testprecache.amxx] precaching file
L 10/08/2024 - 00:23:41: [testprecache.amxx] hlcoop/shockroach/shock_idle2.wav
L 10/08/2024 - 15:55:08: -------- Mapchange to sandbox --------
L 10/08/2024 - 15:55:08: [testprecache.amxx] precaching file
L 10/08/2024 - 15:55:08: [testprecache.amxx] items/smallmedkit1.wav
L 10/08/2024 - 15:55:08: [testprecache.amxx] precaching file
L 10/08/2024 - 15:55:08: [testprecache.amxx] player/pl_wade1.wav
L 10/08/2024 - 15:55:08: [testprecache.amxx] precaching file
L 10/08/2024 - 15:55:08: [testprecache.amxx] player/pl_wade2.wav
L 10/08/2024 - 15:55:08: [testprecache.amxx] precaching file
L 10/08/2024 - 15:55:08: [testprecache.amxx] hlcoop/shockroach/shock_idle3.wav
L 10/08/2024 - 15:55:08: [testprecache.amxx] precaching file
L 10/08/2024 - 15:55:08: [testprecache.amxx] hlcoop/shockroach/shock_idle2.wav
L 10/08/2024 - 15:55:08: [testprecache.amxx] precaching file
L 10/08/2024 - 15:55:08: [testprecache.amxx] hlcoop/shockroach/shock_idle2.wav
L 10/08/2024 - 15:55:08: [testprecache.amxx] precaching file
L 10/08/2024 - 15:55:08: [testprecache.amxx] hlcoop/shockroach/shock_idle2.wav
L 10/08/2024 - 15:55:08: [galileo.amxx] 
L 10/08/2024 - 15:55:08: [galileo.amxx] The server is jumping to the next map after the current map due more than 1 restarts on the map "d1_town_01"
L 10/08/2024 - 15:55:08: [galileo.amxx] 
L 10/08/2024 - 15:55:11: -------- Mapchange to c1a0 --------
L 10/08/2024 - 15:55:11: [testprecache.amxx] precaching file
L 10/08/2024 - 15:55:11: [testprecache.amxx] items/smallmedkit1.wav
L 10/08/2024 - 15:55:11: [testprecache.amxx] precaching file
L 10/08/2024 - 15:55:11: [testprecache.amxx] player/pl_wade1.wav
L 10/08/2024 - 15:55:11: [testprecache.amxx] precaching file
L 10/08/2024 - 15:55:11: [testprecache.amxx] player/pl_wade2.wav
L 10/08/2024 - 15:55:11: [testprecache.amxx] precaching file
L 10/08/2024 - 15:55:11: [testprecache.amxx] hlcoop/shockroach/shock_idle3.wav
L 10/08/2024 - 15:55:11: [testprecache.amxx] precaching file
L 10/08/2024 - 15:55:11: [testprecache.amxx] hlcoop/shockroach/shock_idle2.wav
L 10/08/2024 - 15:55:11: [testprecache.amxx] precaching file
L 10/08/2024 - 15:55:11: [testprecache.amxx] hlcoop/shockroach/shock_idle2.wav
L 10/08/2024 - 15:55:11: [testprecache.amxx] precaching file
L 10/08/2024 - 15:55:11: [testprecache.amxx] hlcoop/shockroach/shock_idle2.wav
L 10/08/2024 - 15:57:46: -------- Mapchange to d1_trainstation_02 --------
L 10/08/2024 - 15:57:46: [testprecache.amxx] precaching file
L 10/08/2024 - 15:57:46: [testprecache.amxx] items/smallmedkit1.wav
L 10/08/2024 - 15:57:46: [testprecache.amxx] precaching file
L 10/08/2024 - 15:57:46: [testprecache.amxx] player/pl_wade1.wav
L 10/08/2024 - 15:57:46: [testprecache.amxx] precaching file
L 10/08/2024 - 15:57:46: [testprecache.amxx] player/pl_wade2.wav
L 10/08/2024 - 15:57:46: [testprecache.amxx] precaching file
L 10/08/2024 - 15:57:46: [testprecache.amxx] hlcoop/shockroach/shock_idle3.wav
L 10/08/2024 - 15:57:46: [testprecache.amxx] precaching file
L 10/08/2024 - 15:57:46: [testprecache.amxx] hlcoop/shockroach/shock_idle2.wav
L 10/08/2024 - 15:57:46: [testprecache.amxx] precaching file
L 10/08/2024 - 15:57:46: [testprecache.amxx] hlcoop/shockroach/shock_idle2.wav
L 10/08/2024 - 15:57:46: [testprecache.amxx] precaching file
L 10/08/2024 - 15:57:46: [testprecache.amxx] hlcoop/shockroach/shock_idle2.wav
L 10/08/2024 - 15:58:17: -------- Mapchange to d1_town_01 --------
L 10/08/2024 - 15:58:17: [testprecache.amxx] precaching file
L 10/08/2024 - 15:58:17: [testprecache.amxx] items/smallmedkit1.wav
L 10/08/2024 - 15:58:17: [testprecache.amxx] precaching file
L 10/08/2024 - 15:58:17: [testprecache.amxx] player/pl_wade1.wav
L 10/08/2024 - 15:58:17: [testprecache.amxx] precaching file
L 10/08/2024 - 15:58:17: [testprecache.amxx] player/pl_wade2.wav
L 10/08/2024 - 15:58:17: [testprecache.amxx] precaching file
L 10/08/2024 - 15:58:17: [testprecache.amxx] hlcoop/shockroach/shock_idle3.wav
L 10/08/2024 - 15:58:17: [testprecache.amxx] precaching file
L 10/08/2024 - 15:58:17: [testprecache.amxx] hlcoop/shockroach/shock_idle2.wav
L 10/08/2024 - 15:58:17: [testprecache.amxx] precaching file
L 10/08/2024 - 15:58:17: [testprecache.amxx] hlcoop/shockroach/shock_idle2.wav
L 10/08/2024 - 15:58:17: [testprecache.amxx] precaching file
L 10/08/2024 - 15:58:17: [testprecache.amxx] hlcoop/shockroach/shock_idle2.wav
