L 11/24/2024 - 13:05:09: -------- Mapchange to sandbox --------
L 11/24/2024 - 13:05:09: [testprecache.amxx] precaching file
L 11/24/2024 - 13:05:09: [testprecache.amxx] items/smallmedkit1.wav
L 11/24/2024 - 13:05:09: [testprecache.amxx] precaching file
L 11/24/2024 - 13:05:09: [testprecache.amxx] player/pl_wade1.wav
L 11/24/2024 - 13:05:09: [testprecache.amxx] precaching file
L 11/24/2024 - 13:05:09: [testprecache.amxx] player/pl_wade2.wav
L 11/24/2024 - 13:05:09: [testprecache.amxx] precaching file
L 11/24/2024 - 13:05:09: [testprecache.amxx] hlcoop/shockroach/shock_idle3.wav
L 11/24/2024 - 13:05:09: [testprecache.amxx] precaching file
L 11/24/2024 - 13:05:09: [testprecache.amxx] hlcoop/shockroach/shock_idle2.wav
L 11/24/2024 - 13:05:09: [testprecache.amxx] precaching file
L 11/24/2024 - 13:05:09: [testprecache.amxx] /hl2/cscanner/scanner_scan_loop2.wav
L 11/24/2024 - 13:05:09: [testprecache.amxx] precaching file
L 11/24/2024 - 13:05:09: [testprecache.amxx] /hl2/cscanner/scanner_photo1.wav
L 11/24/2024 - 13:05:09: [testprecache.amxx] precaching file
L 11/24/2024 - 13:05:09: [testprecache.amxx] /hl2/cscanner/scanner_blip1.wav
L 11/24/2024 - 13:05:09: [testprecache.amxx] precaching file
L 11/24/2024 - 13:05:09: [testprecache.amxx] /hl2/cscanner/scanner_blip1.wav
L 11/24/2024 - 13:05:12: -------- Mapchange to d1_town_01 --------
L 11/24/2024 - 13:05:12: [testprecache.amxx] precaching file
L 11/24/2024 - 13:05:12: [testprecache.amxx] items/smallmedkit1.wav
L 11/24/2024 - 13:05:12: [testprecache.amxx] precaching file
L 11/24/2024 - 13:05:12: [testprecache.amxx] player/pl_wade1.wav
L 11/24/2024 - 13:05:12: [testprecache.amxx] precaching file
L 11/24/2024 - 13:05:12: [testprecache.amxx] player/pl_wade2.wav
L 11/24/2024 - 13:05:12: [testprecache.amxx] precaching file
L 11/24/2024 - 13:05:12: [testprecache.amxx] hlcoop/shockroach/shock_idle3.wav
L 11/24/2024 - 13:05:12: [testprecache.amxx] precaching file
L 11/24/2024 - 13:05:12: [testprecache.amxx] hlcoop/shockroach/shock_idle2.wav
L 11/24/2024 - 13:05:12: [testprecache.amxx] precaching file
L 11/24/2024 - 13:05:12: [testprecache.amxx] /hl2/cscanner/scanner_scan_loop2.wav
L 11/24/2024 - 13:05:12: [testprecache.amxx] precaching file
L 11/24/2024 - 13:05:12: [testprecache.amxx] /hl2/cscanner/scanner_photo1.wav
L 11/24/2024 - 13:05:12: [testprecache.amxx] precaching file
L 11/24/2024 - 13:05:12: [testprecache.amxx] /hl2/cscanner/scanner_blip1.wav
L 11/24/2024 - 13:05:12: [testprecache.amxx] precaching file
L 11/24/2024 - 13:05:12: [testprecache.amxx] /hl2/cscanner/scanner_blip1.wav
L 11/24/2024 - 14:16:29: -------- Mapchange to sandbox --------
L 11/24/2024 - 14:16:29: [testprecache.amxx] precaching file
L 11/24/2024 - 14:16:29: [testprecache.amxx] items/smallmedkit1.wav
L 11/24/2024 - 14:16:29: [testprecache.amxx] precaching file
L 11/24/2024 - 14:16:29: [testprecache.amxx] player/pl_wade1.wav
L 11/24/2024 - 14:16:29: [testprecache.amxx] precaching file
L 11/24/2024 - 14:16:29: [testprecache.amxx] player/pl_wade2.wav
L 11/24/2024 - 14:16:29: [testprecache.amxx] precaching file
L 11/24/2024 - 14:16:29: [testprecache.amxx] hlcoop/shockroach/shock_idle3.wav
L 11/24/2024 - 14:16:29: [testprecache.amxx] precaching file
L 11/24/2024 - 14:16:29: [testprecache.amxx] hlcoop/shockroach/shock_idle2.wav
L 11/24/2024 - 14:16:29: [testprecache.amxx] precaching file
L 11/24/2024 - 14:16:29: [testprecache.amxx] /hl2/cscanner/scanner_scan_loop2.wav
L 11/24/2024 - 14:16:29: [testprecache.amxx] precaching file
L 11/24/2024 - 14:16:29: [testprecache.amxx] /hl2/cscanner/scanner_photo1.wav
L 11/24/2024 - 14:16:29: [testprecache.amxx] precaching file
L 11/24/2024 - 14:16:29: [testprecache.amxx] /hl2/cscanner/scanner_blip1.wav
L 11/24/2024 - 14:16:29: [testprecache.amxx] precaching file
L 11/24/2024 - 14:16:29: [testprecache.amxx] /hl2/cscanner/scanner_blip1.wav
L 11/24/2024 - 14:16:32: -------- Mapchange to d1_town_01 --------
L 11/24/2024 - 14:16:32: [testprecache.amxx] precaching file
L 11/24/2024 - 14:16:32: [testprecache.amxx] items/smallmedkit1.wav
L 11/24/2024 - 14:16:32: [testprecache.amxx] precaching file
L 11/24/2024 - 14:16:32: [testprecache.amxx] player/pl_wade1.wav
L 11/24/2024 - 14:16:32: [testprecache.amxx] precaching file
L 11/24/2024 - 14:16:32: [testprecache.amxx] player/pl_wade2.wav
L 11/24/2024 - 14:16:32: [testprecache.amxx] precaching file
L 11/24/2024 - 14:16:32: [testprecache.amxx] hlcoop/shockroach/shock_idle3.wav
L 11/24/2024 - 14:16:32: [testprecache.amxx] precaching file
L 11/24/2024 - 14:16:32: [testprecache.amxx] hlcoop/shockroach/shock_idle2.wav
L 11/24/2024 - 14:16:32: [testprecache.amxx] precaching file
L 11/24/2024 - 14:16:32: [testprecache.amxx] /hl2/cscanner/scanner_scan_loop2.wav
L 11/24/2024 - 14:16:32: [testprecache.amxx] precaching file
L 11/24/2024 - 14:16:32: [testprecache.amxx] /hl2/cscanner/scanner_photo1.wav
L 11/24/2024 - 14:16:32: [testprecache.amxx] precaching file
L 11/24/2024 - 14:16:32: [testprecache.amxx] /hl2/cscanner/scanner_blip1.wav
L 11/24/2024 - 14:16:32: [testprecache.amxx] precaching file
L 11/24/2024 - 14:16:32: [testprecache.amxx] /hl2/cscanner/scanner_blip1.wav
L 11/24/2024 - 21:31:43: -------- Mapchange to sandbox --------
L 11/24/2024 - 21:31:43: [testprecache.amxx] precaching file
L 11/24/2024 - 21:31:43: [testprecache.amxx] items/smallmedkit1.wav
L 11/24/2024 - 21:31:43: [testprecache.amxx] precaching file
L 11/24/2024 - 21:31:43: [testprecache.amxx] player/pl_wade1.wav
L 11/24/2024 - 21:31:43: [testprecache.amxx] precaching file
L 11/24/2024 - 21:31:43: [testprecache.amxx] player/pl_wade2.wav
L 11/24/2024 - 21:31:43: [testprecache.amxx] precaching file
L 11/24/2024 - 21:31:43: [testprecache.amxx] hlcoop/shockroach/shock_idle3.wav
L 11/24/2024 - 21:31:43: [testprecache.amxx] precaching file
L 11/24/2024 - 21:31:43: [testprecache.amxx] hlcoop/shockroach/shock_idle2.wav
L 11/24/2024 - 21:31:43: [testprecache.amxx] precaching file
L 11/24/2024 - 21:31:43: [testprecache.amxx] /hl2/cscanner/scanner_scan_loop2.wav
L 11/24/2024 - 21:31:43: [testprecache.amxx] precaching file
L 11/24/2024 - 21:31:43: [testprecache.amxx] /hl2/cscanner/scanner_photo1.wav
L 11/24/2024 - 21:31:43: [testprecache.amxx] precaching file
L 11/24/2024 - 21:31:43: [testprecache.amxx] /hl2/cscanner/scanner_blip1.wav
L 11/24/2024 - 21:31:43: [testprecache.amxx] precaching file
L 11/24/2024 - 21:31:43: [testprecache.amxx] /hl2/cscanner/scanner_blip1.wav
L 11/24/2024 - 21:31:43: [galileo.amxx] 
L 11/24/2024 - 21:31:43: [galileo.amxx] The server is jumping to the next map after the current map due more than 1 restarts on the map "d1_town_01"
L 11/24/2024 - 21:31:43: [galileo.amxx] 
L 11/24/2024 - 21:31:45: -------- Mapchange to d1_trainstation_02 --------
L 11/24/2024 - 21:31:45: [testprecache.amxx] precaching file
L 11/24/2024 - 21:31:45: [testprecache.amxx] items/smallmedkit1.wav
L 11/24/2024 - 21:31:45: [testprecache.amxx] precaching file
L 11/24/2024 - 21:31:45: [testprecache.amxx] player/pl_wade1.wav
L 11/24/2024 - 21:31:45: [testprecache.amxx] precaching file
L 11/24/2024 - 21:31:45: [testprecache.amxx] player/pl_wade2.wav
L 11/24/2024 - 21:31:45: [testprecache.amxx] precaching file
L 11/24/2024 - 21:31:45: [testprecache.amxx] hlcoop/shockroach/shock_idle3.wav
L 11/24/2024 - 21:31:45: [testprecache.amxx] precaching file
L 11/24/2024 - 21:31:45: [testprecache.amxx] hlcoop/shockroach/shock_idle2.wav
L 11/24/2024 - 21:31:45: [testprecache.amxx] precaching file
L 11/24/2024 - 21:31:45: [testprecache.amxx] /hl2/cscanner/scanner_scan_loop2.wav
L 11/24/2024 - 21:31:45: [testprecache.amxx] precaching file
L 11/24/2024 - 21:31:45: [testprecache.amxx] /hl2/cscanner/scanner_photo1.wav
L 11/24/2024 - 21:31:45: [testprecache.amxx] precaching file
L 11/24/2024 - 21:31:45: [testprecache.amxx] /hl2/cscanner/scanner_blip1.wav
L 11/24/2024 - 21:31:45: [testprecache.amxx] precaching file
L 11/24/2024 - 21:31:45: [testprecache.amxx] /hl2/cscanner/scanner_blip1.wav
L 11/24/2024 - 21:38:11: -------- Mapchange to sandbox --------
L 11/24/2024 - 21:38:11: [testprecache.amxx] precaching file
L 11/24/2024 - 21:38:11: [testprecache.amxx] items/smallmedkit1.wav
L 11/24/2024 - 21:38:11: [testprecache.amxx] precaching file
L 11/24/2024 - 21:38:11: [testprecache.amxx] player/pl_wade1.wav
L 11/24/2024 - 21:38:11: [testprecache.amxx] precaching file
L 11/24/2024 - 21:38:11: [testprecache.amxx] player/pl_wade2.wav
L 11/24/2024 - 21:38:11: [testprecache.amxx] precaching file
L 11/24/2024 - 21:38:11: [testprecache.amxx] hlcoop/shockroach/shock_idle3.wav
L 11/24/2024 - 21:38:11: [testprecache.amxx] precaching file
L 11/24/2024 - 21:38:11: [testprecache.amxx] hlcoop/shockroach/shock_idle2.wav
L 11/24/2024 - 21:38:11: [testprecache.amxx] precaching file
L 11/24/2024 - 21:38:11: [testprecache.amxx] /hl2/cscanner/scanner_scan_loop2.wav
L 11/24/2024 - 21:38:11: [testprecache.amxx] precaching file
L 11/24/2024 - 21:38:11: [testprecache.amxx] /hl2/cscanner/scanner_photo1.wav
L 11/24/2024 - 21:38:11: [testprecache.amxx] precaching file
L 11/24/2024 - 21:38:11: [testprecache.amxx] /hl2/cscanner/scanner_blip1.wav
L 11/24/2024 - 21:38:11: [testprecache.amxx] precaching file
L 11/24/2024 - 21:38:11: [testprecache.amxx] /hl2/cscanner/scanner_blip1.wav
L 11/24/2024 - 21:38:13: -------- Mapchange to d1_trainstation_02 --------
L 11/24/2024 - 21:38:13: [testprecache.amxx] precaching file
L 11/24/2024 - 21:38:13: [testprecache.amxx] items/smallmedkit1.wav
L 11/24/2024 - 21:38:13: [testprecache.amxx] precaching file
L 11/24/2024 - 21:38:13: [testprecache.amxx] player/pl_wade1.wav
L 11/24/2024 - 21:38:13: [testprecache.amxx] precaching file
L 11/24/2024 - 21:38:13: [testprecache.amxx] player/pl_wade2.wav
L 11/24/2024 - 21:38:13: [testprecache.amxx] precaching file
L 11/24/2024 - 21:38:13: [testprecache.amxx] hlcoop/shockroach/shock_idle3.wav
L 11/24/2024 - 21:38:13: [testprecache.amxx] precaching file
L 11/24/2024 - 21:38:13: [testprecache.amxx] hlcoop/shockroach/shock_idle2.wav
L 11/24/2024 - 21:38:13: [testprecache.amxx] precaching file
L 11/24/2024 - 21:38:13: [testprecache.amxx] /hl2/cscanner/scanner_scan_loop2.wav
L 11/24/2024 - 21:38:13: [testprecache.amxx] precaching file
L 11/24/2024 - 21:38:13: [testprecache.amxx] /hl2/cscanner/scanner_photo1.wav
L 11/24/2024 - 21:38:13: [testprecache.amxx] precaching file
L 11/24/2024 - 21:38:13: [testprecache.amxx] /hl2/cscanner/scanner_blip1.wav
L 11/24/2024 - 21:38:13: [testprecache.amxx] precaching file
L 11/24/2024 - 21:38:13: [testprecache.amxx] /hl2/cscanner/scanner_blip1.wav
L 11/24/2024 - 21:38:54: -------- Mapchange to sandbox --------
L 11/24/2024 - 21:38:54: [testprecache.amxx] precaching file
L 11/24/2024 - 21:38:54: [testprecache.amxx] items/smallmedkit1.wav
L 11/24/2024 - 21:38:54: [testprecache.amxx] precaching file
L 11/24/2024 - 21:38:54: [testprecache.amxx] player/pl_wade1.wav
L 11/24/2024 - 21:38:54: [testprecache.amxx] precaching file
L 11/24/2024 - 21:38:54: [testprecache.amxx] player/pl_wade2.wav
L 11/24/2024 - 21:38:54: [testprecache.amxx] precaching file
L 11/24/2024 - 21:38:54: [testprecache.amxx] hlcoop/shockroach/shock_idle3.wav
L 11/24/2024 - 21:38:54: [testprecache.amxx] precaching file
L 11/24/2024 - 21:38:54: [testprecache.amxx] hlcoop/shockroach/shock_idle2.wav
L 11/24/2024 - 21:38:54: [testprecache.amxx] precaching file
L 11/24/2024 - 21:38:54: [testprecache.amxx] /hl2/cscanner/scanner_scan_loop2.wav
L 11/24/2024 - 21:38:54: [testprecache.amxx] precaching file
L 11/24/2024 - 21:38:54: [testprecache.amxx] /hl2/cscanner/scanner_photo1.wav
L 11/24/2024 - 21:38:54: [testprecache.amxx] precaching file
L 11/24/2024 - 21:38:54: [testprecache.amxx] /hl2/cscanner/scanner_blip1.wav
L 11/24/2024 - 21:38:54: [testprecache.amxx] precaching file
L 11/24/2024 - 21:38:54: [testprecache.amxx] /hl2/cscanner/scanner_blip1.wav
L 11/24/2024 - 21:38:57: -------- Mapchange to d1_trainstation_02 --------
L 11/24/2024 - 21:38:57: [testprecache.amxx] precaching file
L 11/24/2024 - 21:38:57: [testprecache.amxx] items/smallmedkit1.wav
L 11/24/2024 - 21:38:57: [testprecache.amxx] precaching file
L 11/24/2024 - 21:38:57: [testprecache.amxx] player/pl_wade1.wav
L 11/24/2024 - 21:38:57: [testprecache.amxx] precaching file
L 11/24/2024 - 21:38:57: [testprecache.amxx] player/pl_wade2.wav
L 11/24/2024 - 21:38:57: [testprecache.amxx] precaching file
L 11/24/2024 - 21:38:57: [testprecache.amxx] hlcoop/shockroach/shock_idle3.wav
L 11/24/2024 - 21:38:57: [testprecache.amxx] precaching file
L 11/24/2024 - 21:38:57: [testprecache.amxx] hlcoop/shockroach/shock_idle2.wav
L 11/24/2024 - 21:38:57: [testprecache.amxx] precaching file
L 11/24/2024 - 21:38:57: [testprecache.amxx] /hl2/cscanner/scanner_scan_loop2.wav
L 11/24/2024 - 21:38:57: [testprecache.amxx] precaching file
L 11/24/2024 - 21:38:57: [testprecache.amxx] /hl2/cscanner/scanner_photo1.wav
L 11/24/2024 - 21:38:57: [testprecache.amxx] precaching file
L 11/24/2024 - 21:38:57: [testprecache.amxx] /hl2/cscanner/scanner_blip1.wav
L 11/24/2024 - 21:38:57: [testprecache.amxx] precaching file
L 11/24/2024 - 21:38:57: [testprecache.amxx] /hl2/cscanner/scanner_blip1.wav
L 11/24/2024 - 21:54:54: -------- Mapchange to sandbox --------
L 11/24/2024 - 21:54:54: [testprecache.amxx] precaching file
L 11/24/2024 - 21:54:54: [testprecache.amxx] items/smallmedkit1.wav
L 11/24/2024 - 21:54:54: [testprecache.amxx] precaching file
L 11/24/2024 - 21:54:54: [testprecache.amxx] player/pl_wade1.wav
L 11/24/2024 - 21:54:54: [testprecache.amxx] precaching file
L 11/24/2024 - 21:54:54: [testprecache.amxx] player/pl_wade2.wav
L 11/24/2024 - 21:54:54: [testprecache.amxx] precaching file
L 11/24/2024 - 21:54:54: [testprecache.amxx] hlcoop/shockroach/shock_idle3.wav
L 11/24/2024 - 21:54:54: [testprecache.amxx] precaching file
L 11/24/2024 - 21:54:54: [testprecache.amxx] hlcoop/shockroach/shock_idle2.wav
L 11/24/2024 - 21:54:54: [testprecache.amxx] precaching file
L 11/24/2024 - 21:54:54: [testprecache.amxx] /hl2/cscanner/scanner_scan_loop2.wav
L 11/24/2024 - 21:54:54: [testprecache.amxx] precaching file
L 11/24/2024 - 21:54:54: [testprecache.amxx] /hl2/cscanner/scanner_photo1.wav
L 11/24/2024 - 21:54:54: [testprecache.amxx] precaching file
L 11/24/2024 - 21:54:54: [testprecache.amxx] /hl2/cscanner/scanner_blip1.wav
L 11/24/2024 - 21:54:54: [testprecache.amxx] precaching file
L 11/24/2024 - 21:54:54: [testprecache.amxx] /hl2/cscanner/scanner_blip1.wav
L 11/24/2024 - 21:54:55: [galileo.amxx] 
L 11/24/2024 - 21:54:55: [galileo.amxx] The server is jumping to the next map after the current map due more than 1 restarts on the map "d1_trainstation_02"
L 11/24/2024 - 21:54:55: [galileo.amxx] 
L 11/24/2024 - 21:54:57: -------- Mapchange to d1_town_01 --------
L 11/24/2024 - 21:54:57: [testprecache.amxx] precaching file
L 11/24/2024 - 21:54:57: [testprecache.amxx] items/smallmedkit1.wav
L 11/24/2024 - 21:54:57: [testprecache.amxx] precaching file
L 11/24/2024 - 21:54:57: [testprecache.amxx] player/pl_wade1.wav
L 11/24/2024 - 21:54:57: [testprecache.amxx] precaching file
L 11/24/2024 - 21:54:57: [testprecache.amxx] player/pl_wade2.wav
L 11/24/2024 - 21:54:57: [testprecache.amxx] precaching file
L 11/24/2024 - 21:54:57: [testprecache.amxx] hlcoop/shockroach/shock_idle3.wav
L 11/24/2024 - 21:54:57: [testprecache.amxx] precaching file
L 11/24/2024 - 21:54:57: [testprecache.amxx] hlcoop/shockroach/shock_idle2.wav
L 11/24/2024 - 21:54:57: [testprecache.amxx] precaching file
L 11/24/2024 - 21:54:57: [testprecache.amxx] /hl2/cscanner/scanner_scan_loop2.wav
L 11/24/2024 - 21:54:57: [testprecache.amxx] precaching file
L 11/24/2024 - 21:54:57: [testprecache.amxx] /hl2/cscanner/scanner_photo1.wav
L 11/24/2024 - 21:54:57: [testprecache.amxx] precaching file
L 11/24/2024 - 21:54:57: [testprecache.amxx] /hl2/cscanner/scanner_blip1.wav
L 11/24/2024 - 21:54:57: [testprecache.amxx] precaching file
L 11/24/2024 - 21:54:57: [testprecache.amxx] /hl2/cscanner/scanner_blip1.wav
L 11/24/2024 - 21:57:55: -------- Mapchange to sandbox --------
L 11/24/2024 - 21:57:55: [testprecache.amxx] precaching file
L 11/24/2024 - 21:57:55: [testprecache.amxx] items/smallmedkit1.wav
L 11/24/2024 - 21:57:55: [testprecache.amxx] precaching file
L 11/24/2024 - 21:57:55: [testprecache.amxx] player/pl_wade1.wav
L 11/24/2024 - 21:57:55: [testprecache.amxx] precaching file
L 11/24/2024 - 21:57:55: [testprecache.amxx] player/pl_wade2.wav
L 11/24/2024 - 21:57:55: [testprecache.amxx] precaching file
L 11/24/2024 - 21:57:55: [testprecache.amxx] hlcoop/shockroach/shock_idle3.wav
L 11/24/2024 - 21:57:55: [testprecache.amxx] precaching file
L 11/24/2024 - 21:57:55: [testprecache.amxx] hlcoop/shockroach/shock_idle2.wav
L 11/24/2024 - 21:57:55: [testprecache.amxx] precaching file
L 11/24/2024 - 21:57:55: [testprecache.amxx] /hl2/cscanner/scanner_scan_loop2.wav
L 11/24/2024 - 21:57:55: [testprecache.amxx] precaching file
L 11/24/2024 - 21:57:55: [testprecache.amxx] /hl2/cscanner/scanner_photo1.wav
L 11/24/2024 - 21:57:55: [testprecache.amxx] precaching file
L 11/24/2024 - 21:57:55: [testprecache.amxx] /hl2/cscanner/scanner_blip1.wav
L 11/24/2024 - 21:57:55: [testprecache.amxx] precaching file
L 11/24/2024 - 21:57:55: [testprecache.amxx] /hl2/cscanner/scanner_blip1.wav
L 11/24/2024 - 21:57:57: -------- Mapchange to d1_town_01 --------
L 11/24/2024 - 21:57:57: [testprecache.amxx] precaching file
L 11/24/2024 - 21:57:57: [testprecache.amxx] items/smallmedkit1.wav
L 11/24/2024 - 21:57:57: [testprecache.amxx] precaching file
L 11/24/2024 - 21:57:57: [testprecache.amxx] player/pl_wade1.wav
L 11/24/2024 - 21:57:57: [testprecache.amxx] precaching file
L 11/24/2024 - 21:57:57: [testprecache.amxx] player/pl_wade2.wav
L 11/24/2024 - 21:57:57: [testprecache.amxx] precaching file
L 11/24/2024 - 21:57:57: [testprecache.amxx] hlcoop/shockroach/shock_idle3.wav
L 11/24/2024 - 21:57:57: [testprecache.amxx] precaching file
L 11/24/2024 - 21:57:57: [testprecache.amxx] hlcoop/shockroach/shock_idle2.wav
L 11/24/2024 - 21:57:57: [testprecache.amxx] precaching file
L 11/24/2024 - 21:57:57: [testprecache.amxx] /hl2/cscanner/scanner_scan_loop2.wav
L 11/24/2024 - 21:57:57: [testprecache.amxx] precaching file
L 11/24/2024 - 21:57:57: [testprecache.amxx] /hl2/cscanner/scanner_photo1.wav
L 11/24/2024 - 21:57:57: [testprecache.amxx] precaching file
L 11/24/2024 - 21:57:57: [testprecache.amxx] /hl2/cscanner/scanner_blip1.wav
L 11/24/2024 - 21:57:57: [testprecache.amxx] precaching file
L 11/24/2024 - 21:57:57: [testprecache.amxx] /hl2/cscanner/scanner_blip1.wav
