L 12/08/2024 - 18:36:36: -------- Mapchange to sandbox --------
L 12/08/2024 - 18:36:36: [testprecache.amxx] precaching file
L 12/08/2024 - 18:36:36: [testprecache.amxx] items/smallmedkit1.wav
L 12/08/2024 - 18:36:36: [testprecache.amxx] precaching file
L 12/08/2024 - 18:36:36: [testprecache.amxx] player/pl_wade1.wav
L 12/08/2024 - 18:36:36: [testprecache.amxx] precaching file
L 12/08/2024 - 18:36:36: [testprecache.amxx] player/pl_wade2.wav
L 12/08/2024 - 18:36:36: [testprecache.amxx] precaching file
L 12/08/2024 - 18:36:36: [testprecache.amxx] hlcoop/shockroach/shock_idle3.wav
L 12/08/2024 - 18:36:36: [testprecache.amxx] precaching file
L 12/08/2024 - 18:36:36: [testprecache.amxx] hlcoop/shockroach/shock_idle2.wav
L 12/08/2024 - 18:36:36: [testprecache.amxx] precaching file
L 12/08/2024 - 18:36:36: [testprecache.amxx] /hl2/cscanner/scanner_scan_loop2.wav
L 12/08/2024 - 18:36:36: [testprecache.amxx] precaching file
L 12/08/2024 - 18:36:36: [testprecache.amxx] /hl2/cscanner/scanner_photo1.wav
L 12/08/2024 - 18:36:36: [testprecache.amxx] precaching file
L 12/08/2024 - 18:36:36: [testprecache.amxx] /hl2/cscanner/scanner_blip1.wav
L 12/08/2024 - 18:36:36: [testprecache.amxx] precaching file
L 12/08/2024 - 18:36:36: [testprecache.amxx] /hl2/cscanner/scanner_blip1.wav
L 12/08/2024 - 18:36:39: -------- Mapchange to coolrig --------
L 12/08/2024 - 18:36:39: [testprecache.amxx] precaching file
L 12/08/2024 - 18:36:39: [testprecache.amxx] items/smallmedkit1.wav
L 12/08/2024 - 18:36:39: [testprecache.amxx] precaching file
L 12/08/2024 - 18:36:39: [testprecache.amxx] player/pl_wade1.wav
L 12/08/2024 - 18:36:39: [testprecache.amxx] precaching file
L 12/08/2024 - 18:36:39: [testprecache.amxx] player/pl_wade2.wav
L 12/08/2024 - 18:36:39: [testprecache.amxx] precaching file
L 12/08/2024 - 18:36:39: [testprecache.amxx] hlcoop/shockroach/shock_idle3.wav
L 12/08/2024 - 18:36:39: [testprecache.amxx] precaching file
L 12/08/2024 - 18:36:39: [testprecache.amxx] hlcoop/shockroach/shock_idle2.wav
L 12/08/2024 - 18:36:39: [testprecache.amxx] precaching file
L 12/08/2024 - 18:36:39: [testprecache.amxx] /hl2/cscanner/scanner_scan_loop2.wav
L 12/08/2024 - 18:36:39: [testprecache.amxx] precaching file
L 12/08/2024 - 18:36:39: [testprecache.amxx] /hl2/cscanner/scanner_photo1.wav
L 12/08/2024 - 18:36:39: [testprecache.amxx] precaching file
L 12/08/2024 - 18:36:39: [testprecache.amxx] /hl2/cscanner/scanner_blip1.wav
L 12/08/2024 - 18:36:39: [testprecache.amxx] precaching file
L 12/08/2024 - 18:36:39: [testprecache.amxx] /hl2/cscanner/scanner_blip1.wav
L 12/08/2024 - 18:54:31: -------- Mapchange to sandbox --------
L 12/08/2024 - 18:54:31: [testprecache.amxx] precaching file
L 12/08/2024 - 18:54:31: [testprecache.amxx] items/smallmedkit1.wav
L 12/08/2024 - 18:54:31: [testprecache.amxx] precaching file
L 12/08/2024 - 18:54:31: [testprecache.amxx] player/pl_wade1.wav
L 12/08/2024 - 18:54:31: [testprecache.amxx] precaching file
L 12/08/2024 - 18:54:31: [testprecache.amxx] player/pl_wade2.wav
L 12/08/2024 - 18:54:31: [testprecache.amxx] precaching file
L 12/08/2024 - 18:54:31: [testprecache.amxx] hlcoop/shockroach/shock_idle3.wav
L 12/08/2024 - 18:54:31: [testprecache.amxx] precaching file
L 12/08/2024 - 18:54:31: [testprecache.amxx] hlcoop/shockroach/shock_idle2.wav
L 12/08/2024 - 18:54:31: [testprecache.amxx] precaching file
L 12/08/2024 - 18:54:31: [testprecache.amxx] /hl2/cscanner/scanner_scan_loop2.wav
L 12/08/2024 - 18:54:31: [testprecache.amxx] precaching file
L 12/08/2024 - 18:54:31: [testprecache.amxx] /hl2/cscanner/scanner_photo1.wav
L 12/08/2024 - 18:54:31: [testprecache.amxx] precaching file
L 12/08/2024 - 18:54:31: [testprecache.amxx] /hl2/cscanner/scanner_blip1.wav
L 12/08/2024 - 18:54:31: [testprecache.amxx] precaching file
L 12/08/2024 - 18:54:31: [testprecache.amxx] /hl2/cscanner/scanner_blip1.wav
L 12/08/2024 - 18:54:32: [galileo.amxx] 
L 12/08/2024 - 18:54:32: [galileo.amxx] The server is jumping to the next map after the current map due more than 1 restarts on the map "coolrig"
L 12/08/2024 - 18:54:32: [galileo.amxx] 
L 12/08/2024 - 18:54:34: -------- Mapchange to d1_town_01 --------
L 12/08/2024 - 18:54:34: [testprecache.amxx] precaching file
L 12/08/2024 - 18:54:34: [testprecache.amxx] items/smallmedkit1.wav
L 12/08/2024 - 18:54:34: [testprecache.amxx] precaching file
L 12/08/2024 - 18:54:34: [testprecache.amxx] player/pl_wade1.wav
L 12/08/2024 - 18:54:34: [testprecache.amxx] precaching file
L 12/08/2024 - 18:54:34: [testprecache.amxx] player/pl_wade2.wav
L 12/08/2024 - 18:54:34: [testprecache.amxx] precaching file
L 12/08/2024 - 18:54:34: [testprecache.amxx] hlcoop/shockroach/shock_idle3.wav
L 12/08/2024 - 18:54:34: [testprecache.amxx] precaching file
L 12/08/2024 - 18:54:34: [testprecache.amxx] hlcoop/shockroach/shock_idle2.wav
L 12/08/2024 - 18:54:34: [testprecache.amxx] precaching file
L 12/08/2024 - 18:54:34: [testprecache.amxx] /hl2/cscanner/scanner_scan_loop2.wav
L 12/08/2024 - 18:54:34: [testprecache.amxx] precaching file
L 12/08/2024 - 18:54:34: [testprecache.amxx] /hl2/cscanner/scanner_photo1.wav
L 12/08/2024 - 18:54:34: [testprecache.amxx] precaching file
L 12/08/2024 - 18:54:34: [testprecache.amxx] /hl2/cscanner/scanner_blip1.wav
L 12/08/2024 - 18:54:34: [testprecache.amxx] precaching file
L 12/08/2024 - 18:54:34: [testprecache.amxx] /hl2/cscanner/scanner_blip1.wav
L 12/08/2024 - 18:58:44: -------- Mapchange to coolrig --------
L 12/08/2024 - 18:58:44: [testprecache.amxx] precaching file
L 12/08/2024 - 18:58:44: [testprecache.amxx] items/smallmedkit1.wav
L 12/08/2024 - 18:58:44: [testprecache.amxx] precaching file
L 12/08/2024 - 18:58:44: [testprecache.amxx] player/pl_wade1.wav
L 12/08/2024 - 18:58:44: [testprecache.amxx] precaching file
L 12/08/2024 - 18:58:44: [testprecache.amxx] player/pl_wade2.wav
L 12/08/2024 - 18:58:44: [testprecache.amxx] precaching file
L 12/08/2024 - 18:58:44: [testprecache.amxx] hlcoop/shockroach/shock_idle3.wav
L 12/08/2024 - 18:58:44: [testprecache.amxx] precaching file
L 12/08/2024 - 18:58:44: [testprecache.amxx] hlcoop/shockroach/shock_idle2.wav
L 12/08/2024 - 18:58:44: [testprecache.amxx] precaching file
L 12/08/2024 - 18:58:44: [testprecache.amxx] /hl2/cscanner/scanner_scan_loop2.wav
L 12/08/2024 - 18:58:44: [testprecache.amxx] precaching file
L 12/08/2024 - 18:58:44: [testprecache.amxx] /hl2/cscanner/scanner_photo1.wav
L 12/08/2024 - 18:58:44: [testprecache.amxx] precaching file
L 12/08/2024 - 18:58:44: [testprecache.amxx] /hl2/cscanner/scanner_blip1.wav
L 12/08/2024 - 18:58:44: [testprecache.amxx] precaching file
L 12/08/2024 - 18:58:44: [testprecache.amxx] /hl2/cscanner/scanner_blip1.wav
L 12/08/2024 - 19:13:52: -------- Mapchange to sandbox --------
L 12/08/2024 - 19:13:52: [testprecache.amxx] precaching file
L 12/08/2024 - 19:13:52: [testprecache.amxx] items/smallmedkit1.wav
L 12/08/2024 - 19:13:52: [testprecache.amxx] precaching file
L 12/08/2024 - 19:13:52: [testprecache.amxx] player/pl_wade1.wav
L 12/08/2024 - 19:13:52: [testprecache.amxx] precaching file
L 12/08/2024 - 19:13:52: [testprecache.amxx] player/pl_wade2.wav
L 12/08/2024 - 19:13:52: [testprecache.amxx] precaching file
L 12/08/2024 - 19:13:52: [testprecache.amxx] hlcoop/shockroach/shock_idle3.wav
L 12/08/2024 - 19:13:52: [testprecache.amxx] precaching file
L 12/08/2024 - 19:13:52: [testprecache.amxx] hlcoop/shockroach/shock_idle2.wav
L 12/08/2024 - 19:13:52: [testprecache.amxx] precaching file
L 12/08/2024 - 19:13:52: [testprecache.amxx] /hl2/cscanner/scanner_scan_loop2.wav
L 12/08/2024 - 19:13:52: [testprecache.amxx] precaching file
L 12/08/2024 - 19:13:52: [testprecache.amxx] /hl2/cscanner/scanner_photo1.wav
L 12/08/2024 - 19:13:52: [testprecache.amxx] precaching file
L 12/08/2024 - 19:13:52: [testprecache.amxx] /hl2/cscanner/scanner_blip1.wav
L 12/08/2024 - 19:13:52: [testprecache.amxx] precaching file
L 12/08/2024 - 19:13:52: [testprecache.amxx] /hl2/cscanner/scanner_blip1.wav
L 12/08/2024 - 19:13:54: -------- Mapchange to coolrig --------
L 12/08/2024 - 19:13:54: [testprecache.amxx] precaching file
L 12/08/2024 - 19:13:54: [testprecache.amxx] items/smallmedkit1.wav
L 12/08/2024 - 19:13:54: [testprecache.amxx] precaching file
L 12/08/2024 - 19:13:54: [testprecache.amxx] player/pl_wade1.wav
L 12/08/2024 - 19:13:54: [testprecache.amxx] precaching file
L 12/08/2024 - 19:13:54: [testprecache.amxx] player/pl_wade2.wav
L 12/08/2024 - 19:13:54: [testprecache.amxx] precaching file
L 12/08/2024 - 19:13:54: [testprecache.amxx] hlcoop/shockroach/shock_idle3.wav
L 12/08/2024 - 19:13:54: [testprecache.amxx] precaching file
L 12/08/2024 - 19:13:54: [testprecache.amxx] hlcoop/shockroach/shock_idle2.wav
L 12/08/2024 - 19:13:54: [testprecache.amxx] precaching file
L 12/08/2024 - 19:13:54: [testprecache.amxx] /hl2/cscanner/scanner_scan_loop2.wav
L 12/08/2024 - 19:13:54: [testprecache.amxx] precaching file
L 12/08/2024 - 19:13:54: [testprecache.amxx] /hl2/cscanner/scanner_photo1.wav
L 12/08/2024 - 19:13:54: [testprecache.amxx] precaching file
L 12/08/2024 - 19:13:54: [testprecache.amxx] /hl2/cscanner/scanner_blip1.wav
L 12/08/2024 - 19:13:54: [testprecache.amxx] precaching file
L 12/08/2024 - 19:13:54: [testprecache.amxx] /hl2/cscanner/scanner_blip1.wav
L 12/08/2024 - 22:38:27: -------- Mapchange to sandbox --------
L 12/08/2024 - 22:38:27: [testprecache.amxx] precaching file
L 12/08/2024 - 22:38:27: [testprecache.amxx] items/smallmedkit1.wav
L 12/08/2024 - 22:38:27: [testprecache.amxx] precaching file
L 12/08/2024 - 22:38:27: [testprecache.amxx] player/pl_wade1.wav
L 12/08/2024 - 22:38:27: [testprecache.amxx] precaching file
L 12/08/2024 - 22:38:27: [testprecache.amxx] player/pl_wade2.wav
L 12/08/2024 - 22:38:27: [testprecache.amxx] precaching file
L 12/08/2024 - 22:38:27: [testprecache.amxx] hlcoop/shockroach/shock_idle3.wav
L 12/08/2024 - 22:38:27: [testprecache.amxx] precaching file
L 12/08/2024 - 22:38:27: [testprecache.amxx] hlcoop/shockroach/shock_idle2.wav
L 12/08/2024 - 22:38:27: [testprecache.amxx] precaching file
L 12/08/2024 - 22:38:27: [testprecache.amxx] /hl2/cscanner/scanner_scan_loop2.wav
L 12/08/2024 - 22:38:27: [testprecache.amxx] precaching file
L 12/08/2024 - 22:38:27: [testprecache.amxx] /hl2/cscanner/scanner_photo1.wav
L 12/08/2024 - 22:38:27: [testprecache.amxx] precaching file
L 12/08/2024 - 22:38:27: [testprecache.amxx] /hl2/cscanner/scanner_blip1.wav
L 12/08/2024 - 22:38:27: [testprecache.amxx] precaching file
L 12/08/2024 - 22:38:27: [testprecache.amxx] /hl2/cscanner/scanner_blip1.wav
L 12/08/2024 - 22:38:30: -------- Mapchange to coolrig --------
L 12/08/2024 - 22:38:30: [testprecache.amxx] precaching file
L 12/08/2024 - 22:38:30: [testprecache.amxx] items/smallmedkit1.wav
L 12/08/2024 - 22:38:30: [testprecache.amxx] precaching file
L 12/08/2024 - 22:38:30: [testprecache.amxx] player/pl_wade1.wav
L 12/08/2024 - 22:38:30: [testprecache.amxx] precaching file
L 12/08/2024 - 22:38:30: [testprecache.amxx] player/pl_wade2.wav
L 12/08/2024 - 22:38:30: [testprecache.amxx] precaching file
L 12/08/2024 - 22:38:30: [testprecache.amxx] hlcoop/shockroach/shock_idle3.wav
L 12/08/2024 - 22:38:30: [testprecache.amxx] precaching file
L 12/08/2024 - 22:38:30: [testprecache.amxx] hlcoop/shockroach/shock_idle2.wav
L 12/08/2024 - 22:38:30: [testprecache.amxx] precaching file
L 12/08/2024 - 22:38:30: [testprecache.amxx] /hl2/cscanner/scanner_scan_loop2.wav
L 12/08/2024 - 22:38:30: [testprecache.amxx] precaching file
L 12/08/2024 - 22:38:30: [testprecache.amxx] /hl2/cscanner/scanner_photo1.wav
L 12/08/2024 - 22:38:30: [testprecache.amxx] precaching file
L 12/08/2024 - 22:38:30: [testprecache.amxx] /hl2/cscanner/scanner_blip1.wav
L 12/08/2024 - 22:38:30: [testprecache.amxx] precaching file
L 12/08/2024 - 22:38:30: [testprecache.amxx] /hl2/cscanner/scanner_blip1.wav
L 12/08/2024 - 22:45:20: -------- Mapchange to coolrig --------
L 12/08/2024 - 22:45:20: [testprecache.amxx] precaching file
L 12/08/2024 - 22:45:20: [testprecache.amxx] items/smallmedkit1.wav
L 12/08/2024 - 22:45:20: [testprecache.amxx] precaching file
L 12/08/2024 - 22:45:20: [testprecache.amxx] player/pl_wade1.wav
L 12/08/2024 - 22:45:20: [testprecache.amxx] precaching file
L 12/08/2024 - 22:45:20: [testprecache.amxx] player/pl_wade2.wav
L 12/08/2024 - 22:45:20: [testprecache.amxx] precaching file
L 12/08/2024 - 22:45:20: [testprecache.amxx] hlcoop/shockroach/shock_idle3.wav
L 12/08/2024 - 22:45:20: [testprecache.amxx] precaching file
L 12/08/2024 - 22:45:20: [testprecache.amxx] hlcoop/shockroach/shock_idle2.wav
L 12/08/2024 - 22:45:20: [testprecache.amxx] precaching file
L 12/08/2024 - 22:45:20: [testprecache.amxx] /hl2/cscanner/scanner_scan_loop2.wav
L 12/08/2024 - 22:45:20: [testprecache.amxx] precaching file
L 12/08/2024 - 22:45:20: [testprecache.amxx] /hl2/cscanner/scanner_photo1.wav
L 12/08/2024 - 22:45:20: [testprecache.amxx] precaching file
L 12/08/2024 - 22:45:20: [testprecache.amxx] /hl2/cscanner/scanner_blip1.wav
L 12/08/2024 - 22:45:20: [testprecache.amxx] precaching file
L 12/08/2024 - 22:45:20: [testprecache.amxx] /hl2/cscanner/scanner_blip1.wav
