L 12/12/2024 - 00:40:32: -------- Mapchange to sandbox --------
L 12/12/2024 - 00:40:32: [testprecache.amxx] precaching file
L 12/12/2024 - 00:40:32: [testprecache.amxx] items/smallmedkit1.wav
L 12/12/2024 - 00:40:32: [testprecache.amxx] precaching file
L 12/12/2024 - 00:40:32: [testprecache.amxx] player/pl_wade1.wav
L 12/12/2024 - 00:40:32: [testprecache.amxx] precaching file
L 12/12/2024 - 00:40:32: [testprecache.amxx] player/pl_wade2.wav
L 12/12/2024 - 00:40:32: [testprecache.amxx] precaching file
L 12/12/2024 - 00:40:32: [testprecache.amxx] hlcoop/shockroach/shock_idle3.wav
L 12/12/2024 - 00:40:32: [testprecache.amxx] precaching file
L 12/12/2024 - 00:40:32: [testprecache.amxx] hlcoop/shockroach/shock_idle2.wav
L 12/12/2024 - 00:40:32: [testprecache.amxx] precaching file
L 12/12/2024 - 00:40:32: [testprecache.amxx] /hl2/cscanner/scanner_scan_loop2.wav
L 12/12/2024 - 00:40:32: [testprecache.amxx] precaching file
L 12/12/2024 - 00:40:32: [testprecache.amxx] /hl2/cscanner/scanner_photo1.wav
L 12/12/2024 - 00:40:32: [testprecache.amxx] precaching file
L 12/12/2024 - 00:40:32: [testprecache.amxx] /hl2/cscanner/scanner_blip1.wav
L 12/12/2024 - 00:40:32: [testprecache.amxx] precaching file
L 12/12/2024 - 00:40:32: [testprecache.amxx] /hl2/cscanner/scanner_blip1.wav
L 12/12/2024 - 07:22:01: -------- Mapchange to sandbox --------
L 12/12/2024 - 07:22:01: [testprecache.amxx] precaching file
L 12/12/2024 - 07:22:01: [testprecache.amxx] items/smallmedkit1.wav
L 12/12/2024 - 07:22:01: [testprecache.amxx] precaching file
L 12/12/2024 - 07:22:01: [testprecache.amxx] player/pl_wade1.wav
L 12/12/2024 - 07:22:01: [testprecache.amxx] precaching file
L 12/12/2024 - 07:22:01: [testprecache.amxx] player/pl_wade2.wav
L 12/12/2024 - 07:22:01: [testprecache.amxx] precaching file
L 12/12/2024 - 07:22:01: [testprecache.amxx] hlcoop/shockroach/shock_idle3.wav
L 12/12/2024 - 07:22:01: [testprecache.amxx] precaching file
L 12/12/2024 - 07:22:01: [testprecache.amxx] hlcoop/shockroach/shock_idle2.wav
L 12/12/2024 - 07:22:01: [testprecache.amxx] precaching file
L 12/12/2024 - 07:22:01: [testprecache.amxx] /hl2/cscanner/scanner_scan_loop2.wav
L 12/12/2024 - 07:22:01: [testprecache.amxx] precaching file
L 12/12/2024 - 07:22:01: [testprecache.amxx] /hl2/cscanner/scanner_photo1.wav
L 12/12/2024 - 07:22:01: [testprecache.amxx] precaching file
L 12/12/2024 - 07:22:01: [testprecache.amxx] /hl2/cscanner/scanner_blip1.wav
L 12/12/2024 - 07:22:01: [testprecache.amxx] precaching file
L 12/12/2024 - 07:22:01: [testprecache.amxx] /hl2/cscanner/scanner_blip1.wav
L 12/12/2024 - 19:40:58: -------- Mapchange to sandbox --------
L 12/12/2024 - 19:40:58: [testprecache.amxx] precaching file
L 12/12/2024 - 19:40:58: [testprecache.amxx] items/smallmedkit1.wav
L 12/12/2024 - 19:40:58: [testprecache.amxx] precaching file
L 12/12/2024 - 19:40:58: [testprecache.amxx] player/pl_wade1.wav
L 12/12/2024 - 19:40:58: [testprecache.amxx] precaching file
L 12/12/2024 - 19:40:58: [testprecache.amxx] player/pl_wade2.wav
L 12/12/2024 - 19:40:58: [testprecache.amxx] precaching file
L 12/12/2024 - 19:40:58: [testprecache.amxx] hlcoop/shockroach/shock_idle3.wav
L 12/12/2024 - 19:40:58: [testprecache.amxx] precaching file
L 12/12/2024 - 19:40:58: [testprecache.amxx] hlcoop/shockroach/shock_idle2.wav
L 12/12/2024 - 19:40:58: [testprecache.amxx] precaching file
L 12/12/2024 - 19:40:58: [testprecache.amxx] /hl2/cscanner/scanner_scan_loop2.wav
L 12/12/2024 - 19:40:58: [testprecache.amxx] precaching file
L 12/12/2024 - 19:40:58: [testprecache.amxx] /hl2/cscanner/scanner_photo1.wav
L 12/12/2024 - 19:40:58: [testprecache.amxx] precaching file
L 12/12/2024 - 19:40:58: [testprecache.amxx] /hl2/cscanner/scanner_blip1.wav
L 12/12/2024 - 19:40:58: [testprecache.amxx] precaching file
L 12/12/2024 - 19:40:58: [testprecache.amxx] /hl2/cscanner/scanner_blip1.wav
L 12/12/2024 - 19:40:58: [galileo.amxx] 
L 12/12/2024 - 19:40:58: [galileo.amxx] The server is jumping to the next map after the current map due more than 1 restarts on the map "sandbox"
L 12/12/2024 - 19:40:58: [galileo.amxx] 
L 12/12/2024 - 19:41:00: -------- Mapchange to e1m1 --------
L 12/12/2024 - 19:41:00: [testprecache.amxx] precaching file
L 12/12/2024 - 19:41:00: [testprecache.amxx] items/smallmedkit1.wav
L 12/12/2024 - 19:41:00: [testprecache.amxx] precaching file
L 12/12/2024 - 19:41:00: [testprecache.amxx] player/pl_wade1.wav
L 12/12/2024 - 19:41:00: [testprecache.amxx] precaching file
L 12/12/2024 - 19:41:00: [testprecache.amxx] player/pl_wade2.wav
L 12/12/2024 - 19:41:00: [testprecache.amxx] precaching file
L 12/12/2024 - 19:41:00: [testprecache.amxx] hlcoop/shockroach/shock_idle3.wav
L 12/12/2024 - 19:41:00: [testprecache.amxx] precaching file
L 12/12/2024 - 19:41:00: [testprecache.amxx] hlcoop/shockroach/shock_idle2.wav
L 12/12/2024 - 19:41:00: [testprecache.amxx] precaching file
L 12/12/2024 - 19:41:00: [testprecache.amxx] /hl2/cscanner/scanner_scan_loop2.wav
L 12/12/2024 - 19:41:00: [testprecache.amxx] precaching file
L 12/12/2024 - 19:41:00: [testprecache.amxx] /hl2/cscanner/scanner_photo1.wav
L 12/12/2024 - 19:41:00: [testprecache.amxx] precaching file
L 12/12/2024 - 19:41:00: [testprecache.amxx] /hl2/cscanner/scanner_blip1.wav
L 12/12/2024 - 19:41:00: [testprecache.amxx] precaching file
L 12/12/2024 - 19:41:00: [testprecache.amxx] /hl2/cscanner/scanner_blip1.wav
L 12/12/2024 - 21:16:49: -------- Mapchange to sandbox --------
L 12/12/2024 - 21:16:49: [testprecache.amxx] precaching file
L 12/12/2024 - 21:16:49: [testprecache.amxx] items/smallmedkit1.wav
L 12/12/2024 - 21:16:49: [testprecache.amxx] precaching file
L 12/12/2024 - 21:16:49: [testprecache.amxx] player/pl_wade1.wav
L 12/12/2024 - 21:16:49: [testprecache.amxx] precaching file
L 12/12/2024 - 21:16:49: [testprecache.amxx] player/pl_wade2.wav
L 12/12/2024 - 21:16:49: [testprecache.amxx] precaching file
L 12/12/2024 - 21:16:49: [testprecache.amxx] hlcoop/shockroach/shock_idle3.wav
L 12/12/2024 - 21:16:49: [testprecache.amxx] precaching file
L 12/12/2024 - 21:16:49: [testprecache.amxx] hlcoop/shockroach/shock_idle2.wav
L 12/12/2024 - 21:16:49: [testprecache.amxx] precaching file
L 12/12/2024 - 21:16:49: [testprecache.amxx] /hl2/cscanner/scanner_scan_loop2.wav
L 12/12/2024 - 21:16:49: [testprecache.amxx] precaching file
L 12/12/2024 - 21:16:49: [testprecache.amxx] /hl2/cscanner/scanner_photo1.wav
L 12/12/2024 - 21:16:49: [testprecache.amxx] precaching file
L 12/12/2024 - 21:16:49: [testprecache.amxx] /hl2/cscanner/scanner_blip1.wav
L 12/12/2024 - 21:16:49: [testprecache.amxx] precaching file
L 12/12/2024 - 21:16:49: [testprecache.amxx] /hl2/cscanner/scanner_blip1.wav
L 12/12/2024 - 21:58:09: -------- Mapchange to sandbox --------
L 12/12/2024 - 21:58:09: [testprecache.amxx] precaching file
L 12/12/2024 - 21:58:09: [testprecache.amxx] items/smallmedkit1.wav
L 12/12/2024 - 21:58:09: [testprecache.amxx] precaching file
L 12/12/2024 - 21:58:09: [testprecache.amxx] player/pl_wade1.wav
L 12/12/2024 - 21:58:09: [testprecache.amxx] precaching file
L 12/12/2024 - 21:58:09: [testprecache.amxx] player/pl_wade2.wav
L 12/12/2024 - 21:58:09: [testprecache.amxx] precaching file
L 12/12/2024 - 21:58:09: [testprecache.amxx] hlcoop/shockroach/shock_idle3.wav
L 12/12/2024 - 21:58:09: [testprecache.amxx] precaching file
L 12/12/2024 - 21:58:09: [testprecache.amxx] hlcoop/shockroach/shock_idle2.wav
L 12/12/2024 - 21:58:09: [testprecache.amxx] precaching file
L 12/12/2024 - 21:58:09: [testprecache.amxx] /hl2/cscanner/scanner_scan_loop2.wav
L 12/12/2024 - 21:58:09: [testprecache.amxx] precaching file
L 12/12/2024 - 21:58:09: [testprecache.amxx] /hl2/cscanner/scanner_photo1.wav
L 12/12/2024 - 21:58:09: [testprecache.amxx] precaching file
L 12/12/2024 - 21:58:09: [testprecache.amxx] /hl2/cscanner/scanner_blip1.wav
L 12/12/2024 - 21:58:09: [testprecache.amxx] precaching file
L 12/12/2024 - 21:58:09: [testprecache.amxx] /hl2/cscanner/scanner_blip1.wav
L 12/12/2024 - 22:00:07: -------- Mapchange to sandbox --------
L 12/12/2024 - 22:00:07: [testprecache.amxx] precaching file
L 12/12/2024 - 22:00:07: [testprecache.amxx] items/smallmedkit1.wav
L 12/12/2024 - 22:00:07: [testprecache.amxx] precaching file
L 12/12/2024 - 22:00:07: [testprecache.amxx] player/pl_wade1.wav
L 12/12/2024 - 22:00:07: [testprecache.amxx] precaching file
L 12/12/2024 - 22:00:07: [testprecache.amxx] player/pl_wade2.wav
L 12/12/2024 - 22:00:07: [testprecache.amxx] precaching file
L 12/12/2024 - 22:00:07: [testprecache.amxx] hlcoop/shockroach/shock_idle3.wav
L 12/12/2024 - 22:00:07: [testprecache.amxx] precaching file
L 12/12/2024 - 22:00:07: [testprecache.amxx] hlcoop/shockroach/shock_idle2.wav
L 12/12/2024 - 22:00:07: [testprecache.amxx] precaching file
L 12/12/2024 - 22:00:07: [testprecache.amxx] /hl2/cscanner/scanner_scan_loop2.wav
L 12/12/2024 - 22:00:07: [testprecache.amxx] precaching file
L 12/12/2024 - 22:00:07: [testprecache.amxx] /hl2/cscanner/scanner_photo1.wav
L 12/12/2024 - 22:00:07: [testprecache.amxx] precaching file
L 12/12/2024 - 22:00:07: [testprecache.amxx] /hl2/cscanner/scanner_blip1.wav
L 12/12/2024 - 22:00:07: [testprecache.amxx] precaching file
L 12/12/2024 - 22:00:07: [testprecache.amxx] /hl2/cscanner/scanner_blip1.wav
L 12/12/2024 - 22:01:34: -------- Mapchange to sandbox --------
L 12/12/2024 - 22:01:34: [testprecache.amxx] precaching file
L 12/12/2024 - 22:01:34: [testprecache.amxx] items/smallmedkit1.wav
L 12/12/2024 - 22:01:34: [testprecache.amxx] precaching file
L 12/12/2024 - 22:01:34: [testprecache.amxx] player/pl_wade1.wav
L 12/12/2024 - 22:01:34: [testprecache.amxx] precaching file
L 12/12/2024 - 22:01:34: [testprecache.amxx] player/pl_wade2.wav
L 12/12/2024 - 22:01:34: [testprecache.amxx] precaching file
L 12/12/2024 - 22:01:34: [testprecache.amxx] hlcoop/shockroach/shock_idle3.wav
L 12/12/2024 - 22:01:34: [testprecache.amxx] precaching file
L 12/12/2024 - 22:01:34: [testprecache.amxx] hlcoop/shockroach/shock_idle2.wav
L 12/12/2024 - 22:01:34: [testprecache.amxx] precaching file
L 12/12/2024 - 22:01:34: [testprecache.amxx] /hl2/cscanner/scanner_scan_loop2.wav
L 12/12/2024 - 22:01:34: [testprecache.amxx] precaching file
L 12/12/2024 - 22:01:34: [testprecache.amxx] /hl2/cscanner/scanner_photo1.wav
L 12/12/2024 - 22:01:34: [testprecache.amxx] precaching file
L 12/12/2024 - 22:01:34: [testprecache.amxx] /hl2/cscanner/scanner_blip1.wav
L 12/12/2024 - 22:01:34: [testprecache.amxx] precaching file
L 12/12/2024 - 22:01:34: [testprecache.amxx] /hl2/cscanner/scanner_blip1.wav
L 12/12/2024 - 22:01:34: [galileo.amxx] 
L 12/12/2024 - 22:01:34: [galileo.amxx] The server is jumping to the next map after the current map due more than 1 restarts on the map "sandbox"
L 12/12/2024 - 22:01:34: [galileo.amxx] 
L 12/12/2024 - 22:01:36: -------- Mapchange to d1_town_01 --------
L 12/12/2024 - 22:01:36: [testprecache.amxx] precaching file
L 12/12/2024 - 22:01:36: [testprecache.amxx] items/smallmedkit1.wav
L 12/12/2024 - 22:01:36: [testprecache.amxx] precaching file
L 12/12/2024 - 22:01:36: [testprecache.amxx] player/pl_wade1.wav
L 12/12/2024 - 22:01:36: [testprecache.amxx] precaching file
L 12/12/2024 - 22:01:36: [testprecache.amxx] player/pl_wade2.wav
L 12/12/2024 - 22:01:36: [testprecache.amxx] precaching file
L 12/12/2024 - 22:01:36: [testprecache.amxx] hlcoop/shockroach/shock_idle3.wav
L 12/12/2024 - 22:01:36: [testprecache.amxx] precaching file
L 12/12/2024 - 22:01:36: [testprecache.amxx] hlcoop/shockroach/shock_idle2.wav
L 12/12/2024 - 22:01:36: [testprecache.amxx] precaching file
L 12/12/2024 - 22:01:36: [testprecache.amxx] /hl2/cscanner/scanner_scan_loop2.wav
L 12/12/2024 - 22:01:36: [testprecache.amxx] precaching file
L 12/12/2024 - 22:01:36: [testprecache.amxx] /hl2/cscanner/scanner_photo1.wav
L 12/12/2024 - 22:01:36: [testprecache.amxx] precaching file
L 12/12/2024 - 22:01:36: [testprecache.amxx] /hl2/cscanner/scanner_blip1.wav
L 12/12/2024 - 22:01:36: [testprecache.amxx] precaching file
L 12/12/2024 - 22:01:36: [testprecache.amxx] /hl2/cscanner/scanner_blip1.wav
L 12/12/2024 - 22:02:14: -------- Mapchange to sandbox --------
L 12/12/2024 - 22:02:14: [testprecache.amxx] precaching file
L 12/12/2024 - 22:02:14: [testprecache.amxx] items/smallmedkit1.wav
L 12/12/2024 - 22:02:14: [testprecache.amxx] precaching file
L 12/12/2024 - 22:02:14: [testprecache.amxx] player/pl_wade1.wav
L 12/12/2024 - 22:02:14: [testprecache.amxx] precaching file
L 12/12/2024 - 22:02:14: [testprecache.amxx] player/pl_wade2.wav
L 12/12/2024 - 22:02:14: [testprecache.amxx] precaching file
L 12/12/2024 - 22:02:14: [testprecache.amxx] hlcoop/shockroach/shock_idle3.wav
L 12/12/2024 - 22:02:14: [testprecache.amxx] precaching file
L 12/12/2024 - 22:02:14: [testprecache.amxx] hlcoop/shockroach/shock_idle2.wav
L 12/12/2024 - 22:02:14: [testprecache.amxx] precaching file
L 12/12/2024 - 22:02:14: [testprecache.amxx] /hl2/cscanner/scanner_scan_loop2.wav
L 12/12/2024 - 22:02:14: [testprecache.amxx] precaching file
L 12/12/2024 - 22:02:14: [testprecache.amxx] /hl2/cscanner/scanner_photo1.wav
L 12/12/2024 - 22:02:14: [testprecache.amxx] precaching file
L 12/12/2024 - 22:02:14: [testprecache.amxx] /hl2/cscanner/scanner_blip1.wav
L 12/12/2024 - 22:02:14: [testprecache.amxx] precaching file
L 12/12/2024 - 22:02:14: [testprecache.amxx] /hl2/cscanner/scanner_blip1.wav
L 12/12/2024 - 22:02:17: -------- Mapchange to d1_town_01 --------
L 12/12/2024 - 22:02:17: [testprecache.amxx] precaching file
L 12/12/2024 - 22:02:17: [testprecache.amxx] items/smallmedkit1.wav
L 12/12/2024 - 22:02:17: [testprecache.amxx] precaching file
L 12/12/2024 - 22:02:17: [testprecache.amxx] player/pl_wade1.wav
L 12/12/2024 - 22:02:17: [testprecache.amxx] precaching file
L 12/12/2024 - 22:02:17: [testprecache.amxx] player/pl_wade2.wav
L 12/12/2024 - 22:02:17: [testprecache.amxx] precaching file
L 12/12/2024 - 22:02:17: [testprecache.amxx] hlcoop/shockroach/shock_idle3.wav
L 12/12/2024 - 22:02:17: [testprecache.amxx] precaching file
L 12/12/2024 - 22:02:17: [testprecache.amxx] hlcoop/shockroach/shock_idle2.wav
L 12/12/2024 - 22:02:17: [testprecache.amxx] precaching file
L 12/12/2024 - 22:02:17: [testprecache.amxx] /hl2/cscanner/scanner_scan_loop2.wav
L 12/12/2024 - 22:02:17: [testprecache.amxx] precaching file
L 12/12/2024 - 22:02:17: [testprecache.amxx] /hl2/cscanner/scanner_photo1.wav
L 12/12/2024 - 22:02:17: [testprecache.amxx] precaching file
L 12/12/2024 - 22:02:17: [testprecache.amxx] /hl2/cscanner/scanner_blip1.wav
L 12/12/2024 - 22:02:17: [testprecache.amxx] precaching file
L 12/12/2024 - 22:02:17: [testprecache.amxx] /hl2/cscanner/scanner_blip1.wav
L 12/12/2024 - 22:02:28: -------- Mapchange to sandbox --------
L 12/12/2024 - 22:02:28: [testprecache.amxx] precaching file
L 12/12/2024 - 22:02:28: [testprecache.amxx] items/smallmedkit1.wav
L 12/12/2024 - 22:02:28: [testprecache.amxx] precaching file
L 12/12/2024 - 22:02:28: [testprecache.amxx] player/pl_wade1.wav
L 12/12/2024 - 22:02:28: [testprecache.amxx] precaching file
L 12/12/2024 - 22:02:28: [testprecache.amxx] player/pl_wade2.wav
L 12/12/2024 - 22:02:28: [testprecache.amxx] precaching file
L 12/12/2024 - 22:02:28: [testprecache.amxx] hlcoop/shockroach/shock_idle3.wav
L 12/12/2024 - 22:02:28: [testprecache.amxx] precaching file
L 12/12/2024 - 22:02:28: [testprecache.amxx] hlcoop/shockroach/shock_idle2.wav
L 12/12/2024 - 22:02:28: [testprecache.amxx] precaching file
L 12/12/2024 - 22:02:28: [testprecache.amxx] /hl2/cscanner/scanner_scan_loop2.wav
L 12/12/2024 - 22:02:28: [testprecache.amxx] precaching file
L 12/12/2024 - 22:02:28: [testprecache.amxx] /hl2/cscanner/scanner_photo1.wav
L 12/12/2024 - 22:02:28: [testprecache.amxx] precaching file
L 12/12/2024 - 22:02:28: [testprecache.amxx] /hl2/cscanner/scanner_blip1.wav
L 12/12/2024 - 22:02:28: [testprecache.amxx] precaching file
L 12/12/2024 - 22:02:28: [testprecache.amxx] /hl2/cscanner/scanner_blip1.wav
L 12/12/2024 - 22:05:56: -------- Mapchange to sandbox --------
L 12/12/2024 - 22:05:56: [testprecache.amxx] precaching file
L 12/12/2024 - 22:05:56: [testprecache.amxx] items/smallmedkit1.wav
L 12/12/2024 - 22:05:56: [testprecache.amxx] precaching file
L 12/12/2024 - 22:05:56: [testprecache.amxx] player/pl_wade1.wav
L 12/12/2024 - 22:05:56: [testprecache.amxx] precaching file
L 12/12/2024 - 22:05:56: [testprecache.amxx] player/pl_wade2.wav
L 12/12/2024 - 22:05:56: [testprecache.amxx] precaching file
L 12/12/2024 - 22:05:56: [testprecache.amxx] hlcoop/shockroach/shock_idle3.wav
L 12/12/2024 - 22:05:56: [testprecache.amxx] precaching file
L 12/12/2024 - 22:05:56: [testprecache.amxx] hlcoop/shockroach/shock_idle2.wav
L 12/12/2024 - 22:05:56: [testprecache.amxx] precaching file
L 12/12/2024 - 22:05:56: [testprecache.amxx] /hl2/cscanner/scanner_scan_loop2.wav
L 12/12/2024 - 22:05:56: [testprecache.amxx] precaching file
L 12/12/2024 - 22:05:56: [testprecache.amxx] /hl2/cscanner/scanner_photo1.wav
L 12/12/2024 - 22:05:56: [testprecache.amxx] precaching file
L 12/12/2024 - 22:05:56: [testprecache.amxx] /hl2/cscanner/scanner_blip1.wav
L 12/12/2024 - 22:05:56: [testprecache.amxx] precaching file
L 12/12/2024 - 22:05:56: [testprecache.amxx] /hl2/cscanner/scanner_blip1.wav
L 12/12/2024 - 22:45:17: -------- Mapchange to d1_trainstation_02 --------
L 12/12/2024 - 22:45:17: [testprecache.amxx] precaching file
L 12/12/2024 - 22:45:17: [testprecache.amxx] items/smallmedkit1.wav
L 12/12/2024 - 22:45:17: [testprecache.amxx] precaching file
L 12/12/2024 - 22:45:17: [testprecache.amxx] player/pl_wade1.wav
L 12/12/2024 - 22:45:17: [testprecache.amxx] precaching file
L 12/12/2024 - 22:45:17: [testprecache.amxx] player/pl_wade2.wav
L 12/12/2024 - 22:45:17: [testprecache.amxx] precaching file
L 12/12/2024 - 22:45:17: [testprecache.amxx] hlcoop/shockroach/shock_idle3.wav
L 12/12/2024 - 22:45:17: [testprecache.amxx] precaching file
L 12/12/2024 - 22:45:17: [testprecache.amxx] hlcoop/shockroach/shock_idle2.wav
L 12/12/2024 - 22:45:17: [testprecache.amxx] precaching file
L 12/12/2024 - 22:45:17: [testprecache.amxx] /hl2/cscanner/scanner_scan_loop2.wav
L 12/12/2024 - 22:45:17: [testprecache.amxx] precaching file
L 12/12/2024 - 22:45:17: [testprecache.amxx] /hl2/cscanner/scanner_photo1.wav
L 12/12/2024 - 22:45:17: [testprecache.amxx] precaching file
L 12/12/2024 - 22:45:17: [testprecache.amxx] /hl2/cscanner/scanner_blip1.wav
L 12/12/2024 - 22:45:17: [testprecache.amxx] precaching file
L 12/12/2024 - 22:45:17: [testprecache.amxx] /hl2/cscanner/scanner_blip1.wav
L 12/12/2024 - 23:13:37: -------- Mapchange to d1_trainstation_02 --------
L 12/12/2024 - 23:13:37: [testprecache.amxx] precaching file
L 12/12/2024 - 23:13:37: [testprecache.amxx] items/smallmedkit1.wav
L 12/12/2024 - 23:13:37: [testprecache.amxx] precaching file
L 12/12/2024 - 23:13:37: [testprecache.amxx] player/pl_wade1.wav
L 12/12/2024 - 23:13:37: [testprecache.amxx] precaching file
L 12/12/2024 - 23:13:37: [testprecache.amxx] player/pl_wade2.wav
L 12/12/2024 - 23:13:37: [testprecache.amxx] precaching file
L 12/12/2024 - 23:13:37: [testprecache.amxx] hlcoop/shockroach/shock_idle3.wav
L 12/12/2024 - 23:13:37: [testprecache.amxx] precaching file
L 12/12/2024 - 23:13:37: [testprecache.amxx] hlcoop/shockroach/shock_idle2.wav
L 12/12/2024 - 23:13:37: [testprecache.amxx] precaching file
L 12/12/2024 - 23:13:37: [testprecache.amxx] /hl2/cscanner/scanner_scan_loop2.wav
L 12/12/2024 - 23:13:37: [testprecache.amxx] precaching file
L 12/12/2024 - 23:13:37: [testprecache.amxx] /hl2/cscanner/scanner_photo1.wav
L 12/12/2024 - 23:13:37: [testprecache.amxx] precaching file
L 12/12/2024 - 23:13:37: [testprecache.amxx] /hl2/cscanner/scanner_blip1.wav
L 12/12/2024 - 23:13:37: [testprecache.amxx] precaching file
L 12/12/2024 - 23:13:37: [testprecache.amxx] /hl2/cscanner/scanner_blip1.wav
