L 10/12/2024 - 00:02:54: -------- Mapchange to sandbox --------
L 10/12/2024 - 00:02:54: [testprecache.amxx] precaching file
L 10/12/2024 - 00:02:54: [testprecache.amxx] items/smallmedkit1.wav
L 10/12/2024 - 00:02:54: [testprecache.amxx] precaching file
L 10/12/2024 - 00:02:54: [testprecache.amxx] player/pl_wade1.wav
L 10/12/2024 - 00:02:54: [testprecache.amxx] precaching file
L 10/12/2024 - 00:02:54: [testprecache.amxx] player/pl_wade2.wav
L 10/12/2024 - 00:02:54: [testprecache.amxx] precaching file
L 10/12/2024 - 00:02:54: [testprecache.amxx] hlcoop/shockroach/shock_idle3.wav
L 10/12/2024 - 00:02:54: [testprecache.amxx] precaching file
L 10/12/2024 - 00:02:54: [testprecache.amxx] hlcoop/shockroach/shock_idle2.wav
L 10/12/2024 - 00:02:54: [testprecache.amxx] precaching file
L 10/12/2024 - 00:02:54: [testprecache.amxx] hlcoop/shockroach/shock_idle2.wav
L 10/12/2024 - 00:02:54: [testprecache.amxx] precaching file
L 10/12/2024 - 00:02:54: [testprecache.amxx] hlcoop/shockroach/shock_idle2.wav
L 10/12/2024 - 00:09:43: -------- Mapchange to sandbox --------
L 10/12/2024 - 00:09:43: [testprecache.amxx] precaching file
L 10/12/2024 - 00:09:43: [testprecache.amxx] items/smallmedkit1.wav
L 10/12/2024 - 00:09:43: [testprecache.amxx] precaching file
L 10/12/2024 - 00:09:43: [testprecache.amxx] player/pl_wade1.wav
L 10/12/2024 - 00:09:43: [testprecache.amxx] precaching file
L 10/12/2024 - 00:09:43: [testprecache.amxx] player/pl_wade2.wav
L 10/12/2024 - 00:09:43: [testprecache.amxx] precaching file
L 10/12/2024 - 00:09:43: [testprecache.amxx] hlcoop/shockroach/shock_idle3.wav
L 10/12/2024 - 00:09:43: [testprecache.amxx] precaching file
L 10/12/2024 - 00:09:43: [testprecache.amxx] hlcoop/shockroach/shock_idle2.wav
L 10/12/2024 - 00:09:43: [testprecache.amxx] precaching file
L 10/12/2024 - 00:09:43: [testprecache.amxx] hlcoop/shockroach/shock_idle2.wav
L 10/12/2024 - 00:09:43: [testprecache.amxx] precaching file
L 10/12/2024 - 00:09:43: [testprecache.amxx] hlcoop/shockroach/shock_idle2.wav
L 10/12/2024 - 00:21:07: -------- Mapchange to sandbox --------
L 10/12/2024 - 00:21:07: [testprecache.amxx] precaching file
L 10/12/2024 - 00:21:07: [testprecache.amxx] items/smallmedkit1.wav
L 10/12/2024 - 00:21:07: [testprecache.amxx] precaching file
L 10/12/2024 - 00:21:07: [testprecache.amxx] player/pl_wade1.wav
L 10/12/2024 - 00:21:07: [testprecache.amxx] precaching file
L 10/12/2024 - 00:21:07: [testprecache.amxx] player/pl_wade2.wav
L 10/12/2024 - 00:21:07: [testprecache.amxx] precaching file
L 10/12/2024 - 00:21:07: [testprecache.amxx] hlcoop/shockroach/shock_idle3.wav
L 10/12/2024 - 00:21:07: [testprecache.amxx] precaching file
L 10/12/2024 - 00:21:07: [testprecache.amxx] hlcoop/shockroach/shock_idle2.wav
L 10/12/2024 - 00:21:07: [testprecache.amxx] precaching file
L 10/12/2024 - 00:21:07: [testprecache.amxx] hlcoop/shockroach/shock_idle2.wav
L 10/12/2024 - 00:21:07: [testprecache.amxx] precaching file
L 10/12/2024 - 00:21:07: [testprecache.amxx] hlcoop/shockroach/shock_idle2.wav
L 10/12/2024 - 00:28:37: -------- Mapchange to sandbox --------
L 10/12/2024 - 00:28:37: [testprecache.amxx] precaching file
L 10/12/2024 - 00:28:37: [testprecache.amxx] items/smallmedkit1.wav
L 10/12/2024 - 00:28:37: [testprecache.amxx] precaching file
L 10/12/2024 - 00:28:37: [testprecache.amxx] player/pl_wade1.wav
L 10/12/2024 - 00:28:37: [testprecache.amxx] precaching file
L 10/12/2024 - 00:28:37: [testprecache.amxx] player/pl_wade2.wav
L 10/12/2024 - 00:28:37: [testprecache.amxx] precaching file
L 10/12/2024 - 00:28:37: [testprecache.amxx] hlcoop/shockroach/shock_idle3.wav
L 10/12/2024 - 00:28:37: [testprecache.amxx] precaching file
L 10/12/2024 - 00:28:37: [testprecache.amxx] hlcoop/shockroach/shock_idle2.wav
L 10/12/2024 - 00:28:37: [testprecache.amxx] precaching file
L 10/12/2024 - 00:28:37: [testprecache.amxx] hlcoop/shockroach/shock_idle2.wav
L 10/12/2024 - 00:28:37: [testprecache.amxx] precaching file
L 10/12/2024 - 00:28:37: [testprecache.amxx] hlcoop/shockroach/shock_idle2.wav
L 10/12/2024 - 00:28:38: [galileo.amxx] 
L 10/12/2024 - 00:28:38: [galileo.amxx] The server is jumping to the next map after the current map due more than 1 restarts on the map "sandbox"
L 10/12/2024 - 00:28:38: [galileo.amxx] 
L 10/12/2024 - 00:28:40: -------- Mapchange to sc_test --------
L 10/12/2024 - 00:28:40: [testprecache.amxx] precaching file
L 10/12/2024 - 00:28:40: [testprecache.amxx] items/smallmedkit1.wav
L 10/12/2024 - 00:28:40: [testprecache.amxx] precaching file
L 10/12/2024 - 00:28:40: [testprecache.amxx] player/pl_wade1.wav
L 10/12/2024 - 00:28:40: [testprecache.amxx] precaching file
L 10/12/2024 - 00:28:40: [testprecache.amxx] player/pl_wade2.wav
L 10/12/2024 - 00:28:40: [testprecache.amxx] precaching file
L 10/12/2024 - 00:28:40: [testprecache.amxx] hlcoop/shockroach/shock_idle3.wav
L 10/12/2024 - 00:28:40: [testprecache.amxx] precaching file
L 10/12/2024 - 00:28:40: [testprecache.amxx] hlcoop/shockroach/shock_idle2.wav
L 10/12/2024 - 00:28:40: [testprecache.amxx] precaching file
L 10/12/2024 - 00:28:40: [testprecache.amxx] hlcoop/shockroach/shock_idle2.wav
L 10/12/2024 - 00:28:40: [testprecache.amxx] precaching file
L 10/12/2024 - 00:28:40: [testprecache.amxx] hlcoop/shockroach/shock_idle2.wav
L 10/12/2024 - 00:30:16: -------- Mapchange to sandbox --------
L 10/12/2024 - 00:30:16: [testprecache.amxx] precaching file
L 10/12/2024 - 00:30:16: [testprecache.amxx] items/smallmedkit1.wav
L 10/12/2024 - 00:30:16: [testprecache.amxx] precaching file
L 10/12/2024 - 00:30:16: [testprecache.amxx] player/pl_wade1.wav
L 10/12/2024 - 00:30:16: [testprecache.amxx] precaching file
L 10/12/2024 - 00:30:16: [testprecache.amxx] player/pl_wade2.wav
L 10/12/2024 - 00:30:16: [testprecache.amxx] precaching file
L 10/12/2024 - 00:30:16: [testprecache.amxx] hlcoop/shockroach/shock_idle3.wav
L 10/12/2024 - 00:30:16: [testprecache.amxx] precaching file
L 10/12/2024 - 00:30:16: [testprecache.amxx] hlcoop/shockroach/shock_idle2.wav
L 10/12/2024 - 00:30:16: [testprecache.amxx] precaching file
L 10/12/2024 - 00:30:16: [testprecache.amxx] hlcoop/shockroach/shock_idle2.wav
L 10/12/2024 - 00:30:16: [testprecache.amxx] precaching file
L 10/12/2024 - 00:30:16: [testprecache.amxx] hlcoop/shockroach/shock_idle2.wav
L 10/12/2024 - 00:30:19: -------- Mapchange to sc_test --------
L 10/12/2024 - 00:30:19: [testprecache.amxx] precaching file
L 10/12/2024 - 00:30:19: [testprecache.amxx] items/smallmedkit1.wav
L 10/12/2024 - 00:30:19: [testprecache.amxx] precaching file
L 10/12/2024 - 00:30:19: [testprecache.amxx] player/pl_wade1.wav
L 10/12/2024 - 00:30:19: [testprecache.amxx] precaching file
L 10/12/2024 - 00:30:19: [testprecache.amxx] player/pl_wade2.wav
L 10/12/2024 - 00:30:19: [testprecache.amxx] precaching file
L 10/12/2024 - 00:30:19: [testprecache.amxx] hlcoop/shockroach/shock_idle3.wav
L 10/12/2024 - 00:30:19: [testprecache.amxx] precaching file
L 10/12/2024 - 00:30:19: [testprecache.amxx] hlcoop/shockroach/shock_idle2.wav
L 10/12/2024 - 00:30:19: [testprecache.amxx] precaching file
L 10/12/2024 - 00:30:19: [testprecache.amxx] hlcoop/shockroach/shock_idle2.wav
L 10/12/2024 - 00:30:19: [testprecache.amxx] precaching file
L 10/12/2024 - 00:30:19: [testprecache.amxx] hlcoop/shockroach/shock_idle2.wav
L 10/12/2024 - 00:45:47: -------- Mapchange to sandbox --------
L 10/12/2024 - 00:45:47: [testprecache.amxx] precaching file
L 10/12/2024 - 00:45:47: [testprecache.amxx] items/smallmedkit1.wav
L 10/12/2024 - 00:45:47: [testprecache.amxx] precaching file
L 10/12/2024 - 00:45:47: [testprecache.amxx] player/pl_wade1.wav
L 10/12/2024 - 00:45:47: [testprecache.amxx] precaching file
L 10/12/2024 - 00:45:47: [testprecache.amxx] player/pl_wade2.wav
L 10/12/2024 - 00:45:47: [testprecache.amxx] precaching file
L 10/12/2024 - 00:45:47: [testprecache.amxx] hlcoop/shockroach/shock_idle3.wav
L 10/12/2024 - 00:45:47: [testprecache.amxx] precaching file
L 10/12/2024 - 00:45:47: [testprecache.amxx] hlcoop/shockroach/shock_idle2.wav
L 10/12/2024 - 00:45:47: [testprecache.amxx] precaching file
L 10/12/2024 - 00:45:47: [testprecache.amxx] hlcoop/shockroach/shock_idle2.wav
L 10/12/2024 - 00:45:47: [testprecache.amxx] precaching file
L 10/12/2024 - 00:45:47: [testprecache.amxx] hlcoop/shockroach/shock_idle2.wav
L 10/12/2024 - 00:45:50: -------- Mapchange to sc_test --------
L 10/12/2024 - 00:45:50: [testprecache.amxx] precaching file
L 10/12/2024 - 00:45:50: [testprecache.amxx] items/smallmedkit1.wav
L 10/12/2024 - 00:45:50: [testprecache.amxx] precaching file
L 10/12/2024 - 00:45:50: [testprecache.amxx] player/pl_wade1.wav
L 10/12/2024 - 00:45:50: [testprecache.amxx] precaching file
L 10/12/2024 - 00:45:50: [testprecache.amxx] player/pl_wade2.wav
L 10/12/2024 - 00:45:50: [testprecache.amxx] precaching file
L 10/12/2024 - 00:45:50: [testprecache.amxx] hlcoop/shockroach/shock_idle3.wav
L 10/12/2024 - 00:45:50: [testprecache.amxx] precaching file
L 10/12/2024 - 00:45:50: [testprecache.amxx] hlcoop/shockroach/shock_idle2.wav
L 10/12/2024 - 00:45:50: [testprecache.amxx] precaching file
L 10/12/2024 - 00:45:50: [testprecache.amxx] hlcoop/shockroach/shock_idle2.wav
L 10/12/2024 - 00:45:50: [testprecache.amxx] precaching file
L 10/12/2024 - 00:45:50: [testprecache.amxx] hlcoop/shockroach/shock_idle2.wav
L 10/12/2024 - 00:46:04: -------- Mapchange to sandbox --------
L 10/12/2024 - 00:46:04: [testprecache.amxx] precaching file
L 10/12/2024 - 00:46:04: [testprecache.amxx] items/smallmedkit1.wav
L 10/12/2024 - 00:46:04: [testprecache.amxx] precaching file
L 10/12/2024 - 00:46:04: [testprecache.amxx] player/pl_wade1.wav
L 10/12/2024 - 00:46:04: [testprecache.amxx] precaching file
L 10/12/2024 - 00:46:04: [testprecache.amxx] player/pl_wade2.wav
L 10/12/2024 - 00:46:04: [testprecache.amxx] precaching file
L 10/12/2024 - 00:46:04: [testprecache.amxx] hlcoop/shockroach/shock_idle3.wav
L 10/12/2024 - 00:46:04: [testprecache.amxx] precaching file
L 10/12/2024 - 00:46:04: [testprecache.amxx] hlcoop/shockroach/shock_idle2.wav
L 10/12/2024 - 00:46:04: [testprecache.amxx] precaching file
L 10/12/2024 - 00:46:04: [testprecache.amxx] hlcoop/shockroach/shock_idle2.wav
L 10/12/2024 - 00:46:04: [testprecache.amxx] precaching file
L 10/12/2024 - 00:46:04: [testprecache.amxx] hlcoop/shockroach/shock_idle2.wav
L 10/12/2024 - 00:46:04: [galileo.amxx] 
L 10/12/2024 - 00:46:04: [galileo.amxx] The server is jumping to the next map after the current map due more than 1 restarts on the map "sc_test"
L 10/12/2024 - 00:46:04: [galileo.amxx] 
L 10/12/2024 - 00:46:07: -------- Mapchange to c1a0 --------
L 10/12/2024 - 00:46:07: [testprecache.amxx] precaching file
L 10/12/2024 - 00:46:07: [testprecache.amxx] items/smallmedkit1.wav
L 10/12/2024 - 00:46:07: [testprecache.amxx] precaching file
L 10/12/2024 - 00:46:07: [testprecache.amxx] player/pl_wade1.wav
L 10/12/2024 - 00:46:07: [testprecache.amxx] precaching file
L 10/12/2024 - 00:46:07: [testprecache.amxx] player/pl_wade2.wav
L 10/12/2024 - 00:46:07: [testprecache.amxx] precaching file
L 10/12/2024 - 00:46:07: [testprecache.amxx] hlcoop/shockroach/shock_idle3.wav
L 10/12/2024 - 00:46:07: [testprecache.amxx] precaching file
L 10/12/2024 - 00:46:07: [testprecache.amxx] hlcoop/shockroach/shock_idle2.wav
L 10/12/2024 - 00:46:07: [testprecache.amxx] precaching file
L 10/12/2024 - 00:46:07: [testprecache.amxx] hlcoop/shockroach/shock_idle2.wav
L 10/12/2024 - 00:46:07: [testprecache.amxx] precaching file
L 10/12/2024 - 00:46:07: [testprecache.amxx] hlcoop/shockroach/shock_idle2.wav
L 10/12/2024 - 00:46:45: -------- Mapchange to c1a0d --------
L 10/12/2024 - 00:46:45: [testprecache.amxx] precaching file
L 10/12/2024 - 00:46:45: [testprecache.amxx] items/smallmedkit1.wav
L 10/12/2024 - 00:46:45: [testprecache.amxx] precaching file
L 10/12/2024 - 00:46:45: [testprecache.amxx] player/pl_wade1.wav
L 10/12/2024 - 00:46:45: [testprecache.amxx] precaching file
L 10/12/2024 - 00:46:45: [testprecache.amxx] player/pl_wade2.wav
L 10/12/2024 - 00:46:45: [testprecache.amxx] precaching file
L 10/12/2024 - 00:46:45: [testprecache.amxx] hlcoop/shockroach/shock_idle3.wav
L 10/12/2024 - 00:46:45: [testprecache.amxx] precaching file
L 10/12/2024 - 00:46:45: [testprecache.amxx] hlcoop/shockroach/shock_idle2.wav
L 10/12/2024 - 00:46:45: [testprecache.amxx] precaching file
L 10/12/2024 - 00:46:45: [testprecache.amxx] hlcoop/shockroach/shock_idle2.wav
L 10/12/2024 - 00:46:45: [testprecache.amxx] precaching file
L 10/12/2024 - 00:46:45: [testprecache.amxx] hlcoop/shockroach/shock_idle2.wav
L 10/12/2024 - 01:08:34: -------- Mapchange to sandbox --------
L 10/12/2024 - 01:08:34: [testprecache.amxx] precaching file
L 10/12/2024 - 01:08:34: [testprecache.amxx] items/smallmedkit1.wav
L 10/12/2024 - 01:08:34: [testprecache.amxx] precaching file
L 10/12/2024 - 01:08:34: [testprecache.amxx] player/pl_wade1.wav
L 10/12/2024 - 01:08:34: [testprecache.amxx] precaching file
L 10/12/2024 - 01:08:34: [testprecache.amxx] player/pl_wade2.wav
L 10/12/2024 - 01:08:34: [testprecache.amxx] precaching file
L 10/12/2024 - 01:08:34: [testprecache.amxx] hlcoop/shockroach/shock_idle3.wav
L 10/12/2024 - 01:08:34: [testprecache.amxx] precaching file
L 10/12/2024 - 01:08:34: [testprecache.amxx] hlcoop/shockroach/shock_idle2.wav
L 10/12/2024 - 01:08:34: [testprecache.amxx] precaching file
L 10/12/2024 - 01:08:34: [testprecache.amxx] hlcoop/shockroach/shock_idle2.wav
L 10/12/2024 - 01:08:34: [testprecache.amxx] precaching file
L 10/12/2024 - 01:08:34: [testprecache.amxx] hlcoop/shockroach/shock_idle2.wav
L 10/12/2024 - 13:34:20: -------- Mapchange to sandbox --------
L 10/12/2024 - 13:34:20: [testprecache.amxx] precaching file
L 10/12/2024 - 13:34:20: [testprecache.amxx] items/smallmedkit1.wav
L 10/12/2024 - 13:34:20: [testprecache.amxx] precaching file
L 10/12/2024 - 13:34:20: [testprecache.amxx] player/pl_wade1.wav
L 10/12/2024 - 13:34:20: [testprecache.amxx] precaching file
L 10/12/2024 - 13:34:20: [testprecache.amxx] player/pl_wade2.wav
L 10/12/2024 - 13:34:20: [testprecache.amxx] precaching file
L 10/12/2024 - 13:34:20: [testprecache.amxx] hlcoop/shockroach/shock_idle3.wav
L 10/12/2024 - 13:34:20: [testprecache.amxx] precaching file
L 10/12/2024 - 13:34:20: [testprecache.amxx] hlcoop/shockroach/shock_idle2.wav
L 10/12/2024 - 13:34:20: [testprecache.amxx] precaching file
L 10/12/2024 - 13:34:20: [testprecache.amxx] hlcoop/shockroach/shock_idle2.wav
L 10/12/2024 - 13:34:20: [testprecache.amxx] precaching file
L 10/12/2024 - 13:34:20: [testprecache.amxx] hlcoop/shockroach/shock_idle2.wav
L 10/12/2024 - 13:34:28: -------- Mapchange to crossfireXL --------
L 10/12/2024 - 13:34:28: [testprecache.amxx] precaching file
L 10/12/2024 - 13:34:28: [testprecache.amxx] items/smallmedkit1.wav
L 10/12/2024 - 13:34:28: [testprecache.amxx] precaching file
L 10/12/2024 - 13:34:28: [testprecache.amxx] player/pl_wade1.wav
L 10/12/2024 - 13:34:28: [testprecache.amxx] precaching file
L 10/12/2024 - 13:34:28: [testprecache.amxx] player/pl_wade2.wav
L 10/12/2024 - 13:34:28: [testprecache.amxx] precaching file
L 10/12/2024 - 13:34:28: [testprecache.amxx] hlcoop/shockroach/shock_idle3.wav
L 10/12/2024 - 13:34:28: [testprecache.amxx] precaching file
L 10/12/2024 - 13:34:28: [testprecache.amxx] hlcoop/shockroach/shock_idle2.wav
L 10/12/2024 - 13:34:28: [testprecache.amxx] precaching file
L 10/12/2024 - 13:34:28: [testprecache.amxx] hlcoop/shockroach/shock_idle2.wav
L 10/12/2024 - 13:34:28: [testprecache.amxx] precaching file
L 10/12/2024 - 13:34:28: [testprecache.amxx] hlcoop/shockroach/shock_idle2.wav
L 10/12/2024 - 15:05:30: -------- Mapchange to sandbox --------
L 10/12/2024 - 15:05:30: [testprecache.amxx] precaching file
L 10/12/2024 - 15:05:30: [testprecache.amxx] items/smallmedkit1.wav
L 10/12/2024 - 15:05:30: [testprecache.amxx] precaching file
L 10/12/2024 - 15:05:30: [testprecache.amxx] player/pl_wade1.wav
L 10/12/2024 - 15:05:30: [testprecache.amxx] precaching file
L 10/12/2024 - 15:05:30: [testprecache.amxx] player/pl_wade2.wav
L 10/12/2024 - 15:05:30: [testprecache.amxx] precaching file
L 10/12/2024 - 15:05:30: [testprecache.amxx] hlcoop/shockroach/shock_idle3.wav
L 10/12/2024 - 15:05:30: [testprecache.amxx] precaching file
L 10/12/2024 - 15:05:30: [testprecache.amxx] hlcoop/shockroach/shock_idle2.wav
L 10/12/2024 - 15:05:30: [testprecache.amxx] precaching file
L 10/12/2024 - 15:05:30: [testprecache.amxx] hlcoop/shockroach/shock_idle2.wav
L 10/12/2024 - 15:05:30: [testprecache.amxx] precaching file
L 10/12/2024 - 15:05:30: [testprecache.amxx] hlcoop/shockroach/shock_idle2.wav
L 10/12/2024 - 15:05:33: -------- Mapchange to crossfireXL --------
L 10/12/2024 - 15:05:33: [testprecache.amxx] precaching file
L 10/12/2024 - 15:05:33: [testprecache.amxx] items/smallmedkit1.wav
L 10/12/2024 - 15:05:33: [testprecache.amxx] precaching file
L 10/12/2024 - 15:05:33: [testprecache.amxx] player/pl_wade1.wav
L 10/12/2024 - 15:05:33: [testprecache.amxx] precaching file
L 10/12/2024 - 15:05:33: [testprecache.amxx] player/pl_wade2.wav
L 10/12/2024 - 15:05:33: [testprecache.amxx] precaching file
L 10/12/2024 - 15:05:33: [testprecache.amxx] hlcoop/shockroach/shock_idle3.wav
L 10/12/2024 - 15:05:33: [testprecache.amxx] precaching file
L 10/12/2024 - 15:05:33: [testprecache.amxx] hlcoop/shockroach/shock_idle2.wav
L 10/12/2024 - 15:05:33: [testprecache.amxx] precaching file
L 10/12/2024 - 15:05:33: [testprecache.amxx] hlcoop/shockroach/shock_idle2.wav
L 10/12/2024 - 15:05:33: [testprecache.amxx] precaching file
L 10/12/2024 - 15:05:33: [testprecache.amxx] hlcoop/shockroach/shock_idle2.wav
L 10/12/2024 - 21:16:48: -------- Mapchange to sandbox --------
L 10/12/2024 - 21:16:48: [testprecache.amxx] precaching file
L 10/12/2024 - 21:16:48: [testprecache.amxx] items/smallmedkit1.wav
L 10/12/2024 - 21:16:48: [testprecache.amxx] precaching file
L 10/12/2024 - 21:16:48: [testprecache.amxx] player/pl_wade1.wav
L 10/12/2024 - 21:16:48: [testprecache.amxx] precaching file
L 10/12/2024 - 21:16:48: [testprecache.amxx] player/pl_wade2.wav
L 10/12/2024 - 21:16:48: [testprecache.amxx] precaching file
L 10/12/2024 - 21:16:48: [testprecache.amxx] hlcoop/shockroach/shock_idle3.wav
L 10/12/2024 - 21:16:48: [testprecache.amxx] precaching file
L 10/12/2024 - 21:16:48: [testprecache.amxx] hlcoop/shockroach/shock_idle2.wav
L 10/12/2024 - 21:16:48: [testprecache.amxx] precaching file
L 10/12/2024 - 21:16:48: [testprecache.amxx] hlcoop/shockroach/shock_idle2.wav
L 10/12/2024 - 21:16:48: [testprecache.amxx] precaching file
L 10/12/2024 - 21:16:48: [testprecache.amxx] hlcoop/shockroach/shock_idle2.wav
L 10/12/2024 - 21:16:51: -------- Mapchange to crossfireXL --------
L 10/12/2024 - 21:16:51: [testprecache.amxx] precaching file
L 10/12/2024 - 21:16:51: [testprecache.amxx] items/smallmedkit1.wav
L 10/12/2024 - 21:16:51: [testprecache.amxx] precaching file
L 10/12/2024 - 21:16:51: [testprecache.amxx] player/pl_wade1.wav
L 10/12/2024 - 21:16:51: [testprecache.amxx] precaching file
L 10/12/2024 - 21:16:51: [testprecache.amxx] player/pl_wade2.wav
L 10/12/2024 - 21:16:51: [testprecache.amxx] precaching file
L 10/12/2024 - 21:16:51: [testprecache.amxx] hlcoop/shockroach/shock_idle3.wav
L 10/12/2024 - 21:16:51: [testprecache.amxx] precaching file
L 10/12/2024 - 21:16:51: [testprecache.amxx] hlcoop/shockroach/shock_idle2.wav
L 10/12/2024 - 21:16:51: [testprecache.amxx] precaching file
L 10/12/2024 - 21:16:51: [testprecache.amxx] hlcoop/shockroach/shock_idle2.wav
L 10/12/2024 - 21:16:51: [testprecache.amxx] precaching file
L 10/12/2024 - 21:16:51: [testprecache.amxx] hlcoop/shockroach/shock_idle2.wav
L 10/12/2024 - 22:07:38: -------- Mapchange to d1_trainstation_02 --------
L 10/12/2024 - 22:07:38: [testprecache.amxx] precaching file
L 10/12/2024 - 22:07:38: [testprecache.amxx] items/smallmedkit1.wav
L 10/12/2024 - 22:07:38: [testprecache.amxx] precaching file
L 10/12/2024 - 22:07:38: [testprecache.amxx] player/pl_wade1.wav
L 10/12/2024 - 22:07:38: [testprecache.amxx] precaching file
L 10/12/2024 - 22:07:38: [testprecache.amxx] player/pl_wade2.wav
L 10/12/2024 - 22:07:38: [testprecache.amxx] precaching file
L 10/12/2024 - 22:07:38: [testprecache.amxx] hlcoop/shockroach/shock_idle3.wav
L 10/12/2024 - 22:07:38: [testprecache.amxx] precaching file
L 10/12/2024 - 22:07:38: [testprecache.amxx] hlcoop/shockroach/shock_idle2.wav
L 10/12/2024 - 22:07:38: [testprecache.amxx] precaching file
L 10/12/2024 - 22:07:38: [testprecache.amxx] hlcoop/shockroach/shock_idle2.wav
L 10/12/2024 - 22:07:38: [testprecache.amxx] precaching file
L 10/12/2024 - 22:07:38: [testprecache.amxx] hlcoop/shockroach/shock_idle2.wav
L 10/12/2024 - 22:34:32: -------- Mapchange to sandbox --------
L 10/12/2024 - 22:34:32: [testprecache.amxx] precaching file
L 10/12/2024 - 22:34:32: [testprecache.amxx] items/smallmedkit1.wav
L 10/12/2024 - 22:34:32: [testprecache.amxx] precaching file
L 10/12/2024 - 22:34:32: [testprecache.amxx] player/pl_wade1.wav
L 10/12/2024 - 22:34:32: [testprecache.amxx] precaching file
L 10/12/2024 - 22:34:32: [testprecache.amxx] player/pl_wade2.wav
L 10/12/2024 - 22:34:32: [testprecache.amxx] precaching file
L 10/12/2024 - 22:34:32: [testprecache.amxx] hlcoop/shockroach/shock_idle3.wav
L 10/12/2024 - 22:34:32: [testprecache.amxx] precaching file
L 10/12/2024 - 22:34:32: [testprecache.amxx] hlcoop/shockroach/shock_idle2.wav
L 10/12/2024 - 22:34:32: [testprecache.amxx] precaching file
L 10/12/2024 - 22:34:32: [testprecache.amxx] hlcoop/shockroach/shock_idle2.wav
L 10/12/2024 - 22:34:32: [testprecache.amxx] precaching file
L 10/12/2024 - 22:34:32: [testprecache.amxx] hlcoop/shockroach/shock_idle2.wav
L 10/12/2024 - 22:34:35: -------- Mapchange to d1_trainstation_02 --------
L 10/12/2024 - 22:34:35: [testprecache.amxx] precaching file
L 10/12/2024 - 22:34:35: [testprecache.amxx] items/smallmedkit1.wav
L 10/12/2024 - 22:34:35: [testprecache.amxx] precaching file
L 10/12/2024 - 22:34:35: [testprecache.amxx] player/pl_wade1.wav
L 10/12/2024 - 22:34:35: [testprecache.amxx] precaching file
L 10/12/2024 - 22:34:35: [testprecache.amxx] player/pl_wade2.wav
L 10/12/2024 - 22:34:35: [testprecache.amxx] precaching file
L 10/12/2024 - 22:34:35: [testprecache.amxx] hlcoop/shockroach/shock_idle3.wav
L 10/12/2024 - 22:34:35: [testprecache.amxx] precaching file
L 10/12/2024 - 22:34:35: [testprecache.amxx] hlcoop/shockroach/shock_idle2.wav
L 10/12/2024 - 22:34:35: [testprecache.amxx] precaching file
L 10/12/2024 - 22:34:35: [testprecache.amxx] hlcoop/shockroach/shock_idle2.wav
L 10/12/2024 - 22:34:35: [testprecache.amxx] precaching file
L 10/12/2024 - 22:34:35: [testprecache.amxx] hlcoop/shockroach/shock_idle2.wav
L 10/12/2024 - 23:21:55: -------- Mapchange to sandbox --------
L 10/12/2024 - 23:21:56: [testprecache.amxx] precaching file
L 10/12/2024 - 23:21:56: [testprecache.amxx] items/smallmedkit1.wav
L 10/12/2024 - 23:21:56: [testprecache.amxx] precaching file
L 10/12/2024 - 23:21:56: [testprecache.amxx] player/pl_wade1.wav
L 10/12/2024 - 23:21:56: [testprecache.amxx] precaching file
L 10/12/2024 - 23:21:56: [testprecache.amxx] player/pl_wade2.wav
L 10/12/2024 - 23:21:56: [testprecache.amxx] precaching file
L 10/12/2024 - 23:21:56: [testprecache.amxx] hlcoop/shockroach/shock_idle3.wav
L 10/12/2024 - 23:21:56: [testprecache.amxx] precaching file
L 10/12/2024 - 23:21:56: [testprecache.amxx] hlcoop/shockroach/shock_idle2.wav
L 10/12/2024 - 23:21:56: [testprecache.amxx] precaching file
L 10/12/2024 - 23:21:56: [testprecache.amxx] hlcoop/shockroach/shock_idle2.wav
L 10/12/2024 - 23:21:56: [testprecache.amxx] precaching file
L 10/12/2024 - 23:21:56: [testprecache.amxx] hlcoop/shockroach/shock_idle2.wav
L 10/12/2024 - 23:21:58: -------- Mapchange to d1_trainstation_02 --------
L 10/12/2024 - 23:21:58: [testprecache.amxx] precaching file
L 10/12/2024 - 23:21:58: [testprecache.amxx] items/smallmedkit1.wav
L 10/12/2024 - 23:21:58: [testprecache.amxx] precaching file
L 10/12/2024 - 23:21:58: [testprecache.amxx] player/pl_wade1.wav
L 10/12/2024 - 23:21:58: [testprecache.amxx] precaching file
L 10/12/2024 - 23:21:58: [testprecache.amxx] player/pl_wade2.wav
L 10/12/2024 - 23:21:58: [testprecache.amxx] precaching file
L 10/12/2024 - 23:21:58: [testprecache.amxx] hlcoop/shockroach/shock_idle3.wav
L 10/12/2024 - 23:21:58: [testprecache.amxx] precaching file
L 10/12/2024 - 23:21:58: [testprecache.amxx] hlcoop/shockroach/shock_idle2.wav
L 10/12/2024 - 23:21:58: [testprecache.amxx] precaching file
L 10/12/2024 - 23:21:58: [testprecache.amxx] hlcoop/shockroach/shock_idle2.wav
L 10/12/2024 - 23:21:58: [testprecache.amxx] precaching file
L 10/12/2024 - 23:21:58: [testprecache.amxx] hlcoop/shockroach/shock_idle2.wav
