L 03/28/2025 - 22:21:29: -------- Mapchange to chaos_sandbox --------
L 03/28/2025 - 22:21:29: [testprecache.amxx] precaching file
L 03/28/2025 - 22:21:29: [testprecache.amxx] items/smallmedkit1.wav
L 03/28/2025 - 22:21:29: [testprecache.amxx] precaching file
L 03/28/2025 - 22:21:29: [testprecache.amxx] player/pl_wade1.wav
L 03/28/2025 - 22:21:29: [testprecache.amxx] precaching file
L 03/28/2025 - 22:21:29: [testprecache.amxx] player/pl_wade2.wav
L 03/28/2025 - 22:21:29: [testprecache.amxx] precaching file
L 03/28/2025 - 22:21:29: [testprecache.amxx] hlcoop/shockroach/shock_idle3.wav
L 03/28/2025 - 22:21:29: [testprecache.amxx] precaching file
L 03/28/2025 - 22:21:29: [testprecache.amxx] hlcoop/shockroach/shock_idle2.wav
L 03/28/2025 - 22:21:29: [testprecache.amxx] precaching file
L 03/28/2025 - 22:21:29: [testprecache.amxx] /hl2/cscanner/scanner_scan_loop2.wav
L 03/28/2025 - 22:21:29: [testprecache.amxx] precaching file
L 03/28/2025 - 22:21:29: [testprecache.amxx] /hl2/cscanner/scanner_photo1.wav
L 03/28/2025 - 22:21:29: [testprecache.amxx] precaching file
L 03/28/2025 - 22:21:29: [testprecache.amxx] /hl2/cscanner/scanner_blip1.wav
L 03/28/2025 - 22:21:29: [testprecache.amxx] precaching file
L 03/28/2025 - 22:21:29: [testprecache.amxx] /hl2/cscanner/scanner_blip1.wav
L 03/28/2025 - 22:23:07: -------- Mapchange to hldm_2fort_sandbox --------
L 03/28/2025 - 22:23:07: [testprecache.amxx] precaching file
L 03/28/2025 - 22:23:07: [testprecache.amxx] items/smallmedkit1.wav
L 03/28/2025 - 22:23:07: [testprecache.amxx] precaching file
L 03/28/2025 - 22:23:07: [testprecache.amxx] player/pl_wade1.wav
L 03/28/2025 - 22:23:07: [testprecache.amxx] precaching file
L 03/28/2025 - 22:23:07: [testprecache.amxx] player/pl_wade2.wav
L 03/28/2025 - 22:23:07: [testprecache.amxx] precaching file
L 03/28/2025 - 22:23:07: [testprecache.amxx] hlcoop/shockroach/shock_idle3.wav
L 03/28/2025 - 22:23:07: [testprecache.amxx] precaching file
L 03/28/2025 - 22:23:07: [testprecache.amxx] hlcoop/shockroach/shock_idle2.wav
L 03/28/2025 - 22:23:07: [testprecache.amxx] precaching file
L 03/28/2025 - 22:23:07: [testprecache.amxx] /hl2/cscanner/scanner_scan_loop2.wav
L 03/28/2025 - 22:23:07: [testprecache.amxx] precaching file
L 03/28/2025 - 22:23:07: [testprecache.amxx] /hl2/cscanner/scanner_photo1.wav
L 03/28/2025 - 22:23:07: [testprecache.amxx] precaching file
L 03/28/2025 - 22:23:07: [testprecache.amxx] /hl2/cscanner/scanner_blip1.wav
L 03/28/2025 - 22:23:07: [testprecache.amxx] precaching file
L 03/28/2025 - 22:23:07: [testprecache.amxx] /hl2/cscanner/scanner_blip1.wav
L 03/28/2025 - 22:29:33: -------- Mapchange to hldm_2fort_sandbox --------
L 03/28/2025 - 22:29:33: [testprecache.amxx] precaching file
L 03/28/2025 - 22:29:33: [testprecache.amxx] items/smallmedkit1.wav
L 03/28/2025 - 22:29:33: [testprecache.amxx] precaching file
L 03/28/2025 - 22:29:33: [testprecache.amxx] player/pl_wade1.wav
L 03/28/2025 - 22:29:33: [testprecache.amxx] precaching file
L 03/28/2025 - 22:29:33: [testprecache.amxx] player/pl_wade2.wav
L 03/28/2025 - 22:29:33: [testprecache.amxx] precaching file
L 03/28/2025 - 22:29:33: [testprecache.amxx] hlcoop/shockroach/shock_idle3.wav
L 03/28/2025 - 22:29:33: [testprecache.amxx] precaching file
L 03/28/2025 - 22:29:33: [testprecache.amxx] hlcoop/shockroach/shock_idle2.wav
L 03/28/2025 - 22:29:33: [testprecache.amxx] precaching file
L 03/28/2025 - 22:29:33: [testprecache.amxx] /hl2/cscanner/scanner_scan_loop2.wav
L 03/28/2025 - 22:29:33: [testprecache.amxx] precaching file
L 03/28/2025 - 22:29:33: [testprecache.amxx] /hl2/cscanner/scanner_photo1.wav
L 03/28/2025 - 22:29:33: [testprecache.amxx] precaching file
L 03/28/2025 - 22:29:33: [testprecache.amxx] /hl2/cscanner/scanner_blip1.wav
L 03/28/2025 - 22:29:33: [testprecache.amxx] precaching file
L 03/28/2025 - 22:29:33: [testprecache.amxx] /hl2/cscanner/scanner_blip1.wav
