L 12/31/2024 - 15:31:52: -------- Mapchange to c1a0 --------
L 12/31/2024 - 15:31:52: [testprecache.amxx] precaching file
L 12/31/2024 - 15:31:52: [testprecache.amxx] items/smallmedkit1.wav
L 12/31/2024 - 15:31:52: [testprecache.amxx] precaching file
L 12/31/2024 - 15:31:52: [testprecache.amxx] player/pl_wade1.wav
L 12/31/2024 - 15:31:52: [testprecache.amxx] precaching file
L 12/31/2024 - 15:31:52: [testprecache.amxx] player/pl_wade2.wav
L 12/31/2024 - 15:31:52: [testprecache.amxx] precaching file
L 12/31/2024 - 15:31:52: [testprecache.amxx] hlcoop/shockroach/shock_idle3.wav
L 12/31/2024 - 15:31:52: [testprecache.amxx] precaching file
L 12/31/2024 - 15:31:52: [testprecache.amxx] hlcoop/shockroach/shock_idle2.wav
L 12/31/2024 - 15:31:52: [testprecache.amxx] precaching file
L 12/31/2024 - 15:31:52: [testprecache.amxx] /hl2/cscanner/scanner_scan_loop2.wav
L 12/31/2024 - 15:31:52: [testprecache.amxx] precaching file
L 12/31/2024 - 15:31:52: [testprecache.amxx] /hl2/cscanner/scanner_photo1.wav
L 12/31/2024 - 15:31:52: [testprecache.amxx] precaching file
L 12/31/2024 - 15:31:52: [testprecache.amxx] /hl2/cscanner/scanner_blip1.wav
L 12/31/2024 - 15:31:52: [testprecache.amxx] precaching file
L 12/31/2024 - 15:31:52: [testprecache.amxx] /hl2/cscanner/scanner_blip1.wav
L 12/31/2024 - 15:34:14: -------- Mapchange to c1a0d --------
L 12/31/2024 - 15:34:14: [testprecache.amxx] precaching file
L 12/31/2024 - 15:34:14: [testprecache.amxx] items/smallmedkit1.wav
L 12/31/2024 - 15:34:14: [testprecache.amxx] precaching file
L 12/31/2024 - 15:34:14: [testprecache.amxx] player/pl_wade1.wav
L 12/31/2024 - 15:34:14: [testprecache.amxx] precaching file
L 12/31/2024 - 15:34:14: [testprecache.amxx] player/pl_wade2.wav
L 12/31/2024 - 15:34:14: [testprecache.amxx] precaching file
L 12/31/2024 - 15:34:14: [testprecache.amxx] hlcoop/shockroach/shock_idle3.wav
L 12/31/2024 - 15:34:14: [testprecache.amxx] precaching file
L 12/31/2024 - 15:34:14: [testprecache.amxx] hlcoop/shockroach/shock_idle2.wav
L 12/31/2024 - 15:34:14: [testprecache.amxx] precaching file
L 12/31/2024 - 15:34:14: [testprecache.amxx] /hl2/cscanner/scanner_scan_loop2.wav
L 12/31/2024 - 15:34:14: [testprecache.amxx] precaching file
L 12/31/2024 - 15:34:14: [testprecache.amxx] /hl2/cscanner/scanner_photo1.wav
L 12/31/2024 - 15:34:14: [testprecache.amxx] precaching file
L 12/31/2024 - 15:34:14: [testprecache.amxx] /hl2/cscanner/scanner_blip1.wav
L 12/31/2024 - 15:34:14: [testprecache.amxx] precaching file
L 12/31/2024 - 15:34:14: [testprecache.amxx] /hl2/cscanner/scanner_blip1.wav
L 12/31/2024 - 15:34:55: -------- Mapchange to c1a0 --------
L 12/31/2024 - 15:34:55: [testprecache.amxx] precaching file
L 12/31/2024 - 15:34:55: [testprecache.amxx] items/smallmedkit1.wav
L 12/31/2024 - 15:34:55: [testprecache.amxx] precaching file
L 12/31/2024 - 15:34:55: [testprecache.amxx] player/pl_wade1.wav
L 12/31/2024 - 15:34:55: [testprecache.amxx] precaching file
L 12/31/2024 - 15:34:55: [testprecache.amxx] player/pl_wade2.wav
L 12/31/2024 - 15:34:55: [testprecache.amxx] precaching file
L 12/31/2024 - 15:34:55: [testprecache.amxx] hlcoop/shockroach/shock_idle3.wav
L 12/31/2024 - 15:34:55: [testprecache.amxx] precaching file
L 12/31/2024 - 15:34:55: [testprecache.amxx] hlcoop/shockroach/shock_idle2.wav
L 12/31/2024 - 15:34:55: [testprecache.amxx] precaching file
L 12/31/2024 - 15:34:55: [testprecache.amxx] /hl2/cscanner/scanner_scan_loop2.wav
L 12/31/2024 - 15:34:55: [testprecache.amxx] precaching file
L 12/31/2024 - 15:34:55: [testprecache.amxx] /hl2/cscanner/scanner_photo1.wav
L 12/31/2024 - 15:34:55: [testprecache.amxx] precaching file
L 12/31/2024 - 15:34:55: [testprecache.amxx] /hl2/cscanner/scanner_blip1.wav
L 12/31/2024 - 15:34:55: [testprecache.amxx] precaching file
L 12/31/2024 - 15:34:55: [testprecache.amxx] /hl2/cscanner/scanner_blip1.wav
L 12/31/2024 - 15:36:56: -------- Mapchange to d1_trainstation_02 --------
L 12/31/2024 - 15:36:56: [testprecache.amxx] precaching file
L 12/31/2024 - 15:36:56: [testprecache.amxx] items/smallmedkit1.wav
L 12/31/2024 - 15:36:56: [testprecache.amxx] precaching file
L 12/31/2024 - 15:36:56: [testprecache.amxx] player/pl_wade1.wav
L 12/31/2024 - 15:36:56: [testprecache.amxx] precaching file
L 12/31/2024 - 15:36:56: [testprecache.amxx] player/pl_wade2.wav
L 12/31/2024 - 15:36:56: [testprecache.amxx] precaching file
L 12/31/2024 - 15:36:56: [testprecache.amxx] hlcoop/shockroach/shock_idle3.wav
L 12/31/2024 - 15:36:56: [testprecache.amxx] precaching file
L 12/31/2024 - 15:36:56: [testprecache.amxx] hlcoop/shockroach/shock_idle2.wav
L 12/31/2024 - 15:36:56: [testprecache.amxx] precaching file
L 12/31/2024 - 15:36:56: [testprecache.amxx] /hl2/cscanner/scanner_scan_loop2.wav
L 12/31/2024 - 15:36:56: [testprecache.amxx] precaching file
L 12/31/2024 - 15:36:56: [testprecache.amxx] /hl2/cscanner/scanner_photo1.wav
L 12/31/2024 - 15:36:56: [testprecache.amxx] precaching file
L 12/31/2024 - 15:36:56: [testprecache.amxx] /hl2/cscanner/scanner_blip1.wav
L 12/31/2024 - 15:36:56: [testprecache.amxx] precaching file
L 12/31/2024 - 15:36:56: [testprecache.amxx] /hl2/cscanner/scanner_blip1.wav
L 12/31/2024 - 15:38:42: -------- Mapchange to coolrig --------
L 12/31/2024 - 15:38:42: [testprecache.amxx] precaching file
L 12/31/2024 - 15:38:42: [testprecache.amxx] items/smallmedkit1.wav
L 12/31/2024 - 15:38:42: [testprecache.amxx] precaching file
L 12/31/2024 - 15:38:42: [testprecache.amxx] player/pl_wade1.wav
L 12/31/2024 - 15:38:42: [testprecache.amxx] precaching file
L 12/31/2024 - 15:38:42: [testprecache.amxx] player/pl_wade2.wav
L 12/31/2024 - 15:38:42: [testprecache.amxx] precaching file
L 12/31/2024 - 15:38:42: [testprecache.amxx] hlcoop/shockroach/shock_idle3.wav
L 12/31/2024 - 15:38:42: [testprecache.amxx] precaching file
L 12/31/2024 - 15:38:42: [testprecache.amxx] hlcoop/shockroach/shock_idle2.wav
L 12/31/2024 - 15:38:42: [testprecache.amxx] precaching file
L 12/31/2024 - 15:38:42: [testprecache.amxx] /hl2/cscanner/scanner_scan_loop2.wav
L 12/31/2024 - 15:38:42: [testprecache.amxx] precaching file
L 12/31/2024 - 15:38:42: [testprecache.amxx] /hl2/cscanner/scanner_photo1.wav
L 12/31/2024 - 15:38:42: [testprecache.amxx] precaching file
L 12/31/2024 - 15:38:42: [testprecache.amxx] /hl2/cscanner/scanner_blip1.wav
L 12/31/2024 - 15:38:42: [testprecache.amxx] precaching file
L 12/31/2024 - 15:38:42: [testprecache.amxx] /hl2/cscanner/scanner_blip1.wav
L 12/31/2024 - 15:41:18: -------- Mapchange to lambda_bunker_extended --------
L 12/31/2024 - 15:41:18: [testprecache.amxx] precaching file
L 12/31/2024 - 15:41:18: [testprecache.amxx] items/smallmedkit1.wav
L 12/31/2024 - 15:41:18: [testprecache.amxx] precaching file
L 12/31/2024 - 15:41:18: [testprecache.amxx] player/pl_wade1.wav
L 12/31/2024 - 15:41:18: [testprecache.amxx] precaching file
L 12/31/2024 - 15:41:18: [testprecache.amxx] player/pl_wade2.wav
L 12/31/2024 - 15:41:18: [testprecache.amxx] precaching file
L 12/31/2024 - 15:41:18: [testprecache.amxx] hlcoop/shockroach/shock_idle3.wav
L 12/31/2024 - 15:41:18: [testprecache.amxx] precaching file
L 12/31/2024 - 15:41:18: [testprecache.amxx] hlcoop/shockroach/shock_idle2.wav
L 12/31/2024 - 15:41:18: [testprecache.amxx] precaching file
L 12/31/2024 - 15:41:18: [testprecache.amxx] /hl2/cscanner/scanner_scan_loop2.wav
L 12/31/2024 - 15:41:18: [testprecache.amxx] precaching file
L 12/31/2024 - 15:41:18: [testprecache.amxx] /hl2/cscanner/scanner_photo1.wav
L 12/31/2024 - 15:41:18: [testprecache.amxx] precaching file
L 12/31/2024 - 15:41:18: [testprecache.amxx] /hl2/cscanner/scanner_blip1.wav
L 12/31/2024 - 15:41:18: [testprecache.amxx] precaching file
L 12/31/2024 - 15:41:18: [testprecache.amxx] /hl2/cscanner/scanner_blip1.wav
L 12/31/2024 - 15:44:11: -------- Mapchange to sc_test --------
L 12/31/2024 - 15:44:11: [testprecache.amxx] precaching file
L 12/31/2024 - 15:44:11: [testprecache.amxx] items/smallmedkit1.wav
L 12/31/2024 - 15:44:11: [testprecache.amxx] precaching file
L 12/31/2024 - 15:44:11: [testprecache.amxx] player/pl_wade1.wav
L 12/31/2024 - 15:44:11: [testprecache.amxx] precaching file
L 12/31/2024 - 15:44:11: [testprecache.amxx] player/pl_wade2.wav
L 12/31/2024 - 15:44:11: [testprecache.amxx] precaching file
L 12/31/2024 - 15:44:11: [testprecache.amxx] hlcoop/shockroach/shock_idle3.wav
L 12/31/2024 - 15:44:11: [testprecache.amxx] precaching file
L 12/31/2024 - 15:44:11: [testprecache.amxx] hlcoop/shockroach/shock_idle2.wav
L 12/31/2024 - 15:44:11: [testprecache.amxx] precaching file
L 12/31/2024 - 15:44:11: [testprecache.amxx] /hl2/cscanner/scanner_scan_loop2.wav
L 12/31/2024 - 15:44:11: [testprecache.amxx] precaching file
L 12/31/2024 - 15:44:11: [testprecache.amxx] /hl2/cscanner/scanner_photo1.wav
L 12/31/2024 - 15:44:11: [testprecache.amxx] precaching file
L 12/31/2024 - 15:44:11: [testprecache.amxx] /hl2/cscanner/scanner_blip1.wav
L 12/31/2024 - 15:44:11: [testprecache.amxx] precaching file
L 12/31/2024 - 15:44:11: [testprecache.amxx] /hl2/cscanner/scanner_blip1.wav
L 12/31/2024 - 15:47:08: -------- Mapchange to crossfireXL --------
L 12/31/2024 - 15:47:08: [testprecache.amxx] precaching file
L 12/31/2024 - 15:47:08: [testprecache.amxx] items/smallmedkit1.wav
L 12/31/2024 - 15:47:08: [testprecache.amxx] precaching file
L 12/31/2024 - 15:47:08: [testprecache.amxx] player/pl_wade1.wav
L 12/31/2024 - 15:47:08: [testprecache.amxx] precaching file
L 12/31/2024 - 15:47:08: [testprecache.amxx] player/pl_wade2.wav
L 12/31/2024 - 15:47:08: [testprecache.amxx] precaching file
L 12/31/2024 - 15:47:08: [testprecache.amxx] hlcoop/shockroach/shock_idle3.wav
L 12/31/2024 - 15:47:08: [testprecache.amxx] precaching file
L 12/31/2024 - 15:47:08: [testprecache.amxx] hlcoop/shockroach/shock_idle2.wav
L 12/31/2024 - 15:47:08: [testprecache.amxx] precaching file
L 12/31/2024 - 15:47:08: [testprecache.amxx] /hl2/cscanner/scanner_scan_loop2.wav
L 12/31/2024 - 15:47:08: [testprecache.amxx] precaching file
L 12/31/2024 - 15:47:08: [testprecache.amxx] /hl2/cscanner/scanner_photo1.wav
L 12/31/2024 - 15:47:08: [testprecache.amxx] precaching file
L 12/31/2024 - 15:47:08: [testprecache.amxx] /hl2/cscanner/scanner_blip1.wav
L 12/31/2024 - 15:47:08: [testprecache.amxx] precaching file
L 12/31/2024 - 15:47:08: [testprecache.amxx] /hl2/cscanner/scanner_blip1.wav
L 12/31/2024 - 15:48:58: -------- Mapchange to d1_town_04 --------
L 12/31/2024 - 15:48:58: [testprecache.amxx] precaching file
L 12/31/2024 - 15:48:58: [testprecache.amxx] items/smallmedkit1.wav
L 12/31/2024 - 15:48:58: [testprecache.amxx] precaching file
L 12/31/2024 - 15:48:58: [testprecache.amxx] player/pl_wade1.wav
L 12/31/2024 - 15:48:58: [testprecache.amxx] precaching file
L 12/31/2024 - 15:48:58: [testprecache.amxx] player/pl_wade2.wav
L 12/31/2024 - 15:48:58: [testprecache.amxx] precaching file
L 12/31/2024 - 15:48:58: [testprecache.amxx] hlcoop/shockroach/shock_idle3.wav
L 12/31/2024 - 15:48:58: [testprecache.amxx] precaching file
L 12/31/2024 - 15:48:58: [testprecache.amxx] hlcoop/shockroach/shock_idle2.wav
L 12/31/2024 - 15:48:58: [testprecache.amxx] precaching file
L 12/31/2024 - 15:48:58: [testprecache.amxx] /hl2/cscanner/scanner_scan_loop2.wav
L 12/31/2024 - 15:48:58: [testprecache.amxx] precaching file
L 12/31/2024 - 15:48:58: [testprecache.amxx] /hl2/cscanner/scanner_photo1.wav
L 12/31/2024 - 15:48:58: [testprecache.amxx] precaching file
L 12/31/2024 - 15:48:58: [testprecache.amxx] /hl2/cscanner/scanner_blip1.wav
L 12/31/2024 - 15:48:58: [testprecache.amxx] precaching file
L 12/31/2024 - 15:48:58: [testprecache.amxx] /hl2/cscanner/scanner_blip1.wav
L 12/31/2024 - 15:50:14: -------- Mapchange to hldm_2fort --------
L 12/31/2024 - 15:50:14: [testprecache.amxx] precaching file
L 12/31/2024 - 15:50:14: [testprecache.amxx] items/smallmedkit1.wav
L 12/31/2024 - 15:50:14: [testprecache.amxx] precaching file
L 12/31/2024 - 15:50:14: [testprecache.amxx] player/pl_wade1.wav
L 12/31/2024 - 15:50:14: [testprecache.amxx] precaching file
L 12/31/2024 - 15:50:14: [testprecache.amxx] player/pl_wade2.wav
L 12/31/2024 - 15:50:14: [testprecache.amxx] precaching file
L 12/31/2024 - 15:50:14: [testprecache.amxx] hlcoop/shockroach/shock_idle3.wav
L 12/31/2024 - 15:50:14: [testprecache.amxx] precaching file
L 12/31/2024 - 15:50:14: [testprecache.amxx] hlcoop/shockroach/shock_idle2.wav
L 12/31/2024 - 15:50:14: [testprecache.amxx] precaching file
L 12/31/2024 - 15:50:14: [testprecache.amxx] /hl2/cscanner/scanner_scan_loop2.wav
L 12/31/2024 - 15:50:14: [testprecache.amxx] precaching file
L 12/31/2024 - 15:50:14: [testprecache.amxx] /hl2/cscanner/scanner_photo1.wav
L 12/31/2024 - 15:50:14: [testprecache.amxx] precaching file
L 12/31/2024 - 15:50:14: [testprecache.amxx] /hl2/cscanner/scanner_blip1.wav
L 12/31/2024 - 15:50:14: [testprecache.amxx] precaching file
L 12/31/2024 - 15:50:14: [testprecache.amxx] /hl2/cscanner/scanner_blip1.wav
L 12/31/2024 - 15:51:40: -------- Mapchange to sandbox --------
L 12/31/2024 - 15:51:40: [testprecache.amxx] precaching file
L 12/31/2024 - 15:51:40: [testprecache.amxx] items/smallmedkit1.wav
L 12/31/2024 - 15:51:40: [testprecache.amxx] precaching file
L 12/31/2024 - 15:51:40: [testprecache.amxx] player/pl_wade1.wav
L 12/31/2024 - 15:51:40: [testprecache.amxx] precaching file
L 12/31/2024 - 15:51:40: [testprecache.amxx] player/pl_wade2.wav
L 12/31/2024 - 15:51:40: [testprecache.amxx] precaching file
L 12/31/2024 - 15:51:40: [testprecache.amxx] hlcoop/shockroach/shock_idle3.wav
L 12/31/2024 - 15:51:40: [testprecache.amxx] precaching file
L 12/31/2024 - 15:51:40: [testprecache.amxx] hlcoop/shockroach/shock_idle2.wav
L 12/31/2024 - 15:51:40: [testprecache.amxx] precaching file
L 12/31/2024 - 15:51:40: [testprecache.amxx] /hl2/cscanner/scanner_scan_loop2.wav
L 12/31/2024 - 15:51:40: [testprecache.amxx] precaching file
L 12/31/2024 - 15:51:40: [testprecache.amxx] /hl2/cscanner/scanner_photo1.wav
L 12/31/2024 - 15:51:40: [testprecache.amxx] precaching file
L 12/31/2024 - 15:51:40: [testprecache.amxx] /hl2/cscanner/scanner_blip1.wav
L 12/31/2024 - 15:51:40: [testprecache.amxx] precaching file
L 12/31/2024 - 15:51:40: [testprecache.amxx] /hl2/cscanner/scanner_blip1.wav
L 12/31/2024 - 15:53:38: -------- Mapchange to e1m1 --------
L 12/31/2024 - 15:53:38: [testprecache.amxx] precaching file
L 12/31/2024 - 15:53:38: [testprecache.amxx] items/smallmedkit1.wav
L 12/31/2024 - 15:53:38: [testprecache.amxx] precaching file
L 12/31/2024 - 15:53:38: [testprecache.amxx] player/pl_wade1.wav
L 12/31/2024 - 15:53:38: [testprecache.amxx] precaching file
L 12/31/2024 - 15:53:38: [testprecache.amxx] player/pl_wade2.wav
L 12/31/2024 - 15:53:38: [testprecache.amxx] precaching file
L 12/31/2024 - 15:53:38: [testprecache.amxx] hlcoop/shockroach/shock_idle3.wav
L 12/31/2024 - 15:53:38: [testprecache.amxx] precaching file
L 12/31/2024 - 15:53:38: [testprecache.amxx] hlcoop/shockroach/shock_idle2.wav
L 12/31/2024 - 15:53:38: [testprecache.amxx] precaching file
L 12/31/2024 - 15:53:38: [testprecache.amxx] /hl2/cscanner/scanner_scan_loop2.wav
L 12/31/2024 - 15:53:38: [testprecache.amxx] precaching file
L 12/31/2024 - 15:53:38: [testprecache.amxx] /hl2/cscanner/scanner_photo1.wav
L 12/31/2024 - 15:53:38: [testprecache.amxx] precaching file
L 12/31/2024 - 15:53:38: [testprecache.amxx] /hl2/cscanner/scanner_blip1.wav
L 12/31/2024 - 15:53:38: [testprecache.amxx] precaching file
L 12/31/2024 - 15:53:38: [testprecache.amxx] /hl2/cscanner/scanner_blip1.wav
L 12/31/2024 - 15:55:37: -------- Mapchange to coolrig --------
L 12/31/2024 - 15:55:37: [testprecache.amxx] precaching file
L 12/31/2024 - 15:55:37: [testprecache.amxx] items/smallmedkit1.wav
L 12/31/2024 - 15:55:37: [testprecache.amxx] precaching file
L 12/31/2024 - 15:55:37: [testprecache.amxx] player/pl_wade1.wav
L 12/31/2024 - 15:55:37: [testprecache.amxx] precaching file
L 12/31/2024 - 15:55:37: [testprecache.amxx] player/pl_wade2.wav
L 12/31/2024 - 15:55:37: [testprecache.amxx] precaching file
L 12/31/2024 - 15:55:37: [testprecache.amxx] hlcoop/shockroach/shock_idle3.wav
L 12/31/2024 - 15:55:37: [testprecache.amxx] precaching file
L 12/31/2024 - 15:55:37: [testprecache.amxx] hlcoop/shockroach/shock_idle2.wav
L 12/31/2024 - 15:55:37: [testprecache.amxx] precaching file
L 12/31/2024 - 15:55:37: [testprecache.amxx] /hl2/cscanner/scanner_scan_loop2.wav
L 12/31/2024 - 15:55:37: [testprecache.amxx] precaching file
L 12/31/2024 - 15:55:37: [testprecache.amxx] /hl2/cscanner/scanner_photo1.wav
L 12/31/2024 - 15:55:37: [testprecache.amxx] precaching file
L 12/31/2024 - 15:55:37: [testprecache.amxx] /hl2/cscanner/scanner_blip1.wav
L 12/31/2024 - 15:55:37: [testprecache.amxx] precaching file
L 12/31/2024 - 15:55:37: [testprecache.amxx] /hl2/cscanner/scanner_blip1.wav
L 12/31/2024 - 15:56:36: -------- Mapchange to sandbox --------
L 12/31/2024 - 15:56:36: [testprecache.amxx] precaching file
L 12/31/2024 - 15:56:36: [testprecache.amxx] items/smallmedkit1.wav
L 12/31/2024 - 15:56:36: [testprecache.amxx] precaching file
L 12/31/2024 - 15:56:36: [testprecache.amxx] player/pl_wade1.wav
L 12/31/2024 - 15:56:36: [testprecache.amxx] precaching file
L 12/31/2024 - 15:56:36: [testprecache.amxx] player/pl_wade2.wav
L 12/31/2024 - 15:56:36: [testprecache.amxx] precaching file
L 12/31/2024 - 15:56:36: [testprecache.amxx] hlcoop/shockroach/shock_idle3.wav
L 12/31/2024 - 15:56:36: [testprecache.amxx] precaching file
L 12/31/2024 - 15:56:36: [testprecache.amxx] hlcoop/shockroach/shock_idle2.wav
L 12/31/2024 - 15:56:36: [testprecache.amxx] precaching file
L 12/31/2024 - 15:56:36: [testprecache.amxx] /hl2/cscanner/scanner_scan_loop2.wav
L 12/31/2024 - 15:56:36: [testprecache.amxx] precaching file
L 12/31/2024 - 15:56:36: [testprecache.amxx] /hl2/cscanner/scanner_photo1.wav
L 12/31/2024 - 15:56:36: [testprecache.amxx] precaching file
L 12/31/2024 - 15:56:36: [testprecache.amxx] /hl2/cscanner/scanner_blip1.wav
L 12/31/2024 - 15:56:36: [testprecache.amxx] precaching file
L 12/31/2024 - 15:56:36: [testprecache.amxx] /hl2/cscanner/scanner_blip1.wav
L 12/31/2024 - 17:59:37: -------- Mapchange to sandbox --------
L 12/31/2024 - 17:59:37: [testprecache.amxx] precaching file
L 12/31/2024 - 17:59:37: [testprecache.amxx] items/smallmedkit1.wav
L 12/31/2024 - 17:59:37: [testprecache.amxx] precaching file
L 12/31/2024 - 17:59:37: [testprecache.amxx] player/pl_wade1.wav
L 12/31/2024 - 17:59:37: [testprecache.amxx] precaching file
L 12/31/2024 - 17:59:37: [testprecache.amxx] player/pl_wade2.wav
L 12/31/2024 - 17:59:37: [testprecache.amxx] precaching file
L 12/31/2024 - 17:59:37: [testprecache.amxx] hlcoop/shockroach/shock_idle3.wav
L 12/31/2024 - 17:59:37: [testprecache.amxx] precaching file
L 12/31/2024 - 17:59:37: [testprecache.amxx] hlcoop/shockroach/shock_idle2.wav
L 12/31/2024 - 17:59:37: [testprecache.amxx] precaching file
L 12/31/2024 - 17:59:37: [testprecache.amxx] /hl2/cscanner/scanner_scan_loop2.wav
L 12/31/2024 - 17:59:37: [testprecache.amxx] precaching file
L 12/31/2024 - 17:59:37: [testprecache.amxx] /hl2/cscanner/scanner_photo1.wav
L 12/31/2024 - 17:59:37: [testprecache.amxx] precaching file
L 12/31/2024 - 17:59:37: [testprecache.amxx] /hl2/cscanner/scanner_blip1.wav
L 12/31/2024 - 17:59:37: [testprecache.amxx] precaching file
L 12/31/2024 - 17:59:37: [testprecache.amxx] /hl2/cscanner/scanner_blip1.wav
L 12/31/2024 - 22:15:37: -------- Mapchange to d1_trainstation_02 --------
L 12/31/2024 - 22:15:37: [testprecache.amxx] precaching file
L 12/31/2024 - 22:15:37: [testprecache.amxx] items/smallmedkit1.wav
L 12/31/2024 - 22:15:37: [testprecache.amxx] precaching file
L 12/31/2024 - 22:15:37: [testprecache.amxx] player/pl_wade1.wav
L 12/31/2024 - 22:15:37: [testprecache.amxx] precaching file
L 12/31/2024 - 22:15:37: [testprecache.amxx] player/pl_wade2.wav
L 12/31/2024 - 22:15:37: [testprecache.amxx] precaching file
L 12/31/2024 - 22:15:37: [testprecache.amxx] hlcoop/shockroach/shock_idle3.wav
L 12/31/2024 - 22:15:37: [testprecache.amxx] precaching file
L 12/31/2024 - 22:15:37: [testprecache.amxx] hlcoop/shockroach/shock_idle2.wav
L 12/31/2024 - 22:15:37: [testprecache.amxx] precaching file
L 12/31/2024 - 22:15:37: [testprecache.amxx] /hl2/cscanner/scanner_scan_loop2.wav
L 12/31/2024 - 22:15:37: [testprecache.amxx] precaching file
L 12/31/2024 - 22:15:37: [testprecache.amxx] /hl2/cscanner/scanner_photo1.wav
L 12/31/2024 - 22:15:37: [testprecache.amxx] precaching file
L 12/31/2024 - 22:15:37: [testprecache.amxx] /hl2/cscanner/scanner_blip1.wav
L 12/31/2024 - 22:15:37: [testprecache.amxx] precaching file
L 12/31/2024 - 22:15:37: [testprecache.amxx] /hl2/cscanner/scanner_blip1.wav
