L 01/04/2025 - 23:14:21: -------- Mapchange to sandbox --------
L 01/04/2025 - 23:14:21: [testprecache.amxx] precaching file
L 01/04/2025 - 23:14:21: [testprecache.amxx] items/smallmedkit1.wav
L 01/04/2025 - 23:14:21: [testprecache.amxx] precaching file
L 01/04/2025 - 23:14:21: [testprecache.amxx] player/pl_wade1.wav
L 01/04/2025 - 23:14:21: [testprecache.amxx] precaching file
L 01/04/2025 - 23:14:21: [testprecache.amxx] player/pl_wade2.wav
L 01/04/2025 - 23:14:21: [testprecache.amxx] precaching file
L 01/04/2025 - 23:14:21: [testprecache.amxx] hlcoop/shockroach/shock_idle3.wav
L 01/04/2025 - 23:14:21: [testprecache.amxx] precaching file
L 01/04/2025 - 23:14:21: [testprecache.amxx] hlcoop/shockroach/shock_idle2.wav
L 01/04/2025 - 23:14:21: [testprecache.amxx] precaching file
L 01/04/2025 - 23:14:21: [testprecache.amxx] /hl2/cscanner/scanner_scan_loop2.wav
L 01/04/2025 - 23:14:21: [testprecache.amxx] precaching file
L 01/04/2025 - 23:14:21: [testprecache.amxx] /hl2/cscanner/scanner_photo1.wav
L 01/04/2025 - 23:14:21: [testprecache.amxx] precaching file
L 01/04/2025 - 23:14:21: [testprecache.amxx] /hl2/cscanner/scanner_blip1.wav
L 01/04/2025 - 23:14:21: [testprecache.amxx] precaching file
L 01/04/2025 - 23:14:21: [testprecache.amxx] /hl2/cscanner/scanner_blip1.wav
L 01/04/2025 - 23:14:24: -------- Mapchange to d1_trainstation_02 --------
L 01/04/2025 - 23:14:24: [testprecache.amxx] precaching file
L 01/04/2025 - 23:14:24: [testprecache.amxx] items/smallmedkit1.wav
L 01/04/2025 - 23:14:24: [testprecache.amxx] precaching file
L 01/04/2025 - 23:14:24: [testprecache.amxx] player/pl_wade1.wav
L 01/04/2025 - 23:14:24: [testprecache.amxx] precaching file
L 01/04/2025 - 23:14:24: [testprecache.amxx] player/pl_wade2.wav
L 01/04/2025 - 23:14:24: [testprecache.amxx] precaching file
L 01/04/2025 - 23:14:24: [testprecache.amxx] hlcoop/shockroach/shock_idle3.wav
L 01/04/2025 - 23:14:24: [testprecache.amxx] precaching file
L 01/04/2025 - 23:14:24: [testprecache.amxx] hlcoop/shockroach/shock_idle2.wav
L 01/04/2025 - 23:14:24: [testprecache.amxx] precaching file
L 01/04/2025 - 23:14:24: [testprecache.amxx] /hl2/cscanner/scanner_scan_loop2.wav
L 01/04/2025 - 23:14:24: [testprecache.amxx] precaching file
L 01/04/2025 - 23:14:24: [testprecache.amxx] /hl2/cscanner/scanner_photo1.wav
L 01/04/2025 - 23:14:24: [testprecache.amxx] precaching file
L 01/04/2025 - 23:14:24: [testprecache.amxx] /hl2/cscanner/scanner_blip1.wav
L 01/04/2025 - 23:14:24: [testprecache.amxx] precaching file
L 01/04/2025 - 23:14:24: [testprecache.amxx] /hl2/cscanner/scanner_blip1.wav
L 01/04/2025 - 23:17:39: -------- Mapchange to lambda_bunker_extended --------
L 01/04/2025 - 23:17:39: [testprecache.amxx] precaching file
L 01/04/2025 - 23:17:39: [testprecache.amxx] items/smallmedkit1.wav
L 01/04/2025 - 23:17:39: [testprecache.amxx] precaching file
L 01/04/2025 - 23:17:39: [testprecache.amxx] player/pl_wade1.wav
L 01/04/2025 - 23:17:39: [testprecache.amxx] precaching file
L 01/04/2025 - 23:17:39: [testprecache.amxx] player/pl_wade2.wav
L 01/04/2025 - 23:17:39: [testprecache.amxx] precaching file
L 01/04/2025 - 23:17:39: [testprecache.amxx] hlcoop/shockroach/shock_idle3.wav
L 01/04/2025 - 23:17:39: [testprecache.amxx] precaching file
L 01/04/2025 - 23:17:39: [testprecache.amxx] hlcoop/shockroach/shock_idle2.wav
L 01/04/2025 - 23:17:39: [testprecache.amxx] precaching file
L 01/04/2025 - 23:17:39: [testprecache.amxx] /hl2/cscanner/scanner_scan_loop2.wav
L 01/04/2025 - 23:17:39: [testprecache.amxx] precaching file
L 01/04/2025 - 23:17:39: [testprecache.amxx] /hl2/cscanner/scanner_photo1.wav
L 01/04/2025 - 23:17:39: [testprecache.amxx] precaching file
L 01/04/2025 - 23:17:39: [testprecache.amxx] /hl2/cscanner/scanner_blip1.wav
L 01/04/2025 - 23:17:39: [testprecache.amxx] precaching file
L 01/04/2025 - 23:17:39: [testprecache.amxx] /hl2/cscanner/scanner_blip1.wav
L 01/04/2025 - 23:31:17: -------- Mapchange to lambda_bunker_extended --------
L 01/04/2025 - 23:31:17: [testprecache.amxx] precaching file
L 01/04/2025 - 23:31:17: [testprecache.amxx] items/smallmedkit1.wav
L 01/04/2025 - 23:31:17: [testprecache.amxx] precaching file
L 01/04/2025 - 23:31:17: [testprecache.amxx] player/pl_wade1.wav
L 01/04/2025 - 23:31:17: [testprecache.amxx] precaching file
L 01/04/2025 - 23:31:17: [testprecache.amxx] player/pl_wade2.wav
L 01/04/2025 - 23:31:17: [testprecache.amxx] precaching file
L 01/04/2025 - 23:31:17: [testprecache.amxx] hlcoop/shockroach/shock_idle3.wav
L 01/04/2025 - 23:31:17: [testprecache.amxx] precaching file
L 01/04/2025 - 23:31:17: [testprecache.amxx] hlcoop/shockroach/shock_idle2.wav
L 01/04/2025 - 23:31:17: [testprecache.amxx] precaching file
L 01/04/2025 - 23:31:17: [testprecache.amxx] /hl2/cscanner/scanner_scan_loop2.wav
L 01/04/2025 - 23:31:17: [testprecache.amxx] precaching file
L 01/04/2025 - 23:31:17: [testprecache.amxx] /hl2/cscanner/scanner_photo1.wav
L 01/04/2025 - 23:31:17: [testprecache.amxx] precaching file
L 01/04/2025 - 23:31:17: [testprecache.amxx] /hl2/cscanner/scanner_blip1.wav
L 01/04/2025 - 23:31:17: [testprecache.amxx] precaching file
L 01/04/2025 - 23:31:17: [testprecache.amxx] /hl2/cscanner/scanner_blip1.wav
