L 10/13/2024 - 13:46:44: -------- Mapchange to sandbox --------
L 10/13/2024 - 13:46:44: [testprecache.amxx] precaching file
L 10/13/2024 - 13:46:44: [testprecache.amxx] items/smallmedkit1.wav
L 10/13/2024 - 13:46:44: [testprecache.amxx] precaching file
L 10/13/2024 - 13:46:44: [testprecache.amxx] player/pl_wade1.wav
L 10/13/2024 - 13:46:44: [testprecache.amxx] precaching file
L 10/13/2024 - 13:46:44: [testprecache.amxx] player/pl_wade2.wav
L 10/13/2024 - 13:46:44: [testprecache.amxx] precaching file
L 10/13/2024 - 13:46:44: [testprecache.amxx] hlcoop/shockroach/shock_idle3.wav
L 10/13/2024 - 13:46:44: [testprecache.amxx] precaching file
L 10/13/2024 - 13:46:44: [testprecache.amxx] hlcoop/shockroach/shock_idle2.wav
L 10/13/2024 - 13:46:44: [testprecache.amxx] precaching file
L 10/13/2024 - 13:46:44: [testprecache.amxx] hl2/cscanner/scanner_scan_loop2.wav
L 10/13/2024 - 13:46:44: [testprecache.amxx] precaching file
L 10/13/2024 - 13:46:44: [testprecache.amxx] hl2/cscanner/scanner_photo1.wav
L 10/13/2024 - 13:46:44: [testprecache.amxx] precaching file
L 10/13/2024 - 13:46:44: [testprecache.amxx] hl2/cscanner/scanner_blip1.wav
L 10/13/2024 - 13:46:44: [testprecache.amxx] precaching file
L 10/13/2024 - 13:46:44: [testprecache.amxx] hl2/cscanner/scanner_blip1.wav
L 10/13/2024 - 13:46:44: [galileo.amxx] 
L 10/13/2024 - 13:46:44: [galileo.amxx] The server is jumping to the next map after the current map due more than 1 restarts on the map "d1_trainstation_02"
L 10/13/2024 - 13:46:44: [galileo.amxx] 
L 10/13/2024 - 13:46:47: -------- Mapchange to d1_town_03 --------
L 10/13/2024 - 13:46:47: [testprecache.amxx] precaching file
L 10/13/2024 - 13:46:47: [testprecache.amxx] items/smallmedkit1.wav
L 10/13/2024 - 13:46:47: [testprecache.amxx] precaching file
L 10/13/2024 - 13:46:47: [testprecache.amxx] player/pl_wade1.wav
L 10/13/2024 - 13:46:47: [testprecache.amxx] precaching file
L 10/13/2024 - 13:46:47: [testprecache.amxx] player/pl_wade2.wav
L 10/13/2024 - 13:46:47: [testprecache.amxx] precaching file
L 10/13/2024 - 13:46:47: [testprecache.amxx] hlcoop/shockroach/shock_idle3.wav
L 10/13/2024 - 13:46:47: [testprecache.amxx] precaching file
L 10/13/2024 - 13:46:47: [testprecache.amxx] hlcoop/shockroach/shock_idle2.wav
L 10/13/2024 - 13:46:47: [testprecache.amxx] precaching file
L 10/13/2024 - 13:46:47: [testprecache.amxx] hl2/cscanner/scanner_scan_loop2.wav
L 10/13/2024 - 13:46:47: [testprecache.amxx] precaching file
L 10/13/2024 - 13:46:47: [testprecache.amxx] hl2/cscanner/scanner_photo1.wav
L 10/13/2024 - 13:46:47: [testprecache.amxx] precaching file
L 10/13/2024 - 13:46:47: [testprecache.amxx] hl2/cscanner/scanner_blip1.wav
L 10/13/2024 - 13:46:47: [testprecache.amxx] precaching file
L 10/13/2024 - 13:46:47: [testprecache.amxx] hl2/cscanner/scanner_blip1.wav
L 10/13/2024 - 17:59:41: -------- Mapchange to c1a0 --------
L 10/13/2024 - 17:59:41: [testprecache.amxx] precaching file
L 10/13/2024 - 17:59:41: [testprecache.amxx] items/smallmedkit1.wav
L 10/13/2024 - 17:59:41: [testprecache.amxx] precaching file
L 10/13/2024 - 17:59:41: [testprecache.amxx] player/pl_wade1.wav
L 10/13/2024 - 17:59:41: [testprecache.amxx] precaching file
L 10/13/2024 - 17:59:41: [testprecache.amxx] player/pl_wade2.wav
L 10/13/2024 - 17:59:41: [testprecache.amxx] precaching file
L 10/13/2024 - 17:59:41: [testprecache.amxx] hlcoop/shockroach/shock_idle3.wav
L 10/13/2024 - 17:59:41: [testprecache.amxx] precaching file
L 10/13/2024 - 17:59:41: [testprecache.amxx] hlcoop/shockroach/shock_idle2.wav
L 10/13/2024 - 17:59:41: [testprecache.amxx] precaching file
L 10/13/2024 - 17:59:41: [testprecache.amxx] hl2/cscanner/scanner_scan_loop2.wav
L 10/13/2024 - 17:59:41: [testprecache.amxx] precaching file
L 10/13/2024 - 17:59:41: [testprecache.amxx] hl2/cscanner/scanner_photo1.wav
L 10/13/2024 - 17:59:41: [testprecache.amxx] precaching file
L 10/13/2024 - 17:59:41: [testprecache.amxx] hl2/cscanner/scanner_blip1.wav
L 10/13/2024 - 17:59:41: [testprecache.amxx] precaching file
L 10/13/2024 - 17:59:41: [testprecache.amxx] hl2/cscanner/scanner_blip1.wav
L 10/13/2024 - 18:00:03: -------- Mapchange to c1a0d --------
L 10/13/2024 - 18:00:03: [testprecache.amxx] precaching file
L 10/13/2024 - 18:00:03: [testprecache.amxx] items/smallmedkit1.wav
L 10/13/2024 - 18:00:03: [testprecache.amxx] precaching file
L 10/13/2024 - 18:00:03: [testprecache.amxx] player/pl_wade1.wav
L 10/13/2024 - 18:00:03: [testprecache.amxx] precaching file
L 10/13/2024 - 18:00:03: [testprecache.amxx] player/pl_wade2.wav
L 10/13/2024 - 18:00:03: [testprecache.amxx] precaching file
L 10/13/2024 - 18:00:03: [testprecache.amxx] hlcoop/shockroach/shock_idle3.wav
L 10/13/2024 - 18:00:03: [testprecache.amxx] precaching file
L 10/13/2024 - 18:00:03: [testprecache.amxx] hlcoop/shockroach/shock_idle2.wav
L 10/13/2024 - 18:00:03: [testprecache.amxx] precaching file
L 10/13/2024 - 18:00:03: [testprecache.amxx] hl2/cscanner/scanner_scan_loop2.wav
L 10/13/2024 - 18:00:03: [testprecache.amxx] precaching file
L 10/13/2024 - 18:00:03: [testprecache.amxx] hl2/cscanner/scanner_photo1.wav
L 10/13/2024 - 18:00:03: [testprecache.amxx] precaching file
L 10/13/2024 - 18:00:03: [testprecache.amxx] hl2/cscanner/scanner_blip1.wav
L 10/13/2024 - 18:00:03: [testprecache.amxx] precaching file
L 10/13/2024 - 18:00:03: [testprecache.amxx] hl2/cscanner/scanner_blip1.wav
L 10/13/2024 - 18:09:34: -------- Mapchange to sandbox --------
L 10/13/2024 - 18:09:34: [testprecache.amxx] precaching file
L 10/13/2024 - 18:09:34: [testprecache.amxx] items/smallmedkit1.wav
L 10/13/2024 - 18:09:34: [testprecache.amxx] precaching file
L 10/13/2024 - 18:09:34: [testprecache.amxx] player/pl_wade1.wav
L 10/13/2024 - 18:09:34: [testprecache.amxx] precaching file
L 10/13/2024 - 18:09:34: [testprecache.amxx] player/pl_wade2.wav
L 10/13/2024 - 18:09:34: [testprecache.amxx] precaching file
L 10/13/2024 - 18:09:34: [testprecache.amxx] hlcoop/shockroach/shock_idle3.wav
L 10/13/2024 - 18:09:34: [testprecache.amxx] precaching file
L 10/13/2024 - 18:09:34: [testprecache.amxx] hlcoop/shockroach/shock_idle2.wav
L 10/13/2024 - 18:09:34: [testprecache.amxx] precaching file
L 10/13/2024 - 18:09:34: [testprecache.amxx] hl2/cscanner/scanner_scan_loop2.wav
L 10/13/2024 - 18:09:34: [testprecache.amxx] precaching file
L 10/13/2024 - 18:09:34: [testprecache.amxx] hl2/cscanner/scanner_photo1.wav
L 10/13/2024 - 18:09:34: [testprecache.amxx] precaching file
L 10/13/2024 - 18:09:34: [testprecache.amxx] hl2/cscanner/scanner_blip1.wav
L 10/13/2024 - 18:09:34: [testprecache.amxx] precaching file
L 10/13/2024 - 18:09:34: [testprecache.amxx] hl2/cscanner/scanner_blip1.wav
L 10/13/2024 - 18:34:49: -------- Mapchange to sandbox --------
L 10/13/2024 - 18:34:49: [testprecache.amxx] precaching file
L 10/13/2024 - 18:34:49: [testprecache.amxx] items/smallmedkit1.wav
L 10/13/2024 - 18:34:49: [testprecache.amxx] precaching file
L 10/13/2024 - 18:34:49: [testprecache.amxx] player/pl_wade1.wav
L 10/13/2024 - 18:34:49: [testprecache.amxx] precaching file
L 10/13/2024 - 18:34:49: [testprecache.amxx] player/pl_wade2.wav
L 10/13/2024 - 18:34:49: [testprecache.amxx] precaching file
L 10/13/2024 - 18:34:49: [testprecache.amxx] hlcoop/shockroach/shock_idle3.wav
L 10/13/2024 - 18:34:49: [testprecache.amxx] precaching file
L 10/13/2024 - 18:34:49: [testprecache.amxx] hlcoop/shockroach/shock_idle2.wav
L 10/13/2024 - 18:34:49: [testprecache.amxx] precaching file
L 10/13/2024 - 18:34:49: [testprecache.amxx] hl2/cscanner/scanner_scan_loop2.wav
L 10/13/2024 - 18:34:49: [testprecache.amxx] precaching file
L 10/13/2024 - 18:34:49: [testprecache.amxx] hl2/cscanner/scanner_photo1.wav
L 10/13/2024 - 18:34:49: [testprecache.amxx] precaching file
L 10/13/2024 - 18:34:49: [testprecache.amxx] hl2/cscanner/scanner_blip1.wav
L 10/13/2024 - 18:34:49: [testprecache.amxx] precaching file
L 10/13/2024 - 18:34:49: [testprecache.amxx] hl2/cscanner/scanner_blip1.wav
L 10/13/2024 - 18:48:38: -------- Mapchange to sandbox --------
L 10/13/2024 - 18:48:38: [testprecache.amxx] precaching file
L 10/13/2024 - 18:48:38: [testprecache.amxx] items/smallmedkit1.wav
L 10/13/2024 - 18:48:38: [testprecache.amxx] precaching file
L 10/13/2024 - 18:48:38: [testprecache.amxx] player/pl_wade1.wav
L 10/13/2024 - 18:48:38: [testprecache.amxx] precaching file
L 10/13/2024 - 18:48:38: [testprecache.amxx] player/pl_wade2.wav
L 10/13/2024 - 18:48:38: [testprecache.amxx] precaching file
L 10/13/2024 - 18:48:38: [testprecache.amxx] hlcoop/shockroach/shock_idle3.wav
L 10/13/2024 - 18:48:38: [testprecache.amxx] precaching file
L 10/13/2024 - 18:48:38: [testprecache.amxx] hlcoop/shockroach/shock_idle2.wav
L 10/13/2024 - 18:48:38: [testprecache.amxx] precaching file
L 10/13/2024 - 18:48:38: [testprecache.amxx] hl2/cscanner/scanner_scan_loop2.wav
L 10/13/2024 - 18:48:38: [testprecache.amxx] precaching file
L 10/13/2024 - 18:48:38: [testprecache.amxx] hl2/cscanner/scanner_photo1.wav
L 10/13/2024 - 18:48:38: [testprecache.amxx] precaching file
L 10/13/2024 - 18:48:38: [testprecache.amxx] hl2/cscanner/scanner_blip1.wav
L 10/13/2024 - 18:48:38: [testprecache.amxx] precaching file
L 10/13/2024 - 18:48:38: [testprecache.amxx] hl2/cscanner/scanner_blip1.wav
L 10/13/2024 - 18:57:14: -------- Mapchange to sandbox --------
L 10/13/2024 - 18:57:14: [testprecache.amxx] precaching file
L 10/13/2024 - 18:57:14: [testprecache.amxx] items/smallmedkit1.wav
L 10/13/2024 - 18:57:14: [testprecache.amxx] precaching file
L 10/13/2024 - 18:57:14: [testprecache.amxx] player/pl_wade1.wav
L 10/13/2024 - 18:57:14: [testprecache.amxx] precaching file
L 10/13/2024 - 18:57:14: [testprecache.amxx] player/pl_wade2.wav
L 10/13/2024 - 18:57:14: [testprecache.amxx] precaching file
L 10/13/2024 - 18:57:14: [testprecache.amxx] hlcoop/shockroach/shock_idle3.wav
L 10/13/2024 - 18:57:14: [testprecache.amxx] precaching file
L 10/13/2024 - 18:57:14: [testprecache.amxx] hlcoop/shockroach/shock_idle2.wav
L 10/13/2024 - 18:57:14: [testprecache.amxx] precaching file
L 10/13/2024 - 18:57:14: [testprecache.amxx] hl2/cscanner/scanner_scan_loop2.wav
L 10/13/2024 - 18:57:14: [testprecache.amxx] precaching file
L 10/13/2024 - 18:57:14: [testprecache.amxx] hl2/cscanner/scanner_photo1.wav
L 10/13/2024 - 18:57:14: [testprecache.amxx] precaching file
L 10/13/2024 - 18:57:14: [testprecache.amxx] hl2/cscanner/scanner_blip1.wav
L 10/13/2024 - 18:57:14: [testprecache.amxx] precaching file
L 10/13/2024 - 18:57:14: [testprecache.amxx] hl2/cscanner/scanner_blip1.wav
