L 02/10/2025 - 12:48:14: -------- Mapchange to hl_c00 --------
L 02/10/2025 - 12:48:14: [testprecache.amxx] precaching file
L 02/10/2025 - 12:48:14: [testprecache.amxx] items/smallmedkit1.wav
L 02/10/2025 - 12:48:14: [testprecache.amxx] precaching file
L 02/10/2025 - 12:48:14: [testprecache.amxx] player/pl_wade1.wav
L 02/10/2025 - 12:48:14: [testprecache.amxx] precaching file
L 02/10/2025 - 12:48:14: [testprecache.amxx] player/pl_wade2.wav
L 02/10/2025 - 12:48:14: [testprecache.amxx] precaching file
L 02/10/2025 - 12:48:14: [testprecache.amxx] hlcoop/shockroach/shock_idle3.wav
L 02/10/2025 - 12:48:14: [testprecache.amxx] precaching file
L 02/10/2025 - 12:48:14: [testprecache.amxx] hlcoop/shockroach/shock_idle2.wav
L 02/10/2025 - 12:48:14: [testprecache.amxx] precaching file
L 02/10/2025 - 12:48:14: [testprecache.amxx] /hl2/cscanner/scanner_scan_loop2.wav
L 02/10/2025 - 12:48:14: [testprecache.amxx] precaching file
L 02/10/2025 - 12:48:14: [testprecache.amxx] /hl2/cscanner/scanner_photo1.wav
L 02/10/2025 - 12:48:14: [testprecache.amxx] precaching file
L 02/10/2025 - 12:48:14: [testprecache.amxx] /hl2/cscanner/scanner_blip1.wav
L 02/10/2025 - 12:48:14: [testprecache.amxx] precaching file
L 02/10/2025 - 12:48:14: [testprecache.amxx] /hl2/cscanner/scanner_blip1.wav
L 02/10/2025 - 12:49:54: -------- Mapchange to hl_c01_a1 --------
L 02/10/2025 - 12:49:54: [testprecache.amxx] precaching file
L 02/10/2025 - 12:49:54: [testprecache.amxx] items/smallmedkit1.wav
L 02/10/2025 - 12:49:54: [testprecache.amxx] precaching file
L 02/10/2025 - 12:49:54: [testprecache.amxx] player/pl_wade1.wav
L 02/10/2025 - 12:49:54: [testprecache.amxx] precaching file
L 02/10/2025 - 12:49:54: [testprecache.amxx] player/pl_wade2.wav
L 02/10/2025 - 12:49:54: [testprecache.amxx] precaching file
L 02/10/2025 - 12:49:54: [testprecache.amxx] hlcoop/shockroach/shock_idle3.wav
L 02/10/2025 - 12:49:54: [testprecache.amxx] precaching file
L 02/10/2025 - 12:49:54: [testprecache.amxx] hlcoop/shockroach/shock_idle2.wav
L 02/10/2025 - 12:49:54: [testprecache.amxx] precaching file
L 02/10/2025 - 12:49:54: [testprecache.amxx] /hl2/cscanner/scanner_scan_loop2.wav
L 02/10/2025 - 12:49:54: [testprecache.amxx] precaching file
L 02/10/2025 - 12:49:54: [testprecache.amxx] /hl2/cscanner/scanner_photo1.wav
L 02/10/2025 - 12:49:54: [testprecache.amxx] precaching file
L 02/10/2025 - 12:49:54: [testprecache.amxx] /hl2/cscanner/scanner_blip1.wav
L 02/10/2025 - 12:49:54: [testprecache.amxx] precaching file
L 02/10/2025 - 12:49:54: [testprecache.amxx] /hl2/cscanner/scanner_blip1.wav
L 02/10/2025 - 12:50:14: -------- Mapchange to sandbox --------
L 02/10/2025 - 12:50:14: [testprecache.amxx] precaching file
L 02/10/2025 - 12:50:14: [testprecache.amxx] items/smallmedkit1.wav
L 02/10/2025 - 12:50:14: [testprecache.amxx] precaching file
L 02/10/2025 - 12:50:14: [testprecache.amxx] player/pl_wade1.wav
L 02/10/2025 - 12:50:14: [testprecache.amxx] precaching file
L 02/10/2025 - 12:50:14: [testprecache.amxx] player/pl_wade2.wav
L 02/10/2025 - 12:50:14: [testprecache.amxx] precaching file
L 02/10/2025 - 12:50:14: [testprecache.amxx] hlcoop/shockroach/shock_idle3.wav
L 02/10/2025 - 12:50:14: [testprecache.amxx] precaching file
L 02/10/2025 - 12:50:14: [testprecache.amxx] hlcoop/shockroach/shock_idle2.wav
L 02/10/2025 - 12:50:14: [testprecache.amxx] precaching file
L 02/10/2025 - 12:50:14: [testprecache.amxx] /hl2/cscanner/scanner_scan_loop2.wav
L 02/10/2025 - 12:50:14: [testprecache.amxx] precaching file
L 02/10/2025 - 12:50:14: [testprecache.amxx] /hl2/cscanner/scanner_photo1.wav
L 02/10/2025 - 12:50:14: [testprecache.amxx] precaching file
L 02/10/2025 - 12:50:14: [testprecache.amxx] /hl2/cscanner/scanner_blip1.wav
L 02/10/2025 - 12:50:14: [testprecache.amxx] precaching file
L 02/10/2025 - 12:50:14: [testprecache.amxx] /hl2/cscanner/scanner_blip1.wav
L 02/10/2025 - 12:50:17: -------- Mapchange to e1m1 --------
L 02/10/2025 - 12:50:17: [testprecache.amxx] precaching file
L 02/10/2025 - 12:50:17: [testprecache.amxx] items/smallmedkit1.wav
L 02/10/2025 - 12:50:17: [testprecache.amxx] precaching file
L 02/10/2025 - 12:50:17: [testprecache.amxx] player/pl_wade1.wav
L 02/10/2025 - 12:50:17: [testprecache.amxx] precaching file
L 02/10/2025 - 12:50:17: [testprecache.amxx] player/pl_wade2.wav
L 02/10/2025 - 12:50:17: [testprecache.amxx] precaching file
L 02/10/2025 - 12:50:17: [testprecache.amxx] hlcoop/shockroach/shock_idle3.wav
L 02/10/2025 - 12:50:17: [testprecache.amxx] precaching file
L 02/10/2025 - 12:50:17: [testprecache.amxx] hlcoop/shockroach/shock_idle2.wav
L 02/10/2025 - 12:50:17: [testprecache.amxx] precaching file
L 02/10/2025 - 12:50:17: [testprecache.amxx] /hl2/cscanner/scanner_scan_loop2.wav
L 02/10/2025 - 12:50:17: [testprecache.amxx] precaching file
L 02/10/2025 - 12:50:17: [testprecache.amxx] /hl2/cscanner/scanner_photo1.wav
L 02/10/2025 - 12:50:17: [testprecache.amxx] precaching file
L 02/10/2025 - 12:50:17: [testprecache.amxx] /hl2/cscanner/scanner_blip1.wav
L 02/10/2025 - 12:50:17: [testprecache.amxx] precaching file
L 02/10/2025 - 12:50:17: [testprecache.amxx] /hl2/cscanner/scanner_blip1.wav
L 02/10/2025 - 13:22:26: -------- Mapchange to sandbox --------
L 02/10/2025 - 13:22:26: [testprecache.amxx] precaching file
L 02/10/2025 - 13:22:26: [testprecache.amxx] items/smallmedkit1.wav
L 02/10/2025 - 13:22:26: [testprecache.amxx] precaching file
L 02/10/2025 - 13:22:26: [testprecache.amxx] player/pl_wade1.wav
L 02/10/2025 - 13:22:26: [testprecache.amxx] precaching file
L 02/10/2025 - 13:22:26: [testprecache.amxx] player/pl_wade2.wav
L 02/10/2025 - 13:22:26: [testprecache.amxx] precaching file
L 02/10/2025 - 13:22:26: [testprecache.amxx] hlcoop/shockroach/shock_idle3.wav
L 02/10/2025 - 13:22:26: [testprecache.amxx] precaching file
L 02/10/2025 - 13:22:26: [testprecache.amxx] hlcoop/shockroach/shock_idle2.wav
L 02/10/2025 - 13:22:26: [testprecache.amxx] precaching file
L 02/10/2025 - 13:22:26: [testprecache.amxx] /hl2/cscanner/scanner_scan_loop2.wav
L 02/10/2025 - 13:22:26: [testprecache.amxx] precaching file
L 02/10/2025 - 13:22:26: [testprecache.amxx] /hl2/cscanner/scanner_photo1.wav
L 02/10/2025 - 13:22:26: [testprecache.amxx] precaching file
L 02/10/2025 - 13:22:26: [testprecache.amxx] /hl2/cscanner/scanner_blip1.wav
L 02/10/2025 - 13:22:26: [testprecache.amxx] precaching file
L 02/10/2025 - 13:22:26: [testprecache.amxx] /hl2/cscanner/scanner_blip1.wav
L 02/10/2025 - 13:22:28: -------- Mapchange to e1m1 --------
L 02/10/2025 - 13:22:28: [testprecache.amxx] precaching file
L 02/10/2025 - 13:22:28: [testprecache.amxx] items/smallmedkit1.wav
L 02/10/2025 - 13:22:28: [testprecache.amxx] precaching file
L 02/10/2025 - 13:22:28: [testprecache.amxx] player/pl_wade1.wav
L 02/10/2025 - 13:22:28: [testprecache.amxx] precaching file
L 02/10/2025 - 13:22:28: [testprecache.amxx] player/pl_wade2.wav
L 02/10/2025 - 13:22:28: [testprecache.amxx] precaching file
L 02/10/2025 - 13:22:28: [testprecache.amxx] hlcoop/shockroach/shock_idle3.wav
L 02/10/2025 - 13:22:28: [testprecache.amxx] precaching file
L 02/10/2025 - 13:22:28: [testprecache.amxx] hlcoop/shockroach/shock_idle2.wav
L 02/10/2025 - 13:22:28: [testprecache.amxx] precaching file
L 02/10/2025 - 13:22:28: [testprecache.amxx] /hl2/cscanner/scanner_scan_loop2.wav
L 02/10/2025 - 13:22:28: [testprecache.amxx] precaching file
L 02/10/2025 - 13:22:28: [testprecache.amxx] /hl2/cscanner/scanner_photo1.wav
L 02/10/2025 - 13:22:28: [testprecache.amxx] precaching file
L 02/10/2025 - 13:22:28: [testprecache.amxx] /hl2/cscanner/scanner_blip1.wav
L 02/10/2025 - 13:22:28: [testprecache.amxx] precaching file
L 02/10/2025 - 13:22:28: [testprecache.amxx] /hl2/cscanner/scanner_blip1.wav
L 02/10/2025 - 13:25:25: -------- Mapchange to hl_c01_a1 --------
L 02/10/2025 - 13:25:25: [testprecache.amxx] precaching file
L 02/10/2025 - 13:25:25: [testprecache.amxx] items/smallmedkit1.wav
L 02/10/2025 - 13:25:25: [testprecache.amxx] precaching file
L 02/10/2025 - 13:25:25: [testprecache.amxx] player/pl_wade1.wav
L 02/10/2025 - 13:25:25: [testprecache.amxx] precaching file
L 02/10/2025 - 13:25:25: [testprecache.amxx] player/pl_wade2.wav
L 02/10/2025 - 13:25:25: [testprecache.amxx] precaching file
L 02/10/2025 - 13:25:25: [testprecache.amxx] hlcoop/shockroach/shock_idle3.wav
L 02/10/2025 - 13:25:25: [testprecache.amxx] precaching file
L 02/10/2025 - 13:25:25: [testprecache.amxx] hlcoop/shockroach/shock_idle2.wav
L 02/10/2025 - 13:25:25: [testprecache.amxx] precaching file
L 02/10/2025 - 13:25:25: [testprecache.amxx] /hl2/cscanner/scanner_scan_loop2.wav
L 02/10/2025 - 13:25:25: [testprecache.amxx] precaching file
L 02/10/2025 - 13:25:25: [testprecache.amxx] /hl2/cscanner/scanner_photo1.wav
L 02/10/2025 - 13:25:25: [testprecache.amxx] precaching file
L 02/10/2025 - 13:25:25: [testprecache.amxx] /hl2/cscanner/scanner_blip1.wav
L 02/10/2025 - 13:25:25: [testprecache.amxx] precaching file
L 02/10/2025 - 13:25:25: [testprecache.amxx] /hl2/cscanner/scanner_blip1.wav
L 02/10/2025 - 13:37:03: -------- Mapchange to sandbox --------
L 02/10/2025 - 13:37:03: [testprecache.amxx] precaching file
L 02/10/2025 - 13:37:03: [testprecache.amxx] items/smallmedkit1.wav
L 02/10/2025 - 13:37:03: [testprecache.amxx] precaching file
L 02/10/2025 - 13:37:03: [testprecache.amxx] player/pl_wade1.wav
L 02/10/2025 - 13:37:03: [testprecache.amxx] precaching file
L 02/10/2025 - 13:37:03: [testprecache.amxx] player/pl_wade2.wav
L 02/10/2025 - 13:37:03: [testprecache.amxx] precaching file
L 02/10/2025 - 13:37:03: [testprecache.amxx] hlcoop/shockroach/shock_idle3.wav
L 02/10/2025 - 13:37:03: [testprecache.amxx] precaching file
L 02/10/2025 - 13:37:03: [testprecache.amxx] hlcoop/shockroach/shock_idle2.wav
L 02/10/2025 - 13:37:03: [testprecache.amxx] precaching file
L 02/10/2025 - 13:37:03: [testprecache.amxx] /hl2/cscanner/scanner_scan_loop2.wav
L 02/10/2025 - 13:37:03: [testprecache.amxx] precaching file
L 02/10/2025 - 13:37:03: [testprecache.amxx] /hl2/cscanner/scanner_photo1.wav
L 02/10/2025 - 13:37:03: [testprecache.amxx] precaching file
L 02/10/2025 - 13:37:03: [testprecache.amxx] /hl2/cscanner/scanner_blip1.wav
L 02/10/2025 - 13:37:03: [testprecache.amxx] precaching file
L 02/10/2025 - 13:37:03: [testprecache.amxx] /hl2/cscanner/scanner_blip1.wav
L 02/10/2025 - 13:37:06: -------- Mapchange to hl_c01_a1 --------
L 02/10/2025 - 13:37:06: [testprecache.amxx] precaching file
L 02/10/2025 - 13:37:06: [testprecache.amxx] items/smallmedkit1.wav
L 02/10/2025 - 13:37:06: [testprecache.amxx] precaching file
L 02/10/2025 - 13:37:06: [testprecache.amxx] player/pl_wade1.wav
L 02/10/2025 - 13:37:06: [testprecache.amxx] precaching file
L 02/10/2025 - 13:37:06: [testprecache.amxx] player/pl_wade2.wav
L 02/10/2025 - 13:37:06: [testprecache.amxx] precaching file
L 02/10/2025 - 13:37:06: [testprecache.amxx] hlcoop/shockroach/shock_idle3.wav
L 02/10/2025 - 13:37:06: [testprecache.amxx] precaching file
L 02/10/2025 - 13:37:06: [testprecache.amxx] hlcoop/shockroach/shock_idle2.wav
L 02/10/2025 - 13:37:06: [testprecache.amxx] precaching file
L 02/10/2025 - 13:37:06: [testprecache.amxx] /hl2/cscanner/scanner_scan_loop2.wav
L 02/10/2025 - 13:37:06: [testprecache.amxx] precaching file
L 02/10/2025 - 13:37:06: [testprecache.amxx] /hl2/cscanner/scanner_photo1.wav
L 02/10/2025 - 13:37:06: [testprecache.amxx] precaching file
L 02/10/2025 - 13:37:06: [testprecache.amxx] /hl2/cscanner/scanner_blip1.wav
L 02/10/2025 - 13:37:06: [testprecache.amxx] precaching file
L 02/10/2025 - 13:37:06: [testprecache.amxx] /hl2/cscanner/scanner_blip1.wav
L 02/10/2025 - 14:02:48: -------- Mapchange to sandbox --------
L 02/10/2025 - 14:02:48: [testprecache.amxx] precaching file
L 02/10/2025 - 14:02:48: [testprecache.amxx] items/smallmedkit1.wav
L 02/10/2025 - 14:02:48: [testprecache.amxx] precaching file
L 02/10/2025 - 14:02:48: [testprecache.amxx] player/pl_wade1.wav
L 02/10/2025 - 14:02:48: [testprecache.amxx] precaching file
L 02/10/2025 - 14:02:48: [testprecache.amxx] player/pl_wade2.wav
L 02/10/2025 - 14:02:48: [testprecache.amxx] precaching file
L 02/10/2025 - 14:02:48: [testprecache.amxx] hlcoop/shockroach/shock_idle3.wav
L 02/10/2025 - 14:02:48: [testprecache.amxx] precaching file
L 02/10/2025 - 14:02:48: [testprecache.amxx] hlcoop/shockroach/shock_idle2.wav
L 02/10/2025 - 14:02:48: [testprecache.amxx] precaching file
L 02/10/2025 - 14:02:48: [testprecache.amxx] /hl2/cscanner/scanner_scan_loop2.wav
L 02/10/2025 - 14:02:48: [testprecache.amxx] precaching file
L 02/10/2025 - 14:02:48: [testprecache.amxx] /hl2/cscanner/scanner_photo1.wav
L 02/10/2025 - 14:02:48: [testprecache.amxx] precaching file
L 02/10/2025 - 14:02:48: [testprecache.amxx] /hl2/cscanner/scanner_blip1.wav
L 02/10/2025 - 14:02:48: [testprecache.amxx] precaching file
L 02/10/2025 - 14:02:48: [testprecache.amxx] /hl2/cscanner/scanner_blip1.wav
L 02/10/2025 - 14:02:50: -------- Mapchange to hl_c01_a1 --------
L 02/10/2025 - 14:02:50: [testprecache.amxx] precaching file
L 02/10/2025 - 14:02:50: [testprecache.amxx] items/smallmedkit1.wav
L 02/10/2025 - 14:02:50: [testprecache.amxx] precaching file
L 02/10/2025 - 14:02:50: [testprecache.amxx] player/pl_wade1.wav
L 02/10/2025 - 14:02:50: [testprecache.amxx] precaching file
L 02/10/2025 - 14:02:50: [testprecache.amxx] player/pl_wade2.wav
L 02/10/2025 - 14:02:50: [testprecache.amxx] precaching file
L 02/10/2025 - 14:02:50: [testprecache.amxx] hlcoop/shockroach/shock_idle3.wav
L 02/10/2025 - 14:02:50: [testprecache.amxx] precaching file
L 02/10/2025 - 14:02:50: [testprecache.amxx] hlcoop/shockroach/shock_idle2.wav
L 02/10/2025 - 14:02:50: [testprecache.amxx] precaching file
L 02/10/2025 - 14:02:50: [testprecache.amxx] /hl2/cscanner/scanner_scan_loop2.wav
L 02/10/2025 - 14:02:50: [testprecache.amxx] precaching file
L 02/10/2025 - 14:02:50: [testprecache.amxx] /hl2/cscanner/scanner_photo1.wav
L 02/10/2025 - 14:02:50: [testprecache.amxx] precaching file
L 02/10/2025 - 14:02:50: [testprecache.amxx] /hl2/cscanner/scanner_blip1.wav
L 02/10/2025 - 14:02:50: [testprecache.amxx] precaching file
L 02/10/2025 - 14:02:50: [testprecache.amxx] /hl2/cscanner/scanner_blip1.wav
L 02/10/2025 - 14:03:21: -------- Mapchange to d1_trainstation_02 --------
L 02/10/2025 - 14:03:21: [testprecache.amxx] precaching file
L 02/10/2025 - 14:03:21: [testprecache.amxx] items/smallmedkit1.wav
L 02/10/2025 - 14:03:21: [testprecache.amxx] precaching file
L 02/10/2025 - 14:03:21: [testprecache.amxx] player/pl_wade1.wav
L 02/10/2025 - 14:03:21: [testprecache.amxx] precaching file
L 02/10/2025 - 14:03:21: [testprecache.amxx] player/pl_wade2.wav
L 02/10/2025 - 14:03:21: [testprecache.amxx] precaching file
L 02/10/2025 - 14:03:21: [testprecache.amxx] hlcoop/shockroach/shock_idle3.wav
L 02/10/2025 - 14:03:21: [testprecache.amxx] precaching file
L 02/10/2025 - 14:03:21: [testprecache.amxx] hlcoop/shockroach/shock_idle2.wav
L 02/10/2025 - 14:03:21: [testprecache.amxx] precaching file
L 02/10/2025 - 14:03:21: [testprecache.amxx] /hl2/cscanner/scanner_scan_loop2.wav
L 02/10/2025 - 14:03:21: [testprecache.amxx] precaching file
L 02/10/2025 - 14:03:21: [testprecache.amxx] /hl2/cscanner/scanner_photo1.wav
L 02/10/2025 - 14:03:21: [testprecache.amxx] precaching file
L 02/10/2025 - 14:03:21: [testprecache.amxx] /hl2/cscanner/scanner_blip1.wav
L 02/10/2025 - 14:03:21: [testprecache.amxx] precaching file
L 02/10/2025 - 14:03:21: [testprecache.amxx] /hl2/cscanner/scanner_blip1.wav
L 02/10/2025 - 14:06:30: -------- Mapchange to sandbox --------
L 02/10/2025 - 14:06:30: [testprecache.amxx] precaching file
L 02/10/2025 - 14:06:30: [testprecache.amxx] items/smallmedkit1.wav
L 02/10/2025 - 14:06:30: [testprecache.amxx] precaching file
L 02/10/2025 - 14:06:30: [testprecache.amxx] player/pl_wade1.wav
L 02/10/2025 - 14:06:30: [testprecache.amxx] precaching file
L 02/10/2025 - 14:06:30: [testprecache.amxx] player/pl_wade2.wav
L 02/10/2025 - 14:06:30: [testprecache.amxx] precaching file
L 02/10/2025 - 14:06:30: [testprecache.amxx] hlcoop/shockroach/shock_idle3.wav
L 02/10/2025 - 14:06:30: [testprecache.amxx] precaching file
L 02/10/2025 - 14:06:30: [testprecache.amxx] hlcoop/shockroach/shock_idle2.wav
L 02/10/2025 - 14:06:30: [testprecache.amxx] precaching file
L 02/10/2025 - 14:06:30: [testprecache.amxx] /hl2/cscanner/scanner_scan_loop2.wav
L 02/10/2025 - 14:06:30: [testprecache.amxx] precaching file
L 02/10/2025 - 14:06:30: [testprecache.amxx] /hl2/cscanner/scanner_photo1.wav
L 02/10/2025 - 14:06:30: [testprecache.amxx] precaching file
L 02/10/2025 - 14:06:30: [testprecache.amxx] /hl2/cscanner/scanner_blip1.wav
L 02/10/2025 - 14:06:30: [testprecache.amxx] precaching file
L 02/10/2025 - 14:06:30: [testprecache.amxx] /hl2/cscanner/scanner_blip1.wav
L 02/10/2025 - 14:06:33: -------- Mapchange to d1_trainstation_02 --------
L 02/10/2025 - 14:06:33: [testprecache.amxx] precaching file
L 02/10/2025 - 14:06:33: [testprecache.amxx] items/smallmedkit1.wav
L 02/10/2025 - 14:06:33: [testprecache.amxx] precaching file
L 02/10/2025 - 14:06:33: [testprecache.amxx] player/pl_wade1.wav
L 02/10/2025 - 14:06:33: [testprecache.amxx] precaching file
L 02/10/2025 - 14:06:33: [testprecache.amxx] player/pl_wade2.wav
L 02/10/2025 - 14:06:33: [testprecache.amxx] precaching file
L 02/10/2025 - 14:06:33: [testprecache.amxx] hlcoop/shockroach/shock_idle3.wav
L 02/10/2025 - 14:06:33: [testprecache.amxx] precaching file
L 02/10/2025 - 14:06:33: [testprecache.amxx] hlcoop/shockroach/shock_idle2.wav
L 02/10/2025 - 14:06:33: [testprecache.amxx] precaching file
L 02/10/2025 - 14:06:33: [testprecache.amxx] /hl2/cscanner/scanner_scan_loop2.wav
L 02/10/2025 - 14:06:33: [testprecache.amxx] precaching file
L 02/10/2025 - 14:06:33: [testprecache.amxx] /hl2/cscanner/scanner_photo1.wav
L 02/10/2025 - 14:06:33: [testprecache.amxx] precaching file
L 02/10/2025 - 14:06:33: [testprecache.amxx] /hl2/cscanner/scanner_blip1.wav
L 02/10/2025 - 14:06:33: [testprecache.amxx] precaching file
L 02/10/2025 - 14:06:33: [testprecache.amxx] /hl2/cscanner/scanner_blip1.wav
L 02/10/2025 - 14:07:12: -------- Mapchange to hl_c01_a1 --------
L 02/10/2025 - 14:07:12: [testprecache.amxx] precaching file
L 02/10/2025 - 14:07:12: [testprecache.amxx] items/smallmedkit1.wav
L 02/10/2025 - 14:07:12: [testprecache.amxx] precaching file
L 02/10/2025 - 14:07:12: [testprecache.amxx] player/pl_wade1.wav
L 02/10/2025 - 14:07:12: [testprecache.amxx] precaching file
L 02/10/2025 - 14:07:12: [testprecache.amxx] player/pl_wade2.wav
L 02/10/2025 - 14:07:12: [testprecache.amxx] precaching file
L 02/10/2025 - 14:07:12: [testprecache.amxx] hlcoop/shockroach/shock_idle3.wav
L 02/10/2025 - 14:07:12: [testprecache.amxx] precaching file
L 02/10/2025 - 14:07:12: [testprecache.amxx] hlcoop/shockroach/shock_idle2.wav
L 02/10/2025 - 14:07:12: [testprecache.amxx] precaching file
L 02/10/2025 - 14:07:12: [testprecache.amxx] /hl2/cscanner/scanner_scan_loop2.wav
L 02/10/2025 - 14:07:12: [testprecache.amxx] precaching file
L 02/10/2025 - 14:07:12: [testprecache.amxx] /hl2/cscanner/scanner_photo1.wav
L 02/10/2025 - 14:07:12: [testprecache.amxx] precaching file
L 02/10/2025 - 14:07:12: [testprecache.amxx] /hl2/cscanner/scanner_blip1.wav
L 02/10/2025 - 14:07:12: [testprecache.amxx] precaching file
L 02/10/2025 - 14:07:12: [testprecache.amxx] /hl2/cscanner/scanner_blip1.wav
L 02/10/2025 - 14:09:39: -------- Mapchange to hl_c01_a2 --------
L 02/10/2025 - 14:09:39: [testprecache.amxx] precaching file
L 02/10/2025 - 14:09:39: [testprecache.amxx] items/smallmedkit1.wav
L 02/10/2025 - 14:09:39: [testprecache.amxx] precaching file
L 02/10/2025 - 14:09:39: [testprecache.amxx] player/pl_wade1.wav
L 02/10/2025 - 14:09:39: [testprecache.amxx] precaching file
L 02/10/2025 - 14:09:39: [testprecache.amxx] player/pl_wade2.wav
L 02/10/2025 - 14:09:39: [testprecache.amxx] precaching file
L 02/10/2025 - 14:09:39: [testprecache.amxx] hlcoop/shockroach/shock_idle3.wav
L 02/10/2025 - 14:09:39: [testprecache.amxx] precaching file
L 02/10/2025 - 14:09:39: [testprecache.amxx] hlcoop/shockroach/shock_idle2.wav
L 02/10/2025 - 14:09:39: [testprecache.amxx] precaching file
L 02/10/2025 - 14:09:39: [testprecache.amxx] /hl2/cscanner/scanner_scan_loop2.wav
L 02/10/2025 - 14:09:39: [testprecache.amxx] precaching file
L 02/10/2025 - 14:09:39: [testprecache.amxx] /hl2/cscanner/scanner_photo1.wav
L 02/10/2025 - 14:09:39: [testprecache.amxx] precaching file
L 02/10/2025 - 14:09:39: [testprecache.amxx] /hl2/cscanner/scanner_blip1.wav
L 02/10/2025 - 14:09:39: [testprecache.amxx] precaching file
L 02/10/2025 - 14:09:39: [testprecache.amxx] /hl2/cscanner/scanner_blip1.wav
L 02/10/2025 - 14:13:50: -------- Mapchange to hl_c02_a1 --------
L 02/10/2025 - 14:13:50: [testprecache.amxx] precaching file
L 02/10/2025 - 14:13:50: [testprecache.amxx] items/smallmedkit1.wav
L 02/10/2025 - 14:13:50: [testprecache.amxx] precaching file
L 02/10/2025 - 14:13:50: [testprecache.amxx] player/pl_wade1.wav
L 02/10/2025 - 14:13:50: [testprecache.amxx] precaching file
L 02/10/2025 - 14:13:50: [testprecache.amxx] player/pl_wade2.wav
L 02/10/2025 - 14:13:50: [testprecache.amxx] precaching file
L 02/10/2025 - 14:13:50: [testprecache.amxx] hlcoop/shockroach/shock_idle3.wav
L 02/10/2025 - 14:13:50: [testprecache.amxx] precaching file
L 02/10/2025 - 14:13:50: [testprecache.amxx] hlcoop/shockroach/shock_idle2.wav
L 02/10/2025 - 14:13:50: [testprecache.amxx] precaching file
L 02/10/2025 - 14:13:50: [testprecache.amxx] /hl2/cscanner/scanner_scan_loop2.wav
L 02/10/2025 - 14:13:50: [testprecache.amxx] precaching file
L 02/10/2025 - 14:13:50: [testprecache.amxx] /hl2/cscanner/scanner_photo1.wav
L 02/10/2025 - 14:13:50: [testprecache.amxx] precaching file
L 02/10/2025 - 14:13:50: [testprecache.amxx] /hl2/cscanner/scanner_blip1.wav
L 02/10/2025 - 14:13:50: [testprecache.amxx] precaching file
L 02/10/2025 - 14:13:50: [testprecache.amxx] /hl2/cscanner/scanner_blip1.wav
L 02/10/2025 - 14:14:10: -------- Mapchange to sandbox --------
L 02/10/2025 - 14:14:10: [testprecache.amxx] precaching file
L 02/10/2025 - 14:14:10: [testprecache.amxx] items/smallmedkit1.wav
L 02/10/2025 - 14:14:10: [testprecache.amxx] precaching file
L 02/10/2025 - 14:14:10: [testprecache.amxx] player/pl_wade1.wav
L 02/10/2025 - 14:14:10: [testprecache.amxx] precaching file
L 02/10/2025 - 14:14:10: [testprecache.amxx] player/pl_wade2.wav
L 02/10/2025 - 14:14:10: [testprecache.amxx] precaching file
L 02/10/2025 - 14:14:10: [testprecache.amxx] hlcoop/shockroach/shock_idle3.wav
L 02/10/2025 - 14:14:10: [testprecache.amxx] precaching file
L 02/10/2025 - 14:14:10: [testprecache.amxx] hlcoop/shockroach/shock_idle2.wav
L 02/10/2025 - 14:14:10: [testprecache.amxx] precaching file
L 02/10/2025 - 14:14:10: [testprecache.amxx] /hl2/cscanner/scanner_scan_loop2.wav
L 02/10/2025 - 14:14:10: [testprecache.amxx] precaching file
L 02/10/2025 - 14:14:10: [testprecache.amxx] /hl2/cscanner/scanner_photo1.wav
L 02/10/2025 - 14:14:10: [testprecache.amxx] precaching file
L 02/10/2025 - 14:14:10: [testprecache.amxx] /hl2/cscanner/scanner_blip1.wav
L 02/10/2025 - 14:14:10: [testprecache.amxx] precaching file
L 02/10/2025 - 14:14:10: [testprecache.amxx] /hl2/cscanner/scanner_blip1.wav
L 02/10/2025 - 14:14:13: -------- Mapchange to sc_test --------
L 02/10/2025 - 14:14:13: [testprecache.amxx] precaching file
L 02/10/2025 - 14:14:13: [testprecache.amxx] items/smallmedkit1.wav
L 02/10/2025 - 14:14:13: [testprecache.amxx] precaching file
L 02/10/2025 - 14:14:13: [testprecache.amxx] player/pl_wade1.wav
L 02/10/2025 - 14:14:13: [testprecache.amxx] precaching file
L 02/10/2025 - 14:14:13: [testprecache.amxx] player/pl_wade2.wav
L 02/10/2025 - 14:14:13: [testprecache.amxx] precaching file
L 02/10/2025 - 14:14:13: [testprecache.amxx] hlcoop/shockroach/shock_idle3.wav
L 02/10/2025 - 14:14:13: [testprecache.amxx] precaching file
L 02/10/2025 - 14:14:13: [testprecache.amxx] hlcoop/shockroach/shock_idle2.wav
L 02/10/2025 - 14:14:13: [testprecache.amxx] precaching file
L 02/10/2025 - 14:14:13: [testprecache.amxx] /hl2/cscanner/scanner_scan_loop2.wav
L 02/10/2025 - 14:14:13: [testprecache.amxx] precaching file
L 02/10/2025 - 14:14:13: [testprecache.amxx] /hl2/cscanner/scanner_photo1.wav
L 02/10/2025 - 14:14:13: [testprecache.amxx] precaching file
L 02/10/2025 - 14:14:13: [testprecache.amxx] /hl2/cscanner/scanner_blip1.wav
L 02/10/2025 - 14:14:13: [testprecache.amxx] precaching file
L 02/10/2025 - 14:14:13: [testprecache.amxx] /hl2/cscanner/scanner_blip1.wav
L 02/10/2025 - 14:14:30: -------- Mapchange to sandbox --------
L 02/10/2025 - 14:14:30: [testprecache.amxx] precaching file
L 02/10/2025 - 14:14:30: [testprecache.amxx] items/smallmedkit1.wav
L 02/10/2025 - 14:14:30: [testprecache.amxx] precaching file
L 02/10/2025 - 14:14:30: [testprecache.amxx] player/pl_wade1.wav
L 02/10/2025 - 14:14:30: [testprecache.amxx] precaching file
L 02/10/2025 - 14:14:30: [testprecache.amxx] player/pl_wade2.wav
L 02/10/2025 - 14:14:30: [testprecache.amxx] precaching file
L 02/10/2025 - 14:14:30: [testprecache.amxx] hlcoop/shockroach/shock_idle3.wav
L 02/10/2025 - 14:14:30: [testprecache.amxx] precaching file
L 02/10/2025 - 14:14:30: [testprecache.amxx] hlcoop/shockroach/shock_idle2.wav
L 02/10/2025 - 14:14:30: [testprecache.amxx] precaching file
L 02/10/2025 - 14:14:30: [testprecache.amxx] /hl2/cscanner/scanner_scan_loop2.wav
L 02/10/2025 - 14:14:30: [testprecache.amxx] precaching file
L 02/10/2025 - 14:14:30: [testprecache.amxx] /hl2/cscanner/scanner_photo1.wav
L 02/10/2025 - 14:14:30: [testprecache.amxx] precaching file
L 02/10/2025 - 14:14:30: [testprecache.amxx] /hl2/cscanner/scanner_blip1.wav
L 02/10/2025 - 14:14:30: [testprecache.amxx] precaching file
L 02/10/2025 - 14:14:30: [testprecache.amxx] /hl2/cscanner/scanner_blip1.wav
L 02/10/2025 - 14:14:32: -------- Mapchange to sc_test --------
L 02/10/2025 - 14:14:32: [testprecache.amxx] precaching file
L 02/10/2025 - 14:14:32: [testprecache.amxx] items/smallmedkit1.wav
L 02/10/2025 - 14:14:32: [testprecache.amxx] precaching file
L 02/10/2025 - 14:14:32: [testprecache.amxx] player/pl_wade1.wav
L 02/10/2025 - 14:14:32: [testprecache.amxx] precaching file
L 02/10/2025 - 14:14:32: [testprecache.amxx] player/pl_wade2.wav
L 02/10/2025 - 14:14:32: [testprecache.amxx] precaching file
L 02/10/2025 - 14:14:32: [testprecache.amxx] hlcoop/shockroach/shock_idle3.wav
L 02/10/2025 - 14:14:32: [testprecache.amxx] precaching file
L 02/10/2025 - 14:14:32: [testprecache.amxx] hlcoop/shockroach/shock_idle2.wav
L 02/10/2025 - 14:14:32: [testprecache.amxx] precaching file
L 02/10/2025 - 14:14:32: [testprecache.amxx] /hl2/cscanner/scanner_scan_loop2.wav
L 02/10/2025 - 14:14:32: [testprecache.amxx] precaching file
L 02/10/2025 - 14:14:32: [testprecache.amxx] /hl2/cscanner/scanner_photo1.wav
L 02/10/2025 - 14:14:32: [testprecache.amxx] precaching file
L 02/10/2025 - 14:14:32: [testprecache.amxx] /hl2/cscanner/scanner_blip1.wav
L 02/10/2025 - 14:14:32: [testprecache.amxx] precaching file
L 02/10/2025 - 14:14:32: [testprecache.amxx] /hl2/cscanner/scanner_blip1.wav
L 02/10/2025 - 14:15:20: -------- Mapchange to d1_trainstation_02 --------
L 02/10/2025 - 14:15:20: [testprecache.amxx] precaching file
L 02/10/2025 - 14:15:20: [testprecache.amxx] items/smallmedkit1.wav
L 02/10/2025 - 14:15:20: [testprecache.amxx] precaching file
L 02/10/2025 - 14:15:20: [testprecache.amxx] player/pl_wade1.wav
L 02/10/2025 - 14:15:20: [testprecache.amxx] precaching file
L 02/10/2025 - 14:15:20: [testprecache.amxx] player/pl_wade2.wav
L 02/10/2025 - 14:15:20: [testprecache.amxx] precaching file
L 02/10/2025 - 14:15:20: [testprecache.amxx] hlcoop/shockroach/shock_idle3.wav
L 02/10/2025 - 14:15:20: [testprecache.amxx] precaching file
L 02/10/2025 - 14:15:20: [testprecache.amxx] hlcoop/shockroach/shock_idle2.wav
L 02/10/2025 - 14:15:20: [testprecache.amxx] precaching file
L 02/10/2025 - 14:15:20: [testprecache.amxx] /hl2/cscanner/scanner_scan_loop2.wav
L 02/10/2025 - 14:15:20: [testprecache.amxx] precaching file
L 02/10/2025 - 14:15:20: [testprecache.amxx] /hl2/cscanner/scanner_photo1.wav
L 02/10/2025 - 14:15:20: [testprecache.amxx] precaching file
L 02/10/2025 - 14:15:20: [testprecache.amxx] /hl2/cscanner/scanner_blip1.wav
L 02/10/2025 - 14:15:20: [testprecache.amxx] precaching file
L 02/10/2025 - 14:15:20: [testprecache.amxx] /hl2/cscanner/scanner_blip1.wav
L 02/10/2025 - 17:16:43: -------- Mapchange to sandbox --------
L 02/10/2025 - 17:16:43: [testprecache.amxx] precaching file
L 02/10/2025 - 17:16:43: [testprecache.amxx] items/smallmedkit1.wav
L 02/10/2025 - 17:16:43: [testprecache.amxx] precaching file
L 02/10/2025 - 17:16:43: [testprecache.amxx] player/pl_wade1.wav
L 02/10/2025 - 17:16:43: [testprecache.amxx] precaching file
L 02/10/2025 - 17:16:43: [testprecache.amxx] player/pl_wade2.wav
L 02/10/2025 - 17:16:43: [testprecache.amxx] precaching file
L 02/10/2025 - 17:16:43: [testprecache.amxx] hlcoop/shockroach/shock_idle3.wav
L 02/10/2025 - 17:16:43: [testprecache.amxx] precaching file
L 02/10/2025 - 17:16:43: [testprecache.amxx] hlcoop/shockroach/shock_idle2.wav
L 02/10/2025 - 17:16:43: [testprecache.amxx] precaching file
L 02/10/2025 - 17:16:43: [testprecache.amxx] /hl2/cscanner/scanner_scan_loop2.wav
L 02/10/2025 - 17:16:43: [testprecache.amxx] precaching file
L 02/10/2025 - 17:16:43: [testprecache.amxx] /hl2/cscanner/scanner_photo1.wav
L 02/10/2025 - 17:16:43: [testprecache.amxx] precaching file
L 02/10/2025 - 17:16:43: [testprecache.amxx] /hl2/cscanner/scanner_blip1.wav
L 02/10/2025 - 17:16:43: [testprecache.amxx] precaching file
L 02/10/2025 - 17:16:43: [testprecache.amxx] /hl2/cscanner/scanner_blip1.wav
L 02/10/2025 - 17:16:45: -------- Mapchange to d1_trainstation_02 --------
L 02/10/2025 - 17:16:45: [testprecache.amxx] precaching file
L 02/10/2025 - 17:16:45: [testprecache.amxx] items/smallmedkit1.wav
L 02/10/2025 - 17:16:45: [testprecache.amxx] precaching file
L 02/10/2025 - 17:16:45: [testprecache.amxx] player/pl_wade1.wav
L 02/10/2025 - 17:16:45: [testprecache.amxx] precaching file
L 02/10/2025 - 17:16:45: [testprecache.amxx] player/pl_wade2.wav
L 02/10/2025 - 17:16:45: [testprecache.amxx] precaching file
L 02/10/2025 - 17:16:45: [testprecache.amxx] hlcoop/shockroach/shock_idle3.wav
L 02/10/2025 - 17:16:45: [testprecache.amxx] precaching file
L 02/10/2025 - 17:16:45: [testprecache.amxx] hlcoop/shockroach/shock_idle2.wav
L 02/10/2025 - 17:16:45: [testprecache.amxx] precaching file
L 02/10/2025 - 17:16:45: [testprecache.amxx] /hl2/cscanner/scanner_scan_loop2.wav
L 02/10/2025 - 17:16:45: [testprecache.amxx] precaching file
L 02/10/2025 - 17:16:45: [testprecache.amxx] /hl2/cscanner/scanner_photo1.wav
L 02/10/2025 - 17:16:45: [testprecache.amxx] precaching file
L 02/10/2025 - 17:16:45: [testprecache.amxx] /hl2/cscanner/scanner_blip1.wav
L 02/10/2025 - 17:16:45: [testprecache.amxx] precaching file
L 02/10/2025 - 17:16:45: [testprecache.amxx] /hl2/cscanner/scanner_blip1.wav
L 02/10/2025 - 17:17:16: -------- Mapchange to sandbox --------
L 02/10/2025 - 17:17:16: [testprecache.amxx] precaching file
L 02/10/2025 - 17:17:16: [testprecache.amxx] items/smallmedkit1.wav
L 02/10/2025 - 17:17:16: [testprecache.amxx] precaching file
L 02/10/2025 - 17:17:16: [testprecache.amxx] player/pl_wade1.wav
L 02/10/2025 - 17:17:16: [testprecache.amxx] precaching file
L 02/10/2025 - 17:17:16: [testprecache.amxx] player/pl_wade2.wav
L 02/10/2025 - 17:17:16: [testprecache.amxx] precaching file
L 02/10/2025 - 17:17:16: [testprecache.amxx] hlcoop/shockroach/shock_idle3.wav
L 02/10/2025 - 17:17:16: [testprecache.amxx] precaching file
L 02/10/2025 - 17:17:16: [testprecache.amxx] hlcoop/shockroach/shock_idle2.wav
L 02/10/2025 - 17:17:16: [testprecache.amxx] precaching file
L 02/10/2025 - 17:17:16: [testprecache.amxx] /hl2/cscanner/scanner_scan_loop2.wav
L 02/10/2025 - 17:17:16: [testprecache.amxx] precaching file
L 02/10/2025 - 17:17:16: [testprecache.amxx] /hl2/cscanner/scanner_photo1.wav
L 02/10/2025 - 17:17:16: [testprecache.amxx] precaching file
L 02/10/2025 - 17:17:16: [testprecache.amxx] /hl2/cscanner/scanner_blip1.wav
L 02/10/2025 - 17:17:16: [testprecache.amxx] precaching file
L 02/10/2025 - 17:17:16: [testprecache.amxx] /hl2/cscanner/scanner_blip1.wav
L 02/10/2025 - 17:17:18: -------- Mapchange to d1_trainstation_02 --------
L 02/10/2025 - 17:17:18: [testprecache.amxx] precaching file
L 02/10/2025 - 17:17:18: [testprecache.amxx] items/smallmedkit1.wav
L 02/10/2025 - 17:17:18: [testprecache.amxx] precaching file
L 02/10/2025 - 17:17:18: [testprecache.amxx] player/pl_wade1.wav
L 02/10/2025 - 17:17:18: [testprecache.amxx] precaching file
L 02/10/2025 - 17:17:18: [testprecache.amxx] player/pl_wade2.wav
L 02/10/2025 - 17:17:18: [testprecache.amxx] precaching file
L 02/10/2025 - 17:17:18: [testprecache.amxx] hlcoop/shockroach/shock_idle3.wav
L 02/10/2025 - 17:17:18: [testprecache.amxx] precaching file
L 02/10/2025 - 17:17:18: [testprecache.amxx] hlcoop/shockroach/shock_idle2.wav
L 02/10/2025 - 17:17:18: [testprecache.amxx] precaching file
L 02/10/2025 - 17:17:18: [testprecache.amxx] /hl2/cscanner/scanner_scan_loop2.wav
L 02/10/2025 - 17:17:18: [testprecache.amxx] precaching file
L 02/10/2025 - 17:17:18: [testprecache.amxx] /hl2/cscanner/scanner_photo1.wav
L 02/10/2025 - 17:17:18: [testprecache.amxx] precaching file
L 02/10/2025 - 17:17:18: [testprecache.amxx] /hl2/cscanner/scanner_blip1.wav
L 02/10/2025 - 17:17:18: [testprecache.amxx] precaching file
L 02/10/2025 - 17:17:18: [testprecache.amxx] /hl2/cscanner/scanner_blip1.wav
L 02/10/2025 - 17:18:54: -------- Mapchange to hl_c01_a1 --------
L 02/10/2025 - 17:18:54: [testprecache.amxx] precaching file
L 02/10/2025 - 17:18:54: [testprecache.amxx] items/smallmedkit1.wav
L 02/10/2025 - 17:18:54: [testprecache.amxx] precaching file
L 02/10/2025 - 17:18:54: [testprecache.amxx] player/pl_wade1.wav
L 02/10/2025 - 17:18:54: [testprecache.amxx] precaching file
L 02/10/2025 - 17:18:54: [testprecache.amxx] player/pl_wade2.wav
L 02/10/2025 - 17:18:54: [testprecache.amxx] precaching file
L 02/10/2025 - 17:18:54: [testprecache.amxx] hlcoop/shockroach/shock_idle3.wav
L 02/10/2025 - 17:18:54: [testprecache.amxx] precaching file
L 02/10/2025 - 17:18:54: [testprecache.amxx] hlcoop/shockroach/shock_idle2.wav
L 02/10/2025 - 17:18:54: [testprecache.amxx] precaching file
L 02/10/2025 - 17:18:54: [testprecache.amxx] /hl2/cscanner/scanner_scan_loop2.wav
L 02/10/2025 - 17:18:54: [testprecache.amxx] precaching file
L 02/10/2025 - 17:18:54: [testprecache.amxx] /hl2/cscanner/scanner_photo1.wav
L 02/10/2025 - 17:18:54: [testprecache.amxx] precaching file
L 02/10/2025 - 17:18:54: [testprecache.amxx] /hl2/cscanner/scanner_blip1.wav
L 02/10/2025 - 17:18:54: [testprecache.amxx] precaching file
L 02/10/2025 - 17:18:54: [testprecache.amxx] /hl2/cscanner/scanner_blip1.wav
L 02/10/2025 - 17:19:22: -------- Mapchange to d1_trainstation_01 --------
L 02/10/2025 - 17:19:22: [testprecache.amxx] precaching file
L 02/10/2025 - 17:19:22: [testprecache.amxx] items/smallmedkit1.wav
L 02/10/2025 - 17:19:22: [testprecache.amxx] precaching file
L 02/10/2025 - 17:19:22: [testprecache.amxx] player/pl_wade1.wav
L 02/10/2025 - 17:19:22: [testprecache.amxx] precaching file
L 02/10/2025 - 17:19:22: [testprecache.amxx] player/pl_wade2.wav
L 02/10/2025 - 17:19:22: [testprecache.amxx] precaching file
L 02/10/2025 - 17:19:22: [testprecache.amxx] hlcoop/shockroach/shock_idle3.wav
L 02/10/2025 - 17:19:22: [testprecache.amxx] precaching file
L 02/10/2025 - 17:19:22: [testprecache.amxx] hlcoop/shockroach/shock_idle2.wav
L 02/10/2025 - 17:19:22: [testprecache.amxx] precaching file
L 02/10/2025 - 17:19:22: [testprecache.amxx] /hl2/cscanner/scanner_scan_loop2.wav
L 02/10/2025 - 17:19:22: [testprecache.amxx] precaching file
L 02/10/2025 - 17:19:22: [testprecache.amxx] /hl2/cscanner/scanner_photo1.wav
L 02/10/2025 - 17:19:22: [testprecache.amxx] precaching file
L 02/10/2025 - 17:19:22: [testprecache.amxx] /hl2/cscanner/scanner_blip1.wav
L 02/10/2025 - 17:19:22: [testprecache.amxx] precaching file
L 02/10/2025 - 17:19:22: [testprecache.amxx] /hl2/cscanner/scanner_blip1.wav
L 02/10/2025 - 17:19:45: -------- Mapchange to hl_c01_a1 --------
L 02/10/2025 - 17:19:45: [testprecache.amxx] precaching file
L 02/10/2025 - 17:19:45: [testprecache.amxx] items/smallmedkit1.wav
L 02/10/2025 - 17:19:45: [testprecache.amxx] precaching file
L 02/10/2025 - 17:19:45: [testprecache.amxx] player/pl_wade1.wav
L 02/10/2025 - 17:19:45: [testprecache.amxx] precaching file
L 02/10/2025 - 17:19:45: [testprecache.amxx] player/pl_wade2.wav
L 02/10/2025 - 17:19:45: [testprecache.amxx] precaching file
L 02/10/2025 - 17:19:45: [testprecache.amxx] hlcoop/shockroach/shock_idle3.wav
L 02/10/2025 - 17:19:45: [testprecache.amxx] precaching file
L 02/10/2025 - 17:19:45: [testprecache.amxx] hlcoop/shockroach/shock_idle2.wav
L 02/10/2025 - 17:19:45: [testprecache.amxx] precaching file
L 02/10/2025 - 17:19:45: [testprecache.amxx] /hl2/cscanner/scanner_scan_loop2.wav
L 02/10/2025 - 17:19:45: [testprecache.amxx] precaching file
L 02/10/2025 - 17:19:45: [testprecache.amxx] /hl2/cscanner/scanner_photo1.wav
L 02/10/2025 - 17:19:45: [testprecache.amxx] precaching file
L 02/10/2025 - 17:19:45: [testprecache.amxx] /hl2/cscanner/scanner_blip1.wav
L 02/10/2025 - 17:19:45: [testprecache.amxx] precaching file
L 02/10/2025 - 17:19:45: [testprecache.amxx] /hl2/cscanner/scanner_blip1.wav
L 02/10/2025 - 17:20:41: -------- Mapchange to hl_c01_a1 --------
L 02/10/2025 - 17:20:41: [testprecache.amxx] precaching file
L 02/10/2025 - 17:20:41: [testprecache.amxx] items/smallmedkit1.wav
L 02/10/2025 - 17:20:41: [testprecache.amxx] precaching file
L 02/10/2025 - 17:20:41: [testprecache.amxx] player/pl_wade1.wav
L 02/10/2025 - 17:20:41: [testprecache.amxx] precaching file
L 02/10/2025 - 17:20:41: [testprecache.amxx] player/pl_wade2.wav
L 02/10/2025 - 17:20:41: [testprecache.amxx] precaching file
L 02/10/2025 - 17:20:41: [testprecache.amxx] hlcoop/shockroach/shock_idle3.wav
L 02/10/2025 - 17:20:41: [testprecache.amxx] precaching file
L 02/10/2025 - 17:20:41: [testprecache.amxx] hlcoop/shockroach/shock_idle2.wav
L 02/10/2025 - 17:20:41: [testprecache.amxx] precaching file
L 02/10/2025 - 17:20:41: [testprecache.amxx] /hl2/cscanner/scanner_scan_loop2.wav
L 02/10/2025 - 17:20:41: [testprecache.amxx] precaching file
L 02/10/2025 - 17:20:41: [testprecache.amxx] /hl2/cscanner/scanner_photo1.wav
L 02/10/2025 - 17:20:41: [testprecache.amxx] precaching file
L 02/10/2025 - 17:20:41: [testprecache.amxx] /hl2/cscanner/scanner_blip1.wav
L 02/10/2025 - 17:20:41: [testprecache.amxx] precaching file
L 02/10/2025 - 17:20:41: [testprecache.amxx] /hl2/cscanner/scanner_blip1.wav
L 02/10/2025 - 17:24:05: -------- Mapchange to hl_c01_a2 --------
L 02/10/2025 - 17:24:05: [testprecache.amxx] precaching file
L 02/10/2025 - 17:24:05: [testprecache.amxx] items/smallmedkit1.wav
L 02/10/2025 - 17:24:05: [testprecache.amxx] precaching file
L 02/10/2025 - 17:24:05: [testprecache.amxx] player/pl_wade1.wav
L 02/10/2025 - 17:24:05: [testprecache.amxx] precaching file
L 02/10/2025 - 17:24:05: [testprecache.amxx] player/pl_wade2.wav
L 02/10/2025 - 17:24:05: [testprecache.amxx] precaching file
L 02/10/2025 - 17:24:05: [testprecache.amxx] hlcoop/shockroach/shock_idle3.wav
L 02/10/2025 - 17:24:05: [testprecache.amxx] precaching file
L 02/10/2025 - 17:24:05: [testprecache.amxx] hlcoop/shockroach/shock_idle2.wav
L 02/10/2025 - 17:24:05: [testprecache.amxx] precaching file
L 02/10/2025 - 17:24:05: [testprecache.amxx] /hl2/cscanner/scanner_scan_loop2.wav
L 02/10/2025 - 17:24:05: [testprecache.amxx] precaching file
L 02/10/2025 - 17:24:05: [testprecache.amxx] /hl2/cscanner/scanner_photo1.wav
L 02/10/2025 - 17:24:05: [testprecache.amxx] precaching file
L 02/10/2025 - 17:24:05: [testprecache.amxx] /hl2/cscanner/scanner_blip1.wav
L 02/10/2025 - 17:24:05: [testprecache.amxx] precaching file
L 02/10/2025 - 17:24:05: [testprecache.amxx] /hl2/cscanner/scanner_blip1.wav
L 02/10/2025 - 17:27:47: -------- Mapchange to hl_c01_a2 --------
L 02/10/2025 - 17:27:47: [testprecache.amxx] precaching file
L 02/10/2025 - 17:27:47: [testprecache.amxx] items/smallmedkit1.wav
L 02/10/2025 - 17:27:47: [testprecache.amxx] precaching file
L 02/10/2025 - 17:27:47: [testprecache.amxx] player/pl_wade1.wav
L 02/10/2025 - 17:27:47: [testprecache.amxx] precaching file
L 02/10/2025 - 17:27:47: [testprecache.amxx] player/pl_wade2.wav
L 02/10/2025 - 17:27:47: [testprecache.amxx] precaching file
L 02/10/2025 - 17:27:47: [testprecache.amxx] hlcoop/shockroach/shock_idle3.wav
L 02/10/2025 - 17:27:47: [testprecache.amxx] precaching file
L 02/10/2025 - 17:27:47: [testprecache.amxx] hlcoop/shockroach/shock_idle2.wav
L 02/10/2025 - 17:27:47: [testprecache.amxx] precaching file
L 02/10/2025 - 17:27:47: [testprecache.amxx] /hl2/cscanner/scanner_scan_loop2.wav
L 02/10/2025 - 17:27:47: [testprecache.amxx] precaching file
L 02/10/2025 - 17:27:47: [testprecache.amxx] /hl2/cscanner/scanner_photo1.wav
L 02/10/2025 - 17:27:47: [testprecache.amxx] precaching file
L 02/10/2025 - 17:27:47: [testprecache.amxx] /hl2/cscanner/scanner_blip1.wav
L 02/10/2025 - 17:27:47: [testprecache.amxx] precaching file
L 02/10/2025 - 17:27:47: [testprecache.amxx] /hl2/cscanner/scanner_blip1.wav
L 02/10/2025 - 17:33:14: -------- Mapchange to hl_c02_a1 --------
L 02/10/2025 - 17:33:14: [testprecache.amxx] precaching file
L 02/10/2025 - 17:33:14: [testprecache.amxx] items/smallmedkit1.wav
L 02/10/2025 - 17:33:14: [testprecache.amxx] precaching file
L 02/10/2025 - 17:33:14: [testprecache.amxx] player/pl_wade1.wav
L 02/10/2025 - 17:33:14: [testprecache.amxx] precaching file
L 02/10/2025 - 17:33:14: [testprecache.amxx] player/pl_wade2.wav
L 02/10/2025 - 17:33:14: [testprecache.amxx] precaching file
L 02/10/2025 - 17:33:14: [testprecache.amxx] hlcoop/shockroach/shock_idle3.wav
L 02/10/2025 - 17:33:14: [testprecache.amxx] precaching file
L 02/10/2025 - 17:33:14: [testprecache.amxx] hlcoop/shockroach/shock_idle2.wav
L 02/10/2025 - 17:33:14: [testprecache.amxx] precaching file
L 02/10/2025 - 17:33:14: [testprecache.amxx] /hl2/cscanner/scanner_scan_loop2.wav
L 02/10/2025 - 17:33:14: [testprecache.amxx] precaching file
L 02/10/2025 - 17:33:14: [testprecache.amxx] /hl2/cscanner/scanner_photo1.wav
L 02/10/2025 - 17:33:14: [testprecache.amxx] precaching file
L 02/10/2025 - 17:33:14: [testprecache.amxx] /hl2/cscanner/scanner_blip1.wav
L 02/10/2025 - 17:33:14: [testprecache.amxx] precaching file
L 02/10/2025 - 17:33:14: [testprecache.amxx] /hl2/cscanner/scanner_blip1.wav
L 02/10/2025 - 17:33:55: -------- Mapchange to sandbox --------
L 02/10/2025 - 17:33:55: [testprecache.amxx] precaching file
L 02/10/2025 - 17:33:55: [testprecache.amxx] items/smallmedkit1.wav
L 02/10/2025 - 17:33:55: [testprecache.amxx] precaching file
L 02/10/2025 - 17:33:55: [testprecache.amxx] player/pl_wade1.wav
L 02/10/2025 - 17:33:55: [testprecache.amxx] precaching file
L 02/10/2025 - 17:33:55: [testprecache.amxx] player/pl_wade2.wav
L 02/10/2025 - 17:33:55: [testprecache.amxx] precaching file
L 02/10/2025 - 17:33:55: [testprecache.amxx] hlcoop/shockroach/shock_idle3.wav
L 02/10/2025 - 17:33:55: [testprecache.amxx] precaching file
L 02/10/2025 - 17:33:55: [testprecache.amxx] hlcoop/shockroach/shock_idle2.wav
L 02/10/2025 - 17:33:55: [testprecache.amxx] precaching file
L 02/10/2025 - 17:33:55: [testprecache.amxx] /hl2/cscanner/scanner_scan_loop2.wav
L 02/10/2025 - 17:33:55: [testprecache.amxx] precaching file
L 02/10/2025 - 17:33:55: [testprecache.amxx] /hl2/cscanner/scanner_photo1.wav
L 02/10/2025 - 17:33:55: [testprecache.amxx] precaching file
L 02/10/2025 - 17:33:55: [testprecache.amxx] /hl2/cscanner/scanner_blip1.wav
L 02/10/2025 - 17:33:55: [testprecache.amxx] precaching file
L 02/10/2025 - 17:33:55: [testprecache.amxx] /hl2/cscanner/scanner_blip1.wav
L 02/10/2025 - 17:33:57: -------- Mapchange to d1_town_03 --------
L 02/10/2025 - 17:33:57: [testprecache.amxx] precaching file
L 02/10/2025 - 17:33:57: [testprecache.amxx] items/smallmedkit1.wav
L 02/10/2025 - 17:33:57: [testprecache.amxx] precaching file
L 02/10/2025 - 17:33:57: [testprecache.amxx] player/pl_wade1.wav
L 02/10/2025 - 17:33:57: [testprecache.amxx] precaching file
L 02/10/2025 - 17:33:57: [testprecache.amxx] player/pl_wade2.wav
L 02/10/2025 - 17:33:57: [testprecache.amxx] precaching file
L 02/10/2025 - 17:33:57: [testprecache.amxx] hlcoop/shockroach/shock_idle3.wav
L 02/10/2025 - 17:33:57: [testprecache.amxx] precaching file
L 02/10/2025 - 17:33:57: [testprecache.amxx] hlcoop/shockroach/shock_idle2.wav
L 02/10/2025 - 17:33:57: [testprecache.amxx] precaching file
L 02/10/2025 - 17:33:57: [testprecache.amxx] /hl2/cscanner/scanner_scan_loop2.wav
L 02/10/2025 - 17:33:57: [testprecache.amxx] precaching file
L 02/10/2025 - 17:33:57: [testprecache.amxx] /hl2/cscanner/scanner_photo1.wav
L 02/10/2025 - 17:33:57: [testprecache.amxx] precaching file
L 02/10/2025 - 17:33:57: [testprecache.amxx] /hl2/cscanner/scanner_blip1.wav
L 02/10/2025 - 17:33:57: [testprecache.amxx] precaching file
L 02/10/2025 - 17:33:57: [testprecache.amxx] /hl2/cscanner/scanner_blip1.wav
L 02/10/2025 - 17:34:30: -------- Mapchange to sandbox --------
L 02/10/2025 - 17:34:30: [testprecache.amxx] precaching file
L 02/10/2025 - 17:34:30: [testprecache.amxx] items/smallmedkit1.wav
L 02/10/2025 - 17:34:30: [testprecache.amxx] precaching file
L 02/10/2025 - 17:34:30: [testprecache.amxx] player/pl_wade1.wav
L 02/10/2025 - 17:34:30: [testprecache.amxx] precaching file
L 02/10/2025 - 17:34:30: [testprecache.amxx] player/pl_wade2.wav
L 02/10/2025 - 17:34:30: [testprecache.amxx] precaching file
L 02/10/2025 - 17:34:30: [testprecache.amxx] hlcoop/shockroach/shock_idle3.wav
L 02/10/2025 - 17:34:30: [testprecache.amxx] precaching file
L 02/10/2025 - 17:34:30: [testprecache.amxx] hlcoop/shockroach/shock_idle2.wav
L 02/10/2025 - 17:34:30: [testprecache.amxx] precaching file
L 02/10/2025 - 17:34:30: [testprecache.amxx] /hl2/cscanner/scanner_scan_loop2.wav
L 02/10/2025 - 17:34:30: [testprecache.amxx] precaching file
L 02/10/2025 - 17:34:30: [testprecache.amxx] /hl2/cscanner/scanner_photo1.wav
L 02/10/2025 - 17:34:30: [testprecache.amxx] precaching file
L 02/10/2025 - 17:34:30: [testprecache.amxx] /hl2/cscanner/scanner_blip1.wav
L 02/10/2025 - 17:34:30: [testprecache.amxx] precaching file
L 02/10/2025 - 17:34:30: [testprecache.amxx] /hl2/cscanner/scanner_blip1.wav
L 02/10/2025 - 17:34:33: -------- Mapchange to d1_town_03 --------
L 02/10/2025 - 17:34:33: [testprecache.amxx] precaching file
L 02/10/2025 - 17:34:33: [testprecache.amxx] items/smallmedkit1.wav
L 02/10/2025 - 17:34:33: [testprecache.amxx] precaching file
L 02/10/2025 - 17:34:33: [testprecache.amxx] player/pl_wade1.wav
L 02/10/2025 - 17:34:33: [testprecache.amxx] precaching file
L 02/10/2025 - 17:34:33: [testprecache.amxx] player/pl_wade2.wav
L 02/10/2025 - 17:34:33: [testprecache.amxx] precaching file
L 02/10/2025 - 17:34:33: [testprecache.amxx] hlcoop/shockroach/shock_idle3.wav
L 02/10/2025 - 17:34:33: [testprecache.amxx] precaching file
L 02/10/2025 - 17:34:33: [testprecache.amxx] hlcoop/shockroach/shock_idle2.wav
L 02/10/2025 - 17:34:33: [testprecache.amxx] precaching file
L 02/10/2025 - 17:34:33: [testprecache.amxx] /hl2/cscanner/scanner_scan_loop2.wav
L 02/10/2025 - 17:34:33: [testprecache.amxx] precaching file
L 02/10/2025 - 17:34:33: [testprecache.amxx] /hl2/cscanner/scanner_photo1.wav
L 02/10/2025 - 17:34:33: [testprecache.amxx] precaching file
L 02/10/2025 - 17:34:33: [testprecache.amxx] /hl2/cscanner/scanner_blip1.wav
L 02/10/2025 - 17:34:33: [testprecache.amxx] precaching file
L 02/10/2025 - 17:34:33: [testprecache.amxx] /hl2/cscanner/scanner_blip1.wav
L 02/10/2025 - 17:41:56: -------- Mapchange to sandbox --------
L 02/10/2025 - 17:41:56: [testprecache.amxx] precaching file
L 02/10/2025 - 17:41:56: [testprecache.amxx] items/smallmedkit1.wav
L 02/10/2025 - 17:41:56: [testprecache.amxx] precaching file
L 02/10/2025 - 17:41:56: [testprecache.amxx] player/pl_wade1.wav
L 02/10/2025 - 17:41:56: [testprecache.amxx] precaching file
L 02/10/2025 - 17:41:56: [testprecache.amxx] player/pl_wade2.wav
L 02/10/2025 - 17:41:56: [testprecache.amxx] precaching file
L 02/10/2025 - 17:41:56: [testprecache.amxx] hlcoop/shockroach/shock_idle3.wav
L 02/10/2025 - 17:41:56: [testprecache.amxx] precaching file
L 02/10/2025 - 17:41:56: [testprecache.amxx] hlcoop/shockroach/shock_idle2.wav
L 02/10/2025 - 17:41:56: [testprecache.amxx] precaching file
L 02/10/2025 - 17:41:56: [testprecache.amxx] /hl2/cscanner/scanner_scan_loop2.wav
L 02/10/2025 - 17:41:56: [testprecache.amxx] precaching file
L 02/10/2025 - 17:41:56: [testprecache.amxx] /hl2/cscanner/scanner_photo1.wav
L 02/10/2025 - 17:41:56: [testprecache.amxx] precaching file
L 02/10/2025 - 17:41:56: [testprecache.amxx] /hl2/cscanner/scanner_blip1.wav
L 02/10/2025 - 17:41:56: [testprecache.amxx] precaching file
L 02/10/2025 - 17:41:56: [testprecache.amxx] /hl2/cscanner/scanner_blip1.wav
L 02/10/2025 - 17:41:56: [galileo.amxx] 
L 02/10/2025 - 17:41:56: [galileo.amxx] The server is jumping to the next map after the current map due more than 1 restarts on the map "d1_town_03"
L 02/10/2025 - 17:41:56: [galileo.amxx] 
L 02/10/2025 - 17:41:58: -------- Mapchange to d1_town_04 --------
L 02/10/2025 - 17:41:58: [testprecache.amxx] precaching file
L 02/10/2025 - 17:41:58: [testprecache.amxx] items/smallmedkit1.wav
L 02/10/2025 - 17:41:58: [testprecache.amxx] precaching file
L 02/10/2025 - 17:41:58: [testprecache.amxx] player/pl_wade1.wav
L 02/10/2025 - 17:41:58: [testprecache.amxx] precaching file
L 02/10/2025 - 17:41:58: [testprecache.amxx] player/pl_wade2.wav
L 02/10/2025 - 17:41:58: [testprecache.amxx] precaching file
L 02/10/2025 - 17:41:58: [testprecache.amxx] hlcoop/shockroach/shock_idle3.wav
L 02/10/2025 - 17:41:58: [testprecache.amxx] precaching file
L 02/10/2025 - 17:41:58: [testprecache.amxx] hlcoop/shockroach/shock_idle2.wav
L 02/10/2025 - 17:41:58: [testprecache.amxx] precaching file
L 02/10/2025 - 17:41:58: [testprecache.amxx] /hl2/cscanner/scanner_scan_loop2.wav
L 02/10/2025 - 17:41:58: [testprecache.amxx] precaching file
L 02/10/2025 - 17:41:58: [testprecache.amxx] /hl2/cscanner/scanner_photo1.wav
L 02/10/2025 - 17:41:58: [testprecache.amxx] precaching file
L 02/10/2025 - 17:41:58: [testprecache.amxx] /hl2/cscanner/scanner_blip1.wav
L 02/10/2025 - 17:41:58: [testprecache.amxx] precaching file
L 02/10/2025 - 17:41:58: [testprecache.amxx] /hl2/cscanner/scanner_blip1.wav
L 02/10/2025 - 17:42:22: -------- Mapchange to hl_c01_a2 --------
L 02/10/2025 - 17:42:22: [testprecache.amxx] precaching file
L 02/10/2025 - 17:42:22: [testprecache.amxx] items/smallmedkit1.wav
L 02/10/2025 - 17:42:22: [testprecache.amxx] precaching file
L 02/10/2025 - 17:42:22: [testprecache.amxx] player/pl_wade1.wav
L 02/10/2025 - 17:42:22: [testprecache.amxx] precaching file
L 02/10/2025 - 17:42:22: [testprecache.amxx] player/pl_wade2.wav
L 02/10/2025 - 17:42:22: [testprecache.amxx] precaching file
L 02/10/2025 - 17:42:22: [testprecache.amxx] hlcoop/shockroach/shock_idle3.wav
L 02/10/2025 - 17:42:22: [testprecache.amxx] precaching file
L 02/10/2025 - 17:42:22: [testprecache.amxx] hlcoop/shockroach/shock_idle2.wav
L 02/10/2025 - 17:42:22: [testprecache.amxx] precaching file
L 02/10/2025 - 17:42:22: [testprecache.amxx] /hl2/cscanner/scanner_scan_loop2.wav
L 02/10/2025 - 17:42:22: [testprecache.amxx] precaching file
L 02/10/2025 - 17:42:22: [testprecache.amxx] /hl2/cscanner/scanner_photo1.wav
L 02/10/2025 - 17:42:22: [testprecache.amxx] precaching file
L 02/10/2025 - 17:42:22: [testprecache.amxx] /hl2/cscanner/scanner_blip1.wav
L 02/10/2025 - 17:42:22: [testprecache.amxx] precaching file
L 02/10/2025 - 17:42:22: [testprecache.amxx] /hl2/cscanner/scanner_blip1.wav
L 02/10/2025 - 17:42:31: -------- Mapchange to hl_c02_a1 --------
L 02/10/2025 - 17:42:31: [testprecache.amxx] precaching file
L 02/10/2025 - 17:42:31: [testprecache.amxx] items/smallmedkit1.wav
L 02/10/2025 - 17:42:31: [testprecache.amxx] precaching file
L 02/10/2025 - 17:42:31: [testprecache.amxx] player/pl_wade1.wav
L 02/10/2025 - 17:42:31: [testprecache.amxx] precaching file
L 02/10/2025 - 17:42:31: [testprecache.amxx] player/pl_wade2.wav
L 02/10/2025 - 17:42:31: [testprecache.amxx] precaching file
L 02/10/2025 - 17:42:31: [testprecache.amxx] hlcoop/shockroach/shock_idle3.wav
L 02/10/2025 - 17:42:31: [testprecache.amxx] precaching file
L 02/10/2025 - 17:42:31: [testprecache.amxx] hlcoop/shockroach/shock_idle2.wav
L 02/10/2025 - 17:42:31: [testprecache.amxx] precaching file
L 02/10/2025 - 17:42:31: [testprecache.amxx] /hl2/cscanner/scanner_scan_loop2.wav
L 02/10/2025 - 17:42:31: [testprecache.amxx] precaching file
L 02/10/2025 - 17:42:31: [testprecache.amxx] /hl2/cscanner/scanner_photo1.wav
L 02/10/2025 - 17:42:31: [testprecache.amxx] precaching file
L 02/10/2025 - 17:42:31: [testprecache.amxx] /hl2/cscanner/scanner_blip1.wav
L 02/10/2025 - 17:42:31: [testprecache.amxx] precaching file
L 02/10/2025 - 17:42:31: [testprecache.amxx] /hl2/cscanner/scanner_blip1.wav
L 02/10/2025 - 17:42:51: -------- Mapchange to sandbox --------
L 02/10/2025 - 17:42:51: [testprecache.amxx] precaching file
L 02/10/2025 - 17:42:51: [testprecache.amxx] items/smallmedkit1.wav
L 02/10/2025 - 17:42:51: [testprecache.amxx] precaching file
L 02/10/2025 - 17:42:51: [testprecache.amxx] player/pl_wade1.wav
L 02/10/2025 - 17:42:51: [testprecache.amxx] precaching file
L 02/10/2025 - 17:42:51: [testprecache.amxx] player/pl_wade2.wav
L 02/10/2025 - 17:42:51: [testprecache.amxx] precaching file
L 02/10/2025 - 17:42:51: [testprecache.amxx] hlcoop/shockroach/shock_idle3.wav
L 02/10/2025 - 17:42:51: [testprecache.amxx] precaching file
L 02/10/2025 - 17:42:51: [testprecache.amxx] hlcoop/shockroach/shock_idle2.wav
L 02/10/2025 - 17:42:51: [testprecache.amxx] precaching file
L 02/10/2025 - 17:42:51: [testprecache.amxx] /hl2/cscanner/scanner_scan_loop2.wav
L 02/10/2025 - 17:42:51: [testprecache.amxx] precaching file
L 02/10/2025 - 17:42:51: [testprecache.amxx] /hl2/cscanner/scanner_photo1.wav
L 02/10/2025 - 17:42:51: [testprecache.amxx] precaching file
L 02/10/2025 - 17:42:51: [testprecache.amxx] /hl2/cscanner/scanner_blip1.wav
L 02/10/2025 - 17:42:51: [testprecache.amxx] precaching file
L 02/10/2025 - 17:42:51: [testprecache.amxx] /hl2/cscanner/scanner_blip1.wav
L 02/10/2025 - 17:42:54: -------- Mapchange to e1m1 --------
L 02/10/2025 - 17:42:54: [testprecache.amxx] precaching file
L 02/10/2025 - 17:42:54: [testprecache.amxx] items/smallmedkit1.wav
L 02/10/2025 - 17:42:54: [testprecache.amxx] precaching file
L 02/10/2025 - 17:42:54: [testprecache.amxx] player/pl_wade1.wav
L 02/10/2025 - 17:42:54: [testprecache.amxx] precaching file
L 02/10/2025 - 17:42:54: [testprecache.amxx] player/pl_wade2.wav
L 02/10/2025 - 17:42:54: [testprecache.amxx] precaching file
L 02/10/2025 - 17:42:54: [testprecache.amxx] hlcoop/shockroach/shock_idle3.wav
L 02/10/2025 - 17:42:54: [testprecache.amxx] precaching file
L 02/10/2025 - 17:42:54: [testprecache.amxx] hlcoop/shockroach/shock_idle2.wav
L 02/10/2025 - 17:42:54: [testprecache.amxx] precaching file
L 02/10/2025 - 17:42:54: [testprecache.amxx] /hl2/cscanner/scanner_scan_loop2.wav
L 02/10/2025 - 17:42:54: [testprecache.amxx] precaching file
L 02/10/2025 - 17:42:54: [testprecache.amxx] /hl2/cscanner/scanner_photo1.wav
L 02/10/2025 - 17:42:54: [testprecache.amxx] precaching file
L 02/10/2025 - 17:42:54: [testprecache.amxx] /hl2/cscanner/scanner_blip1.wav
L 02/10/2025 - 17:42:54: [testprecache.amxx] precaching file
L 02/10/2025 - 17:42:54: [testprecache.amxx] /hl2/cscanner/scanner_blip1.wav
L 02/10/2025 - 20:04:50: -------- Mapchange to d1_trainstation_02 --------
L 02/10/2025 - 20:04:50: [testprecache.amxx] precaching file
L 02/10/2025 - 20:04:50: [testprecache.amxx] items/smallmedkit1.wav
L 02/10/2025 - 20:04:50: [testprecache.amxx] precaching file
L 02/10/2025 - 20:04:50: [testprecache.amxx] player/pl_wade1.wav
L 02/10/2025 - 20:04:50: [testprecache.amxx] precaching file
L 02/10/2025 - 20:04:50: [testprecache.amxx] player/pl_wade2.wav
L 02/10/2025 - 20:04:50: [testprecache.amxx] precaching file
L 02/10/2025 - 20:04:50: [testprecache.amxx] hlcoop/shockroach/shock_idle3.wav
L 02/10/2025 - 20:04:50: [testprecache.amxx] precaching file
L 02/10/2025 - 20:04:50: [testprecache.amxx] hlcoop/shockroach/shock_idle2.wav
L 02/10/2025 - 20:04:50: [testprecache.amxx] precaching file
L 02/10/2025 - 20:04:50: [testprecache.amxx] /hl2/cscanner/scanner_scan_loop2.wav
L 02/10/2025 - 20:04:50: [testprecache.amxx] precaching file
L 02/10/2025 - 20:04:50: [testprecache.amxx] /hl2/cscanner/scanner_photo1.wav
L 02/10/2025 - 20:04:50: [testprecache.amxx] precaching file
L 02/10/2025 - 20:04:50: [testprecache.amxx] /hl2/cscanner/scanner_blip1.wav
L 02/10/2025 - 20:04:50: [testprecache.amxx] precaching file
L 02/10/2025 - 20:04:50: [testprecache.amxx] /hl2/cscanner/scanner_blip1.wav
