L 10/09/2024 - 01:36:47: -------- Mapchange to sc_subsurface --------
L 10/09/2024 - 01:36:47: [testprecache.amxx] precaching file
L 10/09/2024 - 01:36:47: [testprecache.amxx] items/smallmedkit1.wav
L 10/09/2024 - 01:36:47: [testprecache.amxx] precaching file
L 10/09/2024 - 01:36:47: [testprecache.amxx] player/pl_wade1.wav
L 10/09/2024 - 01:36:47: [testprecache.amxx] precaching file
L 10/09/2024 - 01:36:47: [testprecache.amxx] player/pl_wade2.wav
L 10/09/2024 - 01:36:47: [testprecache.amxx] precaching file
L 10/09/2024 - 01:36:47: [testprecache.amxx] hlcoop/shockroach/shock_idle3.wav
L 10/09/2024 - 01:36:47: [testprecache.amxx] precaching file
L 10/09/2024 - 01:36:47: [testprecache.amxx] hlcoop/shockroach/shock_idle2.wav
L 10/09/2024 - 01:36:47: [testprecache.amxx] precaching file
L 10/09/2024 - 01:36:47: [testprecache.amxx] hlcoop/shockroach/shock_idle2.wav
L 10/09/2024 - 01:36:47: [testprecache.amxx] precaching file
L 10/09/2024 - 01:36:47: [testprecache.amxx] hlcoop/shockroach/shock_idle2.wav
L 10/09/2024 - 01:50:12: -------- Mapchange to d1_town_01 --------
L 10/09/2024 - 01:50:12: [testprecache.amxx] precaching file
L 10/09/2024 - 01:50:12: [testprecache.amxx] items/smallmedkit1.wav
L 10/09/2024 - 01:50:12: [testprecache.amxx] precaching file
L 10/09/2024 - 01:50:12: [testprecache.amxx] player/pl_wade1.wav
L 10/09/2024 - 01:50:12: [testprecache.amxx] precaching file
L 10/09/2024 - 01:50:12: [testprecache.amxx] player/pl_wade2.wav
L 10/09/2024 - 01:50:12: [testprecache.amxx] precaching file
L 10/09/2024 - 01:50:12: [testprecache.amxx] hlcoop/shockroach/shock_idle3.wav
L 10/09/2024 - 01:50:12: [testprecache.amxx] precaching file
L 10/09/2024 - 01:50:12: [testprecache.amxx] hlcoop/shockroach/shock_idle2.wav
L 10/09/2024 - 01:50:12: [testprecache.amxx] precaching file
L 10/09/2024 - 01:50:12: [testprecache.amxx] hlcoop/shockroach/shock_idle2.wav
L 10/09/2024 - 01:50:12: [testprecache.amxx] precaching file
L 10/09/2024 - 01:50:12: [testprecache.amxx] hlcoop/shockroach/shock_idle2.wav
L 10/09/2024 - 14:45:13: -------- Mapchange to sandbox --------
L 10/09/2024 - 14:45:14: [testprecache.amxx] precaching file
L 10/09/2024 - 14:45:14: [testprecache.amxx] items/smallmedkit1.wav
L 10/09/2024 - 14:45:14: [testprecache.amxx] precaching file
L 10/09/2024 - 14:45:14: [testprecache.amxx] player/pl_wade1.wav
L 10/09/2024 - 14:45:14: [testprecache.amxx] precaching file
L 10/09/2024 - 14:45:14: [testprecache.amxx] player/pl_wade2.wav
L 10/09/2024 - 14:45:14: [testprecache.amxx] precaching file
L 10/09/2024 - 14:45:14: [testprecache.amxx] hlcoop/shockroach/shock_idle3.wav
L 10/09/2024 - 14:45:14: [testprecache.amxx] precaching file
L 10/09/2024 - 14:45:14: [testprecache.amxx] hlcoop/shockroach/shock_idle2.wav
L 10/09/2024 - 14:45:14: [testprecache.amxx] precaching file
L 10/09/2024 - 14:45:14: [testprecache.amxx] hlcoop/shockroach/shock_idle2.wav
L 10/09/2024 - 14:45:14: [testprecache.amxx] precaching file
L 10/09/2024 - 14:45:14: [testprecache.amxx] hlcoop/shockroach/shock_idle2.wav
L 10/09/2024 - 14:45:17: -------- Mapchange to d1_town_01 --------
L 10/09/2024 - 14:45:17: [testprecache.amxx] precaching file
L 10/09/2024 - 14:45:17: [testprecache.amxx] items/smallmedkit1.wav
L 10/09/2024 - 14:45:17: [testprecache.amxx] precaching file
L 10/09/2024 - 14:45:17: [testprecache.amxx] player/pl_wade1.wav
L 10/09/2024 - 14:45:17: [testprecache.amxx] precaching file
L 10/09/2024 - 14:45:17: [testprecache.amxx] player/pl_wade2.wav
L 10/09/2024 - 14:45:17: [testprecache.amxx] precaching file
L 10/09/2024 - 14:45:17: [testprecache.amxx] hlcoop/shockroach/shock_idle3.wav
L 10/09/2024 - 14:45:17: [testprecache.amxx] precaching file
L 10/09/2024 - 14:45:17: [testprecache.amxx] hlcoop/shockroach/shock_idle2.wav
L 10/09/2024 - 14:45:17: [testprecache.amxx] precaching file
L 10/09/2024 - 14:45:17: [testprecache.amxx] hlcoop/shockroach/shock_idle2.wav
L 10/09/2024 - 14:45:17: [testprecache.amxx] precaching file
L 10/09/2024 - 14:45:17: [testprecache.amxx] hlcoop/shockroach/shock_idle2.wav
L 10/09/2024 - 15:20:16: -------- Mapchange to sandbox --------
L 10/09/2024 - 15:20:16: [testprecache.amxx] precaching file
L 10/09/2024 - 15:20:16: [testprecache.amxx] items/smallmedkit1.wav
L 10/09/2024 - 15:20:16: [testprecache.amxx] precaching file
L 10/09/2024 - 15:20:16: [testprecache.amxx] player/pl_wade1.wav
L 10/09/2024 - 15:20:16: [testprecache.amxx] precaching file
L 10/09/2024 - 15:20:16: [testprecache.amxx] player/pl_wade2.wav
L 10/09/2024 - 15:20:16: [testprecache.amxx] precaching file
L 10/09/2024 - 15:20:16: [testprecache.amxx] hlcoop/shockroach/shock_idle3.wav
L 10/09/2024 - 15:20:16: [testprecache.amxx] precaching file
L 10/09/2024 - 15:20:16: [testprecache.amxx] hlcoop/shockroach/shock_idle2.wav
L 10/09/2024 - 15:20:16: [testprecache.amxx] precaching file
L 10/09/2024 - 15:20:16: [testprecache.amxx] hlcoop/shockroach/shock_idle2.wav
L 10/09/2024 - 15:20:16: [testprecache.amxx] precaching file
L 10/09/2024 - 15:20:16: [testprecache.amxx] hlcoop/shockroach/shock_idle2.wav
L 10/09/2024 - 15:20:19: -------- Mapchange to d1_town_01 --------
L 10/09/2024 - 15:20:19: [testprecache.amxx] precaching file
L 10/09/2024 - 15:20:19: [testprecache.amxx] items/smallmedkit1.wav
L 10/09/2024 - 15:20:19: [testprecache.amxx] precaching file
L 10/09/2024 - 15:20:19: [testprecache.amxx] player/pl_wade1.wav
L 10/09/2024 - 15:20:19: [testprecache.amxx] precaching file
L 10/09/2024 - 15:20:19: [testprecache.amxx] player/pl_wade2.wav
L 10/09/2024 - 15:20:19: [testprecache.amxx] precaching file
L 10/09/2024 - 15:20:19: [testprecache.amxx] hlcoop/shockroach/shock_idle3.wav
L 10/09/2024 - 15:20:19: [testprecache.amxx] precaching file
L 10/09/2024 - 15:20:19: [testprecache.amxx] hlcoop/shockroach/shock_idle2.wav
L 10/09/2024 - 15:20:19: [testprecache.amxx] precaching file
L 10/09/2024 - 15:20:19: [testprecache.amxx] hlcoop/shockroach/shock_idle2.wav
L 10/09/2024 - 15:20:19: [testprecache.amxx] precaching file
L 10/09/2024 - 15:20:19: [testprecache.amxx] hlcoop/shockroach/shock_idle2.wav
L 10/09/2024 - 15:22:07: -------- Mapchange to sandbox --------
L 10/09/2024 - 15:22:07: [testprecache.amxx] precaching file
L 10/09/2024 - 15:22:07: [testprecache.amxx] items/smallmedkit1.wav
L 10/09/2024 - 15:22:07: [testprecache.amxx] precaching file
L 10/09/2024 - 15:22:07: [testprecache.amxx] player/pl_wade1.wav
L 10/09/2024 - 15:22:07: [testprecache.amxx] precaching file
L 10/09/2024 - 15:22:07: [testprecache.amxx] player/pl_wade2.wav
L 10/09/2024 - 15:22:07: [testprecache.amxx] precaching file
L 10/09/2024 - 15:22:07: [testprecache.amxx] hlcoop/shockroach/shock_idle3.wav
L 10/09/2024 - 15:22:07: [testprecache.amxx] precaching file
L 10/09/2024 - 15:22:07: [testprecache.amxx] hlcoop/shockroach/shock_idle2.wav
L 10/09/2024 - 15:22:07: [testprecache.amxx] precaching file
L 10/09/2024 - 15:22:07: [testprecache.amxx] hlcoop/shockroach/shock_idle2.wav
L 10/09/2024 - 15:22:07: [testprecache.amxx] precaching file
L 10/09/2024 - 15:22:07: [testprecache.amxx] hlcoop/shockroach/shock_idle2.wav
L 10/09/2024 - 15:22:08: [galileo.amxx] 
L 10/09/2024 - 15:22:08: [galileo.amxx] The server is jumping to the next map after the current map due more than 1 restarts on the map "d1_town_01"
L 10/09/2024 - 15:22:08: [galileo.amxx] 
L 10/09/2024 - 15:22:10: -------- Mapchange to crossfireXL --------
L 10/09/2024 - 15:22:10: [testprecache.amxx] precaching file
L 10/09/2024 - 15:22:10: [testprecache.amxx] items/smallmedkit1.wav
L 10/09/2024 - 15:22:10: [testprecache.amxx] precaching file
L 10/09/2024 - 15:22:10: [testprecache.amxx] player/pl_wade1.wav
L 10/09/2024 - 15:22:10: [testprecache.amxx] precaching file
L 10/09/2024 - 15:22:10: [testprecache.amxx] player/pl_wade2.wav
L 10/09/2024 - 15:22:10: [testprecache.amxx] precaching file
L 10/09/2024 - 15:22:10: [testprecache.amxx] hlcoop/shockroach/shock_idle3.wav
L 10/09/2024 - 15:22:10: [testprecache.amxx] precaching file
L 10/09/2024 - 15:22:10: [testprecache.amxx] hlcoop/shockroach/shock_idle2.wav
L 10/09/2024 - 15:22:10: [testprecache.amxx] precaching file
L 10/09/2024 - 15:22:10: [testprecache.amxx] hlcoop/shockroach/shock_idle2.wav
L 10/09/2024 - 15:22:10: [testprecache.amxx] precaching file
L 10/09/2024 - 15:22:10: [testprecache.amxx] hlcoop/shockroach/shock_idle2.wav
L 10/09/2024 - 15:44:15: -------- Mapchange to sandbox --------
L 10/09/2024 - 15:44:15: [testprecache.amxx] precaching file
L 10/09/2024 - 15:44:15: [testprecache.amxx] items/smallmedkit1.wav
L 10/09/2024 - 15:44:15: [testprecache.amxx] precaching file
L 10/09/2024 - 15:44:15: [testprecache.amxx] player/pl_wade1.wav
L 10/09/2024 - 15:44:15: [testprecache.amxx] precaching file
L 10/09/2024 - 15:44:15: [testprecache.amxx] player/pl_wade2.wav
L 10/09/2024 - 15:44:15: [testprecache.amxx] precaching file
L 10/09/2024 - 15:44:15: [testprecache.amxx] hlcoop/shockroach/shock_idle3.wav
L 10/09/2024 - 15:44:15: [testprecache.amxx] precaching file
L 10/09/2024 - 15:44:15: [testprecache.amxx] hlcoop/shockroach/shock_idle2.wav
L 10/09/2024 - 15:44:15: [testprecache.amxx] precaching file
L 10/09/2024 - 15:44:15: [testprecache.amxx] hlcoop/shockroach/shock_idle2.wav
L 10/09/2024 - 15:44:15: [testprecache.amxx] precaching file
L 10/09/2024 - 15:44:15: [testprecache.amxx] hlcoop/shockroach/shock_idle2.wav
L 10/09/2024 - 15:44:18: -------- Mapchange to crossfireXL --------
L 10/09/2024 - 15:44:18: [testprecache.amxx] precaching file
L 10/09/2024 - 15:44:18: [testprecache.amxx] items/smallmedkit1.wav
L 10/09/2024 - 15:44:18: [testprecache.amxx] precaching file
L 10/09/2024 - 15:44:18: [testprecache.amxx] player/pl_wade1.wav
L 10/09/2024 - 15:44:18: [testprecache.amxx] precaching file
L 10/09/2024 - 15:44:18: [testprecache.amxx] player/pl_wade2.wav
L 10/09/2024 - 15:44:18: [testprecache.amxx] precaching file
L 10/09/2024 - 15:44:18: [testprecache.amxx] hlcoop/shockroach/shock_idle3.wav
L 10/09/2024 - 15:44:18: [testprecache.amxx] precaching file
L 10/09/2024 - 15:44:18: [testprecache.amxx] hlcoop/shockroach/shock_idle2.wav
L 10/09/2024 - 15:44:18: [testprecache.amxx] precaching file
L 10/09/2024 - 15:44:18: [testprecache.amxx] hlcoop/shockroach/shock_idle2.wav
L 10/09/2024 - 15:44:18: [testprecache.amxx] precaching file
L 10/09/2024 - 15:44:18: [testprecache.amxx] hlcoop/shockroach/shock_idle2.wav
L 10/09/2024 - 22:46:24: -------- Mapchange to sandbox --------
L 10/09/2024 - 22:46:25: [testprecache.amxx] precaching file
L 10/09/2024 - 22:46:25: [testprecache.amxx] items/smallmedkit1.wav
L 10/09/2024 - 22:46:25: [testprecache.amxx] precaching file
L 10/09/2024 - 22:46:25: [testprecache.amxx] player/pl_wade1.wav
L 10/09/2024 - 22:46:25: [testprecache.amxx] precaching file
L 10/09/2024 - 22:46:25: [testprecache.amxx] player/pl_wade2.wav
L 10/09/2024 - 22:46:25: [testprecache.amxx] precaching file
L 10/09/2024 - 22:46:25: [testprecache.amxx] hlcoop/shockroach/shock_idle3.wav
L 10/09/2024 - 22:46:25: [testprecache.amxx] precaching file
L 10/09/2024 - 22:46:25: [testprecache.amxx] hlcoop/shockroach/shock_idle2.wav
L 10/09/2024 - 22:46:25: [testprecache.amxx] precaching file
L 10/09/2024 - 22:46:25: [testprecache.amxx] hlcoop/shockroach/shock_idle2.wav
L 10/09/2024 - 22:46:25: [testprecache.amxx] precaching file
L 10/09/2024 - 22:46:25: [testprecache.amxx] hlcoop/shockroach/shock_idle2.wav
L 10/09/2024 - 22:46:28: -------- Mapchange to crossfireXL --------
L 10/09/2024 - 22:46:28: [testprecache.amxx] precaching file
L 10/09/2024 - 22:46:28: [testprecache.amxx] items/smallmedkit1.wav
L 10/09/2024 - 22:46:28: [testprecache.amxx] precaching file
L 10/09/2024 - 22:46:28: [testprecache.amxx] player/pl_wade1.wav
L 10/09/2024 - 22:46:28: [testprecache.amxx] precaching file
L 10/09/2024 - 22:46:28: [testprecache.amxx] player/pl_wade2.wav
L 10/09/2024 - 22:46:28: [testprecache.amxx] precaching file
L 10/09/2024 - 22:46:28: [testprecache.amxx] hlcoop/shockroach/shock_idle3.wav
L 10/09/2024 - 22:46:28: [testprecache.amxx] precaching file
L 10/09/2024 - 22:46:28: [testprecache.amxx] hlcoop/shockroach/shock_idle2.wav
L 10/09/2024 - 22:46:28: [testprecache.amxx] precaching file
L 10/09/2024 - 22:46:28: [testprecache.amxx] hlcoop/shockroach/shock_idle2.wav
L 10/09/2024 - 22:46:28: [testprecache.amxx] precaching file
L 10/09/2024 - 22:46:28: [testprecache.amxx] hlcoop/shockroach/shock_idle2.wav
L 10/09/2024 - 15:56:43: -------- Mapchange to d1_town_04 --------
L 10/09/2024 - 15:56:43: [testprecache.amxx] precaching file
L 10/09/2024 - 15:56:43: [testprecache.amxx] items/smallmedkit1.wav
L 10/09/2024 - 15:56:43: [testprecache.amxx] precaching file
L 10/09/2024 - 15:56:43: [testprecache.amxx] player/pl_wade1.wav
L 10/09/2024 - 15:56:43: [testprecache.amxx] precaching file
L 10/09/2024 - 15:56:43: [testprecache.amxx] player/pl_wade2.wav
L 10/09/2024 - 15:56:43: [testprecache.amxx] precaching file
L 10/09/2024 - 15:56:43: [testprecache.amxx] hlcoop/shockroach/shock_idle3.wav
L 10/09/2024 - 15:56:43: [testprecache.amxx] precaching file
L 10/09/2024 - 15:56:43: [testprecache.amxx] hlcoop/shockroach/shock_idle2.wav
L 10/09/2024 - 15:56:43: [testprecache.amxx] precaching file
L 10/09/2024 - 15:56:43: [testprecache.amxx] hlcoop/shockroach/shock_idle2.wav
L 10/09/2024 - 15:56:43: [testprecache.amxx] precaching file
L 10/09/2024 - 15:56:43: [testprecache.amxx] hlcoop/shockroach/shock_idle2.wav
L 10/09/2024 - 15:57:36: -------- Mapchange to d1_town_01 --------
L 10/09/2024 - 15:57:36: [testprecache.amxx] precaching file
L 10/09/2024 - 15:57:36: [testprecache.amxx] items/smallmedkit1.wav
L 10/09/2024 - 15:57:36: [testprecache.amxx] precaching file
L 10/09/2024 - 15:57:36: [testprecache.amxx] player/pl_wade1.wav
L 10/09/2024 - 15:57:36: [testprecache.amxx] precaching file
L 10/09/2024 - 15:57:36: [testprecache.amxx] player/pl_wade2.wav
L 10/09/2024 - 15:57:36: [testprecache.amxx] precaching file
L 10/09/2024 - 15:57:36: [testprecache.amxx] hlcoop/shockroach/shock_idle3.wav
L 10/09/2024 - 15:57:36: [testprecache.amxx] precaching file
L 10/09/2024 - 15:57:36: [testprecache.amxx] hlcoop/shockroach/shock_idle2.wav
L 10/09/2024 - 15:57:36: [testprecache.amxx] precaching file
L 10/09/2024 - 15:57:36: [testprecache.amxx] hlcoop/shockroach/shock_idle2.wav
L 10/09/2024 - 15:57:36: [testprecache.amxx] precaching file
L 10/09/2024 - 15:57:36: [testprecache.amxx] hlcoop/shockroach/shock_idle2.wav
