L 03/29/2025 - 19:15:02: -------- Mapchange to d1_trainstation_02_sandbox --------
L 03/29/2025 - 19:15:02: [testprecache.amxx] precaching file
L 03/29/2025 - 19:15:02: [testprecache.amxx] items/smallmedkit1.wav
L 03/29/2025 - 19:15:02: [testprecache.amxx] precaching file
L 03/29/2025 - 19:15:02: [testprecache.amxx] player/pl_wade1.wav
L 03/29/2025 - 19:15:02: [testprecache.amxx] precaching file
L 03/29/2025 - 19:15:02: [testprecache.amxx] player/pl_wade2.wav
L 03/29/2025 - 19:15:02: [testprecache.amxx] precaching file
L 03/29/2025 - 19:15:02: [testprecache.amxx] hlcoop/shockroach/shock_idle3.wav
L 03/29/2025 - 19:15:02: [testprecache.amxx] precaching file
L 03/29/2025 - 19:15:02: [testprecache.amxx] hlcoop/shockroach/shock_idle2.wav
L 03/29/2025 - 19:15:02: [testprecache.amxx] precaching file
L 03/29/2025 - 19:15:02: [testprecache.amxx] /hl2/cscanner/scanner_scan_loop2.wav
L 03/29/2025 - 19:15:02: [testprecache.amxx] precaching file
L 03/29/2025 - 19:15:02: [testprecache.amxx] /hl2/cscanner/scanner_photo1.wav
L 03/29/2025 - 19:15:02: [testprecache.amxx] precaching file
L 03/29/2025 - 19:15:02: [testprecache.amxx] /hl2/cscanner/scanner_blip1.wav
L 03/29/2025 - 19:15:02: [testprecache.amxx] precaching file
L 03/29/2025 - 19:15:02: [testprecache.amxx] /hl2/cscanner/scanner_blip1.wav
L 03/29/2025 - 19:15:05: -------- Mapchange to hldm_2fort_sandbox --------
L 03/29/2025 - 19:15:05: [testprecache.amxx] precaching file
L 03/29/2025 - 19:15:05: [testprecache.amxx] items/smallmedkit1.wav
L 03/29/2025 - 19:15:05: [testprecache.amxx] precaching file
L 03/29/2025 - 19:15:05: [testprecache.amxx] player/pl_wade1.wav
L 03/29/2025 - 19:15:05: [testprecache.amxx] precaching file
L 03/29/2025 - 19:15:05: [testprecache.amxx] player/pl_wade2.wav
L 03/29/2025 - 19:15:05: [testprecache.amxx] precaching file
L 03/29/2025 - 19:15:05: [testprecache.amxx] hlcoop/shockroach/shock_idle3.wav
L 03/29/2025 - 19:15:05: [testprecache.amxx] precaching file
L 03/29/2025 - 19:15:05: [testprecache.amxx] hlcoop/shockroach/shock_idle2.wav
L 03/29/2025 - 19:15:05: [testprecache.amxx] precaching file
L 03/29/2025 - 19:15:05: [testprecache.amxx] /hl2/cscanner/scanner_scan_loop2.wav
L 03/29/2025 - 19:15:05: [testprecache.amxx] precaching file
L 03/29/2025 - 19:15:05: [testprecache.amxx] /hl2/cscanner/scanner_photo1.wav
L 03/29/2025 - 19:15:05: [testprecache.amxx] precaching file
L 03/29/2025 - 19:15:05: [testprecache.amxx] /hl2/cscanner/scanner_blip1.wav
L 03/29/2025 - 19:15:05: [testprecache.amxx] precaching file
L 03/29/2025 - 19:15:05: [testprecache.amxx] /hl2/cscanner/scanner_blip1.wav
L 03/29/2025 - 19:55:37: -------- Mapchange to d1_trainstation_02_sandbox --------
L 03/29/2025 - 19:55:37: [testprecache.amxx] precaching file
L 03/29/2025 - 19:55:37: [testprecache.amxx] items/smallmedkit1.wav
L 03/29/2025 - 19:55:37: [testprecache.amxx] precaching file
L 03/29/2025 - 19:55:37: [testprecache.amxx] player/pl_wade1.wav
L 03/29/2025 - 19:55:37: [testprecache.amxx] precaching file
L 03/29/2025 - 19:55:37: [testprecache.amxx] player/pl_wade2.wav
L 03/29/2025 - 19:55:37: [testprecache.amxx] precaching file
L 03/29/2025 - 19:55:37: [testprecache.amxx] hlcoop/shockroach/shock_idle3.wav
L 03/29/2025 - 19:55:37: [testprecache.amxx] precaching file
L 03/29/2025 - 19:55:37: [testprecache.amxx] hlcoop/shockroach/shock_idle2.wav
L 03/29/2025 - 19:55:37: [testprecache.amxx] precaching file
L 03/29/2025 - 19:55:37: [testprecache.amxx] /hl2/cscanner/scanner_scan_loop2.wav
L 03/29/2025 - 19:55:37: [testprecache.amxx] precaching file
L 03/29/2025 - 19:55:37: [testprecache.amxx] /hl2/cscanner/scanner_photo1.wav
L 03/29/2025 - 19:55:37: [testprecache.amxx] precaching file
L 03/29/2025 - 19:55:37: [testprecache.amxx] /hl2/cscanner/scanner_blip1.wav
L 03/29/2025 - 19:55:37: [testprecache.amxx] precaching file
L 03/29/2025 - 19:55:37: [testprecache.amxx] /hl2/cscanner/scanner_blip1.wav
L 03/29/2025 - 19:55:39: -------- Mapchange to hldm_2fort_sandbox --------
L 03/29/2025 - 19:55:39: [testprecache.amxx] precaching file
L 03/29/2025 - 19:55:39: [testprecache.amxx] items/smallmedkit1.wav
L 03/29/2025 - 19:55:39: [testprecache.amxx] precaching file
L 03/29/2025 - 19:55:39: [testprecache.amxx] player/pl_wade1.wav
L 03/29/2025 - 19:55:39: [testprecache.amxx] precaching file
L 03/29/2025 - 19:55:39: [testprecache.amxx] player/pl_wade2.wav
L 03/29/2025 - 19:55:39: [testprecache.amxx] precaching file
L 03/29/2025 - 19:55:39: [testprecache.amxx] hlcoop/shockroach/shock_idle3.wav
L 03/29/2025 - 19:55:39: [testprecache.amxx] precaching file
L 03/29/2025 - 19:55:39: [testprecache.amxx] hlcoop/shockroach/shock_idle2.wav
L 03/29/2025 - 19:55:39: [testprecache.amxx] precaching file
L 03/29/2025 - 19:55:39: [testprecache.amxx] /hl2/cscanner/scanner_scan_loop2.wav
L 03/29/2025 - 19:55:39: [testprecache.amxx] precaching file
L 03/29/2025 - 19:55:39: [testprecache.amxx] /hl2/cscanner/scanner_photo1.wav
L 03/29/2025 - 19:55:39: [testprecache.amxx] precaching file
L 03/29/2025 - 19:55:39: [testprecache.amxx] /hl2/cscanner/scanner_blip1.wav
L 03/29/2025 - 19:55:39: [testprecache.amxx] precaching file
L 03/29/2025 - 19:55:39: [testprecache.amxx] /hl2/cscanner/scanner_blip1.wav
L 03/29/2025 - 20:01:46: -------- Mapchange to d1_trainstation_02_sandbox --------
L 03/29/2025 - 20:01:46: [testprecache.amxx] precaching file
L 03/29/2025 - 20:01:46: [testprecache.amxx] items/smallmedkit1.wav
L 03/29/2025 - 20:01:46: [testprecache.amxx] precaching file
L 03/29/2025 - 20:01:46: [testprecache.amxx] player/pl_wade1.wav
L 03/29/2025 - 20:01:46: [testprecache.amxx] precaching file
L 03/29/2025 - 20:01:46: [testprecache.amxx] player/pl_wade2.wav
L 03/29/2025 - 20:01:46: [testprecache.amxx] precaching file
L 03/29/2025 - 20:01:46: [testprecache.amxx] hlcoop/shockroach/shock_idle3.wav
L 03/29/2025 - 20:01:46: [testprecache.amxx] precaching file
L 03/29/2025 - 20:01:46: [testprecache.amxx] hlcoop/shockroach/shock_idle2.wav
L 03/29/2025 - 20:01:46: [testprecache.amxx] precaching file
L 03/29/2025 - 20:01:46: [testprecache.amxx] /hl2/cscanner/scanner_scan_loop2.wav
L 03/29/2025 - 20:01:46: [testprecache.amxx] precaching file
L 03/29/2025 - 20:01:46: [testprecache.amxx] /hl2/cscanner/scanner_photo1.wav
L 03/29/2025 - 20:01:46: [testprecache.amxx] precaching file
L 03/29/2025 - 20:01:46: [testprecache.amxx] /hl2/cscanner/scanner_blip1.wav
L 03/29/2025 - 20:01:46: [testprecache.amxx] precaching file
L 03/29/2025 - 20:01:46: [testprecache.amxx] /hl2/cscanner/scanner_blip1.wav
L 03/29/2025 - 20:01:46: [galileo.amxx] 
L 03/29/2025 - 20:01:46: [galileo.amxx] The server is jumping to the next map after the current map due more than 1 restarts on the map "hldm_2fort_sandbox"
L 03/29/2025 - 20:01:46: [galileo.amxx] 
L 03/29/2025 - 20:01:48: -------- Mapchange to d1_town_03_sandbox --------
L 03/29/2025 - 20:01:48: [testprecache.amxx] precaching file
L 03/29/2025 - 20:01:48: [testprecache.amxx] items/smallmedkit1.wav
L 03/29/2025 - 20:01:48: [testprecache.amxx] precaching file
L 03/29/2025 - 20:01:48: [testprecache.amxx] player/pl_wade1.wav
L 03/29/2025 - 20:01:48: [testprecache.amxx] precaching file
L 03/29/2025 - 20:01:48: [testprecache.amxx] player/pl_wade2.wav
L 03/29/2025 - 20:01:48: [testprecache.amxx] precaching file
L 03/29/2025 - 20:01:48: [testprecache.amxx] hlcoop/shockroach/shock_idle3.wav
L 03/29/2025 - 20:01:48: [testprecache.amxx] precaching file
L 03/29/2025 - 20:01:48: [testprecache.amxx] hlcoop/shockroach/shock_idle2.wav
L 03/29/2025 - 20:01:48: [testprecache.amxx] precaching file
L 03/29/2025 - 20:01:48: [testprecache.amxx] /hl2/cscanner/scanner_scan_loop2.wav
L 03/29/2025 - 20:01:48: [testprecache.amxx] precaching file
L 03/29/2025 - 20:01:48: [testprecache.amxx] /hl2/cscanner/scanner_photo1.wav
L 03/29/2025 - 20:01:48: [testprecache.amxx] precaching file
L 03/29/2025 - 20:01:48: [testprecache.amxx] /hl2/cscanner/scanner_blip1.wav
L 03/29/2025 - 20:01:48: [testprecache.amxx] precaching file
L 03/29/2025 - 20:01:48: [testprecache.amxx] /hl2/cscanner/scanner_blip1.wav
L 03/29/2025 - 20:08:20: -------- Mapchange to d1_trainstation_02_sandbox --------
L 03/29/2025 - 20:08:20: [testprecache.amxx] precaching file
L 03/29/2025 - 20:08:20: [testprecache.amxx] items/smallmedkit1.wav
L 03/29/2025 - 20:08:20: [testprecache.amxx] precaching file
L 03/29/2025 - 20:08:20: [testprecache.amxx] player/pl_wade1.wav
L 03/29/2025 - 20:08:20: [testprecache.amxx] precaching file
L 03/29/2025 - 20:08:20: [testprecache.amxx] player/pl_wade2.wav
L 03/29/2025 - 20:08:20: [testprecache.amxx] precaching file
L 03/29/2025 - 20:08:20: [testprecache.amxx] hlcoop/shockroach/shock_idle3.wav
L 03/29/2025 - 20:08:20: [testprecache.amxx] precaching file
L 03/29/2025 - 20:08:20: [testprecache.amxx] hlcoop/shockroach/shock_idle2.wav
L 03/29/2025 - 20:08:20: [testprecache.amxx] precaching file
L 03/29/2025 - 20:08:20: [testprecache.amxx] /hl2/cscanner/scanner_scan_loop2.wav
L 03/29/2025 - 20:08:20: [testprecache.amxx] precaching file
L 03/29/2025 - 20:08:20: [testprecache.amxx] /hl2/cscanner/scanner_photo1.wav
L 03/29/2025 - 20:08:20: [testprecache.amxx] precaching file
L 03/29/2025 - 20:08:20: [testprecache.amxx] /hl2/cscanner/scanner_blip1.wav
L 03/29/2025 - 20:08:20: [testprecache.amxx] precaching file
L 03/29/2025 - 20:08:20: [testprecache.amxx] /hl2/cscanner/scanner_blip1.wav
L 03/29/2025 - 21:28:01: -------- Mapchange to d1_trainstation_02_sandbox --------
L 03/29/2025 - 21:28:01: [testprecache.amxx] precaching file
L 03/29/2025 - 21:28:01: [testprecache.amxx] items/smallmedkit1.wav
L 03/29/2025 - 21:28:01: [testprecache.amxx] precaching file
L 03/29/2025 - 21:28:01: [testprecache.amxx] player/pl_wade1.wav
L 03/29/2025 - 21:28:01: [testprecache.amxx] precaching file
L 03/29/2025 - 21:28:01: [testprecache.amxx] player/pl_wade2.wav
L 03/29/2025 - 21:28:01: [testprecache.amxx] precaching file
L 03/29/2025 - 21:28:01: [testprecache.amxx] hlcoop/shockroach/shock_idle3.wav
L 03/29/2025 - 21:28:01: [testprecache.amxx] precaching file
L 03/29/2025 - 21:28:01: [testprecache.amxx] hlcoop/shockroach/shock_idle2.wav
L 03/29/2025 - 21:28:01: [testprecache.amxx] precaching file
L 03/29/2025 - 21:28:01: [testprecache.amxx] /hl2/cscanner/scanner_scan_loop2.wav
L 03/29/2025 - 21:28:01: [testprecache.amxx] precaching file
L 03/29/2025 - 21:28:01: [testprecache.amxx] /hl2/cscanner/scanner_photo1.wav
L 03/29/2025 - 21:28:01: [testprecache.amxx] precaching file
L 03/29/2025 - 21:28:01: [testprecache.amxx] /hl2/cscanner/scanner_blip1.wav
L 03/29/2025 - 21:28:01: [testprecache.amxx] precaching file
L 03/29/2025 - 21:28:01: [testprecache.amxx] /hl2/cscanner/scanner_blip1.wav
L 03/29/2025 - 21:49:10: -------- Mapchange to d1_trainstation_02_sandbox --------
L 03/29/2025 - 21:49:10: [testprecache.amxx] precaching file
L 03/29/2025 - 21:49:10: [testprecache.amxx] items/smallmedkit1.wav
L 03/29/2025 - 21:49:10: [testprecache.amxx] precaching file
L 03/29/2025 - 21:49:10: [testprecache.amxx] player/pl_wade1.wav
L 03/29/2025 - 21:49:10: [testprecache.amxx] precaching file
L 03/29/2025 - 21:49:10: [testprecache.amxx] player/pl_wade2.wav
L 03/29/2025 - 21:49:10: [testprecache.amxx] precaching file
L 03/29/2025 - 21:49:10: [testprecache.amxx] hlcoop/shockroach/shock_idle3.wav
L 03/29/2025 - 21:49:10: [testprecache.amxx] precaching file
L 03/29/2025 - 21:49:10: [testprecache.amxx] hlcoop/shockroach/shock_idle2.wav
L 03/29/2025 - 21:49:10: [testprecache.amxx] precaching file
L 03/29/2025 - 21:49:10: [testprecache.amxx] /hl2/cscanner/scanner_scan_loop2.wav
L 03/29/2025 - 21:49:10: [testprecache.amxx] precaching file
L 03/29/2025 - 21:49:10: [testprecache.amxx] /hl2/cscanner/scanner_photo1.wav
L 03/29/2025 - 21:49:10: [testprecache.amxx] precaching file
L 03/29/2025 - 21:49:10: [testprecache.amxx] /hl2/cscanner/scanner_blip1.wav
L 03/29/2025 - 21:49:10: [testprecache.amxx] precaching file
L 03/29/2025 - 21:49:10: [testprecache.amxx] /hl2/cscanner/scanner_blip1.wav
L 03/29/2025 - 21:54:45: -------- Mapchange to d1_trainstation_02_sandbox --------
L 03/29/2025 - 21:54:45: [testprecache.amxx] precaching file
L 03/29/2025 - 21:54:45: [testprecache.amxx] items/smallmedkit1.wav
L 03/29/2025 - 21:54:45: [testprecache.amxx] precaching file
L 03/29/2025 - 21:54:45: [testprecache.amxx] player/pl_wade1.wav
L 03/29/2025 - 21:54:45: [testprecache.amxx] precaching file
L 03/29/2025 - 21:54:45: [testprecache.amxx] player/pl_wade2.wav
L 03/29/2025 - 21:54:45: [testprecache.amxx] precaching file
L 03/29/2025 - 21:54:45: [testprecache.amxx] hlcoop/shockroach/shock_idle3.wav
L 03/29/2025 - 21:54:45: [testprecache.amxx] precaching file
L 03/29/2025 - 21:54:45: [testprecache.amxx] hlcoop/shockroach/shock_idle2.wav
L 03/29/2025 - 21:54:45: [testprecache.amxx] precaching file
L 03/29/2025 - 21:54:45: [testprecache.amxx] /hl2/cscanner/scanner_scan_loop2.wav
L 03/29/2025 - 21:54:45: [testprecache.amxx] precaching file
L 03/29/2025 - 21:54:45: [testprecache.amxx] /hl2/cscanner/scanner_photo1.wav
L 03/29/2025 - 21:54:45: [testprecache.amxx] precaching file
L 03/29/2025 - 21:54:45: [testprecache.amxx] /hl2/cscanner/scanner_blip1.wav
L 03/29/2025 - 21:54:45: [testprecache.amxx] precaching file
L 03/29/2025 - 21:54:45: [testprecache.amxx] /hl2/cscanner/scanner_blip1.wav
L 03/29/2025 - 21:54:45: [galileo.amxx] 
L 03/29/2025 - 21:54:45: [galileo.amxx] The server is jumping to the next map after the current map due more than 1 restarts on the map "d1_trainstation_02_sandbox"
L 03/29/2025 - 21:54:45: [galileo.amxx] 
L 03/29/2025 - 21:54:47: -------- Mapchange to chaos_sandbox --------
L 03/29/2025 - 21:54:47: [testprecache.amxx] precaching file
L 03/29/2025 - 21:54:47: [testprecache.amxx] items/smallmedkit1.wav
L 03/29/2025 - 21:54:47: [testprecache.amxx] precaching file
L 03/29/2025 - 21:54:47: [testprecache.amxx] player/pl_wade1.wav
L 03/29/2025 - 21:54:47: [testprecache.amxx] precaching file
L 03/29/2025 - 21:54:47: [testprecache.amxx] player/pl_wade2.wav
L 03/29/2025 - 21:54:47: [testprecache.amxx] precaching file
L 03/29/2025 - 21:54:47: [testprecache.amxx] hlcoop/shockroach/shock_idle3.wav
L 03/29/2025 - 21:54:47: [testprecache.amxx] precaching file
L 03/29/2025 - 21:54:47: [testprecache.amxx] hlcoop/shockroach/shock_idle2.wav
L 03/29/2025 - 21:54:47: [testprecache.amxx] precaching file
L 03/29/2025 - 21:54:47: [testprecache.amxx] /hl2/cscanner/scanner_scan_loop2.wav
L 03/29/2025 - 21:54:47: [testprecache.amxx] precaching file
L 03/29/2025 - 21:54:47: [testprecache.amxx] /hl2/cscanner/scanner_photo1.wav
L 03/29/2025 - 21:54:47: [testprecache.amxx] precaching file
L 03/29/2025 - 21:54:47: [testprecache.amxx] /hl2/cscanner/scanner_blip1.wav
L 03/29/2025 - 21:54:47: [testprecache.amxx] precaching file
L 03/29/2025 - 21:54:47: [testprecache.amxx] /hl2/cscanner/scanner_blip1.wav
L 03/29/2025 - 22:12:41: -------- Mapchange to hldm_2fort_sandbox --------
L 03/29/2025 - 22:12:41: [testprecache.amxx] precaching file
L 03/29/2025 - 22:12:41: [testprecache.amxx] items/smallmedkit1.wav
L 03/29/2025 - 22:12:41: [testprecache.amxx] precaching file
L 03/29/2025 - 22:12:41: [testprecache.amxx] player/pl_wade1.wav
L 03/29/2025 - 22:12:41: [testprecache.amxx] precaching file
L 03/29/2025 - 22:12:41: [testprecache.amxx] player/pl_wade2.wav
L 03/29/2025 - 22:12:41: [testprecache.amxx] precaching file
L 03/29/2025 - 22:12:41: [testprecache.amxx] hlcoop/shockroach/shock_idle3.wav
L 03/29/2025 - 22:12:41: [testprecache.amxx] precaching file
L 03/29/2025 - 22:12:41: [testprecache.amxx] hlcoop/shockroach/shock_idle2.wav
L 03/29/2025 - 22:12:41: [testprecache.amxx] precaching file
L 03/29/2025 - 22:12:41: [testprecache.amxx] /hl2/cscanner/scanner_scan_loop2.wav
L 03/29/2025 - 22:12:41: [testprecache.amxx] precaching file
L 03/29/2025 - 22:12:41: [testprecache.amxx] /hl2/cscanner/scanner_photo1.wav
L 03/29/2025 - 22:12:41: [testprecache.amxx] precaching file
L 03/29/2025 - 22:12:41: [testprecache.amxx] /hl2/cscanner/scanner_blip1.wav
L 03/29/2025 - 22:12:41: [testprecache.amxx] precaching file
L 03/29/2025 - 22:12:41: [testprecache.amxx] /hl2/cscanner/scanner_blip1.wav
