L 10/28/2024 - 01:52:03: -------- Mapchange to d1_trainstation_02 --------
L 10/28/2024 - 01:52:03: [testprecache.amxx] precaching file
L 10/28/2024 - 01:52:03: [testprecache.amxx] items/smallmedkit1.wav
L 10/28/2024 - 01:52:03: [testprecache.amxx] precaching file
L 10/28/2024 - 01:52:03: [testprecache.amxx] player/pl_wade1.wav
L 10/28/2024 - 01:52:03: [testprecache.amxx] precaching file
L 10/28/2024 - 01:52:03: [testprecache.amxx] player/pl_wade2.wav
L 10/28/2024 - 01:52:03: [testprecache.amxx] precaching file
L 10/28/2024 - 01:52:03: [testprecache.amxx] hlcoop/shockroach/shock_idle3.wav
L 10/28/2024 - 01:52:03: [testprecache.amxx] precaching file
L 10/28/2024 - 01:52:03: [testprecache.amxx] hlcoop/shockroach/shock_idle2.wav
L 10/28/2024 - 01:52:03: [testprecache.amxx] precaching file
L 10/28/2024 - 01:52:03: [testprecache.amxx] /hl2/cscanner/scanner_scan_loop2.wav
L 10/28/2024 - 01:52:03: [testprecache.amxx] precaching file
L 10/28/2024 - 01:52:03: [testprecache.amxx] /hl2/cscanner/scanner_photo1.wav
L 10/28/2024 - 01:52:03: [testprecache.amxx] precaching file
L 10/28/2024 - 01:52:03: [testprecache.amxx] /hl2/cscanner/scanner_blip1.wav
L 10/28/2024 - 01:52:03: [testprecache.amxx] precaching file
L 10/28/2024 - 01:52:03: [testprecache.amxx] /hl2/cscanner/scanner_blip1.wav
L 10/28/2024 - 12:16:10: -------- Mapchange to d1_trainstation_02 --------
L 10/28/2024 - 12:16:10: [testprecache.amxx] precaching file
L 10/28/2024 - 12:16:10: [testprecache.amxx] items/smallmedkit1.wav
L 10/28/2024 - 12:16:10: [testprecache.amxx] precaching file
L 10/28/2024 - 12:16:10: [testprecache.amxx] player/pl_wade1.wav
L 10/28/2024 - 12:16:10: [testprecache.amxx] precaching file
L 10/28/2024 - 12:16:10: [testprecache.amxx] player/pl_wade2.wav
L 10/28/2024 - 12:16:10: [testprecache.amxx] precaching file
L 10/28/2024 - 12:16:10: [testprecache.amxx] hlcoop/shockroach/shock_idle3.wav
L 10/28/2024 - 12:16:10: [testprecache.amxx] precaching file
L 10/28/2024 - 12:16:10: [testprecache.amxx] hlcoop/shockroach/shock_idle2.wav
L 10/28/2024 - 12:16:10: [testprecache.amxx] precaching file
L 10/28/2024 - 12:16:10: [testprecache.amxx] /hl2/cscanner/scanner_scan_loop2.wav
L 10/28/2024 - 12:16:10: [testprecache.amxx] precaching file
L 10/28/2024 - 12:16:10: [testprecache.amxx] /hl2/cscanner/scanner_photo1.wav
L 10/28/2024 - 12:16:10: [testprecache.amxx] precaching file
L 10/28/2024 - 12:16:10: [testprecache.amxx] /hl2/cscanner/scanner_blip1.wav
L 10/28/2024 - 12:16:10: [testprecache.amxx] precaching file
L 10/28/2024 - 12:16:10: [testprecache.amxx] /hl2/cscanner/scanner_blip1.wav
L 10/28/2024 - 12:23:50: -------- Mapchange to sandbox --------
L 10/28/2024 - 12:23:50: [testprecache.amxx] precaching file
L 10/28/2024 - 12:23:50: [testprecache.amxx] items/smallmedkit1.wav
L 10/28/2024 - 12:23:50: [testprecache.amxx] precaching file
L 10/28/2024 - 12:23:50: [testprecache.amxx] player/pl_wade1.wav
L 10/28/2024 - 12:23:50: [testprecache.amxx] precaching file
L 10/28/2024 - 12:23:50: [testprecache.amxx] player/pl_wade2.wav
L 10/28/2024 - 12:23:50: [testprecache.amxx] precaching file
L 10/28/2024 - 12:23:50: [testprecache.amxx] hlcoop/shockroach/shock_idle3.wav
L 10/28/2024 - 12:23:50: [testprecache.amxx] precaching file
L 10/28/2024 - 12:23:50: [testprecache.amxx] hlcoop/shockroach/shock_idle2.wav
L 10/28/2024 - 12:23:50: [testprecache.amxx] precaching file
L 10/28/2024 - 12:23:50: [testprecache.amxx] /hl2/cscanner/scanner_scan_loop2.wav
L 10/28/2024 - 12:23:50: [testprecache.amxx] precaching file
L 10/28/2024 - 12:23:50: [testprecache.amxx] /hl2/cscanner/scanner_photo1.wav
L 10/28/2024 - 12:23:50: [testprecache.amxx] precaching file
L 10/28/2024 - 12:23:50: [testprecache.amxx] /hl2/cscanner/scanner_blip1.wav
L 10/28/2024 - 12:23:50: [testprecache.amxx] precaching file
L 10/28/2024 - 12:23:50: [testprecache.amxx] /hl2/cscanner/scanner_blip1.wav
L 10/28/2024 - 12:23:53: -------- Mapchange to d1_trainstation_02 --------
L 10/28/2024 - 12:23:53: [testprecache.amxx] precaching file
L 10/28/2024 - 12:23:53: [testprecache.amxx] items/smallmedkit1.wav
L 10/28/2024 - 12:23:53: [testprecache.amxx] precaching file
L 10/28/2024 - 12:23:53: [testprecache.amxx] player/pl_wade1.wav
L 10/28/2024 - 12:23:53: [testprecache.amxx] precaching file
L 10/28/2024 - 12:23:53: [testprecache.amxx] player/pl_wade2.wav
L 10/28/2024 - 12:23:53: [testprecache.amxx] precaching file
L 10/28/2024 - 12:23:53: [testprecache.amxx] hlcoop/shockroach/shock_idle3.wav
L 10/28/2024 - 12:23:53: [testprecache.amxx] precaching file
L 10/28/2024 - 12:23:53: [testprecache.amxx] hlcoop/shockroach/shock_idle2.wav
L 10/28/2024 - 12:23:53: [testprecache.amxx] precaching file
L 10/28/2024 - 12:23:53: [testprecache.amxx] /hl2/cscanner/scanner_scan_loop2.wav
L 10/28/2024 - 12:23:53: [testprecache.amxx] precaching file
L 10/28/2024 - 12:23:53: [testprecache.amxx] /hl2/cscanner/scanner_photo1.wav
L 10/28/2024 - 12:23:53: [testprecache.amxx] precaching file
L 10/28/2024 - 12:23:53: [testprecache.amxx] /hl2/cscanner/scanner_blip1.wav
L 10/28/2024 - 12:23:53: [testprecache.amxx] precaching file
L 10/28/2024 - 12:23:53: [testprecache.amxx] /hl2/cscanner/scanner_blip1.wav
L 10/28/2024 - 12:24:32: -------- Mapchange to sandbox --------
L 10/28/2024 - 12:24:32: [testprecache.amxx] precaching file
L 10/28/2024 - 12:24:32: [testprecache.amxx] items/smallmedkit1.wav
L 10/28/2024 - 12:24:32: [testprecache.amxx] precaching file
L 10/28/2024 - 12:24:32: [testprecache.amxx] player/pl_wade1.wav
L 10/28/2024 - 12:24:32: [testprecache.amxx] precaching file
L 10/28/2024 - 12:24:32: [testprecache.amxx] player/pl_wade2.wav
L 10/28/2024 - 12:24:32: [testprecache.amxx] precaching file
L 10/28/2024 - 12:24:32: [testprecache.amxx] hlcoop/shockroach/shock_idle3.wav
L 10/28/2024 - 12:24:32: [testprecache.amxx] precaching file
L 10/28/2024 - 12:24:32: [testprecache.amxx] hlcoop/shockroach/shock_idle2.wav
L 10/28/2024 - 12:24:32: [testprecache.amxx] precaching file
L 10/28/2024 - 12:24:32: [testprecache.amxx] /hl2/cscanner/scanner_scan_loop2.wav
L 10/28/2024 - 12:24:32: [testprecache.amxx] precaching file
L 10/28/2024 - 12:24:32: [testprecache.amxx] /hl2/cscanner/scanner_photo1.wav
L 10/28/2024 - 12:24:32: [testprecache.amxx] precaching file
L 10/28/2024 - 12:24:32: [testprecache.amxx] /hl2/cscanner/scanner_blip1.wav
L 10/28/2024 - 12:24:32: [testprecache.amxx] precaching file
L 10/28/2024 - 12:24:32: [testprecache.amxx] /hl2/cscanner/scanner_blip1.wav
L 10/28/2024 - 12:24:35: -------- Mapchange to d1_trainstation_02 --------
L 10/28/2024 - 12:24:35: [testprecache.amxx] precaching file
L 10/28/2024 - 12:24:35: [testprecache.amxx] items/smallmedkit1.wav
L 10/28/2024 - 12:24:35: [testprecache.amxx] precaching file
L 10/28/2024 - 12:24:35: [testprecache.amxx] player/pl_wade1.wav
L 10/28/2024 - 12:24:35: [testprecache.amxx] precaching file
L 10/28/2024 - 12:24:35: [testprecache.amxx] player/pl_wade2.wav
L 10/28/2024 - 12:24:35: [testprecache.amxx] precaching file
L 10/28/2024 - 12:24:35: [testprecache.amxx] hlcoop/shockroach/shock_idle3.wav
L 10/28/2024 - 12:24:35: [testprecache.amxx] precaching file
L 10/28/2024 - 12:24:35: [testprecache.amxx] hlcoop/shockroach/shock_idle2.wav
L 10/28/2024 - 12:24:35: [testprecache.amxx] precaching file
L 10/28/2024 - 12:24:35: [testprecache.amxx] /hl2/cscanner/scanner_scan_loop2.wav
L 10/28/2024 - 12:24:35: [testprecache.amxx] precaching file
L 10/28/2024 - 12:24:35: [testprecache.amxx] /hl2/cscanner/scanner_photo1.wav
L 10/28/2024 - 12:24:35: [testprecache.amxx] precaching file
L 10/28/2024 - 12:24:35: [testprecache.amxx] /hl2/cscanner/scanner_blip1.wav
L 10/28/2024 - 12:24:35: [testprecache.amxx] precaching file
L 10/28/2024 - 12:24:35: [testprecache.amxx] /hl2/cscanner/scanner_blip1.wav
L 10/28/2024 - 12:25:04: -------- Mapchange to sandbox --------
L 10/28/2024 - 12:25:04: [testprecache.amxx] precaching file
L 10/28/2024 - 12:25:04: [testprecache.amxx] items/smallmedkit1.wav
L 10/28/2024 - 12:25:04: [testprecache.amxx] precaching file
L 10/28/2024 - 12:25:04: [testprecache.amxx] player/pl_wade1.wav
L 10/28/2024 - 12:25:04: [testprecache.amxx] precaching file
L 10/28/2024 - 12:25:04: [testprecache.amxx] player/pl_wade2.wav
L 10/28/2024 - 12:25:04: [testprecache.amxx] precaching file
L 10/28/2024 - 12:25:04: [testprecache.amxx] hlcoop/shockroach/shock_idle3.wav
L 10/28/2024 - 12:25:04: [testprecache.amxx] precaching file
L 10/28/2024 - 12:25:04: [testprecache.amxx] hlcoop/shockroach/shock_idle2.wav
L 10/28/2024 - 12:25:04: [testprecache.amxx] precaching file
L 10/28/2024 - 12:25:04: [testprecache.amxx] /hl2/cscanner/scanner_scan_loop2.wav
L 10/28/2024 - 12:25:04: [testprecache.amxx] precaching file
L 10/28/2024 - 12:25:04: [testprecache.amxx] /hl2/cscanner/scanner_photo1.wav
L 10/28/2024 - 12:25:04: [testprecache.amxx] precaching file
L 10/28/2024 - 12:25:04: [testprecache.amxx] /hl2/cscanner/scanner_blip1.wav
L 10/28/2024 - 12:25:04: [testprecache.amxx] precaching file
L 10/28/2024 - 12:25:04: [testprecache.amxx] /hl2/cscanner/scanner_blip1.wav
L 10/28/2024 - 12:25:04: [galileo.amxx] 
L 10/28/2024 - 12:25:04: [galileo.amxx] The server is jumping to the next map after the current map due more than 1 restarts on the map "d1_trainstation_02"
L 10/28/2024 - 12:25:04: [galileo.amxx] 
L 10/28/2024 - 12:25:07: -------- Mapchange to e1m1 --------
L 10/28/2024 - 12:25:07: [testprecache.amxx] precaching file
L 10/28/2024 - 12:25:07: [testprecache.amxx] items/smallmedkit1.wav
L 10/28/2024 - 12:25:07: [testprecache.amxx] precaching file
L 10/28/2024 - 12:25:07: [testprecache.amxx] player/pl_wade1.wav
L 10/28/2024 - 12:25:07: [testprecache.amxx] precaching file
L 10/28/2024 - 12:25:07: [testprecache.amxx] player/pl_wade2.wav
L 10/28/2024 - 12:25:07: [testprecache.amxx] precaching file
L 10/28/2024 - 12:25:07: [testprecache.amxx] hlcoop/shockroach/shock_idle3.wav
L 10/28/2024 - 12:25:07: [testprecache.amxx] precaching file
L 10/28/2024 - 12:25:07: [testprecache.amxx] hlcoop/shockroach/shock_idle2.wav
L 10/28/2024 - 12:25:07: [testprecache.amxx] precaching file
L 10/28/2024 - 12:25:07: [testprecache.amxx] /hl2/cscanner/scanner_scan_loop2.wav
L 10/28/2024 - 12:25:07: [testprecache.amxx] precaching file
L 10/28/2024 - 12:25:07: [testprecache.amxx] /hl2/cscanner/scanner_photo1.wav
L 10/28/2024 - 12:25:07: [testprecache.amxx] precaching file
L 10/28/2024 - 12:25:07: [testprecache.amxx] /hl2/cscanner/scanner_blip1.wav
L 10/28/2024 - 12:25:07: [testprecache.amxx] precaching file
L 10/28/2024 - 12:25:07: [testprecache.amxx] /hl2/cscanner/scanner_blip1.wav
L 10/28/2024 - 12:29:39: -------- Mapchange to sandbox --------
L 10/28/2024 - 12:29:39: [testprecache.amxx] precaching file
L 10/28/2024 - 12:29:39: [testprecache.amxx] items/smallmedkit1.wav
L 10/28/2024 - 12:29:39: [testprecache.amxx] precaching file
L 10/28/2024 - 12:29:39: [testprecache.amxx] player/pl_wade1.wav
L 10/28/2024 - 12:29:39: [testprecache.amxx] precaching file
L 10/28/2024 - 12:29:39: [testprecache.amxx] player/pl_wade2.wav
L 10/28/2024 - 12:29:39: [testprecache.amxx] precaching file
L 10/28/2024 - 12:29:39: [testprecache.amxx] hlcoop/shockroach/shock_idle3.wav
L 10/28/2024 - 12:29:39: [testprecache.amxx] precaching file
L 10/28/2024 - 12:29:39: [testprecache.amxx] hlcoop/shockroach/shock_idle2.wav
L 10/28/2024 - 12:29:39: [testprecache.amxx] precaching file
L 10/28/2024 - 12:29:39: [testprecache.amxx] /hl2/cscanner/scanner_scan_loop2.wav
L 10/28/2024 - 12:29:39: [testprecache.amxx] precaching file
L 10/28/2024 - 12:29:39: [testprecache.amxx] /hl2/cscanner/scanner_photo1.wav
L 10/28/2024 - 12:29:39: [testprecache.amxx] precaching file
L 10/28/2024 - 12:29:39: [testprecache.amxx] /hl2/cscanner/scanner_blip1.wav
L 10/28/2024 - 12:29:39: [testprecache.amxx] precaching file
L 10/28/2024 - 12:29:39: [testprecache.amxx] /hl2/cscanner/scanner_blip1.wav
L 10/28/2024 - 12:29:42: -------- Mapchange to e1m1 --------
L 10/28/2024 - 12:29:42: [testprecache.amxx] precaching file
L 10/28/2024 - 12:29:42: [testprecache.amxx] items/smallmedkit1.wav
L 10/28/2024 - 12:29:42: [testprecache.amxx] precaching file
L 10/28/2024 - 12:29:42: [testprecache.amxx] player/pl_wade1.wav
L 10/28/2024 - 12:29:42: [testprecache.amxx] precaching file
L 10/28/2024 - 12:29:42: [testprecache.amxx] player/pl_wade2.wav
L 10/28/2024 - 12:29:42: [testprecache.amxx] precaching file
L 10/28/2024 - 12:29:42: [testprecache.amxx] hlcoop/shockroach/shock_idle3.wav
L 10/28/2024 - 12:29:42: [testprecache.amxx] precaching file
L 10/28/2024 - 12:29:42: [testprecache.amxx] hlcoop/shockroach/shock_idle2.wav
L 10/28/2024 - 12:29:42: [testprecache.amxx] precaching file
L 10/28/2024 - 12:29:42: [testprecache.amxx] /hl2/cscanner/scanner_scan_loop2.wav
L 10/28/2024 - 12:29:42: [testprecache.amxx] precaching file
L 10/28/2024 - 12:29:42: [testprecache.amxx] /hl2/cscanner/scanner_photo1.wav
L 10/28/2024 - 12:29:42: [testprecache.amxx] precaching file
L 10/28/2024 - 12:29:42: [testprecache.amxx] /hl2/cscanner/scanner_blip1.wav
L 10/28/2024 - 12:29:42: [testprecache.amxx] precaching file
L 10/28/2024 - 12:29:42: [testprecache.amxx] /hl2/cscanner/scanner_blip1.wav
L 10/28/2024 - 13:07:01: -------- Mapchange to hldm_2fort --------
L 10/28/2024 - 13:07:01: [testprecache.amxx] precaching file
L 10/28/2024 - 13:07:01: [testprecache.amxx] items/smallmedkit1.wav
L 10/28/2024 - 13:07:01: [testprecache.amxx] precaching file
L 10/28/2024 - 13:07:01: [testprecache.amxx] player/pl_wade1.wav
L 10/28/2024 - 13:07:01: [testprecache.amxx] precaching file
L 10/28/2024 - 13:07:01: [testprecache.amxx] player/pl_wade2.wav
L 10/28/2024 - 13:07:01: [testprecache.amxx] precaching file
L 10/28/2024 - 13:07:01: [testprecache.amxx] hlcoop/shockroach/shock_idle3.wav
L 10/28/2024 - 13:07:01: [testprecache.amxx] precaching file
L 10/28/2024 - 13:07:01: [testprecache.amxx] hlcoop/shockroach/shock_idle2.wav
L 10/28/2024 - 13:07:01: [testprecache.amxx] precaching file
L 10/28/2024 - 13:07:01: [testprecache.amxx] /hl2/cscanner/scanner_scan_loop2.wav
L 10/28/2024 - 13:07:01: [testprecache.amxx] precaching file
L 10/28/2024 - 13:07:01: [testprecache.amxx] /hl2/cscanner/scanner_photo1.wav
L 10/28/2024 - 13:07:01: [testprecache.amxx] precaching file
L 10/28/2024 - 13:07:01: [testprecache.amxx] /hl2/cscanner/scanner_blip1.wav
L 10/28/2024 - 13:07:01: [testprecache.amxx] precaching file
L 10/28/2024 - 13:07:01: [testprecache.amxx] /hl2/cscanner/scanner_blip1.wav
L 10/28/2024 - 13:08:26: -------- Mapchange to d1_town_01 --------
L 10/28/2024 - 13:08:26: [testprecache.amxx] precaching file
L 10/28/2024 - 13:08:26: [testprecache.amxx] items/smallmedkit1.wav
L 10/28/2024 - 13:08:26: [testprecache.amxx] precaching file
L 10/28/2024 - 13:08:26: [testprecache.amxx] player/pl_wade1.wav
L 10/28/2024 - 13:08:26: [testprecache.amxx] precaching file
L 10/28/2024 - 13:08:26: [testprecache.amxx] player/pl_wade2.wav
L 10/28/2024 - 13:08:26: [testprecache.amxx] precaching file
L 10/28/2024 - 13:08:26: [testprecache.amxx] hlcoop/shockroach/shock_idle3.wav
L 10/28/2024 - 13:08:26: [testprecache.amxx] precaching file
L 10/28/2024 - 13:08:26: [testprecache.amxx] hlcoop/shockroach/shock_idle2.wav
L 10/28/2024 - 13:08:26: [testprecache.amxx] precaching file
L 10/28/2024 - 13:08:26: [testprecache.amxx] /hl2/cscanner/scanner_scan_loop2.wav
L 10/28/2024 - 13:08:26: [testprecache.amxx] precaching file
L 10/28/2024 - 13:08:26: [testprecache.amxx] /hl2/cscanner/scanner_photo1.wav
L 10/28/2024 - 13:08:26: [testprecache.amxx] precaching file
L 10/28/2024 - 13:08:26: [testprecache.amxx] /hl2/cscanner/scanner_blip1.wav
L 10/28/2024 - 13:08:26: [testprecache.amxx] precaching file
L 10/28/2024 - 13:08:26: [testprecache.amxx] /hl2/cscanner/scanner_blip1.wav
L 10/28/2024 - 13:11:20: -------- Mapchange to sandbox --------
L 10/28/2024 - 13:11:20: [testprecache.amxx] precaching file
L 10/28/2024 - 13:11:20: [testprecache.amxx] items/smallmedkit1.wav
L 10/28/2024 - 13:11:20: [testprecache.amxx] precaching file
L 10/28/2024 - 13:11:20: [testprecache.amxx] player/pl_wade1.wav
L 10/28/2024 - 13:11:20: [testprecache.amxx] precaching file
L 10/28/2024 - 13:11:20: [testprecache.amxx] player/pl_wade2.wav
L 10/28/2024 - 13:11:20: [testprecache.amxx] precaching file
L 10/28/2024 - 13:11:20: [testprecache.amxx] hlcoop/shockroach/shock_idle3.wav
L 10/28/2024 - 13:11:20: [testprecache.amxx] precaching file
L 10/28/2024 - 13:11:20: [testprecache.amxx] hlcoop/shockroach/shock_idle2.wav
L 10/28/2024 - 13:11:20: [testprecache.amxx] precaching file
L 10/28/2024 - 13:11:20: [testprecache.amxx] /hl2/cscanner/scanner_scan_loop2.wav
L 10/28/2024 - 13:11:20: [testprecache.amxx] precaching file
L 10/28/2024 - 13:11:20: [testprecache.amxx] /hl2/cscanner/scanner_photo1.wav
L 10/28/2024 - 13:11:20: [testprecache.amxx] precaching file
L 10/28/2024 - 13:11:20: [testprecache.amxx] /hl2/cscanner/scanner_blip1.wav
L 10/28/2024 - 13:11:20: [testprecache.amxx] precaching file
L 10/28/2024 - 13:11:20: [testprecache.amxx] /hl2/cscanner/scanner_blip1.wav
L 10/28/2024 - 13:11:22: -------- Mapchange to d1_town_01 --------
L 10/28/2024 - 13:11:22: [testprecache.amxx] precaching file
L 10/28/2024 - 13:11:22: [testprecache.amxx] items/smallmedkit1.wav
L 10/28/2024 - 13:11:22: [testprecache.amxx] precaching file
L 10/28/2024 - 13:11:22: [testprecache.amxx] player/pl_wade1.wav
L 10/28/2024 - 13:11:22: [testprecache.amxx] precaching file
L 10/28/2024 - 13:11:22: [testprecache.amxx] player/pl_wade2.wav
L 10/28/2024 - 13:11:22: [testprecache.amxx] precaching file
L 10/28/2024 - 13:11:22: [testprecache.amxx] hlcoop/shockroach/shock_idle3.wav
L 10/28/2024 - 13:11:22: [testprecache.amxx] precaching file
L 10/28/2024 - 13:11:22: [testprecache.amxx] hlcoop/shockroach/shock_idle2.wav
L 10/28/2024 - 13:11:22: [testprecache.amxx] precaching file
L 10/28/2024 - 13:11:22: [testprecache.amxx] /hl2/cscanner/scanner_scan_loop2.wav
L 10/28/2024 - 13:11:22: [testprecache.amxx] precaching file
L 10/28/2024 - 13:11:22: [testprecache.amxx] /hl2/cscanner/scanner_photo1.wav
L 10/28/2024 - 13:11:22: [testprecache.amxx] precaching file
L 10/28/2024 - 13:11:22: [testprecache.amxx] /hl2/cscanner/scanner_blip1.wav
L 10/28/2024 - 13:11:22: [testprecache.amxx] precaching file
L 10/28/2024 - 13:11:22: [testprecache.amxx] /hl2/cscanner/scanner_blip1.wav
L 10/28/2024 - 13:12:14: -------- Mapchange to sandbox --------
L 10/28/2024 - 13:12:14: [testprecache.amxx] precaching file
L 10/28/2024 - 13:12:14: [testprecache.amxx] items/smallmedkit1.wav
L 10/28/2024 - 13:12:14: [testprecache.amxx] precaching file
L 10/28/2024 - 13:12:14: [testprecache.amxx] player/pl_wade1.wav
L 10/28/2024 - 13:12:14: [testprecache.amxx] precaching file
L 10/28/2024 - 13:12:14: [testprecache.amxx] player/pl_wade2.wav
L 10/28/2024 - 13:12:14: [testprecache.amxx] precaching file
L 10/28/2024 - 13:12:14: [testprecache.amxx] hlcoop/shockroach/shock_idle3.wav
L 10/28/2024 - 13:12:14: [testprecache.amxx] precaching file
L 10/28/2024 - 13:12:14: [testprecache.amxx] hlcoop/shockroach/shock_idle2.wav
L 10/28/2024 - 13:12:14: [testprecache.amxx] precaching file
L 10/28/2024 - 13:12:14: [testprecache.amxx] /hl2/cscanner/scanner_scan_loop2.wav
L 10/28/2024 - 13:12:14: [testprecache.amxx] precaching file
L 10/28/2024 - 13:12:14: [testprecache.amxx] /hl2/cscanner/scanner_photo1.wav
L 10/28/2024 - 13:12:14: [testprecache.amxx] precaching file
L 10/28/2024 - 13:12:14: [testprecache.amxx] /hl2/cscanner/scanner_blip1.wav
L 10/28/2024 - 13:12:14: [testprecache.amxx] precaching file
L 10/28/2024 - 13:12:14: [testprecache.amxx] /hl2/cscanner/scanner_blip1.wav
L 10/28/2024 - 13:38:34: -------- Mapchange to sandbox --------
L 10/28/2024 - 13:38:34: [testprecache.amxx] precaching file
L 10/28/2024 - 13:38:34: [testprecache.amxx] items/smallmedkit1.wav
L 10/28/2024 - 13:38:34: [testprecache.amxx] precaching file
L 10/28/2024 - 13:38:34: [testprecache.amxx] player/pl_wade1.wav
L 10/28/2024 - 13:38:34: [testprecache.amxx] precaching file
L 10/28/2024 - 13:38:34: [testprecache.amxx] player/pl_wade2.wav
L 10/28/2024 - 13:38:34: [testprecache.amxx] precaching file
L 10/28/2024 - 13:38:34: [testprecache.amxx] hlcoop/shockroach/shock_idle3.wav
L 10/28/2024 - 13:38:34: [testprecache.amxx] precaching file
L 10/28/2024 - 13:38:34: [testprecache.amxx] hlcoop/shockroach/shock_idle2.wav
L 10/28/2024 - 13:38:34: [testprecache.amxx] precaching file
L 10/28/2024 - 13:38:34: [testprecache.amxx] /hl2/cscanner/scanner_scan_loop2.wav
L 10/28/2024 - 13:38:34: [testprecache.amxx] precaching file
L 10/28/2024 - 13:38:34: [testprecache.amxx] /hl2/cscanner/scanner_photo1.wav
L 10/28/2024 - 13:38:34: [testprecache.amxx] precaching file
L 10/28/2024 - 13:38:34: [testprecache.amxx] /hl2/cscanner/scanner_blip1.wav
L 10/28/2024 - 13:38:34: [testprecache.amxx] precaching file
L 10/28/2024 - 13:38:34: [testprecache.amxx] /hl2/cscanner/scanner_blip1.wav
L 10/28/2024 - 13:39:22: -------- Mapchange to crossfireXL --------
L 10/28/2024 - 13:39:22: [testprecache.amxx] precaching file
L 10/28/2024 - 13:39:22: [testprecache.amxx] items/smallmedkit1.wav
L 10/28/2024 - 13:39:22: [testprecache.amxx] precaching file
L 10/28/2024 - 13:39:22: [testprecache.amxx] player/pl_wade1.wav
L 10/28/2024 - 13:39:22: [testprecache.amxx] precaching file
L 10/28/2024 - 13:39:22: [testprecache.amxx] player/pl_wade2.wav
L 10/28/2024 - 13:39:22: [testprecache.amxx] precaching file
L 10/28/2024 - 13:39:22: [testprecache.amxx] hlcoop/shockroach/shock_idle3.wav
L 10/28/2024 - 13:39:22: [testprecache.amxx] precaching file
L 10/28/2024 - 13:39:22: [testprecache.amxx] hlcoop/shockroach/shock_idle2.wav
L 10/28/2024 - 13:39:22: [testprecache.amxx] precaching file
L 10/28/2024 - 13:39:22: [testprecache.amxx] /hl2/cscanner/scanner_scan_loop2.wav
L 10/28/2024 - 13:39:22: [testprecache.amxx] precaching file
L 10/28/2024 - 13:39:22: [testprecache.amxx] /hl2/cscanner/scanner_photo1.wav
L 10/28/2024 - 13:39:22: [testprecache.amxx] precaching file
L 10/28/2024 - 13:39:22: [testprecache.amxx] /hl2/cscanner/scanner_blip1.wav
L 10/28/2024 - 13:39:22: [testprecache.amxx] precaching file
L 10/28/2024 - 13:39:22: [testprecache.amxx] /hl2/cscanner/scanner_blip1.wav
L 10/28/2024 - 21:21:15: -------- Mapchange to sandbox --------
L 10/28/2024 - 21:21:15: [testprecache.amxx] precaching file
L 10/28/2024 - 21:21:15: [testprecache.amxx] items/smallmedkit1.wav
L 10/28/2024 - 21:21:15: [testprecache.amxx] precaching file
L 10/28/2024 - 21:21:15: [testprecache.amxx] player/pl_wade1.wav
L 10/28/2024 - 21:21:15: [testprecache.amxx] precaching file
L 10/28/2024 - 21:21:15: [testprecache.amxx] player/pl_wade2.wav
L 10/28/2024 - 21:21:15: [testprecache.amxx] precaching file
L 10/28/2024 - 21:21:15: [testprecache.amxx] hlcoop/shockroach/shock_idle3.wav
L 10/28/2024 - 21:21:15: [testprecache.amxx] precaching file
L 10/28/2024 - 21:21:15: [testprecache.amxx] hlcoop/shockroach/shock_idle2.wav
L 10/28/2024 - 21:21:15: [testprecache.amxx] precaching file
L 10/28/2024 - 21:21:15: [testprecache.amxx] /hl2/cscanner/scanner_scan_loop2.wav
L 10/28/2024 - 21:21:15: [testprecache.amxx] precaching file
L 10/28/2024 - 21:21:15: [testprecache.amxx] /hl2/cscanner/scanner_photo1.wav
L 10/28/2024 - 21:21:15: [testprecache.amxx] precaching file
L 10/28/2024 - 21:21:15: [testprecache.amxx] /hl2/cscanner/scanner_blip1.wav
L 10/28/2024 - 21:21:15: [testprecache.amxx] precaching file
L 10/28/2024 - 21:21:15: [testprecache.amxx] /hl2/cscanner/scanner_blip1.wav
L 10/28/2024 - 21:21:18: -------- Mapchange to crossfireXL --------
L 10/28/2024 - 21:21:18: [testprecache.amxx] precaching file
L 10/28/2024 - 21:21:18: [testprecache.amxx] items/smallmedkit1.wav
L 10/28/2024 - 21:21:18: [testprecache.amxx] precaching file
L 10/28/2024 - 21:21:18: [testprecache.amxx] player/pl_wade1.wav
L 10/28/2024 - 21:21:18: [testprecache.amxx] precaching file
L 10/28/2024 - 21:21:18: [testprecache.amxx] player/pl_wade2.wav
L 10/28/2024 - 21:21:18: [testprecache.amxx] precaching file
L 10/28/2024 - 21:21:18: [testprecache.amxx] hlcoop/shockroach/shock_idle3.wav
L 10/28/2024 - 21:21:18: [testprecache.amxx] precaching file
L 10/28/2024 - 21:21:18: [testprecache.amxx] hlcoop/shockroach/shock_idle2.wav
L 10/28/2024 - 21:21:18: [testprecache.amxx] precaching file
L 10/28/2024 - 21:21:18: [testprecache.amxx] /hl2/cscanner/scanner_scan_loop2.wav
L 10/28/2024 - 21:21:18: [testprecache.amxx] precaching file
L 10/28/2024 - 21:21:18: [testprecache.amxx] /hl2/cscanner/scanner_photo1.wav
L 10/28/2024 - 21:21:18: [testprecache.amxx] precaching file
L 10/28/2024 - 21:21:18: [testprecache.amxx] /hl2/cscanner/scanner_blip1.wav
L 10/28/2024 - 21:21:18: [testprecache.amxx] precaching file
L 10/28/2024 - 21:21:18: [testprecache.amxx] /hl2/cscanner/scanner_blip1.wav
L 10/28/2024 - 21:28:35: -------- Mapchange to sandbox --------
L 10/28/2024 - 21:28:35: [testprecache.amxx] precaching file
L 10/28/2024 - 21:28:35: [testprecache.amxx] items/smallmedkit1.wav
L 10/28/2024 - 21:28:35: [testprecache.amxx] precaching file
L 10/28/2024 - 21:28:35: [testprecache.amxx] player/pl_wade1.wav
L 10/28/2024 - 21:28:35: [testprecache.amxx] precaching file
L 10/28/2024 - 21:28:35: [testprecache.amxx] player/pl_wade2.wav
L 10/28/2024 - 21:28:35: [testprecache.amxx] precaching file
L 10/28/2024 - 21:28:35: [testprecache.amxx] hlcoop/shockroach/shock_idle3.wav
L 10/28/2024 - 21:28:35: [testprecache.amxx] precaching file
L 10/28/2024 - 21:28:35: [testprecache.amxx] hlcoop/shockroach/shock_idle2.wav
L 10/28/2024 - 21:28:35: [testprecache.amxx] precaching file
L 10/28/2024 - 21:28:35: [testprecache.amxx] /hl2/cscanner/scanner_scan_loop2.wav
L 10/28/2024 - 21:28:35: [testprecache.amxx] precaching file
L 10/28/2024 - 21:28:35: [testprecache.amxx] /hl2/cscanner/scanner_photo1.wav
L 10/28/2024 - 21:28:35: [testprecache.amxx] precaching file
L 10/28/2024 - 21:28:35: [testprecache.amxx] /hl2/cscanner/scanner_blip1.wav
L 10/28/2024 - 21:28:35: [testprecache.amxx] precaching file
L 10/28/2024 - 21:28:35: [testprecache.amxx] /hl2/cscanner/scanner_blip1.wav
L 10/28/2024 - 21:28:38: -------- Mapchange to crossfireXL --------
L 10/28/2024 - 21:28:38: [testprecache.amxx] precaching file
L 10/28/2024 - 21:28:38: [testprecache.amxx] items/smallmedkit1.wav
L 10/28/2024 - 21:28:38: [testprecache.amxx] precaching file
L 10/28/2024 - 21:28:38: [testprecache.amxx] player/pl_wade1.wav
L 10/28/2024 - 21:28:38: [testprecache.amxx] precaching file
L 10/28/2024 - 21:28:38: [testprecache.amxx] player/pl_wade2.wav
L 10/28/2024 - 21:28:38: [testprecache.amxx] precaching file
L 10/28/2024 - 21:28:38: [testprecache.amxx] hlcoop/shockroach/shock_idle3.wav
L 10/28/2024 - 21:28:38: [testprecache.amxx] precaching file
L 10/28/2024 - 21:28:38: [testprecache.amxx] hlcoop/shockroach/shock_idle2.wav
L 10/28/2024 - 21:28:38: [testprecache.amxx] precaching file
L 10/28/2024 - 21:28:38: [testprecache.amxx] /hl2/cscanner/scanner_scan_loop2.wav
L 10/28/2024 - 21:28:38: [testprecache.amxx] precaching file
L 10/28/2024 - 21:28:38: [testprecache.amxx] /hl2/cscanner/scanner_photo1.wav
L 10/28/2024 - 21:28:38: [testprecache.amxx] precaching file
L 10/28/2024 - 21:28:38: [testprecache.amxx] /hl2/cscanner/scanner_blip1.wav
L 10/28/2024 - 21:28:38: [testprecache.amxx] precaching file
L 10/28/2024 - 21:28:38: [testprecache.amxx] /hl2/cscanner/scanner_blip1.wav
L 10/28/2024 - 21:43:05: -------- Mapchange to sandbox --------
L 10/28/2024 - 21:43:05: [testprecache.amxx] precaching file
L 10/28/2024 - 21:43:05: [testprecache.amxx] items/smallmedkit1.wav
L 10/28/2024 - 21:43:05: [testprecache.amxx] precaching file
L 10/28/2024 - 21:43:05: [testprecache.amxx] player/pl_wade1.wav
L 10/28/2024 - 21:43:05: [testprecache.amxx] precaching file
L 10/28/2024 - 21:43:05: [testprecache.amxx] player/pl_wade2.wav
L 10/28/2024 - 21:43:05: [testprecache.amxx] precaching file
L 10/28/2024 - 21:43:05: [testprecache.amxx] hlcoop/shockroach/shock_idle3.wav
L 10/28/2024 - 21:43:05: [testprecache.amxx] precaching file
L 10/28/2024 - 21:43:05: [testprecache.amxx] hlcoop/shockroach/shock_idle2.wav
L 10/28/2024 - 21:43:05: [testprecache.amxx] precaching file
L 10/28/2024 - 21:43:05: [testprecache.amxx] /hl2/cscanner/scanner_scan_loop2.wav
L 10/28/2024 - 21:43:05: [testprecache.amxx] precaching file
L 10/28/2024 - 21:43:05: [testprecache.amxx] /hl2/cscanner/scanner_photo1.wav
L 10/28/2024 - 21:43:05: [testprecache.amxx] precaching file
L 10/28/2024 - 21:43:05: [testprecache.amxx] /hl2/cscanner/scanner_blip1.wav
L 10/28/2024 - 21:43:05: [testprecache.amxx] precaching file
L 10/28/2024 - 21:43:05: [testprecache.amxx] /hl2/cscanner/scanner_blip1.wav
L 10/28/2024 - 21:43:06: [galileo.amxx] 
L 10/28/2024 - 21:43:06: [galileo.amxx] The server is jumping to the next map after the current map due more than 1 restarts on the map "crossfireXL"
L 10/28/2024 - 21:43:06: [galileo.amxx] 
L 10/28/2024 - 21:43:08: -------- Mapchange to boot_camp --------
L 10/28/2024 - 21:43:08: [testprecache.amxx] precaching file
L 10/28/2024 - 21:43:08: [testprecache.amxx] items/smallmedkit1.wav
L 10/28/2024 - 21:43:08: [testprecache.amxx] precaching file
L 10/28/2024 - 21:43:08: [testprecache.amxx] player/pl_wade1.wav
L 10/28/2024 - 21:43:08: [testprecache.amxx] precaching file
L 10/28/2024 - 21:43:08: [testprecache.amxx] player/pl_wade2.wav
L 10/28/2024 - 21:43:08: [testprecache.amxx] precaching file
L 10/28/2024 - 21:43:08: [testprecache.amxx] hlcoop/shockroach/shock_idle3.wav
L 10/28/2024 - 21:43:08: [testprecache.amxx] precaching file
L 10/28/2024 - 21:43:08: [testprecache.amxx] hlcoop/shockroach/shock_idle2.wav
L 10/28/2024 - 21:43:08: [testprecache.amxx] precaching file
L 10/28/2024 - 21:43:08: [testprecache.amxx] /hl2/cscanner/scanner_scan_loop2.wav
L 10/28/2024 - 21:43:08: [testprecache.amxx] precaching file
L 10/28/2024 - 21:43:08: [testprecache.amxx] /hl2/cscanner/scanner_photo1.wav
L 10/28/2024 - 21:43:08: [testprecache.amxx] precaching file
L 10/28/2024 - 21:43:08: [testprecache.amxx] /hl2/cscanner/scanner_blip1.wav
L 10/28/2024 - 21:43:08: [testprecache.amxx] precaching file
L 10/28/2024 - 21:43:08: [testprecache.amxx] /hl2/cscanner/scanner_blip1.wav
L 10/28/2024 - 14:43:48: -------- Mapchange to sandbox --------
L 10/28/2024 - 14:43:48: [testprecache.amxx] precaching file
L 10/28/2024 - 14:43:48: [testprecache.amxx] items/smallmedkit1.wav
L 10/28/2024 - 14:43:48: [testprecache.amxx] precaching file
L 10/28/2024 - 14:43:48: [testprecache.amxx] player/pl_wade1.wav
L 10/28/2024 - 14:43:48: [testprecache.amxx] precaching file
L 10/28/2024 - 14:43:48: [testprecache.amxx] player/pl_wade2.wav
L 10/28/2024 - 14:43:48: [testprecache.amxx] precaching file
L 10/28/2024 - 14:43:48: [testprecache.amxx] hlcoop/shockroach/shock_idle3.wav
L 10/28/2024 - 14:43:48: [testprecache.amxx] precaching file
L 10/28/2024 - 14:43:48: [testprecache.amxx] hlcoop/shockroach/shock_idle2.wav
L 10/28/2024 - 14:43:48: [testprecache.amxx] precaching file
L 10/28/2024 - 14:43:48: [testprecache.amxx] /hl2/cscanner/scanner_scan_loop2.wav
L 10/28/2024 - 14:43:48: [testprecache.amxx] precaching file
L 10/28/2024 - 14:43:48: [testprecache.amxx] /hl2/cscanner/scanner_photo1.wav
L 10/28/2024 - 14:43:48: [testprecache.amxx] precaching file
L 10/28/2024 - 14:43:48: [testprecache.amxx] /hl2/cscanner/scanner_blip1.wav
L 10/28/2024 - 14:43:48: [testprecache.amxx] precaching file
L 10/28/2024 - 14:43:48: [testprecache.amxx] /hl2/cscanner/scanner_blip1.wav
L 10/28/2024 - 14:43:50: -------- Mapchange to boot_camp --------
L 10/28/2024 - 14:43:50: [testprecache.amxx] precaching file
L 10/28/2024 - 14:43:50: [testprecache.amxx] items/smallmedkit1.wav
L 10/28/2024 - 14:43:50: [testprecache.amxx] precaching file
L 10/28/2024 - 14:43:50: [testprecache.amxx] player/pl_wade1.wav
L 10/28/2024 - 14:43:50: [testprecache.amxx] precaching file
L 10/28/2024 - 14:43:50: [testprecache.amxx] player/pl_wade2.wav
L 10/28/2024 - 14:43:50: [testprecache.amxx] precaching file
L 10/28/2024 - 14:43:50: [testprecache.amxx] hlcoop/shockroach/shock_idle3.wav
L 10/28/2024 - 14:43:50: [testprecache.amxx] precaching file
L 10/28/2024 - 14:43:50: [testprecache.amxx] hlcoop/shockroach/shock_idle2.wav
L 10/28/2024 - 14:43:50: [testprecache.amxx] precaching file
L 10/28/2024 - 14:43:50: [testprecache.amxx] /hl2/cscanner/scanner_scan_loop2.wav
L 10/28/2024 - 14:43:50: [testprecache.amxx] precaching file
L 10/28/2024 - 14:43:50: [testprecache.amxx] /hl2/cscanner/scanner_photo1.wav
L 10/28/2024 - 14:43:50: [testprecache.amxx] precaching file
L 10/28/2024 - 14:43:50: [testprecache.amxx] /hl2/cscanner/scanner_blip1.wav
L 10/28/2024 - 14:43:50: [testprecache.amxx] precaching file
L 10/28/2024 - 14:43:50: [testprecache.amxx] /hl2/cscanner/scanner_blip1.wav
L 10/28/2024 - 16:41:18: -------- Mapchange to sandbox --------
L 10/28/2024 - 16:41:18: [testprecache.amxx] precaching file
L 10/28/2024 - 16:41:18: [testprecache.amxx] items/smallmedkit1.wav
L 10/28/2024 - 16:41:18: [testprecache.amxx] precaching file
L 10/28/2024 - 16:41:18: [testprecache.amxx] player/pl_wade1.wav
L 10/28/2024 - 16:41:18: [testprecache.amxx] precaching file
L 10/28/2024 - 16:41:18: [testprecache.amxx] player/pl_wade2.wav
L 10/28/2024 - 16:41:18: [testprecache.amxx] precaching file
L 10/28/2024 - 16:41:18: [testprecache.amxx] hlcoop/shockroach/shock_idle3.wav
L 10/28/2024 - 16:41:18: [testprecache.amxx] precaching file
L 10/28/2024 - 16:41:18: [testprecache.amxx] hlcoop/shockroach/shock_idle2.wav
L 10/28/2024 - 16:41:18: [testprecache.amxx] precaching file
L 10/28/2024 - 16:41:18: [testprecache.amxx] /hl2/cscanner/scanner_scan_loop2.wav
L 10/28/2024 - 16:41:18: [testprecache.amxx] precaching file
L 10/28/2024 - 16:41:18: [testprecache.amxx] /hl2/cscanner/scanner_photo1.wav
L 10/28/2024 - 16:41:18: [testprecache.amxx] precaching file
L 10/28/2024 - 16:41:18: [testprecache.amxx] /hl2/cscanner/scanner_blip1.wav
L 10/28/2024 - 16:41:18: [testprecache.amxx] precaching file
L 10/28/2024 - 16:41:18: [testprecache.amxx] /hl2/cscanner/scanner_blip1.wav
L 10/28/2024 - 16:41:20: -------- Mapchange to boot_camp --------
L 10/28/2024 - 16:41:20: [testprecache.amxx] precaching file
L 10/28/2024 - 16:41:20: [testprecache.amxx] items/smallmedkit1.wav
L 10/28/2024 - 16:41:20: [testprecache.amxx] precaching file
L 10/28/2024 - 16:41:20: [testprecache.amxx] player/pl_wade1.wav
L 10/28/2024 - 16:41:20: [testprecache.amxx] precaching file
L 10/28/2024 - 16:41:20: [testprecache.amxx] player/pl_wade2.wav
L 10/28/2024 - 16:41:20: [testprecache.amxx] precaching file
L 10/28/2024 - 16:41:20: [testprecache.amxx] hlcoop/shockroach/shock_idle3.wav
L 10/28/2024 - 16:41:20: [testprecache.amxx] precaching file
L 10/28/2024 - 16:41:20: [testprecache.amxx] hlcoop/shockroach/shock_idle2.wav
L 10/28/2024 - 16:41:20: [testprecache.amxx] precaching file
L 10/28/2024 - 16:41:20: [testprecache.amxx] /hl2/cscanner/scanner_scan_loop2.wav
L 10/28/2024 - 16:41:20: [testprecache.amxx] precaching file
L 10/28/2024 - 16:41:20: [testprecache.amxx] /hl2/cscanner/scanner_photo1.wav
L 10/28/2024 - 16:41:20: [testprecache.amxx] precaching file
L 10/28/2024 - 16:41:20: [testprecache.amxx] /hl2/cscanner/scanner_blip1.wav
L 10/28/2024 - 16:41:20: [testprecache.amxx] precaching file
L 10/28/2024 - 16:41:20: [testprecache.amxx] /hl2/cscanner/scanner_blip1.wav
L 10/28/2024 - 18:01:26: -------- Mapchange to sandbox --------
L 10/28/2024 - 18:01:26: [testprecache.amxx] precaching file
L 10/28/2024 - 18:01:26: [testprecache.amxx] items/smallmedkit1.wav
L 10/28/2024 - 18:01:26: [testprecache.amxx] precaching file
L 10/28/2024 - 18:01:26: [testprecache.amxx] player/pl_wade1.wav
L 10/28/2024 - 18:01:26: [testprecache.amxx] precaching file
L 10/28/2024 - 18:01:26: [testprecache.amxx] player/pl_wade2.wav
L 10/28/2024 - 18:01:26: [testprecache.amxx] precaching file
L 10/28/2024 - 18:01:26: [testprecache.amxx] hlcoop/shockroach/shock_idle3.wav
L 10/28/2024 - 18:01:26: [testprecache.amxx] precaching file
L 10/28/2024 - 18:01:26: [testprecache.amxx] hlcoop/shockroach/shock_idle2.wav
L 10/28/2024 - 18:01:26: [testprecache.amxx] precaching file
L 10/28/2024 - 18:01:26: [testprecache.amxx] /hl2/cscanner/scanner_scan_loop2.wav
L 10/28/2024 - 18:01:26: [testprecache.amxx] precaching file
L 10/28/2024 - 18:01:26: [testprecache.amxx] /hl2/cscanner/scanner_photo1.wav
L 10/28/2024 - 18:01:26: [testprecache.amxx] precaching file
L 10/28/2024 - 18:01:26: [testprecache.amxx] /hl2/cscanner/scanner_blip1.wav
L 10/28/2024 - 18:01:26: [testprecache.amxx] precaching file
L 10/28/2024 - 18:01:26: [testprecache.amxx] /hl2/cscanner/scanner_blip1.wav
L 10/28/2024 - 18:01:26: [galileo.amxx] 
L 10/28/2024 - 18:01:26: [galileo.amxx] The server is jumping to the next map after the current map due more than 1 restarts on the map "boot_camp"
L 10/28/2024 - 18:01:26: [galileo.amxx] 
L 10/28/2024 - 18:01:29: -------- Mapchange to d1_trainstation_02 --------
L 10/28/2024 - 18:01:29: [testprecache.amxx] precaching file
L 10/28/2024 - 18:01:29: [testprecache.amxx] items/smallmedkit1.wav
L 10/28/2024 - 18:01:29: [testprecache.amxx] precaching file
L 10/28/2024 - 18:01:29: [testprecache.amxx] player/pl_wade1.wav
L 10/28/2024 - 18:01:29: [testprecache.amxx] precaching file
L 10/28/2024 - 18:01:29: [testprecache.amxx] player/pl_wade2.wav
L 10/28/2024 - 18:01:29: [testprecache.amxx] precaching file
L 10/28/2024 - 18:01:29: [testprecache.amxx] hlcoop/shockroach/shock_idle3.wav
L 10/28/2024 - 18:01:29: [testprecache.amxx] precaching file
L 10/28/2024 - 18:01:29: [testprecache.amxx] hlcoop/shockroach/shock_idle2.wav
L 10/28/2024 - 18:01:29: [testprecache.amxx] precaching file
L 10/28/2024 - 18:01:29: [testprecache.amxx] /hl2/cscanner/scanner_scan_loop2.wav
L 10/28/2024 - 18:01:29: [testprecache.amxx] precaching file
L 10/28/2024 - 18:01:29: [testprecache.amxx] /hl2/cscanner/scanner_photo1.wav
L 10/28/2024 - 18:01:29: [testprecache.amxx] precaching file
L 10/28/2024 - 18:01:29: [testprecache.amxx] /hl2/cscanner/scanner_blip1.wav
L 10/28/2024 - 18:01:29: [testprecache.amxx] precaching file
L 10/28/2024 - 18:01:29: [testprecache.amxx] /hl2/cscanner/scanner_blip1.wav
L 10/28/2024 - 18:08:48: -------- Mapchange to sandbox --------
L 10/28/2024 - 18:08:48: [testprecache.amxx] precaching file
L 10/28/2024 - 18:08:48: [testprecache.amxx] items/smallmedkit1.wav
L 10/28/2024 - 18:08:48: [testprecache.amxx] precaching file
L 10/28/2024 - 18:08:48: [testprecache.amxx] player/pl_wade1.wav
L 10/28/2024 - 18:08:48: [testprecache.amxx] precaching file
L 10/28/2024 - 18:08:48: [testprecache.amxx] player/pl_wade2.wav
L 10/28/2024 - 18:08:48: [testprecache.amxx] precaching file
L 10/28/2024 - 18:08:48: [testprecache.amxx] hlcoop/shockroach/shock_idle3.wav
L 10/28/2024 - 18:08:48: [testprecache.amxx] precaching file
L 10/28/2024 - 18:08:48: [testprecache.amxx] hlcoop/shockroach/shock_idle2.wav
L 10/28/2024 - 18:08:48: [testprecache.amxx] precaching file
L 10/28/2024 - 18:08:48: [testprecache.amxx] /hl2/cscanner/scanner_scan_loop2.wav
L 10/28/2024 - 18:08:48: [testprecache.amxx] precaching file
L 10/28/2024 - 18:08:48: [testprecache.amxx] /hl2/cscanner/scanner_photo1.wav
L 10/28/2024 - 18:08:48: [testprecache.amxx] precaching file
L 10/28/2024 - 18:08:48: [testprecache.amxx] /hl2/cscanner/scanner_blip1.wav
L 10/28/2024 - 18:08:48: [testprecache.amxx] precaching file
L 10/28/2024 - 18:08:48: [testprecache.amxx] /hl2/cscanner/scanner_blip1.wav
L 10/28/2024 - 18:08:50: -------- Mapchange to d1_trainstation_02 --------
L 10/28/2024 - 18:08:50: [testprecache.amxx] precaching file
L 10/28/2024 - 18:08:50: [testprecache.amxx] items/smallmedkit1.wav
L 10/28/2024 - 18:08:50: [testprecache.amxx] precaching file
L 10/28/2024 - 18:08:50: [testprecache.amxx] player/pl_wade1.wav
L 10/28/2024 - 18:08:50: [testprecache.amxx] precaching file
L 10/28/2024 - 18:08:50: [testprecache.amxx] player/pl_wade2.wav
L 10/28/2024 - 18:08:50: [testprecache.amxx] precaching file
L 10/28/2024 - 18:08:50: [testprecache.amxx] hlcoop/shockroach/shock_idle3.wav
L 10/28/2024 - 18:08:50: [testprecache.amxx] precaching file
L 10/28/2024 - 18:08:50: [testprecache.amxx] hlcoop/shockroach/shock_idle2.wav
L 10/28/2024 - 18:08:50: [testprecache.amxx] precaching file
L 10/28/2024 - 18:08:50: [testprecache.amxx] /hl2/cscanner/scanner_scan_loop2.wav
L 10/28/2024 - 18:08:50: [testprecache.amxx] precaching file
L 10/28/2024 - 18:08:50: [testprecache.amxx] /hl2/cscanner/scanner_photo1.wav
L 10/28/2024 - 18:08:50: [testprecache.amxx] precaching file
L 10/28/2024 - 18:08:50: [testprecache.amxx] /hl2/cscanner/scanner_blip1.wav
L 10/28/2024 - 18:08:50: [testprecache.amxx] precaching file
L 10/28/2024 - 18:08:50: [testprecache.amxx] /hl2/cscanner/scanner_blip1.wav
L 10/28/2024 - 19:20:25: -------- Mapchange to coolrig --------
L 10/28/2024 - 19:20:25: [testprecache.amxx] precaching file
L 10/28/2024 - 19:20:25: [testprecache.amxx] items/smallmedkit1.wav
L 10/28/2024 - 19:20:25: [testprecache.amxx] precaching file
L 10/28/2024 - 19:20:25: [testprecache.amxx] player/pl_wade1.wav
L 10/28/2024 - 19:20:25: [testprecache.amxx] precaching file
L 10/28/2024 - 19:20:25: [testprecache.amxx] player/pl_wade2.wav
L 10/28/2024 - 19:20:25: [testprecache.amxx] precaching file
L 10/28/2024 - 19:20:25: [testprecache.amxx] hlcoop/shockroach/shock_idle3.wav
L 10/28/2024 - 19:20:25: [testprecache.amxx] precaching file
L 10/28/2024 - 19:20:25: [testprecache.amxx] hlcoop/shockroach/shock_idle2.wav
L 10/28/2024 - 19:20:25: [testprecache.amxx] precaching file
L 10/28/2024 - 19:20:25: [testprecache.amxx] /hl2/cscanner/scanner_scan_loop2.wav
L 10/28/2024 - 19:20:25: [testprecache.amxx] precaching file
L 10/28/2024 - 19:20:25: [testprecache.amxx] /hl2/cscanner/scanner_photo1.wav
L 10/28/2024 - 19:20:25: [testprecache.amxx] precaching file
L 10/28/2024 - 19:20:25: [testprecache.amxx] /hl2/cscanner/scanner_blip1.wav
L 10/28/2024 - 19:20:25: [testprecache.amxx] precaching file
L 10/28/2024 - 19:20:25: [testprecache.amxx] /hl2/cscanner/scanner_blip1.wav
L 10/28/2024 - 19:25:48: -------- Mapchange to crossfireXL --------
L 10/28/2024 - 19:25:48: [testprecache.amxx] precaching file
L 10/28/2024 - 19:25:48: [testprecache.amxx] items/smallmedkit1.wav
L 10/28/2024 - 19:25:48: [testprecache.amxx] precaching file
L 10/28/2024 - 19:25:48: [testprecache.amxx] player/pl_wade1.wav
L 10/28/2024 - 19:25:48: [testprecache.amxx] precaching file
L 10/28/2024 - 19:25:48: [testprecache.amxx] player/pl_wade2.wav
L 10/28/2024 - 19:25:48: [testprecache.amxx] precaching file
L 10/28/2024 - 19:25:48: [testprecache.amxx] hlcoop/shockroach/shock_idle3.wav
L 10/28/2024 - 19:25:48: [testprecache.amxx] precaching file
L 10/28/2024 - 19:25:48: [testprecache.amxx] hlcoop/shockroach/shock_idle2.wav
L 10/28/2024 - 19:25:48: [testprecache.amxx] precaching file
L 10/28/2024 - 19:25:48: [testprecache.amxx] /hl2/cscanner/scanner_scan_loop2.wav
L 10/28/2024 - 19:25:48: [testprecache.amxx] precaching file
L 10/28/2024 - 19:25:48: [testprecache.amxx] /hl2/cscanner/scanner_photo1.wav
L 10/28/2024 - 19:25:48: [testprecache.amxx] precaching file
L 10/28/2024 - 19:25:48: [testprecache.amxx] /hl2/cscanner/scanner_blip1.wav
L 10/28/2024 - 19:25:48: [testprecache.amxx] precaching file
L 10/28/2024 - 19:25:48: [testprecache.amxx] /hl2/cscanner/scanner_blip1.wav
L 10/28/2024 - 20:12:02: -------- Mapchange to d1_trainstation_02 --------
L 10/28/2024 - 20:12:02: [testprecache.amxx] precaching file
L 10/28/2024 - 20:12:02: [testprecache.amxx] items/smallmedkit1.wav
L 10/28/2024 - 20:12:02: [testprecache.amxx] precaching file
L 10/28/2024 - 20:12:02: [testprecache.amxx] player/pl_wade1.wav
L 10/28/2024 - 20:12:02: [testprecache.amxx] precaching file
L 10/28/2024 - 20:12:02: [testprecache.amxx] player/pl_wade2.wav
L 10/28/2024 - 20:12:02: [testprecache.amxx] precaching file
L 10/28/2024 - 20:12:02: [testprecache.amxx] hlcoop/shockroach/shock_idle3.wav
L 10/28/2024 - 20:12:02: [testprecache.amxx] precaching file
L 10/28/2024 - 20:12:02: [testprecache.amxx] hlcoop/shockroach/shock_idle2.wav
L 10/28/2024 - 20:12:02: [testprecache.amxx] precaching file
L 10/28/2024 - 20:12:02: [testprecache.amxx] /hl2/cscanner/scanner_scan_loop2.wav
L 10/28/2024 - 20:12:02: [testprecache.amxx] precaching file
L 10/28/2024 - 20:12:02: [testprecache.amxx] /hl2/cscanner/scanner_photo1.wav
L 10/28/2024 - 20:12:02: [testprecache.amxx] precaching file
L 10/28/2024 - 20:12:02: [testprecache.amxx] /hl2/cscanner/scanner_blip1.wav
L 10/28/2024 - 20:12:02: [testprecache.amxx] precaching file
L 10/28/2024 - 20:12:02: [testprecache.amxx] /hl2/cscanner/scanner_blip1.wav
L 10/28/2024 - 20:33:24: -------- Mapchange to sandbox --------
L 10/28/2024 - 20:33:24: [testprecache.amxx] precaching file
L 10/28/2024 - 20:33:24: [testprecache.amxx] items/smallmedkit1.wav
L 10/28/2024 - 20:33:24: [testprecache.amxx] precaching file
L 10/28/2024 - 20:33:24: [testprecache.amxx] player/pl_wade1.wav
L 10/28/2024 - 20:33:24: [testprecache.amxx] precaching file
L 10/28/2024 - 20:33:24: [testprecache.amxx] player/pl_wade2.wav
L 10/28/2024 - 20:33:24: [testprecache.amxx] precaching file
L 10/28/2024 - 20:33:24: [testprecache.amxx] hlcoop/shockroach/shock_idle3.wav
L 10/28/2024 - 20:33:24: [testprecache.amxx] precaching file
L 10/28/2024 - 20:33:24: [testprecache.amxx] hlcoop/shockroach/shock_idle2.wav
L 10/28/2024 - 20:33:24: [testprecache.amxx] precaching file
L 10/28/2024 - 20:33:24: [testprecache.amxx] /hl2/cscanner/scanner_scan_loop2.wav
L 10/28/2024 - 20:33:24: [testprecache.amxx] precaching file
L 10/28/2024 - 20:33:24: [testprecache.amxx] /hl2/cscanner/scanner_photo1.wav
L 10/28/2024 - 20:33:24: [testprecache.amxx] precaching file
L 10/28/2024 - 20:33:24: [testprecache.amxx] /hl2/cscanner/scanner_blip1.wav
L 10/28/2024 - 20:33:24: [testprecache.amxx] precaching file
L 10/28/2024 - 20:33:24: [testprecache.amxx] /hl2/cscanner/scanner_blip1.wav
L 10/28/2024 - 20:33:26: -------- Mapchange to d1_trainstation_02 --------
L 10/28/2024 - 20:33:27: [testprecache.amxx] precaching file
L 10/28/2024 - 20:33:27: [testprecache.amxx] items/smallmedkit1.wav
L 10/28/2024 - 20:33:27: [testprecache.amxx] precaching file
L 10/28/2024 - 20:33:27: [testprecache.amxx] player/pl_wade1.wav
L 10/28/2024 - 20:33:27: [testprecache.amxx] precaching file
L 10/28/2024 - 20:33:27: [testprecache.amxx] player/pl_wade2.wav
L 10/28/2024 - 20:33:27: [testprecache.amxx] precaching file
L 10/28/2024 - 20:33:27: [testprecache.amxx] hlcoop/shockroach/shock_idle3.wav
L 10/28/2024 - 20:33:27: [testprecache.amxx] precaching file
L 10/28/2024 - 20:33:27: [testprecache.amxx] hlcoop/shockroach/shock_idle2.wav
L 10/28/2024 - 20:33:27: [testprecache.amxx] precaching file
L 10/28/2024 - 20:33:27: [testprecache.amxx] /hl2/cscanner/scanner_scan_loop2.wav
L 10/28/2024 - 20:33:27: [testprecache.amxx] precaching file
L 10/28/2024 - 20:33:27: [testprecache.amxx] /hl2/cscanner/scanner_photo1.wav
L 10/28/2024 - 20:33:27: [testprecache.amxx] precaching file
L 10/28/2024 - 20:33:27: [testprecache.amxx] /hl2/cscanner/scanner_blip1.wav
L 10/28/2024 - 20:33:27: [testprecache.amxx] precaching file
L 10/28/2024 - 20:33:27: [testprecache.amxx] /hl2/cscanner/scanner_blip1.wav
L 10/28/2024 - 20:34:34: -------- Mapchange to coolrig --------
L 10/28/2024 - 20:34:34: [testprecache.amxx] precaching file
L 10/28/2024 - 20:34:34: [testprecache.amxx] items/smallmedkit1.wav
L 10/28/2024 - 20:34:34: [testprecache.amxx] precaching file
L 10/28/2024 - 20:34:34: [testprecache.amxx] player/pl_wade1.wav
L 10/28/2024 - 20:34:34: [testprecache.amxx] precaching file
L 10/28/2024 - 20:34:34: [testprecache.amxx] player/pl_wade2.wav
L 10/28/2024 - 20:34:34: [testprecache.amxx] precaching file
L 10/28/2024 - 20:34:34: [testprecache.amxx] hlcoop/shockroach/shock_idle3.wav
L 10/28/2024 - 20:34:34: [testprecache.amxx] precaching file
L 10/28/2024 - 20:34:34: [testprecache.amxx] hlcoop/shockroach/shock_idle2.wav
L 10/28/2024 - 20:34:34: [testprecache.amxx] precaching file
L 10/28/2024 - 20:34:34: [testprecache.amxx] /hl2/cscanner/scanner_scan_loop2.wav
L 10/28/2024 - 20:34:34: [testprecache.amxx] precaching file
L 10/28/2024 - 20:34:34: [testprecache.amxx] /hl2/cscanner/scanner_photo1.wav
L 10/28/2024 - 20:34:34: [testprecache.amxx] precaching file
L 10/28/2024 - 20:34:34: [testprecache.amxx] /hl2/cscanner/scanner_blip1.wav
L 10/28/2024 - 20:34:34: [testprecache.amxx] precaching file
L 10/28/2024 - 20:34:34: [testprecache.amxx] /hl2/cscanner/scanner_blip1.wav
L 10/28/2024 - 20:37:52: -------- Mapchange to sandbox --------
L 10/28/2024 - 20:37:52: [testprecache.amxx] precaching file
L 10/28/2024 - 20:37:52: [testprecache.amxx] items/smallmedkit1.wav
L 10/28/2024 - 20:37:52: [testprecache.amxx] precaching file
L 10/28/2024 - 20:37:52: [testprecache.amxx] player/pl_wade1.wav
L 10/28/2024 - 20:37:52: [testprecache.amxx] precaching file
L 10/28/2024 - 20:37:52: [testprecache.amxx] player/pl_wade2.wav
L 10/28/2024 - 20:37:52: [testprecache.amxx] precaching file
L 10/28/2024 - 20:37:52: [testprecache.amxx] hlcoop/shockroach/shock_idle3.wav
L 10/28/2024 - 20:37:52: [testprecache.amxx] precaching file
L 10/28/2024 - 20:37:52: [testprecache.amxx] hlcoop/shockroach/shock_idle2.wav
L 10/28/2024 - 20:37:52: [testprecache.amxx] precaching file
L 10/28/2024 - 20:37:52: [testprecache.amxx] /hl2/cscanner/scanner_scan_loop2.wav
L 10/28/2024 - 20:37:52: [testprecache.amxx] precaching file
L 10/28/2024 - 20:37:52: [testprecache.amxx] /hl2/cscanner/scanner_photo1.wav
L 10/28/2024 - 20:37:52: [testprecache.amxx] precaching file
L 10/28/2024 - 20:37:52: [testprecache.amxx] /hl2/cscanner/scanner_blip1.wav
L 10/28/2024 - 20:37:52: [testprecache.amxx] precaching file
L 10/28/2024 - 20:37:52: [testprecache.amxx] /hl2/cscanner/scanner_blip1.wav
L 10/28/2024 - 20:37:55: -------- Mapchange to coolrig --------
L 10/28/2024 - 20:37:55: [testprecache.amxx] precaching file
L 10/28/2024 - 20:37:55: [testprecache.amxx] items/smallmedkit1.wav
L 10/28/2024 - 20:37:55: [testprecache.amxx] precaching file
L 10/28/2024 - 20:37:55: [testprecache.amxx] player/pl_wade1.wav
L 10/28/2024 - 20:37:55: [testprecache.amxx] precaching file
L 10/28/2024 - 20:37:55: [testprecache.amxx] player/pl_wade2.wav
L 10/28/2024 - 20:37:55: [testprecache.amxx] precaching file
L 10/28/2024 - 20:37:55: [testprecache.amxx] hlcoop/shockroach/shock_idle3.wav
L 10/28/2024 - 20:37:55: [testprecache.amxx] precaching file
L 10/28/2024 - 20:37:55: [testprecache.amxx] hlcoop/shockroach/shock_idle2.wav
L 10/28/2024 - 20:37:55: [testprecache.amxx] precaching file
L 10/28/2024 - 20:37:55: [testprecache.amxx] /hl2/cscanner/scanner_scan_loop2.wav
L 10/28/2024 - 20:37:55: [testprecache.amxx] precaching file
L 10/28/2024 - 20:37:55: [testprecache.amxx] /hl2/cscanner/scanner_photo1.wav
L 10/28/2024 - 20:37:55: [testprecache.amxx] precaching file
L 10/28/2024 - 20:37:55: [testprecache.amxx] /hl2/cscanner/scanner_blip1.wav
L 10/28/2024 - 20:37:55: [testprecache.amxx] precaching file
L 10/28/2024 - 20:37:55: [testprecache.amxx] /hl2/cscanner/scanner_blip1.wav
L 10/28/2024 - 20:39:07: -------- Mapchange to d1_trainstation_02 --------
L 10/28/2024 - 20:39:07: [testprecache.amxx] precaching file
L 10/28/2024 - 20:39:07: [testprecache.amxx] items/smallmedkit1.wav
L 10/28/2024 - 20:39:07: [testprecache.amxx] precaching file
L 10/28/2024 - 20:39:07: [testprecache.amxx] player/pl_wade1.wav
L 10/28/2024 - 20:39:07: [testprecache.amxx] precaching file
L 10/28/2024 - 20:39:07: [testprecache.amxx] player/pl_wade2.wav
L 10/28/2024 - 20:39:07: [testprecache.amxx] precaching file
L 10/28/2024 - 20:39:07: [testprecache.amxx] hlcoop/shockroach/shock_idle3.wav
L 10/28/2024 - 20:39:07: [testprecache.amxx] precaching file
L 10/28/2024 - 20:39:07: [testprecache.amxx] hlcoop/shockroach/shock_idle2.wav
L 10/28/2024 - 20:39:07: [testprecache.amxx] precaching file
L 10/28/2024 - 20:39:07: [testprecache.amxx] /hl2/cscanner/scanner_scan_loop2.wav
L 10/28/2024 - 20:39:07: [testprecache.amxx] precaching file
L 10/28/2024 - 20:39:07: [testprecache.amxx] /hl2/cscanner/scanner_photo1.wav
L 10/28/2024 - 20:39:07: [testprecache.amxx] precaching file
L 10/28/2024 - 20:39:07: [testprecache.amxx] /hl2/cscanner/scanner_blip1.wav
L 10/28/2024 - 20:39:07: [testprecache.amxx] precaching file
L 10/28/2024 - 20:39:07: [testprecache.amxx] /hl2/cscanner/scanner_blip1.wav
L 10/28/2024 - 20:40:00: -------- Mapchange to sandbox --------
L 10/28/2024 - 20:40:00: [testprecache.amxx] precaching file
L 10/28/2024 - 20:40:00: [testprecache.amxx] items/smallmedkit1.wav
L 10/28/2024 - 20:40:00: [testprecache.amxx] precaching file
L 10/28/2024 - 20:40:00: [testprecache.amxx] player/pl_wade1.wav
L 10/28/2024 - 20:40:00: [testprecache.amxx] precaching file
L 10/28/2024 - 20:40:00: [testprecache.amxx] player/pl_wade2.wav
L 10/28/2024 - 20:40:00: [testprecache.amxx] precaching file
L 10/28/2024 - 20:40:00: [testprecache.amxx] hlcoop/shockroach/shock_idle3.wav
L 10/28/2024 - 20:40:00: [testprecache.amxx] precaching file
L 10/28/2024 - 20:40:00: [testprecache.amxx] hlcoop/shockroach/shock_idle2.wav
L 10/28/2024 - 20:40:00: [testprecache.amxx] precaching file
L 10/28/2024 - 20:40:00: [testprecache.amxx] /hl2/cscanner/scanner_scan_loop2.wav
L 10/28/2024 - 20:40:00: [testprecache.amxx] precaching file
L 10/28/2024 - 20:40:00: [testprecache.amxx] /hl2/cscanner/scanner_photo1.wav
L 10/28/2024 - 20:40:00: [testprecache.amxx] precaching file
L 10/28/2024 - 20:40:00: [testprecache.amxx] /hl2/cscanner/scanner_blip1.wav
L 10/28/2024 - 20:40:00: [testprecache.amxx] precaching file
L 10/28/2024 - 20:40:00: [testprecache.amxx] /hl2/cscanner/scanner_blip1.wav
L 10/28/2024 - 20:40:02: -------- Mapchange to d1_trainstation_02 --------
L 10/28/2024 - 20:40:02: [testprecache.amxx] precaching file
L 10/28/2024 - 20:40:02: [testprecache.amxx] items/smallmedkit1.wav
L 10/28/2024 - 20:40:02: [testprecache.amxx] precaching file
L 10/28/2024 - 20:40:02: [testprecache.amxx] player/pl_wade1.wav
L 10/28/2024 - 20:40:02: [testprecache.amxx] precaching file
L 10/28/2024 - 20:40:02: [testprecache.amxx] player/pl_wade2.wav
L 10/28/2024 - 20:40:02: [testprecache.amxx] precaching file
L 10/28/2024 - 20:40:02: [testprecache.amxx] hlcoop/shockroach/shock_idle3.wav
L 10/28/2024 - 20:40:02: [testprecache.amxx] precaching file
L 10/28/2024 - 20:40:02: [testprecache.amxx] hlcoop/shockroach/shock_idle2.wav
L 10/28/2024 - 20:40:02: [testprecache.amxx] precaching file
L 10/28/2024 - 20:40:02: [testprecache.amxx] /hl2/cscanner/scanner_scan_loop2.wav
L 10/28/2024 - 20:40:02: [testprecache.amxx] precaching file
L 10/28/2024 - 20:40:02: [testprecache.amxx] /hl2/cscanner/scanner_photo1.wav
L 10/28/2024 - 20:40:02: [testprecache.amxx] precaching file
L 10/28/2024 - 20:40:02: [testprecache.amxx] /hl2/cscanner/scanner_blip1.wav
L 10/28/2024 - 20:40:02: [testprecache.amxx] precaching file
L 10/28/2024 - 20:40:02: [testprecache.amxx] /hl2/cscanner/scanner_blip1.wav
L 10/28/2024 - 20:41:19: -------- Mapchange to sandbox --------
L 10/28/2024 - 20:41:19: [testprecache.amxx] precaching file
L 10/28/2024 - 20:41:19: [testprecache.amxx] items/smallmedkit1.wav
L 10/28/2024 - 20:41:19: [testprecache.amxx] precaching file
L 10/28/2024 - 20:41:19: [testprecache.amxx] player/pl_wade1.wav
L 10/28/2024 - 20:41:19: [testprecache.amxx] precaching file
L 10/28/2024 - 20:41:19: [testprecache.amxx] player/pl_wade2.wav
L 10/28/2024 - 20:41:19: [testprecache.amxx] precaching file
L 10/28/2024 - 20:41:19: [testprecache.amxx] hlcoop/shockroach/shock_idle3.wav
L 10/28/2024 - 20:41:19: [testprecache.amxx] precaching file
L 10/28/2024 - 20:41:19: [testprecache.amxx] hlcoop/shockroach/shock_idle2.wav
L 10/28/2024 - 20:41:19: [testprecache.amxx] precaching file
L 10/28/2024 - 20:41:19: [testprecache.amxx] /hl2/cscanner/scanner_scan_loop2.wav
L 10/28/2024 - 20:41:19: [testprecache.amxx] precaching file
L 10/28/2024 - 20:41:19: [testprecache.amxx] /hl2/cscanner/scanner_photo1.wav
L 10/28/2024 - 20:41:19: [testprecache.amxx] precaching file
L 10/28/2024 - 20:41:19: [testprecache.amxx] /hl2/cscanner/scanner_blip1.wav
L 10/28/2024 - 20:41:19: [testprecache.amxx] precaching file
L 10/28/2024 - 20:41:19: [testprecache.amxx] /hl2/cscanner/scanner_blip1.wav
L 10/28/2024 - 20:41:22: -------- Mapchange to d1_trainstation_02 --------
L 10/28/2024 - 20:41:22: [testprecache.amxx] precaching file
L 10/28/2024 - 20:41:22: [testprecache.amxx] items/smallmedkit1.wav
L 10/28/2024 - 20:41:22: [testprecache.amxx] precaching file
L 10/28/2024 - 20:41:22: [testprecache.amxx] player/pl_wade1.wav
L 10/28/2024 - 20:41:22: [testprecache.amxx] precaching file
L 10/28/2024 - 20:41:22: [testprecache.amxx] player/pl_wade2.wav
L 10/28/2024 - 20:41:22: [testprecache.amxx] precaching file
L 10/28/2024 - 20:41:22: [testprecache.amxx] hlcoop/shockroach/shock_idle3.wav
L 10/28/2024 - 20:41:22: [testprecache.amxx] precaching file
L 10/28/2024 - 20:41:22: [testprecache.amxx] hlcoop/shockroach/shock_idle2.wav
L 10/28/2024 - 20:41:22: [testprecache.amxx] precaching file
L 10/28/2024 - 20:41:22: [testprecache.amxx] /hl2/cscanner/scanner_scan_loop2.wav
L 10/28/2024 - 20:41:22: [testprecache.amxx] precaching file
L 10/28/2024 - 20:41:22: [testprecache.amxx] /hl2/cscanner/scanner_photo1.wav
L 10/28/2024 - 20:41:22: [testprecache.amxx] precaching file
L 10/28/2024 - 20:41:22: [testprecache.amxx] /hl2/cscanner/scanner_blip1.wav
L 10/28/2024 - 20:41:22: [testprecache.amxx] precaching file
L 10/28/2024 - 20:41:22: [testprecache.amxx] /hl2/cscanner/scanner_blip1.wav
L 10/28/2024 - 20:41:51: -------- Mapchange to d1_town_01 --------
L 10/28/2024 - 20:41:51: [testprecache.amxx] precaching file
L 10/28/2024 - 20:41:51: [testprecache.amxx] items/smallmedkit1.wav
L 10/28/2024 - 20:41:51: [testprecache.amxx] precaching file
L 10/28/2024 - 20:41:51: [testprecache.amxx] player/pl_wade1.wav
L 10/28/2024 - 20:41:51: [testprecache.amxx] precaching file
L 10/28/2024 - 20:41:51: [testprecache.amxx] player/pl_wade2.wav
L 10/28/2024 - 20:41:51: [testprecache.amxx] precaching file
L 10/28/2024 - 20:41:51: [testprecache.amxx] hlcoop/shockroach/shock_idle3.wav
L 10/28/2024 - 20:41:51: [testprecache.amxx] precaching file
L 10/28/2024 - 20:41:51: [testprecache.amxx] hlcoop/shockroach/shock_idle2.wav
L 10/28/2024 - 20:41:51: [testprecache.amxx] precaching file
L 10/28/2024 - 20:41:51: [testprecache.amxx] /hl2/cscanner/scanner_scan_loop2.wav
L 10/28/2024 - 20:41:51: [testprecache.amxx] precaching file
L 10/28/2024 - 20:41:51: [testprecache.amxx] /hl2/cscanner/scanner_photo1.wav
L 10/28/2024 - 20:41:51: [testprecache.amxx] precaching file
L 10/28/2024 - 20:41:51: [testprecache.amxx] /hl2/cscanner/scanner_blip1.wav
L 10/28/2024 - 20:41:51: [testprecache.amxx] precaching file
L 10/28/2024 - 20:41:51: [testprecache.amxx] /hl2/cscanner/scanner_blip1.wav
